	0	1	0	0	0	0	0	0	0	0	0	1	0	0	0	0	0	0	0	0	0	0	0	0	0	0	0	1	0	0	0	0	0	0	0	0	0	0	0	0	1	0	0	1	0	0	0	0	0	0	0	0	1	0	0	0	0	0	0	0	0	0	0	0	0	0	0	2	0	0	0	1	0	0	0	0	0	0	0	0	0	0	0	0	0	0	0	0	0	0	0	0	0	1	0	0	0	0	0	0
	1	1	0	0	0	0	0	0	0	0	0	1	1	0	0	0	1	0	0	0	0	0	0	0	0	0	0	1	0	0	0	0	1	0	0	0	0	0	0	0	1	1	1	1	0	0	0	0	0	0	0	0	1	0	0	0	1	1	0	0	0	1	0	0	0	0	0	2	0	0	0	1	0	0	0	0	0	0	0	0	0	0	0	1	0	0	0	0	0	0	0	0	0	1	0	0	0	0	0	0
	1	1	0	1	0	0	1	0	0	0	1	1	1	0	0	0	1	0	0	0	0	0	1	0	0	0	0	1	0	0	0	1	1	0	0	0	0	0	0	0	1	1	1	1	0	0	1	1	0	0	1	1	1	0	0	0	1	1	0	0	0	1	0	0	0	0	0	2	0	0	0	1	1	0	0	0	0	0	0	0	0	0	0	1	0	0	0	0	0	0	0	0	0	1	0	0	0	0	0	0
	1	1	0	1	1	1	1	0	0	0	1	2	1	0	0	0	1	0	0	0	1	1	1	0	0	0	0	1	0	0	0	1	1	0	0	1	1	0	0	0	1	1	1	1	0	0	1	1	0	0	1	1	2	0	0	0	1	1	0	0	1	1	1	0	0	0	0	2	0	0	0	1	1	0	0	0	0	0	0	0	0	0	0	1	0	0	0	0	0	0	0	0	0	1	0	0	0	0	0	0
	1	1	0	1	1	1	1	0	0	0	2	2	2	1	1	0	1	0	0	0	1	1	1	0	0	1	1	1	0	0	1	1	1	0	0	1	1	0	0	0	1	1	1	1	0	0	1	1	0	0	1	1	2	1	0	0	1	1	0	0	1	1	1	1	0	0	0	2	0	0	1	1	1	0	0	0	0	0	0	0	0	0	0	1	0	0	0	0	0	0	0	0	0	1	0	0	0	0	0	0
	1	1	1	1	1	1	1	0	0	0	2	3	2	1	1	1	1	0	0	0	1	1	1	1	1	1	1	2	0	0	1	1	1	0	0	1	1	0	0	0	2	1	1	1	0	0	1	1	0	0	1	1	2	1	1	0	1	1	0	0	1	1	1	1	1	0	0	2	0	0	1	1	1	0	0	0	0	0	0	0	1	0	0	1	0	0	0	0	0	0	0	0	0	1	0	0	0	0	0	0
	1	2	1	2	1	1	1	0	0	0	2	3	2	1	1	1	1	1	0	0	1	1	1	1	1	1	2	2	0	0	1	1	1	1	1	1	1	0	0	0	2	1	1	1	0	1	1	1	0	0	2	1	2	1	1	0	1	1	0	0	1	1	1	1	1	1	0	2	0	0	1	1	1	0	0	0	0	0	0	0	1	0	0	1	0	0	0	0	0	0	1	0	0	1	0	0	0	0	0	0
	2	2	1	2	2	1	1	0	1	0	2	3	2	1	1	1	1	1	0	0	1	1	1	1	1	1	2	3	0	0	1	1	1	1	1	2	1	0	0	0	2	1	1	1	1	1	2	1	0	0	2	1	2	1	1	1	1	1	0	0	2	1	1	1	1	1	0	2	0	0	1	1	1	0	0	0	0	0	0	0	1	0	0	1	0	0	0	0	0	0	1	1	0	1	0	0	0	0	0	0
	2	2	1	2	2	2	1	0	1	1	3	3	2	1	1	1	1	2	0	0	1	1	1	1	1	1	2	3	0	0	1	1	1	1	1	2	2	0	0	0	2	1	1	1	1	2	2	1	0	0	2	1	2	1	1	1	2	1	0	0	2	2	1	1	1	1	1	2	0	0	1	1	1	0	0	0	0	0	0	0	1	0	1	1	0	0	0	0	0	0	1	1	0	1	0	0	0	0	0	0
	2	2	1	2	2	2	1	0	2	1	3	3	2	1	2	1	1	2	1	0	2	1	1	1	1	1	2	3	0	0	1	1	1	1	1	2	2	1	0	0	2	1	1	1	1	2	2	1	0	0	2	1	2	1	2	1	2	1	0	0	2	2	2	1	1	1	1	3	0	0	1	1	2	0	0	1	0	0	0	0	1	0	1	1	0	0	0	0	0	0	1	1	0	1	0	0	0	0	0	0
	2	2	1	2	2	2	1	1	2	1	3	3	2	1	2	1	1	2	1	1	2	1	1	1	2	1	2	3	1	0	2	1	1	1	1	2	2	1	0	0	2	1	1	1	1	2	2	1	0	0	2	1	3	2	2	1	2	1	0	0	2	2	2	2	1	1	1	3	1	0	1	1	2	0	1	1	0	0	0	0	1	0	1	1	0	0	0	0	0	0	1	1	0	1	0	0	0	0	0	0
	2	2	1	2	2	2	1	1	2	1	3	3	2	1	2	1	2	3	1	1	2	1	1	2	2	1	2	3	1	1	2	1	1	1	1	2	2	1	0	0	3	1	1	2	2	2	2	1	0	0	2	1	3	2	2	1	2	1	1	0	2	2	2	2	2	1	1	3	1	0	1	1	2	0	1	1	0	0	0	0	1	0	1	1	1	0	0	0	0	0	1	1	0	1	0	0	0	0	0	0
	2	2	1	2	2	2	1	1	2	1	3	3	2	1	2	2	2	3	1	1	2	1	2	2	2	1	2	4	1	1	2	1	1	2	1	2	2	1	1	0	3	1	2	2	2	2	2	1	1	0	3	1	3	2	2	1	2	1	1	0	2	2	2	2	2	1	1	3	1	0	1	1	2	1	1	1	0	0	0	0	1	0	1	1	1	1	0	0	0	0	1	1	0	1	0	0	0	0	0	0
	2	2	1	2	2	2	2	1	2	1	3	3	2	1	2	2	2	3	1	1	2	1	2	3	2	1	3	4	2	1	2	2	2	2	1	2	2	1	1	0	3	1	2	2	2	2	2	1	1	1	3	1	3	2	2	1	2	1	1	0	3	2	2	2	2	1	1	3	1	0	1	1	2	1	1	1	0	0	0	0	1	0	1	2	1	1	1	0	0	0	1	1	0	1	0	0	0	0	0	0
	2	2	1	2	2	3	2	1	2	1	3	3	2	1	2	3	2	3	1	1	2	1	3	3	2	1	3	4	2	1	2	2	2	2	1	2	2	2	1	1	3	2	2	3	2	2	2	1	1	1	3	1	3	2	2	1	2	1	1	0	3	3	2	2	2	1	1	3	1	0	1	1	2	1	1	1	0	0	0	0	1	0	1	2	1	1	1	1	0	0	1	1	1	1	0	0	0	0	0	0
	2	2	1	2	3	3	2	1	2	1	3	3	2	1	3	3	2	3	1	1	2	1	3	3	2	1	3	4	2	2	2	3	2	2	1	2	2	2	1	1	3	2	2	3	2	2	2	2	1	1	3	2	3	3	2	1	2	1	1	0	3	3	3	2	2	1	1	3	1	0	1	1	2	1	1	1	0	1	0	0	1	0	1	2	1	1	1	1	0	0	1	2	1	1	0	0	0	0	0	0
	2	2	1	3	3	3	2	1	2	1	3	3	2	2	3	3	2	3	1	1	2	1	3	3	2	1	3	4	3	2	2	3	2	2	1	2	2	2	1	1	3	3	2	3	2	2	2	2	1	1	3	2	4	3	2	1	2	2	1	0	3	3	3	2	3	1	1	3	2	0	1	2	2	1	1	1	0	1	0	0	1	0	1	2	1	1	1	1	0	0	2	2	1	1	0	0	0	0	0	0
	2	2	2	3	3	3	2	1	2	1	3	3	3	2	3	3	2	3	1	1	2	1	3	3	2	1	3	4	3	2	2	3	2	2	1	2	2	3	1	1	3	3	2	3	2	2	2	2	1	1	3	3	4	4	2	1	3	2	1	0	3	3	3	2	3	2	1	3	2	1	2	2	2	1	1	1	0	1	0	0	1	1	1	2	1	1	1	1	0	0	2	2	1	1	0	0	0	0	0	0
	2	3	2	3	3	3	2	1	2	1	3	3	3	2	3	3	2	3	1	1	2	1	4	3	2	1	3	4	3	2	2	3	2	2	1	2	2	3	1	1	3	3	2	4	2	2	3	3	1	1	4	3	4	4	3	1	3	2	1	1	4	3	3	2	3	2	1	3	2	1	2	2	2	1	1	1	0	1	0	0	2	1	1	2	1	1	1	1	0	0	2	2	1	1	0	0	0	0	0	0
	3	3	2	3	3	3	2	1	2	1	3	3	3	2	3	3	2	3	1	1	2	1	4	3	2	1	3	4	3	2	2	4	3	2	1	2	3	3	1	1	4	3	2	4	3	2	3	3	2	2	4	3	4	4	3	1	3	2	1	1	4	4	3	2	3	2	1	3	2	1	2	2	2	1	1	1	0	1	0	0	2	1	1	2	1	1	1	1	0	0	3	2	1	1	0	0	0	0	0	0
	3	3	2	3	3	3	2	1	2	1	4	3	3	2	3	3	2	3	1	1	2	2	4	4	2	1	4	4	3	2	3	4	3	2	2	2	3	3	2	1	4	3	2	4	3	2	3	3	2	2	4	4	4	4	3	1	3	2	2	1	4	4	3	2	3	2	1	3	2	1	2	2	2	1	1	1	0	1	0	0	2	1	1	2	1	1	1	1	0	0	3	3	1	1	0	0	0	0	0	0
	3	3	2	3	3	3	2	1	2	1	4	4	3	2	3	3	3	3	1	1	3	2	5	4	3	1	4	4	3	2	3	4	3	2	2	3	3	3	2	2	4	3	3	4	3	2	3	3	2	2	4	4	4	4	3	1	3	2	2	1	4	4	3	2	3	2	1	3	3	1	2	2	2	1	1	1	0	1	0	0	2	1	2	2	1	1	1	1	0	0	3	3	1	1	0	0	0	0	0	0
	3	3	2	3	3	3	2	2	2	1	5	4	4	2	3	3	3	3	1	1	3	2	5	5	3	2	4	4	3	3	3	4	4	2	2	3	3	3	2	2	4	3	3	4	3	2	4	3	2	2	4	4	4	4	3	1	3	2	2	1	4	4	3	2	3	2	1	3	3	1	2	2	3	1	1	1	0	1	1	0	2	1	2	2	1	1	1	1	0	0	3	3	1	1	0	0	0	0	0	0
	3	3	2	3	3	3	3	2	2	1	5	5	4	3	3	3	3	3	2	1	3	2	5	5	4	2	4	4	3	3	3	4	4	3	3	3	3	3	2	2	4	3	3	4	3	2	4	4	2	2	4	4	4	4	3	1	3	2	2	1	4	4	3	3	3	2	1	3	3	1	2	2	3	1	1	1	0	1	1	1	2	1	2	2	1	1	1	1	0	0	3	3	1	1	0	0	0	0	0	0
	3	4	2	3	3	4	3	2	2	1	5	5	4	3	4	3	3	4	2	1	3	2	5	5	4	3	4	4	3	3	3	4	4	3	3	4	4	3	2	2	4	3	3	4	4	2	4	4	2	2	4	4	4	5	3	1	3	2	2	1	4	4	3	3	3	2	1	3	3	1	2	2	3	1	1	1	0	1	1	1	2	1	2	2	1	1	1	1	0	1	3	3	1	1	0	0	0	0	0	0
	4	4	2	3	4	4	3	3	2	1	5	5	4	3	4	4	3	4	2	1	3	2	5	5	4	3	5	4	3	3	3	4	4	3	4	4	4	3	2	2	4	3	3	4	4	3	5	4	2	2	4	4	5	5	3	1	3	2	2	1	4	4	3	3	3	2	1	3	3	1	2	2	3	1	1	1	0	1	1	1	2	1	2	2	1	1	1	1	1	1	3	3	1	1	0	0	0	0	0	0
	4	4	2	4	4	4	4	3	2	1	6	5	4	3	4	4	4	4	2	1	3	2	5	5	4	3	5	5	3	3	3	4	4	4	4	4	4	3	2	2	4	3	3	4	4	3	5	4	2	2	4	4	5	5	3	2	4	2	2	1	4	4	4	3	3	2	1	3	3	1	2	2	3	1	1	1	0	1	1	1	2	1	2	2	1	1	1	1	1	1	3	3	1	1	0	0	0	1	0	0
	4	4	3	4	4	5	4	3	2	1	6	5	4	3	4	4	4	5	2	1	3	3	5	5	4	3	5	5	4	3	3	4	4	4	4	4	4	3	2	2	4	3	3	5	4	3	5	4	2	2	4	4	5	5	3	2	4	3	2	1	4	4	4	3	3	2	2	3	3	1	2	3	3	1	1	1	0	1	1	1	2	1	2	2	1	1	1	1	1	1	3	3	1	1	0	0	1	1	0	0
	4	5	3	4	5	5	4	3	3	1	6	5	4	3	4	4	4	5	2	1	3	3	6	5	4	3	5	6	4	3	3	4	4	4	4	4	4	3	2	2	4	3	3	5	4	3	5	4	3	2	4	4	6	5	3	2	4	3	2	1	4	4	4	3	3	2	2	4	3	1	2	3	3	1	1	1	0	1	1	1	2	2	2	2	1	1	1	1	1	1	3	3	1	1	0	1	1	1	0	0
	5	5	3	5	5	5	4	3	3	2	6	5	4	3	4	4	4	5	2	1	3	3	6	6	4	3	6	6	4	3	3	4	4	4	4	4	4	3	3	2	4	3	3	5	4	3	5	4	3	2	4	4	6	5	3	2	5	3	2	1	4	4	5	3	3	2	2	4	3	1	2	3	3	1	1	1	0	1	1	1	2	2	2	2	1	1	1	1	1	1	4	3	1	1	1	1	1	1	0	0
	5	5	4	5	5	5	4	3	3	2	7	5	4	3	4	4	4	5	2	2	3	3	6	6	5	4	6	6	4	3	3	4	4	4	4	4	4	4	3	2	4	3	3	5	4	3	6	4	3	2	4	4	6	5	3	2	5	3	2	1	4	4	5	3	3	2	2	4	3	1	2	4	3	1	1	1	0	1	1	1	3	2	2	2	1	1	1	1	1	1	4	3	1	2	1	1	1	1	0	0
	5	6	4	5	5	5	4	3	3	2	7	5	4	3	5	4	4	5	3	2	4	3	6	6	5	4	6	6	4	3	3	4	4	4	5	5	4	4	3	2	4	3	3	5	4	3	6	5	3	2	4	4	6	5	3	2	5	3	2	1	4	4	5	3	3	2	2	4	3	1	3	4	3	1	1	1	0	1	1	1	3	3	2	3	1	1	1	1	1	1	4	3	1	2	1	1	1	1	0	0
	6	6	4	5	6	5	4	3	3	2	7	5	4	3	5	4	4	6	3	2	4	3	6	6	5	4	6	6	4	3	4	4	4	4	5	5	5	4	3	2	4	3	3	5	5	3	7	5	3	2	4	4	6	5	3	2	5	3	2	1	5	4	5	3	3	2	2	4	3	1	3	4	4	1	1	1	0	1	1	1	3	3	2	3	1	1	1	1	1	1	4	4	1	2	1	1	1	1	0	0
	6	6	4	6	6	5	4	3	3	2	8	5	4	3	5	4	5	6	3	2	4	3	6	6	5	4	6	7	4	3	4	4	4	4	5	5	5	4	3	2	4	4	3	6	5	4	7	5	3	2	5	4	6	5	3	2	5	3	2	1	5	4	6	3	3	2	2	4	3	1	3	4	4	1	1	1	0	1	1	1	3	3	2	3	1	1	1	1	1	1	4	4	2	2	1	1	1	1	0	0
	6	6	5	6	6	5	4	3	3	2	8	5	4	3	5	5	5	6	3	2	5	3	6	6	5	4	6	7	5	3	4	5	5	4	5	5	5	4	3	2	5	4	3	6	6	4	7	5	3	2	5	5	6	5	3	2	5	3	2	1	5	4	6	3	3	2	2	4	3	1	3	4	4	1	1	1	0	1	1	1	3	3	2	4	1	1	1	1	1	1	4	4	2	2	1	1	1	1	0	0
	6	6	5	6	6	6	4	3	3	2	8	5	5	3	5	5	5	6	3	2	5	3	7	6	5	4	6	7	5	4	5	5	5	4	5	5	5	4	3	2	5	5	4	7	6	4	7	5	3	2	6	5	6	5	3	2	5	3	2	1	5	4	6	3	3	2	2	4	3	1	3	4	4	2	1	1	0	1	1	1	3	3	2	4	1	1	1	1	1	1	4	4	2	2	1	1	1	1	0	0
	6	6	5	6	7	6	4	3	3	2	8	6	5	4	5	5	5	6	3	2	5	4	7	6	5	4	6	7	6	4	5	5	5	4	5	5	5	4	3	2	5	5	4	7	6	4	7	5	3	2	6	6	7	6	3	2	5	3	2	1	5	5	6	3	3	2	2	4	3	1	3	4	4	2	2	1	0	1	1	1	3	3	2	4	1	1	1	1	1	1	4	4	2	2	1	1	1	1	0	0
	6	7	5	6	7	6	4	3	3	2	9	6	5	4	6	5	5	6	3	2	5	4	7	7	5	4	6	8	6	4	5	5	5	4	5	5	5	4	3	2	5	5	4	7	6	4	7	5	3	2	6	6	7	6	3	2	5	3	2	1	5	5	7	4	4	2	2	4	3	1	3	5	4	2	2	2	0	1	1	1	3	3	2	4	1	1	1	1	1	1	4	4	2	2	1	1	1	1	0	0
	7	7	5	6	7	6	4	3	3	2	9	6	5	4	6	5	5	6	3	2	6	4	7	7	6	4	7	8	6	4	5	5	5	5	5	5	5	4	3	2	5	5	4	7	6	4	7	5	3	2	6	6	7	6	3	2	5	3	2	1	5	5	7	4	4	3	3	4	3	1	3	5	5	3	2	2	0	1	1	1	3	4	2	4	1	1	1	1	1	1	4	4	2	2	1	1	1	1	0	0
	7	8	5	6	7	6	4	3	3	2	9	6	5	4	6	5	5	6	3	2	6	4	7	7	6	5	7	8	6	4	6	5	5	5	6	5	5	4	3	2	5	5	4	7	7	4	7	5	3	2	6	6	7	6	4	2	5	3	2	1	5	5	7	4	4	3	3	4	3	1	3	5	5	3	3	2	1	1	1	1	3	4	3	4	1	1	1	1	1	1	5	4	2	2	1	1	1	1	0	0
	7	8	6	6	7	6	4	3	3	2	9	6	5	4	6	5	5	6	3	2	6	4	7	7	6	5	7	8	6	4	6	6	5	5	6	6	5	4	3	2	5	5	4	8	7	5	7	5	3	2	6	6	7	6	4	3	5	3	2	1	5	5	7	4	4	4	3	4	3	1	3	5	5	3	3	2	1	1	1	1	3	4	3	4	1	1	2	1	1	1	5	5	3	2	1	1	1	1	0	0
	7	8	6	6	7	6	4	3	3	2	9	6	6	4	6	5	5	6	3	2	6	4	8	7	6	5	7	8	6	4	6	6	6	5	7	6	5	4	3	2	5	5	4	8	7	5	8	5	3	2	6	6	7	6	4	3	6	3	2	1	5	5	7	4	4	4	3	4	3	1	3	5	5	3	3	3	1	1	1	1	3	5	3	4	1	2	2	1	1	1	5	5	3	3	1	1	1	1	0	0
	7	8	6	6	7	6	4	3	3	2	9	7	6	5	6	5	5	6	3	2	6	4	8	7	7	5	7	8	6	4	6	6	6	5	7	6	5	4	3	2	5	5	5	8	7	5	8	6	3	2	6	6	7	6	4	3	6	4	2	1	5	5	7	4	4	4	4	4	3	1	3	5	5	3	3	3	1	1	1	1	4	5	3	4	2	2	2	1	1	1	5	5	3	3	1	2	1	1	0	0
	7	8	6	7	7	6	4	3	3	2	9	7	6	5	7	5	5	6	3	2	6	5	8	7	7	5	7	8	6	4	6	7	6	5	7	6	5	4	3	2	5	5	5	8	7	5	8	6	4	2	6	6	7	6	4	3	6	4	3	1	5	5	7	4	4	4	4	5	3	1	4	5	5	3	4	3	1	1	1	1	4	5	3	4	2	2	2	1	1	1	5	5	3	3	1	2	2	1	0	0
	7	8	6	7	8	6	4	3	3	2	10	7	6	5	7	6	5	6	3	2	6	5	9	7	7	5	7	8	6	4	6	7	6	5	7	6	5	5	3	2	5	5	5	8	7	5	8	6	4	3	6	6	7	6	4	3	6	4	3	1	6	5	7	4	4	5	4	5	4	1	4	5	5	3	4	3	1	1	1	1	4	5	3	4	2	2	2	2	1	1	5	5	3	3	1	2	2	1	0	0
	8	8	6	7	8	7	5	3	3	2	10	7	6	5	7	6	5	6	3	2	6	5	9	8	7	5	7	8	6	4	6	7	6	5	7	6	6	5	3	2	5	5	5	8	7	5	8	6	5	3	6	6	7	6	4	3	6	4	4	1	6	5	7	4	4	5	4	5	4	1	5	5	5	3	4	4	1	2	1	1	4	5	3	4	2	2	2	2	1	1	5	5	3	3	1	2	2	1	0	0
	8	9	6	7	8	7	5	4	3	2	10	7	6	6	8	6	5	6	3	2	6	5	9	8	7	5	8	8	6	4	6	7	6	5	7	6	6	5	3	2	5	5	5	8	7	5	8	7	5	3	6	6	7	6	4	3	6	4	4	2	6	5	7	4	4	5	4	5	5	1	5	5	5	3	4	4	2	2	1	1	4	6	3	4	2	2	2	2	1	1	5	5	3	3	1	2	2	1	0	0
	8	9	7	7	8	7	5	4	4	2	10	7	7	6	8	6	5	6	3	2	6	5	9	8	8	6	8	8	6	4	6	7	6	5	7	6	6	5	3	2	5	5	5	8	7	5	9	7	5	3	6	6	7	6	4	3	6	4	5	2	6	5	7	4	4	5	4	5	5	2	5	5	5	3	4	4	2	3	1	1	4	6	3	4	2	2	2	2	1	1	6	5	3	3	1	2	2	1	0	0
	8	9	7	8	8	7	5	4	4	3	10	8	7	6	8	6	5	6	3	2	6	5	9	8	8	6	8	8	6	4	6	7	6	6	7	7	6	5	3	2	5	5	5	8	7	6	9	7	5	3	6	6	7	6	4	3	6	5	5	2	6	5	7	4	4	5	4	5	6	2	5	5	5	3	4	4	2	3	2	1	4	6	3	4	2	2	2	2	1	1	6	6	3	3	1	2	2	1	0	0
	8	9	7	8	9	7	5	4	4	3	10	8	7	6	8	6	5	6	3	3	6	6	9	8	8	6	8	8	6	4	6	7	6	6	8	7	6	5	3	2	5	5	5	9	8	6	9	7	5	3	6	6	7	6	4	3	7	5	5	2	6	5	7	4	4	5	4	6	6	2	5	5	5	3	4	4	2	3	2	2	4	6	4	4	2	2	2	2	1	1	6	6	3	3	1	2	2	1	0	0
	8	9	7	8	9	8	5	4	4	3	10	8	7	6	8	6	5	6	4	3	7	6	9	8	8	6	8	8	6	4	6	7	7	7	8	7	6	5	3	2	5	5	5	9	8	6	9	7	5	3	6	6	7	7	4	4	7	5	5	2	6	5	7	4	4	5	5	6	6	2	5	5	5	3	4	4	2	3	2	2	4	6	4	5	2	2	2	2	1	2	6	6	3	3	1	2	2	1	0	0
	8	9	7	8	9	8	5	4	4	3	10	8	7	6	8	7	5	7	4	3	7	7	10	9	8	6	8	8	6	4	6	7	7	7	8	7	6	5	3	2	5	5	5	9	8	6	9	7	5	3	6	6	8	7	5	4	7	5	5	2	6	5	7	4	4	6	5	6	6	2	5	5	5	3	4	4	2	3	2	2	4	6	4	5	3	2	2	2	2	2	6	6	3	3	1	2	2	1	0	0
	8	9	7	8	9	8	5	4	4	3	10	8	8	6	8	7	6	7	4	3	7	7	10	9	8	6	9	8	6	4	7	8	7	7	8	7	6	5	3	2	5	5	5	9	8	6	9	7	5	3	6	7	8	8	5	4	7	5	5	2	6	5	7	4	5	6	5	6	6	2	5	5	5	3	5	4	2	3	2	2	4	6	4	5	3	2	2	2	2	2	6	6	3	3	1	2	2	1	1	0
	8	9	8	8	9	8	5	4	4	3	10	8	8	6	8	7	6	7	4	3	7	7	10	9	8	6	9	9	6	4	7	8	7	7	8	7	7	5	3	2	6	6	5	10	8	6	9	7	5	3	7	7	8	8	5	4	7	5	5	2	6	5	7	5	5	6	5	6	6	2	5	5	5	4	5	4	2	3	2	2	4	6	4	5	3	2	2	2	2	2	6	6	3	3	1	2	2	2	1	0
	8	10	8	8	9	8	5	4	4	3	10	8	8	6	8	7	6	7	4	3	7	7	10	9	8	6	9	9	6	4	8	8	8	7	8	7	7	6	3	2	6	6	6	10	8	6	10	7	5	3	7	7	9	8	5	4	7	5	5	2	7	5	7	5	5	6	5	6	6	2	5	5	6	4	5	4	2	3	2	2	4	6	4	5	3	2	2	2	2	2	6	6	3	3	1	2	3	2	1	0
	8	10	8	8	9	8	5	4	4	3	11	8	8	6	8	7	6	7	4	3	8	7	10	9	8	6	9	9	6	4	8	8	8	8	8	7	7	6	4	2	6	6	6	10	8	6	10	8	5	3	8	8	9	8	5	4	7	5	5	2	7	5	8	5	5	6	5	6	6	2	5	6	6	4	5	4	2	3	2	2	4	6	4	5	3	2	3	2	2	2	6	6	3	3	1	2	3	2	1	0
	9	10	8	8	9	8	5	4	4	3	11	8	8	6	8	7	6	7	4	3	8	8	10	9	9	6	9	9	6	5	8	8	8	8	8	7	7	7	4	2	6	7	7	10	8	6	10	8	5	3	8	8	9	8	5	4	7	5	5	2	7	6	8	5	5	6	5	6	6	2	5	6	6	4	5	4	2	3	2	2	4	7	4	5	3	3	3	2	2	2	6	6	3	3	1	2	3	2	1	0
	9	11	8	8	9	8	5	4	4	3	11	9	8	7	8	7	6	7	4	3	8	8	10	9	9	6	9	9	7	5	8	9	8	8	8	7	7	7	5	2	6	8	7	10	8	6	10	8	5	3	8	8	9	8	5	4	7	5	5	2	7	6	8	5	5	6	5	6	6	2	6	6	6	4	5	4	2	3	2	2	4	7	4	5	3	3	3	2	2	2	7	6	3	3	2	2	3	2	1	0
	9	11	9	9	9	8	5	4	4	3	11	9	9	7	8	7	6	8	4	3	8	8	11	9	9	6	9	9	7	5	8	9	8	8	8	7	7	7	5	3	6	8	8	10	8	6	10	8	5	3	8	8	9	8	5	4	7	5	5	2	7	6	8	5	5	6	5	6	6	2	6	6	6	4	5	4	2	3	2	2	5	8	4	5	3	3	3	2	2	2	7	6	3	4	2	2	3	2	1	0
	9	11	10	9	10	8	5	4	4	3	11	9	9	8	8	7	7	8	4	3	8	8	11	10	9	6	9	9	7	5	8	9	8	8	8	7	7	7	5	3	6	8	8	11	8	6	10	8	5	4	8	8	9	8	5	4	7	5	5	2	7	6	8	5	5	6	5	6	6	2	6	6	6	4	5	4	2	3	2	2	5	8	4	6	3	3	3	2	2	2	8	7	3	4	2	2	3	2	1	0
	9	11	10	9	10	9	5	4	4	3	11	9	10	8	9	8	7	8	4	3	8	8	11	10	9	6	9	9	7	5	8	9	9	8	8	7	7	7	5	3	6	8	8	11	9	6	10	8	6	4	8	8	9	8	5	4	7	5	5	2	7	6	8	5	5	6	5	6	6	2	6	6	7	4	5	4	2	3	2	2	5	9	4	6	3	3	3	2	2	2	8	7	4	4	2	2	3	2	1	0
	9	11	10	9	11	9	6	4	4	3	11	9	10	8	9	8	7	8	4	3	8	8	11	11	9	7	9	9	7	5	8	9	9	8	8	7	7	7	5	3	6	8	8	12	9	7	10	8	6	4	8	8	9	8	5	4	7	6	5	2	7	6	9	5	5	6	5	6	6	2	6	6	7	4	5	4	2	3	2	2	5	9	5	6	3	3	3	2	2	2	8	7	4	5	2	2	3	2	1	0
	9	11	10	10	11	9	6	5	4	3	11	9	10	8	9	8	7	8	4	3	8	8	12	11	9	7	9	9	7	5	8	9	9	8	8	8	7	7	5	3	6	8	8	12	10	7	11	8	6	4	8	9	9	8	5	4	8	6	5	2	7	6	9	5	5	6	5	6	6	2	6	6	7	4	5	4	2	3	2	2	5	9	5	6	3	3	3	2	2	2	8	7	5	5	3	2	3	2	1	0
	9	11	11	10	11	9	6	5	5	3	11	9	10	8	9	8	7	8	4	3	8	8	12	11	9	7	9	9	7	5	8	10	9	8	9	8	7	7	5	3	6	9	8	12	10	8	11	8	6	4	8	9	9	8	5	5	8	6	5	2	7	6	9	5	5	6	5	7	6	2	6	6	7	4	5	4	2	3	2	2	5	9	5	6	3	4	3	2	2	2	8	7	5	6	3	2	3	2	1	0
	9	12	11	10	11	9	6	5	5	4	11	9	10	8	9	8	7	8	4	3	8	8	12	11	9	7	9	9	7	5	9	10	9	9	9	8	7	7	5	3	6	9	8	12	11	8	11	8	6	4	9	9	9	8	5	5	8	6	5	2	7	6	9	5	5	6	6	7	6	2	6	6	7	4	5	4	3	3	2	2	5	9	5	6	3	4	4	2	2	2	8	7	5	6	4	2	3	2	1	0
	9	12	11	10	11	9	6	5	5	4	12	9	10	8	9	8	7	8	4	4	8	8	12	11	10	7	9	9	7	5	9	10	9	9	9	8	7	7	5	3	7	9	8	13	11	8	11	8	6	4	9	9	9	8	5	5	8	6	5	2	8	6	9	5	5	6	6	7	6	2	6	6	7	4	5	5	3	4	2	2	5	9	5	6	3	4	4	3	2	2	8	7	5	7	4	2	3	2	1	0
	9	12	11	10	11	9	6	5	5	4	12	9	10	8	9	8	7	8	5	4	9	8	12	12	10	7	9	9	7	5	9	10	10	9	9	8	7	7	5	3	7	9	8	13	11	8	11	8	6	4	10	9	9	8	5	5	8	6	5	2	8	7	9	5	5	6	6	7	6	2	6	6	7	4	5	5	3	4	3	2	5	9	5	6	3	5	4	3	3	2	8	7	6	7	4	2	3	2	1	0
	9	12	11	10	11	9	6	5	5	4	12	9	11	8	9	8	7	9	5	4	9	8	13	12	10	7	9	9	7	5	10	10	10	9	9	8	7	7	5	3	7	9	8	13	11	8	11	8	6	4	10	10	9	8	5	5	8	6	5	2	8	7	9	5	5	6	6	7	6	2	7	6	7	4	5	5	3	4	3	3	5	9	5	6	3	5	5	3	3	3	8	8	6	7	4	2	3	2	1	0
	9	12	11	10	11	9	6	5	5	4	12	10	11	8	9	8	8	9	5	4	9	9	13	12	10	7	9	9	7	5	10	10	10	9	9	8	7	7	5	3	8	9	9	13	11	8	11	8	6	4	10	10	9	8	5	5	8	6	5	2	8	7	9	5	5	6	6	7	6	3	7	6	7	4	5	6	3	4	3	3	6	9	5	6	3	5	5	3	3	3	9	8	6	7	4	2	3	2	2	0
	9	12	11	10	11	9	6	5	5	4	13	10	11	8	9	9	8	9	5	4	9	9	13	12	10	7	9	9	7	5	11	10	11	9	9	8	7	7	5	3	8	9	9	13	11	8	11	8	6	4	11	10	9	8	5	5	8	6	5	3	8	7	9	5	5	7	6	7	6	3	8	6	7	4	5	6	3	4	3	3	6	10	5	6	3	5	5	3	3	3	9	8	6	7	4	2	3	3	2	0
	9	12	11	10	11	9	6	5	5	4	13	10	11	8	9	9	8	9	5	4	10	9	13	13	10	8	9	9	7	5	11	10	11	9	9	8	7	7	5	3	9	9	9	13	11	8	11	8	6	4	11	10	9	8	6	5	8	6	6	3	9	8	9	5	5	7	6	7	6	3	8	7	7	4	5	6	3	4	3	3	6	10	5	6	3	5	5	3	3	3	9	8	6	7	4	2	4	3	2	0
	9	12	11	10	11	9	6	5	5	4	13	10	11	8	9	9	8	9	5	4	10	9	13	13	10	8	9	9	7	5	12	10	11	10	10	8	7	7	5	3	9	9	9	13	12	8	11	8	6	4	12	10	9	8	6	5	8	6	6	3	9	8	10	5	5	7	6	7	7	3	9	7	8	4	5	6	3	4	3	3	6	10	5	6	3	5	5	3	3	3	9	8	6	7	4	3	4	3	2	0
	9	12	11	10	11	9	6	5	5	4	13	10	11	8	9	9	8	9	5	4	10	10	13	13	11	8	9	9	7	5	12	10	11	10	10	9	7	7	5	3	9	9	9	13	12	8	11	8	6	4	12	10	9	9	6	5	8	7	6	3	9	9	10	6	5	7	6	7	7	3	9	7	8	5	5	6	3	4	3	3	7	10	5	6	3	5	5	3	3	3	9	8	6	7	5	3	4	3	2	0
	9	12	11	10	11	9	6	5	5	4	13	10	11	9	9	9	8	9	5	4	10	10	14	13	11	8	10	9	7	5	12	10	11	10	10	9	7	7	5	3	9	9	9	13	12	8	11	9	6	4	12	11	10	9	6	5	8	7	6	3	9	9	10	6	6	7	6	7	7	3	9	7	9	5	5	6	3	4	3	3	7	10	5	6	4	5	5	3	3	3	10	8	6	7	5	3	4	3	2	0
	9	12	11	11	11	9	6	5	5	4	13	10	11	9	9	9	8	9	5	4	10	10	14	14	11	8	10	9	7	5	12	10	11	10	10	9	8	8	5	3	9	10	9	14	12	8	11	9	6	4	12	11	10	10	6	5	8	7	6	3	9	9	10	6	6	7	6	7	7	3	9	7	9	6	5	6	3	4	3	3	7	10	5	7	4	5	5	3	3	3	10	9	6	7	5	3	4	3	2	0
	9	12	12	11	11	9	6	5	5	4	13	10	11	10	9	9	8	9	5	4	10	10	14	14	11	8	11	10	7	5	12	11	11	10	10	9	8	8	5	3	9	10	10	14	12	8	11	9	6	4	12	11	10	10	6	5	8	7	6	3	9	9	10	7	6	7	6	7	7	3	9	7	9	6	6	6	3	4	3	3	7	10	6	7	4	5	5	3	3	3	10	9	7	7	5	3	4	3	2	0
	9	12	12	12	11	9	6	5	5	4	13	10	12	10	9	10	8	9	5	4	10	10	15	14	11	8	11	10	8	5	12	11	12	10	10	9	8	8	5	3	9	10	10	14	12	8	11	9	6	4	12	11	10	10	6	5	8	7	6	3	9	9	10	7	7	7	6	7	7	3	9	7	10	6	6	6	3	4	3	3	7	11	6	7	4	5	5	3	3	3	10	9	7	8	5	3	4	3	2	0
	9	12	12	12	12	9	6	5	5	4	13	11	12	10	10	10	8	9	5	4	10	11	15	14	11	8	11	10	8	6	12	11	12	11	10	9	8	8	5	3	9	10	10	14	12	8	11	9	6	4	12	11	10	10	6	5	8	7	6	3	9	9	10	7	7	8	6	7	7	3	9	8	10	6	6	6	3	4	3	3	7	11	7	7	4	5	5	3	3	3	10	9	7	8	6	3	4	3	2	0
	9	13	12	12	12	10	6	5	5	4	14	11	12	11	10	10	8	9	5	4	10	11	15	14	11	8	11	10	8	6	12	11	12	11	10	9	8	8	6	3	9	10	10	14	13	8	11	9	6	4	12	11	10	10	6	6	8	7	6	3	9	9	10	7	7	8	6	7	7	3	10	8	10	6	6	6	3	4	3	3	7	11	7	8	4	6	5	3	3	3	10	9	7	8	6	3	4	3	2	0
	10	13	12	12	12	10	7	5	5	4	14	11	12	11	10	10	8	9	5	4	11	11	15	14	12	8	11	10	8	6	12	11	12	11	10	9	8	8	6	4	9	10	10	14	13	9	12	9	6	4	12	11	10	10	6	6	8	7	6	3	10	9	10	7	7	8	6	7	7	3	10	8	10	6	6	6	3	4	3	3	7	11	7	8	5	6	5	3	3	3	10	9	8	8	6	3	4	3	2	0
	10	13	12	12	12	10	7	6	5	4	15	11	12	11	10	10	8	9	5	4	11	11	15	14	12	9	11	10	8	6	13	11	12	11	10	10	9	8	6	4	9	10	10	14	13	9	12	9	6	5	13	11	10	10	6	6	8	7	6	3	10	9	10	7	7	8	6	7	7	3	10	8	10	6	6	6	3	4	3	3	7	11	7	9	5	6	5	3	3	3	10	10	8	8	6	3	4	3	2	0
	10	13	12	12	12	10	7	6	6	4	15	11	12	11	10	10	8	9	5	4	11	12	15	14	12	9	12	11	8	6	13	11	12	11	11	10	9	8	6	4	10	11	10	14	13	9	12	9	7	5	13	11	10	10	6	6	8	7	6	3	10	9	10	7	7	8	6	7	7	3	10	8	10	6	6	6	3	4	3	3	7	11	8	9	5	6	5	3	3	3	11	10	8	8	6	3	4	3	2	0
	10	13	12	12	12	10	7	6	6	4	15	11	12	11	10	10	9	10	5	4	11	12	16	14	12	9	12	11	9	6	14	11	12	12	11	10	9	8	6	4	10	11	10	14	13	9	12	9	7	5	13	12	10	10	6	6	8	7	7	3	10	9	10	7	7	8	6	7	7	3	10	8	10	6	6	6	3	4	3	3	8	12	8	9	5	6	5	3	3	3	11	10	8	8	6	3	4	3	2	0
	10	13	12	12	12	10	7	6	6	4	15	11	12	11	10	11	9	11	5	4	11	13	17	15	12	9	12	11	9	7	14	11	12	12	11	10	9	8	6	4	10	11	10	14	13	9	12	9	7	5	13	12	10	10	6	6	8	7	7	3	10	9	11	7	7	8	6	7	7	4	11	9	10	6	6	6	3	4	3	3	8	12	8	9	5	6	5	3	3	3	11	10	8	8	6	3	4	3	2	0
	10	13	12	12	12	10	7	6	6	4	15	12	12	11	11	11	10	11	5	4	11	13	17	15	12	9	12	11	9	7	14	12	12	13	11	10	9	8	7	4	10	11	10	14	13	9	12	9	7	5	13	12	10	10	6	6	8	7	7	3	11	10	11	7	7	8	6	7	7	4	11	9	11	6	6	6	3	4	4	3	8	12	8	9	5	6	5	3	3	3	11	10	8	8	6	3	4	3	2	0
	10	13	13	12	13	10	7	6	6	4	15	12	12	11	11	12	10	11	5	4	11	13	17	15	12	9	12	11	9	7	14	12	12	13	11	10	9	8	7	5	10	11	11	14	14	9	12	9	7	5	14	13	10	10	6	6	8	7	7	3	11	10	11	7	7	8	6	7	7	4	11	9	11	7	6	6	3	5	4	3	8	12	8	9	5	6	5	3	3	3	11	10	8	8	6	3	4	3	2	0
	10	13	13	13	13	10	7	6	6	4	15	12	12	12	12	12	10	11	5	4	11	13	17	15	12	9	12	11	9	7	14	12	12	13	11	10	9	8	7	5	10	12	11	14	14	9	12	9	7	6	14	13	11	10	7	6	8	7	7	3	11	10	12	7	7	8	6	8	7	4	11	9	11	7	7	6	3	5	4	3	8	12	8	9	5	6	5	3	3	3	11	10	8	8	6	3	4	3	2	0
	10	13	13	13	13	11	7	6	6	4	15	12	13	12	12	12	10	11	5	4	11	13	17	15	13	9	12	11	9	7	14	12	12	13	11	10	9	8	7	5	10	12	11	15	14	9	12	9	8	6	14	14	11	11	7	6	9	7	7	3	11	10	12	8	7	8	6	8	7	4	11	9	11	7	7	7	3	5	4	3	8	12	8	9	5	6	5	3	3	3	11	10	8	8	6	3	4	3	2	0
	10	13	13	13	13	11	8	6	6	4	15	12	13	12	12	12	10	11	5	4	11	13	18	15	13	10	12	11	9	7	14	12	13	13	11	10	9	8	7	5	10	12	11	15	14	9	13	9	8	6	14	14	11	11	7	6	9	7	8	3	11	10	13	8	8	8	7	8	7	4	11	9	11	8	7	7	3	5	4	3	8	12	8	9	5	6	5	3	3	3	11	10	8	8	6	3	4	3	2	0
	10	13	13	13	13	11	8	7	6	4	15	12	13	12	12	12	10	11	5	4	11	14	18	16	13	10	12	11	9	7	14	12	13	13	11	11	9	8	7	5	10	12	11	15	14	10	13	9	8	6	14	14	11	11	7	7	9	7	8	3	11	10	13	8	8	8	7	8	7	5	11	10	12	8	8	7	3	5	4	3	8	12	8	9	5	6	5	3	3	3	11	10	8	8	6	3	4	3	2	0
	10	13	13	13	13	11	8	7	7	4	15	12	13	12	12	12	10	11	5	4	12	14	18	16	14	10	12	11	9	7	14	12	13	13	11	11	10	8	7	5	10	12	11	15	15	10	13	9	8	6	14	14	11	11	8	7	9	7	8	4	11	10	13	8	8	8	7	8	7	5	11	10	12	8	8	8	3	5	4	3	8	13	8	10	5	6	5	3	3	3	11	10	8	8	6	3	4	3	2	0
	10	13	13	13	13	11	8	7	7	4	16	12	13	12	12	12	10	12	5	4	12	14	18	16	14	11	12	11	9	7	14	12	13	13	11	11	10	8	7	5	10	12	11	16	15	10	13	10	8	7	14	14	11	12	8	7	9	7	8	4	11	10	13	8	8	9	7	8	7	5	11	10	12	8	8	8	3	5	4	3	8	13	8	10	5	6	5	3	3	3	12	10	8	9	6	3	4	3	2	0
	10	14	13	13	13	11	8	7	7	4	16	12	13	12	12	12	11	12	5	4	12	14	18	16	14	11	12	11	9	7	14	12	13	13	11	12	10	8	8	5	10	12	12	16	15	10	13	10	8	7	14	14	12	12	9	7	9	8	8	4	11	10	13	8	8	9	7	8	7	5	11	10	12	8	8	8	3	5	4	3	8	13	8	10	5	6	5	3	3	3	12	11	8	9	7	3	4	3	2	0
	11	14	13	13	13	11	8	7	7	4	16	12	13	12	12	13	11	12	5	4	12	14	18	16	14	11	12	11	9	7	14	13	13	13	11	12	10	9	8	5	10	12	12	16	16	10	14	10	8	7	14	14	12	12	9	7	9	8	8	4	11	10	13	9	8	9	7	8	8	5	11	10	12	8	8	8	3	5	4	3	8	13	8	10	5	6	5	3	3	3	12	11	9	9	7	4	4	3	2	0
	11	14	13	13	13	11	8	7	7	4	17	12	13	12	12	13	11	12	5	4	12	14	18	16	14	12	12	11	9	7	14	13	14	13	11	12	11	9	8	5	10	12	12	16	16	11	14	11	8	7	14	14	12	12	9	7	9	8	9	4	11	10	13	9	9	9	7	8	8	5	11	10	12	8	8	8	3	5	4	3	8	13	8	10	5	6	6	3	3	3	12	11	9	10	7	4	4	3	2	0
	11	14	13	13	13	11	8	7	7	4	17	13	13	12	12	13	11	12	5	4	12	14	19	16	15	12	13	11	9	7	14	13	14	13	11	12	11	9	8	5	10	12	12	16	16	11	15	11	8	7	14	14	12	12	9	8	9	8	9	5	11	10	13	9	9	10	7	8	8	5	11	10	12	8	8	9	3	5	4	3	8	13	8	10	5	6	6	3	3	3	12	11	9	10	8	4	4	3	2	0
	11	14	14	13	13	11	8	7	7	4	17	13	13	12	12	13	11	12	5	4	12	14	19	17	15	12	13	12	9	7	14	13	14	13	12	13	11	9	8	5	10	12	12	16	16	11	15	11	8	8	14	14	12	12	9	8	10	8	9	5	11	10	13	9	9	10	8	8	8	5	11	10	12	8	8	9	4	5	4	3	8	13	8	10	5	6	6	3	3	3	12	11	9	10	8	5	4	3	2	0
	11	14	14	14	13	11	8	7	7	4	17	13	13	12	12	13	11	13	5	4	12	14	19	18	15	13	13	12	9	7	14	13	14	14	12	13	11	9	9	5	10	12	12	16	16	11	15	11	8	8	14	14	12	12	9	8	10	9	9	5	11	10	13	9	9	10	8	9	8	5	11	10	12	8	8	9	4	5	4	3	8	13	8	10	5	6	6	4	3	3	12	11	9	10	9	5	4	3	2	0
	11	14	14	14	14	11	8	7	7	4	17	13	13	13	12	13	11	13	6	4	12	14	19	18	16	13	13	12	9	8	14	13	14	14	12	13	11	9	9	5	10	12	12	17	16	11	15	11	8	8	14	14	12	12	9	8	10	9	9	5	11	10	13	9	9	10	8	9	9	5	11	10	12	8	8	9	4	6	4	3	8	13	8	10	5	6	6	4	4	3	12	11	9	11	9	5	4	3	2	0
	11	14	14	14	14	12	8	7	7	5	17	13	13	13	13	13	11	13	6	5	12	14	19	19	16	13	13	12	9	8	14	13	15	14	12	13	11	9	9	5	10	12	12	17	16	11	15	11	8	8	14	14	12	12	9	8	10	9	9	5	11	10	13	9	9	10	8	9	9	5	11	10	12	8	8	9	5	6	5	3	8	13	8	10	5	6	6	4	4	4	12	11	10	11	9	5	4	3	2	0
	11	14	14	14	14	12	9	7	8	5	17	13	13	13	13	14	11	13	7	5	12	14	20	19	16	13	13	12	9	8	14	13	15	15	12	13	11	9	9	5	10	12	12	17	16	11	15	11	8	8	14	14	12	12	9	8	10	9	9	5	11	10	13	9	9	10	8	9	10	5	11	10	12	8	8	9	5	6	5	4	8	13	8	10	5	6	7	4	4	4	12	12	10	11	9	5	4	3	2	0
	11	14	14	14	14	13	9	8	8	5	17	13	14	13	13	14	11	13	7	5	12	14	20	19	16	13	14	12	10	8	14	13	15	15	12	13	11	9	9	5	10	12	12	17	17	11	15	11	8	8	14	14	12	12	9	8	10	10	9	5	11	10	13	9	9	10	8	9	10	6	11	10	12	8	8	9	5	6	5	4	8	13	8	10	5	7	7	4	4	4	13	12	10	11	9	5	4	3	2	0
	11	14	14	14	15	13	10	8	8	5	17	13	14	14	13	14	11	13	7	5	12	14	20	19	16	13	14	13	10	8	14	13	15	15	12	13	11	10	9	5	10	12	12	17	17	11	15	12	8	8	14	14	12	13	9	8	10	10	10	5	11	10	13	9	9	10	8	9	10	6	11	10	12	8	8	9	5	6	5	4	9	13	8	10	6	7	7	4	4	4	13	12	10	11	9	5	4	3	2	0
	11	14	14	15	15	14	10	8	8	5	17	13	14	14	13	14	11	13	7	5	12	14	20	19	17	13	15	13	10	8	14	13	15	15	12	13	11	10	9	5	10	12	12	17	17	11	16	12	9	8	14	14	12	13	9	8	10	10	10	6	11	10	13	10	9	10	8	9	10	6	12	10	12	9	8	9	5	6	5	4	9	13	8	10	6	7	7	4	4	4	13	12	10	11	9	5	4	3	2	0
	11	14	15	15	15	14	10	8	8	5	17	13	14	14	13	15	11	13	7	5	12	14	20	19	17	14	15	13	10	8	14	13	15	15	13	13	11	10	9	5	10	12	12	17	17	12	16	12	9	9	14	14	12	13	9	8	10	10	11	6	12	10	14	10	9	10	8	9	10	6	12	10	13	9	8	9	5	6	5	4	9	13	8	10	6	7	7	4	4	4	13	12	10	11	9	5	4	3	2	0
	11	15	15	15	15	14	10	8	8	5	17	13	14	14	13	15	12	13	7	5	12	14	20	19	17	14	15	13	10	8	14	13	15	16	13	14	11	10	9	6	10	12	12	17	18	12	16	12	9	9	14	15	12	13	9	8	10	10	11	6	12	11	14	10	9	10	8	9	11	6	12	10	13	9	8	9	5	6	5	4	9	13	9	10	6	7	7	4	4	4	13	12	10	11	9	5	4	3	2	0
	11	15	15	15	15	14	10	8	8	5	17	14	14	14	13	15	12	14	7	5	12	14	20	19	17	14	15	13	10	8	14	13	15	16	14	14	11	10	10	6	10	13	12	18	18	12	16	12	9	9	15	15	12	14	9	8	10	10	11	6	12	11	14	10	9	10	8	10	11	6	12	10	13	9	8	9	5	6	5	4	9	14	9	10	6	7	7	4	4	4	13	12	10	11	9	5	4	3	2	0
	11	15	15	15	15	14	10	8	8	5	17	14	14	14	13	15	12	14	8	5	12	14	21	19	17	14	15	13	10	9	14	13	15	17	14	14	11	10	10	6	10	14	13	18	18	12	16	12	9	9	15	15	13	14	9	8	10	10	11	6	13	11	14	10	9	10	8	10	11	6	13	10	13	9	8	9	6	6	5	4	9	14	9	10	6	7	7	4	4	4	13	12	10	11	9	5	4	3	2	0
	11	15	15	15	15	14	10	8	8	6	17	14	14	14	13	15	12	14	8	6	12	15	21	20	17	14	15	13	10	9	15	14	15	17	14	14	11	10	10	6	10	14	13	18	18	12	16	12	9	9	15	16	13	14	9	8	10	10	11	6	14	11	14	10	9	10	8	10	11	6	13	11	13	9	8	9	6	6	5	4	9	14	9	10	6	7	8	4	4	4	13	12	10	11	9	5	4	3	2	0
	11	15	15	15	15	14	10	8	9	6	17	14	14	14	13	15	12	14	9	6	13	15	22	20	17	14	15	13	10	9	15	14	16	17	14	14	11	10	10	6	11	15	13	18	18	12	16	12	9	9	15	16	13	14	9	8	10	10	11	6	14	11	14	10	9	10	8	10	11	6	14	11	14	9	8	9	6	6	5	4	9	14	9	10	6	8	8	4	4	4	13	12	10	11	9	5	4	3	2	0
	11	15	15	15	15	14	10	9	9	6	18	14	15	14	13	15	12	14	9	6	13	15	22	21	17	14	15	13	11	9	16	14	16	17	14	14	11	10	10	6	11	15	13	18	18	12	16	12	9	9	16	16	13	14	9	8	10	10	11	6	14	11	14	10	9	10	8	10	11	6	14	11	14	9	9	9	6	6	5	4	10	14	9	11	6	8	8	4	4	4	13	12	10	11	9	5	4	3	2	0
	12	15	15	15	15	14	11	9	9	6	18	14	16	15	13	15	12	14	9	6	14	15	22	21	17	14	15	14	11	9	16	14	16	17	14	14	11	10	10	6	11	15	13	18	18	12	16	12	9	9	16	16	13	14	9	8	10	10	11	6	15	11	14	10	9	10	8	10	11	6	14	11	14	10	9	9	6	6	5	4	10	14	9	11	6	8	8	4	4	4	14	12	10	12	9	5	4	3	2	0
	12	16	15	15	15	14	11	9	9	6	19	14	16	16	14	16	12	14	9	6	14	15	22	21	17	14	15	14	11	9	16	14	16	17	14	14	12	10	10	6	11	15	13	18	18	12	16	12	9	9	17	16	13	14	9	8	10	10	11	6	15	11	14	10	9	10	8	10	11	6	14	11	15	10	9	9	6	6	5	4	10	14	9	11	6	8	8	4	4	4	14	13	10	12	10	5	4	3	2	0
	12	16	15	16	16	14	11	9	9	6	19	15	16	16	14	16	12	14	9	6	14	16	22	21	17	14	16	14	11	9	16	14	16	17	14	14	12	10	10	6	11	16	13	18	18	12	17	12	9	9	17	16	13	14	9	8	10	10	11	6	15	11	15	10	9	10	8	10	11	6	14	11	15	10	9	9	6	6	5	4	10	14	9	11	6	8	8	4	4	4	14	13	11	12	10	6	4	3	2	0
	12	16	16	16	16	15	11	9	9	6	19	15	16	16	14	16	12	14	9	6	14	16	23	21	17	14	16	14	11	9	16	15	16	17	14	14	13	10	10	6	11	16	14	18	18	13	17	12	9	9	17	17	13	14	9	8	10	10	11	6	15	11	15	10	9	10	8	10	11	6	14	11	15	10	9	9	6	6	5	4	10	14	9	12	6	8	8	4	4	4	14	13	11	12	10	6	5	3	2	0
	12	17	16	16	16	15	12	9	9	6	19	15	16	16	14	16	12	14	9	6	14	16	23	22	17	14	16	14	11	9	16	15	17	17	14	14	13	10	10	6	11	16	14	19	19	13	17	13	9	9	17	17	13	14	9	8	10	10	11	6	15	12	15	10	9	10	8	10	11	6	14	11	15	10	9	9	6	6	5	4	10	14	9	12	6	8	8	4	4	4	14	13	11	13	10	6	5	4	2	0
	13	17	16	16	16	15	12	9	9	6	19	15	17	16	14	17	12	14	9	6	14	16	24	22	17	14	16	14	11	9	16	15	17	18	14	14	13	10	10	6	11	16	14	19	19	13	17	13	9	9	17	17	13	14	10	8	11	10	11	6	15	12	15	10	9	10	8	10	11	6	14	12	15	10	9	9	6	6	5	4	10	14	9	12	6	8	8	4	4	4	14	13	11	13	11	6	5	4	3	0
	13	17	16	16	16	15	12	9	9	6	20	16	17	17	14	17	12	14	9	6	14	16	24	23	17	15	16	14	11	9	16	15	17	18	14	14	13	10	10	6	11	16	14	19	19	13	17	13	9	9	17	17	13	14	10	9	11	10	11	6	15	12	15	10	9	11	8	10	11	6	14	12	15	10	9	9	6	6	5	4	10	14	10	12	6	8	8	4	4	5	14	13	11	14	11	6	5	4	3	0
	13	17	16	16	16	15	12	9	9	6	21	16	17	17	15	17	12	14	9	6	14	17	24	23	18	16	16	14	11	9	16	15	17	18	14	14	13	10	10	6	11	16	14	19	19	13	18	13	9	9	17	17	13	14	10	9	11	10	11	6	15	12	15	10	10	11	8	10	11	6	14	12	15	10	9	9	6	6	6	4	10	14	10	13	6	8	8	4	4	5	14	13	12	14	11	6	5	4	3	0
	13	17	16	16	17	15	12	9	9	6	21	17	17	17	15	17	12	14	9	6	14	17	24	23	18	16	17	14	11	9	17	15	17	18	15	15	13	10	10	6	11	16	14	19	19	13	18	13	9	9	17	17	13	14	10	9	11	10	11	6	15	12	15	11	10	11	8	10	12	6	14	12	15	10	9	9	6	6	6	4	10	14	10	13	7	8	8	4	4	5	14	14	12	14	11	6	5	4	3	0
	13	17	16	17	17	15	12	9	9	6	21	17	18	17	15	17	13	14	9	6	14	17	24	23	18	16	17	14	11	9	17	15	17	18	15	15	14	10	10	6	12	16	14	19	19	14	18	13	9	9	17	17	13	15	10	9	11	11	11	6	15	12	15	11	10	11	8	10	12	6	14	12	15	10	9	9	6	6	6	4	10	14	10	13	7	9	8	4	4	5	15	14	12	14	11	6	5	4	3	0
	13	17	17	17	17	15	12	9	9	6	21	17	18	17	15	17	13	15	9	6	14	17	25	23	18	16	17	14	11	9	17	15	17	18	15	15	14	11	10	6	12	16	14	19	20	14	18	14	9	9	18	17	14	15	10	9	11	11	11	6	15	12	15	11	10	11	8	10	12	6	14	12	15	10	9	10	6	6	6	4	10	15	10	13	7	9	8	4	4	5	15	14	12	14	11	6	5	4	3	0
	13	17	17	17	17	15	12	9	9	6	21	18	19	17	15	17	13	15	10	6	14	17	25	23	18	16	17	15	11	9	17	15	17	18	15	15	14	11	10	6	12	16	14	19	20	14	18	14	10	9	18	17	14	16	10	9	11	11	11	6	15	13	16	11	10	12	8	10	12	6	15	12	15	10	9	10	6	6	6	4	10	15	10	13	7	9	8	4	4	5	15	14	12	14	11	6	5	4	3	0
	13	18	17	17	17	15	12	9	9	6	21	18	19	18	15	17	14	15	10	6	14	17	25	23	18	16	17	15	12	9	17	15	17	18	15	15	14	11	10	6	12	16	14	19	20	14	18	14	10	9	18	17	14	16	11	9	11	11	12	6	16	13	16	11	11	12	8	10	12	6	15	12	16	10	9	10	6	6	6	4	11	15	10	13	7	9	8	4	4	5	15	14	12	14	11	6	5	4	3	0
	14	18	17	17	17	15	12	9	9	6	21	18	19	18	16	18	14	15	10	6	14	17	25	23	18	16	17	16	12	9	17	15	17	18	15	15	14	11	10	6	12	16	14	19	20	14	18	14	10	9	19	17	14	16	11	10	11	11	12	7	16	13	16	12	11	12	8	10	12	6	15	12	16	11	9	10	6	6	6	4	11	15	10	13	7	9	8	4	4	5	16	14	12	14	11	6	5	4	3	0
	14	18	17	17	17	16	12	9	9	6	22	18	19	18	16	18	14	15	10	6	14	17	25	23	19	16	18	16	12	9	17	15	17	18	15	15	14	11	10	6	12	17	14	19	20	14	18	14	10	9	19	17	15	16	11	10	11	11	12	7	16	13	16	12	11	12	9	10	12	7	15	12	16	11	10	10	6	6	6	4	11	15	10	13	7	9	8	4	4	5	16	15	12	14	11	6	5	4	3	0
	14	18	17	17	17	16	13	9	9	6	22	18	19	18	16	18	14	15	10	6	15	17	25	23	19	17	18	16	12	9	17	16	17	19	15	15	14	11	10	6	12	17	15	19	20	14	18	14	10	9	19	17	15	16	11	10	11	11	12	7	16	13	16	12	11	12	9	11	12	7	15	12	16	11	10	10	6	6	6	5	11	15	11	13	8	9	8	4	4	5	16	15	12	14	11	6	5	4	3	0
	14	18	17	17	17	16	13	10	9	6	22	18	19	18	16	18	14	15	10	6	15	18	25	23	20	17	18	16	12	9	17	16	18	19	15	15	14	11	10	6	12	17	15	20	21	14	18	14	10	9	19	17	15	16	11	10	11	12	12	7	16	13	16	12	11	12	9	11	12	7	15	12	17	11	10	10	6	6	6	5	11	15	11	13	8	9	8	4	4	6	16	15	12	14	12	6	5	4	3	0
	14	18	17	17	17	16	13	10	9	6	22	18	19	18	16	18	14	16	10	6	15	18	26	24	20	17	18	16	12	9	17	16	18	19	16	15	14	11	10	6	12	17	16	20	21	14	18	14	11	9	19	17	15	17	11	10	11	12	12	7	16	13	16	13	11	12	9	11	12	7	15	12	17	11	10	10	6	6	6	5	11	15	11	13	8	9	8	4	5	6	16	15	12	14	12	7	5	4	3	0
	14	18	17	17	17	16	13	10	10	6	22	18	19	18	16	18	14	16	10	6	15	18	26	24	20	18	18	16	12	9	17	17	19	19	16	15	14	11	11	6	12	17	16	20	21	14	18	14	11	9	19	18	15	17	11	10	11	12	12	7	16	13	17	13	12	12	9	11	12	7	15	12	17	11	10	10	6	7	6	5	11	15	11	13	8	9	9	4	5	6	16	15	12	14	12	7	5	4	3	0
	14	18	17	17	17	16	13	11	10	6	22	18	19	18	16	18	14	16	10	6	15	18	26	24	20	18	18	16	12	10	18	17	19	19	16	16	14	11	11	6	12	17	17	20	21	14	18	14	11	9	19	18	15	17	11	10	11	12	12	7	16	14	17	13	12	12	9	12	12	7	15	13	17	11	11	10	7	7	6	5	11	15	11	13	8	9	9	4	5	6	16	15	12	14	12	7	5	4	3	0
	14	18	17	17	17	16	13	11	10	6	22	18	19	18	16	18	15	16	11	6	15	18	26	24	20	18	18	16	12	10	18	17	19	19	16	16	14	11	11	6	13	17	17	20	21	14	19	14	11	9	19	18	16	17	11	10	11	12	12	7	16	14	17	13	12	12	10	12	12	7	16	13	17	11	11	10	7	7	6	5	11	16	11	13	9	9	9	5	5	6	16	15	12	14	12	7	5	4	3	0
	14	18	17	17	17	16	13	11	11	6	22	18	19	18	16	19	15	16	11	6	15	18	26	24	20	18	18	16	12	10	18	17	19	19	16	16	14	11	11	6	13	17	17	20	21	14	19	14	11	9	20	18	16	18	11	11	12	12	12	7	16	14	17	13	12	12	10	12	12	7	16	13	17	11	11	10	7	7	6	5	12	16	11	13	9	9	9	5	5	6	17	15	12	14	13	7	6	4	3	0
	14	18	17	17	17	16	13	12	11	6	22	18	19	18	16	19	15	16	11	6	15	18	26	24	20	19	18	16	12	10	18	17	19	19	16	16	14	11	11	6	13	17	17	20	21	15	19	14	11	9	20	18	16	18	11	11	12	13	12	7	17	14	17	14	12	12	10	12	12	7	17	13	17	11	11	10	7	7	6	5	12	16	11	13	9	10	9	5	5	6	17	16	12	14	13	7	6	5	3	0
	14	18	17	17	17	16	13	12	11	6	22	18	19	18	16	19	16	16	11	6	15	18	26	24	21	19	18	16	12	10	18	17	19	19	16	16	14	11	11	6	13	17	17	20	21	15	19	14	11	9	21	18	17	18	12	11	12	13	12	7	17	14	17	14	12	12	10	12	13	7	17	14	17	11	11	11	7	7	6	5	12	16	11	13	9	10	9	5	5	6	17	16	13	14	13	7	6	5	4	0
	14	18	17	17	17	16	13	12	11	6	22	18	19	18	16	20	16	16	11	6	15	18	26	24	21	19	18	16	12	10	18	17	19	20	16	16	14	11	11	6	13	18	17	21	21	15	19	14	11	9	21	18	17	19	12	11	12	13	12	7	17	14	17	14	12	13	10	12	13	7	17	14	17	11	11	11	7	7	7	5	12	16	12	13	9	10	9	5	5	6	17	16	13	15	13	7	6	5	4	1
	14	18	17	17	17	17	13	12	11	6	22	18	19	18	16	20	16	16	11	6	15	18	26	24	21	19	18	16	12	10	18	18	20	20	16	16	14	11	11	6	13	18	17	21	22	15	19	14	11	9	21	18	17	19	13	11	12	13	12	7	17	14	17	14	13	13	10	12	13	8	17	14	17	11	11	11	7	7	7	5	12	16	12	14	9	10	9	5	5	7	17	16	13	15	14	7	6	5	4	1
	14	18	17	17	18	17	13	12	11	6	22	18	19	18	16	20	16	16	11	6	15	18	27	25	21	19	18	16	12	10	18	18	20	20	17	16	14	11	11	6	13	18	17	21	22	15	19	14	11	9	21	18	17	19	13	12	12	13	13	7	17	14	17	14	13	13	10	12	13	8	17	14	17	12	11	11	7	7	8	5	12	16	12	14	9	10	9	5	5	7	17	16	13	16	14	8	6	5	4	1
	14	18	17	18	18	17	13	12	11	6	22	19	20	18	16	20	16	16	11	6	15	18	27	25	21	20	18	16	12	10	18	18	20	20	17	16	14	11	11	6	13	18	17	21	22	15	20	14	11	10	21	18	17	19	13	12	12	13	13	7	17	14	17	14	13	13	10	12	14	8	17	14	17	12	11	11	7	7	8	5	12	16	12	15	9	10	9	5	5	7	17	16	14	16	15	8	6	5	4	1
	14	19	18	18	18	17	13	12	11	6	22	19	20	19	17	20	16	16	11	6	15	18	27	25	21	20	18	16	12	10	18	18	20	20	17	16	15	11	12	6	13	18	17	21	22	15	20	14	11	10	21	18	17	19	13	12	12	14	13	7	17	14	17	14	13	13	10	12	14	8	17	14	18	12	11	11	7	7	8	5	12	16	12	15	9	10	9	5	5	7	17	17	14	17	15	8	6	5	4	1
	15	19	18	19	18	17	13	12	11	6	22	19	20	19	17	20	16	16	11	6	15	18	27	26	22	20	18	16	13	10	18	18	20	20	17	16	15	12	12	6	13	18	17	21	22	15	20	14	11	10	21	18	17	19	13	12	13	14	13	7	17	14	18	14	13	13	10	12	14	8	17	14	18	12	11	11	7	7	8	5	12	17	12	15	9	10	9	5	5	7	17	17	15	17	15	8	6	5	4	1
	15	19	18	19	18	17	13	12	11	6	23	19	20	20	18	20	16	16	11	6	15	18	27	26	22	20	18	16	13	11	18	18	20	21	17	16	15	12	12	6	13	18	17	21	22	15	21	15	11	10	21	19	17	19	13	12	13	14	13	7	17	14	18	14	13	13	10	12	14	8	17	14	18	12	11	11	7	7	8	5	13	17	12	15	9	10	9	5	5	7	17	18	15	17	15	8	6	5	4	1
	15	19	18	19	19	17	13	12	11	6	23	19	20	20	18	21	16	16	11	7	16	18	27	26	22	20	18	16	13	11	18	18	20	21	17	17	15	12	12	6	13	19	17	21	23	15	21	16	11	10	21	19	17	19	13	12	13	14	13	7	17	14	18	14	13	13	10	12	14	8	18	14	18	12	11	11	7	7	8	5	13	17	12	15	9	10	9	5	5	7	18	18	15	17	15	8	6	5	4	1
	15	19	18	19	19	18	13	12	11	6	23	19	20	20	18	21	16	16	12	7	16	19	27	26	22	20	19	16	13	11	18	19	20	21	18	17	15	12	12	6	13	19	17	21	23	16	22	16	11	10	21	19	17	19	13	12	13	14	13	7	17	15	18	14	13	13	10	12	14	8	18	14	18	12	11	11	7	7	8	5	13	18	12	15	9	10	9	5	5	7	18	18	15	17	15	8	6	5	4	1
	15	19	18	19	19	18	14	12	11	7	23	19	20	20	18	21	16	16	12	7	16	19	28	26	22	21	19	16	13	11	19	19	20	21	18	18	16	12	12	6	13	19	17	21	23	16	22	16	11	10	21	20	17	19	14	12	13	14	13	7	17	15	18	14	13	13	10	12	14	8	18	14	18	12	11	11	7	7	8	5	13	18	13	15	9	10	9	5	5	7	18	18	15	17	15	8	6	5	4	1
	15	19	18	19	19	18	14	12	12	7	23	19	20	20	18	22	16	16	12	7	16	19	28	27	23	21	20	17	13	11	19	19	20	21	18	18	16	12	12	6	14	20	17	21	23	16	22	16	11	10	21	20	17	19	14	12	13	14	13	7	17	15	18	14	13	14	10	12	14	8	18	14	18	12	11	11	7	7	8	5	13	18	13	16	9	10	9	5	5	7	18	18	15	17	15	8	6	5	4	1
	15	19	18	19	19	18	14	13	12	7	23	19	20	20	19	22	17	17	12	7	16	19	28	27	23	21	20	17	13	11	19	19	21	22	18	18	16	12	12	6	14	20	18	21	23	16	22	16	11	10	22	20	17	19	15	12	13	14	13	7	17	15	18	14	13	14	10	12	14	8	18	14	18	13	11	11	7	7	8	5	13	18	13	16	9	10	9	5	5	7	18	18	15	17	15	8	6	5	4	1
	15	19	18	19	19	18	15	13	13	7	23	19	20	20	19	22	17	17	12	7	16	19	28	27	24	21	20	17	14	11	19	19	21	22	19	18	16	12	12	6	14	20	18	22	24	16	22	16	11	10	22	20	18	19	15	12	13	14	13	7	18	15	18	14	14	14	10	12	14	8	18	14	18	13	11	11	7	7	8	5	13	18	13	16	9	10	9	5	5	7	18	18	15	17	15	8	6	5	4	1
	15	19	18	19	19	18	15	13	13	7	23	19	20	21	19	23	17	17	13	7	16	19	28	27	24	21	20	17	14	11	19	19	21	22	19	19	16	12	13	6	14	20	18	22	24	17	22	16	11	10	22	20	18	20	15	12	13	14	13	7	18	15	19	15	14	14	10	12	14	8	19	14	18	13	11	11	7	7	8	5	13	18	13	16	9	10	9	5	5	7	18	18	15	17	15	8	6	5	4	1
	15	19	18	19	19	18	15	13	13	7	23	19	21	21	19	23	17	17	13	7	16	19	28	27	24	22	20	17	15	11	19	19	21	22	19	19	16	12	13	7	14	20	18	22	24	17	23	16	11	10	22	20	18	20	16	13	13	14	13	7	18	16	19	15	14	14	10	12	14	8	19	15	19	13	11	11	7	7	8	5	13	18	13	16	9	10	9	5	5	7	18	18	15	17	15	8	6	5	4	1
	15	19	18	19	19	18	15	13	13	7	23	20	21	21	19	23	17	17	13	7	16	19	28	27	24	22	20	17	15	11	19	19	21	22	20	19	16	12	14	7	14	20	18	22	25	17	23	16	11	11	22	21	18	20	16	13	14	14	13	7	18	16	19	15	14	14	11	12	14	8	19	15	19	13	11	11	7	7	8	5	13	19	14	16	9	10	9	5	5	7	18	18	15	17	15	8	6	5	4	1
	15	19	18	19	19	18	15	13	13	7	23	20	21	21	19	23	17	17	13	7	16	19	29	27	24	22	20	17	15	11	19	19	21	23	20	19	16	13	14	7	14	21	18	23	25	17	23	16	12	11	22	21	18	20	16	13	14	14	13	7	18	16	19	15	14	15	11	13	14	8	19	15	19	13	11	11	7	7	8	5	13	19	14	16	9	10	9	5	5	7	19	19	15	17	15	8	6	5	4	1
	15	19	18	19	19	18	15	13	13	7	23	20	21	21	19	23	17	17	13	7	16	19	30	28	24	22	20	17	15	11	19	20	22	23	20	19	17	13	14	7	14	21	18	23	25	17	23	17	12	11	22	21	18	20	17	13	14	14	13	7	18	16	19	15	14	15	11	13	14	8	19	15	19	13	11	11	8	7	8	5	14	19	14	16	9	10	9	5	5	7	19	19	16	17	15	8	6	5	4	1
	15	19	18	19	19	18	15	13	13	7	23	20	21	21	19	23	17	17	13	7	16	20	30	28	25	22	20	17	15	11	20	20	22	23	20	19	17	13	14	7	14	21	19	23	26	17	24	18	12	11	22	21	18	20	17	13	14	14	13	7	18	16	19	15	14	15	11	13	14	8	20	15	19	13	11	11	8	8	8	5	14	19	14	16	9	10	9	5	5	7	19	19	16	18	15	8	6	5	4	1
	15	19	18	19	19	18	15	13	13	7	24	20	21	21	20	23	17	17	13	7	17	20	30	28	25	22	20	17	15	11	20	20	22	24	20	19	18	13	14	7	14	21	19	23	26	17	24	18	12	11	22	21	19	20	17	14	14	14	13	7	19	16	19	15	14	15	11	13	14	8	20	15	19	13	11	11	8	8	8	5	14	19	14	16	10	10	9	6	5	7	19	19	16	18	15	8	6	5	4	1
	15	20	18	19	20	18	15	13	13	7	24	20	21	21	20	23	17	17	13	7	17	20	30	29	25	22	21	17	15	11	21	20	22	24	20	19	18	13	14	7	14	21	19	23	26	17	24	18	12	11	23	21	19	20	17	14	14	14	13	7	19	16	19	16	14	15	12	13	14	8	20	15	19	13	12	11	8	8	8	5	14	19	14	16	10	10	10	6	5	7	19	19	16	18	15	8	6	5	4	1
	15	20	19	19	20	18	15	13	13	7	24	20	22	22	20	24	17	17	13	7	17	20	30	29	25	22	21	17	15	11	21	20	22	24	20	19	18	13	14	7	15	21	19	23	26	17	24	18	12	11	23	22	19	20	17	14	14	14	13	7	19	16	19	16	14	16	12	13	14	8	20	15	19	14	12	12	8	8	8	5	14	19	14	16	10	11	10	6	5	7	19	19	16	18	15	8	6	5	4	1
	15	20	19	20	20	18	15	13	13	7	24	21	22	22	21	24	17	17	13	7	17	20	31	29	25	22	21	17	15	11	21	20	22	24	20	19	18	13	14	7	15	22	19	23	26	17	24	18	12	11	24	22	19	20	18	14	14	14	13	7	19	16	19	16	14	16	12	13	14	8	20	15	19	14	13	12	8	8	8	5	14	19	14	16	11	11	10	6	5	7	19	19	16	18	15	9	6	5	4	1
	15	20	20	20	20	18	15	13	13	7	24	21	22	22	21	24	17	17	13	7	17	21	31	29	26	22	21	17	15	11	21	21	22	24	20	19	18	13	14	7	15	22	20	23	26	18	24	18	12	11	24	22	19	20	18	14	14	14	13	7	19	17	19	16	14	16	12	13	14	8	20	15	19	15	14	12	8	8	8	5	14	19	14	16	11	11	10	6	5	7	19	19	16	18	15	9	7	5	4	1
	15	20	20	20	20	18	15	13	13	7	24	21	23	22	21	24	17	17	13	7	17	21	31	30	26	22	21	17	15	11	22	21	23	24	21	19	18	13	14	7	15	22	20	23	26	18	24	18	12	11	24	22	20	20	18	14	14	14	13	7	19	17	20	16	15	16	12	13	14	8	20	15	19	15	14	12	8	8	8	5	14	19	14	17	11	11	10	6	5	7	19	19	16	18	15	9	7	6	4	1
	15	20	20	20	20	18	15	13	13	7	24	21	24	22	21	24	17	17	13	7	17	21	31	30	26	23	21	17	15	11	22	21	23	25	21	19	18	13	14	7	16	22	20	24	26	18	24	18	12	11	24	22	20	21	18	14	14	14	13	7	19	17	20	17	15	16	12	13	14	8	20	15	20	15	14	12	8	8	8	5	14	19	15	17	11	11	10	6	6	7	19	19	16	18	15	9	7	6	4	1
	15	20	20	20	20	18	15	13	13	7	24	21	24	22	22	24	17	17	13	7	17	21	31	31	26	23	21	17	15	11	23	21	23	25	22	19	18	13	14	7	16	22	20	24	27	18	24	18	12	11	24	22	21	21	18	14	14	14	13	7	19	17	20	17	15	16	12	13	14	8	20	16	20	16	14	12	8	8	9	5	14	20	15	17	11	11	10	6	6	7	19	19	16	18	15	9	7	6	4	1
	15	20	20	20	20	18	15	13	13	7	24	21	24	23	22	24	17	17	13	7	18	21	31	31	26	24	21	17	15	11	23	21	23	26	22	19	18	13	14	7	16	22	20	24	27	19	24	18	12	11	24	22	21	21	18	14	14	14	13	7	19	17	21	17	15	16	12	13	15	8	21	16	20	16	14	12	8	8	9	5	14	20	15	17	12	11	10	6	6	7	20	19	16	18	15	9	7	6	4	1
	15	20	20	21	20	18	15	13	13	7	24	21	24	23	22	25	17	17	13	7	18	22	31	31	26	24	21	17	15	11	23	21	23	26	23	19	18	13	14	7	16	22	20	24	28	19	24	18	12	11	24	22	21	21	18	14	14	14	14	7	19	17	21	17	15	16	12	13	15	8	21	16	21	16	14	12	8	8	9	5	15	20	15	17	12	11	10	6	6	7	20	20	16	18	16	9	7	6	4	1
	15	20	21	21	20	19	15	13	13	7	24	21	24	23	22	25	17	17	13	7	18	22	32	31	27	24	21	17	15	11	23	21	23	26	23	19	18	13	14	7	16	22	20	24	28	19	24	18	12	11	24	22	21	21	19	14	14	15	14	7	19	17	21	17	15	16	12	13	15	8	21	16	21	16	14	12	8	8	9	5	15	20	15	18	12	11	10	6	6	7	21	20	17	18	16	10	7	6	4	1
	15	21	21	21	20	19	16	13	13	7	24	21	24	23	22	25	17	17	13	7	18	22	32	32	28	24	21	17	15	11	23	21	23	26	23	19	18	13	14	7	16	22	20	24	28	19	24	18	12	11	24	22	21	21	19	15	15	15	14	7	19	17	21	17	15	16	12	13	15	8	21	16	21	16	14	12	8	8	9	5	15	20	15	18	13	11	10	6	6	7	21	21	17	19	16	10	8	6	4	1
	16	21	21	21	20	19	16	13	13	7	24	21	24	24	22	25	18	17	13	7	18	22	32	32	28	25	21	17	15	11	23	21	23	26	23	19	18	13	14	7	16	22	20	24	28	19	25	18	12	11	24	22	21	21	19	15	15	15	14	7	19	17	21	17	15	16	12	14	15	8	21	16	21	16	14	12	8	8	9	5	15	20	15	18	13	12	10	6	6	7	21	21	18	19	17	10	8	7	4	1
	16	21	21	21	21	19	16	14	13	7	25	21	24	24	22	25	18	17	13	7	18	22	32	32	28	25	22	17	15	11	23	21	23	26	23	20	18	13	14	7	16	22	20	24	28	19	25	18	12	11	24	22	21	21	19	15	15	15	14	7	19	17	21	17	15	16	12	14	15	8	21	16	21	16	14	12	9	8	9	5	15	20	15	18	13	12	11	6	7	7	21	21	18	20	17	11	8	7	4	1
	16	21	21	21	21	20	16	14	14	7	25	22	24	24	22	25	19	17	13	7	18	22	32	32	28	25	22	17	15	11	23	21	23	26	23	20	19	13	14	7	16	22	20	24	28	19	25	18	12	11	24	22	21	21	19	15	15	15	14	7	19	17	21	17	15	16	12	14	15	8	21	16	21	16	14	12	9	9	10	5	15	20	15	18	13	12	11	7	7	7	21	21	18	20	18	11	9	7	4	1
	16	21	21	21	21	20	17	15	14	7	25	22	25	24	22	25	19	18	13	7	18	22	32	32	28	25	22	17	15	11	23	21	23	26	23	20	19	13	14	7	16	22	20	24	28	19	26	18	12	11	24	22	21	21	19	15	15	15	14	7	19	17	21	17	15	16	12	14	16	9	21	16	21	16	14	12	9	9	10	5	15	20	15	18	13	13	11	7	7	7	21	21	18	20	18	12	9	8	4	1
	16	21	21	21	21	20	18	15	14	7	25	22	25	24	22	26	20	18	13	7	18	22	33	32	28	25	22	17	15	11	23	21	23	26	23	20	19	13	14	7	16	22	20	24	28	20	26	18	12	11	24	22	21	21	19	15	15	15	15	8	19	17	21	17	15	16	12	14	16	9	21	16	21	16	14	13	9	9	10	5	15	20	15	18	13	13	11	7	7	7	21	21	18	20	19	12	9	8	5	1
	16	21	21	21	21	21	18	15	14	7	25	22	25	24	23	26	20	18	13	7	18	23	33	32	28	25	22	18	15	11	23	21	23	26	23	20	19	13	14	7	16	22	20	24	29	20	26	18	12	12	24	22	21	21	19	15	15	15	15	8	19	17	21	17	15	16	13	14	16	10	21	16	21	16	14	13	9	9	10	5	15	20	15	18	13	13	11	7	7	8	21	21	18	21	19	12	9	8	5	1
	16	21	21	21	22	21	18	15	14	7	25	22	25	24	23	26	20	18	13	7	19	23	33	32	29	25	22	18	16	11	23	21	23	26	23	20	19	13	15	7	16	22	20	25	29	20	26	18	12	12	24	22	21	21	19	15	15	15	15	8	19	17	21	17	15	17	13	14	16	10	21	16	21	16	14	13	9	9	11	6	15	20	15	18	13	13	11	7	7	8	21	21	19	21	19	12	9	8	5	1
	16	21	21	22	22	21	18	15	14	7	25	22	25	24	23	26	20	18	14	7	19	23	33	33	29	25	22	18	16	12	24	21	23	26	23	20	19	13	15	7	16	22	21	25	29	20	26	18	12	12	24	22	21	21	19	15	15	15	15	8	19	17	21	17	15	17	13	14	16	10	21	16	21	16	15	13	9	9	11	6	15	20	15	18	13	13	11	7	8	9	21	22	19	21	19	12	9	8	5	1
	16	21	21	22	22	21	18	15	14	8	25	22	26	24	23	26	20	18	14	8	19	23	33	33	29	25	22	18	16	12	24	22	24	26	23	20	19	13	15	7	16	22	21	25	29	20	26	18	12	12	24	23	21	21	19	15	15	15	15	8	19	17	21	17	15	17	13	14	16	10	21	16	21	17	15	13	9	10	11	6	15	20	15	18	13	13	11	7	8	9	22	22	19	21	19	12	9	8	5	2
	16	21	21	22	22	21	18	15	15	8	25	22	26	24	23	26	20	18	14	8	19	23	34	33	29	25	22	18	16	13	24	22	24	26	23	20	19	13	15	7	16	23	22	25	29	20	26	18	12	12	25	23	21	21	19	15	15	15	15	8	19	17	21	17	16	17	13	15	16	10	21	16	21	17	15	13	9	10	11	6	15	21	15	18	13	13	11	7	8	9	22	22	19	21	19	12	9	8	6	2
	16	21	21	22	22	21	18	15	15	8	25	23	26	24	23	26	20	19	14	8	19	23	34	33	29	25	22	18	16	13	25	22	24	26	23	20	19	13	15	8	16	23	22	25	29	20	26	18	12	12	25	23	22	22	19	15	15	15	15	8	20	17	21	17	16	17	14	15	16	10	21	16	21	17	15	13	9	10	11	6	15	21	16	18	13	13	11	7	8	9	22	22	19	21	19	12	9	9	6	2
	16	22	21	22	22	21	18	15	15	8	25	23	26	24	23	26	21	19	14	8	19	24	34	33	29	25	22	18	16	13	25	22	24	26	23	20	19	13	15	8	16	23	22	25	29	20	26	18	12	13	26	23	22	22	20	15	15	15	15	8	20	17	21	18	16	18	14	15	16	10	21	17	21	17	15	13	9	10	11	6	15	21	16	18	13	13	11	8	8	9	22	22	19	21	19	12	9	9	6	2
	17	22	21	22	22	21	18	15	15	8	25	23	26	24	23	27	21	19	14	8	19	24	35	33	29	25	22	18	16	13	25	22	24	26	23	20	19	13	15	8	17	23	22	25	30	20	26	18	13	13	26	23	22	22	20	16	15	15	15	8	20	18	22	18	16	18	14	15	16	10	21	17	21	17	15	13	10	10	11	6	15	21	16	18	13	13	11	8	8	9	22	22	19	21	19	12	9	9	6	2
	17	22	21	22	22	21	18	15	15	8	26	24	26	24	24	27	21	19	14	8	19	24	35	33	29	25	22	18	16	13	25	22	24	27	23	20	19	14	15	8	17	24	22	25	30	20	26	18	13	13	26	24	22	22	20	16	16	15	15	8	21	18	22	18	16	18	15	15	16	10	21	17	21	17	15	13	10	10	11	6	15	21	16	18	13	13	11	8	8	9	22	22	19	21	19	12	9	9	6	2
	17	22	22	22	22	21	18	15	15	8	26	24	26	24	24	27	21	19	14	8	20	24	35	33	30	25	22	18	16	13	25	22	24	27	24	20	19	14	15	8	17	25	23	25	30	20	26	19	13	13	26	24	22	22	20	16	16	16	15	8	21	18	22	18	16	18	15	15	16	10	22	17	21	17	15	14	10	10	11	6	15	21	16	18	13	13	11	8	8	9	22	22	19	21	19	12	9	9	6	2
	17	22	22	23	22	21	18	15	15	8	26	24	26	25	24	27	21	19	14	8	20	25	35	33	30	26	22	18	16	13	26	22	24	27	24	20	20	14	15	8	17	25	23	26	30	20	26	19	13	13	26	24	22	22	20	16	16	16	15	8	21	18	22	18	16	18	15	15	17	10	22	17	21	17	15	14	10	10	11	6	16	21	16	18	13	13	12	8	8	9	22	22	19	21	19	12	9	9	6	2
	17	22	22	23	23	21	18	15	15	8	26	24	26	25	24	27	21	19	14	8	21	25	35	34	30	26	23	18	16	13	26	23	24	27	24	21	20	14	15	8	17	25	23	26	31	20	26	19	13	13	26	24	22	22	20	16	16	16	16	8	21	18	22	18	16	18	15	15	17	10	22	17	21	17	15	14	10	10	11	6	16	21	16	18	13	13	12	8	8	9	23	22	19	21	19	12	10	9	6	2
	17	22	22	23	23	22	18	15	15	8	26	24	26	25	24	27	21	19	14	8	21	26	36	34	30	26	23	19	16	13	26	23	25	28	24	21	20	14	15	8	17	25	23	26	31	20	27	19	13	13	26	24	22	22	20	16	16	16	16	9	21	18	22	18	16	18	15	15	17	10	22	17	21	17	15	14	10	10	11	6	16	21	16	18	13	13	12	8	8	9	23	23	19	21	19	13	10	9	6	2
	17	22	22	23	23	22	19	15	15	8	26	24	27	25	24	27	21	19	14	8	21	27	36	35	31	26	23	19	16	13	26	23	25	28	24	21	21	14	15	8	17	25	23	26	31	21	27	19	13	13	26	24	22	22	20	16	16	16	16	9	21	18	22	18	16	18	15	15	17	11	22	17	21	17	15	14	10	10	11	6	16	21	16	18	13	13	12	8	8	9	23	23	20	21	20	13	10	9	6	2
	17	22	22	23	23	22	19	16	15	8	26	25	27	26	24	27	21	19	14	8	21	27	37	35	31	27	23	19	16	13	26	23	25	28	24	21	21	14	15	8	17	25	23	26	32	21	28	19	13	13	26	24	22	22	20	16	16	16	16	9	21	18	22	18	16	18	15	15	17	11	22	17	21	17	15	14	10	10	11	7	16	21	16	19	14	13	12	8	8	9	23	23	20	21	20	13	10	9	6	2
	17	23	22	23	23	22	19	16	16	8	26	25	27	26	25	27	21	19	14	8	21	27	37	35	31	27	24	19	16	13	26	24	25	28	24	21	21	14	15	8	17	25	23	27	32	22	28	19	13	13	26	24	22	22	20	16	16	16	16	9	21	18	22	18	16	18	15	15	17	11	22	17	22	17	15	14	10	10	12	7	16	21	16	19	14	14	12	8	8	9	23	23	20	21	20	13	10	9	6	2
	18	23	22	23	23	22	19	16	16	8	26	25	27	26	25	28	21	19	15	8	21	27	37	35	31	27	24	19	16	13	26	24	26	28	24	22	21	14	15	8	17	25	24	27	33	22	28	19	13	13	26	24	22	22	20	16	16	16	16	9	21	18	22	18	16	18	15	15	17	11	22	17	22	18	16	14	10	10	12	7	16	21	16	19	14	14	12	8	9	9	23	23	20	21	20	13	10	9	6	2
	18	23	22	23	23	22	19	16	16	8	27	25	27	26	25	28	21	19	15	8	21	27	37	35	31	28	24	19	17	13	26	24	26	29	24	22	21	14	15	8	17	25	24	28	33	23	28	19	13	13	26	24	23	22	20	16	16	16	16	9	21	18	22	18	17	18	15	15	17	11	22	17	22	18	16	14	10	10	12	7	16	21	16	20	14	14	12	8	9	10	23	23	20	21	20	13	10	9	6	2
	18	23	22	23	23	22	19	16	16	8	27	25	27	26	25	28	21	19	15	8	22	27	37	35	31	28	25	19	17	13	26	24	26	29	25	22	21	15	15	8	17	25	25	28	34	23	28	19	13	13	26	24	23	23	21	16	16	16	16	9	21	18	22	18	17	18	15	15	17	11	22	17	22	18	16	14	10	10	12	7	16	21	17	20	14	14	12	8	9	10	23	23	20	21	20	13	10	9	6	3
	18	23	22	23	23	22	19	16	16	8	27	25	27	26	25	28	21	19	15	8	22	27	37	35	32	28	25	19	17	13	27	24	26	29	25	23	22	15	15	8	17	25	25	29	34	24	28	19	13	13	26	25	23	23	21	16	16	16	16	9	21	18	22	18	17	19	15	15	17	11	22	17	22	18	16	14	10	10	12	7	16	22	17	20	14	14	12	8	9	10	23	23	20	21	20	13	10	9	7	3
	18	23	22	23	23	22	19	16	16	8	27	25	27	26	26	28	21	19	15	8	22	28	37	35	32	28	25	19	17	13	27	24	26	30	25	23	22	15	15	8	17	25	25	29	34	24	29	20	13	13	27	25	23	23	21	17	16	16	16	9	21	18	22	18	17	19	16	15	17	11	22	17	22	18	16	14	10	10	12	7	16	22	17	20	14	14	12	8	9	10	24	23	20	21	20	13	10	10	7	3
	18	23	22	23	23	23	19	16	16	8	27	25	27	26	26	28	21	19	15	8	22	28	38	36	32	28	25	19	17	13	27	24	26	30	25	23	23	15	15	8	17	25	25	29	34	24	29	20	14	13	27	25	23	23	21	17	17	16	16	9	22	18	22	18	17	19	16	16	17	11	22	17	22	18	16	14	10	10	12	7	17	22	17	20	14	14	12	8	9	10	24	23	20	21	20	13	11	10	7	3
	18	23	22	23	23	23	20	16	16	8	27	25	28	27	26	28	21	19	15	8	22	28	38	36	32	28	26	19	17	13	27	24	26	30	25	23	23	15	15	8	17	25	25	29	34	24	29	20	14	13	27	25	23	23	21	17	17	17	17	9	22	19	22	18	17	19	16	16	18	11	23	17	22	18	16	14	10	10	12	7	17	22	17	20	14	14	13	8	9	10	24	23	20	21	20	13	11	10	7	3
	18	23	23	23	24	23	20	17	16	8	27	25	28	27	26	29	21	19	15	8	22	28	38	36	32	28	26	19	17	13	27	24	26	30	25	23	23	15	15	8	17	25	25	29	34	24	29	21	14	13	27	25	23	23	21	17	17	17	17	10	22	19	23	18	17	19	16	16	18	12	23	18	22	18	16	15	10	10	12	7	17	22	17	20	14	14	13	8	9	10	24	23	20	21	20	13	11	10	7	3
	18	23	23	24	24	24	20	17	17	8	27	25	28	27	26	29	22	19	15	8	22	28	38	36	32	28	26	19	17	13	27	24	26	30	25	23	23	15	15	8	17	25	25	29	34	24	30	21	14	14	27	25	23	23	21	17	17	17	17	10	22	19	23	19	17	19	16	16	18	12	23	18	23	18	17	15	10	10	13	7	17	22	17	20	14	14	13	8	9	10	24	23	20	21	20	13	11	10	7	3
	18	23	23	24	25	24	21	17	17	9	27	25	28	27	26	29	22	20	15	8	22	28	38	36	32	28	26	19	17	13	27	24	26	30	25	23	23	15	16	8	17	25	25	29	34	25	30	21	14	14	27	25	23	24	21	17	17	17	17	10	22	19	23	19	18	19	16	16	18	12	23	18	23	19	17	15	10	11	13	7	17	22	17	20	14	14	13	8	9	10	24	23	20	21	20	13	11	10	7	3
	18	23	23	24	25	25	21	18	17	9	27	25	28	27	26	29	22	20	16	8	22	28	38	36	32	28	26	20	17	14	27	24	26	30	25	23	23	15	16	8	17	25	25	30	35	25	30	21	14	14	27	25	23	24	22	17	17	17	17	10	22	19	23	19	18	19	16	16	18	12	23	18	23	19	17	15	10	11	13	7	17	22	17	21	14	14	13	8	10	10	24	23	20	21	20	13	11	10	7	3
	18	23	23	24	25	25	21	18	17	9	27	25	28	27	27	29	23	21	16	9	22	28	38	36	32	28	26	20	18	14	27	24	27	31	25	23	23	15	16	8	17	25	25	30	35	25	30	21	14	14	27	25	23	24	22	17	17	17	17	10	22	19	23	19	18	20	16	16	18	12	23	18	23	19	17	15	10	11	13	7	17	22	17	21	14	14	13	8	10	11	24	23	21	21	20	13	11	10	7	3
	18	23	23	24	25	25	21	18	18	10	27	25	28	27	27	30	23	21	16	9	22	28	39	37	33	28	26	20	18	14	27	24	27	31	25	23	23	16	16	8	17	25	25	30	35	25	30	21	14	14	27	25	23	24	22	17	17	17	17	10	22	19	23	19	18	20	17	16	18	12	23	18	23	19	17	15	10	11	13	8	17	22	17	21	14	14	13	8	10	11	24	24	21	21	20	13	11	10	7	3
