	0	0	0	0	0	0	0	0	0	0	0	0	0	0	1	0	0	0	0	0	0	0	1	1	0	0	0	0	1	0	0	0	0	0	0	0	0	0	1	0	0	0	0	0	0	0	0	0	0	0	1	0	0	0	0	1	0	0	0	0	0	0	1	0	1	0	0	0	0	0	0	0	0	0	0	0	0	0	0	0	0	0	1	0	0	0	0	0	0	0	0	0	0	0	0	0	0	0	0	0
	0	0	0	0	1	0	0	0	0	0	0	1	0	1	1	0	0	1	0	0	0	0	1	1	0	0	0	0	1	0	0	0	0	0	0	0	0	1	1	0	1	0	0	0	0	1	0	0	0	0	1	0	1	1	0	1	0	0	0	0	0	0	1	0	1	0	0	0	0	0	0	1	0	0	0	0	0	0	0	0	0	0	1	0	0	0	0	0	0	0	0	0	0	0	0	0	0	0	0	0
	0	1	0	1	1	1	0	1	0	0	0	1	0	1	1	0	0	1	0	0	0	0	1	1	0	0	0	1	1	0	1	0	0	0	1	0	0	1	1	0	1	0	1	1	0	1	0	0	0	0	1	0	1	1	0	1	0	0	0	0	0	1	1	0	1	0	0	0	0	0	0	1	0	0	0	0	0	0	0	0	0	0	1	0	0	0	0	0	0	0	0	0	0	0	0	0	0	0	0	0
	1	1	1	1	1	1	1	1	0	0	0	1	0	1	1	1	1	1	0	0	1	0	1	1	1	0	0	1	1	0	1	1	1	0	1	0	0	1	1	0	1	0	1	1	0	1	0	0	0	0	2	0	1	1	0	1	0	0	0	0	0	1	1	0	1	0	0	0	0	0	0	1	0	0	0	0	0	0	0	0	0	0	1	0	0	0	0	0	0	0	0	0	0	0	0	0	0	0	0	0
	2	2	1	1	1	1	1	2	0	0	1	1	0	2	1	1	1	1	0	0	1	1	2	1	1	1	1	1	1	0	1	1	1	0	1	0	0	1	1	0	2	0	1	1	0	1	0	0	0	0	2	0	1	1	0	1	0	0	0	0	0	1	1	0	1	0	0	0	0	0	0	1	0	0	0	0	0	0	0	0	0	0	1	0	0	0	0	0	0	0	0	0	0	0	0	0	0	0	0	0
	2	3	2	2	1	1	1	2	1	0	1	2	1	2	1	1	1	1	0	0	1	1	2	1	1	1	1	1	1	0	2	2	1	0	2	1	0	1	1	0	2	0	1	1	0	1	0	0	0	0	2	0	1	1	0	1	0	0	0	0	0	1	1	0	1	0	0	0	0	0	0	1	0	0	0	0	0	0	0	0	0	0	1	0	0	0	0	0	0	0	0	0	0	0	0	0	0	0	0	0
	2	3	2	2	2	1	1	2	1	1	2	2	2	2	1	1	1	1	0	0	1	1	3	2	1	1	1	1	1	0	2	2	1	1	2	1	1	1	1	0	2	1	2	1	0	1	0	0	0	0	2	0	1	1	0	1	0	0	0	0	0	1	1	0	1	0	0	0	0	0	0	1	0	0	0	0	0	0	0	0	0	0	1	0	0	0	0	0	0	0	0	0	0	0	0	0	0	0	0	0
	2	3	2	2	2	2	1	2	1	1	2	2	2	3	1	1	1	1	0	1	2	1	3	2	2	1	1	1	1	0	2	2	2	1	2	1	1	1	1	0	2	1	2	1	1	1	1	0	0	0	2	1	2	1	0	1	0	0	0	0	0	1	1	0	1	0	0	0	0	0	0	1	0	0	0	0	0	0	0	0	0	0	1	0	0	0	0	0	0	0	0	0	0	0	0	0	0	0	0	0
	2	3	2	2	3	2	2	2	1	1	2	2	2	3	2	1	1	1	1	1	2	1	3	2	2	1	1	1	1	0	3	2	2	2	2	1	1	1	1	0	2	1	2	1	1	2	1	0	0	0	2	1	2	1	1	1	0	0	0	0	0	1	2	1	1	0	0	0	0	0	0	1	0	0	0	0	0	0	0	0	0	0	1	0	0	0	0	0	0	0	0	0	0	0	0	0	0	0	0	0
	2	3	2	3	3	3	2	3	1	1	2	2	2	3	2	1	1	1	1	1	2	1	3	2	2	1	1	1	1	1	3	2	2	2	2	1	1	1	1	0	2	2	2	1	2	2	1	0	0	0	2	1	2	1	1	2	0	0	0	0	0	1	2	1	1	1	0	0	0	0	0	2	0	1	0	0	0	0	0	0	0	0	1	0	0	0	0	0	0	0	0	0	0	0	0	0	0	0	0	0
	2	3	3	3	3	3	2	3	2	1	2	2	2	3	3	1	1	1	1	1	2	1	3	2	2	1	1	1	1	1	3	2	2	2	2	1	1	1	1	1	2	2	2	2	2	2	1	0	0	0	2	2	2	1	1	2	1	0	0	0	0	1	2	1	1	1	0	0	0	0	1	2	0	1	1	1	0	0	0	0	0	0	1	0	0	0	0	0	0	0	0	0	0	0	0	0	0	0	0	0
	2	4	3	3	3	3	2	3	2	2	2	2	2	3	3	1	1	1	1	1	2	1	3	2	3	1	1	1	1	1	3	2	2	2	2	1	1	1	1	1	2	2	3	2	2	2	1	1	0	1	2	2	2	1	1	2	1	0	0	0	1	2	2	1	1	1	0	0	0	0	1	2	0	1	1	1	1	0	0	0	0	0	1	0	1	0	0	0	0	0	0	0	0	0	0	0	0	0	0	0
	2	4	3	3	3	3	2	3	2	2	3	2	2	3	3	1	1	1	2	1	2	1	3	2	3	1	1	1	1	1	3	3	2	3	2	1	1	1	1	1	2	2	3	2	2	2	1	1	1	1	3	3	2	1	1	2	1	1	0	0	1	2	2	1	1	1	0	1	0	0	1	2	0	1	1	1	1	0	0	0	0	0	1	1	1	0	0	0	0	0	0	0	0	0	0	0	0	0	0	0
	2	4	3	3	3	3	2	3	2	2	3	2	2	3	3	1	1	2	2	1	3	2	3	2	3	1	1	1	1	1	3	3	3	3	2	1	1	1	1	1	3	2	4	2	2	2	1	1	1	1	3	3	2	1	1	2	1	1	1	0	1	2	2	1	1	1	0	1	1	0	1	2	0	1	1	1	1	1	0	0	0	0	1	1	1	0	0	0	0	0	0	0	1	0	0	0	0	0	0	0
	2	4	3	3	3	3	2	3	2	2	4	2	2	3	3	1	2	2	2	1	3	2	3	2	3	1	1	1	1	1	4	4	3	3	2	1	1	1	1	1	3	3	4	3	2	2	1	1	1	2	3	3	2	1	1	2	1	1	1	0	1	2	2	1	1	1	0	1	1	1	1	2	0	1	1	1	1	1	1	0	0	0	1	1	1	0	0	0	0	0	0	1	1	0	0	0	0	0	0	0
	3	4	3	3	3	3	2	3	2	2	4	2	2	3	3	1	2	2	2	1	3	3	4	2	3	1	2	1	1	1	4	4	3	3	2	1	1	1	2	1	3	3	4	3	3	2	1	1	1	2	3	4	2	1	1	2	1	1	1	1	1	2	2	1	1	1	0	1	1	1	1	2	0	1	1	1	1	1	1	1	0	1	1	1	1	0	0	0	0	0	0	1	1	0	0	0	0	0	0	0
	3	5	3	3	3	3	2	3	2	2	4	3	3	3	3	1	2	2	2	1	3	3	4	2	3	1	2	2	2	1	4	4	3	3	2	1	1	1	2	1	3	3	4	3	3	2	1	1	1	3	3	4	2	1	2	2	1	1	1	1	1	2	3	1	1	1	0	1	1	1	2	2	0	1	1	1	1	1	1	1	0	1	1	1	1	0	0	0	0	1	0	1	1	0	0	0	0	0	0	0
	3	5	4	3	3	3	2	3	2	2	5	3	3	3	3	1	2	2	2	1	3	3	4	3	3	1	2	2	2	1	4	4	3	3	2	1	2	2	3	1	3	3	4	3	3	2	1	1	1	3	3	4	2	1	2	2	1	1	1	1	2	2	3	1	1	2	0	1	1	1	2	3	0	1	1	1	1	1	1	1	0	1	1	1	1	0	0	0	1	1	0	1	1	0	0	0	0	0	0	0
	3	5	4	4	3	3	2	3	2	2	5	3	3	4	3	1	2	2	2	1	4	3	4	3	3	1	2	2	3	2	4	4	3	3	2	2	2	2	3	1	3	3	4	3	3	2	1	1	1	3	3	4	2	1	2	2	1	1	1	1	2	3	3	1	1	2	0	1	1	1	2	3	0	1	2	1	1	1	1	1	0	2	1	1	1	0	0	1	1	1	0	1	1	0	0	0	0	0	0	0
	3	5	4	4	4	3	2	3	2	2	5	3	3	4	4	1	2	2	3	2	4	3	4	3	3	2	2	2	3	2	5	4	3	3	2	2	2	2	3	1	3	3	4	3	3	2	1	1	1	3	3	4	2	1	2	2	1	1	1	1	2	3	3	1	2	2	0	1	1	1	2	4	0	1	2	1	1	1	1	1	1	2	1	1	1	0	1	1	1	1	0	1	1	0	0	0	0	0	0	0
	3	5	4	4	4	4	2	3	3	3	5	3	3	5	4	2	2	2	3	2	4	3	4	3	3	2	2	2	3	2	5	4	3	3	2	2	2	2	3	1	4	3	4	3	3	2	1	1	1	3	3	4	2	2	2	2	1	1	1	1	2	3	3	1	2	2	0	1	1	1	2	4	1	1	2	1	1	1	1	1	1	2	1	1	1	1	1	1	1	1	1	1	1	0	0	0	0	0	0	0
	3	5	4	4	4	4	3	4	3	3	5	3	4	5	5	2	2	2	4	2	4	3	4	3	3	2	2	2	3	2	5	4	3	3	2	2	2	2	3	1	4	3	4	4	3	2	1	1	1	3	4	4	2	2	2	2	1	1	1	1	2	3	3	1	2	2	0	1	1	1	2	4	1	1	2	1	1	1	1	1	1	2	2	1	2	1	1	1	1	1	1	2	1	0	0	0	0	0	0	0
	3	5	4	4	4	4	3	4	3	3	5	4	4	5	5	2	3	3	4	2	4	3	4	3	4	2	2	2	3	3	5	4	4	3	2	2	2	2	3	1	4	3	4	4	3	2	1	1	1	3	4	4	2	2	2	2	1	1	1	1	2	4	3	1	2	2	0	1	1	1	2	4	1	1	2	1	1	1	1	1	1	2	2	2	2	1	1	1	1	1	1	2	2	1	0	0	0	0	0	0
	3	5	4	4	4	4	3	4	3	3	6	4	4	5	5	2	3	3	4	2	4	3	4	3	4	2	3	3	3	3	5	5	4	3	3	2	2	2	3	2	4	3	4	4	3	2	1	1	1	3	4	5	2	2	2	2	1	1	1	1	2	4	3	1	2	2	0	1	1	1	2	4	1	2	2	1	1	1	1	1	1	2	3	2	2	1	1	1	1	1	1	2	2	1	1	0	0	0	0	0
	3	5	4	4	4	4	3	4	3	3	6	4	4	5	5	2	3	3	4	2	5	4	4	3	4	2	3	3	3	3	5	5	4	3	3	3	3	2	3	2	4	3	5	4	3	3	1	1	1	4	4	5	2	2	2	2	1	1	1	1	2	4	3	1	3	2	0	1	1	1	2	4	1	2	2	1	1	1	1	1	1	3	3	2	2	2	1	1	1	1	1	2	2	1	1	0	0	0	0	0
	3	5	4	4	4	4	3	4	3	3	6	4	4	5	5	2	3	3	4	2	5	4	5	3	4	2	3	4	3	3	6	6	4	3	3	3	3	2	3	2	4	3	5	4	3	3	2	1	2	4	4	5	2	3	3	2	1	1	1	1	2	4	3	1	3	2	0	1	1	1	3	4	1	2	2	1	1	1	1	1	1	3	3	2	2	2	2	1	1	1	1	2	2	1	1	0	0	0	0	0
	3	5	4	4	4	4	3	4	3	3	6	4	4	5	5	2	3	4	4	2	5	4	5	4	4	2	3	4	3	3	6	6	5	3	3	3	3	2	3	2	4	4	5	4	3	3	2	2	2	4	4	5	3	3	3	3	1	1	1	1	2	4	3	1	3	3	0	1	1	1	3	5	1	2	2	1	1	1	1	1	1	3	3	2	2	2	2	2	1	1	1	2	2	1	1	0	0	0	0	0
	3	5	4	4	4	4	3	4	3	3	6	4	4	5	5	2	3	4	5	2	5	4	5	4	5	2	3	4	3	3	6	6	5	4	3	3	4	2	3	2	5	4	5	4	3	3	2	2	2	4	4	5	3	3	3	3	1	1	1	1	2	4	4	2	3	3	1	1	1	1	3	5	1	2	2	2	1	1	1	1	1	3	3	2	2	2	2	2	1	1	1	2	2	1	1	0	1	0	0	0
	3	5	4	4	4	4	3	4	3	3	6	4	4	5	5	2	3	4	5	2	5	4	5	4	5	3	4	4	3	4	6	6	5	4	4	3	4	2	3	2	5	4	5	4	3	3	2	2	2	4	5	6	3	3	3	3	2	1	1	1	2	4	4	2	3	3	1	1	1	1	3	5	2	2	3	2	1	1	1	1	1	3	3	2	2	2	2	2	1	1	1	2	2	1	1	0	1	1	0	0
	3	5	4	4	4	4	3	4	3	3	6	4	4	5	5	3	3	4	5	2	5	4	5	4	5	3	4	4	3	4	6	6	5	4	4	4	4	2	3	3	5	5	5	4	3	4	2	3	2	4	5	6	3	3	3	3	2	1	1	1	2	5	4	2	3	3	1	1	1	1	3	5	2	2	3	2	1	1	1	1	1	3	3	3	2	3	2	2	1	1	1	2	2	1	1	0	1	1	1	0
	3	5	4	4	4	4	3	4	3	3	6	4	4	5	5	3	4	4	5	2	5	4	5	4	5	3	4	4	3	4	6	7	5	4	4	4	4	2	3	3	5	5	5	4	3	4	3	3	2	5	5	6	3	3	3	4	2	2	1	1	3	5	4	2	3	3	1	1	1	1	3	5	2	2	3	2	1	1	1	1	1	3	3	3	3	3	2	2	1	1	1	2	2	1	1	1	1	1	1	1
	3	5	4	4	4	4	3	4	3	3	6	4	4	5	5	3	4	5	5	2	5	5	5	4	5	3	4	4	3	4	6	7	5	4	4	4	4	2	3	3	5	5	5	4	3	4	3	3	3	5	5	6	3	3	3	4	3	2	1	1	3	5	4	2	3	3	2	2	1	1	4	5	2	2	4	2	1	1	1	1	1	3	3	3	3	3	2	2	1	2	1	2	2	1	1	1	2	1	1	1
	3	5	4	4	4	4	3	4	3	3	7	4	4	5	5	3	4	5	6	2	5	5	5	4	5	3	4	4	3	4	6	7	5	4	4	4	4	2	3	3	5	5	5	4	3	4	3	4	3	5	5	6	3	3	3	5	3	2	1	1	3	5	4	2	3	4	2	2	2	1	4	6	2	2	4	2	2	1	1	1	1	3	3	3	3	3	2	2	2	2	1	2	2	1	1	1	2	2	1	1
	4	5	4	4	4	4	3	4	3	3	7	4	4	5	5	3	4	5	6	2	5	5	5	4	5	3	4	4	4	4	6	7	5	4	4	4	4	3	3	3	5	5	5	4	3	4	3	4	3	5	5	6	3	3	4	5	3	2	2	1	3	5	4	2	4	4	2	2	2	1	4	6	3	2	4	2	2	2	1	1	1	3	3	3	3	3	2	3	3	2	1	2	2	1	1	1	2	2	1	1
	4	6	4	4	4	4	3	4	3	3	7	4	4	5	5	3	4	5	6	2	5	5	5	4	5	3	4	5	4	4	6	7	5	4	4	4	4	3	4	3	5	5	5	4	4	4	3	4	3	5	5	6	3	3	4	5	3	2	2	1	3	5	4	2	4	4	2	2	3	2	4	6	3	3	4	2	2	2	2	1	1	3	3	4	3	3	3	3	3	2	1	2	2	1	1	1	2	2	1	1
	4	6	5	4	4	4	3	4	3	3	7	4	4	5	5	3	4	5	6	2	5	5	5	4	5	3	4	5	4	5	6	7	5	4	4	4	5	3	4	3	5	5	5	5	4	4	3	4	3	5	5	6	3	3	4	5	3	3	2	2	3	5	4	3	4	4	2	2	3	2	4	6	3	3	4	3	2	2	2	2	1	3	3	4	3	3	3	3	3	2	1	2	2	2	1	1	2	2	1	1
	4	6	5	5	4	4	3	4	3	3	7	4	4	5	5	3	4	5	6	3	5	5	5	4	5	3	4	5	4	5	6	7	6	4	4	4	5	3	4	3	5	5	5	5	4	4	4	4	4	6	5	6	3	4	4	5	3	3	2	2	3	5	4	3	4	5	2	2	3	2	4	6	3	3	4	3	2	2	2	2	1	3	3	4	3	3	3	3	3	3	1	2	2	2	2	1	2	2	1	1
	4	6	5	5	5	4	3	4	3	4	7	4	4	5	5	3	4	5	6	3	5	5	5	4	5	3	4	5	4	5	6	7	6	4	4	4	5	4	5	3	5	5	6	5	5	5	4	4	4	6	5	6	3	4	4	5	3	3	2	2	3	5	4	3	5	5	2	2	3	2	4	6	3	3	4	3	2	2	2	2	1	3	3	4	3	3	3	3	3	3	1	2	2	2	2	2	2	2	2	1
	4	6	5	5	5	4	3	4	3	4	7	4	4	6	5	3	4	5	7	3	5	5	5	4	5	3	4	5	5	6	6	7	6	4	5	4	5	4	5	3	5	6	6	6	5	5	4	4	4	6	5	6	3	4	4	5	3	3	2	2	3	5	4	4	5	5	2	2	3	2	4	6	3	3	4	3	2	2	2	2	1	3	3	4	3	4	3	3	3	3	1	2	2	2	2	2	2	2	2	2
	4	6	5	5	5	4	3	4	4	4	7	4	5	6	5	3	4	5	7	3	5	5	5	4	6	3	4	6	5	6	6	7	6	4	5	4	5	4	5	4	6	6	7	6	5	5	4	4	4	6	5	6	3	4	4	5	3	3	2	2	3	5	4	4	5	5	2	2	3	2	4	6	3	4	4	3	2	2	2	2	1	3	3	4	4	4	3	3	3	4	1	2	2	2	2	2	2	2	2	2
	4	6	5	5	5	4	3	5	4	4	7	5	5	7	5	3	4	5	7	3	5	5	5	4	6	3	4	6	5	6	6	8	6	4	5	4	6	4	5	4	6	6	7	6	5	5	4	4	4	7	6	6	3	4	4	5	3	3	2	2	3	5	4	4	5	5	2	2	3	2	4	6	3	4	5	3	2	2	2	2	1	3	3	5	4	4	3	3	4	4	1	2	2	2	2	2	2	2	2	2
	4	6	5	6	5	4	4	5	4	4	8	5	5	7	5	3	4	5	7	3	5	6	5	4	6	3	5	6	5	6	6	8	6	4	5	4	6	4	5	4	6	6	7	6	5	5	4	4	4	7	6	6	3	4	4	5	3	3	3	2	4	5	4	4	5	5	2	2	3	2	4	6	3	4	5	4	2	2	2	2	1	3	4	5	4	4	3	4	4	4	1	2	2	2	2	2	2	2	2	2
	4	6	6	6	5	5	4	5	4	4	8	5	5	7	5	3	4	5	7	3	6	6	6	4	6	4	5	6	5	6	6	8	6	4	5	4	6	4	5	4	6	6	7	6	5	5	4	4	4	7	7	6	3	4	4	5	3	3	3	2	4	5	4	4	5	5	2	2	3	3	4	7	3	4	5	4	3	2	2	2	1	3	4	5	4	4	4	4	4	4	1	2	2	2	2	2	2	2	2	2
	4	7	6	6	6	5	4	5	4	4	8	5	5	7	6	3	4	5	7	3	6	6	6	4	6	4	5	6	5	6	7	8	7	4	5	4	6	4	5	4	6	7	7	6	5	5	4	4	4	7	7	6	3	4	4	5	3	3	3	2	4	5	4	4	5	5	2	3	3	3	4	7	3	4	5	4	3	2	2	3	1	4	4	5	4	4	4	4	4	4	1	2	2	2	2	2	3	2	2	2
	5	7	6	7	6	5	4	5	4	4	8	5	5	8	6	3	4	5	7	3	6	6	6	5	6	4	5	6	5	6	7	9	7	4	5	4	6	4	5	4	7	7	7	6	5	5	4	4	4	7	7	6	3	4	4	5	3	4	3	2	4	5	4	4	5	5	2	3	3	3	4	7	3	4	5	4	3	2	2	3	2	4	4	5	4	4	4	4	4	5	1	2	2	2	2	2	3	3	2	2
	5	7	6	7	7	5	4	5	4	4	9	5	6	8	6	3	4	5	7	3	6	6	6	5	7	4	5	6	5	6	7	9	8	4	5	4	6	4	5	4	7	7	7	6	5	5	4	4	5	7	8	6	3	4	4	5	3	4	3	2	4	5	4	4	5	5	2	3	3	3	4	7	3	4	5	4	3	2	2	3	2	4	4	5	4	4	4	4	5	5	2	2	2	2	2	2	3	3	3	2
	5	7	7	7	7	6	4	5	4	4	9	6	6	8	6	3	4	5	7	3	6	6	7	5	7	4	5	6	5	6	7	9	8	5	5	4	6	5	5	4	7	7	7	6	5	5	4	4	5	7	8	7	3	4	4	5	3	4	3	2	4	5	4	4	5	5	2	3	3	3	4	7	3	4	5	4	3	3	2	3	2	4	4	5	4	4	4	4	5	5	2	3	2	2	2	2	3	3	3	3
	5	8	7	7	7	6	4	5	4	4	9	6	6	8	6	4	4	5	7	3	6	7	7	6	7	4	5	6	5	6	7	9	8	5	6	4	6	5	5	4	7	7	8	6	5	5	4	5	5	7	8	7	3	4	4	5	3	4	3	2	4	5	4	4	5	5	2	4	3	3	4	7	3	4	5	4	3	3	2	3	2	4	4	5	4	4	4	4	5	6	2	3	3	2	2	2	3	3	3	3
	6	8	7	7	7	6	4	5	4	4	9	6	6	8	6	4	5	5	7	3	7	7	7	6	7	4	5	6	5	6	7	10	8	6	6	5	6	5	5	4	7	7	8	6	5	5	4	5	5	7	8	7	3	4	4	5	4	4	3	2	4	5	4	4	5	5	3	4	3	3	4	7	3	4	5	4	3	3	3	3	2	4	5	5	4	4	4	4	5	6	2	3	3	2	2	2	3	3	3	3
	6	8	7	7	7	6	4	5	4	4	10	6	6	8	6	4	5	6	7	3	7	8	7	6	7	4	5	6	5	6	8	10	8	6	7	5	6	5	5	4	7	7	8	6	6	5	4	5	5	7	8	7	3	4	4	6	4	4	3	2	4	5	4	4	5	5	3	5	3	3	4	8	3	4	5	4	3	4	3	3	2	4	5	5	4	4	4	4	5	6	2	3	3	2	2	2	3	3	3	3
	6	8	7	7	7	6	4	5	4	4	10	7	6	8	6	4	5	6	8	3	7	8	8	6	7	4	5	6	5	6	8	10	8	6	7	5	6	5	5	4	7	8	8	6	6	6	5	5	5	7	8	7	3	4	5	6	4	4	3	2	4	6	4	4	5	5	3	5	4	3	4	8	3	4	5	4	4	4	3	3	2	4	5	5	4	4	4	4	5	6	2	3	3	2	2	2	3	3	3	3
	6	8	7	7	7	6	4	5	4	4	10	7	7	8	6	4	5	6	8	4	7	8	8	7	7	4	5	6	5	6	8	10	8	6	7	6	7	5	5	4	8	8	8	6	6	6	5	5	5	7	9	7	3	5	5	6	4	4	4	2	4	6	4	4	5	5	3	5	4	3	4	8	3	4	5	4	4	4	3	3	2	4	5	5	4	4	4	5	5	6	2	3	3	2	2	2	3	3	3	3
	6	8	7	7	7	6	4	5	4	5	10	7	7	9	6	4	5	6	8	4	7	8	8	7	7	4	6	7	5	6	9	10	8	7	7	6	7	5	5	4	8	8	8	7	6	6	5	5	5	7	9	7	3	5	5	6	4	4	4	3	5	6	4	4	5	5	3	5	4	3	4	8	3	4	5	4	4	4	3	3	2	4	5	5	4	4	5	5	5	6	2	3	3	2	2	2	3	3	3	3
	6	8	7	7	7	6	4	5	5	5	10	7	7	9	6	4	6	7	8	4	8	8	8	7	8	4	6	7	5	6	9	10	9	7	7	6	7	5	5	4	8	8	8	8	6	6	5	5	5	8	9	7	3	5	5	6	4	4	4	3	5	6	4	4	5	5	3	5	4	3	5	8	3	4	5	4	4	4	3	3	2	4	5	5	4	4	5	5	5	6	2	3	3	2	2	3	3	3	3	3
	6	8	7	7	7	6	5	6	5	5	11	7	7	9	6	4	6	7	8	4	8	8	8	7	8	4	6	7	6	6	9	10	9	8	7	6	7	5	6	4	8	8	9	8	6	6	5	5	5	8	9	7	4	5	5	6	4	4	4	3	5	6	4	4	5	5	3	5	4	3	5	8	3	4	5	4	4	4	3	3	2	5	5	5	4	4	5	5	5	6	2	3	3	2	3	3	3	3	3	3
	6	9	7	7	7	7	5	6	5	5	11	7	7	9	6	4	6	8	8	4	8	8	8	7	8	4	6	7	6	7	9	11	9	8	7	6	7	6	6	4	8	8	9	8	7	6	5	5	5	8	9	7	4	5	5	6	4	4	4	3	5	6	5	4	5	5	3	5	4	3	5	9	3	4	5	4	4	4	3	3	2	5	5	5	4	4	5	5	5	6	2	3	3	3	3	3	3	3	3	3
	7	9	7	7	7	7	5	6	5	5	11	7	7	9	7	4	6	8	9	4	8	9	8	7	8	4	6	7	6	7	9	11	9	8	7	6	7	6	6	5	8	8	9	8	7	6	5	5	6	8	9	7	4	5	6	6	4	4	4	3	5	6	5	5	5	5	3	5	4	3	5	9	4	4	5	4	4	4	3	3	2	5	5	6	4	4	5	5	5	6	2	3	3	3	3	3	3	3	3	3
	7	10	7	7	7	7	5	6	5	5	12	7	7	9	7	4	6	8	9	4	8	9	8	7	8	5	6	7	7	7	9	11	9	8	7	6	7	6	6	5	8	8	9	8	7	6	5	5	6	9	9	7	4	6	6	6	4	5	4	3	5	6	5	5	6	5	3	5	4	3	5	9	4	5	5	4	4	4	3	3	2	5	5	6	5	4	5	5	5	6	2	3	3	3	3	3	3	3	3	3
	7	10	8	7	7	7	5	6	5	5	12	8	7	9	7	4	6	8	9	4	8	9	8	7	9	5	6	7	7	7	9	11	9	8	7	6	7	6	7	5	8	8	9	9	7	6	5	6	7	9	9	7	4	6	6	6	4	5	4	3	5	6	5	5	6	6	3	5	4	3	5	9	4	5	6	4	4	4	3	3	2	5	5	6	5	5	5	5	5	6	2	3	3	3	3	3	3	3	3	3
	7	10	8	8	7	7	5	6	5	5	12	8	7	10	7	4	6	8	9	4	8	9	9	7	9	5	6	7	7	7	9	11	10	8	7	6	7	7	7	5	8	8	9	9	7	6	5	6	7	9	9	7	4	6	6	7	5	5	5	3	5	6	5	5	6	6	3	5	4	3	5	9	4	5	6	5	4	4	3	3	2	5	5	6	5	5	6	5	5	6	2	3	3	3	3	3	3	3	3	3
	7	10	8	8	8	7	5	6	5	5	12	8	8	10	7	4	6	8	9	4	8	9	9	8	9	5	6	7	7	7	9	11	10	8	7	6	7	7	7	5	8	8	10	9	7	7	5	7	7	9	9	7	4	6	6	7	5	5	5	3	5	6	5	5	6	6	4	6	4	4	5	9	4	5	6	5	4	4	3	3	2	5	5	6	5	5	6	6	5	6	2	3	3	3	3	3	3	3	3	3
	7	10	8	8	8	8	5	6	5	5	12	9	8	10	7	4	6	8	9	4	8	9	9	8	9	5	6	7	7	7	9	11	10	9	8	6	7	7	7	5	8	8	10	9	7	7	5	7	7	9	9	8	4	6	6	7	5	6	5	3	5	6	5	5	6	6	4	6	4	4	5	9	4	5	6	5	5	5	3	4	2	5	5	6	5	5	6	6	5	6	2	3	3	3	3	3	4	3	3	3
	7	10	8	8	8	8	5	6	5	5	12	9	8	10	7	5	6	8	9	4	8	10	9	8	9	5	6	7	7	7	9	11	10	9	8	7	7	7	7	5	8	9	10	9	8	7	5	7	8	9	9	8	4	6	6	7	5	6	5	3	5	6	5	5	6	6	4	6	4	4	5	9	4	5	6	6	5	5	3	4	2	5	5	6	5	5	6	6	6	7	2	3	3	3	3	3	4	4	3	3
	7	10	8	8	8	8	5	6	5	5	13	9	8	10	7	5	6	8	9	4	8	10	9	8	9	5	7	7	7	7	9	11	10	9	8	7	7	7	8	5	8	9	10	9	8	7	6	7	8	9	10	8	4	6	7	7	5	6	5	3	5	6	5	5	6	6	4	6	4	4	5	9	4	5	7	6	5	5	4	4	2	5	5	6	5	5	6	7	6	7	2	3	3	3	3	3	4	4	4	3
	7	10	8	8	8	8	5	6	5	5	13	9	8	10	7	5	6	8	9	4	9	10	9	8	9	5	7	7	7	8	9	11	10	9	8	7	8	7	8	5	8	9	10	9	8	7	6	8	8	9	10	8	4	7	7	7	5	6	5	3	5	7	5	5	6	6	4	6	5	4	5	9	4	6	7	6	5	5	4	4	2	5	5	6	5	5	7	7	6	7	2	3	3	3	3	3	4	5	4	3
	7	10	8	8	8	8	5	6	5	5	13	9	8	10	7	5	6	8	10	4	9	10	9	8	9	5	7	8	7	8	10	11	10	9	8	7	8	7	8	5	8	9	10	9	8	7	7	8	8	9	10	9	5	7	7	7	5	7	5	3	5	7	5	5	6	6	4	6	5	4	5	9	5	6	7	6	5	5	4	4	2	5	5	6	5	5	7	7	6	7	2	3	3	3	3	4	5	5	4	3
	7	10	8	8	8	8	5	6	5	5	13	9	8	10	7	5	7	8	10	5	9	10	9	8	9	5	7	8	7	8	10	11	10	9	8	7	8	7	8	5	8	10	11	9	8	8	7	9	8	9	10	9	5	7	7	7	5	7	5	3	5	7	6	5	6	6	4	6	5	4	5	10	5	6	7	6	5	5	4	4	2	5	5	6	5	5	7	8	6	7	2	3	3	3	4	4	5	5	4	3
	7	10	8	8	8	8	5	7	5	6	13	9	8	10	7	5	7	8	10	5	9	10	9	8	9	5	7	8	7	8	10	12	10	9	8	7	8	7	8	5	9	10	11	9	9	8	8	9	8	9	10	9	5	7	7	7	5	7	5	3	5	7	6	6	6	6	4	6	5	4	5	10	5	6	7	6	5	6	4	4	2	5	6	6	5	5	7	8	6	7	2	3	3	4	4	4	5	5	4	3
	7	10	8	8	8	8	6	7	6	6	13	9	8	10	7	5	7	8	10	5	9	10	9	8	9	5	7	8	7	8	10	12	11	9	8	7	8	7	8	5	9	10	11	10	9	9	8	9	8	9	11	9	5	7	7	7	5	7	5	3	5	7	6	6	7	6	4	6	5	4	5	10	5	6	7	6	5	6	5	4	2	5	6	6	5	5	7	8	6	7	2	4	4	4	4	4	5	5	4	3
	7	10	8	8	8	9	6	8	6	6	13	9	8	10	7	5	7	8	10	5	9	10	10	8	9	5	7	8	7	8	10	12	11	10	9	7	8	7	8	5	9	11	11	10	9	9	8	9	8	9	11	9	5	7	7	7	5	7	5	3	5	7	6	6	7	7	4	6	6	4	5	10	5	6	7	6	5	6	5	4	2	5	6	7	5	5	7	8	6	7	3	4	4	4	4	4	5	5	4	3
	7	10	8	8	8	9	6	8	6	6	13	9	9	10	8	5	8	8	10	5	9	10	10	8	10	6	7	8	7	8	10	13	11	10	9	7	8	7	8	5	9	11	11	10	9	9	8	9	8	9	11	9	5	7	7	8	5	8	5	3	5	7	6	6	7	7	4	6	6	4	5	10	5	6	7	6	5	6	5	4	3	5	6	7	6	5	7	8	6	7	3	4	4	4	4	4	5	5	4	3
	7	10	9	8	8	9	6	8	6	6	13	9	9	11	8	5	8	9	10	5	9	11	10	9	10	6	7	8	7	8	10	13	11	10	9	8	8	7	8	5	9	11	11	10	9	9	9	10	8	9	11	9	5	7	7	8	5	8	5	3	5	7	6	6	7	7	4	6	6	4	6	10	5	6	7	6	5	6	5	4	3	5	6	7	6	6	7	8	6	7	3	4	4	4	4	4	5	5	4	3
	7	11	9	9	8	9	6	8	6	6	14	9	9	11	8	5	8	9	11	5	9	11	11	9	10	6	8	8	7	8	10	13	11	10	9	8	8	7	8	5	9	11	11	10	9	9	9	10	8	9	11	9	5	7	7	8	6	9	5	3	5	7	6	6	7	7	4	6	6	4	6	11	5	6	7	6	5	6	5	4	3	5	6	7	6	6	8	8	6	7	3	4	4	4	4	4	5	5	4	3
	8	11	10	9	8	9	6	8	6	6	14	10	10	11	8	6	8	9	11	5	9	11	11	9	10	6	8	8	8	8	10	13	11	10	9	8	8	7	8	5	9	11	11	10	9	9	9	10	8	9	11	9	5	7	7	8	6	9	5	3	5	7	6	6	7	7	5	7	6	4	6	11	5	6	7	6	5	6	5	4	3	6	6	7	6	6	8	9	6	7	3	4	4	4	4	4	5	5	4	3
	8	12	10	9	8	9	6	8	6	6	15	10	10	12	8	6	9	9	11	5	9	12	11	9	10	6	8	9	8	8	10	13	11	10	9	8	8	7	8	5	9	11	11	10	9	9	9	10	8	9	11	9	5	7	7	8	6	9	5	3	5	7	6	6	7	7	5	7	6	4	6	11	5	6	7	6	6	7	5	4	3	6	7	7	6	6	8	9	7	7	3	4	4	4	4	4	5	5	4	3
	8	12	10	9	8	9	7	8	6	6	15	11	10	12	8	6	9	9	11	5	10	12	11	10	10	6	8	9	8	8	11	13	11	10	9	8	8	8	8	5	9	11	11	10	9	9	9	10	8	9	11	9	5	7	7	8	6	9	5	3	5	7	6	6	7	7	5	7	6	4	6	11	5	6	7	7	6	7	6	4	3	6	7	8	6	6	8	9	7	8	3	4	4	4	4	4	5	5	4	3
	8	12	10	9	8	10	7	8	6	6	16	11	10	12	8	6	9	9	11	5	10	13	11	10	10	6	8	9	8	8	11	13	12	10	9	8	8	8	8	5	10	11	11	10	9	9	9	10	9	9	11	9	5	7	7	8	6	9	5	3	5	7	6	6	7	7	5	7	6	5	6	11	5	6	7	7	6	7	6	4	3	6	7	8	7	7	8	9	7	8	3	4	4	4	4	4	5	5	4	4
	9	12	10	9	9	10	7	8	6	6	16	11	10	12	8	6	9	9	11	5	10	13	11	10	10	6	8	9	8	8	11	14	12	10	9	8	8	8	8	5	10	11	12	10	9	9	9	10	9	10	12	9	5	7	7	8	6	9	5	4	5	7	6	6	7	7	5	7	6	5	6	11	5	6	8	7	6	7	6	4	3	6	7	8	7	7	9	9	7	8	3	4	4	4	4	4	5	5	5	4
	9	13	10	10	9	10	7	8	6	6	16	11	10	12	8	6	9	9	11	5	10	13	11	10	10	6	8	9	8	8	11	14	12	10	9	8	8	8	8	6	10	12	12	10	9	9	9	10	9	10	12	10	5	7	7	8	6	9	6	4	6	7	6	6	7	7	5	7	6	5	6	11	5	7	8	7	6	7	6	4	3	6	7	8	7	7	9	10	7	8	3	4	4	4	4	4	5	6	5	4
	9	13	11	10	9	10	7	8	6	6	16	11	10	13	8	6	9	9	11	5	10	13	11	10	10	6	8	9	8	9	11	14	12	10	9	8	8	8	8	6	11	12	12	10	9	9	9	10	9	10	12	10	5	7	7	8	6	9	6	4	6	7	7	6	7	7	5	7	7	5	7	11	6	7	8	7	6	7	6	4	3	6	7	8	7	7	9	10	8	8	3	4	4	4	4	4	6	6	5	4
	9	13	11	11	9	10	7	8	6	6	16	11	11	13	8	6	9	9	12	5	10	13	11	10	10	6	8	9	8	9	11	14	12	10	9	8	8	8	8	6	11	12	12	10	9	9	9	10	9	10	13	10	5	7	7	8	6	9	6	4	6	8	7	6	7	7	5	7	7	5	7	12	6	7	8	7	6	8	7	4	4	6	7	8	7	7	9	10	8	8	3	4	4	4	4	5	6	6	5	4
	9	13	11	11	10	10	7	8	6	6	16	11	11	13	8	6	9	9	12	6	10	13	11	11	10	6	8	9	8	9	11	14	12	10	9	8	8	8	8	6	11	12	12	10	9	9	9	10	9	10	13	11	5	7	7	8	6	9	6	4	7	8	7	6	7	7	5	8	7	5	8	12	6	7	8	7	6	8	7	5	4	7	7	8	7	7	9	10	8	8	3	4	4	4	5	5	6	6	5	4
	9	13	11	11	10	10	7	8	6	7	16	11	11	14	8	6	9	9	12	6	10	13	11	11	10	6	8	9	8	9	11	14	13	10	9	8	8	8	8	6	11	12	12	10	9	9	9	10	9	10	14	11	6	7	7	8	7	9	6	4	7	8	7	6	7	7	5	8	7	5	8	12	6	7	8	7	6	8	7	5	5	7	7	8	7	7	9	10	8	9	3	5	4	5	5	5	6	6	5	4
	9	13	11	11	10	10	7	8	7	7	16	11	12	14	8	6	9	9	12	6	10	13	11	11	10	6	8	9	8	9	11	14	13	10	9	8	8	8	8	6	11	12	13	11	9	9	9	10	9	10	14	12	6	7	7	9	7	9	6	4	7	8	7	6	7	7	5	8	7	5	8	12	6	7	8	7	6	8	7	5	5	7	8	8	7	7	9	10	8	9	4	5	5	5	5	5	6	6	5	5
	9	13	11	11	10	10	7	9	7	7	16	12	12	14	8	6	9	9	12	6	10	13	11	11	10	6	8	9	8	9	11	15	13	10	9	8	8	8	8	6	11	12	13	11	9	9	9	10	9	10	14	12	7	8	7	9	7	9	6	4	7	8	7	6	7	7	6	8	7	5	8	12	7	7	8	7	6	8	7	5	5	7	8	9	7	7	9	10	8	9	4	6	5	5	5	5	6	6	6	5
	9	13	11	11	10	10	8	9	7	7	17	12	12	14	8	6	9	9	12	6	10	13	12	11	10	6	8	9	8	9	11	15	13	10	9	8	8	8	8	6	11	12	13	11	9	9	9	10	9	10	14	12	7	8	8	9	7	9	6	4	7	8	7	7	7	7	6	8	7	5	8	12	7	8	8	7	7	8	7	5	5	7	8	9	8	7	9	10	8	9	4	6	6	5	5	5	6	7	6	5
	9	13	11	11	10	10	8	9	7	7	17	13	12	14	8	6	10	9	12	6	11	13	12	11	10	6	8	9	8	9	11	15	13	10	9	8	8	8	8	6	11	12	13	11	10	9	9	10	9	10	14	12	7	8	8	9	7	9	6	4	7	8	7	7	8	7	6	8	7	5	8	12	7	8	9	7	7	8	7	5	5	7	9	9	8	8	9	11	8	9	4	6	6	5	5	5	7	7	6	5
	9	13	11	11	10	10	8	9	7	7	18	13	12	14	8	6	10	10	12	6	11	13	12	11	10	6	8	9	8	9	12	15	13	10	9	8	8	8	8	6	11	12	13	11	10	10	9	10	9	10	14	12	7	8	9	9	7	9	6	4	7	8	7	7	8	8	6	8	7	5	8	13	7	8	9	7	7	8	7	5	5	7	9	9	8	8	10	11	9	9	4	6	6	5	5	6	7	7	6	5
	9	13	11	11	10	10	8	9	7	7	18	13	12	14	8	6	10	10	13	6	12	13	12	11	10	6	8	9	8	9	12	15	13	10	10	8	8	8	8	6	12	12	13	11	10	10	9	10	9	10	14	12	7	8	9	10	7	9	6	4	7	8	8	7	8	8	7	8	7	5	8	13	7	8	9	8	7	8	8	5	5	7	9	9	8	8	10	11	9	9	4	6	6	5	6	6	7	7	6	5
	9	13	11	11	10	10	8	9	7	7	18	13	12	14	8	6	10	10	13	6	12	13	12	11	10	6	8	9	9	9	13	15	13	11	10	8	8	8	8	6	12	12	13	11	10	10	10	10	9	10	15	12	8	8	9	10	7	9	6	4	7	8	8	7	8	8	7	9	7	6	8	13	7	8	9	8	8	8	8	5	5	7	9	9	8	8	10	11	9	9	4	6	6	6	6	6	7	7	6	5
	9	13	11	11	10	10	8	9	7	7	18	13	12	14	8	6	10	10	13	6	12	14	12	11	10	6	8	9	9	9	13	15	14	11	10	8	9	8	9	6	12	13	13	12	10	10	10	10	9	10	15	12	8	8	9	10	7	10	6	5	7	8	8	7	8	8	7	9	7	6	8	13	7	8	9	8	8	9	8	5	5	7	9	9	8	8	10	11	9	9	4	6	7	6	6	6	7	7	6	5
	9	13	11	11	10	10	8	9	7	7	18	14	12	14	8	6	10	10	13	6	12	14	13	11	10	6	8	9	9	9	13	16	14	11	10	9	9	9	9	6	12	13	14	12	10	10	10	11	9	11	15	12	8	8	9	10	7	10	6	5	7	8	8	7	8	8	7	9	8	6	8	13	7	8	9	8	8	9	8	5	5	7	9	9	8	8	10	11	9	9	4	7	7	6	6	6	7	7	6	5
	9	14	11	11	10	10	8	9	7	7	18	14	12	14	8	6	10	10	13	6	12	15	13	12	10	7	8	9	9	9	13	16	14	11	10	9	10	9	9	6	12	13	14	12	10	10	11	11	9	11	15	13	8	8	9	10	7	10	7	5	7	8	8	7	8	8	7	9	8	6	8	13	7	8	9	8	8	10	8	5	5	7	9	9	8	8	10	11	9	9	5	7	7	6	6	6	7	7	6	5
	9	15	11	11	10	10	8	9	7	7	19	14	12	15	8	6	10	10	13	6	12	15	13	12	11	7	9	9	9	9	13	16	14	11	10	10	10	9	9	6	12	13	14	12	10	10	11	11	9	11	15	13	8	8	9	10	7	10	7	5	7	9	8	7	8	8	7	9	9	6	8	13	7	8	9	8	8	10	8	5	6	7	9	9	8	8	10	12	9	9	5	7	7	6	6	6	7	7	6	5
	10	15	12	12	10	10	8	9	7	7	19	14	12	15	9	7	10	10	13	6	12	15	13	12	11	8	9	9	9	9	13	16	14	11	10	10	10	9	9	6	12	13	14	12	10	10	11	11	9	11	15	13	8	8	9	10	7	10	7	5	7	9	8	7	8	8	7	9	9	6	9	14	7	8	9	8	8	11	8	5	6	7	9	9	8	8	10	12	10	9	5	7	7	6	6	6	7	7	6	5
	10	15	12	12	11	11	8	9	7	7	20	14	13	15	9	7	11	10	13	6	12	15	13	12	11	8	9	9	9	9	13	16	14	11	11	10	10	9	9	6	12	13	14	12	10	10	11	11	9	11	15	13	8	8	9	10	7	10	7	5	8	9	8	7	8	8	7	9	9	6	9	14	7	8	9	8	8	11	9	5	6	8	9	9	8	8	10	12	10	10	5	7	7	6	6	6	7	7	6	5
	10	15	12	12	11	11	9	9	7	7	20	14	13	16	9	7	11	11	13	6	13	15	14	12	11	8	9	9	9	9	13	16	14	11	11	10	10	9	9	6	12	13	14	12	11	10	11	11	9	11	16	13	8	8	9	10	7	10	7	5	8	9	8	7	8	8	7	9	9	7	9	14	7	8	9	8	8	11	9	6	6	8	10	9	8	8	10	12	10	10	5	7	7	6	6	6	7	7	6	5
	10	15	12	12	11	11	9	10	7	7	20	14	13	16	9	7	11	11	14	6	13	15	14	13	11	8	9	9	9	9	14	16	15	11	11	10	10	9	9	6	13	13	14	12	11	10	11	11	9	11	16	13	8	9	9	10	7	10	7	6	8	9	8	7	8	8	7	9	9	7	9	14	8	8	9	8	8	11	9	6	6	8	10	9	8	8	10	12	10	11	5	7	7	6	6	6	7	7	6	5
	10	15	12	12	11	11	9	10	8	7	20	14	13	16	9	7	11	11	14	6	13	15	14	13	11	8	9	9	9	10	14	16	15	12	11	10	10	9	9	6	13	14	14	13	11	10	11	11	9	12	17	13	8	9	9	10	7	10	7	6	8	9	8	8	8	8	7	9	9	7	9	14	8	8	9	8	8	11	9	6	6	8	10	10	8	8	10	12	10	11	5	7	7	6	6	6	7	7	6	6
	10	15	12	12	11	11	9	10	8	8	20	14	13	16	9	7	11	11	14	6	13	15	14	13	11	8	9	9	9	10	14	16	15	12	11	10	10	9	10	7	13	14	15	13	12	10	11	11	9	12	17	14	8	10	9	10	7	10	7	6	8	9	8	8	8	8	7	9	9	7	9	14	9	9	9	8	8	11	9	6	6	8	10	10	8	8	10	12	10	11	5	7	7	6	6	6	7	7	7	6
	10	15	12	12	11	11	9	10	8	8	20	14	13	16	9	7	11	11	14	7	13	15	14	13	11	8	9	9	9	10	14	16	15	12	11	10	10	9	10	7	13	14	15	13	12	10	11	11	10	13	17	14	9	10	10	10	7	10	7	6	8	10	9	9	8	8	7	9	9	7	9	14	9	10	9	8	8	11	9	6	6	8	10	10	8	8	10	12	10	11	5	7	7	6	6	6	7	8	7	6
	10	15	12	12	11	11	9	10	8	8	20	14	13	16	9	7	11	11	14	7	13	15	14	13	11	8	9	9	9	11	14	16	15	12	11	10	10	9	10	7	13	14	16	13	12	10	11	11	10	13	17	14	9	11	10	10	7	11	8	6	8	10	9	9	9	8	7	9	9	7	10	15	10	10	9	8	8	11	9	6	6	8	10	10	8	8	10	13	10	11	5	7	7	6	6	6	7	8	7	6
	10	15	12	12	11	11	9	10	8	8	20	14	13	16	9	7	11	11	14	7	13	15	14	13	11	8	9	9	9	11	14	17	15	12	11	10	10	9	10	8	13	14	16	14	12	10	11	11	10	13	17	14	9	11	10	10	8	11	8	6	8	10	9	9	9	8	7	9	10	7	10	15	10	10	10	8	8	11	9	6	7	9	11	10	8	8	10	13	10	11	5	7	7	6	6	6	8	8	7	6
	10	15	12	12	11	11	9	10	8	8	20	14	13	16	9	7	11	11	14	7	13	16	14	13	11	8	9	9	9	11	14	17	16	12	11	10	10	9	10	8	13	14	16	14	12	10	11	11	10	14	17	14	9	11	10	11	8	12	8	6	8	10	9	9	10	8	7	9	10	7	10	15	10	10	10	8	8	11	9	6	7	9	11	10	8	8	10	13	10	11	6	8	8	6	6	7	8	8	7	6
	10	15	12	12	11	11	9	10	8	8	21	14	13	16	9	7	11	11	14	7	13	16	14	13	11	8	9	9	9	11	14	18	16	12	11	10	10	9	10	8	13	14	16	14	12	10	11	12	10	14	17	14	9	12	11	11	8	12	9	6	8	10	9	9	10	8	7	9	10	7	10	15	10	10	10	8	8	11	9	6	8	9	12	10	8	8	10	13	10	11	6	8	8	7	7	7	8	8	7	6
	10	15	12	12	11	11	9	10	8	8	21	15	13	16	9	7	11	11	14	7	13	17	14	13	11	8	9	9	9	11	14	18	16	12	11	10	10	10	10	8	13	14	16	15	12	10	11	12	11	14	17	14	9	12	11	11	8	12	9	6	8	10	9	9	10	9	7	9	10	7	11	15	10	10	10	8	8	11	9	6	8	9	12	11	9	9	10	13	10	11	6	8	8	7	7	7	8	8	7	6
	10	16	12	12	11	11	9	10	8	8	21	15	13	16	9	7	11	11	14	7	13	17	15	13	11	8	9	10	9	11	14	18	17	12	11	10	10	10	11	8	13	14	16	15	12	10	11	12	11	14	17	14	9	12	11	11	8	12	9	6	9	10	9	9	10	9	7	9	10	7	11	15	10	11	11	9	8	11	9	6	8	9	12	11	9	9	11	13	10	11	6	8	8	7	7	7	8	8	7	6
	11	16	12	12	11	11	9	10	8	8	21	15	14	16	9	7	12	11	14	7	13	17	15	14	11	8	9	10	10	11	14	18	17	12	11	10	10	10	11	8	13	14	16	15	12	10	11	12	11	14	18	14	9	12	11	11	8	12	9	6	9	10	9	9	11	9	8	9	10	7	11	15	10	11	12	9	8	11	9	6	8	9	12	11	9	9	11	14	10	11	6	8	8	7	7	7	8	8	7	6
	11	16	13	12	11	11	9	10	8	8	22	15	14	16	9	7	12	12	14	7	13	17	15	14	12	8	9	11	10	11	14	18	17	12	11	10	10	10	11	8	14	14	16	15	12	10	11	12	11	14	18	14	9	12	11	11	8	12	9	6	9	10	9	10	11	9	8	10	10	7	11	15	10	12	12	9	9	11	9	6	8	9	12	11	9	9	11	14	10	11	6	8	8	7	7	7	8	8	7	6
	11	17	13	12	11	11	9	10	8	8	22	15	14	16	9	7	12	12	15	7	14	17	15	14	12	9	9	11	10	11	15	18	17	12	11	10	11	10	11	8	14	14	16	15	12	10	11	12	11	14	18	14	10	12	11	11	8	12	9	6	9	10	9	10	11	9	8	10	11	7	11	15	11	12	12	9	9	12	9	6	8	9	12	11	9	9	11	14	10	11	6	8	8	7	7	7	8	8	7	6
	12	17	13	12	11	11	9	10	9	8	22	15	14	16	9	7	12	12	15	7	14	18	15	14	12	9	10	11	10	11	15	18	17	12	11	10	11	10	11	8	14	15	16	16	12	10	12	12	11	14	18	14	10	12	11	11	8	12	9	6	9	10	9	10	11	9	8	10	11	7	11	16	11	12	12	9	9	12	10	6	8	9	12	11	9	9	11	14	11	11	6	8	8	7	7	7	8	8	7	6
	12	17	13	12	11	11	9	11	9	8	23	15	14	16	9	7	12	12	15	7	14	18	16	14	12	9	10	12	10	11	15	18	18	12	11	10	11	10	11	8	14	15	16	16	12	11	12	12	11	14	18	15	10	12	11	11	8	12	9	6	9	11	9	10	11	9	8	10	11	8	11	16	11	12	12	9	9	12	10	6	8	9	12	11	9	9	11	14	11	12	6	8	8	7	7	7	8	8	7	6
	12	17	13	12	11	11	10	11	9	8	23	15	15	16	9	7	12	12	15	7	15	18	16	15	12	9	10	12	10	11	15	18	18	12	12	10	12	10	11	8	14	15	16	16	12	11	12	12	11	14	18	15	11	12	11	11	8	12	9	7	9	11	10	10	11	9	8	10	11	8	11	16	11	12	12	9	9	12	10	7	8	9	12	11	9	9	11	14	11	12	6	8	8	7	7	7	8	8	7	6
	12	17	13	13	11	11	10	11	9	8	23	15	15	16	9	8	12	12	15	7	15	18	16	15	13	9	10	12	10	11	16	18	18	13	12	11	12	10	11	8	14	15	17	16	12	11	12	12	11	15	18	15	11	12	11	11	8	12	9	7	9	11	10	11	11	9	8	10	11	8	11	16	11	12	12	9	9	12	11	7	8	9	12	11	9	9	11	14	11	12	6	8	8	7	7	7	8	8	7	6
	12	17	14	13	11	11	10	11	9	8	23	15	15	16	9	8	12	12	15	7	15	18	16	15	13	10	11	12	10	11	16	18	19	13	13	11	12	10	12	8	15	15	17	16	13	11	12	12	11	15	18	15	11	13	11	11	8	12	9	7	9	11	10	11	11	9	8	10	11	8	11	16	11	12	12	9	9	13	11	7	8	9	12	11	9	9	11	14	11	12	6	8	8	7	7	7	8	8	7	6
	12	17	14	13	11	11	10	11	9	8	23	16	15	16	10	8	13	12	15	7	15	18	17	15	13	10	11	12	11	11	16	18	19	13	13	11	12	10	12	8	15	15	17	17	13	12	12	12	11	15	19	15	11	13	12	11	8	12	9	7	9	11	10	11	11	9	8	10	11	8	11	16	11	12	12	9	9	13	11	7	8	9	12	11	9	9	11	15	11	12	6	8	8	7	7	7	8	8	7	6
	12	17	14	13	12	11	10	11	9	8	24	16	15	16	10	8	13	13	16	7	15	18	17	15	13	10	11	12	11	11	16	19	19	13	13	11	12	10	12	8	15	15	18	17	13	12	12	12	11	15	19	15	11	13	12	12	8	12	9	7	10	11	10	11	12	9	8	10	11	8	11	16	11	12	12	9	9	13	11	7	8	9	12	11	9	9	11	15	11	12	6	8	8	7	7	7	8	9	7	6
	12	18	14	14	12	11	10	11	9	9	24	16	15	16	10	8	13	13	16	7	15	18	17	15	13	10	11	13	11	11	17	19	19	13	13	11	12	10	12	8	15	16	18	17	13	12	12	12	11	15	20	15	11	13	13	12	8	12	9	7	10	11	10	11	12	9	8	10	11	8	11	16	11	13	12	9	9	13	11	7	8	9	12	11	9	9	11	15	11	12	6	8	8	7	7	7	8	9	8	6
	13	18	15	14	12	11	10	11	9	9	24	16	15	16	10	8	13	13	16	8	15	18	17	15	13	10	11	13	11	11	17	19	19	13	13	11	12	11	12	8	16	17	18	17	13	12	12	12	11	15	20	16	11	14	13	12	8	12	9	7	10	11	10	11	12	9	8	10	11	8	11	16	12	13	12	9	9	13	11	7	8	9	12	11	9	9	11	15	11	12	6	8	8	7	7	7	8	9	8	7
	13	18	15	14	12	11	10	11	9	9	25	17	15	16	10	8	13	13	16	8	15	18	17	15	13	10	11	13	11	12	18	20	19	13	13	11	12	11	12	8	16	17	18	18	13	12	12	13	11	15	20	16	11	14	13	12	8	12	9	7	10	12	10	11	12	9	8	10	11	8	11	17	12	13	12	9	9	13	11	7	8	9	12	11	9	9	11	15	11	13	6	8	8	7	7	7	8	9	8	7
	13	18	15	14	12	11	10	11	9	9	25	17	15	16	10	8	13	13	16	8	16	19	17	15	13	10	11	13	11	12	19	21	20	13	13	11	12	11	12	9	16	17	18	18	13	12	12	13	11	15	20	16	11	14	13	12	9	12	9	7	10	12	10	11	12	9	8	10	11	8	12	17	12	13	12	9	9	13	11	7	8	10	12	11	9	9	11	15	12	13	6	8	8	7	7	7	8	9	8	7
	13	18	15	14	12	11	10	11	9	9	26	17	15	16	10	8	13	13	16	8	16	19	18	16	13	10	11	13	11	12	19	21	20	13	13	11	12	11	12	9	16	18	19	18	13	12	12	13	11	16	20	16	11	14	13	13	9	12	9	7	10	12	10	11	12	9	8	10	11	8	12	17	12	13	12	9	9	13	11	7	9	10	12	11	9	9	11	16	12	13	7	8	8	7	7	7	8	9	8	7
	13	19	15	14	12	11	10	11	9	9	26	17	16	17	10	8	13	13	16	8	16	19	18	16	13	10	11	13	11	12	19	21	20	13	13	11	12	11	12	9	16	18	19	18	13	12	13	13	11	16	21	16	12	14	13	13	9	12	10	7	10	12	10	11	12	9	8	10	11	8	12	17	12	13	12	9	9	13	11	7	9	11	12	11	9	9	11	16	12	13	7	9	8	7	7	7	9	9	8	7
	13	19	16	15	12	11	10	11	9	9	26	17	16	17	10	8	13	13	16	8	16	19	18	16	14	10	11	13	11	12	19	21	20	13	13	12	12	11	12	9	16	18	19	18	13	12	13	13	11	16	21	16	12	14	13	13	9	13	10	7	10	13	11	11	12	9	8	10	11	8	12	17	12	13	12	9	9	13	11	7	9	11	13	11	9	9	11	16	12	13	7	9	9	7	7	8	9	9	8	7
	13	19	16	15	13	11	10	11	9	9	26	18	16	17	10	8	13	13	16	8	16	19	18	16	14	11	11	13	11	12	19	21	20	14	13	12	12	11	12	9	16	18	19	18	13	12	13	13	11	16	21	16	12	14	13	13	10	13	10	7	10	13	11	11	12	9	8	10	11	8	13	17	13	13	12	9	9	13	11	7	9	11	13	12	9	9	11	16	12	13	7	9	9	8	8	8	9	9	8	7
	13	19	16	15	13	12	10	11	9	9	26	18	16	17	11	8	13	13	16	8	16	20	18	16	14	11	11	13	11	12	19	21	20	14	14	12	12	11	12	9	16	18	19	18	13	12	13	13	11	16	21	16	12	14	13	14	10	13	10	7	10	13	11	12	12	9	8	10	11	8	13	17	13	14	12	9	9	13	11	7	10	11	13	12	10	10	11	16	12	13	7	9	9	8	8	8	9	9	8	7
	13	19	16	15	13	12	11	11	9	9	26	18	16	17	11	9	13	13	16	8	16	20	18	16	14	11	11	13	11	12	19	22	20	15	14	12	12	11	12	9	16	18	19	18	13	12	13	13	11	16	21	16	13	14	14	14	10	13	10	7	10	13	11	12	12	9	8	10	11	8	14	17	13	14	13	10	9	13	11	7	10	11	13	13	10	10	11	16	12	13	7	9	9	8	8	8	9	9	8	7
	13	19	16	15	13	12	11	12	9	9	26	18	16	17	11	9	14	13	16	8	16	21	18	16	14	11	11	13	11	12	19	22	21	15	14	12	12	11	12	9	16	18	20	18	13	12	13	13	11	16	21	16	13	15	14	14	10	13	10	7	10	13	11	12	12	10	8	10	11	8	14	18	13	14	13	10	9	13	11	7	10	11	14	13	10	10	12	16	12	13	7	9	9	8	8	8	9	9	8	7
	13	19	16	15	13	12	11	12	10	9	27	18	16	17	11	9	14	14	16	8	16	21	18	16	14	11	11	13	11	12	19	23	21	15	14	12	12	11	12	9	16	18	20	19	13	12	13	13	11	16	21	16	13	15	14	14	10	13	10	7	10	13	12	12	13	10	9	10	11	8	14	18	13	14	13	10	9	13	11	7	10	12	14	13	10	10	12	17	12	13	7	9	9	8	8	8	9	9	8	7
	14	19	16	15	13	12	11	12	10	10	27	18	16	17	11	9	14	14	17	8	16	22	18	16	14	11	11	13	11	12	19	23	21	15	14	12	12	11	12	9	16	18	20	19	14	12	13	13	11	16	21	17	13	15	14	14	11	13	10	7	10	13	12	13	13	10	9	10	11	8	14	18	13	14	13	10	10	13	11	7	10	12	14	13	10	10	12	17	12	13	8	9	9	8	8	8	9	9	8	7
	14	20	16	15	13	12	11	12	11	10	28	18	16	17	11	9	14	14	17	9	16	22	18	16	14	11	11	13	11	12	19	23	21	15	14	12	12	11	12	9	16	19	20	19	14	13	13	14	11	16	21	17	14	15	14	14	11	13	10	7	10	13	12	13	13	10	10	10	11	8	14	18	13	14	13	10	10	13	11	7	10	12	14	13	10	10	12	17	12	13	8	10	9	8	8	8	9	9	8	7
	14	20	17	15	13	12	11	13	11	10	28	18	16	17	11	9	14	14	17	9	17	22	18	16	14	11	11	13	11	13	19	24	21	15	14	12	12	12	12	9	16	19	21	19	14	13	14	14	11	16	21	17	14	15	14	14	12	13	10	7	10	13	12	13	13	10	10	10	11	8	14	18	13	14	13	10	10	13	11	7	10	12	14	13	10	10	12	17	12	13	8	10	10	8	8	8	9	9	8	7
	14	20	17	15	13	12	12	13	11	10	28	18	17	17	11	9	14	14	17	9	17	22	18	16	14	11	11	14	11	13	20	25	22	15	14	12	12	12	12	10	16	19	21	19	14	13	14	15	11	16	21	17	14	15	14	14	12	14	10	7	10	13	12	13	13	10	10	10	11	8	14	18	13	14	13	10	10	13	11	7	10	12	14	13	10	10	12	17	12	13	8	10	10	9	8	8	9	9	8	7
	14	20	17	15	13	13	12	13	11	10	28	18	17	17	11	9	15	14	17	9	17	22	19	17	14	11	11	14	11	13	20	25	22	16	14	12	13	12	12	10	17	19	21	19	14	13	14	15	12	17	21	17	14	15	14	14	12	14	10	7	10	13	12	13	13	10	10	10	11	8	14	18	13	14	13	10	10	13	11	7	10	12	14	14	10	10	12	17	12	13	8	10	10	9	8	8	9	9	8	7
	14	20	17	15	14	13	13	13	11	10	28	19	17	18	11	9	15	14	17	9	17	22	19	17	14	11	11	14	11	13	20	25	22	16	14	13	13	12	12	10	17	19	21	19	15	13	14	15	12	17	22	17	14	15	14	14	12	15	11	7	10	13	12	13	13	10	10	10	11	8	14	18	14	14	13	10	10	13	11	7	10	12	14	14	10	10	12	17	12	13	8	10	10	9	8	8	9	9	8	7
	14	20	17	16	14	13	13	14	11	10	28	19	17	18	11	9	15	14	17	9	17	23	19	17	15	11	11	14	11	13	20	25	22	16	15	13	13	12	12	10	17	19	21	19	15	14	14	15	12	18	22	17	14	15	14	14	12	15	11	7	11	13	12	13	13	10	10	10	12	8	14	19	14	14	13	10	10	13	11	7	10	12	14	14	10	10	12	17	12	13	8	10	10	9	8	8	9	9	8	7
	14	20	18	16	14	13	13	14	12	10	29	19	17	18	11	9	15	14	17	9	17	23	19	18	15	12	11	14	11	13	20	25	22	16	15	13	13	12	13	10	17	19	21	19	15	14	14	15	12	18	22	17	14	15	14	15	12	15	11	7	11	14	13	13	13	10	10	10	12	8	14	19	14	14	13	10	10	14	11	7	10	12	14	14	10	10	12	17	12	13	8	10	10	9	8	8	9	9	8	7
	15	20	18	16	14	13	13	14	12	11	29	20	18	18	11	9	15	14	17	9	17	23	19	18	15	12	12	14	12	13	20	25	22	16	15	13	13	12	13	10	17	19	21	19	15	14	14	15	12	18	22	17	14	15	14	15	12	15	11	7	11	14	13	14	13	11	10	10	12	8	15	19	14	14	13	10	10	14	11	7	10	12	14	14	10	10	12	18	12	13	8	10	10	9	8	8	9	9	8	7
	15	21	18	16	14	13	13	14	12	11	30	20	19	18	11	9	15	14	18	10	17	23	19	18	15	12	12	14	12	13	20	25	22	16	15	14	13	12	13	10	17	19	21	19	15	14	14	15	12	18	22	17	14	15	14	15	12	15	11	7	11	14	13	14	13	11	10	10	12	8	15	19	14	15	14	10	10	14	11	7	11	12	14	14	10	10	12	18	12	13	8	10	10	9	8	8	9	10	8	7
	15	21	19	16	14	13	13	14	12	11	30	21	19	18	11	9	15	15	18	10	18	23	19	18	15	12	12	14	12	14	20	25	22	16	16	14	13	12	13	10	17	19	21	19	15	14	14	15	12	18	22	17	14	15	14	15	12	15	11	7	11	14	13	14	13	11	10	10	12	8	15	19	14	15	14	10	10	14	11	7	11	13	14	14	11	11	12	18	12	13	8	10	10	9	8	8	9	10	9	7
	15	21	19	17	14	13	13	14	12	11	30	21	19	18	11	9	15	15	18	10	18	23	20	18	15	12	12	15	12	14	21	25	22	17	16	14	13	12	13	11	17	19	21	19	15	14	14	15	12	18	22	17	14	15	14	15	12	15	11	7	11	14	13	14	13	11	10	10	12	8	15	19	14	15	14	10	10	14	11	7	11	13	15	14	11	11	12	18	12	14	8	10	10	9	9	9	9	10	9	7
	15	21	19	17	15	13	13	14	12	11	30	21	19	18	11	9	15	15	18	10	18	23	20	18	15	12	13	15	12	14	21	25	23	18	16	14	13	12	13	11	18	19	21	19	15	14	14	15	12	19	22	17	14	15	14	15	12	15	11	7	11	14	13	14	13	11	10	10	12	8	15	19	14	15	14	10	10	14	12	7	11	13	15	14	11	11	12	18	12	14	8	11	10	10	9	9	10	10	9	7
	15	21	19	17	15	13	13	14	12	11	30	21	19	18	12	9	15	15	18	10	18	23	20	18	15	12	13	15	12	14	21	25	23	18	16	14	14	12	13	11	18	19	21	20	16	14	14	15	12	19	23	17	14	15	14	15	12	15	11	8	11	14	13	14	13	11	10	10	12	9	15	19	14	15	14	10	10	14	12	7	11	13	15	14	11	11	12	18	12	14	9	11	11	10	9	9	10	11	9	7
	15	21	19	17	15	13	13	14	12	11	30	21	19	18	12	9	15	15	18	10	18	23	20	18	15	13	13	15	12	14	21	25	23	18	16	15	14	12	13	11	18	19	21	20	16	14	14	15	12	19	23	17	14	16	15	15	12	15	12	8	12	14	13	14	13	11	10	10	13	9	15	19	14	15	14	10	10	14	12	7	12	13	16	14	11	11	12	18	13	14	9	11	11	10	9	9	10	11	9	7
	15	21	19	17	15	13	13	14	12	11	30	21	19	18	12	10	15	15	18	10	18	23	20	18	15	13	14	15	12	14	21	25	23	18	16	15	14	12	13	11	18	19	21	20	16	14	14	15	13	19	24	17	15	16	15	15	12	15	12	8	12	14	13	14	13	12	10	10	13	9	16	20	14	15	14	10	10	15	13	7	12	13	16	14	11	11	12	18	13	14	9	11	11	10	9	9	10	11	9	7
	15	21	19	17	15	14	13	14	12	11	30	21	19	18	12	10	16	15	18	10	18	23	20	18	15	13	14	15	12	14	21	25	23	18	16	15	14	13	13	11	18	20	22	20	16	14	14	15	13	19	24	17	15	16	15	16	12	15	12	8	13	14	13	14	13	12	10	10	13	9	16	20	15	15	14	10	10	15	13	8	12	13	16	14	11	11	12	19	13	14	9	11	11	10	9	9	10	11	9	7
	15	21	19	17	15	14	14	14	12	11	30	21	19	18	12	10	16	16	18	10	18	23	20	18	15	13	14	15	12	14	21	26	23	18	16	15	15	13	13	11	18	20	22	20	16	14	14	15	13	19	25	18	15	16	15	16	12	15	12	8	13	14	13	14	13	12	11	10	13	9	16	20	15	15	14	10	10	15	13	8	12	13	16	15	11	11	13	19	13	15	9	11	11	10	9	9	10	11	9	7
	15	21	19	17	15	14	14	14	12	11	30	21	19	18	12	10	17	16	19	10	18	24	20	18	15	13	15	15	12	14	21	26	23	18	16	15	15	13	13	11	18	20	22	20	16	14	14	15	13	19	25	18	15	16	15	16	12	15	12	8	13	15	14	14	13	13	11	10	13	9	16	20	15	16	14	11	10	15	13	8	12	13	16	15	11	11	13	19	13	15	9	11	11	10	9	9	10	11	9	8
	15	21	19	17	15	14	14	15	12	11	31	21	19	18	12	10	17	16	19	10	18	24	20	18	15	13	15	16	12	15	21	26	23	18	16	15	15	13	13	11	18	20	22	20	16	14	14	15	13	19	25	18	15	16	16	16	12	15	12	8	13	15	14	14	14	13	11	10	13	9	16	21	16	16	14	11	11	15	13	8	12	13	16	15	11	11	13	19	13	15	9	11	11	10	9	9	10	11	10	8
	16	21	19	17	15	14	14	15	13	11	31	21	19	18	12	10	17	16	19	10	18	24	20	18	15	13	15	16	13	15	21	26	23	18	16	15	15	13	13	12	18	20	22	20	17	14	14	15	13	19	25	18	15	16	16	16	12	15	12	8	13	15	14	15	14	13	11	11	13	9	16	21	16	16	14	11	11	15	13	8	12	14	16	16	11	11	13	19	13	15	9	11	11	10	9	9	10	12	10	8
	16	22	19	17	15	14	14	15	13	11	31	21	19	18	12	10	17	16	20	10	18	24	20	18	15	13	15	16	13	15	21	26	23	19	16	15	15	13	14	12	18	20	22	20	17	14	14	15	13	20	25	18	15	16	16	16	13	15	12	8	13	15	15	15	14	13	11	11	13	9	16	21	16	17	14	11	11	15	13	8	12	14	16	16	11	11	13	20	13	15	9	12	11	10	9	9	10	12	10	8
	16	22	20	17	15	14	14	15	13	11	31	21	19	18	12	10	17	16	20	10	18	24	20	18	15	13	15	16	14	15	21	26	24	19	16	15	15	13	14	12	18	20	22	20	17	14	14	15	14	20	25	18	15	16	16	16	13	15	12	9	13	15	15	15	15	13	12	11	13	9	16	22	16	17	14	11	12	15	13	8	12	14	16	16	11	11	13	20	13	15	9	12	12	10	9	9	10	12	10	8
	16	22	20	18	15	14	14	15	13	11	31	21	19	18	12	10	17	16	20	10	18	24	20	18	15	13	15	16	14	15	21	26	24	19	16	15	15	13	15	12	18	20	23	20	17	14	14	16	14	20	25	18	15	16	16	17	13	15	12	9	13	16	15	15	15	14	12	11	13	10	16	22	16	17	14	11	12	16	13	8	12	14	16	17	11	11	13	20	13	15	9	12	12	10	9	9	10	12	10	8
	16	22	20	18	16	14	14	15	13	11	31	21	19	18	12	10	17	16	20	10	18	24	20	18	15	13	15	16	14	16	21	27	24	19	16	15	15	13	15	12	18	20	23	20	17	15	15	16	14	20	25	19	15	16	16	17	13	15	13	9	13	16	15	15	15	14	12	11	14	10	16	22	16	18	15	11	12	16	13	8	12	14	16	17	11	11	13	20	13	15	9	12	12	10	9	9	10	12	10	8
	16	22	20	18	16	14	14	15	13	11	31	21	19	19	12	10	17	16	20	11	18	24	20	18	15	13	15	16	14	16	22	27	24	19	17	16	15	13	15	12	18	21	23	20	17	15	15	16	15	20	25	19	15	16	16	17	13	16	13	9	13	16	15	15	15	14	12	11	14	10	16	22	17	18	15	11	12	16	13	8	12	14	16	17	12	11	13	20	13	15	9	12	12	10	9	9	10	12	10	8
	16	22	20	18	16	14	14	15	13	12	31	21	20	19	12	10	17	16	20	11	19	24	20	18	16	14	15	16	14	16	22	27	24	19	17	16	15	14	15	12	19	21	23	20	17	15	15	17	15	20	25	19	15	16	16	17	13	16	13	9	13	16	15	15	15	14	12	11	14	10	16	23	17	18	15	11	12	16	13	8	12	14	16	17	12	12	13	20	13	15	9	12	12	10	9	9	10	12	10	8
	16	22	20	18	16	14	14	15	13	12	31	22	20	19	13	10	17	16	21	11	19	25	20	18	16	14	15	17	14	16	22	27	24	19	18	16	15	14	15	12	19	21	23	20	17	15	16	17	15	20	26	19	15	16	16	17	13	16	13	9	13	16	15	15	15	14	12	11	14	10	16	23	17	18	15	11	12	16	13	8	12	14	17	17	12	12	13	20	13	15	9	12	12	10	10	9	10	12	10	8
	16	22	20	18	16	14	14	15	14	12	32	22	20	20	13	10	17	17	21	11	19	25	21	18	16	14	15	17	14	16	22	27	24	19	18	17	15	14	15	12	19	21	23	20	17	16	16	17	15	20	26	19	15	16	16	17	13	16	13	9	13	17	15	15	15	14	12	11	14	10	16	23	17	18	15	11	12	16	13	8	12	15	17	17	12	12	13	20	13	15	9	12	12	10	10	10	10	12	10	8
	17	22	20	18	16	14	14	16	14	12	32	22	20	20	13	10	18	17	21	11	19	25	21	19	16	14	15	17	14	16	22	27	25	19	18	17	16	14	15	12	19	21	23	20	17	16	16	17	15	20	26	19	15	16	16	18	13	16	13	9	13	17	15	15	15	14	12	11	14	10	16	24	17	18	15	11	12	16	13	8	12	15	17	17	12	12	13	20	13	15	10	12	12	10	10	10	11	12	10	8
	17	23	20	18	16	14	15	16	14	12	32	22	20	20	13	11	18	17	21	11	19	25	21	19	16	14	16	17	14	16	22	27	25	20	18	17	16	14	15	12	19	21	23	21	17	16	16	17	15	20	26	19	15	16	16	18	13	16	13	9	13	17	15	15	15	14	13	11	14	10	16	24	17	18	15	11	12	16	13	8	13	16	17	17	12	12	14	20	13	15	10	12	12	10	10	10	11	12	10	8
	17	23	21	18	16	15	15	16	14	12	32	22	20	20	14	11	18	17	21	11	19	25	21	19	16	15	16	17	14	16	22	27	25	20	18	17	16	14	15	12	19	21	23	21	18	16	16	17	15	20	26	19	15	17	16	18	13	16	13	9	13	17	15	15	15	14	13	11	14	10	17	24	17	18	15	12	13	16	13	8	13	16	17	17	12	12	14	20	13	15	11	12	12	10	10	10	11	12	10	8
	17	23	21	19	17	15	15	16	14	12	32	22	20	21	14	11	18	17	21	11	19	25	21	19	17	15	16	17	14	16	22	27	25	20	18	17	16	14	15	12	19	21	23	21	18	16	16	17	15	20	26	19	16	17	17	18	13	16	13	9	14	17	15	15	15	15	13	11	14	10	17	24	17	18	15	12	13	16	13	8	13	16	17	17	12	12	14	21	13	15	11	13	12	10	10	10	11	12	10	8
	17	23	21	19	17	16	15	16	14	12	32	22	21	21	15	11	18	17	21	11	19	25	21	20	17	15	16	17	14	16	22	27	25	20	18	17	16	14	15	12	19	21	23	21	18	16	16	17	15	20	27	19	16	17	17	18	13	16	13	9	14	17	15	16	16	15	13	11	14	10	17	24	17	18	16	12	13	16	13	8	13	16	17	17	12	12	14	21	14	15	11	13	13	10	10	10	11	12	10	8
	17	23	21	19	17	16	16	16	14	12	32	23	21	21	15	12	18	17	21	11	19	25	22	20	17	15	16	17	14	16	22	27	25	20	18	17	16	14	15	12	19	21	23	21	18	16	16	17	15	20	27	20	16	17	17	18	13	16	13	9	14	17	15	16	16	15	13	11	14	10	17	24	18	19	16	12	13	16	14	8	13	16	17	17	13	12	14	21	14	15	11	13	13	11	10	10	11	12	10	8
	17	23	21	19	17	16	16	17	14	12	33	23	21	21	15	12	19	17	21	11	19	25	22	20	17	15	16	17	14	16	22	27	26	20	18	17	16	14	15	12	19	21	23	21	18	16	16	17	15	20	27	20	16	17	17	18	13	16	13	9	14	17	16	16	16	15	13	11	14	10	17	24	18	19	16	12	13	16	14	9	13	16	18	18	13	13	14	21	14	15	11	13	13	11	11	10	11	12	10	8
	17	23	21	19	17	16	16	17	15	12	33	23	21	21	15	12	19	18	21	11	20	25	22	20	17	15	16	17	14	16	22	27	26	20	18	17	16	14	15	12	19	21	23	22	18	16	16	17	15	20	27	20	16	17	17	18	13	16	13	9	14	17	16	16	16	15	13	11	14	10	17	25	19	19	16	12	13	16	14	9	13	16	18	18	14	13	14	21	14	16	11	13	13	12	11	11	11	12	10	8
	17	23	21	19	17	16	16	17	15	13	33	23	21	21	15	12	19	18	22	11	20	25	22	20	17	15	16	17	14	16	23	27	26	20	18	17	16	14	15	12	19	21	23	22	18	16	16	17	15	20	27	20	16	18	17	18	13	16	13	9	14	18	16	17	16	15	13	11	14	10	17	25	19	19	17	12	13	16	14	9	13	16	18	18	14	13	14	21	14	16	11	13	14	12	11	11	12	12	10	9
	17	23	21	19	17	16	16	17	15	13	33	23	21	21	15	12	19	18	22	12	20	25	22	20	17	15	16	17	15	16	23	27	26	20	18	17	16	14	15	12	20	21	23	22	19	16	16	17	15	20	27	20	17	18	17	18	13	16	13	9	14	18	16	17	16	15	13	11	14	10	18	25	19	19	17	13	13	16	14	9	13	16	18	18	14	13	14	21	14	16	11	14	14	12	11	11	12	13	11	9
	17	23	21	19	17	16	16	17	15	13	33	23	21	21	15	12	19	18	22	12	20	25	22	20	17	15	16	17	15	17	23	27	26	20	19	17	16	14	16	12	20	21	24	22	19	16	16	17	15	20	28	20	17	18	17	18	13	16	13	9	14	18	16	17	16	15	14	11	14	10	18	25	19	19	17	13	13	16	14	9	13	17	18	18	14	13	14	22	15	16	12	14	14	12	11	11	12	13	11	9
	17	23	21	19	17	16	16	17	15	13	33	23	21	21	15	12	19	18	23	12	20	25	22	20	17	15	16	17	15	17	23	28	26	20	19	18	16	14	16	13	20	21	24	22	19	16	16	17	15	20	28	20	17	18	17	18	13	16	13	9	15	18	16	17	16	15	14	12	14	10	18	25	19	19	17	13	13	17	14	9	14	17	18	18	14	13	15	22	15	16	12	15	14	12	11	11	12	13	11	9
	17	23	21	19	17	16	16	17	15	13	33	23	21	21	15	12	19	19	23	12	20	25	22	20	17	15	16	17	15	17	23	28	27	20	19	18	16	14	16	13	20	21	24	22	19	16	17	17	15	21	29	20	17	18	17	18	14	16	13	9	15	18	16	17	16	15	14	12	15	10	19	25	19	19	17	13	14	17	14	9	14	17	19	18	14	13	15	22	15	16	12	15	14	12	11	11	12	13	11	9
	17	23	21	19	17	16	16	17	15	13	33	23	21	21	15	12	19	19	23	12	20	25	22	20	17	15	16	18	15	17	23	28	27	21	19	18	16	14	16	13	20	22	24	22	19	16	17	18	15	21	29	20	17	18	17	18	14	17	13	10	15	18	16	17	16	15	14	13	15	11	19	26	19	19	17	13	14	17	14	9	14	17	19	19	14	13	15	22	15	16	12	15	14	12	11	11	12	13	11	9
	17	23	21	19	17	16	16	17	15	13	33	23	21	21	15	12	19	19	23	12	20	25	22	20	17	15	16	18	15	17	23	29	27	21	20	18	16	15	16	13	20	22	24	22	19	16	17	18	16	22	29	20	17	18	17	18	15	17	14	10	15	18	17	17	16	15	14	13	16	11	19	26	19	20	17	13	14	17	14	9	14	17	19	19	14	13	15	22	15	16	12	15	14	12	11	11	12	13	11	9
	17	23	21	19	17	16	16	17	15	13	33	23	21	21	15	12	19	19	23	12	20	26	22	20	17	15	16	18	15	17	23	29	27	21	20	19	17	15	17	13	20	22	24	22	19	16	17	19	16	22	29	20	18	18	17	19	15	17	14	10	15	18	17	18	16	15	14	13	16	12	19	26	19	20	17	13	14	17	15	9	14	17	19	19	14	13	15	22	15	16	12	15	14	12	11	11	12	13	11	9
	17	23	21	19	17	16	16	17	15	13	34	23	21	21	15	12	19	19	23	12	20	26	22	20	17	15	17	18	16	17	23	29	27	21	20	19	17	15	17	13	20	22	25	22	19	17	18	19	16	22	29	20	18	19	18	19	15	17	14	10	15	18	17	18	16	15	14	13	17	12	19	26	19	20	17	13	14	17	15	10	14	17	19	19	14	13	15	22	15	16	12	15	14	12	11	11	12	13	11	9
	18	23	21	19	17	16	16	17	15	13	34	23	21	21	15	13	19	19	24	12	20	26	22	20	17	15	17	18	16	17	23	30	27	21	20	19	17	15	17	13	20	22	25	22	20	17	18	19	16	22	29	20	18	19	18	20	15	17	14	10	15	18	17	18	17	16	14	13	17	12	19	26	19	20	17	13	14	18	15	10	14	17	19	19	14	13	15	22	15	17	12	15	14	12	11	11	12	13	11	9
	18	24	21	19	17	16	16	17	15	13	34	23	21	21	15	13	20	20	24	12	20	26	22	20	17	15	17	18	16	17	24	30	27	21	20	19	17	15	17	13	20	22	25	23	20	17	18	19	16	22	29	20	18	19	18	20	15	17	14	10	15	18	17	18	17	16	15	13	17	12	19	26	19	20	18	14	14	18	15	10	14	17	19	19	14	13	15	23	15	17	12	15	14	12	11	11	12	13	11	10
	18	24	22	19	17	16	17	18	15	13	34	23	21	21	15	13	20	20	24	12	20	26	22	20	17	15	17	18	16	17	24	30	28	21	20	19	17	15	17	13	21	22	25	23	20	17	18	19	16	22	29	20	18	19	18	20	15	17	14	10	15	18	17	18	17	16	15	13	17	12	19	26	19	20	18	14	15	18	15	10	14	17	19	19	14	14	16	23	15	17	12	15	14	12	11	11	13	13	12	10
	18	24	22	20	17	17	17	18	16	13	34	23	21	21	15	13	20	20	24	12	20	26	22	21	17	15	17	18	16	17	24	30	28	21	20	19	17	15	17	13	21	22	25	23	20	17	18	19	16	22	30	20	18	19	18	20	15	17	14	10	15	18	17	18	17	16	15	14	17	12	19	26	19	20	18	14	15	18	15	10	14	17	19	19	14	14	16	24	15	17	12	15	14	12	12	12	13	14	12	10
	18	24	22	20	18	17	17	18	16	14	34	23	21	21	16	13	20	20	24	12	20	26	22	21	18	15	17	18	16	17	24	30	28	21	20	19	17	15	17	13	21	22	25	23	20	17	18	19	16	22	30	20	18	19	18	20	15	18	14	10	15	19	17	18	17	16	15	14	17	12	19	26	19	20	18	14	15	19	15	10	14	17	19	19	14	15	16	24	16	17	12	15	14	13	12	12	13	14	12	10
	18	24	22	20	18	17	17	18	16	14	34	23	21	22	16	14	20	20	24	13	20	26	22	21	18	16	17	18	16	17	24	30	28	21	20	19	17	15	17	13	21	22	25	23	20	17	18	19	17	22	30	20	18	19	18	20	15	18	14	10	15	19	17	18	17	16	15	15	17	12	19	27	19	20	18	15	15	19	16	10	14	17	19	19	15	15	16	24	16	17	12	15	14	13	12	12	13	14	12	10
	18	24	22	20	18	17	17	18	16	14	34	23	22	22	16	14	20	20	25	13	20	26	22	21	18	16	18	18	16	17	24	30	28	21	21	19	17	15	18	13	21	22	25	23	20	17	18	19	17	22	30	20	18	19	18	20	15	19	14	10	15	19	17	18	17	16	15	15	17	13	19	27	20	20	18	15	16	19	16	10	14	17	19	20	15	15	16	24	16	17	12	15	14	13	12	12	13	14	12	10
	18	24	22	20	18	17	17	18	16	14	34	24	22	22	16	14	20	20	25	13	20	26	22	21	18	16	18	19	17	18	24	30	28	22	21	19	17	15	18	13	21	22	25	23	20	17	18	19	18	22	30	20	18	19	18	20	15	19	14	11	15	19	17	18	17	16	15	15	17	13	19	27	20	20	18	15	16	19	16	10	14	17	20	20	15	15	16	25	16	17	12	15	15	13	12	12	13	14	12	10
	18	24	22	20	18	17	17	18	16	14	35	24	22	22	16	14	20	20	25	13	20	26	22	21	18	16	18	19	17	18	24	30	29	22	21	19	18	16	19	14	21	22	25	23	20	17	18	19	18	23	30	20	18	19	18	20	15	19	14	11	15	19	17	18	17	16	15	15	17	13	19	27	20	20	18	15	16	19	16	10	14	18	20	20	15	15	16	25	16	17	12	16	15	13	12	12	13	15	12	10
	18	24	22	20	18	17	17	18	16	14	35	24	22	22	16	14	20	20	25	13	21	26	23	21	18	16	18	19	17	19	24	30	29	22	21	20	18	16	19	14	21	22	25	23	20	17	18	20	19	23	30	20	18	19	18	20	15	19	15	11	15	19	17	18	17	16	15	15	17	13	19	27	20	20	18	15	16	19	16	10	14	18	20	20	15	15	16	25	16	17	13	16	16	13	12	12	13	15	13	10
	18	24	22	20	18	17	17	18	16	14	35	24	23	22	16	14	20	20	25	14	21	26	23	21	18	16	18	19	17	19	25	30	29	22	22	20	18	16	19	14	21	22	25	23	20	17	18	20	19	23	30	20	18	19	18	20	16	20	15	11	15	19	17	18	17	16	15	15	18	13	19	27	20	20	18	15	16	19	16	10	15	18	20	20	15	15	16	25	16	18	13	16	16	14	12	12	13	15	13	10
	18	24	22	20	18	17	17	18	16	15	35	25	23	22	16	14	20	20	25	14	21	26	23	21	18	16	18	19	17	19	25	30	29	23	22	20	18	16	19	14	22	22	25	23	20	17	19	20	19	23	30	20	18	19	18	20	16	20	15	11	15	19	17	18	17	16	15	16	18	13	20	27	20	20	18	15	16	20	16	11	15	18	20	20	15	15	16	25	16	18	13	16	16	14	13	12	13	15	13	10
	18	24	22	20	18	17	17	18	16	15	36	25	23	22	16	14	20	20	26	14	21	26	23	21	18	16	18	19	17	19	25	30	30	23	22	21	18	16	19	14	22	22	25	23	20	17	19	20	19	23	31	20	18	19	18	20	16	20	15	11	15	19	17	18	17	16	15	16	18	13	20	28	20	20	18	15	17	20	17	11	15	18	20	20	15	16	16	26	16	18	13	16	16	14	13	12	13	15	13	10
	18	24	22	20	18	17	17	18	16	15	36	25	23	22	16	14	20	21	26	14	22	26	24	21	18	16	18	19	17	19	25	30	30	23	23	21	18	16	19	14	22	22	25	23	20	17	19	20	19	23	31	21	18	19	18	20	16	20	15	11	15	19	18	18	17	16	16	16	18	13	20	28	20	20	18	16	17	20	17	11	15	18	20	20	15	16	17	26	17	18	13	16	16	14	13	12	13	15	13	10
	18	24	22	20	18	17	17	18	16	15	36	25	24	22	16	14	20	21	26	14	22	26	24	21	18	16	18	20	17	19	26	30	30	24	23	21	18	16	19	14	22	23	25	23	20	17	19	20	19	23	31	21	19	19	18	21	16	20	15	11	15	19	18	18	17	17	16	16	18	13	20	28	20	20	18	16	17	20	17	11	15	18	20	20	15	16	17	27	17	18	13	16	16	14	13	12	14	15	13	10
	18	24	22	20	18	17	17	18	16	15	36	26	24	22	16	14	20	21	26	14	22	26	24	21	18	16	18	20	17	19	26	31	31	24	23	21	18	17	19	14	22	23	26	24	20	18	19	20	19	23	31	21	19	19	19	21	16	20	15	11	15	19	18	18	17	17	16	16	18	13	20	28	20	20	18	16	17	20	17	11	15	18	20	20	15	16	17	27	17	18	13	16	16	14	13	13	14	16	13	10
	18	24	22	20	18	17	17	18	16	15	37	26	24	22	16	14	20	21	26	14	22	27	24	22	18	16	18	20	17	19	26	31	31	24	24	21	18	17	19	14	22	23	26	24	21	18	19	21	19	23	31	22	19	20	19	21	16	20	15	11	15	19	18	18	17	17	16	16	18	13	20	28	20	20	18	16	17	20	17	11	15	18	20	20	15	16	17	27	17	18	13	16	16	14	14	13	14	16	14	10
	19	24	22	20	18	17	17	18	16	15	37	26	24	22	16	14	20	21	26	14	22	27	25	22	19	17	18	20	17	19	26	31	31	25	24	21	18	17	19	14	22	23	26	24	21	18	19	21	19	23	31	22	19	20	19	21	17	20	15	11	15	20	18	19	17	17	16	16	18	13	20	28	20	20	18	16	17	20	17	11	15	18	20	20	16	16	17	27	17	18	13	16	16	14	14	13	14	16	14	11
	19	25	22	20	18	17	17	18	16	15	37	26	24	22	17	15	20	21	26	14	22	27	25	23	19	17	18	20	17	19	26	31	32	25	24	21	18	17	19	14	22	23	26	24	21	18	20	21	19	23	32	22	19	20	19	21	17	20	15	11	15	20	18	19	17	17	16	16	18	13	20	28	21	21	18	16	17	20	17	11	15	18	20	20	16	16	17	27	17	19	13	16	16	14	14	13	14	16	14	11
	19	25	23	20	18	18	17	18	16	15	37	26	24	23	17	15	21	21	26	14	22	27	25	23	19	17	18	20	17	19	26	31	32	25	24	22	18	17	19	14	23	23	27	24	21	18	20	21	19	23	32	22	19	20	19	21	17	20	15	11	15	20	18	19	18	17	16	16	18	13	20	29	21	21	18	16	17	20	17	12	15	18	20	20	16	16	17	27	17	19	13	16	16	14	14	13	14	16	14	11
	19	25	23	21	18	18	18	18	16	15	37	26	25	23	17	15	21	22	26	14	22	27	25	23	19	18	18	20	17	19	27	31	32	25	24	22	18	17	19	14	23	23	27	24	21	18	20	21	19	23	32	23	19	20	19	21	17	20	15	11	15	21	18	19	18	17	16	16	18	13	20	29	21	21	19	16	17	20	18	12	15	18	20	20	16	16	17	27	17	19	13	16	16	14	14	13	14	16	14	11
	19	25	23	21	19	18	18	19	16	15	37	27	25	23	17	16	22	22	26	14	22	28	25	23	19	18	18	20	17	19	27	31	32	25	24	22	18	17	19	14	23	23	27	24	21	18	20	21	19	23	33	23	19	20	19	21	17	20	15	11	16	21	18	19	18	17	16	16	18	13	20	29	21	21	19	16	17	21	18	12	15	18	20	20	16	17	17	27	17	19	13	16	16	14	14	13	14	16	14	11
	19	25	23	21	19	19	18	19	17	15	38	27	25	23	17	17	22	22	26	14	22	28	26	23	19	18	19	20	17	19	27	31	32	25	24	22	18	17	19	14	24	23	27	24	21	18	20	21	19	23	33	23	19	20	19	21	17	20	15	11	16	21	18	19	18	17	16	16	18	13	21	29	21	21	19	17	17	21	18	12	15	18	20	20	16	17	17	28	17	19	13	16	16	14	14	13	14	16	14	11
	19	25	23	21	19	19	18	19	17	15	38	27	25	23	18	17	23	22	27	14	23	28	26	23	19	18	19	20	17	19	28	32	32	25	24	22	19	17	19	14	24	23	27	24	21	18	20	21	19	23	33	23	19	20	19	21	17	20	15	11	16	21	18	19	18	17	17	16	18	13	21	29	21	21	19	17	18	21	18	12	15	19	20	20	16	17	17	28	17	19	13	16	16	14	14	13	14	16	14	11
	19	25	23	21	19	19	18	19	17	15	38	27	25	23	18	17	23	23	27	14	23	29	26	23	20	18	19	21	18	19	29	32	32	25	24	22	19	17	19	14	24	24	27	24	21	18	20	21	19	23	33	23	19	20	19	21	18	20	15	11	16	21	18	19	18	17	17	17	18	13	21	29	21	21	19	17	18	21	18	12	15	19	21	20	16	17	17	28	17	19	13	16	16	14	14	13	14	16	14	11
