	0	0	0	0	0	0	0	0	0	0	1	0	0	0	0	0	0	0	0	0	0	0	0	0	0	0	0	0	0	0	0	0	0	0	0	0	0	0	0	0	0	0	1	0	0	1	0	0	0	0	0	0	0	0	0	0	0	0	0	1	0	1	1	0	0	1	0	0	0	0	0	0	0	0	0	0	0	0	0	0	0	0	0	0	0	1	0	1	0	0	0	1	0	0	0	0	0	0	0	0
	1	0	0	0	0	0	0	0	0	0	1	0	0	0	0	0	0	0	0	0	0	0	0	0	0	0	0	0	0	0	0	1	0	0	1	0	0	0	0	0	0	0	1	0	0	1	0	0	0	0	1	1	0	0	1	0	0	0	1	1	0	1	1	0	0	1	0	0	0	0	0	0	0	0	1	0	1	0	0	0	0	1	0	0	0	1	0	1	0	0	0	1	0	0	0	0	0	0	0	0
	1	1	0	0	0	0	0	0	0	0	1	0	0	0	0	0	0	0	0	0	0	1	0	0	1	0	0	0	0	0	0	1	0	0	1	0	0	0	0	0	1	1	1	0	1	1	0	0	1	0	1	1	0	0	1	0	0	0	1	1	0	1	1	0	1	1	1	0	0	0	1	0	0	0	1	0	1	0	0	0	0	1	0	0	0	1	0	1	0	0	0	1	0	0	0	0	0	0	0	0
	1	1	1	0	0	0	0	0	0	0	2	0	0	1	0	0	0	0	0	0	0	1	0	0	1	0	0	0	0	0	1	2	0	1	1	0	0	1	0	0	1	1	1	0	1	1	0	0	1	0	1	1	0	1	1	1	0	0	1	1	1	1	1	0	1	1	1	0	0	0	1	0	0	0	1	0	1	0	0	0	0	1	0	0	0	1	0	1	0	0	0	1	0	0	0	0	0	0	0	0
	2	1	1	1	1	0	0	0	0	0	2	0	0	1	0	0	0	0	0	0	1	2	0	1	1	0	0	1	0	0	1	2	0	1	1	0	0	1	0	0	1	1	1	1	1	2	0	0	1	0	2	1	0	1	1	1	0	0	1	1	1	1	1	0	1	1	1	0	0	0	1	0	0	0	1	0	1	0	0	0	0	1	0	0	0	1	0	1	0	0	0	1	0	0	0	0	0	0	0	0
	2	2	1	1	1	1	0	0	0	0	3	1	1	2	0	0	1	0	0	0	1	2	0	1	1	0	0	1	0	0	1	2	1	1	2	0	0	1	0	0	2	1	1	1	1	2	0	0	1	0	2	1	0	1	1	1	0	0	1	1	1	1	1	0	1	1	1	0	0	0	1	0	0	0	1	0	1	0	0	0	0	1	0	0	0	1	0	1	0	0	0	1	0	0	0	0	0	0	0	0
	2	2	2	1	1	1	1	0	0	0	3	1	2	2	1	1	1	0	0	0	1	3	1	2	2	0	0	1	0	0	2	2	1	1	2	0	0	1	0	0	2	1	1	1	1	2	0	0	1	0	2	1	0	1	1	1	0	0	1	1	1	1	1	0	1	1	1	0	0	0	1	0	0	0	1	0	1	0	0	0	0	1	0	0	0	1	0	1	0	0	0	1	0	0	0	0	0	0	0	0
	2	2	2	2	2	1	1	1	0	0	3	1	2	3	1	1	1	0	0	0	2	3	1	2	2	1	1	1	0	0	2	3	1	2	2	0	0	1	0	0	2	2	1	1	1	2	0	0	1	0	2	1	0	1	1	1	0	0	1	1	1	1	1	0	1	1	1	0	0	0	1	0	0	0	1	0	1	0	0	0	0	1	0	0	0	1	0	1	0	0	0	1	0	0	0	0	0	0	0	0
	2	2	3	2	2	2	1	1	1	0	4	1	2	3	2	1	1	0	0	0	2	3	1	2	2	1	1	1	0	0	2	3	1	2	2	1	1	1	0	0	2	2	2	1	2	2	0	0	1	0	2	2	0	1	1	1	0	0	1	1	1	1	1	0	1	1	1	0	0	0	1	0	0	0	1	0	1	0	0	0	0	1	0	0	0	1	0	1	0	0	0	1	0	0	0	0	0	0	0	0
	3	3	3	2	2	2	2	1	1	1	4	1	2	3	2	1	1	0	0	0	2	3	1	2	2	2	1	1	0	0	2	3	1	2	2	1	1	1	0	0	2	2	2	1	2	2	1	1	1	0	2	2	1	1	2	1	0	0	1	1	1	2	1	0	1	1	1	0	0	0	1	0	0	0	1	0	1	0	0	0	0	1	0	0	0	1	0	1	0	0	0	1	0	0	0	0	0	0	0	0
	3	3	3	2	2	2	2	2	1	1	5	2	2	3	2	1	1	0	1	0	2	3	1	2	2	2	2	1	0	0	2	3	1	2	2	1	1	1	0	0	2	2	2	1	2	2	1	1	1	0	2	2	1	1	2	1	1	1	1	1	1	2	1	1	1	2	1	0	0	0	1	1	0	0	1	0	1	0	0	0	0	1	0	0	0	1	0	1	0	0	0	1	0	0	0	0	0	0	0	0
	3	3	3	2	2	2	2	2	2	1	5	2	2	3	2	1	2	1	1	0	3	4	1	2	2	2	2	1	0	0	2	3	1	2	2	1	1	1	0	0	2	2	2	1	2	2	1	1	1	0	2	2	1	1	2	1	1	1	1	1	1	2	1	1	1	2	1	1	1	0	1	1	1	0	1	1	1	0	0	0	0	1	1	0	0	1	0	1	0	0	0	1	0	0	0	0	0	0	0	0
	3	3	3	2	2	2	2	2	2	2	5	2	2	3	2	1	2	1	1	0	3	4	1	2	2	2	2	2	1	0	3	4	1	2	2	1	1	1	0	0	2	2	2	1	2	2	1	1	1	0	2	2	1	1	2	1	1	1	1	1	1	2	1	1	1	2	1	1	1	1	1	1	1	1	1	1	1	1	0	0	0	1	1	1	0	1	1	1	0	0	0	1	0	0	0	0	0	0	0	0
	3	3	3	2	2	2	2	2	2	2	5	2	2	3	2	1	2	1	1	1	3	4	1	2	2	2	2	2	1	1	3	4	1	2	2	1	2	1	0	0	2	3	3	1	2	2	1	1	1	0	2	2	1	1	2	1	1	1	2	1	1	2	1	1	1	2	1	1	1	1	1	1	1	1	1	1	1	1	1	0	0	1	1	1	1	1	1	1	0	0	0	1	0	1	0	0	1	0	0	0
	3	3	3	2	2	2	2	2	2	2	5	2	2	3	2	1	2	1	2	1	3	4	1	2	2	2	2	2	1	1	3	4	1	2	2	1	2	1	0	1	2	3	3	1	2	2	2	1	2	0	2	3	2	1	2	1	1	1	2	1	1	2	1	1	1	2	1	1	1	2	1	1	1	1	1	1	1	1	1	0	0	1	1	1	1	1	1	1	0	0	0	1	1	1	1	0	1	1	0	0
	3	3	3	2	2	2	2	2	3	2	5	2	2	3	2	1	2	1	2	1	3	4	1	2	2	2	2	2	1	1	3	4	1	2	2	1	2	2	1	1	2	3	3	1	2	2	2	2	2	0	2	3	2	1	2	1	1	1	2	1	1	3	1	2	1	2	1	1	1	2	1	1	1	1	1	1	1	1	1	1	0	1	1	1	1	1	1	1	1	0	0	2	1	1	1	1	1	1	0	0
	3	3	3	2	2	2	2	3	3	2	5	2	2	3	2	1	2	1	2	1	3	4	1	2	2	2	2	3	1	1	3	4	1	2	2	1	2	2	1	1	2	3	3	1	2	2	2	2	2	1	2	3	2	1	2	1	2	1	2	1	1	3	1	2	1	2	1	1	1	2	1	2	2	1	1	1	1	2	1	1	0	1	1	1	1	1	2	1	1	1	1	2	1	1	1	1	1	1	0	0
	3	3	3	2	2	2	3	3	3	2	5	2	2	3	2	1	2	1	2	1	3	4	1	2	2	2	3	3	1	1	3	4	1	2	2	1	2	2	1	1	2	3	3	1	2	2	3	2	2	1	2	3	2	1	2	1	2	1	2	2	1	3	1	2	1	2	1	2	1	2	1	2	2	2	1	2	1	2	1	1	1	1	2	1	1	1	2	1	2	1	1	2	1	1	1	1	1	1	0	0
	3	3	3	2	2	2	3	3	3	2	5	2	2	3	2	2	2	1	2	1	3	4	1	2	2	2	4	3	1	1	3	4	1	2	2	2	2	2	1	1	2	3	3	1	2	2	3	2	2	1	2	3	2	1	2	1	3	1	2	2	1	3	1	2	1	2	2	2	1	3	1	2	2	2	1	2	1	3	1	1	1	2	2	2	1	1	2	1	2	1	1	2	2	1	1	1	1	1	0	0
	3	3	3	2	2	2	3	3	3	2	5	2	2	3	3	2	3	1	2	1	3	4	1	2	2	3	4	3	1	1	3	4	1	2	2	2	2	2	1	1	2	3	3	1	2	2	4	2	2	1	2	3	2	1	2	1	3	1	2	2	1	3	1	2	1	2	2	2	2	3	2	2	2	2	1	2	2	3	2	1	1	2	2	2	2	1	2	1	2	1	1	2	2	2	1	1	1	1	0	0
	3	3	3	2	2	2	3	3	3	2	5	2	2	3	3	3	3	2	2	1	3	4	1	2	3	3	4	3	1	1	3	4	1	2	2	3	2	2	1	1	2	3	3	1	2	2	4	2	2	1	2	3	2	1	2	1	3	2	2	2	2	3	1	2	1	2	2	2	2	3	2	2	2	2	1	2	2	3	2	2	1	2	2	2	2	1	2	2	2	1	1	2	3	2	2	1	1	1	0	0
	3	3	3	2	2	2	3	3	3	2	5	2	2	4	3	3	4	2	2	1	3	4	1	2	3	4	4	3	2	1	3	4	1	2	2	3	2	2	1	1	2	3	3	1	2	2	4	2	2	1	3	3	2	1	2	1	4	2	2	2	2	3	1	2	1	2	2	2	2	3	2	2	2	2	1	2	2	3	2	2	1	2	2	2	2	2	2	2	2	2	1	3	3	2	2	1	2	1	0	0
	3	3	3	3	2	2	3	3	3	2	5	2	2	4	4	3	4	3	2	1	3	4	1	2	3	4	4	3	2	2	3	4	1	2	2	3	2	2	1	1	3	3	3	1	2	2	4	2	2	1	3	3	2	1	2	1	4	2	2	2	2	3	1	2	1	2	3	2	2	3	2	2	2	2	2	2	2	3	2	2	1	3	2	2	2	2	2	2	2	2	1	3	3	2	2	1	2	2	1	0
	3	3	3	3	3	3	3	3	3	2	5	2	2	4	4	3	4	3	3	2	3	4	1	2	3	4	4	3	2	2	4	4	1	2	2	3	2	2	1	1	3	3	3	1	2	2	4	2	2	1	3	3	2	1	2	1	4	2	2	2	2	3	1	2	2	3	3	2	2	3	3	2	2	2	2	2	2	3	2	2	1	3	2	2	2	2	2	2	3	2	1	3	3	2	2	1	2	2	1	1
	3	3	3	3	3	4	3	3	3	3	5	2	2	4	4	4	4	3	3	2	4	4	1	2	3	4	4	3	2	3	4	4	1	2	2	3	2	2	1	1	3	3	3	1	2	2	4	2	2	1	3	3	2	1	3	1	4	2	2	2	3	3	1	2	2	3	3	2	2	3	3	2	2	2	3	2	2	4	2	2	1	3	2	2	2	2	2	2	3	3	1	3	3	2	2	1	2	2	1	1
	3	3	3	3	3	4	4	3	4	3	6	2	2	4	4	4	5	3	3	2	4	4	1	2	3	4	4	3	2	3	4	4	1	2	2	3	2	2	1	2	3	3	3	1	2	2	4	2	2	1	4	3	2	1	3	2	4	2	2	2	3	3	1	2	2	3	3	3	2	3	3	2	2	2	3	3	2	4	2	2	1	3	2	2	2	2	2	2	4	3	1	3	3	2	2	1	2	2	1	1
	4	3	3	3	3	4	5	4	4	3	6	2	2	4	4	4	5	4	3	2	4	4	1	2	3	4	4	3	2	3	4	4	1	2	2	3	2	2	2	2	4	3	3	1	2	2	4	2	2	1	4	3	2	1	3	2	5	3	2	2	3	3	1	2	2	3	3	3	2	3	3	2	2	2	3	3	2	5	2	2	1	3	2	2	2	2	3	2	4	3	1	3	3	2	2	1	2	2	1	1
	4	4	3	3	3	4	5	4	5	3	6	2	2	4	4	5	5	4	3	2	4	4	1	2	3	4	4	4	2	3	5	4	1	2	2	3	2	3	2	2	4	3	3	1	2	2	4	2	2	1	4	3	2	1	3	2	5	3	3	2	3	3	1	2	2	3	3	4	3	3	3	2	2	2	3	3	2	5	2	2	1	3	2	2	2	2	3	3	4	3	1	3	3	2	2	1	2	2	1	1
	4	4	4	3	3	4	5	4	5	3	6	2	2	4	4	5	5	4	4	2	4	5	1	2	3	4	5	4	2	3	5	4	1	2	2	3	3	3	2	2	4	3	3	1	2	2	4	3	3	1	4	3	2	1	3	2	5	3	3	2	3	3	1	2	2	3	3	4	3	4	3	2	2	2	3	3	3	5	2	2	1	3	2	2	2	2	3	3	5	3	1	3	3	2	2	1	2	2	1	1
	4	4	4	4	3	4	5	4	5	3	6	2	2	4	4	5	5	4	4	2	4	5	2	2	3	4	5	4	3	3	5	4	1	2	2	4	3	3	2	2	4	3	3	1	2	2	5	3	3	2	4	3	2	1	3	2	6	3	3	3	3	3	1	2	2	3	3	4	3	4	3	2	2	2	3	3	3	5	2	2	1	3	2	2	2	2	4	3	5	4	1	3	3	2	2	1	2	2	1	1
	4	4	4	4	4	4	5	4	5	3	6	2	3	4	4	5	5	4	4	2	4	5	2	2	3	4	5	4	3	3	5	4	1	2	3	4	3	3	3	2	4	3	3	1	2	3	5	3	3	2	4	3	2	1	3	2	6	3	4	3	3	3	1	2	2	3	4	4	3	5	3	2	2	2	3	3	3	5	2	2	1	3	2	2	2	2	4	3	5	4	1	3	3	2	2	2	2	2	2	1
	4	4	5	4	4	5	5	4	5	3	6	2	3	4	4	5	5	4	4	2	4	5	2	2	3	4	5	4	3	3	5	4	1	3	3	4	3	3	3	2	4	3	3	1	3	3	5	3	3	3	4	3	2	1	3	2	6	3	4	3	3	3	1	2	2	3	4	4	4	5	3	2	2	2	3	4	3	5	3	2	1	3	2	2	2	2	4	3	5	4	1	3	3	2	3	2	2	3	2	1
	4	5	5	4	4	5	6	4	5	3	6	2	3	4	4	5	5	4	4	2	4	5	2	3	3	4	5	4	3	3	5	4	1	3	3	4	3	3	3	2	4	3	3	2	3	3	5	3	3	3	4	3	2	1	3	2	6	3	4	4	3	3	1	2	2	3	4	4	5	5	3	2	2	2	3	4	3	5	3	3	1	3	2	2	3	2	5	3	5	4	1	3	3	2	3	2	3	3	2	1
	5	5	5	4	4	5	6	5	5	3	6	2	4	4	4	5	5	4	4	2	4	5	2	3	3	4	5	4	3	3	5	4	2	3	3	4	3	3	3	2	4	3	3	2	3	3	5	3	3	3	4	3	2	1	3	2	6	3	4	4	3	3	1	2	2	3	4	4	5	6	3	2	2	3	3	4	4	5	4	3	1	3	2	2	3	2	5	3	5	5	1	3	3	2	3	3	3	3	2	1
	5	5	6	4	4	5	6	5	6	3	7	2	4	4	4	5	5	4	4	2	4	5	2	4	3	4	5	4	3	3	5	4	2	3	3	4	3	3	3	2	4	3	3	2	3	3	5	3	3	3	4	3	2	1	3	2	6	3	5	4	3	3	1	3	2	3	4	5	5	6	3	2	2	3	3	4	4	5	4	3	1	3	2	2	3	2	5	3	6	5	1	3	3	2	4	3	3	3	3	1
	5	5	6	5	4	5	6	5	6	4	7	2	5	4	4	5	5	4	4	2	5	5	2	4	3	4	5	4	3	3	5	4	2	3	3	4	3	3	3	2	4	3	3	2	3	3	5	3	4	3	4	3	2	1	3	2	6	3	5	4	3	3	1	3	3	3	4	5	6	6	3	2	2	3	3	4	4	5	4	3	1	3	2	2	4	2	5	4	6	5	1	3	3	2	4	3	3	4	3	1
	5	5	6	5	5	5	6	5	6	4	7	2	5	5	4	5	5	4	5	2	5	5	2	4	3	4	5	4	3	3	6	4	2	3	3	4	3	4	3	2	4	3	3	2	3	3	5	3	4	3	4	3	2	1	3	2	6	3	5	4	3	3	1	3	3	4	4	5	6	7	3	2	2	3	3	4	4	5	4	3	1	3	2	2	4	3	6	4	6	5	1	3	3	2	4	3	4	4	3	1
	5	5	6	5	5	6	6	5	6	4	7	2	5	5	5	5	5	5	5	2	5	5	2	4	3	4	5	5	3	3	6	5	2	3	3	4	3	4	3	2	4	3	3	2	3	3	5	3	4	3	4	3	2	1	3	2	6	3	5	5	3	3	1	3	3	4	5	5	6	7	3	2	2	3	4	4	5	5	4	3	1	3	2	2	4	3	6	4	6	5	1	3	3	2	4	4	4	4	3	1
	5	5	6	5	5	6	7	5	6	4	7	2	5	5	5	6	6	5	5	2	5	5	2	4	3	4	5	5	3	3	6	5	3	3	3	4	4	4	3	2	4	3	3	2	3	3	5	3	4	4	4	3	2	1	3	2	6	3	5	5	3	3	1	3	3	4	5	6	6	7	3	2	2	4	4	4	5	6	4	3	1	3	2	2	4	3	6	4	6	5	1	3	3	2	5	4	4	4	3	1
	5	5	6	5	5	6	7	6	6	4	7	2	5	5	5	6	6	5	5	2	5	5	2	5	3	5	6	5	3	3	6	5	3	3	3	4	4	4	3	3	4	3	3	2	3	3	6	3	4	4	4	3	2	1	3	2	6	3	5	5	3	3	1	4	3	4	5	7	7	7	3	2	2	4	4	4	5	6	4	3	1	3	2	2	4	3	6	4	6	5	1	3	3	3	5	4	4	4	3	1
	5	5	6	5	5	6	7	6	7	4	7	2	5	6	5	6	7	5	5	2	5	5	2	5	4	5	6	5	3	4	6	5	3	3	3	4	4	4	3	3	4	3	3	2	3	4	6	3	4	4	4	3	3	1	3	2	6	4	5	5	3	3	1	4	3	4	5	7	7	7	3	2	2	4	4	4	5	6	5	3	1	3	2	3	4	3	6	4	6	5	1	3	3	3	5	4	4	4	3	1
	5	5	6	5	5	6	7	7	7	5	7	2	6	6	5	6	7	5	5	2	5	5	2	5	4	5	6	5	3	4	6	5	3	3	4	5	4	4	4	3	4	3	4	2	3	4	6	4	4	4	4	3	3	1	3	2	6	4	5	5	3	3	1	4	3	4	5	7	7	7	3	2	3	4	4	4	5	6	5	3	1	3	2	3	4	3	6	4	6	6	1	3	3	3	5	4	4	4	3	1
	5	5	6	5	5	6	7	7	8	5	7	3	6	6	5	6	7	5	5	3	5	5	2	5	4	5	6	5	3	4	6	6	3	3	4	5	5	5	4	3	4	3	4	2	4	4	6	4	5	4	4	3	3	1	3	2	6	4	5	5	3	3	2	4	3	4	5	7	7	7	3	2	3	4	4	4	5	6	5	3	1	3	2	3	4	3	6	4	6	6	1	3	3	3	5	4	4	4	3	2
	5	5	6	5	5	6	7	7	8	5	7	3	6	6	5	6	7	5	6	3	5	6	3	5	4	5	6	6	4	5	6	6	3	3	4	5	5	5	4	3	4	3	4	2	4	4	6	4	5	4	4	4	3	2	3	2	6	4	6	5	3	3	2	4	3	4	5	7	7	7	3	2	3	4	4	4	5	6	5	3	1	3	2	3	4	3	6	4	6	6	1	3	3	3	5	4	4	4	4	2
	5	5	6	5	5	6	7	7	8	6	8	3	6	6	5	6	7	6	6	3	5	6	3	5	4	5	7	6	4	5	6	6	4	3	4	5	5	5	4	4	4	4	4	3	4	4	6	4	5	4	4	4	3	2	3	2	6	4	6	5	3	3	2	4	3	4	5	7	7	8	3	2	3	4	4	4	5	6	5	3	1	3	2	3	4	3	6	4	7	6	1	3	3	3	5	4	4	4	4	2
	5	6	6	5	5	6	7	7	9	6	8	3	6	6	5	7	7	6	6	3	5	6	3	6	4	5	7	7	4	5	7	6	4	4	4	5	5	5	4	4	4	4	4	3	4	4	6	4	5	5	4	4	3	2	3	2	6	4	6	5	3	3	2	4	3	4	5	7	7	8	3	2	3	4	4	4	5	6	5	4	1	3	2	3	4	3	6	5	7	6	1	3	3	3	5	4	4	4	4	2
	6	6	6	5	5	7	7	7	9	6	8	3	6	7	5	7	7	7	6	3	6	6	3	6	5	5	7	7	4	5	7	6	4	4	4	5	6	5	4	4	4	4	4	3	4	4	6	4	5	5	4	4	3	2	3	2	6	4	7	5	3	3	2	4	3	4	5	7	7	8	3	2	3	4	4	4	5	6	5	4	1	3	2	3	4	3	6	5	7	7	1	3	3	3	5	4	4	5	4	2
	6	6	6	6	6	7	7	7	9	6	9	3	6	7	6	7	8	7	6	3	6	7	3	6	5	5	7	7	4	5	7	6	4	4	4	5	6	5	4	4	4	4	4	3	4	4	6	5	5	5	4	4	3	2	3	2	6	4	7	5	3	3	2	4	3	4	5	7	7	9	3	2	3	4	4	4	5	6	5	4	1	3	2	3	4	3	6	5	8	7	1	3	3	3	5	4	4	5	4	3
	6	6	7	6	6	8	8	7	9	6	9	4	6	7	6	7	8	7	6	3	6	7	3	6	5	6	7	7	4	5	7	7	4	4	4	5	6	5	4	4	4	4	4	3	4	4	6	5	5	5	4	4	3	2	3	2	6	5	7	5	3	3	2	4	3	4	5	7	7	9	3	2	3	4	4	4	5	6	5	5	1	3	2	3	4	3	6	5	8	8	1	3	3	3	5	4	4	5	5	3
	6	7	7	6	6	8	8	8	9	6	9	4	7	7	6	8	8	7	6	3	6	7	3	6	5	6	7	7	4	5	7	7	5	4	4	6	6	5	4	4	4	4	4	3	4	4	6	5	5	5	4	4	3	2	3	2	6	5	7	5	3	3	2	4	3	4	5	7	8	10	3	2	3	4	4	4	5	6	6	5	1	3	2	3	4	3	6	5	8	8	1	3	3	3	5	4	4	6	5	3
	7	7	7	6	6	8	8	8	10	6	9	4	7	7	6	8	9	7	6	3	6	7	4	6	5	6	7	7	4	5	7	7	5	5	4	6	6	5	4	4	4	4	4	3	4	4	7	5	5	5	4	4	3	2	3	2	6	5	7	6	3	3	2	4	3	4	5	8	8	10	3	2	3	4	4	4	5	7	6	5	1	3	2	3	4	3	6	5	8	8	1	3	3	3	5	4	5	6	5	3
	7	7	7	6	6	8	8	8	10	6	10	4	7	7	6	8	9	8	7	3	6	7	4	6	5	6	7	7	4	5	7	8	5	5	5	6	7	5	4	4	4	4	4	3	4	4	7	5	5	6	4	4	3	2	3	2	7	5	7	6	3	3	2	4	3	4	5	8	8	10	3	2	3	4	4	4	6	7	6	5	1	3	2	3	4	3	6	5	8	8	1	3	3	3	5	5	5	6	5	3
	7	7	7	6	6	8	8	8	10	6	10	4	7	7	6	8	9	8	7	4	7	7	4	6	5	6	8	7	5	5	7	8	5	5	5	7	7	5	5	4	4	4	5	3	4	4	7	5	5	6	4	4	3	2	3	3	7	5	7	6	3	3	2	4	3	4	5	8	8	10	3	2	3	4	4	5	6	7	6	5	1	3	2	3	4	3	6	5	8	8	1	3	3	3	6	5	5	6	5	3
	7	7	7	6	6	8	8	8	10	6	10	4	7	7	6	9	9	8	7	4	7	7	4	6	5	6	8	7	5	6	8	8	5	5	5	7	7	6	5	4	4	4	5	3	4	5	7	5	6	6	4	4	4	2	4	3	7	5	7	6	3	3	2	4	3	4	5	8	8	10	3	2	3	4	5	5	6	7	6	5	1	3	2	3	4	3	6	5	8	8	1	3	3	4	6	5	5	6	5	3
	7	7	7	6	6	8	9	8	10	6	10	4	7	7	6	9	9	8	7	4	7	7	4	6	5	6	8	8	5	6	8	8	5	5	5	7	7	6	5	5	5	4	5	3	5	5	7	5	6	6	4	4	4	2	4	3	7	5	8	6	3	3	2	5	4	4	5	8	8	10	3	2	3	4	5	5	6	7	6	5	1	3	2	4	4	4	6	5	8	8	1	3	3	4	6	5	5	6	5	3
	7	7	7	6	6	8	9	8	10	6	10	4	7	7	6	9	10	8	7	4	7	7	4	6	5	6	9	8	5	6	8	8	5	5	5	7	7	6	5	5	5	4	5	3	5	5	7	5	6	7	5	4	4	3	4	3	7	6	8	6	3	3	2	5	4	5	5	8	8	10	3	2	4	5	5	5	6	7	6	5	1	3	2	4	4	4	7	5	8	8	1	3	3	4	6	5	5	6	5	3
	7	7	7	6	6	8	9	9	10	6	10	4	7	7	6	9	10	8	7	4	7	7	4	6	5	7	9	8	5	6	8	8	5	5	5	7	7	6	6	5	5	4	5	3	5	5	7	5	6	7	5	4	4	3	4	3	8	6	8	6	4	3	2	5	5	5	6	8	8	10	3	3	4	5	5	5	6	7	6	5	1	3	2	4	5	4	7	6	8	8	1	3	3	4	6	5	5	6	5	3
	7	7	7	6	6	8	9	9	11	6	10	4	7	7	7	9	10	8	7	4	7	7	4	6	5	7	9	8	6	6	8	8	5	5	5	7	7	6	6	5	5	4	5	3	5	5	7	6	6	7	5	4	4	3	4	3	8	6	8	6	4	4	2	5	5	6	6	9	8	10	4	3	4	5	5	5	6	7	6	5	1	3	2	4	5	5	7	6	9	8	1	3	3	4	6	5	5	6	5	3
	7	7	7	6	6	8	9	9	11	7	10	4	7	7	7	10	10	8	8	4	7	7	4	6	5	7	9	8	6	6	8	8	5	5	5	7	7	6	6	5	5	4	5	3	5	5	8	6	6	7	5	4	4	3	4	3	8	6	8	6	4	4	3	5	5	6	7	9	9	10	4	3	4	5	6	5	6	7	6	5	2	3	2	4	5	5	7	6	9	9	1	3	3	4	6	5	5	6	5	3
	7	7	7	6	6	8	9	9	12	7	10	4	7	7	7	10	11	9	8	4	7	7	4	6	5	7	9	8	6	6	8	8	5	5	5	7	8	6	6	5	5	4	5	3	5	5	8	6	6	7	5	5	4	3	4	3	8	6	8	6	4	4	3	5	5	7	7	9	9	10	4	3	4	5	6	6	6	7	7	5	2	4	2	4	5	5	7	6	9	9	1	3	3	4	6	5	5	6	5	4
	7	7	7	6	6	8	10	10	12	7	10	4	7	7	7	10	11	9	8	4	7	7	4	6	5	7	10	9	6	6	8	8	5	5	5	7	8	6	6	5	5	5	5	3	5	5	8	6	6	7	5	5	4	3	4	4	8	6	8	6	4	4	3	5	5	7	7	9	9	10	4	3	4	5	6	6	7	7	7	5	2	4	3	4	5	5	7	6	10	9	1	3	3	4	6	5	5	6	6	4
	7	7	7	6	6	9	10	10	13	7	10	4	7	7	7	10	11	9	8	4	7	7	4	6	5	7	10	9	6	6	8	9	5	5	5	8	8	7	6	5	5	5	5	3	5	5	9	6	6	7	5	5	4	3	4	4	8	6	8	6	4	4	3	5	5	7	7	9	9	10	4	3	4	5	6	6	7	8	7	5	2	4	3	4	5	5	8	6	10	9	1	4	3	4	6	5	5	7	6	4
	7	7	7	6	7	9	10	10	13	8	10	4	7	7	7	10	11	9	8	4	7	8	4	6	5	7	10	9	6	6	8	9	5	5	6	8	8	7	6	5	5	5	5	3	5	6	9	6	7	7	5	5	4	3	4	4	8	6	8	6	4	4	3	5	5	7	7	9	9	10	4	3	4	5	6	6	8	8	7	5	2	4	3	4	5	5	8	7	10	9	2	4	3	4	6	5	6	7	6	4
	7	7	7	6	7	9	10	10	13	8	10	5	7	8	7	10	11	9	8	5	7	8	4	6	6	7	10	9	6	6	8	9	5	5	6	8	8	7	6	5	5	5	5	3	5	6	9	6	7	7	5	5	4	3	5	4	8	6	9	6	4	4	3	5	5	7	7	10	9	10	4	3	4	5	6	6	8	8	7	5	3	4	3	4	5	5	8	7	11	9	2	4	3	4	6	6	6	7	6	4
	7	7	8	6	7	9	10	10	13	8	10	5	7	8	8	10	11	9	9	5	7	8	4	7	6	7	10	9	6	6	8	9	5	5	6	8	8	7	6	5	5	5	5	3	6	6	9	6	7	7	5	5	4	3	5	4	8	6	9	6	4	4	3	5	5	7	7	10	10	11	5	3	4	5	6	6	8	8	7	5	3	4	3	4	5	6	8	7	11	10	2	4	3	4	6	6	6	7	6	4
	7	7	8	7	7	9	10	10	13	8	10	5	7	8	8	11	11	10	9	5	7	8	4	7	6	7	10	9	6	6	8	9	6	5	6	8	8	7	6	5	5	5	5	4	6	6	9	6	7	7	5	5	4	3	5	4	8	7	9	7	4	4	3	5	5	7	7	10	10	11	5	4	4	5	6	6	8	8	7	6	3	4	3	4	5	6	9	7	11	10	2	4	3	4	6	6	6	7	6	4
	7	7	8	7	7	9	10	10	13	8	10	5	7	9	8	12	12	10	9	5	7	8	5	7	6	7	10	9	6	6	8	9	6	6	6	8	8	7	6	5	5	5	5	4	6	6	9	6	7	8	5	5	4	3	5	4	9	7	9	7	4	4	4	5	5	7	7	10	10	12	5	4	4	5	6	6	8	8	7	6	3	4	3	4	5	6	9	8	11	10	2	4	3	4	6	6	6	7	6	4
	7	7	8	7	7	9	10	10	13	8	10	5	7	9	8	12	12	10	9	5	7	9	5	7	7	8	10	10	6	6	8	9	6	6	7	8	8	7	6	6	5	5	5	4	6	6	9	6	7	8	5	6	4	3	5	5	9	7	9	8	4	4	4	5	5	7	7	10	10	12	5	4	4	5	6	6	8	8	7	6	3	4	3	4	5	6	9	8	12	10	2	4	3	4	6	6	6	7	6	4
	7	7	8	7	7	9	10	10	13	8	11	5	7	9	8	12	12	10	9	5	7	9	5	8	7	8	11	10	6	7	8	9	6	6	7	9	8	8	6	6	5	6	5	4	6	7	9	6	7	9	5	6	4	3	5	5	9	7	9	8	4	4	4	5	5	7	7	10	10	12	5	4	4	5	6	6	8	8	7	6	3	4	3	4	5	6	9	8	12	11	2	4	3	4	6	6	6	7	6	4
	8	7	8	7	7	9	10	10	13	8	11	5	8	9	8	12	12	10	10	5	7	9	5	8	7	8	11	11	6	7	8	10	6	6	7	9	9	8	6	7	5	6	5	4	6	7	10	6	8	9	5	6	4	3	5	5	9	7	9	8	4	4	4	5	5	7	7	10	10	12	5	4	4	5	6	6	8	8	7	7	3	4	3	4	5	6	9	8	12	11	2	4	3	4	6	6	6	7	6	4
	8	8	8	7	7	9	10	10	14	8	11	5	8	9	8	12	12	11	10	5	7	10	6	8	7	8	11	11	6	7	8	10	6	6	7	9	9	9	6	7	5	6	5	4	6	7	10	7	8	10	5	6	4	3	5	5	9	7	10	8	4	4	4	5	5	7	7	10	10	13	5	4	4	5	6	6	8	8	7	7	3	4	3	4	5	6	9	8	12	11	2	4	3	4	6	6	6	7	6	4
	8	8	9	7	7	9	10	11	14	8	12	6	8	9	8	12	12	11	10	5	7	10	6	8	7	8	11	11	7	7	8	10	6	6	7	9	9	9	7	8	5	6	5	4	6	7	10	8	8	10	5	6	4	3	5	5	9	8	10	9	4	4	4	5	5	7	7	10	10	13	5	4	4	5	6	6	8	8	7	7	3	4	3	4	5	6	9	8	12	11	2	4	3	4	6	6	6	7	6	4
	8	8	9	8	7	9	11	11	14	8	12	6	9	9	8	12	12	11	11	5	8	10	6	8	7	8	11	11	7	8	8	10	6	6	7	9	9	9	8	8	5	6	5	4	6	7	10	8	8	11	5	6	4	3	5	5	9	9	10	9	4	4	4	5	5	7	7	10	11	13	5	4	4	5	6	6	8	8	7	7	3	4	3	4	5	6	9	8	12	11	2	4	3	4	6	6	6	7	6	4
	8	8	9	8	8	10	11	11	14	9	12	6	9	10	8	12	12	11	11	6	8	10	6	8	7	8	11	11	7	8	9	10	6	6	7	9	9	10	8	8	5	6	5	4	6	7	10	8	9	11	5	6	4	3	5	5	9	9	10	9	4	4	4	5	5	7	7	11	12	13	5	4	4	5	6	6	8	8	7	7	3	4	3	4	5	6	9	8	12	11	2	4	3	4	6	6	6	7	6	4
	8	8	9	9	8	10	11	11	15	9	12	6	9	10	9	12	12	11	12	6	8	10	6	8	8	8	11	12	7	8	9	10	6	6	7	9	9	10	8	8	6	6	5	4	6	7	10	8	9	11	5	6	4	3	5	5	9	10	10	9	4	4	4	5	5	7	8	11	13	13	5	4	4	5	6	6	8	8	7	7	3	4	3	4	5	6	9	8	12	11	2	4	3	4	6	6	6	7	6	4
	8	8	10	9	8	10	11	12	15	9	12	6	9	10	9	13	13	12	12	6	8	10	6	8	8	8	11	12	7	8	9	10	6	7	7	9	9	10	8	8	6	6	5	4	6	7	10	8	9	11	6	6	4	3	5	5	9	11	10	9	4	4	4	5	5	8	8	11	14	13	5	4	4	5	6	6	8	8	7	7	3	4	3	4	5	6	9	8	12	11	2	4	3	4	6	6	6	7	6	4
	8	9	10	9	8	10	12	12	16	9	12	6	9	10	9	13	13	12	12	6	8	10	6	8	8	8	12	12	8	8	9	10	6	7	7	9	9	10	8	8	6	6	5	4	7	7	10	8	9	11	6	6	4	3	5	5	9	12	10	9	5	4	4	5	6	8	8	11	15	13	5	4	4	5	6	6	8	8	7	7	3	4	3	4	5	6	9	8	12	11	2	4	3	4	6	6	6	7	6	4
	9	9	10	9	8	10	12	13	16	10	12	6	9	10	9	13	13	12	12	6	8	10	6	8	8	9	12	12	8	9	9	10	6	7	7	9	9	10	8	8	6	6	5	4	7	7	10	8	9	11	6	6	4	4	6	5	9	13	10	9	5	5	4	5	6	8	8	11	16	13	5	4	4	5	6	6	8	8	7	7	3	4	3	4	5	6	9	8	12	11	2	4	3	4	6	6	6	7	6	4
	9	9	10	9	8	10	12	13	17	10	13	6	9	10	9	13	13	12	12	7	8	10	6	8	8	9	12	12	8	9	9	10	6	7	8	9	9	10	8	9	6	6	5	4	7	7	10	8	9	11	6	6	5	4	6	6	9	14	10	9	5	5	4	5	6	8	8	11	17	13	6	4	4	5	6	6	8	8	7	7	3	4	3	4	5	6	9	8	12	11	2	4	3	4	6	6	6	7	6	4
	9	9	10	9	8	10	12	13	17	11	13	6	9	10	9	13	13	12	12	7	9	10	6	8	8	9	12	12	8	10	9	10	6	7	8	9	9	10	8	9	6	6	5	4	8	7	10	8	9	12	6	6	5	4	6	6	10	15	10	9	5	5	4	6	6	8	8	11	18	13	6	4	4	5	6	6	8	8	7	7	3	5	3	4	5	6	9	8	12	11	2	4	3	4	6	6	6	7	6	4
	9	9	10	9	8	10	12	13	17	11	13	6	9	10	9	13	13	12	12	8	9	10	6	8	8	9	12	12	8	10	10	10	6	7	8	9	9	10	9	10	6	6	5	4	8	7	11	8	9	12	6	6	5	5	6	6	10	16	10	9	5	5	4	6	7	8	8	11	19	13	6	4	4	5	6	6	8	8	7	7	3	5	4	4	5	6	9	8	12	11	2	4	3	4	6	6	6	7	6	4
	9	9	10	9	8	10	12	13	17	11	13	6	9	10	9	13	13	12	13	8	9	10	6	8	8	9	12	12	9	10	10	10	6	7	8	10	9	10	9	10	7	6	5	5	8	7	11	8	9	13	6	6	5	5	6	6	10	17	10	9	5	5	4	6	7	9	8	11	20	13	6	4	5	5	6	6	8	8	7	7	3	5	4	4	5	6	9	8	12	11	2	4	3	4	6	6	6	7	6	4
	9	9	10	9	8	10	12	13	17	11	13	6	9	10	9	13	13	13	13	8	9	10	6	8	8	10	12	12	9	10	10	10	6	7	8	10	9	11	10	10	7	6	6	5	8	7	11	8	9	13	7	6	5	5	6	6	10	18	10	9	5	5	4	7	7	9	9	11	21	13	6	4	5	5	6	6	8	8	7	7	3	5	4	4	5	6	9	8	12	11	2	4	3	4	6	6	6	7	6	4
	9	9	10	9	8	10	12	13	17	11	13	6	9	10	9	14	13	13	13	8	9	10	6	8	8	10	12	13	9	10	10	10	7	7	8	10	10	11	10	10	7	6	6	5	8	7	11	8	10	13	7	6	6	5	6	6	10	19	10	9	6	5	4	7	7	9	9	12	22	13	6	4	5	5	6	6	8	8	7	7	3	5	4	4	5	6	9	8	12	11	2	4	3	4	6	6	6	7	6	4
	9	9	10	9	8	10	13	13	17	11	13	6	9	10	9	14	14	13	13	8	9	10	6	9	8	10	13	13	9	10	10	10	7	7	8	10	10	12	10	10	7	6	6	5	8	7	11	8	10	13	7	6	6	6	6	6	10	20	10	9	6	6	4	7	7	9	9	12	23	13	6	4	5	5	6	6	9	8	7	7	3	5	4	4	5	6	9	8	12	11	2	4	3	4	6	6	6	7	6	4
	9	9	10	9	8	11	13	14	17	11	13	6	9	10	9	14	14	13	13	8	9	10	7	9	8	11	13	14	9	10	10	10	7	7	8	10	10	12	10	10	7	6	6	5	9	7	11	8	10	13	7	6	6	6	6	6	10	21	10	9	6	6	4	7	7	9	9	12	24	13	7	4	5	5	6	7	9	8	7	7	3	5	4	4	5	6	9	8	12	11	2	4	3	4	6	6	6	7	6	4
	9	9	10	9	9	11	13	14	18	11	13	6	9	10	9	14	15	13	13	8	9	10	7	9	8	11	13	14	9	10	10	11	7	7	9	10	10	12	10	10	7	6	6	6	9	7	11	8	10	13	7	6	6	6	6	6	10	22	10	9	6	6	4	7	7	9	9	12	25	13	7	5	5	5	7	7	9	8	7	7	3	5	4	4	5	6	9	8	12	11	2	4	3	4	6	6	6	7	6	4
	9	9	10	10	9	11	14	14	18	12	13	6	9	10	9	14	15	13	13	8	9	10	7	9	9	11	13	14	9	10	11	11	7	8	9	10	10	12	10	10	7	6	6	6	9	7	11	8	10	13	7	6	6	6	6	6	10	23	10	9	6	6	5	7	7	9	9	12	26	13	7	5	5	6	7	7	9	8	7	7	3	5	4	4	5	6	9	8	12	11	2	4	3	4	6	6	6	7	6	4
	9	9	11	10	9	11	14	15	18	12	13	6	9	11	9	14	15	13	14	8	10	10	7	9	9	11	13	14	9	10	11	11	8	8	9	10	10	12	10	10	7	6	6	6	9	7	11	8	10	13	7	7	6	6	6	6	10	24	10	9	6	6	5	7	7	9	9	12	27	13	7	5	6	6	7	7	9	8	7	7	3	5	4	4	5	6	9	8	12	11	2	4	3	4	6	6	6	7	6	4
	9	9	11	10	9	11	14	15	19	12	13	6	10	11	10	14	15	13	14	8	10	11	7	10	9	11	13	14	9	11	11	11	8	8	9	10	10	12	10	10	7	6	7	6	9	7	11	8	10	13	7	7	6	6	6	6	10	25	10	9	6	6	6	7	7	9	9	12	28	13	7	5	6	6	7	7	9	8	7	7	3	5	4	4	5	6	9	8	12	11	2	4	3	4	6	6	6	7	6	4
	9	9	11	10	9	11	14	15	19	12	14	6	10	12	10	15	15	14	14	9	10	11	8	10	9	11	13	14	9	11	11	11	9	8	9	10	10	12	10	10	7	6	7	6	9	7	11	8	10	13	7	7	6	6	6	6	10	26	10	9	6	6	6	8	7	9	9	12	29	13	7	5	6	6	7	7	9	8	7	7	3	5	4	4	5	6	9	8	12	11	2	4	3	4	6	6	6	7	6	4
	10	9	11	10	9	11	14	15	19	13	14	6	10	12	11	15	16	14	15	9	10	12	8	10	9	11	13	14	9	11	11	12	9	8	9	10	10	12	10	10	7	6	7	6	9	7	11	8	10	13	7	7	6	6	6	6	10	27	10	9	6	6	6	8	8	9	9	12	30	13	7	5	6	6	7	7	9	8	7	7	3	5	4	4	5	6	9	8	12	11	2	4	3	4	6	6	6	7	6	4
	10	10	11	10	9	11	14	15	20	13	14	7	10	12	11	16	16	15	15	9	10	12	8	10	9	11	13	14	10	11	11	12	9	8	9	10	10	12	10	10	7	7	7	6	9	7	11	8	10	13	7	7	6	6	6	6	10	28	10	9	6	6	6	8	8	10	9	12	31	13	7	5	6	6	7	7	9	8	7	7	3	5	4	4	5	6	9	8	12	11	2	4	3	4	6	6	6	7	6	4
	10	10	12	10	9	11	15	16	20	13	14	7	11	12	11	16	16	15	15	9	10	12	8	10	9	11	13	15	10	11	12	12	9	8	9	10	10	12	11	10	7	7	7	6	9	7	11	8	10	13	7	7	6	6	6	6	10	29	10	9	6	6	6	8	8	10	10	12	32	13	7	5	6	6	7	7	9	8	7	7	3	5	4	4	5	6	9	8	12	11	2	4	3	4	6	6	6	7	6	4
	10	10	12	11	9	12	15	16	20	13	14	7	11	13	11	16	17	15	15	9	11	12	8	10	9	11	13	15	10	11	12	12	9	8	9	10	11	12	11	11	7	7	7	6	9	7	11	8	10	13	7	7	6	6	6	6	10	30	10	9	6	6	6	8	8	10	10	13	33	13	7	5	6	6	7	7	9	8	7	7	3	5	4	4	5	6	9	8	12	11	2	4	3	4	6	6	6	7	6	4
	10	10	12	11	10	12	15	16	20	13	15	7	12	13	12	16	17	15	15	9	11	12	8	10	9	11	14	15	10	11	12	12	9	8	9	10	11	12	11	11	7	7	7	6	9	7	11	9	10	14	7	7	6	6	6	6	10	31	10	9	6	6	6	8	8	10	10	13	34	13	7	5	6	6	7	7	9	9	7	7	3	5	4	4	5	6	9	8	12	11	2	4	3	4	6	6	6	7	6	4
	10	10	12	11	10	12	15	16	20	13	15	8	12	14	12	16	17	15	15	9	11	12	8	11	9	12	14	15	10	11	12	12	9	8	9	11	11	12	11	11	7	7	7	6	9	7	11	9	10	14	7	7	6	6	6	6	11	32	11	9	6	6	6	8	8	10	10	13	35	13	7	5	6	6	7	7	9	9	8	7	3	5	4	4	5	6	9	8	12	11	2	4	3	4	6	6	6	7	6	4
	10	11	12	11	10	12	15	16	20	13	15	8	12	14	12	16	17	15	15	9	11	12	8	11	10	12	14	15	10	11	12	12	9	9	10	11	11	12	11	11	7	7	7	6	9	8	12	9	10	14	7	7	6	6	6	6	11	33	11	10	6	6	6	8	8	10	10	13	36	14	7	5	6	6	7	7	9	9	8	7	3	5	4	4	5	6	9	8	12	11	2	4	3	4	6	6	6	7	6	4
	11	11	12	11	10	12	15	16	20	13	15	8	12	14	13	16	17	15	15	9	11	12	8	11	10	13	14	15	10	11	12	12	9	9	10	11	12	12	11	11	7	7	7	6	10	8	12	9	10	15	7	7	6	6	7	6	11	34	11	10	6	6	6	8	8	10	10	13	37	14	7	5	6	6	7	7	9	9	8	8	3	5	4	4	5	6	9	8	12	11	2	4	3	4	6	6	6	7	6	4
	11	11	12	11	10	12	15	16	20	13	16	8	12	14	13	17	17	15	15	9	11	12	8	11	10	13	15	16	10	11	12	12	9	9	10	11	12	12	11	11	7	7	7	6	10	9	12	9	11	15	7	7	6	7	7	6	11	35	11	10	6	6	6	8	8	10	10	13	38	14	7	5	6	6	7	7	9	9	8	8	3	5	4	4	5	6	9	8	12	12	2	4	3	4	6	6	6	7	6	4
	11	11	12	11	10	12	16	16	20	13	16	8	12	14	13	17	18	16	15	9	11	13	8	11	10	13	15	16	10	11	12	12	9	9	10	12	12	13	11	11	7	7	7	6	10	9	12	9	11	15	7	7	7	7	7	6	11	36	11	10	6	6	6	8	8	10	10	13	39	14	7	5	6	6	7	7	9	9	8	8	3	5	4	4	5	6	9	8	13	12	2	4	3	4	6	6	6	7	6	4
	11	11	12	11	10	12	16	17	20	13	16	8	12	14	13	18	18	16	16	9	11	13	9	11	10	13	16	16	11	11	12	12	9	9	10	12	12	13	11	11	7	7	7	7	10	9	12	9	11	15	7	7	7	7	7	6	11	37	11	10	6	6	6	8	8	10	10	13	40	14	7	5	6	6	7	7	9	9	8	8	3	5	4	4	5	6	9	9	13	12	2	4	3	4	6	6	6	7	6	4
	11	11	12	11	10	13	16	17	21	13	16	8	13	14	13	18	19	16	16	9	11	13	9	11	10	13	16	16	11	12	12	12	9	9	10	12	12	13	12	11	7	7	8	7	10	9	12	9	11	15	7	7	7	7	7	6	11	38	11	10	6	6	6	8	8	10	10	13	41	14	7	5	6	6	7	7	9	9	8	8	3	5	4	4	5	6	10	9	13	12	2	4	3	4	6	6	6	7	6	4
	11	11	12	11	11	13	16	18	21	13	16	8	13	15	13	18	19	16	17	10	11	13	9	11	10	13	16	16	11	12	12	12	9	9	10	12	12	13	12	12	7	8	8	7	10	9	12	9	11	15	7	7	7	7	7	6	11	39	11	10	6	6	6	8	8	10	10	13	42	14	7	5	6	6	7	7	10	9	8	8	3	5	4	4	5	6	10	9	13	12	2	4	3	4	6	6	6	7	6	4
	11	11	12	12	11	13	16	18	22	14	16	8	13	15	14	18	19	17	17	10	11	13	9	11	10	13	16	16	11	12	12	12	9	9	10	12	12	13	12	12	8	8	8	7	10	9	12	9	11	16	7	7	7	7	7	6	11	40	11	10	6	6	6	8	8	10	11	13	43	14	7	5	6	6	7	7	10	9	8	8	3	5	4	4	5	6	10	9	13	12	2	4	3	4	6	6	6	7	6	4
	11	11	13	12	11	13	16	18	22	14	16	8	13	15	14	18	19	17	18	11	11	13	9	11	11	13	16	17	11	12	12	12	9	9	10	12	12	13	12	12	8	8	8	7	10	9	12	9	11	16	8	7	7	7	7	6	11	41	12	10	6	6	6	8	8	10	11	14	44	14	7	5	6	6	7	7	10	9	8	8	3	5	4	4	5	6	10	9	13	12	2	4	3	4	6	6	6	7	6	4
	11	11	13	12	11	13	16	18	22	14	16	9	13	15	14	18	19	17	18	11	11	13	9	12	11	13	16	17	12	13	12	12	9	9	10	12	13	13	12	12	8	8	8	7	10	9	12	9	11	16	8	7	7	7	7	6	11	42	12	10	7	6	6	8	8	10	11	14	45	15	7	5	6	6	7	7	10	10	8	8	3	5	4	4	5	6	10	9	13	12	2	4	3	4	6	6	6	7	6	4
	11	12	13	12	11	13	16	18	22	14	16	9	14	15	14	18	19	17	18	11	11	13	9	12	11	13	17	18	12	13	12	12	9	9	10	12	13	13	12	13	8	8	8	7	10	9	12	9	11	16	8	7	7	7	7	6	11	43	12	11	7	7	6	8	8	10	11	14	46	15	7	5	6	6	7	7	10	10	9	8	3	5	4	4	5	6	10	9	13	12	2	4	3	4	6	6	6	7	6	4
	12	12	13	12	11	13	16	18	22	14	16	9	14	16	14	19	19	17	18	11	11	13	9	12	11	13	17	18	12	13	12	12	9	9	10	12	13	14	12	13	8	8	8	7	10	9	12	9	11	17	8	7	7	7	7	6	11	44	13	11	7	7	6	8	8	10	11	14	47	15	8	5	6	6	7	7	10	10	9	8	3	5	4	4	5	6	10	9	13	13	2	4	3	4	6	6	6	7	6	4
	12	12	13	12	11	14	16	18	22	14	17	9	14	16	15	19	19	17	18	11	11	13	9	12	11	13	17	18	12	13	12	12	9	9	10	12	13	14	12	13	8	8	8	7	10	9	12	10	12	17	8	7	7	7	7	6	11	45	13	11	7	7	6	8	8	10	11	14	48	16	8	6	6	6	7	7	10	10	9	8	3	5	4	4	5	6	10	9	13	13	2	4	3	4	6	6	6	7	7	4
	12	12	13	12	11	14	17	18	22	14	17	9	14	16	15	19	19	17	18	11	12	13	9	12	11	14	17	18	12	13	12	12	9	9	10	12	13	14	13	13	8	8	8	7	10	9	12	10	12	17	8	7	7	7	7	6	12	46	13	11	7	7	7	8	8	10	11	14	49	16	8	6	6	6	7	7	10	10	9	9	3	5	4	4	5	6	10	9	13	13	2	4	3	4	6	6	6	8	7	4
	12	12	13	12	11	14	17	18	22	14	17	9	14	16	15	19	20	17	18	11	12	13	9	12	11	14	17	18	12	14	13	12	9	9	11	12	13	14	13	13	8	8	8	7	10	9	13	10	12	17	8	7	7	7	7	6	12	47	13	11	7	7	7	9	8	10	11	14	50	16	8	6	6	6	7	7	10	10	9	9	3	5	4	4	5	6	10	9	13	14	2	4	3	4	6	6	7	8	7	4
	12	12	13	12	11	14	17	19	22	14	17	9	14	16	15	19	20	17	19	11	12	13	9	12	11	14	17	18	12	14	13	13	9	10	11	13	13	14	13	13	8	8	8	7	10	9	13	10	12	17	8	7	7	7	7	6	12	48	13	11	7	7	7	9	9	10	11	14	51	16	8	6	6	6	7	7	10	10	9	9	3	5	4	4	5	6	10	9	13	14	2	4	3	4	6	7	7	8	8	4
	12	12	13	12	11	14	17	19	23	14	17	9	14	16	15	19	20	18	19	11	12	13	9	12	11	15	17	18	12	14	13	13	10	10	11	13	13	14	13	13	8	8	8	8	10	9	13	10	12	17	8	7	7	7	7	6	12	49	13	11	7	7	7	9	9	11	11	14	52	16	8	6	6	6	7	7	10	10	9	9	3	5	4	4	5	7	10	9	13	14	2	4	3	4	6	7	7	9	8	4
	12	12	13	12	11	14	17	20	23	14	17	9	14	16	16	19	20	18	19	11	12	13	9	12	11	15	17	18	13	14	13	13	10	10	11	13	13	14	13	13	8	8	9	8	10	9	13	10	12	17	8	7	8	7	7	6	12	50	13	11	7	7	7	9	9	11	12	14	53	16	8	6	6	6	7	8	10	10	9	9	3	5	4	4	5	7	10	9	13	14	2	4	3	4	6	7	8	9	8	4
	12	12	13	12	11	15	18	20	23	14	17	9	14	16	16	19	20	18	19	11	12	13	9	12	11	15	17	19	13	14	13	13	10	10	11	13	13	14	13	13	8	9	9	8	10	9	13	10	12	17	8	8	8	7	7	7	12	51	13	11	7	7	7	9	9	12	12	14	54	16	8	6	6	6	7	8	10	10	9	9	3	5	4	4	5	7	10	9	13	14	2	4	3	4	6	8	8	9	8	4
	12	12	13	12	12	15	18	20	23	14	17	9	14	16	16	20	20	18	19	11	12	13	9	12	11	15	17	19	13	14	13	13	10	10	11	13	14	14	13	13	9	9	9	8	10	9	13	10	12	17	9	8	8	7	7	7	13	52	13	11	7	7	7	9	9	12	13	14	55	16	8	6	6	6	7	8	10	10	9	9	3	5	4	4	5	8	10	9	13	14	2	4	3	4	6	8	8	9	8	4
	12	12	13	13	12	15	18	20	23	14	17	9	14	16	16	20	20	18	19	11	12	13	9	12	11	15	18	19	13	14	14	13	10	10	11	13	14	14	13	13	9	9	9	8	10	9	14	10	12	17	9	8	8	7	7	7	13	53	13	11	8	7	7	9	9	12	13	15	56	16	8	6	6	6	7	8	11	10	9	9	3	5	4	4	5	8	11	9	13	14	2	4	3	4	6	8	8	9	8	4
	12	12	14	13	12	15	18	20	23	14	17	9	14	16	16	20	20	18	19	11	12	14	9	12	11	15	18	19	13	14	14	13	10	10	11	14	15	14	13	13	9	9	9	8	10	9	14	10	12	17	9	8	8	7	7	7	13	54	13	11	8	8	7	9	9	12	13	15	57	16	8	6	6	6	7	8	11	11	9	9	3	5	4	4	5	8	12	10	13	14	2	4	3	4	6	8	8	9	8	4
	12	12	14	14	12	15	18	20	23	14	17	9	14	16	16	20	20	18	19	11	12	14	10	12	11	16	18	19	13	14	14	13	10	10	11	14	15	15	13	13	9	9	9	8	10	9	14	10	12	17	9	8	8	7	7	7	13	55	13	11	8	8	8	9	9	12	13	15	58	16	8	6	6	6	7	8	11	11	10	9	3	5	4	4	5	8	12	11	14	14	2	4	3	4	6	8	8	9	8	4
	12	12	14	14	13	15	18	20	23	14	17	10	14	16	17	20	20	18	19	11	12	14	10	12	11	16	18	19	13	14	14	13	10	10	11	14	15	15	13	13	9	9	9	8	10	9	14	10	13	17	9	8	8	7	7	7	13	56	13	11	8	8	8	10	9	12	13	15	59	17	8	6	6	6	7	8	11	11	10	9	3	5	4	4	5	8	12	11	15	15	2	4	3	4	6	8	8	9	8	4
	12	12	15	14	13	16	18	20	23	14	17	10	14	16	17	21	20	18	19	11	12	14	10	12	11	16	18	19	13	14	14	13	10	10	11	14	15	15	13	13	9	9	9	8	10	9	14	10	13	18	9	8	8	8	7	7	13	57	13	12	8	8	8	10	9	12	13	15	60	17	8	6	6	6	7	8	11	11	10	9	3	5	4	4	5	8	12	11	15	15	2	4	3	4	6	8	8	9	9	5
	12	12	15	15	13	16	19	20	23	14	17	10	14	16	17	21	21	18	19	11	12	14	10	12	11	16	18	19	13	14	14	13	10	10	11	14	15	15	14	13	9	9	9	8	11	9	14	10	13	18	9	8	8	8	7	7	13	58	14	12	8	8	8	10	9	12	13	15	61	17	8	6	6	6	7	8	11	11	10	9	3	5	4	4	5	8	12	11	15	16	2	4	3	4	6	8	8	10	9	5
	12	12	15	15	14	16	19	21	23	14	17	10	14	16	17	21	21	19	19	11	12	14	10	12	11	16	18	19	14	14	14	13	10	10	11	14	15	15	14	13	9	9	9	8	11	10	14	10	14	18	9	8	8	8	7	7	13	59	14	12	8	8	8	10	9	12	13	15	62	17	8	6	6	6	7	8	11	11	10	10	3	5	4	4	5	8	12	11	15	16	2	4	3	4	6	8	9	10	9	5
	12	12	15	15	14	16	19	21	24	14	17	10	14	17	17	21	21	19	20	11	12	14	10	12	11	16	18	19	14	15	14	13	10	10	11	14	15	15	14	13	9	9	9	8	11	10	15	11	14	18	9	8	8	8	7	7	13	60	14	12	8	8	8	10	9	12	13	15	63	18	8	6	6	6	7	8	11	11	10	10	3	5	4	4	5	8	12	11	15	16	2	4	3	4	6	9	9	10	9	5
	12	12	15	15	14	16	19	21	24	15	17	10	14	17	17	21	21	19	20	12	12	14	10	12	12	16	18	19	14	15	14	13	10	10	11	14	15	15	14	14	9	9	9	8	11	10	15	11	14	18	9	8	8	8	7	8	14	61	14	12	8	8	8	10	9	12	13	15	64	18	8	6	6	6	7	8	11	11	11	10	3	5	4	4	5	8	12	11	15	16	2	4	3	4	7	9	9	10	9	5
	12	12	15	15	14	16	19	21	24	15	17	10	14	17	17	21	21	19	21	12	12	14	10	13	12	16	18	19	14	16	14	13	10	10	11	14	15	15	14	14	9	9	9	8	11	10	15	11	14	19	9	8	8	8	8	8	14	62	14	12	8	8	8	10	9	12	14	16	64	18	8	6	6	6	7	8	11	12	11	10	3	5	4	4	6	8	12	11	15	16	2	4	3	4	7	9	9	10	9	5
	12	12	15	15	14	16	19	21	24	15	17	10	15	17	17	21	21	20	21	12	12	14	10	13	12	16	18	19	14	16	14	13	10	10	11	14	15	15	14	15	9	9	9	8	11	10	15	12	15	19	9	8	8	8	8	8	14	62	14	12	8	8	8	10	10	12	14	16	64	18	8	6	6	6	7	9	12	12	11	10	3	5	4	4	6	9	12	12	15	16	2	4	3	4	7	9	9	10	9	5
	12	12	15	15	14	16	19	21	24	15	17	10	15	17	17	21	21	20	21	12	12	14	11	13	12	16	18	20	14	16	14	13	10	10	11	14	16	16	14	15	9	9	9	8	11	10	15	12	15	20	9	8	8	8	8	8	14	62	14	12	8	8	8	10	10	12	14	16	64	18	8	6	6	7	8	9	12	13	11	10	3	5	4	4	6	9	13	12	15	16	2	4	3	4	7	9	9	11	9	5
	12	12	15	15	14	16	19	21	24	15	17	10	15	17	17	21	22	20	21	12	12	14	11	13	12	16	19	20	14	16	14	14	10	10	11	14	16	16	15	15	9	9	9	8	11	10	15	12	15	20	9	8	8	8	8	8	14	62	15	12	8	8	8	10	10	13	14	16	64	18	8	6	7	7	8	9	12	13	11	10	3	5	4	4	6	9	13	13	16	16	2	4	3	4	7	9	10	11	9	5
	12	12	15	15	14	16	20	21	24	15	17	10	15	17	17	22	22	20	21	12	12	14	11	13	12	16	19	20	15	16	14	14	11	10	11	14	16	16	15	15	9	9	9	8	11	10	15	12	16	20	9	8	8	8	8	9	14	62	15	12	8	8	8	10	10	13	14	16	64	18	8	7	7	7	8	9	13	13	11	10	3	5	4	4	6	9	13	13	16	17	2	4	3	4	7	10	10	11	9	5
	12	12	15	15	14	16	20	22	24	15	17	10	15	17	17	22	22	20	22	12	12	14	11	13	12	17	19	20	15	16	14	14	11	11	11	14	16	16	15	15	9	9	9	8	11	11	15	13	16	20	9	8	8	8	8	9	14	62	15	12	8	8	8	10	10	13	15	16	64	18	9	7	7	7	8	9	13	13	11	10	3	5	4	4	6	10	13	13	16	17	2	4	3	4	7	10	10	11	9	6
	12	12	15	15	14	16	20	22	25	16	17	10	15	17	17	22	22	20	22	12	12	14	11	13	13	17	19	20	15	16	14	14	11	11	12	15	17	16	15	15	9	9	9	8	11	11	15	13	16	20	9	8	8	8	8	9	14	62	15	12	8	8	8	10	10	14	15	16	64	18	9	7	7	7	9	9	13	13	11	10	4	5	4	4	6	10	13	13	16	17	2	4	3	4	7	10	10	11	10	6
	12	12	15	15	14	16	20	22	25	16	17	10	15	17	18	22	22	21	22	13	12	14	11	13	13	17	19	21	15	16	14	14	11	11	12	15	17	16	15	15	9	9	9	8	12	11	16	13	16	20	9	8	8	8	9	9	14	62	15	12	8	8	8	10	11	14	15	16	64	18	9	7	7	7	9	9	13	13	11	10	4	6	4	4	6	10	13	13	16	17	2	4	3	4	7	10	10	12	10	6
	12	12	15	15	14	17	20	22	25	16	17	10	15	17	18	22	23	21	22	13	12	14	11	13	13	17	19	21	15	17	14	14	11	11	12	15	17	17	15	15	9	9	9	9	12	11	16	13	16	20	9	8	8	9	9	9	15	62	15	12	8	8	8	10	11	15	15	16	64	18	9	7	7	7	9	9	13	13	11	10	4	6	5	4	6	10	13	13	16	17	2	4	3	4	7	10	11	12	10	6
	12	12	15	15	15	17	20	22	25	16	17	10	15	17	18	22	23	21	22	13	12	14	11	13	13	17	20	21	15	17	14	14	11	11	12	15	17	17	16	16	9	9	10	9	12	11	16	13	16	20	9	8	9	9	9	9	15	63	15	12	8	8	8	10	11	15	16	16	64	18	9	7	7	7	9	9	13	13	11	10	4	6	5	5	6	10	13	13	16	17	2	4	3	4	7	11	11	12	10	6
	12	12	15	15	15	17	20	22	25	16	17	10	15	17	19	22	23	21	22	13	12	14	11	13	13	18	20	21	15	18	14	14	11	11	12	15	17	17	16	16	9	10	10	9	12	11	16	13	16	21	9	9	9	9	9	9	15	63	15	12	8	8	8	10	11	15	16	17	65	18	9	7	7	7	9	9	13	13	11	10	4	6	5	5	6	11	13	13	16	17	2	4	4	4	7	11	11	12	10	6
	12	12	15	15	15	17	20	22	25	16	17	10	15	17	19	23	23	21	23	13	12	14	11	13	13	18	20	21	15	18	14	14	11	11	13	15	17	17	17	16	10	10	10	9	12	11	16	13	16	21	10	9	9	9	9	9	15	63	15	12	8	8	8	10	11	15	16	17	65	19	9	7	7	7	9	9	13	14	11	10	4	6	5	5	6	11	14	13	16	17	2	5	4	4	7	11	11	12	10	6
	12	12	15	15	15	17	21	22	26	16	17	10	15	17	19	23	23	21	23	13	12	14	11	13	14	18	20	21	16	18	15	14	11	11	13	15	17	17	17	16	10	10	10	9	12	11	16	13	16	21	10	9	9	9	9	9	15	63	15	13	9	8	8	10	11	15	16	17	65	19	9	7	7	7	9	9	13	14	12	10	4	6	5	5	6	11	14	14	16	17	3	5	4	4	7	11	11	12	10	6
	12	12	15	15	15	17	21	23	26	17	17	10	15	18	19	23	23	21	24	13	13	14	11	13	14	18	20	21	16	18	15	14	11	11	13	15	17	17	17	16	10	10	10	9	12	11	16	13	16	22	10	9	9	9	9	9	15	63	15	13	9	9	8	10	11	15	16	17	65	19	9	7	7	7	9	9	13	14	12	10	5	6	5	5	6	11	14	14	17	18	3	5	4	4	7	11	11	12	10	6
	12	12	15	16	15	17	21	23	27	17	18	10	15	18	19	23	23	22	24	14	13	14	11	13	14	18	20	21	16	18	15	14	11	11	13	15	17	17	18	16	10	10	10	9	12	11	16	13	16	22	10	9	9	9	9	9	15	63	15	13	9	9	9	10	11	15	16	17	65	19	10	7	7	7	9	9	13	14	12	11	5	6	5	5	6	11	14	14	17	18	3	5	4	4	7	11	11	12	11	6
	13	12	15	16	16	17	21	23	27	17	18	10	15	18	19	23	23	22	25	14	13	14	11	13	14	18	20	22	17	19	15	14	11	11	13	15	17	17	18	16	10	10	10	9	12	11	16	13	16	22	10	9	9	9	9	9	15	63	15	13	10	9	9	10	11	15	16	17	65	20	10	8	7	7	9	9	13	14	12	11	5	6	5	5	6	11	14	14	17	18	3	5	4	4	7	11	11	12	11	7
	13	13	15	16	16	18	21	23	27	18	18	10	15	18	19	23	23	22	25	14	13	14	11	13	14	18	20	22	17	19	15	14	11	11	13	15	18	18	18	17	10	10	10	9	12	11	16	13	16	22	11	9	9	9	9	9	15	63	15	13	10	9	9	10	11	15	16	17	66	20	11	8	7	7	9	9	13	14	12	11	5	6	5	5	6	11	14	14	17	19	3	5	4	4	7	11	11	12	11	7
	13	13	16	16	16	18	22	23	28	18	18	10	15	18	19	23	23	22	25	14	13	14	11	13	14	18	20	22	17	19	15	14	11	11	13	15	18	18	18	17	11	10	10	9	12	11	16	14	17	23	11	9	9	9	9	9	15	63	16	13	10	9	9	10	11	15	16	17	66	20	11	8	7	7	9	9	13	14	12	12	6	6	5	5	6	11	14	14	17	19	3	5	4	4	7	11	11	12	11	7
	13	13	16	17	16	18	23	24	28	18	18	10	15	18	19	23	23	22	25	14	13	14	11	13	14	18	20	22	17	19	16	14	11	11	13	15	18	18	19	17	11	10	10	9	12	11	17	14	17	23	11	9	9	9	9	9	15	64	16	14	10	9	9	10	11	15	16	17	66	21	11	8	7	7	9	9	13	14	12	12	6	7	5	5	6	11	14	14	17	19	3	5	4	4	7	11	11	12	11	7
	13	13	16	17	17	18	23	24	28	18	18	10	15	18	19	24	24	22	25	14	14	14	11	13	14	18	20	22	18	19	16	14	11	11	13	15	18	18	19	17	11	10	10	9	12	11	17	15	17	23	11	9	9	9	9	10	15	64	17	14	10	9	9	10	11	15	16	17	66	21	11	8	7	7	9	9	13	14	13	12	6	7	6	5	6	11	14	14	17	19	3	5	4	4	7	11	11	12	11	7
	13	13	16	17	17	18	23	24	28	18	19	10	15	19	19	24	24	23	25	14	14	14	11	13	14	18	21	23	18	19	16	14	11	11	13	15	18	18	19	17	11	10	10	9	12	12	18	15	17	23	11	9	9	9	9	10	15	65	17	14	10	9	9	10	11	15	16	17	66	21	11	8	8	7	9	9	13	15	13	12	6	7	6	5	6	11	14	14	17	19	3	5	4	4	7	11	11	12	11	7
	14	13	16	17	17	18	23	24	28	18	19	10	15	19	20	24	24	23	26	14	14	14	11	13	14	19	21	23	18	19	16	14	11	11	13	16	19	18	19	17	11	10	10	9	13	12	18	15	17	23	11	9	9	9	9	10	16	65	17	14	10	9	9	10	11	15	16	17	66	21	11	8	8	7	9	9	14	15	13	12	6	7	6	6	6	11	14	14	17	19	3	5	4	4	7	11	11	12	11	7
	14	14	16	17	17	19	23	24	28	18	19	10	15	19	20	24	24	23	26	15	14	14	11	13	15	19	21	23	18	19	16	14	11	12	14	16	19	19	19	17	11	10	10	9	13	12	18	15	17	23	11	9	9	9	9	11	16	65	17	14	10	9	9	10	11	15	16	17	66	21	11	8	8	7	9	9	14	15	13	12	6	7	6	6	7	11	14	15	17	19	3	5	4	4	7	11	11	12	11	7
	14	14	17	17	17	19	24	24	28	18	19	10	15	20	20	24	24	23	26	15	14	14	11	14	15	19	21	23	18	20	16	14	11	12	14	16	19	19	19	17	11	10	10	9	13	13	18	15	18	23	11	9	9	9	10	11	16	65	17	14	10	9	9	10	11	15	16	17	66	21	11	8	8	8	9	9	14	15	13	12	6	7	6	6	7	11	14	15	18	19	3	5	4	4	7	11	11	12	11	7
	14	14	17	18	17	19	24	25	28	18	19	11	16	20	20	24	24	23	26	15	14	14	11	14	15	19	21	23	18	20	16	14	11	12	14	16	19	19	19	18	11	10	10	9	13	13	19	15	18	24	11	9	9	9	10	11	16	65	17	14	10	9	9	11	12	15	16	17	66	21	11	8	8	8	9	9	14	15	13	12	6	7	6	6	7	11	14	15	18	20	3	5	4	4	7	11	11	12	11	7
	14	14	17	18	18	19	24	25	29	18	19	11	16	21	20	24	24	23	26	15	14	15	11	14	15	19	21	23	18	20	16	14	11	12	14	16	19	19	20	18	11	10	10	9	13	13	19	16	18	24	11	9	9	10	10	11	16	65	17	15	10	9	9	11	12	15	16	17	66	21	11	8	8	8	10	9	14	15	13	12	6	7	6	6	7	11	14	15	18	20	3	5	4	4	7	11	11	12	12	7
	14	14	17	18	18	20	24	25	29	18	19	11	16	21	21	24	24	23	27	15	14	15	12	14	15	19	21	23	19	20	16	14	11	12	14	16	19	19	20	18	11	10	10	10	13	13	19	16	18	24	11	9	9	10	10	11	16	66	18	15	10	9	9	11	12	15	16	17	66	21	11	8	8	8	10	10	14	15	13	12	6	7	6	6	7	11	14	15	18	20	3	5	4	4	7	11	11	13	12	7
	14	14	17	18	18	20	25	25	29	19	19	11	16	21	21	25	24	24	27	15	14	15	12	14	15	19	21	23	19	20	16	15	12	12	14	16	19	19	20	18	11	10	10	10	13	13	19	16	19	24	11	9	9	10	10	11	16	66	18	15	10	9	9	11	12	15	16	17	67	21	11	8	8	8	10	10	15	15	13	12	6	7	6	6	7	11	14	15	18	20	3	5	4	4	7	11	12	13	12	7
	14	14	17	18	18	20	25	26	29	19	19	11	16	21	21	25	25	24	27	16	14	15	12	14	15	19	21	24	19	20	16	15	12	12	14	16	19	20	20	18	11	11	11	10	13	13	19	16	19	24	11	9	9	10	10	11	16	66	18	15	10	9	9	11	12	15	17	18	67	21	11	8	8	8	10	10	15	15	13	12	6	7	6	6	7	11	14	15	18	20	3	5	4	4	7	12	12	13	12	7
	14	14	17	18	18	20	25	26	30	19	19	11	16	21	21	25	25	24	27	16	14	15	12	14	15	19	22	24	20	21	16	15	12	12	14	16	20	20	20	18	11	11	11	10	13	13	19	16	19	24	11	10	10	10	10	11	16	66	18	15	10	9	9	11	12	16	17	18	67	21	11	8	8	8	10	10	15	16	13	12	6	7	6	6	7	11	14	15	18	20	3	5	4	4	8	12	12	13	12	7
	14	14	17	18	18	20	25	26	30	19	19	11	16	21	21	25	25	24	28	16	14	15	12	14	15	20	22	24	20	21	16	15	12	12	14	17	20	20	21	19	11	11	11	10	13	13	19	16	19	24	11	10	10	10	10	12	16	66	18	15	10	10	10	11	12	16	17	18	67	21	11	8	8	8	10	10	15	16	13	12	6	7	6	6	8	11	14	16	18	20	3	5	4	4	8	12	12	13	12	7
	14	14	17	18	18	20	25	26	30	19	19	11	16	21	21	25	25	24	28	17	14	15	12	14	16	20	22	24	20	22	16	15	12	12	15	17	20	20	21	19	11	11	11	10	13	13	19	16	19	25	11	10	10	10	10	12	17	66	18	15	11	10	10	11	12	16	17	18	67	21	11	9	8	8	10	10	15	16	13	12	6	7	6	6	8	12	14	16	18	20	3	5	4	4	8	12	13	13	12	7
	14	14	17	18	18	20	25	26	30	20	19	11	16	22	21	25	25	24	28	17	14	15	12	14	16	20	22	24	21	22	16	15	12	12	15	17	20	20	21	19	11	11	11	10	14	13	20	16	19	25	12	10	10	10	10	12	17	66	18	16	11	10	10	11	12	16	17	18	67	21	12	9	8	8	10	10	15	16	13	12	6	7	6	6	8	12	15	16	18	20	3	5	4	4	8	13	13	13	12	7
	14	14	17	18	18	20	25	26	31	20	19	11	16	22	22	25	25	25	28	17	14	15	12	14	16	20	22	24	21	22	16	15	12	13	15	18	20	20	21	19	12	11	11	10	14	13	20	16	19	25	12	10	10	10	10	12	17	66	18	16	12	10	10	11	12	16	17	18	67	22	12	9	8	8	10	10	15	16	13	12	6	7	6	6	8	13	15	17	18	20	3	5	4	4	8	13	13	13	12	7
	14	14	17	18	18	20	25	27	31	20	19	11	16	22	22	26	26	25	28	17	14	15	12	15	16	20	23	24	21	22	17	15	12	13	15	18	20	20	21	19	12	11	11	10	14	13	20	16	19	25	13	10	10	10	10	12	17	66	18	16	12	10	10	11	12	16	17	18	67	22	12	9	8	8	11	10	15	16	14	12	6	7	6	6	8	13	15	17	19	20	3	5	4	4	8	13	13	13	12	7
	14	14	17	18	18	21	26	27	31	20	19	11	17	22	22	26	26	26	28	17	15	15	12	15	16	20	23	25	21	22	17	15	12	13	15	18	20	20	21	19	13	11	11	10	14	13	20	16	19	25	13	10	10	10	10	12	17	66	18	16	12	10	10	11	12	17	17	18	67	22	12	9	8	8	11	10	15	16	14	13	6	7	6	6	8	13	15	17	19	21	3	5	4	4	8	13	13	13	12	7
	14	14	17	18	18	21	27	27	31	20	20	11	17	23	22	27	26	26	29	17	15	15	12	15	16	20	23	25	21	22	18	15	12	13	15	18	20	21	21	19	13	11	11	10	14	13	20	16	19	25	13	10	10	10	10	12	17	66	18	16	12	10	10	11	12	17	18	18	67	23	12	9	8	8	11	10	15	16	14	13	6	7	6	6	8	13	15	17	19	21	3	5	4	4	8	13	13	13	12	8
	15	14	17	18	18	21	27	27	31	20	20	11	17	23	23	27	27	26	29	17	16	15	12	15	16	21	23	25	21	23	18	15	12	13	15	18	20	21	21	19	13	11	11	10	14	13	20	17	19	25	13	10	10	10	10	12	17	66	18	16	12	10	10	11	12	17	18	19	68	23	12	9	8	8	11	10	15	16	14	13	6	7	6	6	8	13	15	17	19	21	3	5	4	4	8	13	13	13	13	8
	15	15	17	18	19	21	27	27	31	20	21	11	17	23	23	27	27	27	29	17	16	15	12	15	16	21	23	25	21	23	18	15	12	13	16	18	20	21	22	19	13	11	11	10	14	13	20	17	19	25	13	10	10	10	10	12	18	67	19	16	12	10	10	11	12	17	18	19	68	23	12	9	8	8	11	10	15	16	14	13	6	7	6	6	8	13	15	17	19	21	3	5	4	4	8	13	13	14	13	8
	15	15	18	19	19	21	27	27	31	20	21	12	17	23	23	27	27	27	30	17	16	15	12	15	17	21	23	25	21	23	18	15	12	13	16	18	20	21	22	19	13	11	11	10	14	13	20	17	20	26	13	10	10	10	10	13	18	67	19	17	12	10	10	11	12	17	18	19	68	23	12	9	8	8	11	10	15	16	14	13	6	7	6	6	8	13	15	17	19	21	3	5	4	4	8	13	14	14	13	8
	15	16	18	19	19	21	27	27	31	20	21	12	18	24	23	27	27	27	30	17	16	16	12	15	17	21	23	25	21	24	18	15	12	13	16	18	20	22	22	20	13	11	11	10	14	13	20	17	20	26	13	10	10	10	11	13	18	67	19	17	12	10	10	11	12	17	18	19	68	24	12	9	8	8	11	10	15	16	14	13	6	7	6	6	8	13	16	17	19	21	3	5	4	4	8	13	14	14	13	8
	16	16	18	19	20	21	27	27	31	20	21	13	18	24	23	27	27	27	30	18	16	16	13	15	17	21	23	25	21	24	18	15	12	13	16	18	21	22	23	20	13	11	11	10	14	13	20	17	20	26	13	10	10	11	11	13	18	67	19	17	12	10	10	11	12	17	18	19	68	24	12	9	8	8	11	10	15	16	15	13	6	7	6	6	8	13	16	18	19	21	3	5	4	4	8	13	14	14	13	8
	16	16	18	19	20	22	27	27	31	21	22	13	19	24	23	27	27	27	30	18	16	16	13	15	17	21	23	25	22	24	18	15	13	13	16	18	21	22	23	20	13	11	11	11	14	13	21	17	20	26	13	10	10	11	11	13	18	67	19	17	12	10	10	11	12	17	18	19	68	24	12	9	8	8	11	10	15	17	15	13	6	7	6	6	8	13	16	18	20	21	3	5	4	4	8	13	14	14	13	8
	16	16	18	19	20	22	28	27	32	21	22	13	19	25	23	27	27	27	30	18	16	17	13	15	17	21	23	26	22	24	18	16	13	13	16	18	21	22	23	20	13	11	11	11	15	14	21	17	20	26	13	10	10	11	11	13	18	67	19	17	12	10	10	11	12	17	18	19	68	24	12	9	8	8	11	10	16	17	15	13	6	7	6	6	8	13	16	18	20	22	3	5	4	4	8	13	14	14	13	8
	16	16	18	19	20	22	28	28	32	21	22	13	19	25	24	27	27	28	30	18	16	17	13	15	17	21	23	26	22	24	19	16	13	13	16	19	22	22	23	20	13	12	11	11	15	14	21	17	20	26	13	10	10	11	12	13	18	67	19	17	12	10	10	11	12	17	18	19	68	24	12	9	8	8	11	11	16	17	15	14	6	7	6	6	8	13	16	18	20	22	3	5	4	4	8	13	14	14	13	8
	16	16	18	19	20	22	28	28	32	21	22	13	19	25	24	28	28	28	31	18	16	17	13	15	17	21	24	26	22	24	19	16	13	13	16	19	22	22	23	20	14	12	12	11	15	14	21	18	20	26	13	10	10	11	12	13	18	67	19	17	12	10	10	11	12	18	18	19	68	25	12	9	8	8	11	11	16	17	15	14	6	7	6	6	8	14	16	18	20	22	3	5	4	4	8	13	14	14	13	8
	16	16	18	19	20	22	28	28	32	21	22	13	19	25	24	28	28	28	31	18	16	17	13	15	17	22	24	27	23	24	19	16	13	13	16	19	23	22	23	20	14	12	12	11	15	14	21	18	20	26	14	10	11	11	12	13	19	67	19	17	12	10	10	11	12	18	19	19	69	25	12	9	8	8	11	11	16	17	15	14	6	7	6	6	8	14	16	18	20	22	3	5	4	4	9	13	14	14	13	8
	16	16	18	19	20	22	28	28	32	21	22	13	19	25	24	28	28	28	31	18	16	17	13	15	17	22	24	27	23	25	19	16	13	13	17	19	23	23	23	20	14	12	12	11	15	14	21	19	20	26	14	11	11	11	12	13	19	68	19	17	12	10	10	12	12	18	20	20	69	25	12	9	8	8	11	11	16	17	15	14	6	7	6	6	8	14	16	18	20	22	3	5	4	5	9	13	14	14	13	8
	16	16	18	19	20	22	28	28	32	21	22	13	19	25	24	28	28	28	31	18	16	17	13	15	17	22	24	27	23	25	19	16	13	14	17	19	23	23	23	21	14	12	13	11	15	14	22	19	21	26	14	11	11	11	12	13	19	68	20	17	12	10	10	12	12	18	20	20	69	25	12	9	9	8	11	12	17	17	15	14	6	7	6	7	8	14	16	18	20	22	3	5	4	5	9	13	14	14	13	8
	16	16	18	19	20	22	28	28	32	21	22	13	19	25	24	28	28	28	31	18	16	17	13	16	17	22	24	27	23	25	19	16	13	14	17	19	23	23	24	21	14	12	13	11	15	14	22	19	21	27	14	11	12	11	12	14	19	68	20	18	12	10	10	12	12	18	20	20	69	25	12	9	9	9	11	12	17	17	15	14	6	7	7	7	8	15	16	19	20	22	3	5	4	5	9	13	14	14	13	8
	16	16	18	19	20	22	28	28	32	21	22	13	19	25	24	28	28	28	31	18	16	17	13	16	18	22	24	27	24	25	19	16	13	14	17	19	23	23	24	21	14	12	13	11	15	15	22	19	21	27	14	11	12	11	12	14	19	68	21	18	12	10	10	13	13	18	20	20	69	26	12	9	9	9	11	12	17	17	15	14	6	8	7	7	8	15	16	19	21	22	3	5	4	5	10	13	14	14	13	8
	16	16	18	19	20	22	28	28	32	21	22	13	19	26	24	28	28	28	32	18	16	17	13	16	18	22	24	27	24	25	19	16	13	14	18	19	23	23	24	21	14	12	13	11	15	15	22	19	22	27	14	11	12	11	12	14	19	68	21	18	12	10	11	13	13	18	20	20	69	26	12	9	9	9	12	12	17	17	16	14	7	8	7	7	9	15	16	19	21	23	3	5	4	5	10	13	14	14	13	8
	16	16	18	19	20	22	28	28	33	21	22	13	19	26	25	28	28	28	32	18	16	17	13	16	18	22	24	27	24	25	19	16	13	15	18	19	23	24	24	21	14	12	13	11	15	15	22	19	22	27	14	11	12	11	12	14	19	68	21	18	12	10	11	13	13	19	20	20	69	26	12	10	9	10	12	12	17	18	16	14	7	8	7	7	9	15	16	19	21	23	4	5	4	5	10	13	14	14	13	9
	16	16	18	19	20	22	28	28	33	22	22	13	19	26	25	29	28	28	32	18	16	17	13	17	18	22	24	27	25	25	19	16	13	15	18	19	23	24	24	21	14	12	13	11	15	15	22	19	22	27	14	11	12	11	12	15	19	68	21	18	12	10	11	14	13	19	20	20	70	26	13	10	9	10	12	12	17	18	16	14	7	8	7	7	9	15	16	19	21	23	4	6	4	5	10	13	14	14	14	9
	16	16	18	19	20	23	28	28	33	22	22	13	19	26	25	29	28	28	33	19	16	17	13	17	19	22	24	27	25	25	19	16	13	15	18	19	23	24	24	21	14	12	13	11	15	15	23	19	22	27	14	11	12	11	12	15	19	69	21	18	13	10	11	14	14	19	20	20	70	26	13	10	9	10	12	12	17	18	16	14	7	8	7	7	9	15	16	19	21	23	4	6	5	5	10	13	14	15	14	9
	16	16	18	19	21	23	28	28	33	22	22	13	19	26	25	29	28	29	33	19	16	17	13	17	19	23	24	27	25	26	19	16	13	15	18	19	23	24	24	21	14	12	13	11	15	16	23	19	22	27	14	11	12	11	12	15	20	69	21	18	13	11	11	14	14	20	20	20	70	26	13	10	9	10	12	12	17	18	16	14	7	8	7	7	9	15	16	19	21	23	4	6	5	6	10	13	15	15	14	9
	16	16	18	20	21	23	28	29	33	22	22	13	19	26	25	30	28	29	33	19	16	17	13	17	19	23	24	27	25	26	19	16	13	15	19	19	23	24	24	22	14	12	13	11	15	16	23	19	22	27	15	11	12	11	12	16	20	69	21	18	13	11	11	14	14	20	21	20	70	26	13	10	9	10	12	12	17	18	16	14	7	8	7	7	10	15	16	19	21	23	4	6	5	6	10	14	15	15	14	9
	16	16	19	20	21	24	29	29	33	22	22	13	19	26	25	30	28	29	33	19	16	17	13	17	19	23	24	27	25	26	19	16	13	16	19	19	23	24	24	22	14	13	13	11	15	16	24	19	22	28	15	11	12	11	12	16	20	69	21	18	13	11	11	14	14	20	21	21	70	26	13	10	9	11	12	12	17	18	16	14	7	8	7	7	10	16	16	19	21	23	4	6	5	6	10	14	15	15	14	9
	16	17	19	20	22	24	29	29	33	22	22	13	19	26	25	30	29	29	33	19	16	17	13	18	19	23	24	27	25	26	19	17	13	16	19	19	23	24	25	22	14	13	13	11	15	17	24	19	22	28	15	11	12	11	12	16	20	69	21	18	13	11	11	14	15	20	21	21	70	26	13	10	9	11	12	12	18	18	16	14	7	8	7	7	10	16	17	19	21	23	4	6	5	6	10	14	15	15	14	9
	16	17	19	21	22	24	29	29	33	22	22	14	19	26	25	30	29	29	33	19	16	17	14	18	20	23	25	27	26	26	19	17	13	16	20	19	23	24	25	22	14	13	13	11	15	17	24	19	22	28	15	11	12	11	12	16	20	69	21	18	13	11	11	14	15	21	22	21	70	26	13	10	9	11	12	12	18	18	16	14	7	8	7	7	10	16	17	20	21	23	4	6	5	6	10	14	15	15	14	9
	16	17	20	21	22	24	29	29	33	22	22	14	20	26	25	31	29	30	33	19	16	17	14	18	20	24	25	27	26	26	19	17	14	16	20	19	23	24	25	22	14	13	13	11	16	17	24	19	22	28	15	11	12	11	13	16	20	69	21	18	13	11	11	14	15	21	22	22	70	26	13	10	9	11	12	12	18	18	16	14	7	8	7	7	10	16	17	20	22	23	4	6	5	6	10	14	15	15	14	9
	16	18	20	21	22	24	29	30	33	22	22	14	20	27	26	31	30	30	33	19	16	17	14	18	20	24	25	27	26	26	19	17	14	16	20	19	23	24	25	22	14	13	13	12	16	17	24	19	22	28	15	11	12	12	13	17	20	69	21	18	13	11	11	14	15	21	22	22	71	26	13	10	9	11	12	12	18	18	16	14	7	8	7	7	10	16	17	20	22	24	4	6	5	6	10	14	15	15	14	9
	17	18	20	21	22	25	29	30	34	22	22	14	20	27	26	31	30	31	33	19	16	17	14	19	20	24	25	27	26	26	19	17	14	16	20	19	23	24	25	22	14	13	14	12	16	17	24	19	22	28	15	11	13	12	13	17	21	69	21	18	13	11	11	14	15	21	22	22	71	27	13	10	9	11	12	12	18	18	16	15	7	8	7	7	10	16	17	20	22	24	4	6	5	6	10	14	15	15	14	9
	17	18	20	21	22	25	30	30	34	22	23	14	20	27	26	31	30	32	34	19	16	17	14	19	20	24	25	27	26	26	19	17	15	16	20	19	23	24	25	22	14	14	14	12	16	17	24	20	22	28	15	12	13	12	13	17	21	69	21	19	13	11	11	14	15	21	22	22	71	27	13	10	9	11	12	12	18	18	17	15	7	8	7	7	10	16	17	20	22	24	4	6	5	6	10	14	15	15	14	9
	17	18	20	21	22	25	30	31	34	23	23	14	20	27	26	31	30	32	34	19	17	17	14	19	20	24	25	28	26	26	20	17	15	16	20	19	24	24	25	22	14	14	14	13	16	17	24	20	22	29	15	12	13	12	13	17	21	69	21	19	13	11	12	14	15	21	22	22	71	27	13	10	9	11	12	12	18	19	17	15	7	8	7	7	10	16	17	20	22	24	4	6	5	6	10	14	15	15	14	9
	17	18	20	21	22	25	30	31	35	23	23	14	20	27	26	31	30	32	34	20	17	18	14	19	20	24	25	28	26	26	20	17	15	16	20	20	24	25	25	23	15	14	14	13	17	17	24	20	22	29	15	12	13	12	13	17	21	69	21	19	13	11	12	14	15	21	22	22	71	27	13	10	10	11	12	12	19	19	17	15	7	8	7	7	10	16	17	20	22	24	4	6	5	6	10	14	15	15	14	9
	17	18	20	21	22	25	30	31	35	24	23	14	20	27	26	31	30	32	35	20	17	18	14	19	20	24	25	28	26	27	20	18	15	17	20	20	24	25	25	23	15	14	14	13	17	17	25	20	23	29	16	12	13	12	13	17	21	69	21	19	13	11	12	14	15	21	22	22	71	27	13	10	10	11	12	13	19	19	17	15	7	8	7	8	10	16	17	20	22	24	4	6	5	6	10	14	15	15	14	9
	17	18	20	21	22	25	30	31	36	24	23	14	20	27	26	31	30	32	35	20	17	18	15	19	21	24	25	28	27	27	20	18	15	17	20	20	24	25	26	23	15	14	14	13	17	18	25	20	23	29	16	12	13	12	13	17	21	69	22	19	14	11	12	14	15	21	22	22	71	27	13	10	10	11	12	13	19	19	17	15	7	8	8	8	10	16	18	20	22	24	4	6	5	6	10	14	15	15	14	9
	17	18	20	21	22	25	30	31	36	24	23	14	20	27	27	31	30	33	35	20	17	18	15	20	21	24	25	29	27	27	20	18	15	17	21	20	24	25	26	23	15	14	14	13	17	18	25	20	24	29	16	12	13	12	13	17	21	69	22	20	14	11	12	14	15	21	22	22	71	27	14	10	10	11	12	13	19	19	17	15	7	9	8	8	10	16	18	21	22	24	4	6	5	6	10	14	15	15	14	9
	17	18	20	21	22	25	30	31	36	24	23	14	20	28	27	32	31	33	35	20	17	18	15	20	21	24	25	29	27	27	20	18	15	18	21	20	25	25	26	23	15	14	14	13	17	18	25	20	24	30	16	12	13	12	13	17	21	69	23	20	14	11	12	14	15	21	22	22	71	27	14	11	10	11	12	13	19	19	17	15	8	9	8	8	10	16	18	21	23	24	4	6	5	6	10	14	15	15	14	9
	17	18	20	21	22	25	31	31	36	24	23	14	20	28	28	32	31	33	35	20	17	18	15	20	21	24	26	29	27	27	20	18	16	18	21	20	25	25	26	24	15	14	14	13	17	18	25	21	24	30	16	12	13	12	13	17	21	69	23	20	14	12	12	14	15	21	22	22	72	27	14	11	10	11	12	13	19	19	17	15	8	9	8	8	10	16	18	21	23	25	5	6	5	6	10	14	15	15	14	9
	17	18	20	21	22	26	31	31	36	24	23	14	20	28	28	33	31	33	35	20	17	18	16	20	21	24	26	29	27	28	20	18	16	18	21	20	26	25	26	24	15	14	14	13	17	18	25	21	25	30	16	13	13	12	13	17	21	69	23	20	14	12	12	14	15	21	22	22	72	27	14	11	10	11	12	13	19	19	18	15	8	9	8	8	10	16	18	21	23	25	5	7	5	6	10	14	15	15	14	10
	17	18	20	21	23	26	31	31	36	24	23	15	20	28	28	33	31	33	35	21	17	18	16	20	21	24	27	29	27	28	20	18	16	18	21	20	26	25	26	24	15	14	14	13	17	18	25	22	25	30	16	13	14	12	13	17	21	69	24	20	14	12	12	14	15	21	22	22	72	27	14	11	10	11	12	13	19	20	18	15	8	9	8	8	10	16	18	21	23	25	5	7	6	6	10	14	15	15	15	10
	17	19	20	22	23	26	31	31	36	24	23	15	20	28	28	33	31	33	36	21	17	18	16	20	21	24	27	29	27	28	20	18	16	18	21	20	27	25	26	24	15	14	14	13	17	18	25	22	26	31	16	13	14	12	13	17	21	69	24	20	14	12	12	15	15	21	22	22	72	27	14	11	10	11	12	13	20	20	18	15	8	9	8	8	10	16	18	21	23	25	5	7	6	7	10	14	15	16	15	10
