	0	0	0	0	1	0	1	0	0	0	1	0	1	0	0	0	0	0	0	0	0	1	0	0	0	0	0	0	0	0	0	0	0	0	0	0	0	0	0	0	0	0	0	0	0	0	0	0	0	1	1	0	0	0	0	0	0	0	0	0	0	0	0	0	0	0	0	0	0	0	0	0	0	0	0	0	0	0	0	0	0	0	0	1	0	0	0	0	0	1	0	0	0	0	1	0	0	0	0	0
	0	1	1	1	1	1	1	0	0	0	1	1	1	0	0	0	0	0	0	0	0	1	0	0	0	0	0	0	0	0	0	0	0	0	0	0	0	0	1	0	1	0	0	0	0	0	0	0	0	1	1	0	0	0	0	0	0	0	0	0	0	0	0	0	0	0	0	0	0	0	0	0	1	0	0	0	0	0	1	0	0	0	0	1	0	1	0	0	0	1	0	0	0	0	1	0	0	0	0	0
	1	1	1	1	2	1	1	0	0	0	1	1	2	1	0	0	0	0	0	0	0	1	1	0	0	0	0	0	1	0	1	0	0	0	0	0	0	0	1	0	1	0	0	0	0	0	0	0	0	1	1	0	0	0	0	0	0	0	0	0	0	0	1	0	0	0	0	0	1	0	0	0	1	0	1	0	0	0	1	0	0	0	0	1	0	1	0	0	0	1	0	0	0	0	1	0	0	0	0	0
	1	1	1	1	2	1	1	0	0	0	2	1	2	1	1	0	0	1	0	0	1	1	1	1	1	0	0	0	1	0	1	1	0	0	0	0	0	0	1	0	1	0	0	0	0	0	0	0	0	1	1	1	0	0	0	0	0	1	0	0	0	0	1	0	1	0	0	0	1	0	0	0	1	0	1	0	0	0	1	0	0	0	0	1	0	1	0	0	0	1	0	0	0	0	1	0	0	0	0	0
	1	1	1	1	2	1	1	1	0	0	3	1	2	1	1	1	0	1	0	0	1	2	1	1	1	1	0	0	1	0	2	1	1	0	0	0	0	0	1	0	1	1	0	0	0	0	0	1	0	1	1	1	0	1	0	0	0	1	0	0	0	0	1	0	1	0	0	0	1	0	0	0	1	0	1	0	0	0	1	0	0	0	0	1	0	1	0	0	0	1	0	0	0	0	1	0	0	0	0	0
	1	2	1	1	2	1	2	1	0	0	3	2	2	1	1	1	1	1	0	0	2	2	1	1	1	1	1	0	1	0	2	2	1	0	0	0	1	0	1	0	2	1	0	1	0	0	0	1	0	1	1	1	0	1	0	0	0	1	0	0	0	0	1	0	1	0	0	0	1	0	0	0	1	0	1	0	0	0	1	0	0	0	0	1	0	1	0	0	0	1	0	0	0	0	1	0	0	0	0	0
	2	2	2	1	2	2	2	1	0	0	4	2	2	1	1	1	1	2	0	0	2	2	1	1	1	1	1	1	1	0	3	2	2	0	0	1	1	0	1	0	2	1	0	1	0	0	0	1	0	1	2	1	0	1	0	0	0	1	0	0	0	0	1	0	1	0	0	0	1	0	0	0	1	0	1	0	0	0	1	0	0	0	0	1	0	1	0	0	0	1	0	0	0	0	1	0	0	0	0	0
	2	3	2	2	3	2	2	1	1	0	4	2	2	1	1	1	1	2	0	0	3	3	2	1	1	1	1	1	1	0	3	2	2	0	1	1	1	1	1	0	2	1	0	1	0	0	0	1	0	1	2	1	0	1	0	0	0	1	0	0	1	0	1	0	1	0	0	0	1	0	0	0	1	0	1	0	0	0	1	0	0	0	0	1	0	1	0	0	0	1	0	0	0	0	1	0	0	0	0	0
	2	3	3	2	3	2	2	1	1	1	4	2	3	2	1	1	1	2	0	0	3	3	2	2	1	1	1	1	1	0	4	3	2	1	1	1	1	1	1	0	2	1	0	1	0	0	0	1	1	1	2	1	0	1	0	0	0	1	0	0	1	1	1	0	1	0	0	0	1	0	0	0	1	0	1	0	0	0	1	0	0	0	0	1	0	1	0	0	0	1	0	0	0	0	1	0	0	0	0	0
	2	4	3	2	3	2	2	1	1	1	4	3	3	2	2	1	1	2	1	0	3	3	2	2	2	1	1	1	1	0	4	3	2	1	1	1	1	1	1	0	3	1	1	1	1	0	0	1	1	1	2	1	0	1	0	0	0	1	1	0	1	1	1	0	1	0	0	0	1	0	1	0	1	0	1	0	0	0	1	0	0	0	0	1	0	1	0	0	0	1	0	0	0	0	1	0	0	0	0	0
	3	4	3	2	3	2	2	1	1	1	5	3	3	2	2	2	1	2	1	1	3	3	2	2	2	2	1	1	1	0	4	3	2	1	1	1	1	1	1	0	3	1	1	1	1	1	0	1	1	1	3	1	1	1	0	0	0	1	1	1	1	1	1	0	1	0	0	0	1	0	1	1	1	0	1	0	0	0	1	0	0	0	0	1	0	1	0	0	0	1	0	0	0	0	1	0	0	0	0	0
	3	5	3	2	3	2	2	1	1	1	5	3	3	2	2	2	2	2	1	1	4	3	2	2	2	2	2	1	1	1	4	3	2	1	1	1	1	1	1	0	3	1	1	1	1	1	1	1	1	1	3	1	1	1	0	0	0	1	1	1	2	1	1	1	1	0	0	0	1	1	1	1	1	0	1	0	0	0	1	0	0	1	0	1	0	1	0	0	0	1	0	0	0	0	1	0	0	0	0	0
	3	5	4	2	3	2	2	1	1	1	5	3	3	2	2	2	2	3	1	1	4	3	2	2	2	2	2	2	1	1	5	3	2	1	1	1	1	1	1	1	3	1	1	1	1	1	1	1	1	1	3	1	1	1	0	1	0	1	1	1	2	2	1	1	1	0	0	0	1	1	1	1	1	1	1	0	0	0	1	1	1	1	0	1	0	1	0	0	0	1	0	0	0	0	1	0	0	0	0	0
	3	5	4	3	3	2	2	1	2	1	5	3	3	2	2	2	2	3	1	1	4	3	2	2	2	2	2	2	1	1	5	3	2	1	1	1	1	2	1	1	4	1	1	1	1	1	1	1	1	2	3	1	1	1	0	1	1	1	1	1	2	2	1	1	1	0	0	0	1	1	2	1	1	1	1	0	0	0	1	1	1	1	0	1	1	1	0	0	0	2	1	0	0	0	1	0	0	0	0	0
	3	5	4	3	4	2	2	1	2	2	5	3	3	2	2	2	2	3	1	1	4	3	2	2	2	2	2	2	1	1	5	3	2	1	1	1	1	2	1	1	4	1	1	1	1	1	1	1	2	2	4	1	1	1	0	1	1	1	2	1	2	2	1	1	1	0	1	0	1	1	2	2	1	1	1	0	0	0	1	1	1	1	0	1	1	1	0	0	1	2	1	1	0	0	2	0	0	0	0	0
	3	5	4	3	4	2	2	1	2	2	5	3	3	2	3	2	2	3	2	1	4	3	2	2	2	2	2	2	1	1	5	3	2	1	1	1	1	2	2	1	4	1	1	1	1	1	1	1	2	2	4	1	1	1	0	1	1	1	2	2	3	2	1	1	1	1	1	0	1	1	2	2	1	1	1	0	0	1	1	1	1	2	0	1	1	1	0	0	1	2	1	1	1	0	2	1	0	0	0	0
	3	5	4	3	4	2	2	1	2	2	5	3	3	2	3	2	2	3	2	2	4	3	2	2	3	2	2	2	2	1	5	3	2	1	1	1	1	2	2	1	4	1	1	1	1	1	1	1	2	2	4	1	1	1	0	1	1	1	2	2	3	3	1	1	1	1	1	1	1	2	2	2	1	1	1	1	0	1	1	1	2	2	1	1	1	1	1	0	1	2	1	1	1	0	2	1	0	0	0	0
	3	5	4	3	4	2	2	1	2	2	5	3	3	2	3	2	2	3	3	2	4	3	2	2	3	3	2	2	2	2	5	3	2	1	1	1	1	2	2	1	4	1	1	1	1	1	1	1	2	2	4	1	1	1	0	1	2	1	2	2	3	3	1	1	1	1	1	1	1	2	3	2	1	1	1	1	1	1	1	2	2	2	1	2	1	2	1	0	1	2	2	1	1	0	2	1	0	0	0	0
	3	5	4	3	4	2	2	1	3	2	5	3	3	2	3	3	2	3	3	2	4	3	2	2	3	3	2	2	2	2	5	3	2	1	1	1	1	2	2	2	4	1	1	1	1	1	2	1	2	2	4	1	1	1	0	1	2	1	2	2	3	3	1	1	1	1	1	1	1	2	3	3	1	2	2	1	1	2	1	2	2	2	1	2	1	2	1	0	1	3	2	2	1	0	2	1	0	0	0	0
	3	5	4	3	4	2	2	2	3	2	5	3	3	2	3	3	3	3	3	2	4	3	2	2	3	3	2	2	2	2	5	3	2	1	1	2	1	2	2	2	4	1	1	1	1	1	2	1	2	3	4	1	1	1	0	1	2	1	2	2	3	3	1	1	2	1	1	1	1	2	3	3	2	2	2	1	1	2	1	2	2	3	1	2	1	2	1	1	2	3	2	2	2	0	2	1	0	0	0	0
	3	5	4	3	4	2	3	2	3	2	5	3	3	2	3	3	3	3	3	2	4	3	2	2	3	3	3	2	2	2	5	3	2	1	2	2	1	2	2	2	4	1	1	1	1	1	2	1	2	3	4	1	1	1	1	1	2	1	2	3	3	3	2	1	2	1	1	1	1	2	3	3	2	2	2	1	1	2	1	2	3	3	1	2	1	2	1	1	2	3	2	2	2	1	2	1	0	1	1	0
	3	5	4	3	4	3	3	2	3	2	5	3	3	2	3	3	3	3	3	2	4	3	2	2	3	3	3	2	2	2	5	3	2	2	2	2	2	2	2	2	4	1	1	1	1	1	2	1	2	3	4	2	1	2	1	1	2	1	2	3	3	3	2	1	2	1	1	1	1	3	3	3	2	2	2	1	1	2	1	2	3	3	1	3	1	2	1	1	2	3	3	2	2	1	2	1	1	1	1	1
	3	5	4	3	4	3	3	2	3	2	5	3	3	2	4	3	3	3	3	2	4	3	2	2	3	3	3	2	2	2	5	3	3	2	2	2	2	2	2	2	4	2	1	2	1	1	3	1	2	3	4	2	1	2	1	1	2	1	2	3	3	3	2	1	2	1	1	1	1	3	3	3	3	2	2	1	1	2	2	2	3	3	1	3	1	2	1	1	2	4	3	3	2	1	2	2	1	1	1	1
	3	5	4	3	4	3	3	2	3	2	5	3	3	3	4	3	3	3	3	2	4	3	3	2	3	3	3	2	2	2	5	3	3	2	2	2	2	2	2	2	5	2	2	2	1	2	3	1	2	3	4	2	1	2	1	1	2	1	2	3	3	3	3	1	2	1	1	1	2	3	3	3	3	2	2	1	1	2	2	3	3	3	2	3	1	3	1	1	2	4	3	3	2	1	2	2	1	1	1	1
	3	5	4	3	4	3	3	2	3	2	5	3	4	3	4	3	3	3	3	2	4	3	3	3	3	3	3	2	2	2	5	3	3	2	2	2	2	2	2	2	5	3	2	2	1	2	3	1	2	3	5	3	1	2	2	1	2	2	2	3	3	3	3	1	2	1	1	1	2	4	3	3	4	2	3	1	1	2	2	3	3	3	2	3	1	3	1	1	2	4	3	3	2	1	2	2	1	1	1	1
	3	5	4	3	4	3	3	2	3	2	5	4	4	3	4	3	3	3	3	2	4	3	3	3	4	3	3	2	2	2	6	3	3	2	2	2	2	2	2	2	5	3	2	2	1	2	3	2	2	3	5	3	2	3	2	1	2	2	2	3	4	3	4	1	3	1	1	1	3	4	3	3	4	2	3	1	1	2	2	3	3	3	2	3	1	3	1	1	2	4	3	3	2	1	2	2	1	1	1	1
	3	5	4	3	4	3	3	2	3	2	5	4	4	3	4	3	3	3	3	2	5	4	3	3	4	4	3	2	2	2	6	3	3	2	2	2	3	2	2	2	5	3	2	2	2	2	3	2	2	3	5	3	2	3	2	1	2	3	2	3	4	4	4	2	3	2	1	1	3	4	3	4	4	2	3	1	1	2	2	3	3	3	2	3	1	3	1	1	2	4	3	3	2	1	2	2	1	1	1	1
	3	5	4	3	4	3	3	2	3	2	6	4	4	3	4	3	3	3	3	2	5	4	3	3	4	4	4	2	2	2	6	4	3	2	3	3	3	2	2	2	5	3	2	2	2	2	3	3	2	3	5	3	2	3	2	2	2	3	2	3	4	4	4	2	3	2	1	1	3	4	4	4	4	3	3	1	1	2	2	3	3	4	2	3	1	3	1	1	2	4	3	3	2	1	2	2	1	1	1	1
	4	5	4	3	4	3	3	2	3	2	6	4	4	3	4	3	3	3	3	2	5	4	3	3	4	4	4	3	2	2	6	4	4	3	3	3	4	2	2	2	5	3	2	2	2	2	4	3	2	3	5	3	2	3	2	2	2	3	2	3	4	4	4	2	3	2	2	1	3	4	4	4	4	3	3	1	1	2	2	3	4	4	2	3	2	3	1	1	2	4	4	3	2	1	2	2	1	1	1	1
	4	6	4	3	4	3	3	2	3	2	6	4	4	3	4	3	3	4	3	2	5	4	3	4	4	4	4	3	2	2	6	4	4	3	3	3	4	3	2	2	5	3	2	3	2	2	4	3	2	3	5	3	2	3	2	3	2	3	2	3	4	4	4	2	3	2	2	2	3	4	4	4	4	3	3	1	1	2	2	3	4	5	2	3	2	3	1	1	2	4	4	4	2	1	3	2	1	1	1	1
	4	6	5	3	4	3	3	2	4	2	6	4	4	4	4	3	3	4	3	2	5	4	3	4	4	4	4	3	2	2	6	4	4	3	3	3	4	3	2	2	5	3	3	3	2	2	4	3	3	3	5	3	2	3	2	3	2	4	2	3	4	4	4	2	3	2	3	2	3	4	4	4	4	3	3	1	1	2	2	3	4	5	3	3	2	3	1	1	2	4	4	4	3	2	3	2	1	1	1	1
	4	6	5	4	5	3	3	2	4	3	6	4	4	4	4	3	3	4	3	2	5	4	3	4	4	4	4	3	2	2	6	4	4	3	3	3	4	3	3	2	5	3	3	3	2	2	4	3	3	3	5	4	2	3	2	3	2	4	3	3	4	4	4	2	3	3	3	2	3	4	4	4	5	3	3	1	1	2	2	3	4	5	3	4	2	3	1	1	2	4	4	5	3	2	3	2	1	1	1	1
	4	6	5	4	5	3	3	2	4	3	6	4	5	4	5	3	3	4	3	3	5	4	3	4	4	4	4	3	3	2	6	4	4	3	3	3	4	3	3	2	5	3	3	3	2	2	4	3	3	4	5	4	2	3	2	3	2	4	3	3	4	5	5	2	3	3	3	2	3	4	4	4	5	4	3	2	1	2	2	3	4	5	3	4	2	3	1	1	2	4	5	5	3	2	3	2	1	1	1	1
	4	6	5	4	5	3	3	2	4	3	6	4	5	4	5	4	3	5	3	3	5	4	4	4	4	4	4	3	3	3	6	4	4	3	3	3	4	3	4	2	5	3	3	3	2	2	4	3	3	4	6	4	3	3	2	3	2	4	3	3	4	5	5	2	3	3	3	2	3	4	4	4	5	4	4	2	1	2	2	3	5	5	3	4	2	3	2	1	2	4	5	5	3	2	3	2	1	1	1	1
	4	6	5	4	5	3	3	2	5	3	6	5	5	4	5	4	4	5	3	3	5	4	4	4	4	4	4	3	4	3	6	4	4	3	3	3	4	3	4	3	6	3	3	3	2	2	4	3	3	4	6	4	3	4	2	3	2	4	3	3	4	5	5	2	3	4	3	2	3	4	5	4	5	4	4	2	2	2	2	3	5	5	3	4	2	3	2	1	2	4	5	5	3	2	3	2	1	1	1	1
	4	6	5	4	5	3	3	2	5	4	6	5	5	4	5	4	4	5	4	3	5	5	4	4	4	4	4	4	4	3	6	4	4	3	3	3	4	3	4	3	6	4	3	3	2	2	4	3	3	5	6	4	3	4	3	3	2	4	3	3	5	5	5	2	3	4	4	3	3	4	5	4	5	4	4	2	2	2	2	3	5	5	3	4	2	3	2	1	2	4	5	5	3	2	3	2	1	1	1	1
	4	6	5	4	5	3	3	2	6	4	6	5	5	4	5	4	4	5	4	4	6	5	4	4	4	4	4	4	4	3	7	4	4	3	3	3	4	4	4	3	6	4	3	3	2	2	4	3	3	5	7	4	3	4	3	4	3	4	3	4	5	5	5	2	3	4	4	3	3	4	5	4	5	4	4	2	2	3	2	3	5	5	3	4	2	3	2	1	2	4	5	5	3	2	3	2	1	1	1	1
	4	6	5	4	5	3	3	3	6	4	7	5	5	4	5	4	4	5	4	4	6	5	4	4	4	4	4	4	5	4	7	5	4	3	3	3	4	4	4	3	7	4	3	3	2	3	4	3	3	5	7	4	3	4	3	4	3	5	3	4	5	5	5	2	3	4	4	3	3	5	5	4	5	4	4	2	2	3	2	3	5	5	3	4	2	3	2	2	2	4	5	5	3	2	3	2	1	1	1	1
	5	6	5	4	5	3	3	3	6	4	7	5	5	4	5	4	5	5	4	4	6	5	4	4	4	4	4	4	5	4	8	5	5	3	3	3	4	4	5	4	7	4	3	3	3	3	4	3	4	5	7	4	3	4	3	4	3	5	3	4	5	5	5	2	3	4	4	3	3	5	5	4	5	4	4	2	2	3	3	3	5	5	3	4	2	3	2	2	3	4	5	5	3	2	3	2	1	1	1	1
	5	7	5	4	5	3	3	3	6	4	7	5	5	4	5	5	5	5	4	4	7	5	4	4	4	4	4	4	5	4	8	5	5	4	4	3	4	5	5	4	7	4	3	3	3	3	4	4	4	6	7	4	3	4	3	4	3	5	3	4	5	5	5	2	3	4	4	3	3	5	5	4	5	4	4	2	2	3	3	3	5	5	3	4	2	3	2	2	3	5	5	5	3	2	3	2	1	2	1	1
	5	7	6	4	5	3	3	3	6	4	8	5	5	4	6	5	5	5	4	4	7	5	4	4	5	5	4	4	5	4	8	5	5	4	4	3	5	5	5	4	7	4	3	3	3	3	5	4	4	6	7	4	3	4	3	4	3	5	3	5	5	5	5	2	3	4	4	3	3	5	5	4	5	4	4	2	2	3	3	3	5	5	3	4	2	3	2	2	3	5	5	5	3	2	3	2	2	2	2	1
	6	7	6	5	5	4	3	3	6	4	8	5	5	4	6	5	5	5	4	4	7	5	4	5	5	5	5	4	5	4	8	5	5	4	4	4	5	5	5	4	7	4	3	3	3	4	5	4	4	6	7	4	3	4	3	4	3	5	3	5	5	5	5	2	3	4	4	3	3	6	5	4	5	4	4	2	2	3	3	3	5	5	3	4	2	3	2	2	3	5	5	5	3	2	3	3	2	3	2	1
	6	8	6	5	6	4	4	3	6	4	8	5	5	5	6	5	5	5	4	4	7	5	4	5	5	5	5	5	5	4	8	5	5	4	5	4	5	5	5	4	7	4	3	3	4	4	5	4	4	6	7	4	3	4	3	4	3	5	3	5	5	5	5	2	3	4	4	3	3	6	5	4	5	4	4	2	2	3	4	3	5	5	3	4	2	4	2	2	3	5	5	5	3	2	3	3	3	3	2	1
	6	8	7	5	6	5	4	4	6	4	8	5	6	5	6	5	5	6	4	4	7	5	4	5	5	5	5	5	5	4	8	5	5	5	5	4	5	5	5	4	7	4	3	4	4	4	5	4	4	6	7	4	3	4	3	4	3	5	3	5	5	5	5	2	3	4	4	3	3	6	5	4	5	4	4	2	2	4	4	3	5	5	3	4	2	4	2	2	3	5	5	5	3	2	4	4	3	3	2	1
	6	8	7	5	6	5	5	4	7	4	8	6	6	5	6	5	6	6	4	4	7	5	5	6	5	5	5	5	5	4	8	5	5	5	5	4	5	5	5	4	7	4	4	4	4	4	5	4	4	6	7	4	3	4	3	4	3	5	3	5	5	5	5	2	3	4	4	3	3	6	5	4	5	4	4	2	3	4	4	3	5	5	3	4	2	4	3	2	3	5	5	5	3	3	4	4	3	3	2	1
	6	8	7	5	6	5	5	5	7	5	9	6	6	5	6	6	6	6	4	4	7	6	5	6	5	5	5	5	5	4	8	5	6	5	5	4	5	5	5	4	7	4	4	4	4	4	5	4	4	6	7	5	3	4	3	4	3	5	3	5	5	5	5	2	3	4	4	3	3	6	5	4	5	4	4	3	3	4	4	3	5	5	3	4	3	4	3	3	3	5	5	5	3	3	4	4	3	3	2	1
	6	8	7	5	6	5	5	5	8	5	9	6	6	5	7	6	6	6	5	4	8	6	5	6	5	5	5	5	5	4	8	6	6	5	5	4	5	5	5	4	7	4	5	4	4	4	5	4	4	6	7	5	3	4	3	4	3	5	3	5	5	6	5	2	3	4	4	3	3	6	5	4	5	4	5	3	3	4	4	3	5	5	3	5	3	4	3	3	4	5	5	5	3	3	4	4	3	3	2	1
	6	8	7	5	6	5	5	5	8	5	9	6	6	5	7	6	6	7	5	5	8	6	5	6	6	5	5	5	5	4	9	6	6	5	5	4	5	5	5	4	7	5	5	4	4	4	5	4	4	6	7	6	3	4	3	4	3	5	3	5	6	6	5	2	4	4	4	3	3	6	5	4	5	4	5	3	3	4	4	3	5	5	4	5	3	4	3	3	4	6	5	5	3	3	4	4	3	3	2	1
	6	8	7	5	6	5	5	5	8	5	9	6	6	5	7	6	6	7	5	5	8	6	5	6	6	5	5	5	6	5	9	6	6	6	5	4	5	5	5	4	8	5	5	4	4	4	5	4	4	6	8	6	3	5	3	4	3	5	3	5	6	7	5	2	4	4	4	3	3	6	6	5	5	4	5	3	3	4	4	4	5	5	4	5	3	4	3	3	4	6	5	5	3	3	4	4	3	3	2	1
	6	8	7	5	6	5	5	5	8	5	9	6	6	5	7	6	6	7	5	5	8	6	5	6	6	5	5	5	6	5	10	6	7	6	5	4	5	6	6	4	8	5	5	5	4	4	5	4	4	6	8	6	3	5	3	4	3	5	3	5	7	7	6	2	4	4	4	3	3	7	6	5	5	4	5	3	3	4	4	4	6	6	4	5	3	4	3	3	4	6	5	5	3	3	4	4	3	3	2	1
	6	8	7	5	6	5	5	5	8	5	9	6	6	5	7	6	6	7	5	5	8	7	6	6	6	5	5	5	6	5	10	6	7	6	5	4	5	6	6	4	8	5	6	5	4	4	5	4	5	7	8	6	3	5	3	4	3	5	3	5	7	7	6	3	4	4	4	3	4	7	7	5	5	4	5	3	3	4	4	4	6	6	4	5	3	4	3	3	4	6	6	6	3	3	4	4	3	3	2	1
	6	8	7	5	6	5	5	5	8	5	9	7	7	5	7	6	6	7	5	5	8	7	6	6	6	5	5	5	6	5	10	6	7	6	5	4	5	6	6	4	8	5	6	5	4	4	5	4	5	7	8	7	3	5	3	4	3	6	4	6	7	7	6	3	5	4	4	3	4	7	7	6	5	4	5	3	3	4	4	4	6	7	4	5	3	4	3	3	4	6	6	6	4	3	4	4	3	3	2	1
	6	9	7	6	6	5	5	5	8	5	9	7	7	5	7	6	6	7	5	5	8	7	6	6	6	5	5	5	6	5	10	6	7	6	5	4	5	6	6	4	8	5	6	5	4	4	5	4	5	7	8	7	3	5	3	4	3	6	4	6	7	8	6	3	5	4	4	4	5	8	7	6	6	5	5	3	3	4	4	4	6	7	5	5	3	4	3	3	4	6	6	6	4	4	4	4	3	3	2	1
	7	9	7	6	7	5	5	5	8	5	9	7	7	5	7	6	6	7	5	5	8	7	6	6	6	5	5	5	6	5	10	6	7	6	5	4	5	6	6	4	8	5	6	5	4	4	5	4	5	7	8	7	3	5	3	4	3	6	4	6	8	8	6	3	5	4	5	4	5	8	7	6	6	5	6	3	3	5	5	4	6	7	5	6	3	4	3	3	4	6	6	6	5	4	5	4	3	3	2	1
	7	9	7	6	7	5	5	5	8	5	10	7	7	5	8	6	6	7	5	5	8	7	6	6	6	5	5	5	6	5	10	6	7	6	5	4	5	6	6	4	8	5	6	5	4	4	5	4	5	7	8	7	3	5	3	4	3	6	4	6	8	8	6	3	5	5	5	4	5	8	8	6	6	5	6	4	4	5	5	4	6	7	5	6	3	5	3	3	5	6	6	7	5	5	5	4	3	3	2	1
	7	9	7	6	7	5	5	5	8	5	10	7	7	5	8	6	6	7	5	5	9	7	6	6	6	6	5	5	6	5	10	6	7	6	5	4	5	6	6	4	8	5	6	5	4	4	5	4	5	7	8	7	3	5	4	4	3	6	4	6	8	8	6	3	5	5	5	4	5	8	8	7	6	5	7	4	4	5	5	4	6	7	5	6	3	5	4	4	5	6	7	7	5	5	6	4	3	3	3	1
	7	9	7	6	7	5	5	5	8	5	10	7	7	5	8	6	6	7	5	5	9	7	6	6	6	6	6	5	6	5	11	6	7	6	5	4	5	6	6	4	8	5	6	5	4	4	5	4	5	7	8	7	3	6	4	4	3	6	4	6	8	8	7	3	6	5	5	4	5	8	8	7	6	5	7	4	4	5	5	4	7	7	5	6	3	6	4	4	5	6	7	7	5	5	6	4	4	4	3	2
	7	9	7	6	7	5	5	5	8	5	10	7	7	5	8	6	6	7	5	5	9	7	6	6	6	6	6	5	6	5	11	7	7	6	5	4	6	6	6	4	8	5	6	5	4	4	5	4	5	7	8	7	4	6	4	4	3	6	4	6	8	8	7	4	6	5	5	4	5	8	9	7	6	6	8	4	4	5	5	4	7	7	5	6	3	6	4	4	5	7	7	7	5	5	6	5	4	4	4	2
	7	9	7	6	7	5	5	5	8	5	10	7	7	5	8	6	6	7	5	5	9	7	6	6	6	6	6	5	6	5	11	7	7	6	5	4	6	7	6	4	8	5	7	6	4	4	5	4	5	7	8	7	4	6	4	4	3	6	4	6	8	9	7	4	6	5	5	4	5	8	9	7	7	6	8	4	4	5	5	5	7	7	5	7	4	6	4	4	6	7	7	7	5	5	7	5	4	4	4	2
	7	9	7	6	7	5	5	5	8	5	10	7	7	5	8	6	6	7	5	5	9	7	6	6	6	6	6	5	7	5	11	7	7	6	5	4	6	7	6	4	8	6	7	6	5	4	5	4	5	7	8	8	4	6	4	4	3	6	4	6	8	9	7	4	6	5	5	4	5	9	9	7	7	6	8	4	4	5	6	5	7	7	6	7	4	7	4	4	6	7	7	7	6	6	7	5	4	4	4	2
	7	9	7	6	7	5	5	5	8	5	10	7	7	5	8	6	6	7	6	5	9	7	6	6	6	6	6	5	7	5	11	7	7	6	5	4	6	7	6	4	9	6	7	6	5	5	5	4	5	7	9	8	4	6	4	4	3	6	5	6	8	9	7	4	6	5	5	4	6	9	9	7	7	6	8	5	4	5	6	5	7	7	6	8	4	7	4	4	6	7	7	8	6	6	8	5	4	4	4	2
	7	9	7	6	7	5	5	5	9	5	10	7	7	5	8	6	6	7	6	5	9	7	6	6	6	6	6	5	7	5	12	7	7	6	5	4	6	7	6	4	9	6	7	6	5	5	6	4	6	7	9	8	4	6	4	4	3	7	5	6	9	9	7	4	6	5	6	4	6	9	9	7	7	7	8	5	4	5	6	5	7	7	6	8	4	8	4	4	6	7	8	8	6	6	8	5	4	4	4	2
	7	9	7	6	7	5	5	5	9	6	10	7	7	5	8	6	6	7	6	5	9	8	6	6	6	6	6	5	7	5	12	7	7	6	5	5	6	7	6	4	9	6	7	6	5	5	6	5	6	7	9	8	4	6	4	5	4	7	5	6	9	9	7	4	7	5	6	4	6	9	10	7	7	7	8	6	4	5	6	5	8	7	6	8	4	8	4	4	6	7	8	8	6	6	8	5	4	4	4	2
	7	9	7	6	7	5	5	5	9	6	10	7	7	5	8	6	6	7	6	6	9	8	7	6	6	7	6	5	7	5	12	7	7	6	5	5	7	7	6	4	9	6	7	6	5	6	7	5	6	7	9	8	4	6	4	5	4	7	5	6	9	9	7	4	7	6	7	4	6	9	10	8	7	7	8	6	4	5	6	5	8	8	6	8	4	8	4	4	6	7	8	8	6	6	8	5	4	4	4	2
	7	9	7	6	7	5	5	5	9	6	10	7	7	5	9	6	6	7	6	6	9	8	7	7	6	7	7	5	7	6	12	7	7	6	6	6	7	7	6	4	9	6	7	6	5	6	7	5	6	7	9	8	4	6	5	6	4	7	5	6	9	9	8	4	7	6	7	4	6	9	10	8	7	7	8	6	4	5	6	5	8	8	7	8	4	8	4	4	6	7	8	8	6	6	8	5	4	4	4	2
	7	9	7	6	8	5	5	5	9	6	10	7	7	6	9	7	6	7	6	6	9	8	7	7	7	8	7	5	7	6	12	7	7	6	6	6	7	7	7	4	9	6	7	6	6	7	7	5	6	7	9	8	5	6	5	6	4	7	5	6	9	9	8	4	7	6	7	4	6	9	10	8	8	7	8	6	4	5	6	5	8	8	7	8	4	8	4	4	6	7	8	8	6	6	8	5	4	4	4	2
	7	9	7	7	8	6	5	5	9	6	10	7	7	7	10	7	6	7	6	6	9	8	7	7	7	8	8	5	7	6	12	7	7	7	7	6	7	7	7	5	9	6	7	6	6	7	7	5	6	7	9	8	5	7	5	6	4	7	5	6	9	9	9	4	7	6	7	4	6	9	10	8	8	7	8	6	4	5	6	5	8	8	7	8	4	8	4	4	6	7	8	8	6	6	8	5	4	4	4	2
	7	9	8	7	9	6	5	5	9	6	10	7	8	7	10	8	7	7	6	6	9	8	7	8	7	9	8	5	7	6	12	7	7	7	7	6	7	7	7	5	9	6	7	6	7	7	7	5	6	8	9	8	6	7	5	6	4	7	5	6	9	9	9	4	7	6	7	4	6	9	10	8	8	7	8	6	4	5	6	5	8	8	7	8	4	8	4	4	6	7	8	8	6	6	8	5	4	4	4	2
	7	9	8	8	9	6	6	6	9	6	10	8	8	7	10	8	7	7	6	6	9	8	8	8	7	9	9	5	7	6	12	7	8	7	8	6	7	7	7	5	9	6	7	6	7	7	7	5	7	8	9	8	6	8	5	6	4	7	5	6	9	9	9	4	7	6	7	4	6	9	10	8	8	7	8	6	4	5	6	5	8	8	7	8	4	8	4	4	6	7	8	8	6	6	8	5	4	4	4	2
	7	10	9	8	9	7	6	6	10	6	10	8	8	7	10	8	8	7	6	6	9	9	8	8	8	9	9	5	7	6	12	8	8	7	8	6	7	7	7	5	9	6	7	6	8	7	7	6	7	8	9	8	6	8	5	6	4	7	5	6	9	9	9	4	7	6	7	4	6	9	10	8	8	7	8	6	4	5	6	5	8	8	7	8	4	8	4	4	6	7	8	8	6	6	8	5	4	4	4	2
	8	10	9	8	9	7	6	7	10	7	11	8	9	8	11	8	8	7	6	6	9	9	8	8	8	9	9	5	7	6	12	8	8	8	8	6	7	7	7	5	9	6	8	6	8	7	8	6	7	8	9	8	6	8	5	6	4	7	5	6	9	9	9	4	7	6	7	4	6	9	10	8	8	7	8	6	4	5	6	5	8	8	7	8	4	8	4	4	6	7	8	8	6	6	8	5	4	4	4	2
	8	11	9	8	10	7	6	7	11	7	11	9	9	8	11	8	8	7	7	6	10	9	8	9	8	10	9	5	7	6	12	8	8	8	8	7	7	7	7	5	9	6	8	6	8	7	8	6	7	8	9	8	7	8	5	6	4	7	5	6	9	9	9	4	7	6	7	4	6	9	10	8	8	7	8	6	4	5	6	5	8	8	7	8	4	8	4	4	6	7	8	8	6	6	8	5	4	4	4	2
	8	11	10	9	10	7	6	7	11	7	11	9	10	8	11	8	8	8	7	7	10	9	9	9	8	10	10	5	7	6	13	8	8	8	8	7	8	7	7	5	9	6	8	6	8	7	8	6	7	8	9	8	7	8	5	6	4	7	5	6	9	9	10	4	7	6	7	4	6	9	10	8	8	7	8	6	4	5	6	5	8	8	7	8	4	8	4	4	6	7	8	8	6	6	8	5	4	4	4	2
	8	11	10	9	11	7	6	7	11	7	11	10	10	9	11	8	9	8	7	7	10	9	9	9	8	10	10	6	7	7	13	8	9	8	8	7	8	8	7	5	9	7	8	6	8	7	8	6	7	8	9	8	7	8	5	6	4	7	5	6	9	9	10	4	7	6	7	4	6	9	10	9	8	7	8	6	4	5	6	5	8	8	7	8	4	8	4	4	6	7	8	8	6	6	8	5	4	4	4	2
	8	11	10	9	11	8	6	7	11	7	11	10	10	9	11	9	9	8	7	7	10	10	9	9	9	10	10	6	8	7	13	8	9	8	8	7	8	8	8	6	9	7	9	6	8	7	8	6	7	8	9	9	7	8	5	6	4	7	5	6	9	9	10	4	7	6	7	4	6	9	10	9	8	7	8	6	4	5	6	5	8	9	7	8	4	8	4	4	6	7	8	8	6	6	8	5	4	4	4	2
	8	11	10	9	11	8	7	7	11	7	11	10	10	9	12	9	9	8	7	7	11	10	9	9	9	11	10	6	8	8	13	8	9	8	8	7	8	8	9	6	9	7	9	7	8	7	8	6	7	9	9	9	7	8	5	6	4	7	5	6	9	10	10	4	7	6	7	4	6	9	10	9	8	7	8	6	4	5	6	5	9	9	7	8	4	8	4	4	6	7	8	8	6	6	8	5	4	4	4	2
	8	11	10	9	11	8	7	8	11	7	11	10	10	10	12	9	9	8	8	7	11	10	9	9	9	11	10	6	8	8	14	8	9	8	9	7	8	8	9	6	9	7	9	7	8	7	8	6	8	9	10	9	8	8	5	6	4	7	5	7	9	10	10	4	7	6	7	4	6	9	10	9	8	7	8	6	4	5	6	5	9	9	7	8	4	8	4	4	6	7	9	8	6	6	8	5	4	4	4	2
	8	11	10	9	11	8	7	8	12	7	11	10	10	10	12	9	9	9	8	7	11	10	9	10	9	11	10	6	8	8	14	8	9	8	9	7	8	8	9	6	10	8	9	7	8	8	8	6	8	9	10	9	8	8	5	6	4	7	6	7	9	10	10	5	7	6	7	4	6	10	10	9	8	7	8	6	4	5	6	5	9	9	7	8	4	8	4	4	6	7	9	9	6	6	8	5	4	4	4	2
	8	11	10	9	11	8	7	8	12	8	11	10	10	10	12	9	10	9	8	7	11	10	9	10	9	11	10	6	8	8	14	9	10	8	9	7	8	8	9	6	10	8	9	7	8	8	8	6	8	9	11	9	8	8	6	6	4	7	6	7	9	10	10	5	7	6	7	4	7	10	10	9	8	8	8	6	4	5	6	6	9	9	7	8	4	8	4	4	6	7	9	9	7	6	8	5	4	4	4	2
	8	11	10	9	11	8	7	8	12	8	11	10	10	10	12	9	10	9	8	8	11	10	10	10	9	11	11	6	8	8	14	9	10	8	9	7	8	8	9	6	10	8	9	8	8	8	8	6	8	9	11	9	8	8	6	6	4	7	6	7	10	10	10	5	8	6	7	5	7	10	10	9	8	8	8	6	4	5	6	6	9	9	7	8	5	8	4	4	6	8	9	9	7	7	8	5	4	4	4	2
	8	11	10	9	11	8	7	8	12	8	11	10	11	10	12	9	10	9	8	8	11	10	10	10	9	11	11	6	8	9	14	9	10	8	9	8	8	8	9	6	10	8	9	8	8	8	8	6	8	9	11	9	9	8	6	6	4	7	6	7	10	10	10	5	8	6	7	5	7	10	11	9	8	8	9	6	5	5	7	6	9	9	7	9	5	8	4	4	6	8	9	9	7	7	9	5	4	4	4	2
	8	11	11	9	11	8	7	8	12	8	11	10	11	10	12	9	10	9	8	8	11	10	10	10	9	11	11	6	8	9	14	9	10	8	9	8	8	8	9	7	10	8	9	8	8	9	8	6	8	9	11	9	9	8	6	6	4	7	6	7	10	10	10	6	8	6	7	5	8	10	11	9	8	8	9	6	5	6	7	6	10	9	8	9	6	8	4	4	6	8	9	9	7	7	9	6	4	4	4	2
	8	12	11	9	11	8	7	8	12	8	11	10	11	10	12	9	10	9	8	8	11	10	10	10	9	11	11	6	8	9	14	9	10	8	9	8	8	8	9	7	10	8	9	8	8	9	8	6	8	10	11	9	9	8	7	6	4	8	6	7	10	10	10	6	9	6	7	5	8	10	11	9	9	9	9	6	5	6	7	6	10	9	8	9	6	9	4	5	6	8	10	9	7	7	9	6	4	4	4	2
	9	12	11	9	11	8	7	8	12	8	11	10	11	10	12	9	10	9	8	8	11	10	10	10	9	11	11	6	8	9	14	9	10	8	9	8	8	8	9	7	10	8	9	8	8	9	8	6	8	10	11	9	9	9	7	6	5	8	7	7	10	10	11	6	9	7	7	5	8	10	11	9	9	9	10	7	5	6	7	6	10	9	8	9	6	9	5	5	6	8	10	10	7	7	9	6	4	4	4	2
	9	12	11	9	11	8	7	8	12	8	12	10	11	10	12	9	10	9	8	8	11	10	10	10	9	11	11	6	8	9	14	9	10	8	9	8	8	8	9	7	10	8	9	8	9	9	8	6	8	10	11	9	9	9	7	7	5	9	7	7	10	10	11	6	9	7	8	5	8	10	11	10	9	9	10	7	6	6	7	6	10	10	8	9	7	9	5	5	6	8	10	10	7	7	9	6	5	4	4	2
	9	12	11	9	11	8	7	8	12	8	12	11	11	10	12	9	10	9	8	8	11	10	10	10	9	11	11	6	8	9	14	9	10	9	9	8	8	8	9	7	10	8	9	8	9	9	9	6	8	10	11	9	9	9	7	7	6	9	7	7	10	11	11	6	9	7	8	6	8	10	11	10	9	9	10	7	6	7	7	6	11	10	8	9	7	9	5	5	6	8	10	10	7	7	10	6	5	5	4	2
	9	12	11	9	11	8	7	8	12	8	12	11	11	10	12	9	10	9	8	8	11	11	10	10	10	11	11	6	8	9	14	9	10	9	9	8	9	8	9	7	10	8	9	8	9	9	9	7	8	10	11	10	9	9	7	7	6	9	7	7	10	11	11	6	9	7	8	6	9	10	12	10	9	9	10	7	6	7	7	6	11	10	8	9	7	9	5	5	7	8	10	10	7	8	10	6	5	5	5	2
	9	12	11	9	11	8	7	8	12	8	12	11	11	10	13	9	10	9	8	8	12	11	10	10	10	11	11	7	8	9	14	9	10	9	9	8	9	9	9	7	10	8	10	8	9	9	9	7	8	10	11	10	9	9	7	7	6	9	7	7	10	12	11	6	9	7	8	6	9	11	12	10	9	9	10	7	6	7	7	6	11	10	8	9	7	9	5	5	7	9	10	10	8	8	10	6	5	5	5	3
	9	12	11	9	12	8	7	8	12	8	12	11	11	10	13	9	10	10	8	8	12	11	10	10	10	11	11	7	9	9	15	9	10	9	9	8	9	9	9	7	10	9	10	8	9	9	9	7	8	10	11	11	9	9	7	7	6	9	7	8	10	12	11	6	9	7	8	6	9	11	12	10	9	9	10	7	6	7	7	7	11	10	8	9	7	9	5	5	7	9	10	11	8	8	10	6	5	5	6	3
	9	12	11	10	12	8	7	8	13	8	12	11	11	10	13	9	10	10	8	8	12	11	10	10	10	11	11	7	9	9	15	10	10	9	9	8	9	9	10	7	11	9	10	8	9	9	9	7	8	11	12	11	9	9	7	7	6	9	7	8	10	12	11	6	9	7	8	6	9	12	12	10	9	9	10	7	6	7	7	7	11	11	8	9	7	9	5	5	7	9	10	11	8	8	10	6	5	6	6	3
	9	12	12	10	12	8	7	9	13	8	12	11	11	10	13	9	10	10	8	8	12	11	10	10	10	11	11	7	9	9	16	10	11	9	9	8	9	9	10	8	11	9	10	8	9	9	9	7	9	11	12	11	9	9	7	7	6	9	7	9	11	12	11	6	9	7	8	6	9	12	13	10	9	9	10	7	6	7	7	7	11	11	8	9	7	9	5	6	7	9	10	11	8	8	10	6	5	6	6	3
	9	13	12	10	12	8	8	9	13	8	12	11	11	10	13	9	10	10	8	8	12	11	10	10	10	11	11	7	9	10	16	11	11	10	9	8	9	9	10	8	11	9	10	8	9	9	9	7	9	12	12	11	9	9	7	7	6	9	8	9	11	13	11	6	9	7	8	6	9	12	13	10	9	9	10	7	6	7	7	7	12	11	8	9	7	9	6	6	7	9	10	11	8	8	10	6	5	6	6	3
	10	13	12	10	12	9	8	9	13	8	12	11	11	10	13	9	10	10	9	8	12	11	10	10	10	11	11	7	9	10	16	11	12	10	9	8	9	9	10	9	11	9	10	8	10	9	9	7	9	12	12	11	9	9	7	7	6	10	8	9	11	13	12	6	9	7	8	6	9	12	13	10	9	9	10	7	6	7	7	7	12	11	8	9	7	9	6	6	7	9	11	11	8	8	10	7	5	6	6	3
	10	13	12	10	12	9	8	9	14	8	13	11	11	10	14	9	10	10	9	8	12	11	10	10	10	11	11	7	9	11	16	11	12	11	9	8	9	9	10	9	11	9	10	8	10	9	9	7	9	12	12	11	10	10	7	7	7	10	8	9	11	13	12	6	9	7	8	6	9	12	13	10	9	9	10	7	6	7	7	7	12	11	8	9	7	9	6	6	7	9	11	12	8	8	11	7	5	6	6	3
	10	13	12	10	13	9	8	10	14	8	13	12	11	10	14	9	10	10	10	8	12	11	10	10	10	11	11	7	9	11	16	11	12	11	9	8	9	9	10	9	11	9	10	9	11	9	9	7	9	12	12	11	10	10	7	8	7	10	8	9	11	13	12	7	9	7	8	6	9	12	13	10	9	9	10	7	6	7	7	7	12	11	9	9	7	9	6	6	7	9	11	12	8	9	11	7	5	6	6	3
	10	13	12	11	13	9	9	10	15	8	13	12	11	10	14	9	10	10	10	8	12	12	10	10	10	11	11	7	9	11	16	11	12	11	10	8	9	9	10	9	11	9	11	9	11	10	9	7	9	12	12	11	10	10	7	8	7	10	8	9	11	13	12	7	9	7	8	6	9	12	13	10	10	9	10	7	6	7	7	7	12	11	9	10	7	9	6	6	7	9	11	12	9	9	11	7	5	6	6	3
	10	13	13	11	13	10	9	11	15	8	13	12	11	10	14	9	10	10	10	8	13	12	10	10	11	11	11	7	9	11	16	11	12	11	10	9	9	9	10	9	11	10	11	9	11	10	9	7	9	12	12	11	10	10	7	8	7	10	8	9	11	13	12	7	9	7	8	6	9	12	13	11	10	10	10	7	6	7	7	7	12	11	9	10	7	9	6	6	7	9	11	13	9	9	11	7	5	6	6	3
	10	14	13	11	14	10	10	11	15	8	13	12	11	11	14	9	10	10	10	8	13	12	10	10	11	12	11	7	9	11	17	11	12	11	10	9	9	9	10	9	11	10	11	9	11	10	9	7	9	12	12	12	10	10	7	8	7	10	8	9	11	13	12	7	10	7	8	6	9	12	14	11	10	10	10	7	6	7	7	7	12	12	9	10	7	9	6	6	7	9	11	13	9	9	11	7	5	6	6	3
	11	14	13	12	14	11	10	11	15	8	13	12	11	11	15	9	10	10	10	8	13	12	10	11	11	12	11	7	9	11	17	11	12	11	10	9	9	9	10	9	12	10	11	9	11	10	9	7	9	12	13	12	10	10	8	8	7	10	8	9	12	13	12	7	10	7	8	6	9	12	14	11	10	10	10	7	6	7	7	7	13	12	9	10	7	9	6	6	7	9	11	13	9	9	11	7	5	6	6	3
	11	14	13	12	15	11	10	11	15	8	14	12	12	11	15	10	10	10	10	8	13	12	11	11	11	12	11	7	9	11	17	11	12	11	10	9	9	9	10	9	12	11	11	9	11	11	9	7	9	12	13	12	10	10	8	8	7	10	8	9	12	14	12	7	10	7	8	6	9	12	15	11	10	10	10	7	6	7	7	7	13	12	9	10	7	9	6	6	7	9	12	13	9	9	11	7	5	6	6	3
	11	14	14	12	15	11	10	11	15	8	14	13	12	12	15	10	10	10	10	8	14	12	11	11	11	12	12	7	9	11	17	12	12	11	11	9	9	9	10	9	12	11	11	9	11	11	9	7	9	12	13	12	10	10	8	8	7	10	8	9	12	14	13	7	10	7	8	6	9	12	15	11	10	10	10	7	6	7	7	7	14	12	9	10	7	9	6	6	7	9	12	14	9	9	11	7	5	6	6	3
	11	15	14	12	15	11	10	11	15	8	15	13	13	12	15	10	11	10	10	8	14	13	12	11	12	12	12	7	9	11	17	12	12	11	11	9	9	9	10	9	12	11	11	9	11	11	9	7	9	12	13	12	11	10	8	8	7	10	8	9	12	14	13	7	10	7	8	6	9	12	15	11	10	10	10	7	6	7	7	7	14	12	10	10	7	9	6	6	7	9	13	14	9	9	11	7	5	6	6	3
	12	15	14	12	15	11	10	11	15	8	15	13	13	13	15	10	11	10	10	8	15	13	12	12	12	12	12	8	9	11	18	12	13	11	11	9	9	9	10	9	12	11	11	9	11	11	9	7	9	12	13	12	11	11	8	8	7	10	8	9	12	14	13	7	10	7	8	6	9	12	15	11	11	10	10	7	6	7	7	7	14	12	10	10	7	9	6	6	7	9	13	15	9	9	11	7	5	6	6	3
	12	15	14	13	15	11	10	11	15	8	16	13	13	13	15	10	11	10	10	8	15	14	12	12	12	12	12	8	9	11	18	12	13	12	11	9	10	9	10	9	13	11	11	10	11	11	9	7	9	12	13	12	11	11	9	8	7	10	8	9	12	14	13	7	10	7	8	6	9	12	15	11	11	11	10	7	6	7	7	7	14	12	11	10	7	9	6	6	7	9	13	15	9	9	11	7	5	6	6	3
	12	15	15	13	15	11	10	11	15	8	16	14	13	13	15	10	11	10	10	8	15	14	12	12	12	12	12	8	9	11	18	13	13	12	11	9	10	9	10	9	13	11	11	10	12	12	10	7	9	12	14	12	12	11	9	8	7	10	8	9	12	14	13	7	11	7	8	6	9	12	15	11	12	11	10	7	6	7	7	7	14	12	11	10	7	9	6	6	7	9	13	15	9	9	11	7	5	6	6	3
	12	15	15	13	15	11	10	11	15	8	16	14	14	13	15	10	11	10	10	8	15	14	13	12	12	12	12	8	9	11	18	13	14	12	12	9	10	9	10	9	13	11	11	10	12	12	10	8	9	12	14	12	12	11	10	9	7	10	8	9	13	14	14	7	11	7	8	6	9	12	15	11	12	12	10	7	6	7	7	7	14	12	11	10	7	9	6	6	7	9	13	15	9	9	11	7	5	6	6	3
	12	15	15	13	15	11	10	11	15	8	16	14	14	13	15	10	11	10	10	8	15	15	13	13	12	12	12	8	9	11	18	13	14	13	12	10	10	10	10	9	13	11	11	10	12	12	10	8	9	12	14	12	12	11	10	9	7	10	8	9	13	14	14	7	12	8	9	6	9	12	16	12	12	12	10	7	6	7	7	7	14	12	11	10	7	9	6	6	7	9	13	15	9	9	11	7	5	6	6	3
	12	15	15	13	15	11	10	11	15	8	16	14	14	13	15	10	11	10	10	8	15	15	13	13	13	12	13	8	10	11	19	13	14	13	12	10	10	10	10	9	13	11	11	11	12	12	10	8	9	12	14	12	12	11	10	9	7	10	8	9	13	14	14	8	12	8	9	7	9	12	16	12	12	12	11	7	6	7	7	7	15	13	11	10	7	9	6	6	7	9	13	15	9	9	11	7	5	6	6	3
	12	15	15	13	15	11	10	11	15	8	16	14	14	13	16	10	11	11	10	8	15	15	13	13	13	12	13	9	10	11	19	13	14	13	12	10	10	10	10	9	14	11	11	11	12	12	10	8	9	12	14	12	13	11	10	9	7	10	8	9	13	14	15	8	12	8	9	7	10	12	17	12	12	12	11	8	6	7	7	7	15	13	11	10	7	9	6	6	7	9	14	15	9	9	11	7	5	6	6	3
	12	15	15	13	15	11	10	11	16	8	16	14	14	13	16	11	12	11	10	8	15	15	13	13	13	12	13	9	10	11	19	13	14	13	12	10	10	10	10	9	14	11	12	11	12	12	10	8	9	12	15	12	13	11	10	9	7	10	8	9	13	15	15	8	12	8	9	7	10	12	17	13	12	12	11	8	7	8	7	7	15	13	11	10	7	9	6	6	7	9	14	16	9	9	11	7	5	6	6	3
	12	15	15	13	15	11	11	12	16	9	16	14	14	13	16	11	12	11	10	8	15	15	13	13	13	12	13	9	10	11	19	13	14	13	12	10	10	10	10	9	14	12	12	11	12	12	10	8	9	12	15	13	13	11	10	9	7	10	8	9	14	15	15	8	12	8	9	7	10	12	17	13	13	12	11	8	7	8	8	7	15	13	12	10	7	9	6	7	7	9	14	16	9	9	11	7	5	6	6	3
	12	15	15	13	15	12	11	12	17	9	16	14	14	13	16	11	12	11	10	9	15	15	13	13	13	12	13	9	10	11	19	14	14	13	12	10	10	10	10	9	14	12	12	11	12	12	10	8	9	12	15	13	14	11	10	9	7	10	8	9	14	15	15	8	12	8	9	7	10	13	18	13	13	13	11	8	7	8	8	7	15	13	12	11	7	9	6	7	8	9	14	16	9	9	11	7	5	6	6	3
	12	15	15	13	16	12	11	12	17	10	16	14	14	13	16	11	12	11	10	9	15	15	14	13	13	12	13	9	10	12	19	14	14	13	12	10	10	10	10	9	14	12	12	11	12	12	10	8	9	12	15	13	14	12	10	9	7	10	9	9	14	15	15	8	12	8	9	7	10	13	18	13	13	13	12	8	7	8	9	7	16	13	12	11	8	9	6	7	8	9	14	16	9	9	11	7	5	6	6	3
	12	15	15	13	16	12	11	12	17	10	16	15	14	14	16	11	12	11	10	10	15	15	14	13	13	12	13	9	10	12	19	14	14	13	12	10	10	10	11	9	14	12	12	11	13	12	10	8	10	12	15	13	14	12	10	9	7	10	9	9	14	15	15	8	12	8	9	7	10	14	18	13	13	13	12	9	7	8	9	7	16	13	12	11	8	10	6	7	8	9	15	16	9	9	11	7	5	6	6	3
	12	16	15	14	16	12	11	12	17	10	16	15	14	14	16	11	12	11	10	10	15	15	14	13	13	12	13	9	10	13	19	14	14	13	13	10	10	10	11	10	14	12	12	11	13	12	10	8	10	13	15	13	14	12	10	9	7	10	10	9	14	15	15	8	12	8	9	7	10	14	18	13	13	13	12	9	8	8	9	7	16	13	12	11	8	10	7	7	8	9	15	17	9	9	11	7	5	6	6	3
	13	16	16	14	16	12	11	12	17	10	16	15	14	14	16	11	12	11	11	10	15	15	14	13	13	12	13	9	10	13	19	14	14	13	13	11	10	10	12	10	14	12	12	11	13	12	10	8	10	13	15	13	14	12	10	9	7	11	10	10	14	15	15	8	12	8	9	8	10	14	18	13	13	13	12	9	8	8	9	7	16	13	12	11	8	10	7	8	8	9	15	17	10	9	11	7	5	6	6	3
	13	17	16	14	16	12	11	12	17	10	17	15	14	14	16	11	12	11	11	10	15	15	14	13	13	13	13	9	11	13	19	14	14	13	13	11	10	11	12	10	14	12	12	11	13	12	10	8	10	13	15	13	14	12	10	9	8	11	10	10	14	15	15	8	12	8	10	8	10	15	18	13	13	13	12	9	8	9	9	7	16	13	12	12	8	10	7	8	8	9	15	17	10	9	11	7	5	6	6	3
	13	17	16	14	16	12	11	12	17	10	17	16	14	14	17	11	12	11	11	10	16	15	14	13	13	13	13	10	11	13	19	14	14	13	13	11	11	11	12	10	14	12	12	11	13	12	11	8	10	13	15	13	14	12	10	10	8	11	10	10	14	15	15	8	12	8	10	9	10	15	18	13	13	13	12	9	8	9	9	8	16	13	12	12	9	10	7	8	8	9	15	17	10	9	11	7	5	6	6	3
	13	17	16	14	16	13	11	12	17	10	17	16	15	14	17	11	12	11	11	10	16	16	14	13	13	13	14	10	11	13	19	14	14	13	13	11	11	11	12	10	14	12	12	11	13	13	11	9	10	13	15	13	14	12	11	10	9	11	10	10	14	15	15	8	12	8	10	9	10	15	18	13	13	13	13	9	8	9	9	8	16	13	12	12	9	10	7	8	8	10	15	17	10	9	11	7	5	6	6	3
	13	17	16	14	16	13	12	12	17	10	17	16	15	14	17	11	12	11	11	10	16	16	14	14	13	14	14	10	11	13	20	14	14	13	13	11	11	11	12	10	14	12	12	11	14	13	11	9	11	13	15	13	14	13	11	11	9	11	10	10	14	15	15	8	12	8	10	9	10	15	18	13	13	13	13	10	8	9	9	8	16	13	12	12	9	10	7	8	8	10	15	17	10	9	11	7	5	6	7	3
	13	17	16	14	16	13	12	13	17	10	17	16	15	14	18	11	12	11	11	10	16	16	14	14	13	14	14	10	11	13	20	14	15	13	14	11	11	11	12	10	15	12	12	11	14	14	11	9	11	14	15	13	14	13	11	11	9	11	10	10	14	15	15	8	13	8	10	9	10	15	18	13	13	13	13	10	9	9	9	8	16	13	12	12	9	10	7	8	8	10	15	17	10	9	11	7	5	7	7	3
	13	17	16	14	17	13	12	13	18	10	17	16	15	14	18	11	12	11	11	10	16	16	14	14	13	15	14	10	11	13	20	14	15	14	14	12	11	11	12	10	15	12	12	11	14	14	11	9	11	14	16	13	14	13	11	11	9	11	10	11	14	15	15	8	13	9	10	10	10	15	18	13	13	13	13	10	9	9	9	8	16	13	12	12	9	10	7	8	8	10	15	17	10	9	11	7	6	7	7	3
	13	17	16	14	17	14	12	13	18	11	17	16	15	14	19	11	12	11	11	10	16	16	14	14	13	15	15	10	11	13	20	14	15	14	14	12	11	11	12	10	15	12	12	11	15	14	11	9	11	14	16	13	14	13	11	11	10	11	10	11	15	15	15	8	13	9	10	10	10	16	18	13	13	13	14	10	9	9	9	8	16	13	12	12	9	10	8	8	8	10	15	17	10	9	11	7	6	7	7	3
	13	17	16	14	17	14	12	13	18	11	17	16	15	15	19	12	13	11	12	10	16	16	14	14	13	15	15	10	11	13	20	14	15	14	14	12	11	11	12	10	15	12	12	11	15	14	11	10	11	14	16	13	14	14	11	11	10	11	10	11	15	15	15	8	13	9	10	10	10	16	19	13	13	14	14	10	9	9	9	9	16	13	12	12	9	11	8	8	8	10	15	17	10	9	11	7	6	7	7	3
	13	17	16	15	17	14	13	14	18	11	17	16	15	15	19	12	13	12	12	10	16	16	14	14	13	15	15	10	11	13	20	14	15	14	14	12	12	11	12	10	15	12	12	11	15	14	11	10	11	14	16	13	14	14	12	11	10	11	10	11	15	15	15	9	13	9	10	10	10	16	19	13	13	14	14	10	9	9	9	9	17	13	12	12	10	11	8	8	8	11	15	17	10	9	11	7	6	7	7	3
	13	17	17	15	17	15	13	14	19	11	17	16	15	15	19	12	13	12	12	10	16	16	14	14	13	15	16	10	12	13	20	14	15	14	14	12	12	11	12	10	15	12	12	11	15	15	11	10	11	14	16	13	15	14	12	11	10	11	10	11	15	15	15	9	13	9	10	10	10	16	19	13	13	14	14	10	9	9	9	9	17	13	12	13	10	11	8	8	8	11	16	17	10	9	11	7	6	7	8	3
	13	18	17	15	17	15	13	14	19	12	17	16	15	15	20	13	13	12	12	10	16	16	14	14	13	15	16	10	12	14	20	14	15	14	15	12	12	11	12	10	15	12	13	11	15	15	11	10	11	14	16	13	15	14	12	11	10	11	10	11	15	15	15	9	13	9	10	10	10	16	19	13	14	14	14	10	9	9	9	9	17	13	12	13	10	11	8	8	8	11	16	18	10	9	11	7	6	8	8	3
	14	18	17	15	17	15	13	14	19	12	17	16	15	16	20	13	14	12	13	11	16	16	14	14	13	16	16	10	12	14	20	15	15	14	15	12	12	11	12	10	15	12	13	11	15	15	11	10	11	14	16	13	15	14	12	11	10	11	10	11	15	15	16	9	13	9	10	10	10	16	19	13	14	14	14	10	9	9	9	9	17	13	13	13	10	11	8	8	8	11	16	18	10	9	11	7	7	8	8	3
	14	18	17	16	17	15	13	14	20	12	18	16	15	16	20	13	14	13	13	11	16	17	14	14	13	16	17	10	12	15	20	15	15	14	15	12	12	11	12	10	15	12	13	11	15	15	11	10	11	14	16	14	15	14	12	11	10	11	10	11	15	15	16	9	13	9	10	10	10	16	19	13	15	14	14	10	9	9	9	9	17	13	13	13	10	11	8	8	8	11	16	18	10	9	11	8	7	8	8	3
	14	18	18	16	17	15	13	15	20	12	18	17	15	16	20	13	14	13	13	11	17	17	14	14	13	16	17	11	13	15	20	15	15	14	15	12	12	11	12	11	15	13	13	11	15	15	11	10	11	14	16	14	15	14	12	11	10	11	10	11	15	15	17	9	13	9	10	10	10	16	19	13	15	14	14	10	9	9	9	9	17	13	13	13	10	11	8	8	8	11	16	18	10	9	12	8	7	8	8	3
	14	18	18	16	17	15	14	15	20	12	19	17	16	16	20	13	14	13	13	11	17	17	15	14	13	16	17	11	13	15	21	15	15	14	15	12	12	12	13	11	15	13	13	11	15	15	11	10	11	15	16	14	16	14	12	11	10	11	10	11	15	15	17	9	13	9	10	10	10	16	19	13	15	14	14	10	9	9	9	9	17	13	13	13	10	11	8	8	8	11	16	18	10	10	12	8	7	8	8	3
	14	18	18	16	17	16	14	15	20	12	19	18	16	16	20	13	14	13	13	11	18	17	15	15	13	16	17	11	13	16	21	15	16	14	15	12	12	12	13	11	15	13	14	11	15	15	11	10	12	15	16	14	16	14	12	11	10	11	10	12	15	15	17	9	13	9	10	10	10	16	19	13	15	14	14	10	9	9	9	9	17	13	13	13	10	11	8	8	8	11	16	18	11	10	12	8	7	8	8	3
	14	18	18	16	18	16	14	15	20	12	20	18	17	16	20	13	14	13	14	11	18	17	15	15	13	16	17	11	13	16	21	16	16	15	15	12	12	12	13	11	15	13	14	12	15	15	11	10	12	16	16	14	16	14	12	11	10	11	10	12	15	15	17	9	13	9	10	10	10	17	19	13	15	14	14	10	9	9	9	9	17	13	14	13	10	11	8	8	8	11	16	18	11	10	12	8	7	8	8	3
	15	18	18	17	18	16	14	15	21	12	20	18	17	16	20	13	14	13	14	11	18	17	16	15	14	16	17	11	13	16	21	16	16	15	15	12	12	12	13	11	15	14	14	12	16	15	11	10	12	16	16	14	16	14	12	11	10	11	10	13	15	15	17	9	13	9	10	10	10	17	19	14	15	14	14	10	9	9	10	9	17	13	14	13	10	11	8	8	8	11	16	18	11	10	12	8	7	8	8	3
	15	19	19	17	18	16	14	16	21	12	20	18	17	16	21	13	14	13	14	11	18	17	16	16	14	16	17	11	13	16	21	16	16	15	15	12	12	12	13	11	15	14	14	12	16	15	11	10	12	16	16	15	16	14	13	11	10	11	10	13	15	16	17	9	13	9	10	10	11	18	19	14	15	14	14	10	9	9	10	9	17	13	14	13	10	11	8	8	8	11	16	18	11	10	12	8	7	8	8	3
	15	19	19	17	18	16	15	16	21	12	21	19	17	16	21	13	14	13	14	11	18	17	16	16	15	17	17	11	13	16	21	16	16	15	15	12	12	12	13	11	15	14	14	12	16	15	11	10	12	16	17	15	16	14	13	12	10	11	11	13	15	16	18	9	13	9	10	10	11	18	19	14	15	14	14	10	9	9	10	10	17	13	14	13	10	11	8	8	8	11	16	18	11	10	12	8	7	8	8	3
	15	19	19	17	18	17	15	16	21	12	21	19	18	17	21	13	14	13	14	11	18	18	16	16	15	17	17	11	13	16	21	16	16	15	16	12	12	12	13	11	16	14	14	12	16	15	11	10	12	16	17	15	16	14	13	12	10	12	11	13	15	16	18	10	13	9	11	10	11	18	19	14	15	14	14	10	9	9	10	10	17	13	14	13	10	11	8	8	8	12	16	18	11	10	12	8	7	8	8	3
	15	19	19	17	19	17	15	16	21	12	21	19	18	17	22	13	14	13	14	11	18	18	17	16	15	17	17	11	13	16	22	17	16	15	16	12	12	12	13	11	16	14	14	12	17	15	11	10	12	16	17	15	16	15	13	12	10	12	11	13	15	16	18	10	13	9	11	11	11	18	19	14	15	14	14	11	9	9	10	10	17	13	14	13	10	11	8	8	9	12	16	18	11	10	12	8	7	8	8	3
	15	19	19	18	19	17	15	16	21	12	21	19	18	17	22	14	14	13	14	11	19	18	17	16	15	17	17	11	13	16	22	17	17	15	16	12	12	12	13	11	16	14	15	12	17	15	11	10	12	16	17	15	16	15	14	12	10	12	11	13	15	16	18	10	14	9	12	11	11	18	19	14	15	14	14	11	9	9	10	10	17	13	14	13	10	12	8	9	9	12	16	18	11	10	12	8	7	8	8	3
	15	19	20	18	19	17	15	16	21	12	22	19	18	17	22	14	15	13	14	11	19	18	17	16	15	17	17	11	13	16	22	17	17	16	16	12	12	12	13	11	16	14	15	12	17	15	11	10	12	16	17	15	17	15	14	13	10	12	11	13	15	16	18	10	14	10	12	11	11	18	19	14	15	14	15	11	9	9	10	10	17	13	14	13	11	12	9	9	9	12	16	18	11	10	12	8	7	8	8	3
	16	20	20	18	19	17	15	16	21	12	22	19	18	17	22	14	15	13	14	11	19	18	17	16	15	17	18	11	13	16	22	17	17	16	16	12	12	12	13	11	16	14	15	12	18	15	12	10	12	16	17	15	17	16	14	13	10	12	11	13	15	16	18	10	14	10	13	11	11	18	19	14	15	15	15	12	9	9	10	10	17	13	14	14	11	12	9	9	9	12	16	18	11	10	12	8	7	8	8	3
	16	20	20	18	19	17	15	16	21	12	23	20	18	17	22	14	15	13	14	11	19	18	17	16	15	17	18	11	13	16	22	17	17	16	16	13	13	12	13	11	16	14	15	12	18	16	12	10	12	16	17	15	17	16	15	13	11	12	11	13	15	16	18	10	14	10	13	11	11	18	19	14	16	15	15	12	10	9	10	10	17	13	14	14	11	12	9	9	9	12	16	18	11	11	12	8	7	8	8	3
	16	20	20	18	19	17	15	16	21	12	23	20	18	17	22	14	15	13	14	11	19	19	18	16	15	18	18	11	13	16	22	17	17	16	17	13	13	12	13	11	16	14	15	12	18	16	13	11	12	16	17	15	17	16	15	13	11	12	11	13	15	16	18	10	15	10	13	11	11	18	19	14	16	15	15	12	10	10	10	10	17	13	15	14	11	12	9	9	9	12	16	18	11	11	13	8	7	8	8	3
	16	20	20	18	19	17	15	16	21	12	23	20	18	17	23	14	15	13	14	11	19	19	18	16	16	18	18	11	13	16	22	18	18	16	17	13	13	13	13	11	16	14	15	12	18	16	13	11	12	16	17	15	17	16	15	14	11	12	11	13	15	16	18	10	15	10	13	11	11	18	19	14	16	15	16	12	10	10	11	10	17	14	15	14	11	12	9	9	9	12	16	18	11	11	13	9	7	8	8	3
	16	20	20	18	19	17	15	16	21	12	23	20	18	18	23	14	15	13	14	11	19	19	18	17	16	18	18	12	13	16	22	18	18	17	17	13	13	13	13	11	16	14	16	12	18	16	13	11	12	16	17	15	17	16	16	14	11	12	11	13	15	16	18	10	15	10	13	11	11	19	20	14	16	15	16	13	10	10	11	10	17	14	15	14	11	12	10	9	9	12	16	18	11	11	13	9	7	8	8	3
	16	20	20	19	19	17	15	16	21	12	23	20	19	18	23	14	15	14	14	11	19	19	18	17	16	18	18	12	13	16	22	18	18	17	17	13	13	13	13	11	16	14	16	13	18	16	13	11	12	16	17	15	18	16	16	14	11	12	11	14	16	16	18	10	16	10	14	11	11	19	20	14	16	15	16	13	11	10	11	10	17	14	15	14	11	12	10	9	9	12	16	18	11	11	13	9	7	8	8	3
	16	20	21	19	20	17	15	16	22	12	23	20	19	18	23	14	15	14	14	11	19	19	18	17	16	18	18	12	13	16	22	18	18	17	17	13	13	13	13	11	16	14	16	13	18	16	13	11	12	17	18	16	18	17	16	14	12	12	11	14	16	16	18	10	16	10	14	11	11	19	20	14	16	16	16	13	11	11	11	10	17	14	15	14	11	12	10	9	9	12	16	18	11	11	13	9	7	8	8	3
	16	21	21	19	20	18	15	16	22	13	23	20	19	18	23	14	15	14	14	11	19	19	18	17	16	18	18	12	13	16	22	18	18	17	17	13	13	13	13	12	16	15	16	13	18	16	13	12	12	17	18	16	18	17	16	14	12	12	11	14	16	17	18	11	16	10	14	11	11	19	20	14	16	16	16	13	11	11	11	10	17	14	15	15	11	12	10	10	9	12	16	18	11	11	13	9	7	8	8	3
	17	21	21	19	20	18	16	16	22	13	23	20	19	18	23	14	15	14	14	12	19	19	18	17	16	18	18	12	13	17	22	18	18	17	17	13	14	13	13	12	17	15	16	13	18	16	13	12	12	17	18	16	18	17	16	14	12	12	11	14	16	17	18	11	16	10	14	11	11	19	20	15	16	17	16	13	11	11	11	10	17	14	15	15	12	12	10	10	10	12	16	18	11	11	13	9	7	8	8	3
	17	21	21	19	20	18	16	17	22	13	24	20	19	18	23	14	15	14	15	12	19	19	18	17	16	18	19	12	14	17	23	18	18	17	17	13	14	13	13	12	17	15	16	13	18	16	13	12	12	17	18	16	18	17	16	14	12	12	11	14	16	17	19	11	16	10	14	11	11	19	20	15	17	17	16	13	11	11	11	10	17	14	15	15	12	13	10	10	10	13	16	18	11	11	13	9	7	8	8	3
	17	21	21	19	20	18	16	17	23	13	24	21	19	18	23	14	16	15	15	12	20	19	18	17	16	18	19	12	14	17	23	18	18	17	17	13	14	13	14	12	17	15	16	13	18	16	13	12	12	17	18	16	19	17	16	14	12	12	11	14	16	17	19	11	16	10	14	11	11	19	20	15	17	17	16	13	11	11	11	11	17	14	16	15	12	13	10	10	10	13	16	18	11	11	14	9	7	8	8	3
	17	21	21	19	20	18	16	17	23	14	25	21	19	18	23	15	16	15	15	12	20	20	18	17	16	18	19	13	14	17	23	18	18	17	17	13	14	13	14	12	17	15	17	13	18	16	13	12	13	17	18	16	19	17	16	14	12	12	11	14	16	17	19	11	16	10	14	11	11	19	20	15	17	17	16	13	11	11	12	11	17	14	16	15	12	13	10	10	10	13	16	19	11	11	14	10	7	8	8	3
	17	22	21	19	20	18	16	17	23	14	25	21	19	18	24	15	16	15	15	13	20	20	19	17	16	18	19	13	14	17	23	18	18	17	17	13	14	14	14	12	17	16	17	13	18	16	13	12	13	17	18	16	19	17	16	14	12	12	12	14	16	17	19	11	16	10	14	11	11	20	20	15	17	17	16	13	11	11	12	11	17	14	16	15	12	13	10	10	10	13	17	19	11	11	14	10	8	8	8	3
	17	22	22	19	20	18	16	17	23	14	25	21	19	18	24	15	16	15	15	13	20	20	19	17	16	19	19	13	14	18	23	19	18	17	17	13	14	14	14	12	18	16	17	13	18	16	13	12	14	17	18	16	19	17	16	14	12	12	12	15	16	17	19	11	16	10	14	11	12	20	20	15	17	17	16	13	11	11	12	11	18	14	16	15	12	13	10	10	10	13	17	19	11	11	14	10	8	9	8	3
	17	22	22	20	20	18	16	17	23	14	25	21	19	18	24	15	16	15	15	13	20	20	19	17	16	19	19	13	14	18	24	19	19	17	17	14	14	14	15	12	18	16	17	13	18	16	13	12	14	18	18	16	19	17	16	14	12	13	13	15	16	17	19	11	16	10	14	11	12	20	20	15	17	17	16	13	11	11	12	11	18	15	16	15	12	13	10	10	10	13	17	19	11	11	14	10	8	9	9	3
	17	22	22	20	21	18	16	17	23	14	25	21	19	18	24	15	16	15	15	13	21	20	19	17	16	19	19	13	14	18	24	19	19	18	17	14	14	15	15	13	18	16	17	13	18	17	13	12	14	18	18	16	19	17	16	14	12	13	13	15	16	17	19	11	16	10	14	12	12	21	21	15	17	17	16	13	11	11	12	11	18	15	16	15	12	13	10	10	10	13	17	19	11	11	14	10	8	9	9	4
	17	22	22	20	21	19	16	17	23	14	26	21	19	18	24	15	16	15	15	13	21	20	19	17	16	19	19	13	14	19	24	19	19	18	17	14	15	15	15	13	18	16	17	13	19	17	13	12	14	18	18	16	19	17	16	15	12	13	13	15	17	17	19	11	16	10	15	12	12	21	21	15	17	17	16	13	11	11	12	12	18	15	16	15	12	13	10	10	10	14	17	19	11	11	14	10	8	9	9	4
	17	23	22	20	21	19	17	17	23	14	26	21	19	18	24	15	16	15	16	13	21	20	19	17	16	19	20	13	14	19	24	19	19	18	17	14	15	15	15	13	18	16	17	13	19	17	13	12	14	18	19	16	19	18	17	15	12	13	13	15	17	17	19	11	16	11	15	12	12	21	21	15	17	17	16	13	11	11	13	12	18	15	16	15	12	13	10	10	11	14	17	19	11	11	14	10	8	9	9	4
	17	23	23	20	21	19	17	18	24	14	26	21	19	18	24	16	16	15	16	13	21	20	19	17	16	19	20	13	14	19	24	19	19	18	17	14	15	15	15	13	19	16	17	13	19	18	13	12	14	18	19	16	19	18	17	15	12	13	13	15	17	17	19	12	17	11	15	12	13	21	21	15	17	17	16	13	11	12	13	12	18	15	16	15	12	13	10	10	11	14	17	19	11	11	14	10	8	9	9	4
	17	23	23	21	21	19	17	18	24	14	26	21	19	18	25	16	17	16	16	13	21	20	19	17	16	19	20	13	14	19	25	19	19	18	18	14	15	15	15	13	19	16	17	13	19	18	13	12	14	18	19	16	19	18	17	15	12	14	13	15	17	17	20	12	17	11	15	13	13	21	21	15	17	18	16	13	11	12	13	12	18	15	16	15	12	13	10	10	11	14	17	19	11	11	14	10	8	9	9	4
	17	23	23	21	22	19	17	18	24	14	26	21	19	18	25	17	17	16	16	13	22	20	19	17	17	20	20	13	15	19	25	19	19	18	18	14	15	15	15	13	19	16	17	13	19	18	13	12	14	18	19	16	19	18	17	15	13	14	13	15	17	17	20	12	17	11	16	13	13	21	21	16	17	18	16	13	11	12	13	12	18	15	16	15	13	13	10	10	11	14	17	19	11	11	14	10	8	9	9	4
	17	23	23	21	22	20	17	18	24	14	27	21	19	19	26	17	17	16	16	13	22	20	19	17	17	20	20	14	15	19	25	19	19	18	18	15	15	15	15	13	19	16	17	13	19	18	14	12	14	18	19	16	19	18	17	15	13	14	13	15	17	18	20	12	17	12	16	13	13	21	21	16	17	18	16	13	11	12	13	12	18	15	16	16	13	13	10	10	11	14	17	19	11	11	14	10	8	9	9	4
	18	23	23	21	22	20	18	18	24	14	27	21	19	19	26	17	17	16	16	13	22	20	19	18	18	20	21	14	15	19	25	19	19	18	18	15	16	15	15	13	19	16	17	13	19	18	14	13	14	18	19	16	19	18	17	16	13	14	13	15	17	18	20	12	17	12	16	13	13	21	22	16	18	18	16	13	11	12	13	12	18	15	16	16	13	13	10	10	11	14	17	19	11	11	14	10	8	9	9	4
	18	24	23	21	22	20	18	19	24	14	27	21	20	19	26	17	18	16	16	13	22	20	19	18	18	20	21	14	15	19	25	19	19	19	18	15	16	16	15	13	19	16	17	13	19	19	14	13	15	18	19	16	19	18	17	16	13	14	13	15	17	18	21	12	17	12	16	13	13	21	22	16	18	18	16	13	11	12	13	12	19	15	16	16	13	13	10	10	11	14	17	19	11	11	14	10	8	9	9	4
	18	24	24	21	22	20	18	19	25	14	27	22	20	19	26	17	18	17	16	13	22	20	19	18	18	20	21	14	15	19	25	19	19	19	19	15	16	16	16	13	19	16	17	14	19	19	14	13	15	19	19	16	19	18	17	16	13	14	13	15	17	18	21	12	17	12	16	13	13	21	22	17	18	18	16	13	11	12	13	12	19	16	16	16	13	13	10	10	11	14	17	19	11	11	14	10	8	9	9	4
	18	24	24	22	22	20	18	19	25	15	27	22	20	19	26	17	18	17	17	13	22	21	19	18	19	20	21	14	15	19	25	19	19	19	19	15	16	16	16	14	19	16	17	14	19	19	14	13	15	19	19	16	20	18	17	16	13	14	13	16	17	18	21	12	17	12	16	13	13	21	22	17	18	18	16	13	11	12	13	12	19	16	17	16	13	13	10	10	11	14	18	19	11	11	14	10	8	9	9	4
	18	24	24	22	23	20	18	19	25	15	27	22	20	20	26	17	18	17	17	14	22	21	20	18	19	20	21	14	16	20	25	19	19	19	19	15	16	16	16	14	19	16	17	14	19	19	14	13	15	19	19	17	20	18	17	16	13	14	14	16	17	18	21	12	17	12	16	13	13	21	22	17	18	18	16	13	11	12	13	12	20	16	17	16	13	13	10	10	11	14	18	20	11	11	14	10	8	9	9	4
	18	24	24	22	23	21	18	19	25	15	27	22	20	20	27	17	18	17	18	14	22	21	20	18	19	20	21	15	16	20	25	20	19	19	19	15	16	16	17	14	19	16	17	14	19	19	14	13	15	19	20	17	20	18	17	16	13	14	14	16	17	18	21	12	17	12	16	13	13	22	23	17	18	18	16	13	11	12	13	12	20	16	17	16	13	13	10	10	11	14	19	20	11	11	14	10	8	9	9	4
	18	24	24	22	23	21	19	19	25	15	27	22	20	20	27	17	18	17	18	14	22	21	20	18	19	21	22	15	17	20	25	20	19	19	19	15	16	16	17	14	19	16	18	14	19	19	14	13	16	19	20	17	20	18	17	16	13	14	14	16	18	19	21	12	17	12	16	13	13	22	23	17	18	18	16	13	11	12	13	13	21	16	17	16	13	13	10	10	11	14	19	20	11	11	14	10	8	9	9	4
	18	24	24	22	23	21	19	20	25	15	27	22	20	20	27	18	18	17	18	14	22	21	20	18	19	21	22	16	17	20	25	20	19	19	19	16	16	16	17	14	19	16	18	14	19	19	14	13	16	19	21	18	20	18	17	16	13	14	15	16	18	19	22	12	17	12	16	13	13	22	24	17	18	18	16	13	11	12	13	13	21	16	17	16	13	13	10	10	11	15	19	20	11	11	14	10	8	9	9	4
	18	24	24	22	23	21	20	20	26	15	27	22	20	20	27	18	18	17	18	14	22	21	20	18	19	21	23	16	17	20	25	20	19	19	19	16	16	16	17	14	19	17	18	14	19	19	15	13	16	19	21	18	21	18	17	16	13	14	15	17	19	19	22	13	17	12	16	13	13	22	24	17	18	18	16	13	11	12	13	13	21	16	17	16	13	13	10	10	11	15	19	20	11	11	14	10	8	9	10	4
	18	24	24	22	23	21	20	21	26	16	27	22	20	20	27	18	18	17	18	14	22	21	20	18	19	22	23	16	17	20	25	20	19	19	19	16	16	16	17	14	20	17	18	15	19	19	15	13	16	19	22	18	21	19	17	16	14	14	15	17	19	19	22	13	17	12	16	13	13	23	24	17	18	18	16	13	11	12	13	13	21	16	17	16	13	13	10	10	11	15	19	20	11	11	14	10	8	10	10	4
	18	24	24	22	23	21	20	21	27	16	27	22	20	20	27	18	18	17	18	15	22	21	20	18	19	22	23	16	17	20	26	20	20	19	20	16	16	16	17	14	20	17	18	15	20	19	15	13	16	19	22	18	21	19	17	16	14	14	15	17	19	20	22	13	17	12	16	14	13	23	24	17	18	18	16	13	11	12	13	14	21	16	17	16	13	13	10	11	11	15	19	20	11	11	14	10	8	10	10	4
	18	24	24	22	23	21	20	21	27	16	27	22	20	20	27	18	18	18	18	15	23	21	20	19	19	22	23	16	17	21	26	20	20	19	20	16	16	16	17	14	20	17	18	15	20	20	15	13	16	19	22	18	21	19	18	16	14	14	15	17	19	20	23	13	17	12	16	14	13	23	24	17	18	18	16	13	12	12	13	14	21	16	17	16	13	13	11	11	11	16	19	20	11	11	14	10	8	10	10	4
	18	24	24	22	23	21	20	21	27	16	28	22	20	21	27	18	19	18	18	15	23	21	20	19	19	22	23	16	18	21	26	20	20	19	20	16	16	16	17	14	20	17	18	15	20	20	15	13	16	19	22	18	21	19	18	17	14	14	15	17	19	20	23	14	17	13	16	14	13	23	24	17	18	18	16	14	12	12	13	14	21	16	17	16	13	14	11	11	11	16	19	20	11	11	14	10	8	10	11	4
	19	24	24	22	23	21	20	21	27	16	28	22	20	21	28	18	19	18	18	15	23	21	20	19	19	22	23	17	18	21	26	20	20	19	20	16	16	16	18	14	20	17	18	15	20	20	15	13	16	19	22	18	21	20	18	17	14	14	15	17	19	20	23	14	18	13	17	14	13	23	24	17	18	18	17	14	12	12	13	14	21	16	17	16	14	14	11	11	11	16	19	20	11	11	14	10	8	11	11	4
	19	25	24	22	23	21	20	21	27	16	28	22	20	21	28	18	19	18	18	15	23	21	20	19	19	23	23	17	18	21	26	20	20	19	20	16	17	17	18	14	20	17	18	15	20	20	15	13	16	19	22	18	22	20	19	17	14	14	15	17	19	20	23	14	18	13	17	14	13	23	24	17	18	19	17	15	12	12	13	14	21	16	17	16	14	14	11	12	11	16	19	20	11	12	14	10	8	11	11	4
	19	25	25	22	23	21	20	21	27	16	28	22	20	21	28	18	19	18	18	15	23	21	20	19	19	23	23	17	18	21	26	20	20	19	20	17	17	17	18	14	20	17	19	15	21	20	16	14	16	19	22	18	22	20	19	17	14	14	15	17	19	20	23	14	18	13	17	14	13	23	24	17	18	19	17	15	13	12	13	14	21	16	17	17	14	15	11	12	11	16	19	20	12	12	14	10	8	11	11	4
	19	25	25	23	23	21	20	21	27	16	28	22	20	21	28	18	19	18	18	15	23	21	20	19	19	23	23	17	18	21	26	20	21	20	20	17	17	17	18	14	20	17	19	15	21	21	16	14	16	19	22	18	22	20	19	17	15	15	15	17	19	20	23	14	18	13	17	14	13	23	24	17	19	19	17	16	13	12	13	14	21	16	18	17	14	15	12	12	11	16	19	20	12	12	14	10	8	11	11	4
	19	25	25	23	24	21	20	21	27	16	28	22	20	21	28	18	19	18	18	15	23	21	20	20	20	23	23	17	18	21	26	20	21	20	20	17	17	17	18	14	20	17	19	15	21	21	16	14	16	19	22	18	22	20	20	17	15	15	16	17	19	20	23	14	18	13	17	15	13	23	24	18	19	19	18	16	13	12	13	14	21	17	18	17	14	15	12	12	11	16	19	20	12	12	14	11	8	11	11	4
	19	25	25	23	24	21	20	21	27	16	28	22	21	22	29	18	19	18	18	15	23	21	20	20	20	23	23	17	18	21	26	20	21	20	20	17	17	17	18	14	20	17	19	15	21	21	16	14	16	19	22	18	22	20	20	17	15	15	16	18	19	20	23	14	19	13	17	15	14	23	25	18	19	20	18	16	13	12	13	14	22	17	18	17	14	15	12	12	11	16	19	20	12	12	15	11	8	11	11	4
	19	25	25	24	24	21	20	21	27	16	28	23	21	22	29	19	19	18	18	15	23	21	20	20	20	23	23	17	18	21	26	20	21	20	20	17	17	17	18	14	20	17	19	15	21	21	16	14	16	19	22	18	22	20	20	17	15	15	17	18	20	20	23	15	19	13	17	15	14	24	25	18	19	20	18	16	13	12	13	14	22	17	18	17	15	15	12	12	11	16	20	20	12	13	15	11	8	11	11	4
	19	25	26	24	24	21	21	21	27	16	29	23	21	22	29	19	19	18	18	15	23	21	20	20	20	23	23	17	18	21	26	20	21	20	20	17	17	17	18	14	20	17	19	15	21	21	16	14	17	19	23	18	22	20	20	17	15	15	17	18	20	20	23	15	19	13	17	15	14	24	25	18	20	20	18	16	13	12	14	14	22	17	18	18	15	15	12	12	11	16	20	21	13	13	15	11	8	11	11	4
	20	25	26	24	24	21	21	22	27	16	29	24	21	22	29	19	19	18	18	15	23	21	20	20	20	23	23	17	18	21	26	20	21	20	20	17	17	17	18	14	20	17	19	15	21	21	16	14	17	20	23	19	22	20	20	17	15	15	17	18	20	20	23	15	19	13	17	15	14	24	25	19	20	20	18	16	13	13	14	14	22	18	19	18	15	15	12	12	11	16	20	21	13	14	15	11	8	11	11	4
	20	26	26	24	24	21	21	22	28	16	29	24	21	22	29	19	19	18	18	15	23	22	20	20	20	23	23	17	18	21	26	20	21	20	20	17	17	17	18	15	20	17	20	15	21	21	16	14	17	20	23	19	22	20	20	17	15	15	17	18	20	21	23	15	19	13	17	15	14	24	25	19	21	20	18	16	14	13	14	14	23	18	19	18	15	15	12	12	11	16	20	21	13	14	16	11	8	11	11	4
	20	26	27	24	24	21	21	22	28	16	29	24	21	22	29	19	19	19	18	15	23	22	21	20	20	23	23	17	18	22	26	20	22	20	20	17	17	17	18	15	20	17	20	15	21	21	16	14	17	20	23	20	22	20	20	17	15	15	17	18	20	21	24	15	19	13	18	15	14	24	26	19	21	20	18	16	14	13	14	14	23	18	19	18	15	16	12	12	11	16	20	21	13	14	16	11	8	11	11	4
	20	26	27	25	24	21	21	22	28	16	29	24	21	22	29	19	20	19	19	15	23	22	21	21	20	23	23	17	18	22	26	21	22	20	20	17	17	17	18	15	20	17	21	15	21	21	16	14	17	20	23	20	23	20	20	18	15	15	17	18	21	21	24	15	19	13	18	15	14	24	26	19	21	20	18	16	14	13	14	14	23	18	19	18	15	16	13	12	11	16	20	21	13	14	16	11	8	11	11	4
	20	26	27	25	25	21	21	22	29	16	29	24	21	22	29	19	20	19	19	15	23	22	21	21	20	23	23	18	18	22	26	21	23	21	20	17	17	17	18	15	20	18	21	16	21	22	16	14	17	20	24	20	23	20	20	18	15	15	17	18	21	21	24	15	19	13	18	15	14	24	26	19	21	20	18	16	14	13	14	14	23	18	19	18	15	16	13	12	11	16	20	21	13	14	16	11	9	11	11	4
	20	26	27	25	25	22	21	23	29	16	29	24	21	22	29	19	20	19	19	15	23	22	22	21	20	23	23	18	18	22	26	21	23	21	21	17	18	17	18	15	21	18	21	16	22	22	16	14	17	20	24	20	23	21	20	18	15	15	17	18	21	22	24	15	19	13	18	15	14	24	26	19	21	20	18	16	14	13	14	14	23	18	19	18	15	16	13	12	11	16	20	21	13	14	16	11	9	12	11	4
	20	26	27	25	25	22	22	23	29	16	29	24	22	22	29	19	20	20	19	15	23	22	22	21	20	24	23	18	18	22	27	21	23	21	21	17	18	18	18	15	21	18	21	16	22	23	16	14	17	20	24	20	23	21	21	18	15	15	17	18	21	22	24	15	19	13	18	15	14	24	26	20	21	20	18	16	14	13	14	14	23	18	19	18	15	16	13	12	12	16	20	21	13	14	16	11	9	12	11	4
	20	26	27	25	25	22	22	24	29	16	29	24	22	23	29	20	21	20	19	15	24	22	22	21	20	24	23	18	19	22	27	21	23	21	21	18	18	18	18	15	21	18	21	16	22	23	16	14	17	20	24	20	23	21	21	18	15	15	17	18	21	22	24	15	19	14	18	15	14	24	26	20	21	20	18	16	14	14	14	14	23	19	19	18	15	16	13	12	12	16	20	21	13	14	16	11	9	12	11	4
	20	26	27	25	26	22	22	24	30	16	30	24	22	23	30	20	21	20	20	15	24	22	22	21	20	25	24	18	19	22	27	21	23	21	21	18	18	18	18	15	21	18	21	16	22	23	16	14	17	20	24	20	23	21	21	18	15	15	17	18	21	22	24	15	19	14	18	15	15	24	26	20	21	20	18	17	14	14	14	14	24	19	19	18	15	16	13	12	12	16	20	21	13	14	16	11	9	12	11	4
	21	26	27	26	26	22	22	24	30	17	30	24	22	23	30	20	21	20	20	16	24	22	22	21	21	25	24	19	19	22	27	21	23	21	22	18	18	18	18	15	21	18	21	16	22	23	16	14	17	20	24	20	23	21	21	18	15	16	17	18	21	22	24	15	19	14	18	15	15	24	26	20	21	20	18	17	14	14	14	14	24	19	19	18	15	17	13	12	12	16	21	21	13	14	16	11	9	12	11	4
	21	27	28	26	26	22	22	24	31	17	30	24	22	23	30	20	21	20	20	16	24	22	22	22	21	25	24	19	20	23	27	21	23	22	22	18	18	18	18	15	21	18	21	16	22	23	16	14	18	20	24	20	23	21	21	18	15	16	17	18	21	22	24	15	19	14	18	15	15	24	26	20	21	20	18	17	14	14	14	14	24	19	19	18	15	17	13	12	12	16	21	22	13	14	17	11	9	12	11	4
	21	27	28	26	26	22	22	24	31	17	30	25	23	23	30	20	21	21	20	16	24	22	22	22	21	25	24	19	20	23	27	21	24	22	22	18	18	18	19	16	21	18	21	17	22	23	16	15	18	20	24	20	23	21	21	18	15	16	17	18	21	22	24	15	19	14	18	15	15	24	26	20	21	20	18	17	14	14	14	14	24	19	19	18	15	17	13	12	12	16	21	22	14	15	17	11	9	12	11	4
	21	27	28	26	26	22	22	24	31	17	30	25	23	23	30	20	21	21	20	16	24	23	22	23	21	25	24	20	20	23	27	22	24	22	22	18	18	18	19	16	21	18	22	17	22	23	16	15	19	21	24	20	23	21	21	18	16	16	17	18	21	22	24	15	19	14	18	15	15	24	26	20	21	20	18	17	14	14	14	14	24	19	19	19	16	17	13	12	12	16	21	22	14	15	17	11	9	12	11	4
	21	27	28	26	26	22	22	24	31	17	30	25	23	23	30	20	21	21	20	16	24	23	23	23	22	25	25	20	20	23	27	22	24	22	22	18	18	18	19	16	21	19	22	17	22	23	16	16	19	21	24	21	23	21	21	19	16	16	17	19	21	22	24	15	19	14	18	15	15	24	26	20	21	21	19	17	14	14	14	14	24	19	19	19	16	17	13	12	12	16	21	22	14	15	17	11	9	12	11	4
	21	27	28	26	26	22	22	24	31	17	30	25	23	23	31	20	21	21	20	16	24	23	23	24	22	26	25	20	20	23	27	22	24	22	22	18	18	18	19	16	21	19	22	17	22	23	17	16	19	21	25	21	23	21	21	19	16	16	17	19	21	23	24	16	20	14	19	15	15	25	26	20	21	21	19	17	14	14	14	14	24	19	19	19	16	17	13	12	12	16	21	22	14	15	17	11	9	12	11	4
	21	27	28	26	26	23	22	24	31	17	30	25	23	24	31	20	21	21	20	16	24	23	23	24	22	26	25	20	20	23	27	22	24	22	22	19	18	18	19	16	21	19	22	17	22	23	17	16	19	21	25	21	23	22	21	19	17	16	17	19	22	23	24	16	20	14	19	15	15	25	26	21	22	21	19	17	15	14	14	15	24	19	19	19	16	17	13	12	12	16	21	22	14	15	17	11	9	12	11	4
	21	27	28	26	26	23	23	24	31	17	30	25	23	24	32	20	21	21	20	16	24	23	23	24	22	26	25	20	20	23	27	22	24	22	22	19	18	18	19	16	21	19	22	17	22	23	18	16	19	21	25	21	24	22	21	19	17	17	17	19	22	23	25	16	20	14	19	15	15	25	27	21	22	21	19	18	15	14	14	15	24	19	20	19	16	17	13	12	12	17	21	22	14	15	17	11	9	12	11	4
