	0	0	0	1	0	0	0	0	0	0	0	1	0	0	0	1	1	0	0	0	0	0	0	0	1	0	0	0	0	0	0	0	0	0	0	0	0	0	0	0	0	0	0	0	0	0	0	0	0	0	1	0	0	0	0	1	0	1	0	0	0	0	0	0	0	0	0	0	0	0	0	0	0	0	0	0	0	0	0	0	0	0	0	0	0	1	0	0	0	1	0	0	0	0	0	0	0	0	0	0
	0	1	1	1	0	0	0	0	0	0	0	1	0	1	0	1	1	1	0	0	0	0	0	0	1	1	0	0	0	0	0	0	0	0	0	0	0	0	0	0	1	0	0	0	0	1	0	1	0	0	1	0	0	0	0	1	0	1	0	0	0	0	0	0	0	0	0	0	0	0	0	0	0	0	1	0	0	0	1	0	0	0	0	0	0	1	0	0	0	1	0	0	0	0	0	0	0	0	0	0
	1	1	1	2	0	0	0	0	1	0	0	1	1	1	0	1	1	1	0	0	0	0	0	0	2	1	0	0	0	0	1	0	0	0	1	0	1	0	0	0	1	0	0	0	0	1	0	1	0	0	1	0	0	0	0	1	0	1	0	0	0	0	0	0	1	0	0	0	1	0	0	0	0	0	1	0	0	0	1	0	0	0	0	0	0	1	0	0	0	1	0	0	0	0	0	0	0	0	0	0
	1	1	1	2	1	0	0	0	1	1	1	1	1	2	0	1	1	1	0	0	1	0	0	1	2	1	1	0	0	0	1	0	0	1	1	0	1	0	0	0	1	0	0	0	0	1	0	1	0	0	1	0	0	1	0	1	0	2	0	0	0	0	0	0	1	0	0	0	1	0	0	0	0	0	1	0	0	0	1	0	0	0	0	0	0	1	0	0	0	1	0	0	0	0	0	0	0	0	0	0
	1	1	1	2	1	1	0	0	1	1	1	2	1	2	1	2	1	1	1	0	1	1	0	1	2	1	1	0	0	0	1	0	1	1	1	0	1	0	0	0	1	0	0	1	1	1	0	2	0	0	1	0	0	1	0	1	0	2	0	0	0	0	0	0	1	0	0	0	1	0	0	0	0	0	1	0	0	0	1	0	0	0	0	0	0	1	0	0	0	1	0	0	0	0	0	0	0	0	0	0
	1	1	1	2	1	1	1	0	1	1	1	2	2	2	1	2	2	1	1	1	1	1	0	1	2	2	1	0	0	0	1	1	1	1	1	0	2	0	0	0	1	0	1	1	1	1	0	2	0	0	1	0	1	1	1	1	0	2	0	0	0	0	0	0	1	0	0	0	1	0	0	0	0	0	1	0	0	0	1	0	0	0	0	0	0	1	0	0	0	1	0	0	0	0	0	0	0	0	0	0
	1	1	1	2	1	1	1	1	1	1	1	2	2	3	1	2	2	2	1	1	1	1	0	1	2	2	2	0	0	1	1	1	1	1	1	1	2	0	0	0	1	1	1	1	1	1	0	2	0	0	1	1	1	1	1	1	0	2	0	0	0	0	1	0	1	1	0	0	1	0	0	0	0	0	1	0	0	0	1	0	0	0	0	0	0	1	0	0	0	1	0	0	0	0	0	0	0	0	0	0
	1	1	1	2	1	1	1	1	2	1	1	2	2	3	1	2	2	2	2	1	1	1	0	2	2	2	2	1	1	1	1	1	1	1	1	1	2	0	0	0	2	1	1	1	1	1	1	2	0	0	1	1	1	1	1	1	0	2	0	0	0	1	1	1	1	1	1	0	1	0	0	0	0	0	1	0	0	0	1	0	0	0	0	0	0	1	0	0	0	1	0	0	0	0	0	0	0	0	0	0
	1	1	1	2	1	1	1	1	2	2	1	2	2	3	1	2	2	2	2	2	1	1	0	2	3	2	2	1	1	1	1	1	1	1	1	1	3	1	0	0	2	1	1	1	1	1	1	2	0	0	2	1	1	1	1	1	1	2	0	0	1	1	1	1	1	1	1	1	1	0	0	0	1	0	1	0	0	0	1	0	0	0	0	0	0	1	0	0	0	1	0	0	0	0	0	0	0	0	0	0
	1	1	1	2	1	1	1	1	3	2	1	2	2	3	1	2	2	2	2	2	1	1	0	2	3	3	2	1	1	2	1	1	1	1	1	1	3	1	1	0	2	2	1	1	1	1	2	2	0	0	2	1	1	1	1	2	1	2	0	0	1	1	1	1	1	1	1	1	1	0	1	1	1	0	1	0	1	0	1	0	0	0	0	0	0	1	0	0	0	1	0	0	0	0	0	0	0	0	0	0
	1	1	1	2	1	1	1	2	3	2	1	2	2	3	1	3	2	2	2	2	1	1	0	2	3	3	2	1	1	2	2	1	1	1	1	1	3	1	1	1	2	2	1	1	1	2	2	3	1	0	2	1	1	1	1	2	1	2	0	0	1	2	1	1	1	1	1	1	1	0	1	1	1	0	1	1	1	0	1	0	0	1	0	0	0	1	0	0	0	1	0	0	0	0	0	0	0	0	0	0
	1	1	1	2	1	1	2	2	3	2	1	2	2	3	1	3	3	2	2	2	2	1	0	2	3	3	2	1	1	2	2	1	1	1	2	1	3	1	1	1	2	2	1	1	1	2	2	3	1	1	2	2	1	1	1	2	1	3	1	0	1	2	1	1	1	2	1	1	1	0	1	1	1	0	1	1	1	0	1	0	1	1	0	0	0	1	0	0	0	1	0	0	0	0	0	0	0	0	0	0
	1	1	1	2	1	2	2	2	3	2	2	2	2	3	1	3	3	2	2	2	2	1	0	2	4	3	2	2	1	2	2	1	1	1	2	1	3	1	1	1	2	2	2	1	1	2	2	3	1	1	2	2	1	1	2	2	1	3	1	1	1	2	1	1	1	2	1	1	2	1	1	1	1	0	1	1	1	0	1	0	1	1	0	0	0	1	0	0	0	1	1	0	0	0	0	0	0	0	0	0
	1	1	1	2	2	2	2	2	3	2	2	2	2	3	1	3	3	2	2	2	2	2	0	3	4	3	3	2	1	2	2	1	2	1	2	1	3	1	1	1	2	2	2	1	2	2	2	3	1	1	2	2	1	1	2	2	1	3	2	1	1	2	1	1	1	2	1	1	2	1	1	1	1	0	1	1	1	1	1	1	1	1	0	0	0	1	0	0	0	1	1	1	0	0	0	0	0	0	0	0
	1	1	1	3	2	2	2	2	3	2	2	2	3	3	1	3	3	2	2	2	2	2	1	3	4	4	3	2	1	2	3	1	2	2	2	1	3	1	1	1	2	2	2	1	2	2	2	3	1	1	2	2	1	1	2	2	1	3	2	1	1	2	1	1	1	2	1	1	3	1	1	1	1	0	1	1	2	1	1	1	1	1	1	0	0	1	0	0	0	2	1	1	0	0	0	0	0	0	0	0
	1	1	2	3	2	2	2	2	3	2	2	3	3	4	1	3	3	2	2	2	2	2	1	3	5	4	3	2	1	2	3	1	2	2	3	1	3	1	1	1	3	2	2	1	2	2	2	3	1	1	2	2	1	1	2	2	1	3	2	1	1	2	1	1	1	2	1	1	3	1	1	1	1	0	1	1	2	2	1	1	1	1	1	1	0	1	1	0	1	2	1	1	0	0	0	0	0	0	0	0
	1	2	2	3	2	2	2	2	3	2	3	3	3	4	2	3	3	2	2	2	2	2	1	4	5	4	3	2	1	2	3	1	2	2	3	1	3	1	1	1	3	2	2	1	2	3	2	3	1	1	3	2	1	1	2	2	1	3	2	1	1	2	1	1	1	2	1	1	3	1	1	1	1	0	1	1	3	2	1	1	1	1	1	1	1	1	1	1	1	2	1	1	0	0	0	1	0	0	0	0
	2	2	2	3	2	2	2	2	3	2	3	3	3	4	2	4	3	2	2	2	3	2	1	4	5	4	3	2	1	2	3	1	3	2	3	1	3	1	1	1	3	2	2	1	2	3	2	3	1	1	3	3	1	1	2	3	1	3	2	1	1	2	1	1	1	2	1	1	3	1	1	1	1	0	1	1	3	2	1	1	1	1	1	1	1	1	2	1	1	2	1	1	0	1	1	1	1	0	0	0
	2	2	2	3	2	2	2	2	3	2	4	3	3	4	2	4	4	2	2	2	3	2	1	4	5	4	3	2	1	2	4	1	3	2	3	1	3	1	1	1	3	2	2	2	2	3	3	3	1	1	3	3	2	1	2	3	1	3	2	1	1	2	1	1	1	2	1	1	3	1	1	1	1	0	1	1	3	2	1	1	1	1	1	1	1	2	2	1	1	2	1	1	1	1	1	2	1	1	0	0
	2	3	2	3	2	2	2	2	3	2	4	3	3	4	2	4	4	2	2	2	3	3	1	4	5	4	4	2	1	2	4	1	3	2	3	1	3	1	1	1	3	2	3	2	2	3	3	4	1	1	3	3	2	2	2	3	1	3	2	1	1	2	1	1	1	2	1	1	3	1	1	1	1	0	1	2	3	2	1	1	1	1	1	1	1	2	2	1	2	2	1	2	1	1	1	2	2	1	0	0
	2	3	3	3	2	2	2	2	3	2	4	3	3	4	2	4	4	2	2	2	3	3	2	4	5	5	4	2	1	2	4	2	3	2	3	1	4	1	1	1	3	2	3	2	2	3	3	4	1	1	3	3	2	2	2	3	1	3	2	1	1	2	1	1	2	2	1	1	3	1	1	1	1	0	2	2	3	2	2	1	1	2	1	1	1	2	2	1	2	2	1	2	1	1	1	2	2	2	0	0
	2	3	3	4	2	2	2	2	3	2	4	3	4	4	2	4	4	2	2	2	3	3	2	4	6	5	4	2	1	2	4	2	3	2	3	2	4	1	1	1	3	3	3	2	2	3	3	4	1	1	3	3	2	2	2	3	1	3	2	1	1	2	1	2	2	2	1	1	3	1	1	2	1	1	2	2	3	2	2	2	1	2	1	1	1	2	2	1	2	2	1	2	1	1	1	2	2	2	1	0
	2	3	3	4	3	2	2	2	3	2	4	3	5	4	2	4	4	2	2	2	3	3	2	5	6	5	4	2	1	2	4	2	3	2	4	2	4	1	1	1	4	3	3	2	2	3	3	4	1	1	3	3	2	2	2	3	1	3	2	1	1	3	2	2	2	2	1	1	3	2	1	2	2	1	2	2	3	2	2	2	1	2	1	1	1	2	2	1	2	2	1	2	1	1	1	2	2	2	1	1
	2	3	3	4	3	2	2	2	3	2	4	3	5	5	3	4	4	2	2	2	3	3	2	5	6	5	4	2	1	2	4	2	3	3	5	2	4	1	1	1	4	3	3	2	2	3	3	4	1	1	4	4	2	2	2	3	1	3	2	2	2	3	2	2	2	2	1	1	3	2	1	2	2	1	2	2	3	2	2	2	1	2	2	1	1	2	2	1	2	3	1	2	1	1	1	2	2	2	1	1
	2	3	3	4	3	3	2	2	3	2	4	3	5	5	3	4	4	2	2	2	3	3	2	5	7	5	4	2	1	2	4	2	3	3	5	2	4	1	1	1	4	4	3	2	3	4	3	4	1	2	4	4	3	2	2	3	1	3	2	2	2	3	2	2	2	2	1	1	3	2	2	2	2	1	2	2	3	2	3	2	1	2	2	2	1	2	2	1	2	3	1	2	1	1	1	2	2	2	1	1
	2	3	3	4	3	3	3	2	3	2	4	3	5	5	3	4	4	2	2	2	3	3	2	5	7	5	4	2	1	2	5	2	3	4	5	2	4	1	2	1	4	4	3	3	3	4	3	4	1	2	4	4	3	3	3	3	1	3	2	2	2	3	2	2	2	2	1	1	3	3	2	2	2	1	2	2	3	2	3	2	2	2	2	2	2	2	2	1	2	3	1	2	1	1	1	2	2	2	1	1
	2	3	3	4	3	3	3	3	3	2	4	3	5	5	3	4	4	2	2	2	4	3	2	6	7	5	4	2	2	2	5	2	4	4	5	2	4	1	2	1	4	4	3	3	3	4	3	4	1	2	4	4	3	3	3	3	1	3	2	3	2	3	2	2	3	3	1	1	3	3	2	2	2	1	2	2	3	2	3	2	2	2	2	2	2	2	2	1	2	3	2	2	1	2	1	2	2	2	1	1
	2	3	3	4	3	3	3	3	3	2	5	3	5	5	3	4	4	3	2	2	4	3	3	6	7	5	4	2	2	2	5	2	4	4	5	2	4	2	2	1	4	4	4	3	3	4	3	4	1	3	4	4	3	3	3	3	1	3	2	3	2	3	2	2	3	3	2	1	3	3	2	2	2	1	3	2	3	2	3	2	2	2	2	2	2	2	2	1	2	3	2	3	1	2	2	2	2	2	1	1
	3	3	3	4	3	3	3	3	3	2	5	4	5	5	3	4	5	3	2	2	4	3	3	6	7	5	4	2	2	2	5	2	4	4	5	2	4	2	3	1	4	5	4	3	3	4	3	4	2	3	4	4	3	3	3	3	2	3	2	3	2	3	2	2	3	3	2	1	3	3	2	2	2	1	3	2	3	2	3	2	2	2	3	2	3	3	2	1	2	3	2	3	1	2	2	2	2	2	1	1
	3	4	3	4	3	3	3	3	3	2	6	4	5	5	3	5	5	3	2	2	4	3	3	6	7	5	4	2	2	3	5	2	4	4	5	2	4	2	3	1	5	5	4	3	3	4	3	4	2	3	4	4	3	3	3	4	2	3	3	3	2	3	2	2	3	3	2	1	3	3	2	2	2	2	3	2	3	2	3	2	2	2	3	3	3	3	3	1	2	3	2	3	1	2	2	2	2	2	1	1
	3	4	4	4	3	3	3	3	3	2	6	4	5	5	4	5	5	3	3	2	4	4	3	6	7	5	4	2	2	3	6	2	4	4	5	2	4	2	3	1	5	5	4	3	3	5	3	4	2	3	4	4	3	3	3	4	2	3	3	3	2	3	2	3	3	3	2	1	3	4	2	2	2	2	3	2	4	2	3	2	2	2	3	3	3	3	3	1	2	3	2	3	2	2	2	2	2	2	1	1
	3	4	4	5	4	3	3	3	4	2	6	4	5	5	4	5	5	3	3	2	5	4	3	6	7	5	4	2	2	3	6	3	4	4	6	2	4	2	3	1	5	5	4	3	3	5	3	4	2	3	4	4	4	3	3	4	2	3	3	3	2	3	2	3	3	3	3	1	3	4	2	2	2	2	3	2	4	2	3	3	2	2	3	3	3	3	3	1	2	3	2	3	2	3	2	2	2	2	1	1
	3	4	4	5	4	3	3	4	4	2	6	4	6	6	4	5	5	3	3	2	5	4	3	6	7	5	4	2	2	3	7	3	5	5	6	2	4	2	3	1	5	5	5	3	3	5	3	4	2	3	4	4	4	3	3	4	3	3	3	3	2	3	2	3	3	3	3	1	3	4	2	2	2	2	3	2	4	2	3	3	2	2	3	3	3	3	3	1	2	4	2	3	2	3	3	2	2	2	1	1
	3	4	4	5	4	3	4	4	4	2	6	4	6	6	4	5	5	3	3	2	5	4	3	7	8	5	4	2	2	3	8	4	5	5	6	2	4	2	3	1	5	5	5	4	4	5	3	4	2	3	4	4	4	3	3	4	3	4	3	3	2	3	2	3	3	3	3	1	3	4	2	2	2	2	3	2	4	2	3	3	2	2	3	3	3	3	3	1	3	4	2	3	2	3	3	3	2	2	1	1
	3	4	4	5	4	4	4	4	4	2	6	4	6	6	4	5	5	3	3	2	5	4	4	7	8	6	4	2	2	3	8	5	5	6	6	2	4	2	3	1	5	5	5	4	4	5	3	4	3	3	4	4	4	4	4	4	3	4	3	3	2	3	2	3	3	3	3	1	3	4	2	2	2	2	3	2	4	3	3	3	2	2	3	3	3	3	3	1	3	4	2	3	2	3	3	3	3	2	1	1
	3	4	4	5	5	4	4	4	4	2	6	4	6	6	4	5	5	3	3	2	5	4	4	8	8	6	5	2	2	3	8	5	6	6	7	2	4	3	3	1	5	5	5	4	4	5	3	4	3	3	4	4	5	4	4	4	3	4	3	3	2	3	2	3	3	4	3	2	3	4	2	2	2	2	3	2	4	3	3	3	2	2	3	3	3	3	3	1	3	4	2	3	2	3	3	3	3	3	1	1
	3	4	4	6	5	4	4	4	4	2	6	4	7	6	4	5	5	3	3	2	5	4	4	8	8	7	5	3	3	3	8	5	6	7	7	2	4	3	3	1	5	5	5	4	4	5	3	4	3	3	4	5	5	4	4	4	4	4	3	3	2	3	2	3	3	4	3	2	3	4	2	2	2	2	3	3	4	3	3	3	2	2	3	3	3	3	3	1	4	4	2	3	2	3	3	3	3	3	1	1
	3	4	5	6	5	4	4	4	4	2	6	4	7	7	4	5	6	3	4	2	5	4	4	8	8	7	6	3	3	3	8	5	6	7	8	2	4	3	3	1	5	5	5	4	4	5	3	4	3	3	5	5	5	4	4	4	4	5	3	3	2	3	2	3	3	4	3	2	3	4	2	2	2	2	3	3	5	4	3	3	2	2	3	3	3	3	3	1	4	4	2	3	2	3	3	3	3	3	1	1
	3	4	5	6	5	4	5	4	5	2	6	5	7	7	5	5	6	3	4	2	5	4	4	8	8	8	6	3	3	3	8	5	6	7	8	2	5	3	3	1	6	5	5	4	4	5	3	4	3	3	5	5	5	4	4	4	4	5	3	3	2	3	2	3	3	4	4	3	4	4	2	2	2	2	3	3	5	4	3	3	2	2	3	3	3	3	3	1	4	4	2	3	2	3	3	3	3	3	1	1
	3	5	5	6	5	5	5	4	5	3	6	5	7	7	5	6	6	3	4	2	5	4	4	8	8	8	7	3	3	3	8	5	6	7	8	2	5	3	3	1	6	6	5	4	4	5	4	4	3	3	5	5	5	4	4	5	5	5	3	3	2	3	2	3	3	4	4	3	4	4	2	2	2	2	3	3	5	4	4	3	2	2	3	3	3	3	3	1	4	4	2	3	2	3	3	3	3	3	1	1
	4	5	5	6	6	5	5	4	5	3	6	5	7	7	5	6	7	3	4	3	5	4	4	8	8	8	7	3	3	3	9	5	6	7	8	3	6	3	3	1	6	6	5	4	4	6	4	5	3	3	5	5	5	4	4	5	5	5	3	3	2	3	2	3	3	4	4	3	4	4	2	2	2	2	3	3	5	4	4	4	2	2	3	3	3	3	3	1	4	4	2	3	2	3	3	3	3	3	1	1
	4	6	5	7	6	5	5	4	5	3	6	5	7	7	5	6	7	3	4	3	6	4	4	8	8	8	8	3	3	4	9	5	6	7	9	3	6	4	3	1	6	6	5	4	5	6	4	5	4	3	5	5	5	4	4	5	5	5	3	3	2	3	2	3	3	4	4	3	4	5	2	2	2	2	3	3	5	4	4	4	2	2	3	3	3	3	3	1	4	4	2	3	2	3	3	3	3	3	1	1
	4	7	6	7	6	5	5	4	5	3	7	5	7	7	5	6	7	3	4	3	6	4	4	8	9	9	8	3	3	4	9	5	6	8	9	3	7	4	4	1	6	6	5	4	5	6	4	5	4	4	5	5	5	4	4	5	5	5	3	4	2	3	2	3	3	4	4	3	4	5	2	2	2	2	3	3	5	4	4	4	2	2	3	3	3	3	3	1	4	4	2	3	2	3	3	3	3	3	1	1
	4	7	6	7	6	5	5	4	5	3	7	6	8	7	5	6	7	3	4	3	6	5	4	9	9	10	8	3	4	4	9	5	6	8	9	4	7	4	4	2	6	6	5	5	5	6	4	5	4	4	5	5	5	4	4	5	5	5	4	4	2	3	2	3	3	4	4	3	4	5	2	2	2	2	3	3	5	4	4	4	2	2	3	3	3	3	3	1	4	4	2	3	2	3	3	3	3	3	1	1
	4	8	6	7	6	5	5	4	5	3	7	6	8	7	5	6	7	4	4	3	6	5	5	9	10	10	8	3	4	5	10	5	7	8	10	4	7	4	4	2	6	6	5	5	5	6	4	5	4	4	5	5	6	4	4	5	5	6	4	4	2	3	2	3	3	4	4	3	4	5	2	2	2	2	3	3	5	4	4	4	2	2	3	3	3	3	3	1	4	4	2	3	2	3	3	3	3	3	1	1
	5	8	6	7	6	5	5	5	5	3	7	6	8	7	5	6	7	4	4	3	6	5	5	10	10	10	8	3	5	5	10	6	7	9	10	4	7	4	4	2	7	6	6	5	5	6	4	5	4	4	5	6	6	4	4	5	5	6	4	4	2	3	2	3	3	4	4	4	4	5	2	2	2	2	3	3	5	4	4	4	2	2	3	3	3	3	3	1	4	4	2	3	2	3	3	3	3	3	1	1
	5	8	6	7	6	5	5	5	5	3	8	6	8	7	5	6	8	5	4	3	6	6	6	10	10	10	8	3	5	5	10	6	7	9	10	4	7	4	4	2	7	7	6	6	5	6	4	5	4	4	6	6	6	4	4	5	5	6	4	4	2	4	2	3	3	4	4	4	4	5	2	2	2	2	3	3	5	5	4	4	2	2	3	3	3	3	3	1	4	4	2	3	2	3	3	3	3	3	1	1
	5	8	6	7	6	5	6	5	5	3	8	7	9	7	5	6	8	5	4	3	7	6	6	10	10	10	8	4	5	5	11	6	7	9	10	4	7	4	4	2	7	7	6	6	5	6	4	5	4	4	6	6	7	4	4	5	5	6	4	4	3	4	3	3	3	4	4	4	4	5	2	2	2	2	3	3	5	5	5	4	2	2	3	3	3	3	3	1	4	4	2	3	2	3	3	3	3	3	1	1
	5	8	7	7	6	6	6	5	5	3	9	7	9	8	5	6	8	5	4	3	7	6	6	10	10	10	9	4	5	5	11	6	7	9	10	4	7	4	4	2	8	7	6	6	5	6	4	5	4	4	6	6	7	4	4	5	5	6	4	4	3	4	3	4	3	4	4	4	4	5	3	3	2	2	3	3	5	5	5	5	2	2	3	3	3	3	3	1	4	4	2	3	2	3	3	3	3	3	1	1
	5	8	7	8	7	6	6	5	5	3	9	8	9	8	6	6	8	5	4	3	7	6	6	10	10	11	9	4	5	5	11	6	7	9	10	4	7	4	4	2	8	7	6	6	5	6	4	5	4	4	7	6	7	4	4	5	5	6	4	4	3	4	3	4	4	4	4	4	4	5	3	3	2	2	3	3	5	5	5	5	3	3	3	3	3	3	3	1	4	5	2	3	2	3	3	3	3	3	1	1
	5	8	8	8	7	7	6	5	5	3	9	8	9	9	6	7	8	5	4	3	7	6	6	10	10	11	9	4	5	5	11	6	7	9	10	5	7	4	4	2	8	7	6	6	5	6	4	5	4	4	7	7	7	4	4	5	5	6	4	4	3	4	3	4	4	4	4	4	4	5	3	3	2	3	3	3	5	5	5	5	3	3	4	3	3	3	3	1	4	5	3	3	2	3	3	3	3	3	1	2
	5	8	8	9	7	7	7	5	5	3	9	8	9	9	7	7	9	5	4	3	7	6	6	10	10	11	9	4	5	5	11	6	7	9	10	5	7	4	4	2	8	7	7	6	5	6	5	5	4	4	7	7	7	4	4	5	5	6	4	4	3	4	3	5	4	4	4	4	4	5	3	3	3	3	3	3	5	5	5	5	3	3	4	3	3	3	3	1	4	5	3	4	2	3	3	3	3	3	2	2
	5	8	8	9	7	7	7	6	5	3	9	8	9	10	7	8	9	5	4	3	7	6	6	10	10	11	10	4	5	5	11	6	8	9	10	5	7	4	4	2	8	7	7	6	5	6	5	5	4	4	7	7	7	5	4	6	5	6	4	4	3	4	3	5	4	4	4	4	4	5	3	3	3	3	3	3	5	5	5	5	3	3	5	4	3	3	3	1	4	5	3	4	2	3	3	3	3	4	2	2
	5	8	8	9	7	7	7	6	6	3	9	8	9	10	8	8	9	5	4	3	7	6	6	11	10	12	11	4	5	5	11	6	8	9	10	5	7	4	4	2	8	7	7	6	6	6	5	5	4	4	7	7	7	5	5	6	5	6	4	4	3	4	3	5	4	4	4	4	4	5	3	4	3	3	3	3	5	5	5	5	3	3	5	4	4	3	3	2	4	5	3	4	2	3	3	3	3	4	2	2
	5	8	8	9	7	7	7	6	6	3	9	8	9	11	8	8	9	5	5	3	7	6	6	11	11	13	11	4	5	5	11	6	8	10	10	6	7	4	4	2	8	7	7	6	6	6	5	5	4	4	7	7	7	5	5	6	5	6	4	4	3	5	3	5	4	5	4	4	4	5	3	4	3	3	3	3	6	5	5	5	3	3	5	4	4	4	3	2	4	5	3	4	2	3	3	3	3	4	2	2
	5	8	8	9	7	7	7	6	6	4	9	8	10	11	8	8	9	5	5	3	7	6	6	11	12	13	11	4	5	5	11	6	9	10	11	6	7	4	4	2	8	7	7	6	6	6	6	5	4	4	8	7	7	5	5	6	5	6	4	4	3	5	3	5	4	5	4	4	4	5	3	4	3	3	4	3	6	6	5	5	3	3	5	4	4	4	4	2	4	5	3	4	2	3	3	3	3	4	2	2
	5	8	8	9	7	7	7	6	6	4	9	8	10	11	8	8	9	5	5	4	7	6	7	12	12	13	11	4	5	5	11	6	9	10	11	7	7	4	4	2	9	7	8	6	6	7	6	5	4	4	8	7	7	5	5	6	5	6	4	4	3	5	3	5	4	5	4	4	4	5	3	4	3	3	4	3	6	6	6	5	3	3	5	4	5	4	4	3	4	5	3	4	2	3	3	3	3	4	2	2
	5	8	8	9	7	7	7	6	6	4	9	8	10	11	8	8	9	5	5	4	7	7	7	12	12	14	11	4	5	6	12	7	10	10	11	7	7	4	4	2	9	7	8	6	6	7	6	5	4	4	8	7	7	5	5	7	5	6	4	4	3	5	3	5	4	5	4	4	4	5	3	4	3	3	4	3	6	6	6	6	3	3	5	5	5	4	4	3	5	5	3	4	2	3	3	3	3	4	2	2
	5	8	8	9	7	7	7	6	6	4	9	8	10	11	9	8	9	5	5	4	8	7	7	12	12	14	11	4	5	6	12	7	10	10	11	7	7	4	5	2	9	8	9	7	6	7	6	5	4	4	8	7	7	5	5	7	5	6	4	4	3	5	3	5	4	6	4	4	4	6	3	4	3	3	4	3	6	7	6	6	3	3	5	5	5	4	4	3	5	5	3	4	3	3	3	3	3	4	2	2
	5	8	8	9	8	7	7	6	6	4	10	8	10	11	9	8	9	5	5	4	8	7	7	12	12	14	11	4	5	6	12	7	11	10	11	7	7	4	5	2	9	8	9	7	6	7	6	5	5	4	8	8	8	5	5	7	5	6	4	4	3	5	3	5	4	6	5	5	5	6	3	4	3	3	4	3	6	7	6	6	3	3	5	5	5	4	4	3	5	5	3	5	3	3	3	3	3	4	2	2
	5	9	8	9	8	8	7	6	6	4	10	8	10	11	9	8	9	5	5	4	8	7	7	12	12	14	11	4	5	6	12	7	11	11	11	7	7	4	5	2	9	8	9	7	6	7	6	6	5	4	8	8	8	5	5	7	6	7	5	4	3	5	4	6	4	6	5	5	5	6	3	4	3	3	4	3	6	7	6	6	3	3	5	5	5	4	4	3	5	5	4	5	3	3	3	3	3	4	2	2
	6	9	8	9	8	8	8	6	6	4	10	8	10	11	9	8	9	5	5	4	8	7	7	12	12	14	11	4	5	6	12	7	11	11	11	7	7	5	5	2	9	8	9	7	7	7	7	6	6	5	8	8	8	5	5	7	6	7	5	4	3	5	4	6	5	6	5	5	5	6	3	4	4	3	4	3	6	7	6	6	4	3	5	5	5	4	4	3	5	5	4	5	3	3	3	3	3	4	2	2
	6	9	8	9	8	8	8	7	6	4	11	8	10	11	9	8	9	5	5	4	8	7	7	12	12	14	11	4	6	6	12	7	11	11	11	7	8	5	6	2	9	8	9	7	7	8	7	6	6	5	8	8	8	5	5	7	6	7	5	5	3	5	4	6	5	7	5	5	5	6	4	4	4	4	4	3	6	7	6	6	4	3	5	5	5	4	4	3	5	5	4	5	3	3	3	3	3	4	2	2
	6	9	8	9	8	8	8	7	7	4	11	9	10	11	9	8	9	6	5	4	8	7	7	12	12	14	11	4	6	6	12	7	11	11	11	7	8	6	6	3	9	8	9	7	7	8	8	6	6	5	8	8	8	5	6	7	6	7	5	5	3	6	4	7	5	7	5	5	5	7	4	4	4	4	4	3	6	7	6	6	4	3	5	5	5	4	4	3	5	5	4	5	3	3	3	3	3	4	2	2
	6	9	9	9	8	8	8	7	7	4	11	9	10	11	9	8	9	6	6	4	8	7	7	12	12	14	11	5	7	7	12	7	11	11	11	7	9	6	6	3	9	8	9	7	8	8	8	6	6	5	8	9	9	5	6	7	6	7	5	5	3	6	4	7	5	7	5	5	5	7	4	4	4	4	4	3	6	7	6	7	4	3	5	5	5	4	4	3	5	5	4	5	3	3	3	3	3	4	2	2
	6	9	9	10	8	8	8	7	7	4	11	9	10	11	9	8	10	7	6	5	8	7	7	12	12	14	12	5	7	7	12	7	11	12	11	7	9	6	7	3	9	8	10	7	8	8	8	6	6	5	9	9	9	5	6	7	6	7	5	5	3	6	4	7	5	7	5	5	5	7	4	4	4	4	4	3	6	7	6	7	4	3	5	5	5	4	4	3	5	6	4	5	3	3	3	3	3	4	2	2
	6	9	9	10	9	8	8	8	7	5	11	9	10	11	9	9	10	7	6	5	8	7	7	13	12	14	12	5	7	7	12	7	11	12	11	8	9	6	7	3	9	9	10	7	8	8	8	6	6	6	9	9	9	5	6	7	6	7	5	5	4	6	4	7	5	7	5	5	5	7	4	4	4	4	4	3	6	7	6	7	4	3	5	5	5	4	4	3	5	6	4	5	3	3	3	3	3	4	2	3
	6	9	9	10	9	9	9	8	8	5	11	9	10	12	9	9	10	7	6	5	8	7	7	13	12	15	12	5	7	7	12	7	11	12	12	8	9	6	7	3	10	9	10	7	8	8	8	6	6	6	9	9	9	5	6	7	6	7	5	6	4	6	4	7	5	7	5	5	5	7	5	4	4	4	4	3	6	7	6	7	4	3	5	5	5	4	4	3	5	6	4	5	3	3	3	3	3	4	3	3
	6	9	9	10	10	9	9	9	8	5	11	9	10	12	10	10	10	7	6	5	8	7	7	13	13	15	12	5	7	7	12	7	11	13	12	8	9	6	7	3	10	9	10	7	8	8	8	6	6	6	10	9	9	5	6	7	6	7	5	6	4	6	4	7	5	7	5	5	5	8	5	4	4	4	4	3	6	7	6	7	4	4	5	5	5	4	4	3	5	6	4	5	3	3	3	3	3	5	3	3
	6	9	9	11	10	9	9	9	8	5	11	9	10	13	10	10	11	7	6	5	8	7	7	14	13	15	13	5	7	7	12	7	11	13	13	8	9	6	7	3	10	9	10	7	8	8	8	6	6	6	10	9	9	5	6	7	6	7	5	6	5	6	4	7	5	7	5	5	5	8	5	4	4	4	4	3	6	7	7	7	4	4	6	5	5	4	4	3	5	6	4	5	3	3	3	3	4	5	3	3
	6	9	9	11	11	9	9	9	8	5	11	9	11	13	10	10	11	7	6	5	8	7	8	14	13	15	13	6	7	7	12	7	11	13	13	9	9	6	7	3	10	9	10	7	8	9	8	6	6	6	10	9	9	5	6	7	6	7	5	6	5	6	4	7	5	7	5	5	5	8	6	5	4	4	4	3	6	7	7	7	4	4	6	5	5	4	5	3	5	7	4	5	3	3	3	3	4	5	3	3
	6	9	9	11	11	10	9	9	8	5	11	10	11	13	10	10	11	7	6	5	8	8	8	14	13	15	13	6	7	7	12	7	11	13	13	9	9	7	7	3	10	9	10	7	8	9	9	6	6	6	10	9	9	5	6	8	6	7	5	6	5	6	5	7	5	7	5	5	5	8	6	5	4	4	4	4	6	7	7	7	5	4	6	5	5	4	5	3	5	7	4	5	3	3	3	3	4	5	3	4
	6	10	9	11	11	10	10	9	8	5	11	10	11	13	10	10	11	7	6	5	8	8	8	14	13	15	13	6	7	7	13	7	11	13	13	9	9	7	7	3	10	9	10	7	8	9	9	7	6	6	10	9	9	5	6	8	7	7	5	6	5	6	5	7	5	7	6	5	5	8	6	5	5	4	4	4	7	7	7	7	5	4	6	5	5	4	5	3	5	7	5	5	3	3	3	3	4	5	4	4
	7	10	9	11	11	10	10	9	8	5	11	10	11	13	10	10	12	7	6	5	8	8	8	14	13	15	13	6	7	7	13	7	11	13	13	9	9	7	7	3	11	9	10	7	8	9	9	7	6	6	10	9	9	5	6	8	7	8	5	6	5	6	5	7	5	8	6	6	5	8	6	5	5	4	4	4	7	8	7	7	5	5	6	6	5	4	5	3	5	7	5	5	3	3	3	3	4	6	4	4
	7	10	9	11	11	10	10	9	8	5	12	10	11	13	10	10	12	7	6	5	8	8	8	14	13	15	13	7	7	7	14	7	11	13	13	9	9	7	7	3	11	9	10	7	8	9	9	7	6	6	10	9	9	5	6	8	8	8	5	6	5	6	5	7	5	8	6	6	6	8	6	6	5	4	5	4	7	8	8	7	5	5	6	6	5	4	5	3	5	7	5	5	3	4	3	3	5	6	4	4
	7	10	9	11	11	10	10	9	8	5	12	10	11	13	10	10	12	7	6	5	8	9	8	14	13	15	13	7	7	7	14	8	11	13	13	9	9	8	7	3	11	9	10	7	8	9	10	7	6	6	10	9	9	5	6	8	8	8	6	6	5	7	5	7	5	8	6	6	6	8	6	6	5	5	5	4	7	8	8	8	5	5	6	6	5	4	5	3	5	7	5	5	3	4	4	4	5	6	4	4
	7	10	9	11	11	10	10	9	8	5	12	10	11	13	10	10	12	7	6	5	8	9	9	14	13	15	13	7	7	7	14	8	12	13	13	10	10	8	7	3	11	9	10	7	8	9	10	7	7	6	11	9	9	5	6	8	8	8	6	6	5	7	5	7	5	8	6	6	6	9	6	6	6	5	5	4	7	8	8	8	5	5	6	6	6	5	5	3	5	7	5	5	3	4	4	4	5	6	4	4
	7	10	9	11	11	10	10	9	8	5	12	10	11	13	10	10	12	7	6	5	8	9	9	15	13	16	14	7	7	7	14	8	12	14	13	10	10	8	7	3	12	9	10	7	8	9	10	7	7	7	11	9	9	5	6	8	8	8	7	6	5	7	5	7	5	8	6	6	6	9	6	7	6	6	6	4	7	8	8	8	5	5	6	6	6	5	5	3	5	7	5	5	3	4	4	4	5	6	4	4
	7	10	9	11	11	10	10	9	8	5	12	10	11	13	11	11	12	7	6	5	8	9	9	15	14	16	14	7	7	7	15	8	12	14	13	10	10	8	7	3	12	9	10	8	8	9	10	7	7	7	11	9	9	5	6	8	8	9	7	7	5	8	5	8	6	8	6	6	6	9	6	7	6	6	6	4	7	8	8	8	5	5	6	6	6	5	5	3	5	7	5	5	3	4	4	4	5	6	4	4
	7	10	9	11	12	11	10	9	8	5	12	10	11	13	11	11	12	7	6	5	9	9	9	15	14	16	14	7	7	7	15	8	12	14	14	10	10	8	7	3	12	9	11	8	8	9	10	8	7	7	12	9	10	6	6	8	8	9	7	7	5	8	5	8	6	8	6	6	6	10	6	7	6	6	6	4	7	8	8	8	5	5	6	6	6	5	5	3	5	7	5	5	3	4	4	4	5	6	4	4
	7	10	9	12	12	11	11	9	8	5	13	10	11	13	11	11	12	7	6	5	9	9	9	15	14	16	14	7	7	7	15	8	12	14	14	10	11	8	7	3	13	9	11	9	9	9	10	8	7	7	12	10	10	6	6	8	8	9	7	7	5	8	6	8	6	8	6	6	6	10	6	7	6	6	6	4	7	8	9	8	5	5	6	6	6	5	5	3	5	7	5	5	3	4	4	4	5	6	4	4
	8	10	10	12	12	11	11	10	8	5	13	10	11	13	11	11	12	7	6	5	9	9	9	15	14	16	14	7	7	7	16	8	12	14	14	10	11	9	7	3	13	9	12	9	9	9	10	8	7	7	12	10	10	6	7	8	8	9	7	7	5	9	6	8	6	8	6	6	6	10	6	8	6	6	6	4	7	8	9	8	5	5	6	6	6	5	5	3	6	7	5	5	3	4	4	4	5	6	4	4
	8	11	10	12	12	11	11	10	8	5	13	10	12	13	11	11	12	8	6	5	10	9	9	15	14	16	14	7	7	7	16	8	12	14	14	10	11	9	7	3	13	9	12	9	9	9	10	8	8	7	13	11	10	6	7	8	8	9	7	7	5	9	6	8	6	9	6	6	6	10	6	8	6	6	6	4	7	8	9	8	5	6	6	6	6	5	5	4	6	7	5	5	3	4	4	4	5	6	4	4
	8	11	10	12	12	11	11	10	8	5	14	11	12	14	11	11	12	8	6	5	10	9	9	15	14	16	14	7	8	7	16	8	12	14	14	10	11	9	7	3	14	10	12	9	9	9	10	8	8	7	13	11	10	6	8	8	8	9	8	7	5	9	6	8	6	9	6	6	6	10	6	8	6	6	6	4	7	8	9	8	6	6	6	6	6	5	5	4	6	7	5	5	3	4	4	4	5	7	4	4
	9	11	10	12	12	11	11	10	8	5	14	11	12	14	11	11	12	8	6	5	10	10	9	16	14	16	14	7	8	7	17	8	12	14	14	10	11	9	8	3	15	10	12	9	10	9	10	8	8	7	13	11	10	6	8	8	8	9	8	7	5	9	6	8	6	9	6	6	6	11	6	8	6	6	6	4	7	8	9	8	6	6	6	6	6	5	5	4	6	7	6	5	3	4	4	4	5	7	5	4
	9	12	10	12	12	11	11	10	8	5	14	11	13	14	11	11	12	8	6	5	11	10	9	16	14	16	14	7	8	8	18	9	12	15	14	10	11	9	8	3	15	10	12	9	10	9	10	8	8	7	13	11	10	6	8	8	8	9	8	7	5	9	6	8	6	9	6	6	6	11	6	8	6	6	6	4	7	8	9	9	6	6	6	6	6	5	5	4	6	8	6	6	3	4	4	4	5	7	5	4
	9	12	11	13	12	11	11	10	8	5	15	11	13	14	11	11	12	8	6	6	11	10	10	17	14	16	14	7	8	8	18	10	12	15	14	10	11	9	8	3	15	10	12	9	10	9	10	8	8	7	13	11	10	6	8	8	8	9	8	7	5	9	6	8	6	9	6	6	6	11	6	8	6	6	6	4	7	8	10	9	6	6	6	6	6	5	5	4	6	8	6	6	4	4	4	4	5	7	5	5
	10	12	11	13	13	11	11	10	8	6	15	12	14	15	11	11	12	8	6	6	11	10	10	17	14	16	14	7	8	8	18	10	13	15	14	10	11	9	8	3	15	10	12	9	10	9	10	8	8	7	13	11	10	6	8	8	8	9	8	7	5	9	6	8	6	9	6	6	6	11	6	8	6	6	6	4	7	9	10	9	6	6	7	6	6	5	5	4	6	8	6	6	4	4	4	4	5	7	6	5
	10	13	11	13	13	11	11	10	9	6	16	12	14	15	12	11	12	8	6	6	11	10	11	17	15	16	14	7	8	8	18	10	13	15	14	10	11	9	8	3	15	10	12	10	10	9	10	8	8	7	13	11	10	6	8	8	8	9	8	7	5	9	6	8	6	9	6	6	6	11	6	8	7	6	6	4	8	9	10	9	6	6	7	6	6	5	5	4	7	8	6	6	4	4	4	4	5	7	6	5
	10	13	12	13	13	11	11	10	9	6	16	12	14	15	12	11	12	8	7	6	11	11	11	17	15	17	14	7	8	8	18	10	14	15	15	10	11	9	8	3	15	10	12	10	10	9	10	8	8	7	13	11	11	6	8	8	8	9	8	7	5	9	6	8	6	9	6	6	6	11	6	8	7	6	6	4	8	10	10	9	6	6	7	7	6	5	6	4	7	8	6	6	4	4	4	4	5	7	6	5
	10	13	12	14	13	11	11	10	9	6	16	12	14	15	12	11	12	9	7	6	11	11	11	17	15	17	14	7	8	8	19	10	14	15	15	11	11	9	8	3	15	10	13	10	10	10	10	8	8	7	13	11	11	6	8	8	8	9	8	7	5	9	6	9	6	9	6	6	6	11	6	8	7	6	6	4	9	10	10	9	6	6	7	7	6	6	6	4	7	8	6	6	4	5	4	4	5	7	6	5
	10	13	12	14	14	11	11	10	9	6	16	12	14	15	12	11	13	9	7	6	11	11	11	17	15	17	14	7	8	8	19	10	14	15	15	11	11	9	8	3	16	11	13	10	10	10	11	8	8	7	13	11	11	7	8	9	8	9	8	7	5	9	6	9	6	9	6	6	6	11	6	8	7	6	7	4	9	10	10	9	6	6	7	7	6	6	7	4	7	8	6	6	4	5	5	4	5	7	6	5
	10	13	12	14	14	11	11	10	9	6	16	12	14	15	13	11	13	9	7	6	11	11	11	17	15	17	14	8	8	8	20	10	14	15	15	11	11	9	8	3	16	11	13	10	11	10	11	9	8	7	14	11	11	7	9	9	8	9	8	7	5	9	6	9	6	9	6	6	6	11	6	8	7	6	8	5	9	10	10	9	6	6	7	7	6	6	7	4	7	8	6	6	4	5	5	5	5	7	6	5
	10	13	12	14	14	11	11	10	9	6	16	12	14	15	13	11	13	9	7	6	12	11	11	17	15	18	14	8	8	8	20	10	14	16	15	11	12	10	8	3	16	11	13	10	11	10	11	9	8	7	14	11	11	7	10	9	8	9	8	7	6	9	6	9	6	10	6	6	6	11	6	8	7	6	8	6	9	10	10	9	6	6	7	7	6	6	8	4	7	8	6	6	4	5	5	5	5	7	6	5
	10	13	12	14	14	11	11	10	9	6	17	12	14	15	13	11	13	9	7	6	12	11	11	18	15	18	15	8	8	8	20	10	14	16	15	12	12	10	8	3	16	11	13	10	12	10	11	9	9	7	14	11	11	7	10	9	8	9	8	7	6	9	6	9	6	10	7	6	6	11	7	8	7	6	8	6	10	10	10	9	6	6	7	7	6	6	8	4	7	8	6	6	4	5	5	5	6	7	6	5
	10	13	12	14	14	11	11	10	9	6	17	13	14	15	13	12	13	9	7	6	12	11	12	18	15	18	15	8	8	8	20	10	14	17	16	12	12	10	8	3	16	11	13	10	12	10	11	9	9	8	14	11	11	7	10	9	8	9	8	7	6	9	6	9	6	10	7	7	6	11	7	8	7	6	8	6	10	11	10	9	7	6	7	7	6	6	8	5	7	8	6	6	4	5	5	5	6	7	6	5
	10	13	13	14	14	12	11	10	9	6	17	13	14	15	13	12	13	9	7	6	12	11	12	19	16	18	15	8	8	8	20	11	14	17	16	12	12	10	8	4	16	11	13	10	12	10	11	9	9	8	14	11	11	7	10	9	9	9	8	7	6	9	6	9	6	10	7	7	6	11	7	8	7	6	8	6	10	11	11	9	7	7	7	7	6	6	8	5	7	8	6	6	4	5	5	5	6	8	6	5
	10	13	13	15	15	12	11	10	9	6	17	13	14	16	13	12	13	9	7	6	12	11	13	19	16	18	15	8	8	8	20	11	15	17	16	12	12	10	9	4	16	11	13	10	12	10	11	9	9	8	14	11	11	7	10	9	9	10	8	7	6	9	6	9	6	10	7	7	6	11	7	9	7	6	8	6	10	11	11	10	7	7	7	7	6	6	8	5	7	8	6	6	4	5	5	5	6	8	7	5
	10	13	14	15	15	12	11	10	9	6	17	13	15	16	14	12	13	9	7	6	12	12	13	19	16	18	15	8	9	8	20	11	15	17	16	12	12	10	9	4	16	11	13	11	12	10	11	9	9	8	14	11	11	7	10	9	9	10	8	7	6	10	6	9	6	10	7	7	7	12	7	9	7	6	8	6	10	11	11	10	7	7	7	7	6	6	8	5	7	9	6	6	4	5	5	5	6	8	7	5
	10	14	14	15	15	12	11	10	9	6	17	13	15	16	14	12	13	9	7	6	12	12	14	19	16	19	15	8	9	9	21	11	15	17	16	12	12	10	9	4	16	11	13	11	12	10	11	9	9	8	15	11	12	7	10	9	9	10	9	8	6	10	6	9	6	10	7	7	7	12	7	9	7	6	8	6	10	11	11	11	7	7	7	7	6	6	8	5	7	9	6	6	4	5	5	5	6	8	7	5
	11	14	14	15	15	12	11	10	9	6	17	13	15	16	14	12	13	9	7	7	12	12	14	19	16	19	15	8	9	9	21	12	15	17	16	13	12	10	9	4	17	12	13	11	12	10	11	9	9	9	15	11	12	7	10	9	9	10	10	8	6	10	7	9	6	10	7	7	7	13	7	9	7	6	8	6	10	11	11	11	7	7	7	7	6	6	8	5	7	9	6	6	4	5	5	5	6	8	7	5
	11	14	14	15	15	12	11	10	9	7	18	13	15	16	14	12	13	9	7	7	12	12	14	19	16	19	15	8	9	9	21	12	15	17	16	13	12	10	10	4	17	12	14	11	12	11	11	9	10	9	16	12	13	7	10	9	9	10	10	8	6	10	7	9	6	10	7	7	7	13	7	9	7	6	8	6	10	11	12	11	7	7	7	7	6	6	8	5	7	9	6	6	4	5	5	5	6	8	7	5
	11	14	14	15	15	12	11	10	10	7	18	13	15	16	14	12	13	9	7	7	12	13	14	19	16	19	15	8	10	9	21	12	16	17	16	13	12	11	10	4	17	12	14	12	12	11	12	9	10	9	16	12	13	7	10	9	9	10	10	8	7	11	7	9	6	10	7	7	7	13	7	9	7	6	8	6	10	11	12	11	7	7	7	7	6	6	8	5	8	9	6	6	4	5	5	5	6	8	7	5
	11	14	14	15	15	12	11	11	10	7	18	13	15	16	14	12	13	10	7	7	12	13	14	19	16	19	15	9	10	9	21	13	17	18	16	14	12	11	10	4	17	12	14	12	12	11	12	9	10	9	16	13	13	7	10	9	9	10	10	8	7	11	7	9	6	10	7	7	7	13	8	9	7	6	8	6	10	11	12	11	7	7	7	7	6	6	8	6	8	9	6	6	4	5	5	5	6	8	7	5
	11	14	14	15	15	12	12	11	10	7	18	13	15	16	14	12	13	10	8	7	12	13	14	20	16	20	16	9	10	9	22	13	17	18	16	14	12	11	10	4	17	13	14	12	13	11	12	9	10	9	16	13	13	7	10	9	9	10	10	8	7	11	7	9	6	10	7	7	7	13	8	9	7	6	8	6	10	11	12	11	8	7	7	7	6	6	9	6	8	9	6	6	4	5	5	5	6	8	7	5
	11	14	14	15	15	12	12	11	10	7	18	13	15	16	15	13	14	10	8	7	13	13	14	20	17	20	16	9	10	10	22	14	17	18	16	14	12	11	10	4	17	13	14	12	13	12	12	9	10	9	16	13	13	7	10	9	9	10	10	8	7	11	7	9	6	10	7	7	7	13	8	9	7	6	8	7	10	11	12	11	8	7	7	7	6	6	9	6	8	9	7	6	4	5	5	5	6	8	7	5
	11	14	14	15	16	13	12	11	10	7	19	13	15	16	15	13	14	11	8	7	13	13	15	20	17	20	16	9	10	10	22	14	17	18	17	14	12	11	10	5	17	13	14	12	13	12	13	9	10	9	16	13	13	7	10	9	9	10	10	8	7	11	7	9	6	10	7	7	7	13	8	9	7	6	8	7	11	11	12	11	8	8	7	7	6	6	9	6	8	9	7	6	4	5	5	5	6	8	7	5
	11	14	14	16	16	13	13	11	10	7	19	14	15	16	15	13	14	11	9	7	13	13	15	21	17	20	16	9	10	10	22	14	17	18	17	14	12	11	10	5	17	13	14	12	14	12	13	9	10	10	16	13	13	7	10	9	10	10	10	8	7	11	7	9	6	10	7	7	7	13	8	10	7	6	8	7	11	12	12	11	8	8	7	7	6	6	9	6	8	9	7	6	4	5	5	5	6	8	7	5
	11	14	14	16	16	13	13	12	10	7	19	14	16	17	15	13	14	11	9	7	13	13	15	21	18	20	16	9	10	11	22	14	17	18	17	14	12	11	10	5	17	13	14	12	14	12	13	9	10	10	16	13	13	8	10	9	10	11	10	9	7	12	7	9	6	10	7	7	7	13	8	10	7	6	8	7	11	12	13	11	8	8	7	7	6	6	9	6	8	9	7	6	4	5	5	5	6	8	7	5
	11	14	15	16	16	13	13	12	11	7	19	14	16	17	16	13	14	11	9	7	13	13	15	21	18	20	16	9	10	11	22	14	17	18	18	14	12	11	10	6	17	13	14	12	14	12	13	10	10	10	17	13	13	8	10	9	10	11	10	9	7	12	7	9	7	10	7	7	7	14	8	10	7	6	8	7	11	12	13	12	8	8	7	7	6	6	9	6	8	9	7	6	4	5	5	5	6	8	7	5
	11	15	15	16	16	13	13	12	11	7	19	14	16	17	16	13	14	11	10	7	13	13	15	21	18	21	16	9	10	11	22	14	17	18	18	14	13	11	10	6	18	13	14	12	15	12	13	10	10	11	17	13	13	8	11	9	10	11	10	9	7	12	7	9	7	10	7	7	8	14	8	10	7	6	8	7	11	12	13	12	8	8	7	7	6	6	9	6	8	10	7	6	4	5	5	5	6	8	7	5
	12	15	15	16	16	13	13	12	11	7	19	14	16	17	16	13	14	11	10	7	13	13	15	21	18	21	16	9	10	12	23	14	17	18	19	15	13	11	10	6	18	13	14	12	15	13	13	10	10	11	17	13	13	8	11	10	10	11	10	10	7	12	7	9	7	10	7	8	8	14	8	10	7	6	8	7	11	12	13	12	8	8	7	7	6	6	9	6	8	10	7	6	4	5	5	5	6	8	7	6
	12	15	15	16	16	13	13	12	11	7	20	14	16	17	16	13	14	11	10	7	14	13	15	21	19	21	16	9	10	12	23	14	17	18	20	15	13	11	10	7	18	13	14	12	15	13	14	10	10	11	17	13	13	8	11	10	10	11	10	10	7	12	7	9	7	11	8	8	8	15	8	10	7	6	8	7	11	12	13	12	8	8	7	7	6	6	9	6	8	10	7	6	4	5	5	5	6	8	8	6
	12	15	15	16	16	13	13	12	11	7	20	15	16	18	16	13	14	11	10	7	14	14	15	21	19	21	16	9	10	12	23	14	17	19	20	16	13	11	10	7	18	13	14	12	15	13	14	10	10	12	17	13	13	8	11	10	10	11	10	10	7	12	7	9	7	11	8	8	8	15	8	10	7	6	9	8	11	12	14	12	8	8	7	7	6	6	9	6	8	10	7	6	4	5	5	5	6	9	8	6
	12	15	15	16	17	13	13	12	11	7	20	15	16	18	16	13	14	11	10	7	14	14	16	21	19	22	16	9	10	12	23	15	17	19	20	16	13	11	10	7	18	13	14	13	15	13	14	10	10	12	17	13	13	8	11	10	10	11	10	11	7	12	7	9	7	11	8	8	8	15	8	10	7	7	9	8	11	12	14	12	8	8	7	7	6	7	9	6	9	10	7	6	4	5	5	5	7	9	8	6
	12	15	15	16	17	14	13	12	11	7	20	15	16	18	16	13	14	11	10	7	14	14	16	21	20	22	16	9	10	12	23	15	18	19	20	16	13	11	10	7	18	13	15	13	15	13	14	10	10	12	17	13	14	8	11	10	10	11	10	11	7	12	7	9	7	11	8	8	8	16	8	10	8	7	9	8	11	13	14	12	8	8	7	7	7	7	9	7	9	10	7	6	4	5	5	5	7	9	8	6
	12	15	15	16	17	14	14	12	11	7	20	15	16	18	16	13	14	11	10	7	14	14	16	22	20	22	16	9	10	12	23	15	18	20	20	16	13	11	10	7	18	14	15	13	15	13	14	10	10	12	17	13	14	8	11	10	10	11	10	11	7	12	7	10	7	11	8	9	8	16	8	10	8	8	9	8	12	13	15	12	8	8	8	7	7	7	9	7	9	10	7	6	4	5	5	5	7	9	8	6
	12	15	15	16	17	14	14	13	11	7	20	15	16	19	16	13	14	11	10	7	14	14	16	22	20	22	16	9	10	12	23	15	18	20	20	16	13	11	10	7	19	14	15	13	16	13	14	10	10	12	17	13	14	8	11	10	11	11	10	11	7	12	7	10	7	11	8	9	8	16	8	10	9	8	9	8	12	14	15	12	8	9	8	8	7	7	9	7	10	10	7	6	4	5	5	5	7	9	8	6
	12	15	15	16	18	14	14	13	12	7	20	15	16	19	16	13	14	11	10	7	14	14	16	22	20	22	16	9	10	12	23	15	18	20	20	16	13	11	10	7	19	14	15	13	16	13	14	11	10	12	18	13	14	9	11	10	11	11	10	11	7	12	7	10	7	11	8	9	8	16	9	10	9	8	9	8	12	14	16	12	8	9	9	8	7	7	9	7	10	11	7	6	5	5	5	5	7	9	8	6
	12	15	15	16	18	15	14	13	12	7	20	15	16	19	16	13	14	11	11	7	14	14	16	22	20	22	16	9	10	12	23	15	18	20	20	16	13	11	10	7	19	14	15	13	16	13	14	11	10	12	18	13	14	9	11	10	11	12	10	11	8	12	7	11	7	11	8	9	8	16	9	11	9	8	9	8	12	14	16	13	9	9	9	8	7	7	9	7	10	11	7	6	5	6	5	5	7	9	8	7
	12	15	15	16	18	15	15	13	12	7	20	15	16	19	16	13	14	12	11	7	14	14	16	22	20	22	16	9	10	12	23	15	18	20	20	16	13	11	10	7	19	14	15	13	16	13	14	11	10	12	18	13	14	9	11	10	11	12	10	11	8	12	8	11	7	11	8	9	9	17	10	11	10	8	9	8	12	14	16	13	9	9	9	8	7	7	9	7	10	11	8	6	5	6	6	5	7	9	9	7
	12	15	15	16	18	15	15	14	12	7	20	15	16	19	16	13	15	12	11	7	14	14	16	22	20	22	16	9	10	12	23	15	18	20	20	16	13	11	10	7	19	14	15	13	16	13	14	11	10	12	18	14	14	9	11	10	11	12	11	11	8	12	8	11	7	11	8	10	9	17	10	11	10	9	9	8	12	14	16	13	10	9	9	8	7	7	9	7	10	11	8	7	5	6	6	6	7	10	9	7
	12	15	15	16	18	15	16	14	12	7	20	15	16	19	16	13	15	12	11	7	14	14	16	22	20	22	16	10	10	12	23	15	18	20	20	16	13	11	10	7	19	15	15	13	16	13	14	11	11	12	18	14	14	9	11	10	11	12	11	11	8	12	8	11	8	11	9	10	9	17	10	11	10	9	9	8	12	14	16	13	10	9	9	8	7	7	9	8	10	11	9	7	6	6	6	6	8	10	9	7
	12	15	15	16	18	15	16	14	12	7	20	15	16	19	16	14	15	12	11	7	14	14	16	22	20	22	16	10	11	12	24	15	18	20	20	16	13	12	10	7	19	15	15	13	16	13	14	11	11	12	18	14	14	9	12	11	11	12	11	11	8	12	8	11	8	11	9	10	9	17	10	11	10	9	9	8	13	14	16	13	10	10	9	9	7	7	10	8	10	11	9	7	6	6	6	6	8	10	9	7
	12	15	15	16	18	15	16	14	12	7	20	15	16	19	17	14	15	13	11	7	14	14	16	22	20	22	16	10	11	12	24	16	18	20	20	16	13	12	11	7	19	15	15	13	16	14	14	11	11	12	18	14	14	9	12	11	11	12	11	11	8	12	8	11	8	12	10	10	9	17	10	12	10	9	9	9	13	14	16	13	10	10	9	9	8	7	10	8	10	11	9	7	6	6	6	6	8	10	9	7
	12	15	15	16	18	15	16	14	12	7	20	15	16	19	17	14	16	13	11	7	14	14	16	22	21	22	16	10	11	12	24	16	19	20	20	16	13	12	11	7	19	15	15	13	16	14	15	11	11	13	18	14	14	9	12	11	12	12	11	11	8	13	8	11	9	12	10	10	9	17	10	12	10	9	10	9	13	14	16	13	10	10	9	9	8	8	10	8	10	11	9	7	6	6	6	6	8	10	9	7
	12	15	15	16	18	15	16	14	12	7	20	15	16	19	17	15	16	13	11	7	14	14	16	23	21	22	16	10	11	12	24	16	19	21	20	16	14	12	11	7	19	15	15	13	16	14	15	12	11	13	19	14	14	10	12	11	12	12	11	12	8	13	8	11	9	12	10	10	9	17	10	12	10	10	10	9	13	14	16	13	10	10	9	9	8	8	10	8	10	11	9	7	6	6	7	6	8	10	9	7
	12	15	15	16	18	15	16	14	12	7	20	15	17	19	18	15	16	13	11	7	14	14	16	23	21	22	17	10	11	12	24	16	19	21	21	16	14	13	11	7	20	15	15	14	16	14	15	12	11	13	19	14	14	10	12	11	12	12	11	12	8	13	8	12	9	12	10	10	9	18	10	12	10	10	10	9	13	14	16	13	10	10	9	9	8	8	10	8	10	11	9	7	6	7	7	6	8	10	9	7
	12	15	15	17	19	15	16	14	12	7	20	15	17	19	18	16	16	13	11	7	14	14	16	23	21	22	17	11	11	12	25	16	19	22	21	16	14	13	11	7	20	15	15	14	16	15	15	12	11	13	19	14	15	10	12	11	12	12	11	12	8	13	8	12	9	12	10	10	9	18	10	12	10	10	10	9	13	14	16	14	10	10	9	9	8	8	10	8	10	11	9	7	7	7	7	6	8	10	9	7
	12	15	16	17	19	16	16	14	12	7	20	15	17	20	18	16	17	13	11	7	15	14	16	23	21	22	17	11	11	12	25	16	19	22	22	16	14	13	11	7	20	15	15	14	16	15	15	12	11	13	19	15	15	10	13	11	12	12	11	12	8	13	8	12	9	12	10	10	9	18	10	12	10	10	10	9	13	14	16	14	10	10	10	9	8	8	10	8	10	12	9	7	7	7	7	6	8	10	9	7
	12	16	16	17	20	16	17	14	12	7	21	15	17	20	18	16	17	13	11	7	15	14	16	23	22	22	17	11	11	12	25	16	19	22	22	16	14	13	11	7	20	16	15	14	16	16	15	12	11	13	19	15	15	10	13	11	12	12	11	12	8	13	8	12	10	12	10	10	9	18	10	12	10	10	10	9	13	14	16	14	10	11	10	9	8	8	10	8	10	12	9	7	7	7	7	6	8	10	9	8
	13	16	16	18	20	17	17	14	12	7	21	16	17	20	18	16	17	13	11	7	15	14	16	23	22	22	17	11	11	12	25	16	19	22	23	16	14	13	11	7	21	16	15	14	16	16	16	12	11	13	19	15	15	10	13	11	12	12	11	12	8	13	8	12	10	13	10	10	9	18	11	12	10	10	10	9	13	14	16	14	10	11	10	9	8	8	10	8	10	12	9	7	7	7	7	6	8	10	10	8
	13	17	17	18	21	17	17	14	12	7	21	16	17	20	18	16	17	13	11	7	15	14	17	23	22	22	17	11	11	12	25	16	19	22	23	16	15	13	11	7	21	16	15	14	16	17	16	12	11	13	20	15	15	10	14	11	12	12	11	12	9	13	8	12	10	13	10	10	9	18	11	12	10	10	10	9	13	14	16	14	10	11	10	9	8	8	10	8	10	12	9	7	7	7	7	6	8	11	10	8
	13	17	17	19	21	17	17	14	12	7	21	17	18	20	18	16	17	13	11	7	15	14	17	24	22	22	18	11	11	12	25	16	19	22	23	16	15	13	11	7	21	16	15	14	17	17	17	12	11	13	20	16	15	10	14	11	12	12	11	12	9	14	8	12	10	13	10	10	9	18	11	12	10	10	10	9	13	14	16	14	10	11	10	9	8	8	10	8	10	12	9	7	7	7	7	6	9	11	10	8
	13	17	17	19	22	17	17	14	12	7	21	17	18	21	18	16	17	13	11	7	15	15	18	24	22	23	18	11	11	12	25	16	19	23	23	17	15	13	11	7	21	16	16	14	17	17	17	12	11	13	20	16	15	10	14	11	12	12	11	12	9	14	8	12	10	13	10	10	9	18	11	13	10	10	10	9	13	14	16	14	10	11	10	9	8	8	11	8	10	12	9	7	7	7	7	6	9	11	10	8
	13	17	17	19	22	17	17	14	12	7	21	17	18	21	19	16	17	13	11	7	15	15	18	24	23	23	18	11	11	12	26	17	20	23	24	18	15	13	11	7	21	16	16	15	17	17	17	12	11	13	20	16	15	10	14	11	12	12	11	12	9	14	8	12	10	13	10	10	9	18	11	13	11	10	10	10	13	14	16	14	10	11	10	9	8	8	11	8	10	12	9	7	7	7	7	6	9	11	10	8
	13	17	17	19	22	17	17	14	12	7	21	17	18	21	19	17	17	13	11	7	16	15	18	25	23	24	18	11	11	12	26	17	20	24	25	18	15	13	11	7	21	17	16	15	17	17	17	12	11	13	20	16	16	10	14	11	12	12	11	12	9	14	9	12	10	13	10	10	9	18	11	13	11	10	10	10	14	14	16	14	10	11	10	9	8	8	11	8	10	12	9	7	7	7	7	6	9	11	10	8
	13	17	17	19	22	17	17	14	12	7	21	17	19	21	19	17	18	13	11	7	16	15	18	25	23	24	19	11	11	12	27	17	20	24	25	18	15	13	11	7	22	17	17	15	18	18	17	12	11	13	20	16	16	10	14	11	12	12	11	12	9	14	9	13	10	13	10	10	9	18	11	13	11	10	10	10	14	15	16	14	10	11	10	9	8	8	11	8	10	12	9	7	7	7	7	6	9	11	10	8
	13	17	18	19	22	17	17	15	12	7	21	17	19	21	19	17	18	13	11	7	16	16	18	25	23	24	19	12	11	12	27	18	20	24	25	18	15	13	11	7	22	17	17	15	18	18	17	12	11	13	21	16	16	11	14	12	12	12	11	12	9	14	9	13	10	13	10	10	9	18	11	13	11	11	10	10	14	15	17	14	10	11	10	9	8	8	11	8	10	12	9	7	7	7	7	6	9	11	10	8
	13	18	18	19	22	17	17	15	13	7	22	17	19	21	19	17	18	13	11	7	16	16	19	25	23	24	19	12	12	12	27	18	20	24	25	18	15	13	11	7	22	17	17	15	18	18	17	12	11	13	21	16	16	11	14	12	12	12	11	12	10	14	9	14	10	13	11	10	9	18	11	13	11	11	10	10	14	15	17	15	10	11	10	10	8	8	11	8	10	12	9	7	7	7	7	6	9	11	10	8
	14	18	18	19	22	17	17	15	13	8	22	18	19	21	19	17	18	14	11	7	16	16	19	26	23	24	19	12	12	12	27	18	20	24	25	18	15	13	11	7	22	17	17	15	18	18	17	12	11	13	21	16	16	11	14	12	12	12	11	12	10	14	9	14	10	13	11	11	9	19	12	13	12	11	10	10	14	15	17	15	10	11	10	10	9	8	11	8	10	12	9	7	7	7	7	6	9	11	10	8
	14	19	18	19	22	17	17	16	13	8	22	18	19	21	19	17	18	14	12	7	16	16	20	26	23	24	19	12	12	12	27	18	20	25	25	18	15	13	11	7	22	17	17	15	18	18	17	12	11	13	21	16	16	11	14	12	12	12	11	12	10	14	10	14	10	13	11	11	10	19	12	13	12	11	10	10	14	16	17	15	11	11	10	10	9	9	11	8	10	12	9	7	7	7	7	6	9	11	10	8
	14	19	18	19	22	17	18	16	13	8	22	19	19	21	19	17	18	14	12	8	16	16	20	27	24	24	19	12	12	12	27	18	20	25	25	18	15	13	11	7	22	17	17	15	18	18	17	12	11	13	21	16	17	11	14	12	12	13	11	12	10	14	10	14	10	13	11	11	10	19	12	13	12	11	10	10	15	16	17	15	11	11	10	10	9	9	11	8	10	12	10	7	7	7	7	7	9	11	10	8
	14	19	18	19	22	18	18	16	13	8	22	19	19	22	19	17	18	14	12	8	16	17	20	27	24	25	19	12	12	13	27	18	20	25	25	18	15	13	11	7	22	17	18	15	18	18	17	12	12	13	21	16	17	11	14	12	12	13	11	12	10	14	10	14	10	13	11	11	10	19	12	13	12	11	10	11	15	16	17	15	11	11	10	10	9	9	11	8	10	12	10	8	7	7	7	7	10	11	10	8
	14	19	18	20	23	18	18	16	13	8	22	19	19	22	19	18	18	14	12	8	16	17	20	27	24	25	19	12	12	13	28	18	21	25	25	18	15	13	12	7	22	17	18	15	18	18	17	12	12	13	21	16	17	11	14	12	12	13	12	12	10	14	10	14	10	14	11	11	10	19	12	13	12	11	10	11	15	16	17	15	11	11	10	10	9	9	12	8	10	12	10	8	8	7	7	7	10	11	10	8
	14	19	18	20	23	18	18	16	13	8	22	19	20	22	20	18	19	14	12	8	16	17	21	27	24	25	19	12	13	13	28	18	21	25	25	18	15	13	12	7	23	17	18	15	18	18	17	12	12	13	21	16	17	11	15	12	12	13	12	12	10	14	10	14	10	14	11	11	10	20	12	13	12	11	10	12	15	16	17	15	11	11	10	11	9	9	12	8	10	12	10	8	8	7	7	7	10	11	10	8
	14	19	19	20	23	18	18	17	13	8	22	19	20	22	20	18	19	15	12	8	16	18	21	27	24	26	19	12	13	13	28	18	21	25	25	18	15	13	12	7	23	17	18	15	19	18	17	12	12	13	22	16	17	11	15	12	12	13	12	12	10	14	10	14	10	14	12	11	10	20	12	13	13	11	10	12	15	16	17	16	11	11	10	11	9	9	12	8	10	12	10	8	8	7	7	7	10	11	10	8
	14	20	19	20	23	18	19	17	13	8	22	19	20	22	20	18	19	15	12	8	17	18	21	27	24	26	19	13	13	13	28	18	21	26	25	19	15	13	12	7	23	17	18	15	19	18	17	12	12	13	22	16	17	11	15	13	12	13	12	12	11	14	10	14	10	14	12	11	10	20	12	13	13	12	10	12	15	16	17	16	11	11	10	11	9	9	12	8	10	13	10	8	8	7	7	7	10	11	10	8
	15	20	19	20	23	19	19	17	13	8	22	19	20	22	20	18	19	15	12	8	17	19	21	27	24	26	19	13	13	13	28	18	21	26	25	19	16	14	12	7	23	17	18	16	19	18	18	12	12	13	22	16	17	11	15	13	12	13	12	12	11	14	10	15	10	14	12	11	10	20	13	13	13	12	10	12	15	16	17	16	11	11	10	11	9	9	12	8	11	13	10	8	8	7	7	7	10	11	10	8
	15	20	19	20	23	19	19	17	13	8	23	19	20	22	21	18	19	15	12	8	17	19	22	27	24	26	19	13	13	13	28	18	21	26	25	19	16	14	12	7	23	17	18	16	19	18	18	13	13	13	22	16	18	11	15	13	13	13	12	12	11	14	11	15	10	14	12	11	10	20	13	13	13	12	10	12	15	16	17	16	12	11	10	11	9	9	12	9	11	13	10	8	8	7	7	7	10	11	10	8
	15	20	19	20	23	19	19	17	13	8	23	19	20	22	21	18	19	15	12	8	18	19	22	28	25	26	19	13	13	13	28	18	21	26	25	19	16	14	12	7	23	17	18	16	19	18	19	13	13	14	22	16	18	12	15	13	13	14	12	12	11	14	11	15	10	14	12	11	10	20	13	14	13	12	10	12	15	16	17	16	12	11	10	11	9	9	12	9	11	13	11	8	8	7	7	7	10	12	10	8
	15	20	19	20	23	19	19	17	13	8	23	19	20	23	21	18	19	15	12	8	18	19	22	28	25	26	19	13	13	13	29	18	21	27	25	20	16	14	12	8	23	17	18	16	19	18	19	13	14	14	22	16	18	12	15	13	13	14	12	12	11	14	11	15	11	14	12	11	10	20	13	14	13	12	10	12	15	16	17	16	12	12	11	11	9	9	12	9	11	13	11	8	8	7	7	7	10	12	11	8
	15	20	19	20	24	19	19	17	13	8	23	19	20	23	21	18	19	15	12	8	18	19	22	28	25	27	19	13	13	14	29	18	21	27	25	20	16	14	12	8	23	18	18	17	19	18	19	13	14	15	22	16	18	12	15	13	13	14	12	12	11	14	11	15	11	14	12	11	10	20	14	14	13	12	11	12	15	16	17	16	12	12	11	11	9	9	12	9	11	14	11	9	8	7	7	7	10	12	11	8
	15	20	19	21	24	19	19	17	13	8	23	19	20	23	22	18	19	15	13	8	18	19	22	28	25	27	19	13	13	14	29	18	21	27	25	20	16	14	12	9	23	18	18	17	20	18	19	13	14	15	23	16	18	12	15	13	13	14	12	12	11	15	11	15	11	15	12	11	10	20	14	14	13	12	11	12	15	16	18	16	12	12	11	11	9	9	12	9	11	14	11	9	9	7	7	7	10	12	11	8
	15	20	20	21	25	19	19	17	14	8	23	19	20	23	22	18	19	15	13	8	18	19	22	28	25	27	19	13	13	15	29	18	21	27	25	20	16	14	12	9	23	18	18	17	20	18	19	13	14	15	23	17	18	12	16	13	13	14	12	12	11	16	11	15	11	16	12	11	10	20	14	14	13	12	11	12	15	16	18	17	12	12	11	11	9	9	12	9	11	14	11	9	9	8	7	7	10	12	11	8
	15	21	20	21	25	19	19	17	14	9	23	19	20	24	22	18	19	15	14	8	18	19	22	28	25	27	19	13	13	15	29	18	21	27	25	20	16	14	12	9	23	18	19	17	20	19	19	13	14	15	24	17	18	12	16	14	13	14	12	12	11	16	11	15	11	16	12	11	10	21	14	14	13	12	11	12	15	16	18	17	12	12	11	11	10	9	12	9	11	14	11	9	9	8	7	7	10	12	11	8
	15	21	20	21	25	19	19	17	15	9	23	20	21	24	22	18	19	15	14	9	18	19	22	28	25	27	19	13	13	15	29	19	21	27	25	21	16	14	12	9	24	18	19	17	20	19	20	13	14	15	24	17	18	12	16	14	13	14	12	13	11	16	11	15	11	16	12	11	10	21	14	14	13	12	12	12	15	16	18	17	12	12	11	11	10	9	12	9	11	14	11	9	9	8	7	7	10	12	11	8
	15	21	20	21	25	19	19	18	15	9	23	20	21	24	22	18	19	15	14	9	18	20	23	29	25	27	19	13	13	16	30	19	21	27	26	21	17	14	12	9	24	18	19	17	20	19	20	13	14	16	24	17	18	12	16	14	13	14	12	13	11	16	11	15	12	16	12	11	10	21	14	14	13	12	12	12	15	16	18	17	12	12	11	11	10	9	12	9	11	14	11	9	9	8	7	7	10	12	11	8
	15	21	20	21	25	19	20	18	15	9	24	20	21	24	22	18	19	15	14	9	19	20	23	29	25	27	19	13	13	16	30	19	22	28	27	21	17	15	13	10	24	18	19	17	20	19	20	13	14	16	24	17	18	13	16	14	13	14	12	13	11	16	11	15	12	16	12	11	10	21	14	14	13	12	12	12	15	16	18	17	12	12	11	11	10	9	12	9	11	14	11	9	9	8	7	7	10	12	11	8
	16	21	20	21	25	20	20	18	15	9	24	20	21	24	22	18	19	15	14	9	19	20	23	29	26	28	19	14	14	16	31	19	22	28	27	21	17	15	13	10	24	18	19	18	20	19	20	13	14	17	24	17	18	13	17	14	13	14	12	13	11	16	11	15	12	16	12	11	10	21	14	14	13	12	12	12	15	16	18	17	12	12	11	11	10	9	12	9	11	14	11	9	9	8	7	7	10	12	11	8
	16	22	20	21	26	20	20	18	15	9	24	20	21	24	23	18	20	16	14	9	19	20	23	29	26	28	20	14	14	16	31	19	22	28	27	21	17	15	13	10	24	19	19	18	20	20	20	13	14	17	24	17	19	13	17	14	13	14	13	13	11	16	11	15	12	16	12	11	10	21	14	14	13	12	12	12	15	16	18	17	12	12	11	11	10	9	12	9	11	14	11	9	9	8	7	7	10	12	11	8
	16	22	21	22	26	20	21	19	15	9	24	20	21	24	23	19	20	16	14	9	19	20	23	29	26	28	20	14	14	16	31	19	22	28	28	22	17	15	13	10	24	19	19	18	20	20	20	13	14	17	24	18	19	13	17	14	13	14	13	13	11	16	11	16	12	16	12	11	10	22	14	14	13	12	12	12	15	16	18	17	12	12	11	11	10	9	12	9	11	14	11	9	9	8	7	7	10	12	11	8
	16	22	21	22	26	21	21	19	16	9	24	20	22	25	23	19	20	16	14	9	19	20	23	29	26	29	20	14	14	16	31	19	22	28	28	22	17	15	13	10	24	19	19	18	21	20	21	13	14	17	25	18	19	13	17	14	13	14	13	13	11	16	11	16	12	16	12	11	10	22	14	14	14	12	12	12	15	16	18	18	12	12	11	11	10	9	12	9	11	14	11	9	9	8	7	7	10	12	11	8
	16	22	21	22	27	21	21	19	16	10	24	21	22	25	23	19	20	16	14	9	19	20	23	30	26	29	20	14	14	16	31	19	22	28	28	23	17	15	13	10	25	19	19	19	21	20	21	13	14	17	25	18	19	13	17	14	14	14	13	13	11	16	12	16	12	16	12	11	10	22	14	14	14	12	12	12	15	16	18	18	12	12	11	11	10	9	12	9	11	15	11	9	9	8	7	7	10	12	11	8
	16	22	21	23	27	21	21	19	16	10	24	21	22	25	23	19	20	16	15	9	19	21	24	30	26	29	20	14	14	16	32	19	22	28	28	23	17	15	13	10	25	19	19	19	21	21	21	13	14	17	25	19	20	13	17	15	14	14	13	13	11	16	12	16	12	16	12	11	10	22	14	14	14	12	12	12	15	16	18	18	12	12	11	11	10	9	12	9	11	15	11	9	9	8	7	7	10	12	11	9
	16	22	22	23	27	21	21	19	16	10	25	21	22	25	23	19	20	16	15	10	19	21	24	30	26	29	20	14	14	16	32	20	23	28	28	23	17	15	13	10	25	20	20	19	22	21	21	13	14	17	25	19	20	13	18	15	14	14	13	13	11	16	12	16	12	16	12	11	10	22	14	14	14	12	12	12	15	16	18	18	12	12	11	11	10	9	12	9	11	15	11	9	9	8	7	7	10	12	12	9
	16	23	22	23	27	21	21	19	16	10	25	21	22	25	23	19	20	16	15	10	20	22	24	31	26	29	20	14	14	17	33	20	23	29	28	23	17	15	13	10	25	20	20	20	23	21	21	13	14	17	25	19	20	13	18	15	14	14	13	13	11	16	12	16	12	16	12	11	10	22	14	14	14	12	12	12	15	16	18	18	12	12	11	11	10	9	12	9	12	15	11	9	9	8	7	7	10	12	12	9
	17	23	22	23	27	21	21	19	16	10	26	22	22	26	23	19	20	16	15	10	20	22	24	31	27	29	20	14	14	17	33	20	23	29	28	23	17	15	14	10	26	20	20	20	23	21	21	13	14	17	25	19	21	14	18	15	14	14	13	13	11	16	12	16	12	16	12	11	10	22	14	14	14	12	12	12	15	17	18	18	12	12	11	11	10	9	12	9	12	15	11	9	9	8	7	7	10	12	12	9
	17	24	22	23	28	21	21	19	16	10	27	22	22	26	24	19	20	16	15	10	20	23	24	31	27	29	20	14	14	17	33	20	23	29	28	23	17	15	14	10	26	20	20	20	23	21	21	13	15	17	26	19	21	14	18	15	14	14	13	13	11	16	12	17	13	16	12	11	10	22	14	14	14	12	12	12	15	17	19	18	12	12	11	11	10	9	12	9	12	15	11	9	9	8	7	7	10	12	12	9
	18	24	23	24	28	22	21	19	16	10	27	22	22	26	24	19	20	16	15	10	20	23	25	31	27	29	20	14	14	17	33	20	23	29	28	23	17	15	14	10	26	20	20	20	23	21	21	13	15	17	26	20	21	14	18	15	14	14	14	13	11	16	12	17	13	16	12	11	10	22	14	14	15	13	12	12	15	17	19	19	12	12	11	11	10	9	12	9	12	15	11	9	9	8	7	7	10	12	12	9
	18	25	23	24	28	22	22	19	16	10	27	23	23	26	24	19	20	16	15	10	20	23	25	32	27	29	20	14	14	17	33	20	23	29	28	23	17	15	14	10	26	20	21	20	23	21	21	13	15	17	26	20	21	14	18	15	14	14	14	13	11	16	12	17	13	16	12	11	11	23	14	15	15	13	12	12	15	17	19	19	12	12	11	12	10	9	12	9	12	15	11	9	9	8	7	7	10	12	12	9
	18	25	23	24	28	22	22	20	16	10	28	23	23	27	24	19	20	16	15	10	20	24	25	32	27	29	20	14	14	17	33	20	24	30	28	23	17	15	14	10	26	20	21	20	23	21	21	13	15	17	26	20	21	14	18	15	14	15	14	14	11	16	12	17	13	16	12	11	11	23	14	15	15	13	12	12	15	17	19	19	12	13	12	12	10	9	12	9	12	15	11	9	9	8	7	7	10	12	12	9
	18	25	23	24	28	22	22	20	17	10	28	23	23	27	24	19	20	16	15	10	21	24	25	32	28	29	20	14	14	17	34	21	24	30	29	23	17	15	14	10	26	20	21	20	23	21	21	13	15	18	26	20	21	14	18	15	15	15	14	14	11	16	12	17	13	16	12	11	11	23	14	15	16	13	12	12	15	17	19	19	13	13	12	12	10	9	12	9	12	15	11	9	9	8	7	7	10	12	12	9
	18	25	23	24	28	22	22	20	17	11	29	23	23	27	24	19	20	16	15	10	21	24	25	32	28	30	20	14	14	17	34	21	24	30	29	24	17	15	14	11	27	21	21	20	23	21	21	13	15	18	26	20	21	14	18	15	15	15	14	14	11	16	13	17	13	16	13	11	11	23	15	15	16	13	12	12	15	17	19	19	13	13	12	12	10	9	12	9	12	15	11	9	9	8	7	7	10	12	12	9
	19	25	23	24	28	22	22	20	18	11	29	23	23	27	24	19	20	16	15	10	21	24	25	32	28	30	21	14	14	18	34	21	24	30	29	24	18	15	14	11	27	21	22	20	23	21	21	13	15	18	27	21	21	14	18	15	15	15	14	14	12	16	13	17	13	16	13	11	11	23	15	15	16	13	12	13	15	17	19	19	13	13	12	12	10	9	12	9	12	15	11	9	9	8	7	7	10	12	12	9
	19	26	23	24	28	22	22	21	18	11	29	23	23	27	24	19	20	16	15	10	21	24	25	32	28	30	21	15	14	18	34	21	24	30	29	24	18	15	15	11	27	21	22	21	23	21	21	14	15	18	27	21	22	14	18	15	15	15	14	14	12	17	13	17	13	17	13	11	11	23	16	15	16	13	12	13	15	17	19	19	13	13	12	12	10	9	12	9	12	15	11	9	9	8	7	7	10	12	12	9
	19	26	24	24	28	22	23	21	18	11	29	23	23	27	24	19	20	16	15	10	21	24	25	32	28	30	22	15	14	18	34	21	24	31	29	24	18	15	15	11	27	21	22	21	23	21	21	14	16	18	27	21	22	15	19	15	15	16	14	14	12	17	13	17	13	17	13	11	11	23	16	16	16	13	12	13	15	17	19	19	13	14	12	12	10	9	12	9	12	15	11	9	9	8	7	7	10	12	12	9
	19	26	24	25	28	23	23	21	18	11	29	23	23	27	24	19	20	16	15	10	21	24	25	33	28	31	22	15	14	18	34	21	24	31	29	24	18	15	15	11	27	21	22	21	24	22	21	14	16	18	27	21	22	15	19	15	16	16	15	14	12	17	13	17	13	17	13	11	11	23	16	16	16	13	12	13	15	17	19	19	13	14	13	12	10	9	12	9	12	15	12	9	9	8	7	7	10	12	12	9
	19	26	24	26	29	23	23	21	18	11	29	23	23	27	24	19	20	16	15	10	21	24	25	33	29	32	22	15	14	18	34	21	24	32	30	24	18	15	15	11	27	21	22	21	24	22	22	14	16	18	27	21	22	15	19	15	16	16	15	14	12	17	13	17	13	17	13	11	11	24	16	16	16	13	12	13	15	17	19	19	14	14	13	12	10	9	12	9	12	15	12	10	9	8	7	7	10	12	12	9
	19	26	24	26	29	23	23	21	18	11	29	23	24	28	25	20	20	16	15	10	21	24	25	33	29	32	22	15	14	18	34	21	25	32	30	25	18	15	15	11	27	21	22	21	24	23	22	14	16	18	27	21	22	15	19	15	16	16	15	14	12	17	13	17	13	17	13	11	11	24	17	16	16	13	12	13	15	17	19	20	14	14	14	12	10	9	12	9	12	15	12	10	9	8	7	7	10	12	12	9
	19	26	24	26	29	24	23	21	18	11	29	24	24	28	25	20	21	16	15	10	21	24	26	34	29	32	22	15	14	18	34	21	25	32	30	25	19	15	15	11	27	21	22	21	24	23	22	14	16	18	27	21	22	15	19	16	16	16	15	14	13	17	13	17	13	17	13	11	11	24	17	17	16	13	12	13	15	17	19	20	14	14	14	12	10	9	12	9	12	16	12	10	9	8	7	7	10	12	12	9
	19	26	24	26	29	24	24	21	18	11	30	24	24	28	25	20	21	17	15	10	21	25	26	34	29	32	22	15	14	18	34	21	25	33	30	25	19	16	15	11	27	21	22	21	24	23	22	14	16	18	28	21	22	15	19	16	16	16	15	14	13	18	13	17	13	17	14	11	11	24	17	17	16	13	12	13	15	17	19	20	14	14	14	12	10	9	12	9	12	16	12	10	9	8	7	7	10	12	12	10
	20	26	24	26	29	24	24	21	18	11	30	24	24	28	25	20	22	17	16	10	22	25	26	34	29	32	22	15	15	18	34	21	25	33	30	25	19	16	15	11	28	21	22	22	24	23	22	14	16	18	28	21	22	15	19	16	16	16	15	14	13	19	13	17	13	17	14	11	11	24	17	17	16	13	12	13	16	17	19	20	14	14	14	12	10	9	12	9	12	16	12	10	9	8	7	7	10	12	13	10
	20	27	24	26	29	24	24	21	18	11	30	24	24	28	25	20	22	17	16	11	22	25	26	34	29	32	23	15	15	19	35	21	25	33	30	25	19	16	15	11	28	22	23	22	24	23	22	14	16	18	29	21	22	15	19	16	16	16	15	14	13	19	13	17	13	17	14	11	11	24	17	17	16	13	12	13	16	17	19	20	14	14	14	12	10	9	13	9	12	16	12	10	9	8	7	7	10	13	13	10
	20	27	25	26	29	24	24	21	18	12	30	24	24	28	25	20	22	17	16	11	22	26	26	34	29	33	23	15	15	19	35	22	25	33	30	25	19	16	15	12	29	22	23	22	24	23	22	14	16	18	29	22	22	15	19	16	16	16	15	14	13	19	13	17	13	17	14	11	11	24	17	17	16	13	12	14	16	17	19	20	14	14	14	12	10	9	13	10	12	16	12	10	9	8	7	7	10	13	13	10
	20	27	25	27	29	24	24	21	19	12	30	25	24	28	25	20	22	17	16	11	22	26	27	34	30	33	23	15	15	19	36	22	25	33	30	25	19	16	15	12	29	22	23	22	24	23	22	14	16	19	29	22	23	15	19	16	16	16	15	14	13	19	13	17	13	18	14	11	11	24	17	17	16	13	12	14	17	17	19	20	14	14	14	12	10	9	13	10	12	16	12	10	9	8	7	7	10	13	13	10
	20	28	25	27	30	24	24	22	19	12	30	25	25	28	25	20	22	17	16	11	22	26	27	35	30	33	23	15	15	19	36	23	25	33	30	25	19	16	15	12	29	22	23	23	24	23	22	14	16	19	29	22	23	15	20	16	16	16	16	14	13	19	13	17	13	18	14	11	11	24	17	17	16	13	12	14	17	18	19	20	14	14	14	12	10	9	13	10	12	16	12	10	9	8	7	7	10	13	13	10
	20	28	26	27	30	25	25	22	19	12	30	26	25	29	25	20	22	17	16	11	22	26	27	35	30	33	23	15	15	19	36	23	26	33	30	25	19	16	15	12	29	22	23	23	25	23	22	14	16	19	29	22	23	15	21	16	16	16	16	14	13	19	13	17	13	18	14	11	12	24	17	17	16	13	12	14	17	18	20	20	14	14	14	12	10	9	13	10	12	16	12	10	9	8	7	7	10	13	13	10
	20	28	26	28	31	25	25	22	19	12	30	26	25	29	26	21	22	17	16	11	22	26	28	36	30	33	23	15	15	19	36	23	26	33	30	25	19	16	15	12	29	22	23	24	26	23	22	14	16	19	29	22	23	15	21	16	16	16	16	14	13	19	13	17	13	18	14	12	12	24	17	17	16	13	12	14	17	18	20	21	14	14	14	12	10	9	13	10	12	16	12	10	9	8	7	7	10	13	13	10
	20	28	26	28	31	26	25	22	19	12	30	26	26	30	26	21	23	17	16	11	22	26	28	36	30	34	23	15	15	19	36	23	27	34	30	25	19	16	15	12	29	22	24	24	26	23	22	14	16	19	29	22	23	15	21	16	16	16	16	14	13	19	13	17	13	18	15	12	12	25	17	17	16	13	12	14	17	18	20	21	14	14	14	12	10	9	13	10	12	16	12	10	9	8	7	7	10	13	13	10
	20	28	26	28	31	26	25	22	19	12	30	27	26	30	26	22	23	17	16	11	22	26	28	37	30	34	23	16	15	19	36	24	27	34	31	26	19	16	15	12	29	23	24	24	26	23	22	14	16	19	29	22	23	15	21	17	16	16	16	15	13	19	13	17	13	18	15	12	12	25	17	17	16	13	12	14	17	18	20	21	14	14	14	12	10	9	13	10	12	16	12	10	9	8	7	7	10	13	13	10
	20	28	26	28	31	26	25	22	19	12	31	27	26	30	26	22	24	17	16	11	22	27	28	37	30	34	23	16	15	19	36	24	28	34	31	26	20	16	15	12	30	23	24	24	26	24	23	14	16	20	29	22	23	15	21	17	16	16	16	15	13	19	13	17	13	19	15	12	12	25	17	17	16	13	12	14	17	18	20	21	14	14	14	12	10	9	13	10	12	16	12	10	9	8	7	7	10	13	13	10
	21	28	26	28	31	26	25	22	19	12	31	27	26	30	26	22	24	17	16	11	23	27	28	37	30	34	24	16	15	19	36	24	28	34	31	26	20	16	16	12	30	23	25	24	26	24	23	15	16	20	30	22	23	15	21	18	17	16	16	15	13	19	13	17	14	19	15	12	12	25	17	17	16	13	12	14	17	18	20	21	14	14	14	12	10	9	13	10	12	16	12	10	9	8	7	7	10	13	13	10
	21	29	26	28	31	26	25	22	19	12	31	27	26	30	26	22	24	17	16	11	23	27	28	37	30	35	24	16	15	19	37	24	28	34	31	26	20	16	16	12	30	24	25	24	26	24	23	15	17	20	30	22	23	15	21	18	17	17	16	15	14	19	13	18	14	19	16	13	12	25	17	17	16	13	12	14	17	18	20	21	14	14	14	12	10	9	13	10	12	16	12	10	9	8	7	7	10	13	13	10
	21	29	27	28	31	26	25	22	19	12	31	27	26	30	26	22	24	17	16	11	23	27	28	37	31	35	24	16	15	19	37	24	28	34	31	26	20	16	16	12	31	25	25	24	26	24	23	15	17	20	30	22	23	15	21	18	18	17	17	15	14	19	14	18	14	19	16	13	13	25	18	17	16	13	12	15	17	18	20	21	14	14	14	12	10	9	13	10	12	16	12	10	9	8	7	7	10	13	13	10
	21	29	27	29	31	26	25	22	19	12	31	27	26	30	26	22	24	17	16	11	23	27	28	38	31	35	24	16	15	19	38	24	28	34	31	26	20	16	16	12	31	25	25	24	26	24	24	15	17	20	31	23	23	15	21	18	18	17	17	15	14	19	14	18	14	19	16	13	13	26	18	17	16	13	13	15	17	19	20	21	14	15	14	12	10	9	13	10	12	16	12	10	9	8	7	7	10	13	13	10
	21	29	27	29	32	26	25	22	19	12	31	27	26	30	26	22	24	17	16	11	23	27	28	38	31	35	24	16	15	19	38	25	28	35	31	27	20	16	16	12	31	25	25	24	26	24	24	15	17	20	31	23	23	15	21	18	18	17	17	15	15	20	14	18	15	19	16	13	13	26	18	17	16	13	13	15	17	19	20	22	14	15	14	12	10	9	13	10	13	16	13	10	9	8	7	7	10	13	13	10
	21	29	27	29	32	26	25	22	19	12	31	27	26	30	27	22	24	17	16	11	23	27	28	38	31	36	24	16	15	19	38	25	29	35	31	27	20	16	16	12	31	25	25	24	27	24	24	15	17	20	32	23	23	15	21	18	18	17	17	15	15	20	14	19	15	19	16	13	13	26	19	17	16	13	13	15	17	19	20	22	15	15	14	12	10	9	13	10	13	17	13	10	9	8	7	7	10	13	14	10
	21	29	27	29	32	26	25	22	19	12	31	27	26	30	27	22	24	17	16	11	23	27	28	38	32	36	25	16	15	19	38	25	29	36	31	27	20	16	16	12	32	25	25	24	27	24	24	15	17	20	32	23	23	16	21	18	18	17	17	15	15	20	14	19	15	19	16	13	13	26	19	18	17	13	13	15	17	19	20	22	15	16	14	12	10	9	13	10	13	17	13	10	9	8	7	7	10	14	14	11
	21	29	27	29	32	26	25	22	19	12	31	27	26	30	27	23	24	17	16	11	23	27	28	39	32	36	25	16	15	19	39	25	29	36	31	27	20	16	16	12	32	25	25	25	27	24	24	15	17	20	32	23	24	16	21	18	18	17	17	15	15	20	14	19	15	19	16	13	13	26	19	18	17	14	13	15	17	19	20	22	15	16	15	12	10	9	13	10	13	17	13	11	9	8	7	7	11	14	15	11
