	0	1	0	0	0	0	0	0	0	0	1	1	0	0	0	0	0	0	0	0	0	0	0	0	0	0	0	0	0	0	0	0	0	0	0	1	0	0	1	0	0	0	0	0	0	0	0	0	0	1	0	0	0	0	0	0	0	0	0	0	0	0	0	0	0	0	0	0	0	0	0	1	0	0	0	0	0	0	1	0	0	0	0	0	0	0	0	0	0	1	0	1	0	0	0	0	0	0	0	0
	0	1	1	0	0	0	0	0	0	0	1	1	1	0	0	0	0	0	0	0	1	0	0	0	0	0	1	0	1	0	0	0	0	0	0	1	0	0	1	0	0	0	0	0	0	0	0	0	1	1	0	0	0	0	0	0	0	0	0	0	0	0	1	0	0	0	0	0	0	1	0	1	0	0	0	0	0	0	1	0	0	1	0	0	0	0	0	0	1	1	0	1	0	0	0	0	0	0	0	0
	0	1	1	1	0	0	0	0	0	0	1	1	1	1	0	1	0	1	0	0	1	1	0	0	0	0	1	0	1	0	0	0	0	0	0	1	0	1	1	0	0	0	0	0	0	0	0	0	1	1	0	1	0	0	0	0	0	0	1	0	0	0	1	0	0	0	0	0	0	1	1	1	0	0	0	0	0	1	1	0	0	1	0	0	0	0	0	0	1	1	0	1	0	0	0	0	0	0	0	0
	0	1	1	1	1	1	0	1	0	0	1	1	1	1	1	1	0	1	0	0	1	1	1	0	0	0	1	1	1	0	0	0	0	0	0	1	0	1	1	0	0	1	0	0	0	0	0	0	2	1	0	1	0	0	0	0	0	0	1	0	1	0	1	0	0	0	0	1	0	1	1	1	0	0	0	0	0	1	1	0	0	1	0	0	0	0	0	0	1	1	0	1	0	0	0	0	0	0	0	0
	0	1	1	1	1	1	1	1	1	0	1	1	2	2	1	1	1	1	0	0	1	1	1	0	1	0	1	1	1	0	1	0	0	0	0	1	0	2	1	0	0	1	0	0	0	0	0	0	2	1	1	1	0	0	0	0	1	0	1	0	1	0	1	0	0	0	0	1	0	1	1	1	0	0	0	0	0	1	1	0	0	1	0	0	0	0	0	0	1	1	0	1	0	0	0	0	0	0	0	0
	0	1	1	1	1	1	1	2	1	1	1	2	2	2	1	1	1	2	0	0	2	1	1	1	1	0	1	2	1	0	1	0	0	1	0	1	0	2	1	0	1	1	0	0	0	0	1	0	2	1	1	1	0	0	0	0	1	0	1	0	1	0	1	0	0	0	0	1	0	1	1	1	0	0	0	0	0	1	1	0	0	1	0	0	0	0	0	0	1	1	0	1	0	0	0	0	0	0	0	0
	0	2	1	1	1	1	1	2	2	1	2	2	2	2	1	1	1	2	1	1	2	1	1	1	1	0	1	2	2	0	2	0	1	1	1	2	0	2	1	0	1	1	0	0	0	0	1	0	2	1	1	1	0	0	0	0	1	0	1	0	1	0	1	0	0	0	0	1	0	1	1	1	0	0	0	0	0	1	1	0	0	1	0	0	0	0	0	0	1	1	0	1	0	0	0	0	0	0	0	0
	1	2	2	1	1	1	1	2	2	2	2	2	2	2	1	1	1	2	2	1	3	1	1	1	1	0	1	2	2	1	2	1	1	1	1	2	1	2	2	0	1	1	0	0	1	0	1	0	2	1	1	1	0	0	0	0	1	0	1	0	1	0	1	0	0	0	0	1	0	1	1	1	0	0	0	0	0	1	1	0	0	1	0	0	0	0	0	0	1	1	0	1	0	0	0	0	0	0	0	0
	1	3	2	2	1	1	1	2	2	2	3	2	2	2	1	1	1	3	2	2	3	1	1	1	1	0	1	3	2	1	3	1	1	1	1	2	1	2	2	1	1	1	0	1	1	0	1	0	2	2	1	1	0	0	0	0	1	0	1	0	1	0	1	0	0	0	0	1	0	1	1	1	0	0	0	0	0	1	1	0	0	1	0	0	0	0	0	0	1	1	0	1	0	0	0	0	0	0	0	0
	1	3	3	2	2	1	1	2	2	2	3	2	2	2	1	1	2	3	2	2	3	2	1	1	1	0	2	3	2	2	3	1	2	1	1	2	1	2	3	1	2	1	0	1	1	0	1	0	2	2	1	1	0	0	0	0	1	0	1	1	1	0	1	0	0	0	0	1	0	1	1	1	0	0	0	0	0	1	1	0	0	1	0	0	0	0	0	0	1	1	0	1	0	0	0	0	0	0	0	0
	1	3	3	3	2	2	1	2	2	2	3	2	2	2	1	2	2	3	2	2	3	2	1	1	1	1	2	3	3	2	3	2	2	1	1	2	1	2	3	1	2	2	1	1	1	0	1	0	3	2	1	1	0	0	0	0	1	0	1	1	1	0	1	0	0	0	0	1	0	2	1	1	0	0	0	0	0	1	1	0	0	1	0	0	0	0	0	0	1	1	0	1	0	0	0	0	0	0	0	0
	1	3	3	3	3	2	2	2	2	2	3	2	2	2	2	3	2	3	2	2	3	2	2	1	1	1	2	3	3	2	3	2	2	1	1	2	1	3	3	1	2	2	1	1	1	0	1	1	3	2	1	2	1	0	0	0	1	0	1	1	1	0	1	0	0	0	0	1	1	2	1	1	0	0	0	0	0	1	1	0	0	1	0	0	0	0	0	0	1	1	0	1	0	0	0	0	0	0	0	0
	1	3	3	3	3	3	2	3	2	2	3	2	3	3	2	3	3	3	2	2	3	2	2	1	1	1	2	3	3	2	3	2	2	1	1	2	2	3	3	1	2	2	1	1	1	0	2	1	3	2	1	2	1	1	0	0	1	1	1	1	1	1	1	0	0	0	0	1	1	2	1	1	0	0	0	0	0	1	1	0	0	1	0	0	0	0	0	0	1	1	0	1	0	0	0	0	0	0	0	0
	1	3	3	3	3	3	3	3	3	2	3	2	3	3	2	3	3	3	2	2	3	2	2	2	2	1	2	4	3	2	3	2	2	1	1	3	2	3	3	1	2	2	1	1	1	1	2	2	3	2	1	2	1	1	1	0	1	1	1	1	1	1	1	0	0	0	0	1	1	2	1	2	0	0	0	0	0	1	1	0	0	1	0	0	0	0	0	0	1	1	0	1	0	0	0	0	0	0	0	0
	1	3	3	3	3	3	3	4	3	3	3	2	3	3	2	3	3	3	2	2	3	2	2	2	2	2	2	4	3	2	3	2	2	2	2	3	2	4	3	1	2	2	1	1	1	1	3	2	3	2	1	2	1	1	1	1	1	1	1	1	1	1	1	0	1	0	0	1	1	2	1	2	1	0	0	0	0	1	1	0	0	1	0	0	0	0	0	0	1	1	0	1	0	0	0	0	0	0	0	0
	1	3	3	3	3	3	3	4	4	3	3	2	3	3	2	3	3	3	2	3	3	2	2	2	2	2	3	4	3	2	3	2	2	2	2	3	2	4	3	1	2	2	1	1	2	2	3	3	3	2	1	2	1	1	1	1	2	1	1	1	1	1	1	1	1	1	0	1	1	2	1	2	1	1	0	0	0	1	1	0	0	1	0	0	0	0	0	0	1	1	0	1	0	0	0	0	0	0	0	0
	1	3	3	3	3	3	3	4	4	4	3	2	3	3	2	3	3	3	2	3	3	2	2	2	2	2	3	5	3	3	3	2	2	2	2	3	2	4	3	1	2	2	1	1	2	2	3	3	4	2	1	2	1	2	2	1	2	1	1	1	1	1	2	1	2	1	1	1	1	2	1	2	1	1	1	0	0	1	1	0	0	1	0	0	0	0	0	0	1	1	0	1	0	0	0	0	0	0	0	0
	1	3	3	3	3	3	3	4	4	4	3	2	3	3	2	3	3	4	2	4	3	2	2	2	2	2	3	5	3	3	3	2	2	2	2	3	2	4	3	2	2	2	1	1	2	2	3	3	4	2	1	2	1	2	2	2	2	1	2	1	1	2	2	2	2	2	1	1	1	2	1	2	1	1	1	1	0	1	1	0	0	1	0	0	1	0	0	0	1	1	0	1	0	0	0	0	0	0	0	0
	1	3	3	3	3	3	3	5	4	4	3	2	3	3	2	3	3	4	2	4	3	2	2	2	2	2	3	5	3	4	3	2	2	2	2	3	2	4	3	2	2	2	1	1	2	2	3	3	4	3	1	2	1	2	2	2	2	1	2	2	1	2	2	2	2	2	2	1	1	2	2	2	2	1	2	1	1	1	1	0	0	1	0	1	1	0	0	0	1	1	0	1	0	0	0	0	0	0	0	0
	1	3	3	3	3	3	4	5	4	4	3	2	3	3	2	3	3	4	2	4	3	2	2	2	2	2	3	5	3	4	3	2	2	2	2	3	2	4	4	3	2	2	1	1	2	2	3	3	4	3	1	2	1	2	2	2	2	1	2	2	1	2	2	2	2	2	2	2	1	3	2	2	2	1	2	1	1	1	1	0	1	1	1	1	2	0	1	0	1	1	0	1	0	1	0	0	0	0	0	0
	1	3	3	3	3	3	4	5	4	4	3	2	3	3	2	3	4	4	2	4	3	2	2	2	2	2	3	5	4	5	3	2	2	2	2	3	2	4	4	3	2	2	1	1	2	2	3	3	4	3	1	2	1	2	2	2	2	1	2	2	1	2	2	2	2	2	2	2	1	3	2	2	2	1	2	1	1	2	1	1	1	1	1	1	2	1	1	1	1	1	1	1	1	1	1	0	0	0	0	0
	1	3	3	3	3	3	4	5	4	4	3	2	3	3	2	4	4	5	3	4	3	2	2	2	2	2	3	5	4	5	3	2	2	2	2	3	2	4	4	3	2	2	1	1	2	2	3	3	4	3	1	2	1	2	2	2	2	1	2	2	1	2	2	2	2	2	2	2	1	3	2	2	2	1	2	1	1	2	2	1	1	2	1	1	2	1	2	1	1	2	1	2	1	1	1	1	1	0	0	0
	1	3	3	3	3	4	4	5	5	4	3	2	3	3	2	4	5	5	3	4	3	2	2	2	2	2	3	5	4	5	3	2	2	2	2	3	2	4	4	3	2	2	1	1	2	2	3	3	4	3	1	2	1	2	2	2	2	1	2	2	1	2	2	2	2	2	2	2	1	3	2	3	2	1	2	2	1	2	2	1	1	2	2	1	2	2	2	1	2	2	1	2	1	1	1	1	1	1	1	0
	1	3	3	3	3	4	4	6	5	4	3	2	3	3	3	4	5	5	3	4	3	2	2	2	2	2	4	5	4	5	3	2	2	2	2	3	2	4	4	3	2	2	1	1	2	2	3	3	4	3	1	2	1	2	2	2	2	1	2	2	1	3	2	2	2	3	2	2	1	3	2	3	2	1	3	2	1	3	2	1	1	2	2	2	2	2	2	2	2	2	1	2	1	1	1	1	1	1	1	1
	1	3	3	3	4	4	4	6	5	4	3	2	3	3	3	4	6	5	3	4	3	2	2	2	2	3	4	5	4	5	3	2	2	2	2	3	2	4	4	3	2	2	1	1	2	2	3	3	4	3	1	2	1	2	3	2	2	1	2	2	2	3	2	2	2	3	2	2	2	3	2	3	2	2	3	2	2	3	2	1	1	2	2	2	2	2	2	2	2	3	1	2	1	2	1	1	1	1	1	1
	1	3	3	4	4	4	4	6	5	4	3	2	3	3	3	4	6	5	3	4	3	2	2	2	3	3	5	5	4	5	3	2	2	2	2	3	2	4	4	3	2	2	1	1	3	2	3	3	4	3	2	2	1	2	3	2	2	2	2	2	2	3	2	2	3	3	2	2	2	3	2	3	2	2	3	3	2	3	2	2	1	2	2	2	2	2	2	2	2	3	1	2	1	2	2	1	1	1	1	1
	1	3	4	4	4	4	4	6	5	4	3	2	3	4	3	4	6	5	3	4	3	2	2	2	3	4	5	5	4	5	3	2	2	2	2	3	2	4	4	3	3	2	1	2	3	2	3	4	4	3	2	2	1	3	3	2	2	2	2	2	2	3	2	2	3	4	2	2	2	4	2	3	2	2	3	3	2	3	2	2	1	2	2	2	2	3	2	2	2	3	1	2	1	2	2	1	1	1	1	1
	1	3	4	4	4	4	4	6	5	4	3	3	4	4	3	4	6	5	3	4	3	2	2	2	4	4	5	5	4	5	4	2	3	2	2	3	3	4	4	3	3	2	1	2	3	2	3	4	4	3	2	2	2	3	4	2	2	2	2	2	2	3	2	2	3	4	2	2	3	4	2	3	2	2	3	4	2	3	2	2	1	2	2	2	2	3	2	2	2	3	1	2	1	2	2	1	1	1	1	1
	1	4	4	4	4	4	4	6	5	4	3	3	4	5	3	4	6	5	3	4	4	2	3	2	4	4	6	5	4	5	4	3	3	2	2	3	3	4	4	3	3	2	1	2	4	2	3	4	4	3	2	2	2	3	4	2	2	3	2	2	2	3	3	2	3	4	3	2	3	4	2	3	2	2	3	4	2	3	2	2	1	2	2	2	2	3	2	2	2	3	1	2	1	2	2	1	1	1	1	1
	2	4	4	4	4	4	4	6	5	4	4	3	5	5	3	5	6	5	3	4	4	3	3	2	4	4	6	5	4	5	5	3	3	2	2	3	3	4	4	3	3	2	1	3	4	2	3	5	4	3	2	2	2	3	4	2	2	3	2	2	2	4	3	2	3	4	3	3	3	4	2	3	2	2	3	4	2	3	2	2	1	2	2	2	2	3	2	2	2	3	1	2	1	2	2	1	1	1	1	1
	2	5	5	4	4	4	4	6	5	4	4	4	5	5	4	5	6	5	3	4	5	4	3	2	4	4	6	5	4	5	5	3	4	2	2	3	4	4	4	3	3	2	1	3	4	2	3	5	4	3	3	2	2	3	4	2	2	3	2	2	2	4	3	2	3	4	3	3	3	4	2	3	2	2	3	4	3	3	2	2	1	2	2	2	2	3	2	2	2	3	1	2	1	2	2	1	1	1	1	1
	2	5	5	5	4	5	4	6	5	4	5	5	5	5	4	5	6	5	3	4	5	4	4	2	4	4	7	5	4	5	6	4	4	2	2	3	4	4	4	3	4	2	1	3	4	2	3	5	4	3	3	2	2	3	4	2	2	3	2	2	2	4	3	2	3	4	3	3	3	4	2	3	2	2	3	4	3	4	2	2	1	2	2	2	2	3	2	2	2	3	1	2	1	2	2	1	1	1	1	1
	3	5	5	5	5	5	5	6	5	4	5	5	6	5	4	6	6	5	3	4	5	4	4	3	4	4	7	5	4	5	6	4	4	2	2	3	4	4	4	3	4	3	2	3	4	2	3	5	4	3	4	2	2	3	4	2	2	3	2	2	2	4	3	2	3	4	3	3	4	4	2	3	2	2	3	4	3	4	2	2	1	2	2	2	2	3	2	2	2	3	1	2	1	2	2	1	1	1	1	1
	3	6	5	6	5	5	5	7	5	4	5	5	6	5	5	6	7	5	3	4	5	4	4	3	4	4	7	5	4	5	6	4	4	3	2	3	4	4	4	3	4	3	2	3	4	2	3	5	4	3	4	3	3	3	4	2	2	4	2	2	3	4	3	2	3	4	3	3	4	4	2	3	2	2	3	4	3	4	2	2	1	2	2	2	2	3	2	2	2	3	1	2	1	2	2	1	1	1	1	1
	3	6	6	6	6	5	5	7	6	4	5	5	6	5	5	7	7	6	3	4	5	4	4	3	4	4	7	5	4	5	6	4	4	3	3	3	4	4	4	3	4	3	2	3	4	2	3	6	4	3	4	3	3	3	4	2	2	4	2	2	3	5	3	3	3	4	3	3	4	4	3	3	2	2	3	4	3	4	2	2	1	2	2	2	2	3	2	2	2	3	1	2	1	2	2	1	1	1	1	1
	3	6	6	7	6	5	6	7	6	4	5	5	6	5	6	7	7	6	4	4	5	4	4	3	4	4	7	6	4	5	6	4	4	3	3	4	5	4	4	3	4	3	2	3	4	2	3	6	4	3	4	3	3	3	4	2	2	4	2	2	3	5	3	3	3	4	3	3	4	4	3	4	3	2	3	4	3	4	2	2	2	2	2	2	2	3	2	2	2	3	1	2	1	2	2	1	1	1	1	1
	3	6	6	7	7	6	6	7	6	5	5	5	6	5	6	8	7	6	4	4	5	4	4	3	4	4	7	6	4	5	6	4	4	3	3	4	5	5	4	3	4	3	2	3	4	3	4	6	4	3	4	3	3	3	4	2	2	4	2	2	3	5	3	3	3	4	3	3	4	4	3	4	3	2	3	4	3	4	2	2	2	3	2	3	2	3	2	2	2	3	2	2	1	2	2	1	1	1	1	1
	3	6	6	7	7	6	6	7	6	5	5	5	6	6	7	8	8	6	4	5	5	4	4	3	4	4	7	6	4	5	6	4	4	3	3	4	5	5	4	3	4	3	2	3	4	3	4	6	5	3	4	3	3	3	4	3	3	4	2	2	3	5	3	3	3	4	3	3	4	4	3	4	3	2	3	4	3	4	2	2	3	3	2	3	3	3	2	2	2	3	2	3	1	2	2	1	1	1	1	1
	3	6	6	7	7	6	6	7	6	5	5	5	6	6	7	8	8	6	4	5	5	4	4	3	5	5	7	7	4	6	6	4	4	3	3	4	5	5	4	3	4	3	2	3	4	3	4	6	5	3	4	3	3	3	4	3	3	4	3	2	3	5	3	3	3	5	4	3	4	4	4	4	3	2	3	4	3	4	2	2	3	3	2	3	3	3	2	2	2	3	2	3	2	3	2	1	1	1	1	1
	3	6	6	7	7	6	6	7	6	5	5	5	6	6	7	8	8	6	4	5	5	4	4	3	5	5	7	7	5	6	6	4	4	4	4	4	6	5	4	3	4	3	2	3	4	3	4	6	5	4	4	3	3	3	4	3	3	4	3	2	3	6	3	3	3	5	4	3	4	4	4	4	3	2	4	5	3	4	2	2	3	3	3	3	3	3	2	2	2	3	2	3	2	3	3	1	1	1	1	1
	3	6	6	7	7	6	6	7	6	5	5	5	6	6	7	8	8	6	4	5	5	4	4	3	5	5	7	7	5	6	6	4	4	4	4	5	6	6	4	4	4	3	2	3	5	3	5	6	5	4	4	3	3	3	4	3	3	4	3	2	3	6	4	3	3	5	4	3	4	4	4	4	4	2	4	5	3	4	2	2	3	3	3	3	4	4	2	2	2	3	2	3	2	3	3	2	1	1	1	1
	3	6	6	7	7	6	6	7	6	5	5	5	6	6	7	8	8	6	4	5	5	4	4	3	5	5	7	7	5	7	6	4	4	4	4	5	6	6	5	4	4	3	2	3	5	4	5	7	5	4	4	3	4	4	4	3	3	4	3	2	3	6	4	3	3	5	4	3	4	4	4	4	4	3	4	5	3	4	2	2	3	3	3	4	4	4	3	2	2	3	2	3	2	3	3	2	2	1	1	1
	3	6	6	7	7	6	6	7	6	5	5	5	6	6	7	8	8	6	5	5	5	4	4	3	5	5	7	7	5	7	6	4	4	4	4	5	6	7	5	4	4	3	2	4	5	4	5	7	6	4	4	3	4	4	4	4	3	4	3	2	3	6	4	4	4	5	4	3	4	4	4	4	4	3	4	5	3	4	2	2	3	3	3	4	4	4	3	3	2	3	2	3	3	3	3	2	2	2	1	1
	3	6	6	7	7	6	6	7	7	5	5	5	6	6	7	8	8	6	5	5	5	4	4	3	5	5	7	8	5	7	6	4	5	4	4	5	6	7	5	4	4	3	2	4	5	4	5	7	6	4	4	3	4	4	5	4	4	5	3	2	3	6	5	4	4	5	4	3	4	4	4	4	4	3	4	5	3	4	2	2	3	3	3	4	4	4	3	3	3	3	2	4	3	3	3	2	2	2	2	1
	3	6	6	7	7	6	6	8	7	5	5	5	6	6	7	8	8	6	5	5	5	4	5	3	5	5	8	8	5	7	6	4	5	4	4	5	6	7	5	4	4	3	2	4	5	5	5	7	6	4	4	4	4	4	5	4	4	5	3	2	3	6	5	4	4	5	5	4	4	4	4	4	4	3	4	5	3	4	3	2	3	4	3	4	4	4	3	3	3	3	2	4	3	3	3	2	2	2	2	2
	3	6	6	7	7	6	7	8	7	5	5	5	6	6	7	9	8	6	5	5	5	5	5	3	5	5	8	8	5	7	6	4	5	4	4	6	6	7	5	4	4	3	3	4	5	5	5	7	6	4	4	4	4	4	5	4	4	5	3	2	3	6	5	4	4	6	5	4	4	4	4	5	4	3	4	5	4	4	3	2	3	4	3	4	4	4	3	3	3	4	2	4	3	3	3	2	2	2	3	2
	3	6	6	7	7	7	7	8	7	5	5	5	6	6	8	9	8	6	5	5	6	5	5	3	5	5	9	8	5	7	6	4	5	4	4	6	6	7	5	4	4	3	3	5	5	5	5	7	6	4	4	4	4	4	5	4	4	5	3	2	3	7	5	4	5	6	5	4	4	4	4	5	4	3	4	5	4	4	3	3	3	4	3	4	4	4	4	3	3	4	2	4	3	3	3	2	2	3	3	2
	3	6	6	7	8	7	8	8	7	5	6	5	6	6	8	9	9	6	5	5	6	5	5	3	5	5	9	8	5	7	6	4	6	4	4	6	6	7	5	4	4	3	3	5	5	5	5	7	6	4	5	4	4	5	5	4	4	5	3	2	3	7	5	4	5	6	5	4	4	5	4	5	4	3	4	5	4	4	3	3	3	4	3	4	4	5	4	3	3	4	2	4	3	3	3	2	3	3	3	2
	3	6	6	8	8	7	8	9	7	5	6	6	6	6	8	9	9	7	5	5	6	5	6	3	5	5	9	8	5	7	6	4	6	4	4	6	6	7	5	4	5	3	3	5	5	5	5	7	6	4	5	4	5	5	5	4	4	5	4	2	3	7	5	4	5	6	5	4	4	5	4	5	4	3	5	5	4	4	3	3	3	4	3	4	4	5	4	3	3	4	2	4	3	3	3	3	3	3	3	2
	3	7	6	8	8	7	8	9	8	5	6	6	7	6	8	9	9	7	5	5	6	5	6	3	5	5	9	8	6	7	7	5	6	4	4	6	6	7	5	4	5	3	4	5	5	5	5	7	7	4	5	4	5	5	5	4	4	5	4	2	3	7	5	4	6	6	5	4	4	5	4	5	4	3	5	5	4	4	3	3	3	4	3	4	4	5	4	3	3	4	2	4	3	3	4	3	3	3	3	2
	4	7	6	8	8	7	8	9	8	6	6	7	7	6	8	9	9	7	5	5	7	6	6	3	5	5	9	8	6	8	7	5	6	4	4	6	6	8	5	4	5	4	4	5	5	5	5	7	7	4	5	4	5	6	5	4	4	5	4	2	3	7	5	4	6	6	5	4	4	5	4	5	4	3	5	5	4	4	3	3	3	4	3	4	4	5	4	3	3	4	2	4	3	4	4	3	3	3	3	2
	5	8	6	8	8	7	8	9	8	6	7	7	7	6	8	9	9	7	6	6	7	7	6	3	5	5	9	8	7	8	8	5	6	4	4	6	6	8	5	4	5	4	4	6	5	5	5	7	7	4	5	4	5	6	5	4	4	5	4	2	3	7	5	4	6	6	5	4	4	5	4	5	4	3	5	5	4	4	3	3	3	4	3	5	4	5	4	3	3	4	2	4	3	4	4	3	3	3	3	2
	5	9	7	8	8	7	8	9	8	7	7	8	7	6	8	9	9	8	6	6	7	7	7	3	5	5	9	8	7	9	8	5	7	4	4	6	6	8	5	4	6	4	4	6	5	5	5	7	7	4	5	4	5	6	5	4	4	5	4	2	3	7	5	4	6	6	5	4	4	5	4	5	4	4	5	5	4	4	3	3	3	4	3	5	4	5	4	3	3	4	2	4	3	4	4	3	3	3	3	2
	5	9	7	9	8	7	8	9	9	7	8	8	8	6	8	9	9	8	6	7	7	7	7	4	5	5	9	9	7	9	8	6	7	4	4	6	6	8	5	4	6	4	4	6	5	5	5	7	7	4	6	4	5	6	5	4	4	5	4	2	3	7	5	4	7	6	5	4	4	5	4	5	4	4	5	5	4	4	3	3	3	4	3	5	4	5	4	3	3	4	2	4	3	4	4	3	3	3	3	2
	5	9	7	9	9	7	8	9	9	8	8	8	8	7	8	9	9	9	6	7	8	7	8	4	5	5	9	9	7	9	8	6	7	4	4	6	7	8	5	4	6	4	5	6	5	5	5	7	7	4	6	4	5	7	5	4	4	5	4	2	4	7	5	4	7	6	5	4	4	5	4	5	4	4	5	5	4	4	3	3	3	4	3	5	4	5	4	3	3	4	2	4	3	4	4	3	3	3	3	2
	5	9	7	9	9	7	8	9	10	8	8	8	8	7	9	9	9	9	6	7	8	7	8	4	6	5	9	10	7	9	9	7	7	4	4	6	7	8	5	4	6	4	5	7	5	5	6	7	7	4	6	5	5	7	5	4	4	5	4	2	4	7	5	4	7	6	5	4	4	5	5	5	4	4	5	5	4	4	3	3	3	4	3	5	4	5	4	3	3	4	2	4	3	4	4	3	3	3	3	2
	5	9	7	9	9	7	8	9	10	8	8	8	8	7	9	10	9	10	6	7	8	7	8	4	6	6	9	10	7	9	9	7	8	4	4	6	8	8	5	4	7	4	6	7	5	5	6	7	7	4	6	5	5	7	5	4	5	5	4	2	4	8	5	4	7	6	5	4	4	5	5	5	4	4	5	5	4	4	3	3	4	4	3	5	4	5	4	3	3	4	2	4	3	4	4	3	3	3	3	2
	5	9	7	9	9	7	8	9	10	8	8	8	8	7	9	10	10	10	6	7	8	7	8	4	6	6	9	11	7	9	9	7	8	5	5	6	8	8	5	4	7	4	6	7	5	5	7	7	7	4	7	6	5	7	5	4	5	6	4	2	5	8	5	4	7	6	5	4	4	5	5	5	4	4	5	5	4	4	3	3	4	4	3	5	4	5	4	3	3	4	3	4	3	4	4	3	3	3	3	2
	5	9	7	9	9	7	8	9	10	8	8	8	8	7	9	10	10	10	6	7	8	7	8	5	6	6	10	11	7	9	9	7	8	5	5	6	9	8	5	4	7	5	6	7	6	5	7	7	7	4	7	6	5	7	5	4	6	6	4	2	5	9	5	4	7	6	5	5	4	5	6	5	4	4	5	5	4	4	3	3	4	4	3	5	4	5	4	3	3	4	3	5	3	4	4	3	3	3	3	2
	5	9	7	9	9	7	8	9	10	8	8	8	9	7	9	10	10	10	6	7	8	7	8	5	6	6	10	11	7	9	10	7	8	5	5	7	9	8	5	4	7	5	6	7	6	5	8	7	7	4	7	6	5	7	6	5	6	6	4	2	5	9	6	4	7	6	6	5	4	5	6	5	4	4	5	5	4	4	3	3	5	4	4	5	4	5	4	3	3	4	3	5	3	4	4	3	3	3	3	2
	5	9	7	9	9	7	8	9	10	8	8	9	9	7	9	10	10	10	6	7	8	8	8	5	6	6	10	11	7	9	10	7	8	5	6	7	9	8	5	4	7	5	6	7	6	6	8	8	7	4	7	6	5	7	6	5	6	6	4	2	5	9	6	5	7	7	6	5	4	5	6	5	5	4	5	6	4	4	3	3	5	4	4	5	4	5	4	3	3	4	4	5	3	4	4	3	3	3	3	2
	5	10	7	9	9	7	8	9	10	8	9	9	9	7	9	10	10	10	6	7	8	8	8	5	7	6	10	11	7	9	10	7	8	5	6	7	9	8	5	4	7	5	6	7	7	6	8	8	8	4	7	6	6	7	6	5	6	6	4	2	5	9	6	5	7	7	6	5	4	5	6	6	5	4	6	6	4	4	3	3	5	4	4	5	4	6	4	3	3	4	4	6	3	4	4	3	3	3	3	2
	6	10	7	9	9	7	8	9	10	8	9	9	9	7	10	10	10	10	6	7	9	8	8	5	7	6	10	11	7	9	10	7	8	5	6	7	9	8	6	4	7	5	6	8	7	6	8	8	8	4	7	6	6	8	6	5	6	6	4	2	5	9	6	5	7	7	6	5	4	5	6	6	5	4	6	6	4	4	3	3	5	5	5	5	5	6	5	3	3	4	4	6	3	4	4	3	3	3	3	2
	6	11	7	9	9	8	8	9	10	8	9	9	9	7	10	10	10	10	6	7	9	8	8	5	7	6	10	11	7	9	11	7	8	5	6	7	9	8	6	5	7	5	7	8	7	6	8	8	8	4	7	6	6	8	6	5	6	6	4	2	5	9	6	5	8	7	6	5	4	5	7	6	5	4	6	6	4	4	3	3	5	5	5	5	5	6	5	4	3	4	4	6	4	4	5	3	3	3	3	2
	6	11	8	9	9	8	9	9	10	8	9	9	9	7	10	10	10	10	6	7	9	8	8	5	7	6	10	11	7	9	11	8	8	5	6	7	9	8	6	5	7	6	7	8	7	6	8	8	8	5	7	6	6	8	6	5	6	6	4	2	5	10	6	5	8	8	6	5	4	5	7	6	5	4	6	6	4	5	3	3	5	5	5	5	5	6	5	4	3	4	4	6	4	5	5	4	3	3	3	2
	6	11	8	10	9	8	9	10	10	8	9	9	9	7	10	10	10	10	6	7	9	8	9	5	7	6	10	11	7	9	11	8	8	5	6	7	9	8	6	5	8	6	7	8	7	6	8	8	8	5	7	7	6	8	6	5	6	6	4	3	5	10	6	5	8	8	6	5	4	5	7	6	5	4	6	7	4	5	4	3	5	5	5	5	6	6	6	4	3	4	4	6	4	5	5	4	3	3	3	2
	6	11	8	10	10	8	9	10	11	8	9	9	9	7	10	10	10	10	6	7	9	8	9	5	7	6	10	11	7	9	11	8	9	5	6	7	9	8	6	5	8	6	7	8	7	6	8	8	8	5	8	7	7	8	6	5	6	6	4	3	5	10	6	5	8	8	6	5	5	6	7	6	5	4	6	7	5	5	4	3	5	5	5	5	6	7	6	5	3	4	4	6	4	5	5	4	3	3	3	2
	6	11	8	10	10	9	9	10	11	8	9	9	9	7	10	10	10	10	7	7	9	8	9	5	7	6	10	11	7	9	11	8	9	6	6	7	9	8	6	5	8	6	7	8	7	6	8	8	8	5	8	7	7	9	6	5	6	6	5	3	5	11	6	5	8	8	6	5	5	6	7	6	5	4	6	8	5	6	4	4	5	5	5	5	6	7	6	5	4	4	4	6	4	5	5	4	3	3	3	2
	6	11	8	10	10	9	10	10	11	8	9	9	9	7	10	10	10	10	7	7	9	8	9	5	8	6	10	11	8	9	11	8	9	6	6	7	9	8	6	5	8	6	7	8	8	6	8	8	8	5	8	7	7	9	6	5	6	7	5	3	5	11	6	5	8	9	6	5	6	6	7	7	5	4	6	8	5	6	5	4	5	5	5	5	6	7	6	5	4	5	4	6	4	5	5	4	3	3	3	2
	6	11	8	10	10	9	10	11	11	8	9	9	9	7	11	10	10	10	7	7	9	8	9	5	8	6	10	11	8	9	11	8	9	7	6	7	9	8	7	5	8	6	7	8	8	6	8	8	8	5	8	7	7	9	7	5	7	7	5	3	5	11	6	5	8	9	6	6	6	7	7	7	5	4	6	8	5	6	5	4	5	6	5	5	6	7	6	5	4	5	4	6	4	5	5	4	3	3	4	2
	6	11	8	10	10	10	10	11	12	8	9	9	9	7	11	10	10	10	7	7	9	8	9	5	9	6	10	11	8	9	11	8	9	7	6	7	9	8	7	6	8	6	7	8	9	6	9	8	8	5	8	7	7	9	7	5	7	7	6	3	5	11	6	5	8	9	7	6	6	7	7	7	5	4	6	8	5	6	5	4	6	6	5	5	6	7	6	5	4	5	4	6	4	5	5	4	3	4	4	2
	6	11	8	10	10	10	11	11	12	9	9	9	9	8	11	10	10	10	7	7	9	8	9	5	9	6	10	11	8	9	11	8	9	8	6	7	10	8	7	6	8	6	7	8	9	6	9	8	8	6	8	7	7	9	7	6	7	8	6	3	5	11	6	5	8	9	7	6	6	7	7	7	5	4	6	8	5	6	5	4	6	6	5	5	6	7	6	5	4	5	5	6	4	5	5	4	4	4	4	2
	6	11	8	10	11	10	11	12	12	9	9	9	9	8	11	10	10	10	8	7	9	8	9	5	10	6	10	11	8	9	11	8	9	8	6	7	10	9	7	6	8	6	7	8	9	6	10	8	9	6	8	7	7	9	7	6	8	8	6	3	5	11	6	5	8	9	7	6	6	7	7	7	5	4	6	8	5	6	5	4	6	6	5	5	6	7	6	5	4	5	5	7	4	5	5	5	4	4	4	2
	6	11	8	10	11	11	11	12	13	9	9	9	9	9	11	10	10	11	8	7	9	8	9	5	10	6	10	12	8	9	11	8	9	8	6	7	11	9	7	6	8	6	7	8	9	6	10	9	9	6	8	7	7	9	7	6	8	8	7	3	5	11	6	5	8	9	7	6	6	7	7	7	5	4	6	8	5	6	5	4	6	6	5	5	6	8	6	5	4	5	5	7	5	5	5	5	4	4	4	2
	6	11	8	11	11	11	12	12	13	10	9	9	9	9	11	10	11	11	8	7	9	8	9	5	10	6	11	12	9	9	11	8	9	8	6	7	11	10	7	6	8	6	7	8	9	6	10	9	9	6	8	7	7	9	7	6	8	8	7	4	5	11	6	5	8	9	7	6	6	7	7	7	5	4	7	8	5	6	5	4	6	6	5	6	6	8	6	5	4	5	5	7	5	5	5	5	4	4	4	2
	6	11	9	11	11	11	12	13	13	10	9	9	9	9	11	11	11	11	8	8	9	8	9	5	10	7	11	12	9	10	11	8	9	8	6	7	11	10	8	6	8	6	7	8	9	6	10	9	9	6	8	7	7	9	7	6	8	8	7	4	5	11	6	5	8	9	7	6	6	8	7	7	5	5	7	8	5	6	5	4	6	6	5	6	7	8	6	5	4	5	5	7	5	5	5	5	4	4	4	2
	6	12	9	11	11	11	12	13	13	11	9	9	9	9	12	11	11	12	9	8	9	8	9	5	10	7	11	12	9	10	11	8	9	8	6	8	11	10	8	7	8	6	7	8	9	6	10	9	9	6	8	7	7	9	7	6	8	8	7	4	5	11	6	6	8	9	7	6	6	8	7	7	5	5	7	8	5	6	5	5	6	6	5	6	7	8	6	5	4	5	5	7	5	6	5	5	4	4	4	2
	7	12	9	11	11	11	12	13	14	11	9	9	9	9	12	11	11	12	9	9	9	8	9	5	11	7	11	13	9	10	11	8	9	8	6	8	11	10	8	7	8	6	7	8	9	7	10	9	9	7	8	7	7	9	7	6	8	8	7	4	5	11	7	6	8	9	7	6	6	8	7	7	5	5	7	8	5	6	5	5	6	6	5	6	7	8	6	5	4	6	5	7	5	6	6	5	4	4	4	2
	7	12	9	11	11	11	12	14	14	11	10	9	9	9	12	11	11	12	9	9	9	8	9	6	11	7	11	13	9	11	11	8	9	8	6	8	12	10	8	7	8	6	7	8	9	7	10	9	9	7	8	8	7	9	8	6	8	8	7	5	5	11	7	6	8	9	7	6	6	8	7	7	5	5	7	8	5	6	5	5	6	6	5	6	7	9	6	5	4	6	5	7	5	6	6	5	4	4	5	2
	7	12	9	11	11	11	13	14	14	11	10	10	10	9	12	11	11	12	9	9	9	8	9	6	11	7	11	13	9	11	11	8	9	8	6	9	12	10	8	8	8	6	7	8	9	7	10	9	9	7	8	8	7	9	8	6	8	8	7	5	5	12	7	6	9	9	7	6	6	9	7	7	5	5	7	9	5	6	5	5	6	6	5	6	7	9	6	5	4	6	5	7	5	6	6	5	4	5	5	2
	7	12	9	11	11	11	13	14	14	11	10	10	10	9	12	12	11	12	9	9	9	9	10	6	11	8	11	13	9	11	11	8	9	8	6	9	12	10	8	8	8	6	7	8	9	7	10	9	9	8	8	8	7	9	8	6	8	8	7	5	6	12	7	6	9	9	8	6	6	9	7	7	5	6	7	9	5	6	5	6	6	6	5	6	7	9	6	5	4	6	5	7	5	6	6	5	5	5	5	2
	7	12	9	11	11	11	13	14	14	11	10	10	10	9	13	12	11	12	9	9	10	9	10	6	11	8	11	13	9	11	11	9	9	8	7	9	12	10	8	8	8	6	7	8	9	7	10	9	9	8	8	8	7	9	8	7	8	8	7	6	6	12	7	7	9	9	8	6	6	9	8	7	5	6	7	9	5	6	5	6	6	6	5	6	7	9	6	5	4	7	5	7	5	6	6	6	5	5	5	2
	7	12	9	11	11	11	13	14	14	11	11	10	10	9	13	12	11	12	9	9	10	9	10	6	12	8	11	13	9	11	12	9	9	9	7	9	12	10	8	8	8	6	7	8	9	8	10	9	9	8	8	8	7	9	8	7	8	8	7	6	6	12	8	7	9	9	8	6	6	10	8	8	5	6	7	9	5	6	5	6	6	6	5	6	7	10	6	5	4	7	5	7	5	6	6	6	5	5	6	2
	7	13	9	11	11	11	13	14	14	11	11	10	10	10	13	12	11	12	9	9	11	9	10	7	12	8	11	13	9	11	12	9	9	9	8	9	12	10	8	8	8	6	7	8	9	8	10	9	9	8	8	8	7	9	8	7	8	8	7	6	6	12	8	7	9	9	8	6	6	10	8	8	6	6	8	9	5	6	5	7	6	6	6	6	7	10	6	5	4	7	5	7	5	6	6	6	5	6	6	2
	7	13	10	12	11	11	13	14	14	11	12	10	11	10	13	12	11	12	9	9	11	9	10	7	13	8	11	13	9	11	12	9	9	9	8	9	12	10	8	8	8	6	7	8	9	8	10	9	9	8	8	8	7	9	8	7	8	8	7	6	6	12	8	7	10	9	8	6	6	10	8	8	6	6	8	9	5	6	5	7	6	7	6	7	7	10	6	5	4	8	5	7	5	6	6	6	6	6	6	2
	7	14	10	12	12	11	13	14	14	11	12	11	12	11	13	12	11	12	9	9	11	9	10	7	13	8	11	13	9	11	12	9	9	9	8	9	12	10	8	8	8	6	7	8	9	8	10	9	9	8	8	8	7	10	8	7	8	8	7	6	6	12	8	7	10	9	8	6	6	10	8	8	6	6	8	9	5	6	5	7	7	7	6	7	7	10	6	5	4	8	5	7	5	7	6	7	6	6	7	2
	8	14	10	12	12	12	13	14	14	11	12	11	12	11	14	12	11	12	9	9	11	9	11	8	13	8	11	13	9	11	12	9	9	9	8	9	12	10	8	8	8	6	7	9	9	8	10	9	9	8	8	8	7	10	8	7	8	8	7	6	6	12	8	7	10	9	8	6	6	10	8	8	6	6	8	9	5	6	5	7	7	7	6	7	7	11	6	5	4	8	6	7	5	7	7	7	6	7	7	2
	8	14	10	12	12	12	14	14	14	11	13	11	12	11	14	13	11	12	9	9	11	9	11	8	13	8	11	13	9	11	12	9	10	10	8	9	12	10	8	8	8	6	8	9	9	8	10	9	9	8	8	8	7	10	8	7	8	8	7	6	6	12	8	7	10	9	8	6	6	10	8	8	6	6	8	10	5	6	5	7	7	7	6	7	8	11	6	6	4	8	6	8	5	7	7	7	6	7	7	2
	8	14	10	12	12	12	14	15	14	11	13	11	12	11	14	13	12	12	9	9	11	10	11	8	13	8	11	13	9	11	12	10	10	10	8	9	12	10	8	8	8	7	8	10	9	8	10	9	9	8	8	8	7	10	8	7	8	8	7	6	6	12	8	7	10	9	8	6	6	10	8	8	6	6	9	10	6	6	5	7	7	7	6	7	8	11	7	6	4	8	6	8	6	7	7	7	6	7	7	2
	8	14	10	12	12	12	14	15	14	11	13	11	12	11	14	13	12	13	9	9	11	10	12	8	13	8	12	13	9	11	13	10	10	10	8	9	12	10	8	8	9	7	9	10	9	8	10	9	9	8	8	8	7	10	8	7	8	8	7	6	6	12	8	7	10	9	8	6	6	10	8	8	6	6	9	11	6	7	5	7	7	7	6	7	8	11	7	6	4	8	6	8	6	8	7	7	7	7	7	2
	8	14	10	12	12	12	14	15	14	11	13	12	12	11	14	13	12	13	9	9	12	10	12	8	13	8	12	14	10	11	13	10	10	10	8	9	12	10	8	8	9	8	9	10	9	8	10	9	9	8	9	8	7	10	8	7	8	8	7	6	6	12	8	7	10	9	8	7	6	10	8	8	6	6	9	11	7	7	5	7	7	7	6	7	8	11	7	6	4	8	6	8	6	8	8	8	7	7	7	2
	8	14	11	12	12	12	14	15	14	11	14	12	12	11	14	13	12	13	9	9	12	10	12	8	13	8	12	14	10	12	13	10	10	10	8	9	12	11	8	8	9	8	9	10	9	8	10	9	9	8	9	9	7	10	8	7	8	8	7	6	7	12	8	7	10	9	9	7	7	10	8	8	6	6	9	11	7	7	5	7	7	7	6	7	9	12	7	6	4	8	6	8	6	8	8	8	7	7	7	2
	8	15	11	13	12	12	14	15	14	11	14	12	12	11	14	13	12	13	9	9	12	10	12	8	13	8	12	14	10	12	13	10	10	10	8	9	12	11	8	9	9	8	9	10	9	8	10	9	10	8	9	9	8	10	8	8	8	8	7	6	7	13	8	7	10	9	9	7	7	10	8	8	6	6	10	12	7	7	6	7	7	7	6	7	9	12	7	6	4	8	6	8	6	8	8	8	7	7	7	2
	8	15	12	13	13	12	14	15	14	11	14	12	12	11	14	13	12	13	9	9	12	10	12	8	13	8	12	14	10	12	13	10	10	10	8	9	12	11	9	9	9	8	9	10	9	8	10	9	10	9	9	10	8	10	8	8	9	8	7	6	7	13	9	7	10	10	10	7	7	10	8	8	6	6	10	12	7	7	6	7	7	7	6	7	9	12	7	6	5	8	6	8	6	8	8	8	7	7	7	2
	8	15	12	14	13	13	14	15	14	11	14	12	12	11	14	13	12	13	9	9	12	10	12	8	13	8	12	14	11	12	13	10	10	10	8	9	12	11	9	9	9	8	10	10	9	8	11	9	10	9	9	10	8	10	8	9	9	8	8	6	7	13	9	7	10	10	10	8	7	10	8	9	6	6	10	12	7	7	6	7	7	7	6	7	9	12	7	6	5	9	6	8	6	8	8	8	7	7	7	2
	8	15	12	14	14	13	15	15	14	11	14	12	12	11	14	13	12	13	10	9	12	10	12	8	13	8	12	14	11	12	13	10	11	10	8	9	13	11	9	9	9	8	10	10	9	9	11	9	10	9	9	10	8	10	8	9	9	9	8	6	7	13	9	7	10	10	10	8	8	10	9	9	6	6	10	12	7	7	6	7	7	7	6	7	9	12	7	6	5	9	6	8	6	8	8	8	7	7	7	3
	8	15	12	14	14	14	15	15	14	11	14	12	12	11	14	13	13	13	10	10	12	10	12	9	13	8	13	14	11	12	13	10	11	10	9	9	13	11	9	9	9	8	10	10	9	9	11	10	10	9	9	10	8	10	8	9	9	9	8	6	7	13	9	7	10	10	10	8	8	10	9	9	6	6	10	12	7	7	7	7	8	7	6	7	9	12	7	6	5	9	6	8	6	8	8	8	7	7	8	3
	8	15	12	14	14	14	15	15	14	12	14	12	12	12	15	13	13	14	10	10	12	10	12	9	14	8	13	15	11	12	13	10	11	10	9	9	13	11	9	9	9	8	10	10	9	9	12	10	10	9	9	10	8	10	8	9	9	9	8	6	7	13	9	7	10	10	10	8	8	10	9	9	6	6	10	12	7	7	7	7	8	8	6	7	9	12	7	6	6	9	6	8	6	8	8	8	7	8	8	3
	8	15	12	14	14	14	15	15	15	12	14	12	13	12	15	14	13	14	11	10	12	10	12	9	14	9	13	15	12	12	13	10	11	10	9	9	14	11	9	9	9	8	10	10	9	9	12	10	10	9	9	10	8	10	8	9	9	9	8	6	7	13	9	7	10	10	10	8	8	10	9	9	6	6	10	12	7	8	7	7	8	8	7	7	9	12	7	7	6	9	6	8	6	8	8	8	7	8	8	3
	8	15	12	14	14	14	15	16	15	12	14	13	13	12	15	14	14	14	11	10	12	10	12	9	14	9	14	15	12	13	13	10	11	10	9	10	14	12	9	9	9	8	10	10	9	9	12	10	10	9	9	10	8	10	8	9	9	9	8	6	7	13	9	7	10	10	10	8	8	10	9	9	7	6	10	12	8	8	7	7	8	8	7	7	9	12	8	7	6	9	6	8	6	8	8	8	7	8	8	3
	8	15	12	14	14	14	16	16	15	12	14	13	13	12	15	14	14	15	11	10	12	10	13	9	14	9	14	16	12	13	13	10	11	10	9	10	14	12	9	10	9	8	10	10	9	10	12	11	10	9	9	10	8	10	8	9	9	9	8	6	7	13	9	7	10	10	10	8	8	10	9	9	7	7	10	13	8	8	7	7	8	8	7	7	9	13	8	7	6	9	6	8	6	8	8	8	7	8	8	3
	8	15	12	14	14	15	16	16	15	12	14	13	13	12	15	14	14	15	12	10	12	11	13	9	14	9	14	16	12	13	13	10	11	10	9	10	14	13	9	10	9	8	10	10	9	10	12	11	10	10	9	10	8	10	9	9	9	10	8	6	7	13	9	7	10	10	10	8	8	10	9	9	7	7	11	13	8	8	7	7	8	8	7	8	9	13	8	7	6	9	6	8	6	8	9	8	7	8	8	3
	8	15	12	14	15	15	16	16	15	12	14	13	13	12	15	14	14	15	12	10	12	11	13	9	14	9	14	16	12	14	13	11	11	10	9	10	14	13	9	10	9	8	10	10	10	10	12	11	11	10	9	10	8	10	9	9	9	10	9	7	7	13	9	7	11	10	10	8	8	10	9	9	7	7	11	13	8	8	7	7	8	8	7	8	10	13	8	7	6	9	6	8	6	9	9	8	7	8	8	3
	8	15	12	15	15	15	16	16	15	12	14	13	13	12	15	14	14	15	12	10	12	11	13	9	14	9	14	16	12	14	14	11	11	11	9	10	14	13	9	11	9	8	10	10	10	10	12	11	11	11	9	10	8	11	9	9	9	10	10	7	7	13	9	7	11	10	10	8	8	11	9	9	7	7	12	13	8	8	7	7	8	8	7	8	10	13	8	7	6	9	6	8	7	9	9	8	7	8	8	3
	8	15	12	15	15	15	16	16	15	12	14	13	14	12	15	14	14	15	12	10	12	11	13	9	14	9	14	16	12	15	14	11	11	11	9	10	14	13	10	11	10	8	10	11	11	10	12	11	11	11	9	10	8	11	9	9	9	10	10	7	7	13	9	7	12	10	10	8	9	11	9	9	7	7	12	13	8	8	8	7	8	8	7	8	10	13	8	7	6	9	6	9	7	9	9	8	7	8	8	3
	8	15	12	15	15	15	16	16	15	12	14	13	14	12	15	14	14	15	12	11	12	11	14	9	14	9	14	16	13	15	14	11	11	11	10	10	14	13	10	11	10	8	10	11	11	10	12	11	11	11	10	10	9	11	10	9	9	10	10	7	7	13	9	7	12	10	10	8	9	11	9	9	7	7	12	13	8	9	8	8	8	8	7	8	10	13	8	7	6	9	7	9	7	9	9	8	7	8	8	3
	8	15	12	15	15	15	16	16	15	13	14	13	14	12	15	14	14	16	12	11	12	12	14	9	15	9	14	16	13	15	14	11	11	11	10	10	14	13	10	11	10	8	10	11	12	10	12	11	11	11	10	10	9	11	10	9	9	10	10	7	7	14	9	8	12	10	10	8	9	11	9	9	7	7	12	13	8	9	8	8	9	8	7	8	10	13	8	7	7	10	7	9	7	9	9	8	7	8	8	3
	8	15	12	15	15	15	16	16	16	13	14	13	14	12	16	14	14	16	13	11	12	12	14	9	15	9	14	16	13	15	14	12	11	12	10	10	14	13	10	11	10	8	10	11	12	10	12	11	11	11	10	10	9	11	10	9	9	10	10	7	7	14	9	8	12	10	10	8	9	11	10	10	8	7	12	13	8	9	8	8	9	8	7	8	10	13	8	7	7	10	7	9	7	9	9	8	7	9	9	3
	8	15	12	15	16	15	16	17	16	13	14	13	14	12	16	14	14	16	13	11	12	12	14	10	15	9	14	16	13	16	15	12	11	12	10	10	14	13	10	11	10	8	10	11	12	10	12	11	11	11	10	10	9	11	10	9	9	10	10	7	8	14	10	8	12	10	10	8	9	11	10	10	8	7	12	13	8	9	8	8	9	9	7	8	10	13	8	8	7	10	7	9	7	9	9	8	7	9	9	4
	8	15	12	16	16	15	17	17	16	13	14	13	15	12	16	14	14	16	13	11	12	12	14	10	15	9	14	16	13	16	15	12	11	12	10	10	14	13	10	12	11	8	10	11	12	10	12	11	11	11	11	11	9	11	10	9	9	10	10	7	8	14	10	8	12	10	10	8	9	11	10	10	8	7	12	13	8	9	8	8	9	9	8	8	10	13	9	8	7	11	7	9	7	9	9	8	7	9	9	4
	8	15	13	16	16	16	17	17	16	13	14	14	15	12	16	14	14	16	13	11	12	12	14	10	15	9	14	16	13	16	15	12	11	12	10	10	14	13	10	12	11	9	11	11	12	10	12	11	11	12	11	11	9	11	10	9	9	10	10	7	8	15	10	8	12	10	10	8	9	11	10	10	8	7	12	13	8	9	9	8	9	9	8	9	10	14	9	8	7	11	7	9	7	9	9	8	7	9	9	4
	8	16	13	16	17	16	17	17	16	13	14	14	15	12	16	14	14	16	13	11	12	13	14	10	15	9	14	16	13	16	15	13	12	12	10	10	14	13	10	12	11	9	11	11	12	10	12	11	11	12	11	11	9	11	10	9	9	10	10	8	8	15	10	8	12	10	10	8	9	12	11	10	8	8	12	13	8	9	9	8	9	9	8	9	10	14	9	8	7	11	7	9	7	9	10	8	7	9	9	4
	9	16	13	17	17	16	17	17	16	13	15	14	15	12	16	14	14	16	13	11	12	13	15	10	15	9	14	16	13	16	15	13	12	13	10	10	14	13	10	12	11	9	11	11	12	10	12	11	11	13	11	11	9	11	10	9	9	10	11	8	8	15	10	8	12	10	10	8	9	12	11	10	8	8	13	13	8	9	9	8	9	10	8	9	11	14	9	8	7	11	7	9	7	9	10	8	7	9	9	4
	9	17	13	17	17	16	17	17	16	13	15	14	16	12	16	14	14	16	13	11	13	13	15	11	15	9	14	16	13	16	15	13	12	13	11	10	14	13	10	12	11	9	11	11	12	10	12	11	12	13	11	11	9	11	10	9	9	11	11	8	8	15	10	8	12	11	10	8	9	12	11	10	8	8	13	13	8	9	9	8	9	10	9	9	11	14	9	8	7	11	7	9	7	10	10	8	7	9	9	4
	9	17	13	17	17	16	17	17	16	13	15	15	16	13	16	14	14	16	13	11	13	13	15	11	16	9	14	16	13	16	16	13	12	14	11	10	14	13	10	12	11	9	11	11	12	10	12	12	12	13	11	11	9	11	10	9	10	11	11	8	8	15	10	8	12	11	11	8	9	12	11	10	8	8	13	13	8	9	9	8	9	10	9	10	11	14	9	8	7	11	7	9	8	10	10	8	7	9	9	4
	9	17	13	17	17	16	17	17	16	13	15	15	16	13	17	14	14	16	13	11	13	13	16	11	16	10	14	16	13	16	16	13	12	14	11	10	14	13	10	12	12	9	11	12	12	10	13	12	12	13	11	11	9	11	10	10	10	11	11	8	8	15	10	8	12	11	11	9	9	12	11	10	9	8	13	13	8	9	9	8	9	10	9	10	11	14	9	8	7	11	7	10	8	10	10	8	7	9	9	4
	9	17	13	17	17	16	17	17	16	13	15	15	16	13	17	15	14	16	13	11	13	13	16	12	16	10	14	16	13	16	16	13	12	14	11	11	15	13	10	12	12	9	11	12	12	11	13	12	12	13	12	11	9	12	10	10	10	11	11	8	8	15	10	9	12	11	11	9	9	12	11	10	9	8	13	13	9	9	9	8	9	10	9	10	11	14	9	8	7	11	8	10	8	10	10	8	7	9	9	4
	9	17	13	17	17	16	17	17	16	13	15	15	16	14	17	15	14	16	13	11	13	13	16	12	16	10	15	17	13	16	16	13	12	14	12	11	15	13	10	12	12	9	11	12	12	11	13	12	12	13	12	11	10	12	11	10	10	11	11	8	8	16	10	9	13	11	11	9	9	12	11	10	9	8	13	14	9	9	9	8	10	10	9	10	11	14	9	8	7	11	8	10	8	10	10	8	7	9	9	4
	9	17	13	17	17	16	17	17	16	13	15	15	16	14	18	15	15	16	13	11	13	13	16	12	16	10	15	17	13	16	16	13	12	14	12	11	15	14	10	12	12	9	11	12	13	11	13	12	12	13	12	11	10	12	11	10	10	11	11	8	8	16	11	9	13	12	11	9	9	12	12	10	9	9	13	14	9	9	9	8	10	11	9	10	11	15	9	8	7	11	8	10	8	10	10	8	7	9	9	4
	9	17	13	17	17	16	17	17	16	13	15	15	16	14	18	16	15	17	13	11	13	13	16	12	16	10	15	17	13	16	16	13	12	14	12	11	15	14	11	12	12	9	11	12	13	11	13	12	12	13	12	11	10	13	11	10	10	11	11	8	8	17	11	9	13	12	11	9	9	12	12	11	9	9	14	15	9	9	9	8	10	11	10	10	11	15	9	8	7	11	8	10	8	10	10	9	7	9	9	4
	9	17	13	17	17	16	17	17	16	13	15	15	16	14	18	16	16	17	13	11	13	13	16	12	16	10	15	17	14	17	16	13	12	14	12	11	15	14	11	12	12	9	11	13	13	11	13	12	12	13	12	11	10	13	11	10	10	11	11	8	9	17	11	9	13	12	11	9	9	12	12	11	10	9	14	15	10	9	9	8	10	11	10	11	11	16	9	8	7	11	8	10	8	10	10	9	8	9	9	4
	9	17	13	17	17	16	17	18	16	13	15	15	16	14	18	16	16	17	14	12	13	13	16	12	16	10	15	17	14	17	16	13	12	14	12	11	15	14	11	12	12	9	11	13	13	11	13	12	12	13	13	11	11	13	11	10	10	11	11	8	9	17	11	9	13	12	11	10	9	12	12	11	10	10	14	15	10	9	9	8	10	11	10	11	12	16	9	8	7	11	8	10	8	10	10	10	8	10	9	4
	9	17	13	17	17	16	18	18	16	14	15	15	16	14	18	16	16	17	14	12	13	13	16	12	16	10	15	17	14	18	16	13	12	14	12	11	15	14	11	12	12	9	11	13	13	11	13	12	12	13	13	12	11	13	11	10	10	11	11	8	9	17	11	10	14	12	11	10	10	12	12	11	10	10	14	15	10	9	9	8	10	11	10	11	12	17	9	8	8	11	8	10	8	10	10	10	9	10	9	4
	9	17	13	17	17	17	18	18	17	14	15	15	16	14	18	16	16	17	14	12	13	13	16	12	16	10	15	17	14	18	16	13	12	14	12	11	15	14	11	13	12	10	11	13	13	11	13	12	12	13	13	12	11	13	12	10	10	11	11	8	9	17	12	10	14	12	11	10	10	12	12	11	10	10	14	16	10	10	10	8	10	11	10	11	12	17	9	8	8	11	8	10	8	10	10	10	9	11	9	4
	9	17	13	17	18	17	18	19	17	14	15	15	16	14	18	16	16	17	14	12	13	13	16	12	16	10	15	17	14	18	16	13	12	14	12	11	15	14	11	13	12	10	12	13	13	11	13	12	12	14	13	13	11	13	12	10	10	11	11	8	9	17	12	10	14	13	12	10	10	12	12	11	10	10	14	16	10	10	10	9	10	11	10	11	12	17	9	9	9	11	8	10	8	10	10	10	9	11	9	4
	9	17	13	18	18	17	19	19	17	14	15	15	16	14	18	16	16	17	14	12	13	13	16	12	16	10	15	17	14	18	16	13	13	14	12	11	15	14	11	13	12	10	12	13	13	11	13	12	12	14	13	13	11	13	12	10	10	11	11	9	9	18	12	10	14	13	12	11	10	12	12	11	10	10	15	16	10	10	10	9	10	11	10	11	12	17	10	9	9	12	8	10	8	10	10	10	9	11	10	4
	9	17	13	18	18	18	19	19	17	14	15	15	17	14	18	16	16	17	14	12	13	13	16	12	16	10	15	17	14	18	16	13	13	15	12	11	15	14	11	13	12	10	12	13	13	11	13	12	12	14	13	13	11	13	12	10	10	11	11	9	9	18	12	10	14	13	12	11	10	13	13	11	10	10	15	16	10	11	11	9	10	11	10	11	13	18	10	9	9	12	8	10	8	10	10	10	9	11	10	5
	9	17	14	18	18	18	19	19	17	14	15	15	17	14	19	16	16	17	14	12	13	13	16	13	16	10	15	17	14	18	16	13	13	15	12	11	15	14	11	13	12	10	12	13	13	11	13	12	12	14	13	13	11	13	12	10	10	11	12	9	9	18	12	10	14	13	12	11	11	13	13	11	10	10	15	16	11	11	11	9	11	11	10	11	13	18	10	9	9	13	8	10	8	11	11	10	9	11	10	5
	9	18	14	18	19	18	19	19	17	14	15	15	17	14	19	16	16	17	14	12	13	13	17	13	16	10	15	17	14	18	16	13	13	15	12	11	15	14	11	13	12	10	12	13	13	11	13	12	13	14	13	13	11	13	12	10	10	12	12	9	9	18	12	10	14	13	12	11	11	13	13	11	10	10	15	16	11	11	12	9	11	11	10	11	13	18	11	9	9	13	9	10	9	11	11	11	9	11	10	5
	9	18	14	19	19	18	19	19	17	14	16	16	17	14	19	16	16	17	14	12	13	13	17	13	16	10	15	17	14	18	16	13	13	15	12	11	15	14	11	13	12	10	12	13	13	11	13	13	13	14	13	13	11	13	12	10	11	12	12	9	9	18	12	10	14	13	12	11	11	14	13	11	10	10	15	17	11	11	12	9	11	11	11	11	13	18	11	9	9	13	9	11	9	11	11	11	10	11	10	5
	10	18	15	19	19	18	19	19	17	14	16	16	17	14	19	16	16	17	14	12	13	14	17	13	16	10	15	17	14	18	16	13	13	15	12	11	15	14	11	13	12	10	12	13	13	11	14	13	13	14	13	13	11	13	12	11	11	12	12	10	9	18	12	10	14	13	12	11	11	14	13	12	10	10	15	17	11	11	12	9	11	12	11	11	13	19	11	9	9	13	9	11	9	11	11	11	10	12	10	5
	10	19	15	19	19	18	19	19	17	14	17	16	17	14	19	16	16	17	14	12	13	14	17	13	16	10	15	17	14	18	16	14	13	15	12	12	15	14	11	13	12	10	12	13	13	12	14	13	13	15	13	13	11	13	12	11	11	12	12	10	9	18	12	10	14	13	12	11	11	14	14	12	11	10	16	17	11	11	12	9	11	12	11	11	13	19	11	9	10	13	9	11	9	11	11	11	10	12	10	5
	10	19	15	19	19	18	19	19	17	14	17	17	17	14	19	16	16	17	14	12	13	15	17	13	16	11	15	17	14	18	17	14	13	15	13	12	15	14	12	13	12	10	12	13	13	12	14	13	13	15	13	13	11	13	12	11	11	12	12	10	9	19	12	10	14	13	12	11	11	14	14	12	11	11	16	17	11	11	12	9	11	12	11	12	13	19	11	10	10	13	9	11	9	11	11	11	10	12	10	5
	10	19	15	19	19	18	19	19	17	14	17	17	18	14	19	16	16	17	14	12	14	15	18	13	17	11	15	17	15	18	17	14	13	16	13	12	15	14	12	13	12	10	12	13	13	12	14	13	13	15	13	13	11	13	12	11	11	12	12	10	10	19	12	11	14	13	12	11	11	14	14	12	11	11	16	17	11	12	12	9	11	12	11	12	14	19	11	10	10	13	9	11	9	11	11	11	10	12	10	5
	10	19	15	19	19	18	19	19	17	14	18	17	18	15	19	16	16	18	14	12	14	15	18	14	17	11	15	17	15	18	17	15	14	16	13	12	15	14	12	13	12	10	12	13	13	12	14	13	13	15	14	13	11	14	12	11	11	12	12	10	10	19	12	11	14	13	12	11	12	14	14	12	11	11	16	17	11	12	12	9	11	12	11	12	14	19	11	10	10	13	9	11	9	12	11	11	10	12	10	5
	11	19	15	19	19	18	19	20	17	14	18	17	18	15	20	16	16	18	14	12	14	15	18	14	17	11	15	17	15	18	17	15	14	17	13	12	15	14	12	13	13	11	12	14	14	12	14	13	13	15	14	13	11	14	12	11	11	13	12	10	10	19	12	11	14	13	12	11	12	14	14	12	11	11	16	17	11	12	12	9	11	12	11	12	14	19	11	10	10	13	9	11	9	12	12	11	10	12	10	5
	11	20	15	19	19	18	20	20	17	14	18	17	18	15	20	17	16	18	14	12	14	15	18	14	17	11	15	17	15	18	18	15	14	17	14	12	15	14	12	13	13	11	13	14	14	12	14	14	13	15	14	13	12	14	13	11	11	13	12	10	10	19	12	11	14	13	12	11	12	14	14	12	11	11	16	17	11	12	12	9	11	12	11	12	14	20	11	10	10	13	9	11	9	12	12	11	10	12	10	5
	11	20	16	19	19	18	20	20	17	14	18	17	18	15	20	17	17	18	14	12	15	15	18	14	17	11	16	17	15	18	18	15	14	17	14	13	16	14	12	13	13	11	13	14	14	12	14	14	13	15	14	14	12	14	13	11	11	13	12	10	10	19	13	11	15	13	12	11	12	14	14	12	11	11	16	17	11	12	12	9	11	12	11	12	14	20	12	10	10	13	9	11	9	12	12	11	10	12	10	5
	11	20	16	19	19	18	20	20	17	14	19	17	19	15	20	17	17	19	14	12	15	15	18	14	17	11	16	18	15	18	18	15	14	17	14	13	16	15	12	13	13	11	13	14	14	12	15	14	13	15	15	14	12	14	13	11	11	13	12	10	10	20	13	11	15	14	12	11	12	14	14	12	11	11	16	17	11	12	12	9	11	12	11	12	14	20	12	10	10	13	9	11	9	12	12	11	11	12	10	5
	12	20	16	19	19	18	20	20	17	14	19	17	19	16	20	17	17	19	15	12	15	15	18	14	17	11	16	18	16	18	18	15	14	17	14	13	16	15	12	13	13	11	13	14	14	12	15	14	14	15	15	14	12	14	13	11	12	13	12	10	11	20	13	11	15	14	13	11	12	14	14	13	11	11	16	17	11	12	12	9	11	12	11	12	14	20	12	10	10	13	9	11	9	12	12	11	11	13	10	5
	12	21	16	19	19	18	20	20	17	14	19	17	19	16	21	17	17	19	15	13	15	15	18	14	17	11	16	18	16	19	18	15	14	17	14	13	16	15	12	13	13	11	13	14	14	12	15	14	14	15	15	14	12	14	13	11	12	13	13	10	11	20	13	11	15	14	13	12	12	14	15	13	11	11	16	17	12	12	12	9	11	12	12	12	14	20	12	10	11	13	9	11	9	12	12	11	11	13	10	5
	12	21	17	19	19	18	20	20	17	15	19	17	19	16	21	18	17	19	15	13	15	15	18	14	17	11	16	18	16	19	18	15	14	17	14	13	16	15	12	14	13	11	13	14	14	12	15	14	14	15	15	14	12	14	13	11	12	13	13	11	11	20	13	11	15	14	13	12	12	14	15	13	11	11	16	17	12	13	12	9	12	12	12	12	14	20	13	11	11	13	9	11	10	12	12	11	11	13	10	5
	12	21	17	20	19	18	20	20	18	15	19	17	19	16	21	18	18	19	15	13	15	15	18	14	17	11	16	18	16	19	18	15	14	17	14	13	16	15	12	14	13	11	13	14	14	12	15	14	14	16	15	14	12	14	13	11	12	13	13	11	11	20	13	11	15	14	13	12	12	15	15	13	11	11	16	17	12	13	13	9	12	12	12	12	14	20	13	11	11	13	10	11	10	13	12	12	12	13	10	5
	12	21	17	20	20	18	20	21	18	15	19	17	19	16	21	18	18	20	15	13	15	15	18	14	17	11	16	18	16	19	18	15	14	17	14	13	16	15	12	14	13	11	13	14	14	12	15	14	14	16	15	14	12	14	13	11	12	13	13	12	11	20	13	11	15	14	13	12	12	15	15	13	11	11	16	17	12	13	13	10	12	12	12	12	15	21	13	11	11	14	10	12	10	13	12	12	12	14	10	5
	12	21	17	20	20	18	21	21	18	15	19	17	19	16	22	18	18	20	15	13	15	15	18	14	17	11	16	19	16	19	18	15	14	17	14	13	16	15	12	14	13	11	13	14	14	12	15	14	14	16	15	14	12	14	13	11	12	13	14	12	11	20	13	11	15	14	13	12	12	16	15	13	11	11	17	18	12	13	13	10	12	12	12	12	15	21	13	11	12	14	10	12	11	13	12	12	12	14	11	5
	12	21	17	20	20	19	21	21	18	15	19	17	19	16	22	19	18	20	15	13	15	15	18	14	17	11	16	19	16	19	18	15	14	17	14	13	17	15	12	14	13	11	13	14	14	12	15	14	14	16	15	14	12	14	13	11	12	13	14	12	11	20	13	11	15	15	13	12	13	16	15	13	11	12	17	18	12	14	14	10	12	12	12	12	15	21	13	11	12	14	10	12	11	14	12	12	12	14	11	6
	12	21	17	20	21	19	21	21	18	15	19	17	19	16	22	19	18	20	15	13	15	15	18	14	17	12	16	19	16	19	18	15	14	17	14	13	17	15	12	14	13	11	13	14	14	12	16	14	14	16	15	14	12	14	13	12	12	14	14	12	11	20	13	11	15	15	13	12	13	16	15	13	12	12	17	18	13	14	14	10	12	12	12	12	16	21	13	11	12	15	10	12	11	14	12	12	12	14	12	6
	12	21	17	20	21	19	21	21	18	15	19	17	19	17	22	19	18	20	15	13	15	15	18	14	18	12	16	19	16	19	18	15	14	17	14	13	17	15	12	14	13	11	13	14	14	13	16	15	14	16	15	14	12	14	14	12	12	14	14	12	11	20	13	11	15	15	13	12	13	16	15	13	12	12	17	19	13	14	14	11	12	12	12	13	16	22	13	11	12	15	10	12	11	14	12	12	12	15	12	6
	12	21	17	20	21	19	21	21	18	15	19	17	19	17	22	19	18	20	15	13	15	15	18	15	18	12	16	19	16	19	18	15	14	18	14	13	18	15	12	14	13	11	13	14	15	13	16	15	14	16	15	14	12	15	14	12	12	14	14	12	11	20	13	11	15	15	13	12	13	17	15	13	12	12	18	19	13	14	14	11	12	12	13	13	16	22	13	12	12	15	10	12	11	14	13	12	12	15	12	6
	12	21	17	20	21	19	21	21	18	15	19	17	19	17	22	19	18	20	15	13	15	15	19	15	18	12	16	19	16	19	18	15	15	18	14	14	18	15	12	14	13	11	13	15	15	13	16	15	14	16	15	14	12	15	14	12	12	14	14	13	11	20	13	12	15	15	13	12	13	17	15	13	12	13	18	19	14	14	14	11	12	12	13	13	16	22	13	12	12	15	10	13	11	14	13	13	12	15	12	6
	12	21	17	20	21	19	21	21	18	15	19	17	19	17	22	19	18	20	15	13	15	16	19	15	18	12	16	19	16	19	18	16	15	18	14	14	18	15	12	14	13	11	13	15	15	14	16	15	14	17	15	14	13	15	14	12	12	14	14	13	11	20	14	12	15	15	13	12	13	17	15	13	13	13	18	20	14	14	14	11	12	12	13	13	16	22	14	12	12	15	11	13	11	14	13	13	12	15	12	6
	12	21	17	20	21	19	21	21	18	15	19	18	19	17	22	19	18	20	15	13	15	16	19	15	18	12	16	19	16	19	18	16	15	18	14	14	18	15	13	14	13	12	14	15	15	14	16	15	14	17	15	14	13	15	14	13	12	14	14	13	11	21	14	12	15	15	13	12	13	17	15	13	13	13	19	20	14	14	14	11	13	12	13	14	16	22	14	12	12	15	11	13	11	14	13	13	13	15	12	6
	12	21	17	20	21	19	21	21	18	15	20	18	19	17	22	19	18	20	15	13	15	16	19	15	18	12	16	19	16	19	18	16	15	18	14	14	18	16	13	14	14	12	14	15	15	14	16	15	14	17	16	15	13	15	15	13	12	14	14	13	11	21	14	12	15	15	13	12	13	17	16	13	13	14	19	20	14	14	14	11	13	12	14	14	16	22	14	12	12	15	11	13	11	14	13	13	13	16	12	6
	12	21	17	20	21	19	21	21	18	15	20	18	19	17	22	19	18	20	15	13	16	16	19	15	18	12	16	19	16	19	19	16	15	18	14	14	18	16	13	14	14	12	14	15	15	14	16	16	14	17	16	15	13	16	15	13	12	14	14	13	12	22	15	12	15	15	13	12	13	17	16	13	14	14	19	20	14	14	14	11	13	13	14	14	16	22	14	12	13	15	11	13	11	14	13	13	13	16	12	6
	12	21	17	20	21	19	21	21	18	15	20	18	19	17	22	19	18	20	15	13	16	17	19	15	18	12	16	19	16	19	19	17	15	18	14	14	18	16	13	14	14	12	14	15	15	14	16	16	14	17	17	16	14	16	15	13	12	15	14	13	12	22	15	12	15	15	13	12	13	17	17	14	14	14	19	20	14	15	14	11	13	13	14	15	16	22	14	12	13	15	11	13	11	14	13	13	13	16	12	6
	12	21	17	20	21	19	21	21	18	15	20	18	19	17	22	19	18	20	15	13	16	17	20	15	18	12	16	19	16	19	19	17	16	18	14	14	18	16	13	14	15	13	14	15	15	14	16	16	14	17	17	16	14	16	15	13	13	15	14	13	13	22	15	13	15	15	13	13	13	17	17	14	14	14	19	20	14	15	14	11	13	13	15	15	16	22	14	12	13	15	11	13	12	14	13	13	13	16	12	6
	12	21	17	20	21	19	21	21	18	15	20	18	20	17	22	19	18	20	15	13	16	17	20	15	18	12	16	19	16	19	20	17	16	19	14	14	18	16	13	14	15	13	14	15	15	14	16	16	14	17	18	16	14	16	15	14	13	15	14	13	13	23	15	13	16	15	14	13	13	17	17	14	14	14	19	20	14	15	14	11	13	13	15	15	16	22	14	12	13	15	11	14	12	15	13	13	13	16	12	6
	12	21	18	20	21	19	21	21	18	15	20	18	20	17	22	19	18	20	15	13	17	17	20	15	18	12	16	19	16	19	20	17	16	19	15	14	18	16	13	14	15	13	14	15	15	15	16	16	14	17	18	17	14	16	15	14	13	15	14	13	13	23	16	13	16	16	14	13	13	17	17	14	14	14	19	20	15	15	14	11	13	13	15	15	17	22	14	12	13	15	12	14	12	15	13	13	13	16	12	6
	12	22	18	20	21	19	21	21	18	15	21	18	20	17	22	19	18	20	15	13	17	17	20	15	18	13	16	19	16	19	20	17	16	19	15	15	18	16	13	14	15	13	15	15	15	15	16	16	14	17	18	17	14	16	15	14	13	15	14	13	13	23	16	14	16	16	15	13	13	17	17	14	14	14	19	20	15	15	14	11	14	13	15	15	17	23	14	13	13	15	12	14	12	15	13	13	13	16	12	6
	13	22	18	20	21	19	21	21	18	15	21	19	20	17	23	19	18	20	15	13	17	17	20	15	18	13	17	19	16	19	20	17	17	19	15	15	18	16	13	14	15	13	15	15	15	15	16	16	14	17	18	17	14	16	15	14	14	15	14	13	13	23	16	14	17	16	15	13	13	17	17	14	14	14	19	20	15	15	14	11	14	14	15	15	17	23	15	13	13	15	12	14	12	15	14	13	13	16	12	6
	13	23	18	20	21	19	21	21	18	15	21	19	20	17	23	20	19	20	15	13	17	18	20	16	18	13	17	19	16	19	20	17	17	19	15	15	18	16	13	14	15	13	15	15	15	15	16	16	14	17	18	17	14	16	15	14	14	15	14	13	13	23	16	14	17	17	15	14	13	17	18	14	14	14	19	20	15	15	14	11	14	14	15	15	17	24	15	13	13	15	12	14	12	15	14	14	13	16	12	6
	13	23	18	20	21	19	22	21	18	15	21	20	21	17	23	20	19	21	15	13	17	18	20	16	18	13	17	19	16	19	20	18	17	19	15	15	18	16	13	14	15	13	15	15	15	15	16	16	14	17	18	17	14	16	15	14	14	15	14	13	14	23	16	14	17	17	16	14	14	17	18	14	14	14	19	21	15	15	14	11	14	14	15	15	17	24	15	13	13	15	12	14	12	15	14	14	14	16	12	6
	13	23	18	21	21	19	22	22	18	15	21	20	21	17	23	20	19	21	16	13	17	19	20	16	18	13	17	19	16	19	20	18	17	19	15	15	18	16	13	14	15	13	16	15	15	15	16	16	14	17	18	17	14	16	15	14	14	15	15	13	14	24	16	14	17	17	16	15	14	17	18	14	14	14	20	21	15	15	14	11	14	14	15	15	17	24	15	13	13	15	12	14	12	15	14	14	14	17	12	6
	13	23	18	21	22	19	22	22	19	15	21	20	21	17	23	20	19	22	16	13	17	19	20	16	18	13	17	19	16	19	20	19	17	19	15	15	18	16	13	14	15	13	16	16	15	15	16	16	15	17	19	17	14	16	15	14	14	15	15	13	14	24	16	14	17	17	16	15	15	17	18	14	14	15	20	21	15	15	14	11	14	14	15	15	17	24	15	13	13	15	12	14	12	15	14	14	14	17	13	6
	13	23	18	21	22	19	22	22	19	16	21	20	21	17	24	20	19	22	16	13	17	19	20	16	18	13	17	19	17	19	20	19	17	20	15	15	18	17	13	14	16	14	16	16	15	15	16	16	15	17	19	17	14	16	15	14	14	15	16	13	14	24	16	14	17	17	16	15	15	17	18	14	15	15	20	21	15	15	14	11	14	14	15	15	17	24	15	13	13	15	12	14	12	15	14	14	14	17	13	7
	13	23	18	21	22	20	22	22	19	16	21	20	21	17	24	20	19	22	16	14	17	19	20	16	18	13	17	20	17	20	21	19	17	20	16	15	18	17	13	14	16	14	16	16	15	15	16	16	16	17	20	17	14	16	15	14	14	15	16	13	14	24	16	14	17	17	16	15	15	17	18	15	15	15	20	21	15	15	14	11	14	14	15	15	17	24	15	13	13	16	12	14	12	15	14	14	14	17	13	7
	13	23	18	21	22	20	23	22	19	16	21	20	21	17	24	20	19	22	17	14	18	19	20	16	18	14	17	20	17	20	21	19	17	20	16	15	19	17	13	15	16	14	16	16	15	15	16	16	16	18	20	18	14	16	15	14	14	15	16	13	14	25	16	14	17	17	16	15	15	17	18	15	15	15	20	21	15	15	15	11	14	14	15	15	17	24	15	13	13	16	12	14	12	15	14	14	14	17	13	7
	13	23	18	21	22	20	23	23	19	16	22	20	21	17	25	20	19	23	17	14	18	19	20	16	18	14	17	20	17	20	21	19	17	20	16	15	19	17	14	15	16	14	16	16	15	15	17	16	16	18	20	18	15	16	15	14	14	15	16	14	14	25	17	14	17	17	16	15	16	17	18	15	15	15	20	21	15	15	15	11	14	14	15	15	17	24	15	13	13	16	12	14	12	15	14	14	14	17	13	7
	14	23	18	21	23	20	23	23	19	16	22	20	21	17	25	20	20	23	17	14	18	19	20	16	18	14	17	21	18	20	21	19	17	20	16	15	19	17	14	15	16	14	16	17	15	15	17	17	16	18	20	18	15	16	15	14	14	15	17	14	14	25	17	15	17	17	16	15	16	18	18	15	15	15	20	21	15	15	15	11	14	14	15	15	17	24	15	13	13	16	12	14	12	15	14	14	14	17	13	7
	14	24	18	21	23	21	23	23	19	16	22	20	21	17	25	20	20	23	17	14	18	19	20	16	18	14	18	21	18	20	21	19	17	21	16	15	20	18	14	15	16	14	16	17	15	15	17	17	17	18	20	18	15	17	15	14	14	16	17	14	14	25	17	15	17	17	16	15	16	18	18	15	15	15	20	21	15	15	15	12	14	14	15	15	17	24	15	13	13	16	12	14	12	15	14	14	14	17	13	7
	14	24	19	21	23	21	24	23	19	16	22	20	21	17	25	20	20	23	17	14	18	19	20	16	19	15	18	21	18	20	21	19	17	21	16	15	20	18	15	15	16	14	16	18	15	15	18	17	17	19	20	18	15	17	15	14	15	16	17	14	14	25	17	15	17	17	16	15	16	18	18	15	15	15	20	21	15	15	15	12	14	14	15	15	17	24	15	13	13	17	12	14	12	15	14	14	14	17	13	7
	14	24	19	22	23	21	24	24	19	16	22	20	21	18	25	20	20	23	17	14	18	19	20	16	19	15	18	21	18	21	21	19	17	22	17	15	20	18	15	15	16	14	16	18	15	16	18	17	17	19	20	18	15	17	15	15	15	16	17	15	14	25	17	15	17	17	16	15	16	18	18	15	15	15	20	21	15	15	15	12	14	14	15	15	17	24	15	13	14	17	12	14	12	15	14	14	14	17	13	7
	14	24	19	22	23	21	24	24	20	16	22	20	22	18	26	20	20	23	17	15	18	19	20	16	19	15	18	21	18	21	21	19	18	22	17	16	20	18	15	15	16	14	16	18	16	16	18	17	17	19	20	18	15	17	16	15	15	16	17	15	14	25	17	15	17	17	16	15	16	19	18	15	15	15	20	21	15	16	15	12	14	14	15	15	17	24	15	13	14	17	12	14	12	15	14	14	14	17	13	7
	14	24	19	22	23	21	24	24	20	17	22	20	22	18	26	21	20	24	17	15	18	19	21	16	19	15	19	21	18	21	21	19	18	22	17	16	20	18	15	15	16	14	17	19	16	16	18	17	17	19	20	18	15	18	16	15	15	16	17	15	14	25	17	15	17	17	16	15	16	19	18	15	15	15	20	21	16	16	15	13	14	14	15	15	17	24	15	13	14	17	12	14	12	15	14	14	14	17	13	7
	14	24	19	22	23	22	24	24	21	17	22	20	22	18	26	21	21	24	17	15	18	19	21	16	19	15	19	22	18	21	21	20	19	22	17	16	20	18	15	15	16	14	17	19	16	16	18	17	17	19	20	18	16	18	16	15	15	16	17	15	14	25	17	16	17	17	16	15	16	19	18	15	15	15	20	21	16	16	15	13	14	14	15	15	17	24	15	14	14	18	12	14	12	15	14	14	14	17	13	7
	14	24	19	22	24	22	25	24	21	17	22	20	22	18	26	21	21	24	18	15	18	20	21	17	19	15	19	22	19	21	21	20	19	22	17	16	20	18	15	15	16	14	17	19	16	16	18	17	17	19	20	19	16	18	16	15	15	16	17	15	14	25	17	16	18	17	16	15	16	19	18	15	15	15	20	21	16	16	15	13	14	14	15	15	17	24	16	14	15	18	12	14	12	15	14	14	14	17	13	7
	14	24	19	22	24	23	25	24	21	17	22	21	22	18	27	21	21	24	18	15	18	20	21	17	19	15	19	22	19	22	21	20	19	23	17	16	20	19	15	15	16	14	17	19	16	16	18	17	17	19	20	19	16	18	16	15	15	16	17	15	14	26	17	16	18	18	16	15	16	19	18	15	15	15	20	21	16	17	15	13	14	14	15	15	17	25	16	14	15	18	12	14	12	15	14	14	14	17	13	7
	14	24	19	22	24	23	25	24	21	17	23	21	22	18	27	22	21	24	18	15	18	20	21	17	20	16	19	22	19	22	21	20	19	23	17	16	20	19	15	16	16	14	17	19	16	16	18	18	17	19	20	19	16	18	16	15	15	16	17	15	14	26	17	16	18	18	16	15	16	19	19	15	15	15	21	22	17	17	15	13	14	14	15	15	17	25	16	14	15	18	12	14	12	15	14	14	14	17	13	7
	14	24	19	22	24	23	25	24	21	17	23	21	22	19	27	22	21	24	18	15	19	20	21	17	20	16	20	22	19	22	21	20	19	23	18	16	20	19	15	16	16	14	17	19	16	16	18	18	17	20	20	19	16	18	16	15	15	17	17	15	14	26	17	16	18	18	17	15	16	19	19	15	15	15	21	22	17	17	15	13	15	14	15	15	18	25	16	15	15	18	12	14	12	15	14	14	14	17	13	7
	14	24	19	23	24	23	25	24	21	17	23	21	22	19	27	22	21	24	18	15	19	20	21	17	20	16	20	22	19	22	22	20	19	23	18	16	21	19	15	16	16	14	17	19	16	17	18	18	17	20	20	19	16	18	16	15	15	17	17	16	14	26	17	16	18	18	17	16	17	19	19	15	15	15	21	22	17	17	15	13	15	14	15	16	18	25	17	15	15	18	13	14	12	15	14	14	14	17	13	7
	14	24	20	23	24	23	25	24	21	17	23	21	22	19	27	22	21	24	18	15	19	20	21	17	20	16	20	22	19	22	22	20	19	23	18	16	21	19	15	16	17	14	17	19	16	17	19	19	17	20	20	19	16	18	16	15	16	17	17	16	14	26	17	16	18	18	17	16	17	20	19	15	15	15	21	22	17	17	16	13	15	15	16	16	18	26	17	15	15	18	13	14	12	15	14	14	14	17	13	7
	14	24	20	23	24	23	25	24	21	17	23	22	22	19	27	22	21	24	18	15	19	20	21	17	20	16	20	22	19	22	22	20	19	23	18	17	21	19	15	16	17	15	17	19	16	17	19	19	18	20	20	19	16	18	16	16	16	17	18	16	14	26	17	16	18	18	17	16	17	20	19	15	15	15	21	22	17	17	16	14	15	15	16	16	19	26	17	15	15	18	13	15	13	15	14	14	14	17	13	7
	14	24	20	23	24	23	25	24	21	17	23	22	22	19	27	22	21	24	18	15	19	21	21	17	20	17	20	22	19	22	22	20	19	23	18	17	21	19	16	16	17	15	17	19	16	17	19	19	18	20	21	19	16	18	17	16	16	17	18	17	14	26	17	16	18	18	17	16	17	20	19	15	15	15	21	22	17	17	16	14	15	15	16	17	19	26	17	15	15	19	14	15	13	16	14	14	14	17	13	7
	14	24	20	23	24	23	25	24	21	17	23	22	22	19	28	22	21	24	18	15	19	21	21	17	20	17	20	22	20	22	23	20	19	23	18	17	21	19	16	16	17	15	17	19	17	17	19	19	18	21	21	19	16	18	17	16	16	17	18	17	15	26	17	16	18	18	17	16	17	20	19	15	15	16	21	22	17	17	16	14	16	15	16	17	19	26	17	15	15	19	14	15	13	16	15	14	14	17	14	7
	14	24	20	23	24	23	25	24	21	17	23	22	22	20	28	22	21	25	18	15	19	21	21	17	20	17	20	22	20	22	23	20	19	24	18	17	21	19	17	16	18	15	17	19	17	17	19	19	18	21	21	19	16	18	17	16	16	17	18	17	15	27	17	16	18	18	17	16	17	20	20	15	16	16	21	22	17	17	16	14	16	15	16	17	19	26	17	15	15	19	14	15	13	16	15	15	14	18	14	7
	14	24	20	24	24	23	25	25	21	17	23	22	22	20	28	22	21	25	18	15	19	21	21	17	20	17	20	22	21	22	23	20	19	24	18	17	21	19	17	16	18	16	17	20	17	17	19	19	18	21	21	20	16	18	17	16	16	17	18	17	15	27	18	16	18	18	17	16	17	20	20	16	16	16	21	22	17	17	16	14	16	15	16	17	19	26	17	16	15	19	14	15	13	16	15	15	15	18	14	7
	14	24	21	24	24	23	25	25	22	17	23	22	22	20	28	22	21	26	18	15	19	21	21	17	20	17	20	22	21	22	23	21	19	24	18	17	21	19	17	16	18	16	18	20	17	17	19	19	18	21	22	20	17	18	17	16	16	17	18	17	15	27	18	16	18	18	17	16	17	20	20	16	16	16	21	22	17	17	16	14	16	16	16	17	19	26	18	16	16	19	14	15	13	16	15	15	15	18	14	7
	14	24	21	24	24	23	25	25	22	18	23	23	22	20	28	22	22	26	18	15	19	21	22	17	20	17	20	22	21	22	23	21	20	24	18	17	21	19	17	16	18	16	18	20	17	17	19	19	18	21	22	20	17	19	17	16	16	17	18	17	15	28	18	16	18	18	17	16	17	20	20	16	16	16	21	22	17	18	16	14	16	16	17	17	19	27	18	16	16	19	14	15	13	16	15	15	15	18	14	7
	14	25	21	24	24	23	25	25	22	18	23	23	23	20	28	22	22	26	18	16	19	21	22	18	20	17	20	23	21	22	23	21	20	24	18	17	21	19	17	16	18	16	18	20	17	17	19	19	18	21	22	20	17	19	17	16	16	17	18	17	16	28	18	17	18	18	17	16	17	20	20	16	16	16	22	22	18	18	16	14	16	16	17	17	19	27	18	16	16	19	14	16	13	16	15	15	15	18	14	7
	15	25	21	24	24	23	25	25	22	18	23	23	23	21	28	22	22	26	19	16	19	21	22	18	21	17	20	23	21	22	23	21	20	24	18	17	21	20	17	16	18	16	18	20	17	17	19	19	18	21	22	20	17	19	17	16	16	17	18	17	16	28	18	17	19	18	17	16	17	20	21	16	16	17	22	23	18	18	16	14	16	16	17	17	19	27	18	16	16	19	14	16	14	16	15	15	15	18	14	7
	15	25	21	24	25	23	25	25	22	18	24	23	23	21	29	22	22	26	19	16	19	21	22	18	21	17	20	23	21	23	23	21	20	24	18	17	22	20	17	16	18	16	18	20	17	17	19	19	18	21	22	20	17	19	17	16	16	17	18	17	16	28	18	17	19	19	17	16	17	20	21	16	16	17	22	23	18	18	16	14	16	17	17	17	20	28	18	16	16	19	14	16	14	17	15	15	15	18	14	7
	15	25	21	25	25	24	25	25	22	18	24	23	23	21	29	22	22	26	19	16	20	21	22	18	21	17	20	23	21	23	23	21	20	24	18	18	22	20	17	17	18	16	18	20	17	17	19	19	18	21	22	20	17	19	17	16	16	17	18	17	16	28	18	17	19	19	17	16	17	20	21	16	16	17	22	24	18	18	16	14	16	17	18	18	20	28	18	16	16	19	14	16	14	17	16	16	15	18	14	7
	15	25	22	25	25	24	26	25	22	18	24	23	23	21	29	22	22	26	19	16	20	22	22	18	21	18	20	23	21	23	23	21	20	24	18	18	22	20	17	17	18	16	18	20	17	17	19	19	18	22	22	20	17	19	17	16	16	17	18	17	16	28	18	17	19	19	17	16	17	20	21	17	17	17	22	24	19	18	16	14	16	17	18	18	20	29	18	16	16	19	14	16	14	17	16	16	16	18	14	7
	15	26	22	25	25	24	26	26	22	18	24	23	23	21	30	22	22	26	19	16	20	22	22	18	21	18	20	23	21	23	24	21	20	24	18	18	22	20	17	17	18	16	18	20	17	17	19	19	18	22	22	20	17	19	17	16	16	17	18	18	16	29	19	17	19	19	17	16	17	20	21	17	17	17	22	24	19	19	16	14	16	17	18	18	20	29	19	16	16	19	14	16	14	17	16	16	16	19	14	7
	16	26	22	25	25	24	26	26	22	18	24	23	23	22	30	22	22	27	19	16	20	22	22	18	21	18	20	23	21	23	24	21	20	24	18	18	22	20	17	17	19	16	18	20	17	17	19	19	18	22	23	21	17	19	17	16	16	17	18	18	16	29	19	17	19	19	17	16	17	21	21	17	17	17	22	24	19	19	16	14	16	17	18	18	20	29	19	17	17	19	14	16	14	17	16	16	16	19	15	7
	16	26	22	26	25	24	26	26	23	18	25	23	23	22	30	22	22	27	19	16	20	22	22	18	21	18	20	23	21	23	25	21	20	24	18	18	22	20	17	17	19	17	18	20	17	17	19	19	18	22	23	21	17	19	17	16	16	17	18	18	17	29	19	17	19	19	17	16	17	21	21	17	17	17	22	24	19	19	17	15	16	17	18	18	20	29	19	17	17	19	14	16	14	17	16	16	16	20	15	8
	16	26	23	26	25	24	26	26	23	19	25	23	23	22	30	22	22	27	19	16	21	22	22	18	21	18	20	23	21	23	25	22	20	24	18	18	22	20	17	17	19	17	19	20	17	17	19	19	18	22	23	21	17	19	17	16	16	17	18	18	17	29	19	17	19	19	17	16	18	21	22	17	17	17	22	24	19	19	17	15	16	17	18	18	20	29	19	17	17	20	14	16	14	17	16	16	16	20	16	9
	16	27	23	26	25	24	26	26	23	19	25	23	23	22	30	22	22	27	20	16	21	23	23	18	21	18	20	23	21	23	25	22	20	24	18	18	22	20	17	17	19	17	19	21	17	17	19	19	18	22	23	21	17	19	17	16	16	18	18	18	17	29	19	17	19	19	17	16	18	21	22	17	17	17	22	24	19	19	18	15	17	17	18	18	20	29	19	17	18	21	14	16	14	17	16	16	16	20	16	9
	17	27	23	26	25	24	26	26	23	19	25	24	23	22	30	22	22	27	20	17	21	23	23	18	21	18	20	23	21	23	25	22	21	25	18	18	22	20	17	17	19	17	19	21	17	17	19	19	18	22	23	21	17	19	17	16	16	18	18	18	17	29	19	17	19	19	17	17	19	21	22	17	17	17	22	24	19	20	18	16	17	17	18	18	20	29	19	17	18	21	15	16	14	17	16	16	16	20	16	9
	17	27	23	26	25	24	26	26	23	19	26	24	24	22	30	22	22	27	20	17	21	23	23	19	21	18	20	23	21	24	25	22	21	25	19	18	22	20	17	17	19	17	19	21	17	17	19	19	18	22	23	21	17	19	17	16	16	18	19	18	17	29	19	17	19	19	18	17	19	22	22	17	17	17	22	24	20	20	18	16	17	17	18	18	20	29	19	17	18	21	15	17	14	17	16	16	16	20	16	9
