	0	0	0	0	0	0	0	0	0	0	0	0	0	0	0	0	0	0	0	0	0	0	0	0	0	0	0	1	0	0	0	0	0	0	0	0	0	0	0	0	0	0	0	0	0	0	0	0	1	0	0	0	1	0	0	0	0	0	0	0	0	1	0	0	0	0	0	0	1	0	0	1	1	0	0	0	0	0	0	0	0	0	0	0	0	0	1	1	0	0	0	0	0	0	0	0	0	0	0	1
	0	0	0	0	0	0	0	0	0	0	0	0	0	0	0	0	1	0	0	0	0	0	0	0	0	0	0	1	0	0	0	0	0	0	0	0	0	1	0	0	0	0	1	0	0	0	0	0	1	0	1	0	1	0	0	0	0	1	0	0	0	1	1	1	0	0	0	0	1	0	0	1	1	0	0	0	1	1	0	0	0	0	0	0	0	0	1	1	0	0	0	0	0	0	0	0	0	0	1	1
	0	0	0	0	0	0	1	0	0	0	0	0	0	0	0	0	1	0	0	0	0	0	0	0	0	0	0	2	0	0	0	1	0	0	0	0	0	1	0	0	1	0	1	0	0	0	0	1	1	0	1	0	2	1	0	0	0	1	0	0	0	1	1	1	0	0	1	1	1	0	0	1	1	0	0	0	1	1	0	0	0	0	0	0	0	0	1	1	1	0	0	0	0	0	0	0	0	0	1	1
	0	0	0	0	0	1	1	0	0	0	0	0	0	0	0	0	2	0	0	0	0	1	0	0	0	0	0	2	0	0	1	1	0	0	0	0	1	1	0	0	1	0	2	1	0	0	0	1	1	0	1	0	2	1	0	1	1	1	0	0	0	1	1	1	0	0	1	1	1	0	0	1	1	0	0	0	1	2	0	0	0	0	0	0	0	0	1	1	1	0	0	0	0	0	0	0	0	0	1	1
	0	0	0	0	1	1	2	0	0	0	1	0	0	0	0	0	2	0	0	0	1	1	0	0	0	0	1	2	0	0	1	2	1	0	0	0	1	1	0	0	1	0	2	1	0	1	1	1	1	0	1	0	2	1	0	1	1	1	0	0	0	1	1	1	0	0	1	2	1	0	0	1	1	0	0	0	1	2	0	0	0	0	0	0	0	0	1	1	1	0	0	0	0	0	0	0	0	0	1	1
	1	0	0	1	1	2	2	0	0	0	1	0	0	0	0	1	2	0	0	0	1	2	1	0	0	0	1	2	0	0	2	2	1	0	1	1	1	1	0	0	1	0	2	1	0	1	1	1	1	0	1	0	2	1	0	1	2	1	0	0	0	1	1	1	0	0	1	2	1	0	0	1	1	0	0	0	1	2	0	0	0	0	0	0	0	0	1	1	1	0	0	0	0	0	0	0	0	0	1	1
	1	1	1	1	2	2	2	0	0	0	1	1	1	0	1	1	2	0	0	0	1	2	1	0	1	1	1	2	0	0	2	2	1	0	1	1	1	1	0	0	1	1	2	1	0	1	2	1	1	0	1	0	2	1	0	1	2	1	0	0	0	1	1	1	0	0	1	2	1	0	0	1	1	0	0	0	1	2	0	0	0	0	0	0	0	0	1	1	1	0	0	0	0	0	0	0	0	0	1	1
	2	1	1	2	2	2	2	0	0	0	2	1	2	1	1	2	2	0	0	0	1	2	1	1	1	1	2	2	0	0	2	2	1	0	1	2	1	1	0	0	1	1	2	1	0	1	2	1	1	0	1	1	2	1	0	1	2	1	0	0	0	1	1	1	0	0	1	2	1	0	0	1	1	0	0	0	1	2	0	0	0	0	0	0	0	0	1	1	1	0	0	0	0	0	0	0	0	0	1	1
	2	2	1	2	3	2	2	0	0	0	2	1	2	1	1	2	3	0	0	0	2	2	2	1	2	1	2	3	0	0	2	2	1	1	1	2	2	1	0	0	1	1	2	1	0	1	2	1	1	0	1	1	2	1	0	1	2	1	0	0	0	2	1	1	0	0	1	2	1	0	0	1	1	0	0	0	1	2	0	0	0	0	0	0	0	0	1	1	1	0	0	0	0	0	0	0	0	0	1	1
	2	2	1	2	3	3	2	1	0	0	2	2	2	1	1	2	3	1	0	0	2	3	2	1	2	1	2	3	0	0	2	3	1	1	2	2	2	2	0	0	1	1	2	1	1	1	2	1	1	0	1	1	2	1	0	1	2	1	0	0	1	2	1	1	0	0	1	2	1	0	0	1	1	0	0	0	1	2	0	0	0	0	0	0	0	0	1	1	1	0	0	0	0	0	0	0	0	0	1	1
	2	2	2	2	3	3	3	1	1	0	2	2	2	1	1	2	3	1	0	0	2	3	2	1	2	1	2	3	1	0	3	3	1	1	2	2	2	2	1	0	1	2	2	1	1	2	2	1	1	0	1	1	2	2	0	1	2	1	0	0	1	2	1	1	0	0	1	2	1	0	1	1	1	0	0	0	1	2	0	0	0	0	0	0	0	0	1	1	1	0	0	0	0	0	0	0	0	0	1	1
	2	2	2	3	3	3	3	2	1	1	2	2	2	1	1	2	3	1	0	0	2	3	2	1	2	1	2	3	1	1	3	3	1	1	2	2	2	3	1	0	2	2	2	1	1	2	2	1	1	0	1	2	2	2	1	1	2	1	0	0	1	2	1	1	1	0	1	2	1	0	1	1	1	0	0	0	1	2	0	0	1	0	0	0	0	0	1	1	1	0	0	0	0	0	0	0	0	0	1	1
	2	2	2	3	4	3	3	2	2	1	2	2	2	1	1	2	3	1	1	1	2	3	2	1	2	1	2	3	1	1	3	3	1	1	2	2	2	3	1	0	2	2	2	1	1	2	2	1	2	0	2	2	2	2	1	1	2	1	0	0	1	3	1	1	1	1	1	2	1	0	1	1	1	1	0	0	1	2	0	0	1	1	0	0	0	0	1	1	1	0	0	0	0	0	0	0	0	0	1	1
	2	2	2	3	4	4	3	2	2	2	2	2	2	1	1	2	3	2	1	1	2	3	2	1	2	1	2	3	1	2	3	3	1	1	2	2	2	3	1	0	2	2	2	1	1	2	2	1	2	0	2	2	2	2	1	1	2	2	0	0	2	3	1	1	1	1	1	2	1	0	2	1	1	1	1	0	1	2	0	0	1	1	1	0	1	0	1	1	1	0	0	0	0	0	0	0	0	0	1	1
	2	2	2	3	4	4	4	2	2	2	2	2	2	1	1	2	4	2	1	2	2	3	2	1	2	1	2	3	1	2	3	3	1	1	2	2	2	3	1	1	2	2	2	1	1	2	2	1	2	0	2	2	2	2	1	1	2	2	0	0	2	4	1	1	1	1	1	3	1	0	2	1	1	1	1	0	1	2	0	0	2	1	1	0	1	1	1	1	1	0	0	1	0	1	0	0	0	0	1	1
	2	2	2	3	4	4	4	3	2	2	2	2	2	1	1	3	4	2	1	2	2	3	2	1	2	1	2	3	1	3	3	3	1	1	2	2	2	3	1	1	2	2	2	1	1	2	2	1	2	1	2	2	2	2	1	1	2	2	0	0	2	4	1	1	1	1	1	3	2	0	2	2	1	1	1	1	1	2	0	0	2	2	1	0	1	1	1	1	1	0	1	1	1	1	0	0	0	0	1	1
	2	2	2	3	4	4	4	3	3	2	2	2	2	1	1	3	4	2	1	2	2	3	2	1	2	2	2	3	1	3	3	3	1	1	2	2	2	3	1	2	2	2	2	1	1	2	2	1	2	1	2	2	2	2	1	1	2	2	1	1	2	4	1	1	1	2	1	3	2	0	3	2	2	1	1	1	1	2	0	0	2	2	2	0	1	1	1	1	1	0	1	2	1	1	0	0	0	0	1	1
	2	2	2	3	4	4	4	3	3	3	2	2	2	1	1	3	4	2	1	2	2	3	2	1	2	2	2	3	1	3	3	3	1	1	3	2	2	3	1	2	2	2	2	1	1	2	2	1	2	2	2	2	2	2	2	1	2	2	2	1	3	4	1	2	1	2	1	3	2	1	3	3	2	1	1	1	1	2	0	0	2	2	2	0	1	1	1	1	1	0	2	2	1	1	0	0	0	0	1	1
	2	2	2	3	4	4	4	3	3	3	2	2	2	1	1	3	4	2	2	2	2	3	2	1	2	2	2	3	1	3	3	3	1	2	3	2	2	3	2	2	2	2	2	1	2	2	2	1	3	2	3	2	3	2	2	1	2	2	2	1	3	4	2	2	1	2	1	3	2	1	3	3	2	1	1	1	1	2	0	1	3	2	2	0	1	1	1	1	1	0	2	2	1	1	0	0	0	0	1	1
	2	2	2	3	4	4	4	3	3	3	2	2	2	1	1	3	4	2	2	2	2	3	2	1	2	2	2	3	2	4	3	3	2	2	3	2	2	3	2	2	2	3	3	2	2	2	2	2	3	2	3	3	3	2	2	1	2	2	2	1	3	4	2	2	1	2	1	3	2	1	4	3	2	1	1	1	1	2	1	1	3	2	2	0	1	1	1	1	1	0	2	2	1	1	0	0	0	0	1	1
	2	2	2	3	4	4	4	3	3	3	2	2	2	1	1	3	4	2	2	3	2	3	2	2	2	2	2	4	2	4	4	4	2	2	3	2	2	3	2	2	2	3	3	2	2	2	2	2	3	2	3	3	4	3	2	1	3	2	2	1	4	4	2	2	1	2	1	3	2	1	4	3	2	1	1	1	1	3	1	1	3	2	2	0	1	1	1	1	1	0	2	2	1	1	0	0	0	0	1	1
	2	2	2	3	4	4	4	3	3	4	2	2	2	2	1	3	4	2	2	3	3	4	2	2	2	2	3	4	2	4	4	4	2	2	3	2	2	3	2	2	2	3	3	2	2	2	2	2	3	2	4	3	4	3	2	1	3	2	2	1	4	4	2	3	2	2	2	4	2	1	4	3	2	1	1	1	1	3	1	1	3	2	2	0	1	1	1	1	1	0	2	2	1	1	0	0	0	0	1	1
	2	2	2	3	4	4	4	3	4	4	3	2	2	2	2	3	4	2	2	3	3	4	2	2	2	3	3	4	2	4	5	4	2	2	3	2	2	3	2	2	2	4	3	2	2	2	2	2	3	2	4	3	4	3	2	1	3	2	2	1	4	4	2	3	2	3	2	4	2	1	4	3	3	2	1	1	2	3	1	1	3	2	2	0	1	1	1	1	1	0	2	2	1	1	0	0	0	0	1	1
	3	2	2	3	4	4	4	3	4	4	3	2	2	2	2	3	4	3	2	3	3	4	2	2	3	3	3	4	2	4	5	4	2	2	3	3	2	3	2	2	3	4	3	2	2	2	2	2	3	2	4	4	4	3	3	1	3	2	2	1	4	4	2	3	2	3	2	4	2	1	4	3	3	2	1	2	2	3	1	1	3	2	3	1	1	1	1	1	1	0	2	2	1	1	0	0	0	0	1	1
	3	3	2	3	4	4	4	3	4	4	3	2	2	2	2	3	4	3	2	3	3	4	2	2	3	3	3	5	2	4	5	4	2	2	4	3	2	3	2	2	3	4	3	2	3	2	3	2	3	2	5	4	4	3	3	1	3	2	2	1	4	5	2	3	2	4	2	4	2	1	4	3	3	2	1	2	2	3	1	1	3	3	3	1	2	1	1	1	1	0	2	2	1	1	0	0	0	0	1	1
	3	3	2	3	4	4	4	3	4	4	3	3	2	2	2	3	4	3	2	3	3	4	2	2	3	3	4	5	2	4	5	4	2	2	4	4	2	3	2	2	3	4	3	2	3	2	3	2	3	2	5	4	4	4	4	2	3	2	2	1	5	5	2	3	2	4	2	4	2	1	4	4	3	2	2	2	2	3	1	1	4	3	3	1	2	1	1	1	1	0	2	2	1	1	0	0	0	0	1	1
	3	3	2	3	4	4	4	3	4	4	3	3	3	2	2	3	4	3	2	3	3	4	2	2	3	3	4	5	2	4	5	4	2	2	4	4	3	3	2	2	3	4	3	2	3	3	4	2	3	2	5	4	4	4	4	2	3	2	2	1	5	6	2	4	3	5	2	4	2	1	5	4	3	2	2	2	2	3	1	1	4	4	3	1	2	1	1	1	1	0	2	2	1	1	0	0	0	0	1	1
	3	3	2	3	4	4	4	3	4	4	3	3	3	2	2	3	4	3	2	3	3	4	3	2	3	3	4	5	2	4	5	4	2	2	4	4	3	4	2	2	3	4	3	2	4	3	4	3	3	2	5	4	5	4	5	2	3	2	2	1	6	6	3	4	3	6	2	4	2	1	5	4	3	2	2	2	2	3	1	1	4	4	3	1	2	1	1	1	1	0	3	2	1	1	0	0	0	0	1	1
	3	3	2	3	4	4	4	3	4	4	3	3	3	2	2	3	4	3	2	3	3	5	3	2	3	3	4	5	2	4	5	4	2	3	4	4	3	4	2	2	3	4	3	3	4	3	4	3	4	2	6	4	5	4	6	2	3	3	2	1	6	6	3	4	3	6	3	4	2	1	5	4	4	2	2	2	2	3	1	1	4	4	3	1	2	1	1	1	1	0	3	3	1	1	0	0	0	0	1	1
	3	3	2	3	4	4	4	3	4	4	3	3	3	2	2	3	4	3	2	3	3	5	3	2	3	3	4	5	2	4	6	4	3	3	4	4	3	4	2	2	3	4	4	3	5	3	4	3	4	2	6	5	5	4	6	2	3	3	3	1	6	6	3	4	3	6	3	5	3	1	5	4	4	3	2	2	2	3	1	1	4	4	3	1	2	1	1	1	1	0	3	3	2	1	0	0	0	0	1	1
	3	3	2	3	4	4	4	3	4	4	3	3	3	2	2	3	4	3	2	3	3	5	4	2	3	3	4	5	2	4	6	5	3	4	4	4	3	4	2	2	4	5	4	3	5	3	4	3	4	2	6	5	5	4	6	2	3	3	3	2	6	6	3	4	3	6	3	5	3	2	5	4	4	3	2	2	2	4	1	1	4	4	3	2	2	1	1	1	1	0	3	3	2	2	0	0	0	0	1	1
	3	3	2	3	4	4	4	3	4	4	3	3	3	2	2	3	4	3	2	3	3	6	4	3	3	3	4	5	2	4	7	5	4	4	4	4	3	4	2	2	4	5	4	3	5	3	4	3	4	3	7	5	5	4	6	2	3	3	3	2	6	6	3	4	3	6	3	5	3	2	5	4	4	3	2	2	2	4	1	2	4	4	4	2	2	1	1	2	1	0	3	3	2	2	1	0	0	0	1	1
	3	3	2	3	4	4	4	3	4	4	3	3	3	3	2	3	4	3	2	3	4	6	4	3	3	3	4	5	2	4	7	5	4	4	4	4	3	4	2	3	4	6	4	4	5	3	4	3	4	3	7	5	5	4	6	2	3	3	3	2	6	7	3	4	3	6	3	5	3	2	5	5	4	3	2	2	2	4	1	2	4	4	4	2	2	1	2	2	1	1	3	3	2	2	1	1	0	0	1	1
	3	3	2	4	4	4	4	3	4	4	4	3	3	3	2	3	4	3	2	3	4	6	4	3	3	3	4	5	2	4	7	5	4	4	4	4	3	4	3	3	4	6	4	4	5	3	4	3	4	3	7	6	5	5	6	2	3	3	3	2	6	7	3	4	3	6	3	5	3	2	6	5	4	3	2	2	2	4	1	2	4	5	4	2	2	1	2	2	2	1	3	3	2	2	2	1	1	0	1	1
	4	3	2	4	5	4	4	3	4	4	4	3	3	3	2	3	4	3	2	3	4	6	4	3	3	3	4	5	3	4	7	5	4	4	4	4	3	4	3	3	4	6	4	4	5	3	4	3	4	3	7	6	6	5	6	2	3	3	3	2	6	8	3	5	3	6	3	5	3	2	6	5	4	3	2	2	2	4	1	2	5	5	4	2	2	1	2	3	2	1	3	3	2	3	2	1	1	1	1	1
	4	4	2	4	5	5	4	3	4	4	4	3	3	3	2	3	4	3	3	3	4	6	4	3	3	3	4	5	3	4	7	5	4	4	4	4	3	4	3	3	4	6	4	4	5	3	4	3	4	3	7	7	6	5	6	2	3	3	3	2	6	8	4	5	3	6	3	5	3	2	6	5	5	3	2	2	3	4	1	2	5	5	4	2	2	1	2	3	2	1	4	3	3	3	2	1	1	1	2	1
	4	4	3	4	5	5	5	3	4	4	4	3	3	3	2	3	4	3	3	3	4	6	4	3	3	3	4	5	3	5	7	5	4	4	4	4	3	4	3	3	4	6	5	4	5	3	4	3	4	3	7	7	6	5	6	2	3	3	3	2	6	8	4	6	3	6	3	5	3	2	6	6	5	3	2	3	3	4	1	2	5	6	4	2	2	1	2	3	3	1	4	4	3	3	2	1	1	1	2	1
	4	4	3	4	5	5	5	4	4	4	4	4	3	3	2	3	4	3	3	4	4	6	4	3	3	3	4	5	3	5	7	6	4	4	4	4	3	4	3	3	4	6	5	4	5	3	4	3	4	3	7	7	6	6	6	2	3	3	3	2	6	8	4	6	3	6	3	5	3	2	7	6	5	3	2	3	3	5	1	2	5	6	5	2	2	2	2	3	3	1	5	4	3	3	2	1	1	1	2	1
	4	4	3	4	5	5	5	4	4	5	4	5	3	3	2	3	5	3	3	4	4	7	4	3	3	3	4	5	3	5	7	6	4	4	4	4	3	4	3	3	4	6	5	4	6	3	4	3	4	3	7	7	6	6	6	2	3	3	3	2	7	8	4	6	3	6	3	6	3	2	7	6	5	3	2	3	3	5	1	2	6	6	5	2	3	2	2	3	3	1	5	5	3	3	2	1	1	1	2	1
	4	4	3	4	5	5	5	4	5	5	4	5	4	3	2	4	5	3	3	4	4	7	5	3	3	3	4	5	3	5	7	6	4	5	4	4	3	4	3	3	4	6	5	4	6	3	4	3	4	3	8	7	6	6	6	2	4	3	3	2	7	8	4	6	3	6	3	6	3	2	8	6	5	3	3	3	3	5	1	2	6	7	5	2	3	2	2	3	3	1	5	5	3	3	2	1	1	1	2	1
	4	4	3	5	5	5	5	5	5	5	4	5	4	3	3	4	5	3	3	4	4	7	5	4	4	3	4	5	3	5	7	6	4	5	4	4	3	4	3	3	5	6	5	4	6	3	4	3	4	3	8	7	6	6	6	3	4	3	3	2	8	8	4	6	4	6	3	6	3	2	8	7	5	3	3	3	3	5	1	2	6	7	5	2	3	2	2	3	3	1	5	5	3	3	2	1	1	1	2	1
	4	4	4	5	6	5	6	5	5	5	4	5	4	4	3	4	5	3	3	4	4	7	5	4	4	4	4	5	3	5	8	6	4	5	4	4	3	4	3	3	5	6	5	4	6	4	4	3	4	3	9	7	6	7	6	3	4	3	3	2	8	9	4	6	4	6	3	6	3	2	8	7	5	3	3	3	3	5	1	2	6	7	5	2	3	2	2	3	3	1	5	5	3	3	2	1	1	1	2	1
	4	5	4	6	6	6	6	5	5	5	4	5	4	4	3	5	5	3	3	4	5	7	5	4	4	4	4	5	3	5	8	6	4	5	5	5	3	4	3	3	6	6	5	5	6	4	4	3	4	3	9	8	6	7	6	3	4	3	3	2	8	9	4	6	4	6	3	6	3	2	8	7	5	3	3	3	3	5	1	2	6	7	5	2	3	2	2	3	3	1	5	5	3	3	2	1	1	1	2	1
	5	5	5	6	6	6	6	5	5	5	5	5	4	4	4	5	5	3	3	4	5	7	5	4	4	5	5	5	3	5	8	6	5	5	5	5	3	4	3	3	6	6	5	5	7	4	4	3	4	3	10	8	7	7	6	3	4	3	3	2	8	9	4	6	4	6	3	6	3	2	8	7	5	3	3	3	3	5	1	2	6	7	5	2	3	2	2	3	3	1	5	5	3	3	2	1	1	1	2	1
	5	6	5	6	6	6	6	5	5	5	5	6	4	4	4	5	5	3	3	4	5	8	6	4	5	5	5	5	3	5	8	6	5	5	5	6	4	4	3	3	6	6	5	5	7	4	4	3	4	3	10	8	7	8	7	3	4	3	3	2	9	9	4	6	4	6	3	6	3	2	8	7	5	3	3	3	3	5	1	2	6	7	5	2	3	2	2	3	3	1	5	5	3	3	2	1	1	1	2	1
	5	6	6	6	6	6	6	5	5	5	5	6	5	4	4	5	5	3	3	4	5	8	6	4	5	5	5	5	3	5	9	7	5	5	6	6	4	4	3	3	6	6	5	5	8	5	5	3	4	3	10	8	7	8	7	3	4	3	3	2	9	9	4	6	5	6	3	6	3	2	9	7	5	3	3	3	3	5	1	2	6	7	5	2	3	2	2	3	3	1	5	5	3	3	2	1	1	1	2	1
	5	6	6	7	6	6	6	5	5	5	5	6	5	4	4	5	5	3	3	4	5	8	6	5	5	6	5	5	3	5	9	7	5	6	6	6	4	4	3	3	7	7	5	5	9	5	5	3	4	3	10	8	7	8	7	3	5	3	3	2	9	9	4	6	5	6	3	6	3	2	9	7	5	3	4	3	3	5	1	2	7	7	5	2	3	2	2	3	3	1	5	5	3	3	2	1	1	1	2	1
	5	6	6	7	7	6	6	5	5	5	5	6	5	5	4	6	5	3	3	4	5	8	6	5	5	6	5	5	3	5	9	7	5	6	6	6	4	4	3	3	7	7	5	6	9	5	5	3	4	3	11	9	7	9	7	3	5	3	3	2	9	9	4	6	5	6	3	7	3	2	9	7	5	3	4	4	3	5	1	2	7	7	5	2	3	2	2	3	3	1	6	5	3	3	2	1	1	1	2	1
	5	6	6	7	7	7	6	5	5	5	5	6	5	5	5	6	6	3	3	4	5	8	6	5	5	6	5	5	3	5	9	7	5	6	6	6	4	4	3	3	7	7	6	6	9	5	5	3	4	3	11	9	8	9	7	3	5	3	3	2	9	10	4	7	5	6	3	7	3	2	9	7	5	3	4	4	4	5	1	2	7	7	5	2	3	3	2	3	3	1	6	6	3	3	2	1	1	1	2	1
	5	6	6	7	7	7	7	5	5	5	5	6	5	5	5	7	6	3	3	4	5	8	6	5	5	6	5	6	3	5	9	7	6	6	6	6	4	4	3	3	7	7	6	6	9	5	5	3	4	3	11	9	8	9	7	3	5	3	3	2	9	10	5	7	5	6	4	7	3	2	9	8	5	4	4	4	4	5	1	2	7	7	5	2	4	3	2	3	3	1	6	6	4	3	2	1	1	1	2	1
	5	6	6	7	7	7	7	5	5	5	5	6	5	5	5	7	7	3	3	4	5	8	7	5	5	7	5	6	3	5	9	7	6	6	6	6	4	5	3	3	7	7	6	6	9	5	5	3	4	3	11	9	8	9	7	3	5	3	3	2	9	10	5	7	6	7	4	7	3	2	9	8	6	4	4	4	4	5	1	2	7	7	6	3	4	3	2	3	3	1	6	6	4	4	2	1	1	1	2	1
	5	6	6	7	7	7	7	5	5	5	5	6	5	5	5	7	7	3	3	4	5	9	7	5	6	7	5	7	3	5	9	7	6	6	6	6	4	5	3	3	7	7	6	6	9	5	5	4	4	3	11	9	8	9	8	4	5	3	3	2	9	10	5	8	6	7	4	7	3	2	9	8	6	4	4	4	4	5	1	2	7	8	6	3	5	3	2	3	3	1	6	6	4	4	3	1	1	1	2	1
	5	6	6	7	7	7	7	5	5	5	5	6	5	5	5	7	7	3	3	4	5	9	7	6	6	7	5	7	3	5	9	8	6	6	6	6	4	6	3	3	7	7	6	6	9	6	6	4	5	3	11	9	8	9	8	4	5	3	3	2	9	10	5	8	7	7	4	7	3	2	10	8	6	4	5	4	4	5	1	2	7	8	6	3	5	3	2	3	3	1	6	6	4	4	3	2	1	1	2	1
	5	6	6	7	7	7	7	5	5	5	5	6	5	5	5	7	7	3	3	4	5	9	8	6	6	7	5	7	3	5	9	8	7	6	6	7	4	6	4	3	7	7	6	6	9	6	6	4	5	4	11	9	8	9	8	4	6	3	3	2	10	10	5	8	7	8	4	7	3	2	10	8	6	4	6	4	4	5	1	2	7	8	6	3	5	3	2	3	3	1	6	6	4	4	4	2	1	1	2	1
	5	6	6	7	7	7	7	5	5	5	5	7	5	5	5	7	7	3	3	4	5	9	8	6	6	7	6	7	4	5	9	8	7	7	6	7	4	6	4	4	7	7	6	6	9	6	6	4	5	4	12	9	8	9	8	4	6	3	3	2	10	10	5	8	8	8	5	8	3	2	10	8	6	4	6	4	4	5	1	2	7	8	6	3	5	3	2	3	3	1	6	6	4	5	4	2	1	1	2	1
	5	6	6	7	7	7	7	5	5	5	6	7	5	5	5	7	7	4	3	4	5	9	8	6	6	7	6	8	4	6	9	8	7	7	7	7	4	6	4	4	8	7	6	6	9	6	6	4	5	4	12	9	8	10	8	4	6	4	3	2	10	10	5	8	8	8	5	8	3	2	10	8	6	4	6	5	4	5	1	2	7	8	6	3	5	3	2	3	3	1	6	6	5	5	4	2	1	1	2	1
	5	6	6	7	7	7	7	5	6	5	6	7	5	5	5	7	7	4	4	4	6	9	8	6	6	7	6	8	4	6	10	8	7	7	7	8	5	6	4	4	8	7	6	6	9	6	6	5	5	4	12	9	8	10	9	4	6	4	3	2	10	10	5	8	8	8	5	8	3	2	10	8	6	4	6	5	4	5	1	2	7	8	6	3	5	3	3	3	3	1	6	7	5	5	4	2	1	1	2	1
	5	6	6	7	7	7	7	5	6	6	6	7	5	5	5	7	7	4	4	5	6	10	8	6	6	8	6	8	4	6	10	8	7	7	7	8	5	6	4	4	8	8	6	6	9	6	7	5	6	4	12	9	8	10	9	5	6	4	3	2	10	10	5	8	8	8	5	8	3	2	10	8	6	4	6	5	4	5	1	2	7	8	6	3	5	3	3	4	3	1	7	7	5	5	4	2	1	1	2	1
	5	6	6	7	7	7	7	5	7	6	6	7	5	5	6	7	7	4	4	5	6	10	8	6	6	8	6	8	4	7	10	9	7	7	7	8	5	6	4	4	8	8	6	6	9	7	7	5	6	4	12	10	8	10	9	5	7	4	4	2	10	10	5	8	8	8	5	8	3	2	10	8	6	4	6	5	4	6	1	2	7	9	6	3	5	3	3	4	3	1	7	7	5	5	4	2	1	1	2	1
	5	6	6	7	7	7	7	6	7	6	6	7	5	6	6	7	7	4	4	5	6	10	8	6	6	8	6	8	4	7	10	9	7	7	7	8	5	6	5	4	8	9	6	6	10	7	7	5	6	4	12	10	9	10	9	5	7	4	4	3	10	10	5	8	8	8	5	9	4	2	11	8	6	4	6	5	4	6	1	2	7	9	6	3	5	3	3	4	3	1	7	7	5	5	4	2	1	1	2	1
	5	6	6	7	7	7	8	6	7	6	6	7	5	6	6	7	7	4	4	5	6	10	8	6	7	8	6	8	4	7	10	9	7	7	7	8	5	6	5	4	8	9	6	7	10	7	7	5	7	4	12	11	9	11	9	5	7	4	5	3	11	10	5	8	8	8	5	9	4	3	11	8	6	4	6	5	5	6	1	2	7	9	6	3	5	3	3	4	3	1	7	7	5	5	4	2	1	1	2	1
	5	6	6	7	7	8	8	6	7	6	6	7	5	6	6	7	7	4	4	5	6	10	8	6	7	8	6	8	4	7	10	9	7	8	7	8	5	7	5	4	8	9	7	7	10	7	7	5	7	5	13	11	10	11	9	5	7	4	5	3	11	10	5	9	8	8	6	9	4	3	11	8	6	4	6	5	5	6	2	2	7	9	6	3	5	3	3	4	3	1	7	7	5	5	4	2	1	1	2	1
	5	6	6	7	8	8	8	6	7	6	6	7	5	6	6	7	7	4	4	5	6	10	8	6	7	8	6	8	5	7	10	9	8	8	7	8	5	7	5	5	9	9	7	7	11	7	7	5	7	5	13	11	10	11	9	5	7	4	5	3	11	10	6	9	8	9	6	9	4	3	11	8	6	5	6	5	5	6	2	3	7	9	6	3	5	3	3	4	3	1	7	7	5	5	4	2	1	1	2	1
	5	6	6	8	8	8	8	6	7	6	6	7	5	6	6	7	7	5	4	5	6	10	8	7	7	8	6	8	5	8	10	9	8	8	7	8	5	7	5	5	9	9	7	7	11	7	7	5	7	5	14	12	10	12	9	5	7	4	5	3	11	10	6	9	8	9	6	9	4	3	11	8	7	5	7	5	5	6	2	3	7	9	6	3	5	3	3	4	3	2	7	7	5	5	4	2	1	1	2	1
	5	6	7	8	8	8	8	7	7	6	6	7	6	6	6	7	7	5	4	5	6	10	8	7	7	8	6	8	6	8	10	9	8	8	7	8	5	7	5	5	9	10	7	8	11	7	7	5	7	5	14	12	10	12	9	5	7	4	5	3	11	11	7	9	8	9	6	9	4	3	11	8	7	5	7	5	5	6	2	3	7	9	6	3	5	4	3	4	4	2	7	7	5	5	4	2	1	1	2	1
	5	7	7	8	8	8	9	7	7	6	6	7	6	7	6	7	7	5	4	5	6	10	8	7	7	8	6	8	6	8	11	9	8	8	7	8	5	8	5	5	9	10	7	8	11	7	7	5	7	5	14	12	11	12	9	5	7	4	5	3	11	11	7	10	8	9	6	9	4	3	11	9	7	5	7	6	5	7	2	3	7	9	6	3	5	4	3	4	4	2	7	7	5	5	4	2	1	1	2	1
	6	7	7	8	8	9	9	7	7	6	6	7	6	7	6	7	7	5	4	5	6	11	8	7	8	8	6	9	6	8	11	9	8	8	7	8	5	8	5	5	9	10	8	8	11	7	7	5	7	5	14	12	11	12	9	5	7	4	5	3	11	11	7	10	9	9	7	10	4	3	11	9	7	5	7	6	5	7	2	3	7	10	6	3	5	4	3	4	4	2	7	7	5	5	4	2	1	1	2	1
	6	7	7	8	9	9	9	7	7	6	7	7	6	7	6	7	8	5	4	5	6	11	9	7	8	8	6	9	6	8	11	9	9	9	7	8	5	8	5	5	9	10	8	8	11	7	7	5	7	5	14	12	11	12	9	6	7	5	5	3	11	11	7	10	9	10	7	10	4	3	11	9	7	5	7	6	5	7	2	3	7	10	6	3	5	4	3	4	4	2	8	7	5	5	4	2	1	1	2	1
	6	7	7	9	9	9	9	8	7	6	7	8	7	7	6	7	8	5	4	5	6	11	9	7	8	8	6	9	6	8	11	10	9	9	8	8	5	8	5	5	9	10	8	8	11	7	8	6	7	5	14	12	11	12	10	6	7	5	5	3	11	11	7	10	9	10	7	10	4	3	11	9	7	5	7	6	5	7	2	3	8	10	6	3	5	4	3	4	4	2	8	7	5	5	4	2	1	1	2	1
	6	8	8	9	9	9	10	8	7	6	7	8	7	8	6	7	8	5	4	5	6	11	9	7	8	8	6	9	6	8	11	10	9	9	8	8	6	9	5	5	9	11	8	8	12	8	8	6	7	5	14	12	11	12	10	6	7	5	5	3	11	11	7	10	9	10	7	10	4	3	12	9	7	5	7	6	5	7	2	3	8	10	6	3	5	4	3	4	4	2	8	7	5	5	4	2	1	1	2	1
	7	8	8	10	9	10	10	8	7	6	7	8	7	8	7	7	8	5	4	5	6	11	9	7	8	8	7	9	7	8	11	10	9	9	8	9	6	9	5	5	10	11	8	8	12	8	8	6	7	5	14	12	11	13	10	6	7	5	5	3	12	11	7	10	9	10	7	10	4	3	12	9	7	5	7	6	5	7	2	3	8	10	6	3	5	4	3	4	4	2	8	7	5	5	4	2	1	1	2	1
	7	8	8	10	10	10	10	8	7	6	8	8	7	9	7	8	9	6	4	5	6	11	9	7	8	9	7	9	7	8	11	10	9	9	8	9	6	9	5	5	10	11	8	9	12	8	8	6	7	5	15	12	11	13	10	6	7	5	5	3	12	12	7	10	9	10	7	10	4	3	12	9	7	5	7	6	5	7	2	3	8	10	6	3	5	4	3	4	4	2	8	7	5	5	4	2	1	1	2	1
	7	8	8	10	10	11	10	8	7	6	8	8	7	9	8	8	9	6	5	5	7	11	9	7	9	9	7	10	7	8	11	10	9	9	9	9	6	9	5	5	10	11	8	9	12	8	8	6	7	5	15	13	12	13	10	6	7	5	5	3	12	12	8	10	9	10	7	10	4	3	12	9	7	5	7	6	5	7	2	3	8	10	6	3	5	4	3	4	4	2	8	7	5	5	4	2	1	1	2	1
	7	8	8	10	10	11	11	8	7	6	8	8	7	10	8	8	9	6	5	5	7	12	9	8	9	9	7	10	7	9	11	10	9	10	9	9	6	10	5	5	10	11	9	9	12	8	8	6	7	5	15	13	12	13	10	6	7	5	5	3	12	12	8	11	9	10	7	10	4	3	12	10	7	5	7	6	5	7	2	3	8	10	6	3	5	4	3	4	4	2	8	7	5	5	4	2	1	1	2	1
	7	8	8	10	10	11	11	9	7	6	8	8	8	10	8	8	9	6	5	5	7	12	10	8	9	9	7	10	7	9	11	11	10	10	9	9	6	10	6	5	10	11	9	10	12	8	8	6	8	5	15	13	12	13	10	6	7	5	5	3	12	12	8	11	9	10	7	10	4	3	12	10	7	6	7	6	5	7	2	3	8	11	6	3	5	4	3	4	4	2	8	7	5	5	4	2	1	1	2	1
	7	8	8	10	10	11	11	9	8	6	8	9	8	10	8	8	9	6	5	5	7	13	10	8	9	9	7	10	7	9	12	11	10	11	9	9	6	10	7	5	10	11	9	10	13	8	8	6	8	5	15	13	12	13	10	6	7	5	6	3	12	12	8	11	9	10	7	10	4	3	12	10	7	6	7	6	5	7	2	3	8	11	6	4	5	4	3	4	4	2	9	7	5	5	4	2	1	1	2	1
	7	9	8	10	10	11	11	9	8	6	9	9	8	10	8	8	9	6	6	5	7	13	10	8	9	9	7	10	7	9	12	11	10	11	10	9	6	10	7	5	10	12	9	10	13	8	8	6	9	5	15	13	12	13	11	6	7	5	6	4	12	12	8	11	9	10	7	10	4	3	12	10	8	6	7	6	5	7	2	3	8	11	6	4	5	4	3	4	4	2	9	8	5	5	4	2	1	1	2	1
	8	9	9	10	10	11	11	9	8	7	9	9	8	10	8	8	9	6	6	5	7	13	10	8	9	9	7	10	7	9	12	11	10	11	10	9	6	10	7	5	11	12	9	10	13	9	8	6	9	5	15	13	12	13	11	6	7	6	6	4	12	12	9	11	10	10	7	10	4	4	12	10	8	6	7	6	5	7	2	3	8	11	7	4	5	4	3	4	4	2	9	8	5	5	4	2	1	1	2	1
	8	10	9	11	10	11	11	9	8	7	9	9	8	10	8	8	9	6	6	6	7	13	10	8	9	9	7	10	7	9	12	11	10	11	10	9	6	10	7	5	11	12	9	10	13	9	8	6	9	5	16	13	13	13	11	7	7	6	6	4	12	12	9	11	10	10	7	11	5	4	12	10	8	7	7	6	5	7	2	3	8	11	7	5	5	4	3	4	4	2	9	8	5	5	4	2	1	1	2	1
	8	10	10	11	11	11	11	9	8	7	9	9	8	10	8	8	9	6	6	6	7	13	10	8	9	9	7	10	7	10	12	11	10	11	10	9	6	10	7	5	11	12	9	10	13	9	8	6	9	5	16	13	13	14	11	7	8	6	6	4	13	12	9	11	10	10	7	11	5	4	12	10	8	7	8	6	6	7	3	3	8	11	7	5	6	4	3	4	4	2	9	8	5	5	4	2	1	1	2	1
	8	10	10	12	11	12	11	9	8	7	9	9	8	10	8	8	9	6	6	6	7	13	10	8	9	9	7	10	7	10	12	11	10	11	10	9	6	10	8	5	11	12	9	10	13	9	8	6	9	5	16	13	13	14	11	7	8	6	6	4	13	12	9	11	11	10	7	12	5	4	13	10	8	7	8	6	6	7	3	4	8	11	7	5	6	5	4	4	4	2	9	8	5	6	4	2	1	1	2	1
	8	10	10	12	12	12	11	9	8	7	9	9	8	10	9	8	9	6	6	6	7	13	10	8	9	9	7	10	7	10	12	11	10	11	10	9	6	10	8	5	11	12	9	10	13	9	8	6	10	5	16	13	13	14	11	7	8	6	6	4	13	13	9	11	11	10	8	12	5	4	13	10	8	7	9	6	6	7	3	4	8	11	7	5	6	5	4	5	4	3	9	8	6	6	5	2	1	1	2	1
	8	10	10	12	12	12	11	9	8	7	9	9	8	11	9	8	9	6	6	6	7	13	10	8	10	9	7	10	7	10	12	11	10	11	10	9	6	10	8	5	11	12	9	10	13	9	8	6	10	6	16	14	13	14	11	7	8	6	6	4	13	13	9	11	11	11	8	12	5	4	13	10	8	7	9	6	6	7	3	4	8	11	7	5	7	5	4	5	4	3	9	9	6	7	5	2	2	1	3	1
	8	10	10	12	12	12	11	9	8	7	9	9	9	11	9	8	9	6	6	6	7	13	10	9	10	9	7	10	7	10	12	11	10	11	10	9	6	10	8	6	11	12	10	10	13	9	8	6	10	6	16	14	13	14	12	7	8	6	6	4	13	13	9	11	11	11	8	12	5	4	13	10	8	7	9	6	6	7	3	4	8	11	7	6	7	5	4	5	4	3	10	9	7	7	5	3	2	2	3	1
	8	10	10	12	12	12	11	9	8	7	9	10	9	11	9	8	9	6	6	6	7	13	11	9	10	9	7	10	7	11	12	12	10	11	10	9	6	10	8	6	11	12	10	10	14	9	8	6	10	6	16	14	13	14	12	7	8	6	6	4	13	13	9	11	11	11	8	12	5	4	13	10	9	7	9	6	6	7	3	4	9	11	7	6	7	5	5	6	4	3	10	10	7	7	5	3	2	2	3	1
	8	10	10	12	12	12	11	9	8	7	10	10	9	11	9	8	9	6	6	6	7	14	11	9	10	9	7	10	8	11	12	12	11	12	10	9	6	10	8	6	11	12	10	10	14	9	8	6	10	6	16	14	13	14	12	7	8	6	6	4	13	13	9	12	11	11	8	12	5	4	14	10	9	7	9	7	6	7	3	4	9	11	7	6	7	5	5	6	5	3	11	10	7	7	5	3	2	2	3	1
	9	10	10	12	12	12	11	9	8	7	10	10	9	11	9	8	9	7	6	6	8	14	11	9	10	9	7	10	8	11	12	12	11	12	10	9	6	10	8	6	11	12	11	11	14	9	8	6	10	6	16	14	13	15	12	7	8	6	6	4	14	13	9	12	11	11	9	12	5	4	14	10	9	7	9	7	6	8	3	4	10	11	7	6	7	5	5	6	5	3	11	10	7	7	5	3	2	2	3	1
	9	11	10	12	12	12	11	9	8	7	10	10	9	11	9	8	9	7	6	6	8	14	11	9	10	9	7	11	8	11	13	12	11	12	10	9	6	10	8	6	11	13	11	11	14	9	8	6	10	6	17	14	14	15	12	7	8	6	6	4	14	13	9	12	12	11	9	13	6	4	15	10	9	7	9	7	6	8	3	4	10	11	7	6	7	5	5	6	5	3	11	10	7	7	5	3	2	2	3	1
	9	11	11	12	12	12	11	9	8	7	10	10	9	11	9	8	9	7	6	6	8	14	11	9	10	9	7	11	8	11	13	12	11	12	10	9	7	10	8	6	12	13	11	11	14	9	8	6	10	6	17	15	14	15	12	7	9	6	7	4	15	14	10	12	12	11	9	13	6	4	15	10	9	8	9	7	6	8	3	4	10	11	7	6	7	5	5	6	5	3	11	10	7	7	5	3	2	2	3	1
	9	11	11	13	12	12	11	9	8	7	10	10	9	11	9	8	9	7	6	6	8	14	11	9	10	9	7	11	8	11	13	12	11	12	10	9	7	10	8	6	12	13	12	11	14	9	9	6	10	7	18	15	14	15	12	8	9	6	7	4	15	15	10	12	12	11	9	13	6	4	16	11	9	8	10	7	6	8	3	4	10	11	7	6	7	5	5	6	5	3	11	10	7	7	5	3	2	2	3	1
	9	11	11	13	13	12	11	9	8	7	10	10	9	11	9	8	9	7	6	6	8	14	11	9	10	9	7	11	8	11	13	13	11	12	10	9	7	10	8	7	12	13	12	11	14	10	9	6	10	7	18	16	14	15	12	8	9	6	7	4	15	15	11	12	12	12	9	13	6	4	16	11	9	8	10	8	6	8	3	4	11	12	7	6	7	5	5	6	5	3	11	10	7	7	5	3	2	2	3	1
	9	11	11	13	13	13	11	9	8	7	10	10	9	11	9	8	9	7	6	6	8	14	12	9	10	9	7	11	8	12	13	13	11	12	10	10	7	10	8	7	12	13	13	11	14	10	9	6	10	7	18	16	14	15	13	8	9	6	7	4	15	15	11	12	12	12	9	13	6	4	16	11	10	8	10	8	7	8	3	4	11	12	8	6	7	5	5	6	5	3	12	10	7	7	5	3	2	2	3	1
	9	11	11	13	13	13	12	9	8	7	10	10	10	11	9	8	9	7	6	7	8	14	12	9	10	10	7	11	8	12	13	14	11	12	10	10	7	10	8	7	12	13	13	11	14	11	9	6	10	7	18	16	14	15	13	8	9	6	7	4	15	15	11	12	12	12	10	13	6	4	16	12	10	9	10	8	7	8	3	4	11	12	8	6	7	5	5	6	5	3	12	11	7	7	5	3	2	2	3	1
	9	11	12	13	13	13	12	10	8	8	10	10	10	11	10	8	9	7	6	7	8	15	12	9	10	10	7	11	8	12	13	14	11	12	10	10	7	10	8	7	12	13	13	11	14	11	10	6	10	7	18	16	14	15	13	9	9	6	7	4	15	16	11	12	13	12	10	13	6	4	16	12	10	9	10	8	7	8	3	4	11	12	9	6	7	5	5	6	5	3	12	11	7	7	5	3	2	2	3	1
	9	12	12	13	14	13	12	10	9	8	10	11	10	11	10	8	9	7	7	7	8	15	12	9	10	10	7	11	8	12	13	14	11	12	10	10	7	10	8	7	12	13	13	11	14	11	10	6	10	7	19	16	14	15	14	9	10	6	7	4	15	16	11	12	13	12	10	13	6	4	16	12	10	9	11	8	7	8	3	4	11	12	9	7	7	5	5	6	5	3	12	11	7	7	5	3	2	2	3	1
	10	12	12	14	14	13	12	10	9	8	11	11	10	11	10	8	9	8	7	7	8	15	12	9	10	10	7	11	9	12	13	14	11	12	10	10	7	10	8	7	12	14	13	11	14	11	10	6	10	7	19	16	14	16	14	9	10	6	7	4	15	16	11	12	13	12	10	14	6	4	16	12	10	10	11	9	7	8	3	4	11	12	9	7	7	5	5	6	5	3	12	11	7	7	5	3	2	2	3	1
	10	13	13	14	14	13	12	10	9	8	11	11	10	11	10	8	10	8	7	7	9	15	12	9	10	10	7	12	9	12	13	15	11	12	10	10	7	10	8	7	12	14	13	11	14	11	10	6	10	7	19	16	15	16	14	9	10	7	7	4	15	16	11	12	14	12	10	14	6	4	16	12	10	10	11	9	8	8	3	4	11	12	9	7	7	5	5	6	5	3	12	11	7	7	5	3	2	2	3	1
	10	13	13	14	14	13	12	10	9	8	11	12	11	11	10	9	10	8	7	7	9	15	12	9	10	10	8	12	9	12	14	15	12	12	10	10	7	10	8	7	12	14	13	11	14	11	10	7	10	7	19	16	15	16	14	9	10	7	7	4	15	16	12	13	14	12	10	14	6	4	16	12	10	10	11	9	8	9	3	4	11	12	9	7	7	5	5	6	5	3	12	11	7	7	5	3	2	2	3	1
	10	13	13	14	14	13	12	10	9	8	11	12	11	12	10	9	10	8	7	7	9	15	13	9	10	11	8	12	9	12	14	15	12	13	10	11	7	11	8	7	12	15	13	11	14	11	10	7	10	7	19	16	15	16	14	9	10	7	7	4	15	16	13	13	14	12	10	14	6	4	16	12	11	10	11	9	8	9	4	4	11	12	9	7	7	5	5	6	5	3	12	11	7	7	5	3	2	2	3	1
	10	13	13	14	14	13	12	10	9	8	11	12	11	12	11	9	10	8	7	7	9	15	13	10	11	11	8	12	9	12	14	16	12	13	11	11	8	11	9	7	12	15	13	11	14	11	10	7	10	7	19	16	15	16	14	9	10	7	7	4	15	16	14	13	14	12	10	14	7	4	16	13	11	10	11	9	8	9	4	4	11	12	9	7	7	5	5	6	5	3	12	11	7	7	5	3	2	2	3	1
	10	13	13	14	14	14	12	10	9	8	11	12	11	12	11	9	10	8	7	7	9	16	13	10	11	11	8	12	9	12	14	16	13	14	11	11	8	12	9	7	12	15	13	11	15	11	10	7	11	7	19	16	15	16	14	9	10	8	7	4	15	17	14	13	14	12	10	14	7	4	16	14	11	10	11	9	8	9	4	4	11	12	9	7	7	5	5	6	5	3	12	11	7	7	5	3	2	2	3	1
	10	13	13	14	14	14	13	10	9	8	11	12	11	12	11	9	10	8	7	7	9	16	14	10	11	11	8	12	10	12	14	16	13	14	11	11	8	12	9	7	12	15	14	12	15	11	10	7	11	7	19	17	15	16	15	9	10	9	8	4	15	17	14	13	14	12	10	14	7	4	16	14	11	10	11	9	8	9	4	4	11	13	9	7	7	5	5	6	5	3	12	11	7	7	5	3	2	2	3	1
	10	13	13	14	14	14	13	11	9	8	11	12	11	12	11	9	10	8	7	7	9	16	14	11	11	11	8	12	10	13	14	16	13	14	11	11	8	12	9	7	12	16	14	12	15	11	10	7	11	7	19	17	16	17	15	9	10	9	8	5	15	17	14	13	15	12	10	15	7	4	16	14	11	10	11	9	8	9	4	4	11	13	9	7	7	5	5	6	5	3	13	11	7	7	5	3	2	2	3	1
	10	13	13	14	14	14	13	11	10	8	11	12	11	13	11	9	10	8	7	7	9	16	14	11	11	11	8	12	10	13	15	16	13	14	11	11	8	12	9	8	12	16	14	12	16	11	10	7	11	7	19	17	16	17	15	9	10	9	8	5	15	17	14	14	15	12	11	15	7	5	16	14	11	10	12	9	8	9	4	4	12	13	9	7	7	5	5	6	5	3	13	11	7	7	5	3	2	2	3	1
	10	13	13	14	15	14	13	11	10	9	11	12	11	13	11	9	10	8	7	7	10	16	14	11	11	11	8	12	10	13	15	16	13	14	11	11	8	12	9	8	12	16	14	12	16	12	10	7	11	8	19	17	16	17	15	9	10	9	8	5	15	17	14	14	15	13	11	15	7	5	17	14	11	11	12	9	8	9	4	5	12	13	9	7	8	5	5	6	5	3	13	11	7	7	5	3	2	2	3	1
	10	13	13	14	15	15	13	11	10	9	11	12	11	13	11	9	10	8	7	8	10	17	14	11	11	11	8	12	10	13	15	16	13	14	11	11	8	12	9	8	12	16	14	12	16	12	11	7	11	8	19	17	16	17	16	9	10	9	8	6	16	17	14	14	15	13	11	15	7	5	17	14	11	11	12	9	8	9	4	5	12	13	9	8	8	6	5	6	5	4	13	11	7	7	5	3	2	2	3	1
	10	13	13	14	15	15	13	11	10	9	12	12	11	13	12	9	10	8	7	8	10	17	14	11	11	11	8	12	10	14	15	16	13	14	11	11	8	12	9	8	12	16	14	12	17	12	11	8	11	8	20	17	16	17	16	9	10	9	8	6	16	17	14	14	15	13	11	15	7	6	17	14	11	11	12	10	8	9	4	5	12	13	9	8	8	6	5	6	6	4	13	11	7	8	5	3	2	2	3	1
	11	13	13	14	15	15	13	11	10	9	12	12	11	13	12	9	10	8	7	8	10	17	14	11	12	11	8	12	10	14	15	16	13	15	11	11	8	13	10	8	12	17	14	12	17	12	11	8	11	8	20	17	16	17	16	9	10	9	8	6	16	17	14	14	15	14	11	15	7	6	17	14	11	11	12	10	8	9	4	6	12	13	9	8	8	6	5	7	6	4	13	11	7	8	6	3	2	2	3	1
	11	14	13	14	15	15	13	11	10	9	12	12	11	13	12	9	10	8	7	8	10	17	14	12	12	11	8	12	10	14	15	16	13	15	12	11	8	13	10	8	12	17	14	12	17	12	11	8	12	9	20	18	16	17	17	9	10	9	8	6	16	17	14	14	15	14	11	15	7	6	17	14	11	11	12	10	8	9	4	6	12	13	9	8	8	7	6	7	6	5	13	11	7	8	6	3	2	2	3	1
	11	14	14	14	15	15	13	11	10	9	12	12	11	13	12	9	10	8	7	8	10	17	15	12	12	11	8	12	10	14	15	16	13	15	12	11	8	13	10	8	12	17	14	12	18	13	11	8	12	9	20	18	16	17	17	9	10	10	9	6	16	17	15	14	15	14	11	15	7	6	17	14	11	11	13	10	8	9	4	6	12	13	9	8	8	7	6	7	7	5	13	11	7	8	6	3	3	2	3	1
	11	14	14	15	15	15	13	11	10	9	12	12	11	13	12	9	10	8	7	8	10	18	15	12	12	11	8	12	10	14	15	16	13	15	12	11	8	13	10	8	12	17	14	12	18	13	11	8	12	9	20	18	16	18	17	10	10	10	9	7	16	17	15	14	16	14	11	16	7	6	17	15	11	11	13	10	8	9	4	6	12	13	9	8	8	7	6	8	7	5	13	11	7	8	6	3	3	3	3	1
	11	14	14	15	15	15	13	11	10	9	12	13	12	13	12	9	10	8	7	8	10	18	15	12	12	11	8	12	10	14	15	16	13	15	12	11	8	13	10	8	12	17	14	13	18	13	11	8	12	9	20	18	16	18	17	10	11	10	9	7	16	17	15	15	16	14	11	16	8	7	17	15	11	11	13	10	9	9	4	6	12	14	9	8	8	7	6	8	7	5	13	11	7	8	6	3	3	3	4	1
	11	14	14	15	15	15	13	11	10	9	13	13	12	14	12	9	10	8	7	8	10	18	15	12	12	11	8	12	10	14	15	16	14	15	12	11	8	13	10	8	12	17	14	13	18	13	11	8	12	9	20	18	16	18	17	10	11	10	9	7	16	17	15	15	16	14	12	17	8	7	17	15	12	11	13	10	9	10	5	6	12	14	9	8	8	7	6	8	7	5	14	11	7	8	6	3	3	3	4	2
	11	14	14	15	16	15	13	11	10	9	13	13	12	14	12	9	10	8	7	8	11	18	15	12	12	11	8	12	10	14	15	16	14	16	12	11	8	13	10	8	12	17	14	13	18	13	11	8	12	9	20	18	16	18	17	10	11	11	9	7	16	17	15	15	16	14	12	17	8	7	17	15	12	11	13	11	9	10	5	7	12	14	10	8	8	7	6	9	7	6	14	12	7	8	6	3	3	3	4	2
	11	14	14	15	16	16	13	11	10	9	13	13	12	14	12	9	10	8	7	8	11	18	15	13	12	11	8	12	10	14	16	16	14	16	12	11	8	13	10	8	12	17	14	13	18	13	11	9	12	9	20	18	16	18	17	10	11	11	9	7	16	17	15	15	16	14	12	17	8	8	17	15	12	11	14	11	9	10	5	7	12	15	10	8	8	7	7	9	8	6	14	12	8	8	6	3	3	3	4	2
	11	14	14	15	16	16	14	11	10	9	13	13	13	14	12	9	10	8	7	8	11	18	15	13	12	11	8	12	10	14	16	16	14	16	12	11	9	13	10	8	13	17	14	13	18	13	11	9	12	9	20	18	16	18	17	10	11	11	10	7	16	17	15	15	17	14	12	17	8	8	17	15	12	11	14	11	9	10	5	7	13	15	10	9	8	7	7	10	8	6	14	12	8	8	6	4	3	3	4	2
	11	14	14	16	16	16	14	12	10	9	13	13	13	14	12	9	10	8	7	8	11	18	15	13	12	11	8	13	10	14	17	16	14	16	12	11	9	13	10	8	13	17	14	13	18	13	11	9	12	10	20	18	16	19	17	10	11	11	10	7	16	17	15	15	17	14	12	17	8	8	18	15	12	12	14	11	10	10	5	7	13	15	10	9	8	7	7	10	8	6	14	12	8	8	7	4	3	3	4	2
	11	14	15	16	16	16	14	12	11	9	13	13	13	14	12	9	10	9	7	8	11	19	15	13	12	11	8	13	10	14	17	16	14	16	12	11	9	13	10	9	13	17	14	14	18	13	11	9	12	10	20	18	16	19	17	10	11	11	10	7	16	18	15	15	18	14	13	17	8	8	18	15	12	12	14	11	10	10	5	7	13	15	10	9	8	7	7	10	8	6	14	12	8	9	7	4	3	3	4	2
	11	15	15	16	16	16	14	12	11	9	13	13	13	14	12	9	11	9	8	8	11	19	15	13	12	11	8	13	10	15	17	17	15	16	12	11	9	13	10	9	13	17	14	14	18	13	11	9	12	10	20	18	16	20	17	11	11	11	10	7	16	18	15	15	18	14	13	17	8	8	18	16	12	12	14	11	10	10	5	7	13	15	10	10	8	7	7	10	8	6	14	12	8	9	7	4	3	3	4	2
	11	15	15	16	16	16	14	12	11	10	13	14	13	14	12	10	11	9	8	8	11	19	15	13	12	11	8	13	11	15	17	17	15	17	12	11	9	13	10	9	13	17	15	15	18	13	11	9	12	10	20	18	16	20	17	11	11	11	10	7	16	18	15	15	18	15	13	17	8	8	18	16	13	12	14	11	10	10	5	7	13	16	10	10	8	7	7	10	8	6	14	12	8	9	7	4	3	3	4	2
	11	15	15	16	16	16	14	12	11	10	13	14	13	14	12	10	11	9	8	9	11	19	16	13	13	12	8	13	11	15	17	17	15	17	12	11	9	14	10	9	13	17	15	15	19	13	11	9	12	10	20	18	17	20	17	11	11	11	10	7	16	18	16	15	18	15	13	17	8	8	18	16	13	12	14	12	10	10	5	7	13	16	10	10	8	7	7	10	8	6	15	12	8	9	7	4	3	3	4	2
	11	15	15	16	16	16	14	12	11	10	13	14	13	14	13	10	11	9	9	9	11	19	16	13	13	12	8	13	11	15	17	17	16	17	13	12	9	14	11	9	13	17	15	15	19	13	11	9	12	10	20	19	17	20	17	11	11	11	10	7	16	18	16	16	18	15	13	17	8	8	18	16	13	12	15	12	10	10	5	7	13	16	10	10	8	7	7	10	8	6	15	13	8	9	7	4	3	3	4	2
	11	15	15	16	16	16	14	12	11	10	13	14	13	15	13	10	11	9	9	9	11	19	16	13	13	12	9	13	12	15	17	17	16	18	13	12	9	14	11	9	13	17	15	15	19	14	11	9	13	10	20	19	17	20	17	11	11	11	10	7	16	19	16	16	19	15	13	17	8	8	18	16	13	13	15	12	10	10	5	7	13	16	10	10	8	7	7	10	8	6	15	13	9	9	7	4	3	3	4	2
	11	15	15	16	16	16	14	12	11	10	13	14	13	15	13	10	11	9	9	9	11	19	16	14	14	12	9	13	12	15	17	17	16	18	13	12	10	15	11	9	13	17	15	15	19	14	12	9	13	10	21	19	17	20	17	11	11	12	10	7	16	19	16	16	19	16	13	17	8	8	18	16	13	13	15	12	10	10	5	7	13	16	10	11	9	7	7	10	8	6	15	13	9	9	7	4	3	3	4	2
	11	15	15	16	16	16	14	12	11	10	13	14	14	15	13	10	11	9	9	9	11	19	16	14	14	12	9	13	12	15	17	17	16	18	14	12	10	15	12	9	13	18	15	15	19	14	12	10	13	10	21	19	17	20	17	12	11	12	10	7	16	19	16	16	19	16	14	18	8	8	18	16	13	13	15	12	10	10	5	7	13	16	11	11	9	8	7	10	8	6	15	13	9	9	7	4	3	3	4	2
	11	15	15	17	16	16	14	12	11	10	13	14	14	15	13	10	11	9	9	9	11	19	16	14	14	12	9	13	12	15	18	17	16	18	14	13	10	15	12	9	13	18	15	15	19	14	12	10	14	11	21	19	17	20	18	12	12	12	10	7	16	19	16	16	19	16	14	18	9	8	18	17	13	13	15	12	10	10	5	7	13	16	11	11	9	8	8	10	8	6	15	13	9	9	7	4	3	3	4	2
	11	15	15	17	17	16	14	12	11	10	13	14	14	15	13	10	11	9	9	9	12	19	16	14	14	12	9	13	12	15	18	17	16	18	14	13	10	15	12	9	13	18	15	15	19	14	13	11	14	11	21	19	17	21	18	12	12	13	10	8	16	19	16	16	19	16	14	18	9	8	18	17	13	13	15	12	10	10	6	7	13	17	11	11	9	8	8	10	8	6	15	13	9	9	7	4	4	3	4	2
	11	15	15	17	17	17	14	12	11	10	13	14	14	15	13	10	11	9	9	9	12	20	16	14	14	12	9	13	12	15	18	17	16	18	14	13	11	15	12	9	13	18	15	16	19	15	13	11	14	11	21	19	17	21	18	12	12	13	10	8	16	19	16	16	19	16	14	18	10	9	18	17	13	13	15	12	10	11	6	7	13	17	11	11	9	8	8	10	8	6	16	13	9	9	7	4	4	4	4	2
	11	15	15	17	17	17	15	12	11	10	13	14	14	15	13	10	11	9	9	9	12	20	17	14	14	12	9	14	12	15	18	17	16	19	14	13	11	15	12	9	13	18	15	16	20	15	13	11	14	11	21	19	17	21	18	12	12	13	11	8	16	19	16	16	19	16	14	18	10	9	18	17	13	13	15	12	10	11	6	8	14	17	11	11	9	8	8	10	9	6	16	13	9	9	7	4	4	4	5	2
	11	15	15	17	17	17	15	13	11	10	13	14	14	15	13	10	11	10	9	9	12	20	17	15	14	12	9	14	12	15	18	17	17	19	15	13	11	15	12	9	13	18	15	16	20	15	13	11	14	12	21	19	17	21	18	12	12	13	11	8	16	19	16	16	19	16	14	18	10	9	19	17	13	13	15	12	10	11	7	8	14	17	11	11	9	8	8	10	9	7	16	13	9	9	7	4	4	4	5	3
	11	15	15	17	17	17	15	13	12	10	13	14	15	15	13	10	11	10	9	9	12	20	17	15	14	13	9	14	13	15	18	18	17	19	15	13	11	15	12	10	13	18	15	16	20	15	13	11	14	12	21	19	17	21	18	12	12	13	11	8	17	19	16	16	19	16	14	18	11	9	19	17	13	13	15	12	10	11	7	8	14	17	11	11	9	8	8	10	10	7	16	13	9	9	7	4	4	4	6	3
	11	15	15	18	17	17	15	13	12	11	13	14	15	15	13	11	11	10	9	9	12	20	17	15	14	13	9	14	13	16	18	18	17	19	15	13	11	16	12	10	13	18	16	16	20	15	13	11	14	12	22	19	17	21	18	12	12	13	12	8	17	19	16	16	19	16	14	18	11	9	19	17	13	13	15	12	10	11	7	8	14	17	11	11	9	8	8	11	10	7	16	13	9	9	7	4	4	5	6	3
	11	15	15	18	18	18	15	13	12	11	13	14	15	15	13	11	11	10	10	10	12	20	17	15	14	13	9	14	13	16	18	18	17	19	15	13	11	16	12	10	13	19	16	16	20	15	13	11	15	13	22	19	18	21	18	12	12	13	12	8	17	19	16	16	19	16	14	18	11	9	19	17	13	13	15	12	11	11	7	8	14	17	11	11	9	8	8	11	10	7	16	13	9	9	7	4	5	5	6	3
	11	15	15	18	18	18	16	13	12	11	13	14	15	16	13	11	11	10	10	10	12	20	17	15	14	13	9	14	14	17	18	18	17	19	15	13	11	16	12	11	13	19	16	16	20	15	13	11	15	13	22	20	18	22	18	12	12	14	12	8	17	19	16	16	19	16	14	18	11	9	19	17	13	13	15	13	11	11	7	8	14	17	11	11	9	8	8	11	10	7	16	13	9	9	7	5	5	5	6	3
	11	15	15	18	18	18	16	14	12	11	13	14	15	16	13	11	11	10	10	10	12	20	17	16	14	13	9	15	14	17	18	18	17	19	15	13	11	16	13	11	13	19	16	16	20	15	13	11	15	14	22	20	18	22	18	12	12	14	12	8	17	20	16	17	19	16	14	19	11	9	19	17	13	13	16	13	11	11	7	8	14	17	11	11	9	8	8	11	10	7	16	13	9	9	8	5	5	5	6	3
	11	15	15	18	18	18	16	14	12	11	13	14	15	16	13	11	12	10	10	10	12	20	18	16	14	13	10	15	14	17	18	18	17	19	15	13	11	17	13	11	13	19	16	16	20	15	13	11	15	14	22	20	18	22	18	12	12	14	12	9	17	20	16	17	20	16	14	19	11	9	19	18	14	13	16	13	12	11	7	8	14	17	11	11	9	8	8	11	10	7	16	13	9	10	8	5	5	5	6	3
	11	15	15	18	18	18	16	14	12	11	13	14	15	16	13	12	12	10	10	10	12	21	18	16	14	13	10	15	14	17	18	18	17	19	15	14	11	17	13	11	13	19	16	16	20	15	13	12	15	14	22	20	18	22	19	12	12	14	12	9	17	20	17	17	20	16	14	19	11	10	19	18	14	13	16	13	12	11	7	8	14	18	11	11	9	8	8	12	10	7	16	13	10	10	8	5	5	5	6	3
	11	15	15	18	18	18	16	14	12	11	14	14	15	16	14	12	12	10	10	10	12	21	18	16	14	13	10	15	14	17	18	18	17	19	15	14	11	17	13	11	13	19	16	16	20	15	14	12	15	14	22	20	19	23	19	12	13	14	12	9	17	20	17	17	20	16	14	19	11	10	19	18	14	13	16	13	12	11	7	9	14	18	12	11	9	8	9	12	10	7	17	13	10	10	8	5	5	5	6	3
	12	15	15	18	18	18	16	14	12	11	14	14	15	16	14	12	12	10	10	10	12	21	18	16	15	13	10	15	14	17	18	18	17	19	15	14	11	17	13	11	13	19	16	17	21	15	14	12	15	14	22	20	19	23	19	13	13	14	12	9	17	20	17	17	20	16	14	20	11	10	19	19	14	13	16	13	12	11	8	9	14	18	12	11	9	8	9	12	10	7	17	14	10	10	8	6	5	5	6	3
	12	16	15	18	18	18	16	14	12	11	14	14	15	16	14	12	12	10	10	10	12	21	18	16	15	13	10	15	14	17	18	18	18	20	16	14	11	17	13	11	13	19	16	17	21	15	14	12	15	14	22	20	19	23	19	13	13	14	12	9	17	21	17	17	20	17	14	20	11	10	19	19	14	13	16	13	13	12	8	9	14	18	12	11	9	8	9	12	10	7	17	14	11	10	9	6	5	5	6	3
	12	16	16	18	18	18	16	14	12	11	14	14	15	16	14	12	12	10	10	10	12	21	19	17	15	13	10	15	14	17	18	18	18	20	16	15	11	17	13	11	13	19	16	17	21	15	14	12	15	14	23	20	19	23	19	13	13	14	12	9	17	21	17	17	20	17	14	20	11	10	19	19	14	13	16	14	13	12	8	9	14	18	12	11	10	8	9	13	11	7	17	14	11	11	9	6	5	5	6	3
	12	16	16	18	18	18	16	14	12	11	14	15	15	17	14	12	12	10	10	10	12	22	19	17	15	13	10	15	14	17	18	18	18	20	16	15	11	17	13	11	14	19	16	17	21	15	15	12	15	14	23	20	19	23	19	13	13	14	12	9	17	21	17	17	20	17	14	20	11	10	19	19	14	13	17	14	14	12	8	9	14	18	12	12	10	8	10	13	11	7	17	14	11	11	9	6	5	6	6	3
	12	16	16	19	18	18	16	14	12	11	14	15	16	17	14	12	12	10	10	10	12	22	19	17	15	13	10	15	14	17	19	18	18	20	16	15	11	17	13	11	14	20	16	17	21	15	15	12	15	14	23	20	19	23	19	14	13	14	12	9	17	21	17	17	21	17	15	20	11	10	19	19	14	14	17	14	14	12	8	9	14	18	12	12	10	8	10	13	11	7	17	14	11	11	9	7	6	6	6	3
	12	16	16	19	19	18	16	14	12	11	14	15	16	17	14	12	12	10	10	10	12	22	20	17	15	13	10	15	14	17	19	19	18	20	16	15	11	17	13	11	14	20	17	17	21	16	15	12	15	14	23	20	19	23	19	14	14	14	12	9	17	21	17	17	21	18	15	20	11	10	19	19	15	14	17	14	14	12	8	9	14	18	12	12	10	8	10	14	11	7	17	14	11	11	10	7	6	6	6	3
	12	16	16	19	19	19	16	14	12	11	14	15	16	17	14	12	12	10	10	10	12	22	20	17	15	13	10	15	14	17	19	20	19	20	16	15	11	17	13	11	14	20	17	17	21	16	15	12	15	14	23	21	19	23	20	14	14	15	12	9	17	21	17	17	21	18	16	20	11	10	19	19	15	14	17	14	14	13	8	9	14	18	13	12	11	8	10	14	11	7	17	14	11	11	10	7	6	6	6	3
	12	16	16	19	19	19	16	14	12	11	14	15	16	17	15	12	12	10	10	10	12	22	20	17	15	13	10	15	14	17	19	20	19	20	16	15	11	17	13	11	14	20	18	18	21	16	15	12	15	14	23	21	19	23	20	14	14	15	13	9	17	21	18	17	22	18	16	21	12	10	19	19	15	14	18	14	14	13	8	9	14	19	13	12	11	8	10	14	11	7	17	14	11	11	10	7	6	6	6	3
	12	16	16	19	19	19	16	14	12	11	14	15	16	17	15	12	12	10	10	10	12	22	20	17	16	13	10	15	14	17	19	20	19	20	16	15	11	17	13	11	14	20	18	18	21	16	15	12	16	14	23	21	20	24	20	14	14	16	13	9	17	21	18	18	22	19	16	21	12	11	19	19	15	15	18	14	14	13	8	9	14	19	13	12	11	8	10	14	11	7	18	14	11	11	10	7	6	6	6	3
	12	16	16	19	19	19	16	14	12	11	14	15	16	17	15	12	12	10	10	10	12	22	20	17	16	13	10	15	14	17	19	20	19	21	16	15	11	17	14	11	14	20	18	19	21	16	15	13	16	14	23	22	20	24	20	14	14	16	13	10	17	21	18	18	22	19	17	21	12	11	19	19	16	15	18	14	14	13	8	9	15	19	13	13	11	8	10	14	11	7	18	14	11	11	10	7	6	6	6	3
	12	16	16	19	19	19	16	14	12	11	14	15	16	17	15	12	12	10	10	10	12	22	20	17	16	13	10	15	15	17	19	20	20	21	16	15	12	17	14	11	14	20	18	19	22	16	15	13	16	15	23	22	20	24	20	14	14	16	13	10	17	22	18	18	22	19	17	22	12	11	20	19	16	15	18	14	14	13	8	9	15	19	14	13	11	8	10	14	11	7	18	14	11	12	10	7	6	6	6	3
	12	16	16	19	19	19	16	14	12	11	14	15	16	17	15	12	12	11	10	10	12	22	21	17	16	13	10	16	15	17	19	20	20	21	16	15	12	17	14	11	14	20	18	19	22	17	15	13	17	15	23	22	20	24	20	14	14	17	13	10	18	22	18	18	22	19	17	22	12	11	20	20	16	15	18	14	14	13	8	9	15	20	14	13	11	8	10	14	11	7	18	14	12	12	10	7	6	6	6	3
	12	16	16	19	19	19	16	14	13	11	14	15	16	17	15	12	12	11	10	10	12	23	21	17	16	13	11	16	15	17	19	20	20	21	16	16	12	17	15	11	14	20	18	19	22	17	15	14	17	15	24	22	20	24	20	14	14	17	13	10	18	22	19	18	22	19	17	22	12	11	20	20	16	15	18	14	14	13	8	9	15	20	14	13	11	8	10	14	11	7	19	15	12	12	10	7	6	6	6	3
	12	16	16	19	19	19	16	14	13	12	14	15	16	17	15	12	12	11	10	10	13	23	21	17	16	14	11	16	16	17	19	20	20	21	16	16	13	18	15	11	15	20	18	19	22	17	15	14	17	15	24	22	21	24	20	14	14	17	13	10	18	22	19	18	22	19	17	22	12	11	20	20	16	15	18	14	14	13	8	9	16	20	15	13	11	8	10	14	11	7	19	15	12	12	10	7	6	6	6	3
	12	16	16	19	19	19	16	14	13	12	15	15	16	17	15	13	12	11	11	11	13	23	21	17	16	14	11	17	16	17	19	20	20	21	16	16	13	18	15	11	15	21	18	19	22	17	16	14	17	15	24	22	21	24	20	14	14	17	13	10	18	22	20	18	22	19	17	22	12	11	21	20	16	15	18	14	14	13	8	9	16	20	15	14	11	8	10	14	11	7	19	15	12	12	10	7	6	6	6	3
	13	16	16	19	19	19	16	14	13	13	15	15	16	17	16	13	13	11	11	11	13	23	21	17	16	14	11	17	16	18	19	20	20	21	16	16	13	18	15	11	15	21	19	19	22	17	16	14	17	15	24	22	21	24	20	15	14	17	13	10	19	22	20	18	22	19	17	22	12	11	21	21	16	15	18	14	14	13	8	9	16	20	15	14	12	8	10	14	11	7	19	15	12	12	10	7	6	6	6	3
	13	17	16	19	19	19	17	14	14	13	15	15	16	17	16	13	13	11	11	11	13	23	21	17	17	14	11	17	16	18	19	20	20	21	16	16	13	18	15	12	15	21	19	20	22	17	16	14	17	15	25	22	21	24	20	15	15	17	13	10	19	22	20	18	22	19	17	22	12	11	21	21	16	15	18	14	14	13	8	9	16	21	15	14	12	9	10	14	11	7	19	15	12	12	10	7	6	6	6	3
	13	17	17	19	19	19	17	15	14	13	15	15	16	17	16	13	13	12	11	11	13	23	21	17	17	14	11	17	16	18	19	20	20	22	16	16	13	18	15	12	16	21	19	20	22	17	16	14	17	16	25	22	21	25	20	15	15	17	13	10	19	22	20	18	22	19	17	23	12	11	21	21	16	15	18	15	14	13	8	9	16	21	15	14	12	9	10	14	11	7	20	15	12	12	10	7	6	6	6	3
	13	17	17	19	19	19	17	15	14	13	15	16	16	17	16	13	14	12	11	11	13	23	21	17	17	14	11	17	17	18	19	20	20	22	17	16	13	18	15	12	16	21	19	20	22	17	16	14	17	16	26	22	21	25	21	15	15	17	14	10	19	22	20	18	22	20	17	23	12	11	21	21	16	15	18	15	15	13	8	9	16	21	15	14	12	9	10	14	11	7	20	16	12	12	10	7	6	6	6	3
	13	17	17	19	19	19	17	15	14	13	15	16	16	17	16	14	14	12	11	11	13	24	21	17	17	14	11	17	17	19	19	20	20	22	17	16	13	18	15	12	16	21	19	20	23	17	16	14	17	16	26	22	21	25	21	16	15	17	14	10	19	23	20	18	22	20	18	23	13	11	21	21	16	15	18	16	15	13	8	9	16	21	15	14	12	9	10	14	11	7	20	16	13	12	10	7	6	6	6	3
	13	17	17	19	19	19	17	15	14	13	15	16	16	17	16	14	14	12	11	11	13	24	21	17	17	15	11	17	17	19	20	20	20	22	17	16	13	18	15	13	16	21	19	20	23	17	16	14	17	16	26	22	21	25	22	16	16	17	14	10	19	23	20	18	22	20	18	24	13	11	21	22	16	15	18	16	15	13	9	9	16	21	15	14	12	9	11	14	11	7	20	16	13	13	10	7	6	6	6	3
	13	17	17	19	19	19	17	15	14	13	15	16	16	17	16	14	14	12	11	11	13	24	21	17	17	15	11	17	17	19	20	20	20	22	18	16	13	18	15	13	17	21	19	20	23	17	16	14	17	17	26	22	21	25	22	17	16	18	14	10	19	23	20	18	22	20	18	24	13	11	21	22	16	15	18	16	15	14	9	10	16	22	15	14	12	9	11	14	11	7	20	16	13	13	11	7	7	6	6	3
	13	17	17	19	19	19	17	15	14	13	15	16	16	17	16	14	14	12	11	11	13	24	21	17	17	15	11	17	17	19	20	20	20	23	18	16	13	18	15	13	17	21	19	20	23	17	17	14	17	17	27	22	21	25	22	17	16	18	15	10	19	23	20	18	22	20	18	24	14	11	21	22	16	15	18	16	15	14	10	10	16	22	15	14	12	10	11	14	11	8	21	16	13	13	11	7	7	7	6	3
	13	17	17	19	19	19	17	15	14	13	15	16	16	17	16	14	14	12	11	11	13	24	21	18	17	15	11	17	17	19	20	20	20	23	18	16	13	18	15	13	17	21	19	20	23	18	17	14	17	17	27	22	21	25	22	17	16	18	15	11	20	23	20	18	22	20	18	25	14	12	21	22	16	15	18	16	15	14	10	10	16	22	15	14	13	10	11	14	12	8	21	17	13	13	11	7	7	7	6	4
	13	17	17	19	19	19	17	15	14	13	15	16	16	18	16	14	14	12	11	11	13	24	21	18	17	15	11	17	17	19	20	20	20	23	19	16	13	18	15	13	17	21	19	20	23	18	17	14	17	18	27	22	21	25	22	17	16	18	15	11	20	24	20	18	22	20	19	25	14	12	21	22	16	15	18	16	15	15	10	11	16	22	16	15	13	10	11	14	12	8	21	17	13	13	11	7	7	7	7	4
	13	17	17	20	19	19	17	15	14	13	15	16	16	18	16	14	14	12	11	11	13	24	21	18	17	15	11	17	17	19	20	20	20	24	19	16	13	18	15	13	17	21	19	20	23	18	17	14	18	18	27	23	21	25	22	17	16	18	15	11	20	24	20	18	22	21	19	26	14	12	21	22	17	16	18	16	15	15	11	11	16	22	16	15	13	10	11	14	13	8	21	17	13	13	11	7	7	7	7	4
	13	17	18	20	19	19	17	15	14	13	15	16	16	18	16	14	14	12	11	11	13	24	21	19	17	15	11	17	17	19	20	20	20	24	19	16	13	18	15	13	17	22	19	20	23	18	17	15	18	18	27	23	21	25	22	17	16	18	15	11	20	24	20	19	23	21	19	26	15	12	21	22	17	16	19	16	15	16	11	11	16	22	16	15	13	10	11	15	13	8	21	17	13	13	11	7	7	7	7	4
	13	18	18	20	19	19	17	15	14	13	15	16	17	18	16	14	14	12	11	11	13	24	21	19	17	15	11	17	17	19	20	21	20	24	19	16	14	18	15	13	17	22	19	20	23	18	17	15	18	18	27	23	22	26	22	17	16	19	15	11	20	24	20	19	23	21	19	26	15	12	21	22	17	16	19	17	16	16	11	11	16	22	16	15	13	10	12	15	13	8	21	17	13	13	11	7	7	7	7	4
	13	18	19	20	19	19	17	15	14	13	15	17	17	18	16	14	14	12	11	11	13	25	21	19	17	15	12	17	17	19	20	21	20	24	19	16	14	18	15	13	17	22	19	20	24	18	17	15	19	18	27	24	22	26	22	17	16	19	15	11	20	24	20	19	23	21	20	26	15	12	21	22	17	16	19	17	16	16	11	11	16	22	16	15	13	11	12	15	13	8	21	17	13	13	11	8	7	7	7	4
	13	18	19	21	19	19	17	15	14	13	16	17	17	18	16	15	14	12	11	11	13	25	22	19	17	15	12	17	17	19	20	21	20	25	19	16	14	18	15	13	17	23	19	20	24	18	17	16	19	18	27	24	22	26	22	18	16	19	15	11	20	24	20	19	23	21	20	26	15	12	21	22	17	16	19	17	16	16	11	11	16	22	16	15	13	11	12	15	13	8	21	17	13	13	12	8	8	7	7	4
	13	18	19	21	20	20	17	15	14	13	16	17	18	18	16	15	14	12	11	11	14	25	22	20	17	15	12	17	17	19	21	21	20	25	19	16	15	18	15	13	17	23	19	20	24	19	17	16	19	18	27	24	22	26	22	18	16	19	15	11	20	24	20	19	23	21	20	26	15	12	21	22	17	16	19	17	16	16	11	11	16	22	16	15	13	11	12	15	13	8	21	17	13	14	12	8	8	8	7	4
	13	18	19	21	20	20	18	15	14	13	16	17	18	19	17	15	14	12	11	11	14	26	22	20	18	15	12	17	17	19	21	21	20	25	20	16	15	18	15	13	18	23	19	20	24	19	18	16	19	18	27	24	22	26	22	18	16	19	15	11	20	24	20	19	23	21	20	26	15	12	21	22	17	16	19	17	16	16	11	11	16	22	16	15	13	11	12	15	13	8	21	17	14	14	12	8	8	8	8	4
	13	18	19	22	20	20	18	16	14	13	16	17	18	19	17	15	14	12	11	11	14	26	23	20	18	16	12	17	17	19	21	21	20	26	20	17	15	18	15	13	18	23	19	20	24	19	18	16	19	18	28	24	22	26	22	18	17	19	15	11	20	24	20	19	23	21	20	26	15	12	21	22	17	16	19	17	16	16	11	11	16	22	16	15	13	11	12	15	13	9	21	18	14	14	12	8	8	8	8	4
	13	18	20	22	20	20	18	16	15	13	16	17	18	19	17	15	14	12	11	11	14	26	23	20	18	16	13	17	17	19	21	21	21	26	20	17	15	18	15	13	18	23	19	21	24	19	19	16	19	18	28	24	22	26	22	18	17	19	15	11	21	24	20	19	23	21	20	27	15	12	21	22	17	16	19	17	16	16	11	11	16	22	16	15	13	11	12	15	13	9	22	18	14	14	12	8	8	8	8	5
	13	18	20	22	20	20	18	16	15	13	16	18	18	19	17	15	14	12	12	11	14	26	23	20	18	16	13	18	17	19	21	21	21	26	20	17	15	18	15	13	18	23	20	21	24	19	19	16	19	18	28	24	22	27	22	18	18	19	15	11	21	24	20	19	23	21	20	27	15	12	22	22	17	16	19	17	17	16	11	11	17	22	16	15	13	11	12	15	13	9	22	18	14	14	12	8	8	8	9	5
	13	18	20	22	20	20	18	16	15	13	16	18	18	19	17	15	14	12	12	12	14	27	23	20	18	16	13	18	17	19	21	21	21	26	20	17	16	18	15	13	18	23	20	21	24	19	19	16	19	18	28	24	23	27	23	18	18	20	15	11	21	24	20	19	23	21	20	27	15	12	22	23	17	16	19	17	17	16	11	11	17	23	16	15	13	11	12	16	14	9	22	18	14	14	12	8	8	8	9	5
	13	18	20	22	20	20	18	16	15	14	17	18	18	19	17	15	14	12	12	12	14	27	23	20	18	16	13	18	17	19	21	21	21	26	20	18	16	18	15	13	18	23	20	21	24	19	19	16	19	18	28	24	23	27	23	18	18	20	16	11	21	24	21	20	23	22	20	27	15	12	22	23	17	16	19	17	17	17	12	11	17	23	17	15	13	11	12	16	14	9	22	18	14	14	12	8	8	8	9	5
	14	18	20	22	20	20	18	16	16	14	17	18	18	19	17	15	14	12	12	12	14	27	23	20	18	16	13	18	17	19	21	21	21	26	21	18	16	18	15	13	18	23	20	21	24	19	19	16	19	18	28	24	24	27	23	18	18	20	16	12	21	25	21	20	23	22	20	27	16	13	22	23	17	16	20	17	17	17	12	11	17	23	17	16	13	11	12	16	14	9	22	18	14	14	12	8	8	8	9	5
	14	19	20	22	20	20	18	16	16	14	17	18	18	19	17	15	14	13	12	12	14	27	23	20	18	16	13	18	17	19	21	21	21	27	21	18	16	18	15	13	18	23	21	21	24	19	19	16	19	19	28	25	24	27	23	18	18	20	17	12	21	25	21	20	23	22	20	27	16	13	22	23	17	16	20	17	17	17	12	12	17	23	17	16	14	12	12	16	14	9	22	18	14	14	12	8	8	8	9	5
	14	19	21	22	20	20	18	16	16	14	17	18	18	19	17	15	14	13	12	12	14	27	23	20	18	16	13	19	17	19	21	22	22	27	21	18	16	18	16	13	18	24	21	21	24	19	19	16	19	19	28	25	24	27	23	18	18	21	17	12	21	25	21	20	23	22	20	27	16	13	22	23	17	16	20	17	17	17	12	12	17	23	17	16	14	12	13	16	14	10	22	18	14	15	12	8	8	8	9	5
	14	19	21	22	20	20	18	16	16	14	17	18	19	19	17	15	14	13	12	12	14	28	23	21	18	16	13	19	18	19	22	22	22	27	21	18	16	19	16	13	18	24	21	21	24	19	19	16	19	19	28	25	24	27	23	18	18	21	17	12	21	25	21	20	23	22	20	28	16	13	22	23	17	16	20	18	17	17	12	12	17	23	17	16	14	12	13	16	14	10	22	18	15	15	12	8	8	8	9	6
	14	19	21	22	20	20	18	16	16	14	17	19	19	20	17	15	14	13	12	12	15	28	24	21	18	16	13	19	18	20	22	22	22	27	21	18	16	19	16	13	18	24	21	21	24	19	19	16	20	19	28	25	24	27	23	18	18	21	17	12	21	25	21	20	23	23	21	28	16	13	22	23	17	16	20	18	17	17	12	12	17	23	17	16	14	12	13	16	14	10	22	19	15	15	12	8	8	8	10	6
	14	20	21	22	21	20	18	16	16	14	18	19	19	20	17	15	14	13	12	12	15	28	24	21	18	16	13	19	18	20	22	22	23	27	21	18	16	19	16	14	18	24	21	21	24	19	19	17	20	19	28	25	24	27	23	19	18	21	17	12	21	25	21	20	24	23	21	28	16	13	22	23	17	16	20	18	17	17	12	12	17	23	17	16	14	12	13	16	14	10	23	19	15	15	12	8	8	9	10	6
	15	20	22	22	21	21	18	16	16	14	18	19	19	20	17	15	14	13	12	12	15	28	24	21	18	16	13	19	18	20	22	22	23	27	21	18	17	19	16	14	18	24	21	22	24	20	19	17	20	20	28	25	24	28	23	19	18	21	17	12	21	25	21	20	24	23	21	28	16	13	22	23	17	16	20	18	17	17	12	12	18	23	17	16	14	12	13	16	14	10	23	19	15	15	12	8	9	9	10	6
	15	21	22	23	21	21	18	16	16	14	18	19	19	20	18	15	14	13	12	12	15	28	24	21	18	16	14	19	18	20	22	22	23	27	22	18	17	19	16	14	18	24	21	22	25	20	19	17	21	20	28	25	24	28	24	19	18	21	17	12	21	25	21	20	24	23	21	28	16	13	23	23	17	16	20	18	17	17	12	12	18	23	17	16	14	12	14	16	14	10	23	19	15	15	12	8	9	9	10	6
	15	21	23	23	22	21	18	16	16	14	18	19	19	20	18	15	15	13	12	12	15	28	24	21	19	17	14	19	18	20	22	22	23	28	22	18	17	19	16	14	18	24	21	22	25	20	19	18	21	20	28	25	24	28	24	20	18	21	17	12	21	26	21	20	24	23	21	28	16	13	23	23	17	16	20	19	17	17	12	12	18	23	17	16	14	12	14	16	14	10	23	19	15	15	12	8	9	9	10	6
	15	21	23	24	22	22	18	16	16	14	18	19	19	21	18	16	15	13	12	12	15	28	24	22	19	17	14	19	18	20	22	22	23	28	22	19	18	19	16	14	18	24	21	22	25	21	19	18	21	20	28	25	24	28	24	20	18	21	17	12	21	26	22	20	24	24	21	28	16	13	23	23	17	16	20	19	17	17	12	12	18	23	17	16	14	12	14	16	14	10	23	19	15	15	12	8	9	9	10	6
	15	21	23	24	23	22	19	16	16	14	18	19	20	21	19	16	15	13	12	12	15	28	25	22	19	17	15	19	18	20	22	22	23	28	22	20	18	19	16	14	18	24	21	22	25	21	20	18	21	20	28	25	24	28	25	20	18	21	17	12	21	26	22	21	24	24	21	28	16	13	23	23	17	16	20	19	17	17	12	12	18	23	17	16	14	12	14	16	14	10	23	19	15	15	12	8	9	9	10	6
	15	21	23	24	23	23	19	17	16	14	18	20	20	21	19	16	16	13	12	12	15	29	25	22	19	18	15	19	18	20	22	22	23	28	22	20	18	19	16	14	18	24	21	22	25	21	21	18	21	20	28	25	24	29	25	20	19	21	17	12	21	26	22	21	24	24	21	28	16	13	23	23	18	16	20	19	17	17	12	12	18	23	17	16	14	12	14	16	14	10	23	19	15	15	12	8	9	9	10	6
	15	21	23	24	23	23	20	17	17	14	19	20	20	21	19	16	16	14	12	12	15	29	25	22	19	18	15	19	18	20	22	23	23	28	22	21	18	19	16	14	18	24	21	23	25	21	21	18	21	20	28	25	24	29	25	21	20	21	17	12	21	26	22	21	24	24	21	28	16	13	23	24	18	16	20	19	17	17	12	12	18	23	17	16	14	12	14	16	14	10	23	19	15	15	12	8	9	9	10	6
	15	21	23	24	23	23	20	18	17	15	19	20	20	21	19	16	16	14	13	12	16	29	25	22	19	18	15	19	18	20	22	23	24	28	22	21	18	19	16	14	18	24	22	23	25	21	22	18	21	20	28	25	24	29	26	21	20	21	17	12	21	26	22	21	24	24	21	29	16	13	23	24	18	16	20	19	17	17	12	12	18	24	17	16	14	12	14	16	14	10	23	19	15	15	12	8	9	9	10	6
	15	21	23	24	23	23	20	18	18	15	19	20	20	21	19	16	16	14	14	13	16	29	25	22	19	18	15	19	18	20	23	23	24	29	22	21	18	19	16	14	18	24	22	23	25	21	22	18	21	20	28	25	25	30	26	21	21	21	17	12	21	26	22	21	24	24	21	29	16	13	23	24	18	16	20	19	18	17	12	12	18	24	17	16	14	12	14	16	14	10	24	19	15	15	12	8	9	9	10	6
	15	21	23	24	23	23	20	18	18	15	19	20	20	21	19	16	16	15	14	13	16	29	25	22	19	18	15	19	19	21	23	24	24	29	23	21	18	19	16	14	18	24	22	23	25	21	22	18	21	20	28	25	25	30	26	21	21	21	17	12	21	26	23	22	24	24	21	30	16	13	23	24	18	16	20	19	18	17	12	12	18	24	17	16	14	12	14	17	14	10	24	20	15	15	12	8	9	9	10	6
	15	21	23	24	23	23	20	18	18	15	19	20	20	21	19	16	16	15	14	13	16	29	25	22	19	18	15	20	19	21	23	24	25	29	23	22	18	20	17	14	18	24	22	23	25	21	22	18	21	20	28	25	25	30	26	21	21	21	17	12	21	26	23	22	24	24	21	30	16	13	23	24	19	17	20	19	19	17	12	12	18	24	18	16	14	12	14	17	14	10	24	20	15	15	12	8	10	9	10	6
	15	21	23	24	23	23	20	18	18	15	19	20	20	21	19	16	16	15	14	13	16	29	25	22	19	18	15	20	19	21	23	24	25	30	23	22	19	20	17	15	18	24	22	23	25	22	22	18	22	20	28	25	25	30	26	21	21	21	17	12	21	26	24	22	24	24	21	30	16	13	23	24	19	17	20	19	19	17	12	12	18	24	18	17	14	12	14	18	14	10	24	20	16	15	12	9	10	9	10	6
	15	21	23	24	23	23	20	18	18	15	19	20	20	21	19	16	16	15	14	13	16	29	25	22	19	18	15	20	19	21	23	24	25	30	23	22	19	20	17	15	18	24	22	24	26	22	22	19	22	21	28	26	25	30	26	21	21	21	18	12	21	26	24	22	24	24	21	30	16	13	23	24	19	17	20	19	19	17	12	12	18	24	18	17	15	12	14	18	14	10	24	20	16	16	13	9	11	9	10	6
	15	21	23	24	23	23	20	18	18	15	19	20	20	21	19	16	16	15	14	13	16	29	25	22	19	18	15	20	19	21	23	24	25	30	23	22	19	20	17	15	18	25	22	24	26	22	22	19	22	21	28	26	26	31	26	21	22	21	18	13	21	26	24	22	24	24	21	30	16	14	23	24	19	17	21	19	19	17	12	12	18	24	18	17	15	13	14	18	14	10	24	20	17	16	13	10	11	9	10	6
	15	21	23	24	23	23	20	18	18	15	19	20	20	21	19	16	16	15	14	13	16	29	25	22	19	18	15	20	19	21	24	24	25	30	23	22	19	20	17	15	18	25	22	24	26	22	22	19	22	21	28	26	26	31	26	21	22	22	19	13	21	26	25	23	25	24	21	30	16	14	23	24	19	17	21	19	19	17	13	12	18	24	18	17	15	13	15	18	14	10	24	21	17	16	13	10	12	9	10	6
	15	21	23	24	23	23	20	18	18	15	19	20	20	21	19	16	16	15	14	13	17	29	25	22	19	18	15	20	19	21	24	24	25	30	23	22	19	20	17	15	18	25	22	24	26	22	22	19	22	21	28	26	26	31	26	21	22	22	19	13	21	27	25	23	25	25	21	31	17	14	23	24	20	17	21	20	19	18	13	12	18	24	18	17	15	13	15	18	14	10	25	21	17	16	13	10	12	10	10	6
	15	21	23	24	23	23	20	18	18	15	19	20	20	21	19	16	16	15	14	13	17	30	25	22	19	18	15	20	19	21	24	24	25	30	23	22	19	20	17	15	18	25	22	24	26	22	22	19	22	21	29	26	26	31	26	21	22	22	19	13	21	27	25	23	25	26	22	31	17	15	23	25	20	17	21	20	20	18	13	12	19	24	18	17	15	13	15	19	15	10	25	21	17	16	13	10	12	10	10	6
	15	21	23	24	23	23	20	18	18	15	20	20	20	21	19	16	16	15	14	13	17	30	25	22	19	18	15	20	19	21	24	24	25	30	23	22	19	20	17	15	19	25	22	24	26	22	22	19	22	21	29	26	26	31	26	22	22	22	19	13	21	28	25	23	25	26	23	31	17	15	24	25	20	17	21	20	20	18	13	13	19	24	18	17	15	13	16	19	15	11	25	21	17	16	13	10	13	10	10	6
	16	21	23	24	23	23	20	18	18	15	20	20	20	21	19	16	16	15	14	13	17	30	25	22	19	18	15	20	19	21	25	24	25	30	23	22	19	20	17	15	19	25	22	24	26	22	23	19	22	21	30	26	26	31	26	22	23	22	19	13	22	28	25	23	25	26	23	31	17	15	24	25	20	17	21	20	20	18	14	13	19	24	18	17	15	14	16	19	15	11	25	21	17	16	13	11	13	10	10	7
