	0	0	0	0	0	0	0	1	0	0	0	0	0	0	0	0	0	0	0	0	0	0	1	0	0	0	0	0	0	0	0	0	0	0	0	0	0	0	0	0	0	0	0	1	0	0	0	0	0	0	1	0	0	0	1	0	1	0	0	0	0	1	0	0	0	0	0	0	0	0	0	0	0	0	0	0	0	0	0	0	0	0	1	0	0	0	0	1	1	0	0	0	0	0	0	0	0	0	0	0
	0	0	0	0	0	0	0	1	1	0	0	1	0	0	0	0	0	0	0	0	0	0	1	0	0	0	0	0	0	0	0	0	1	0	0	0	0	0	0	0	1	0	0	1	1	0	1	0	0	0	1	1	0	0	1	0	1	0	0	0	0	1	0	0	0	0	0	0	0	0	0	1	0	0	0	0	1	0	1	0	0	0	1	0	0	0	0	1	1	0	0	0	0	0	0	0	0	0	0	0
	0	1	0	0	0	0	0	1	1	1	0	1	0	0	0	0	0	0	0	0	0	0	2	0	0	0	0	0	0	0	1	0	1	1	0	1	0	0	0	0	1	1	0	1	1	0	1	0	0	0	1	1	0	0	1	0	1	0	0	0	0	2	0	0	0	0	1	0	1	0	0	1	0	0	0	0	1	0	1	0	0	0	1	0	0	0	0	1	1	0	0	0	0	0	0	0	0	0	0	0
	1	1	0	0	0	0	0	1	1	1	0	2	0	0	0	0	0	0	1	0	1	0	2	1	0	1	0	0	0	0	1	1	1	1	0	1	0	0	0	0	1	1	0	1	1	0	1	0	0	0	2	1	0	0	1	1	1	1	0	0	0	2	0	0	0	0	1	0	1	0	0	1	0	0	0	0	1	0	1	0	0	0	1	0	0	0	0	1	1	0	0	0	0	0	0	0	0	0	0	0
	2	2	0	0	0	0	0	1	1	1	1	2	1	0	1	0	0	1	1	0	1	1	2	1	0	1	0	0	0	0	1	1	1	1	0	1	0	0	0	0	2	1	0	1	1	1	1	1	0	0	2	1	0	0	1	1	1	1	0	0	0	2	0	0	0	0	1	0	1	0	0	1	0	0	0	0	1	0	1	0	0	0	1	0	0	0	0	1	1	0	0	0	0	0	0	0	0	0	0	0
	2	3	1	1	1	0	0	1	1	1	1	3	1	0	1	0	1	1	1	0	1	1	3	1	0	1	0	0	0	0	2	1	1	1	1	1	1	0	0	0	2	1	0	1	1	1	1	1	0	0	2	1	0	0	1	1	1	1	0	0	0	2	0	0	0	0	1	0	1	0	0	1	0	0	0	0	1	0	1	0	0	0	1	0	0	0	0	1	1	0	0	0	0	0	0	0	0	0	0	0
	2	3	1	1	1	1	0	1	1	1	2	4	2	1	1	1	1	1	1	0	1	1	3	2	1	1	1	0	0	0	2	1	1	1	1	1	1	0	0	0	2	2	0	1	1	1	1	1	0	0	2	1	0	0	1	1	1	1	0	0	0	2	0	0	0	0	1	0	1	0	0	1	0	0	0	0	1	0	1	0	0	0	1	0	0	0	0	1	1	0	0	0	0	0	0	0	0	0	0	0
	2	3	1	1	1	1	1	1	1	1	2	4	2	1	2	1	1	1	1	0	2	2	4	2	1	2	1	1	0	0	2	1	2	2	1	1	1	0	0	0	2	2	0	1	1	1	1	1	0	0	2	2	0	0	1	1	1	1	0	0	0	2	0	0	0	0	1	0	1	0	0	1	0	0	0	0	1	0	1	0	0	0	1	0	0	0	0	1	1	0	0	0	0	0	0	0	0	0	0	0
	2	3	1	1	2	1	1	2	1	1	3	4	2	1	2	1	1	1	1	0	2	2	4	2	1	2	1	1	1	0	3	2	2	2	1	2	1	0	0	0	2	2	1	1	2	1	1	1	0	0	2	2	0	0	1	1	1	1	0	0	0	2	1	0	0	0	1	0	1	0	0	1	0	0	0	0	1	0	1	0	0	0	1	0	0	0	0	1	1	0	0	0	0	0	0	0	0	0	0	0
	3	3	1	2	2	1	1	2	2	1	3	4	2	1	2	1	1	1	1	0	2	2	4	2	1	2	2	1	1	1	3	2	2	2	1	2	1	0	0	0	3	3	1	1	2	1	1	1	0	0	2	2	1	0	2	1	1	1	0	0	0	2	1	0	0	0	1	0	1	0	0	1	1	0	0	0	1	0	1	0	0	0	1	0	0	0	0	1	1	0	0	0	0	0	0	0	0	0	0	0
	3	4	2	2	2	1	1	2	2	2	3	4	2	1	2	1	2	1	1	1	2	2	4	2	1	2	2	1	1	1	4	2	2	2	1	2	1	0	0	0	3	3	1	1	2	1	1	1	0	0	3	2	1	0	2	1	1	1	0	0	0	2	2	0	0	1	1	0	1	0	0	1	1	0	0	0	1	0	1	0	0	0	2	0	0	0	0	1	1	0	0	0	0	0	0	0	0	0	0	0
	3	4	2	2	2	1	1	2	2	2	3	5	3	1	2	1	2	2	2	1	3	2	4	2	1	2	2	1	1	2	4	2	2	2	1	2	1	0	0	0	3	3	1	1	2	1	1	1	0	0	3	2	1	0	2	1	1	1	0	0	1	2	2	1	0	1	2	0	1	0	0	1	1	0	0	0	1	0	1	0	0	1	2	0	0	0	0	1	1	0	0	0	0	0	0	0	0	0	0	0
	3	4	2	2	2	1	1	2	2	2	4	5	3	1	2	1	2	2	2	1	3	2	5	3	1	2	2	2	2	2	4	2	2	2	1	2	1	0	1	0	3	3	1	1	2	1	1	1	0	0	3	2	1	0	2	1	1	1	0	0	1	2	2	1	1	1	2	1	1	0	1	1	1	0	0	0	1	0	1	0	1	1	2	0	0	0	0	1	1	0	0	0	0	0	0	0	0	0	0	0
	4	4	2	2	2	1	1	2	2	2	4	5	3	1	2	1	2	2	2	1	3	2	5	3	1	2	2	2	2	2	4	3	3	2	1	2	2	1	1	1	3	3	1	1	2	1	1	1	0	0	3	2	1	0	2	1	1	2	0	0	1	2	2	1	1	1	2	1	1	0	1	2	1	1	0	0	1	0	1	0	1	1	2	0	0	0	0	1	1	0	1	0	0	0	0	0	0	0	0	0
	4	5	2	2	2	1	1	2	2	2	4	5	3	1	2	1	2	2	2	1	3	2	5	3	1	2	2	2	2	2	4	3	3	2	1	2	2	1	1	1	3	4	2	1	2	1	2	2	1	1	3	2	1	0	2	1	1	2	0	0	1	3	2	1	1	1	2	1	1	0	1	2	2	1	0	0	1	0	1	0	1	1	2	0	0	0	0	1	1	0	1	1	0	0	0	0	0	0	0	0
	4	5	3	2	2	1	1	2	2	2	4	5	3	1	2	1	2	2	2	1	3	2	5	3	1	2	2	2	2	2	4	3	3	2	1	2	2	1	1	1	3	4	2	1	2	1	2	2	1	1	4	3	2	0	2	2	2	2	1	1	1	3	2	1	1	1	2	1	1	0	1	2	2	1	0	0	1	0	1	0	1	1	3	0	0	0	0	1	1	0	1	1	1	0	0	0	0	0	0	0
	4	5	3	3	2	1	1	2	2	2	4	5	3	1	2	1	2	2	2	1	3	2	5	3	1	2	2	2	2	2	4	3	3	2	1	2	2	1	1	1	4	4	2	1	2	2	2	2	1	2	4	3	2	0	2	2	2	2	1	1	1	3	3	2	1	1	3	1	1	1	1	2	2	1	0	0	1	0	1	0	1	1	3	1	0	0	0	1	1	0	1	1	1	1	0	0	0	0	0	0
	4	5	3	3	3	1	1	2	2	2	4	5	3	1	2	1	2	2	2	1	3	2	5	3	1	2	2	2	2	2	5	3	3	2	2	2	2	1	2	1	4	4	2	1	2	2	2	2	1	2	4	3	2	0	2	2	2	2	1	1	1	3	3	2	2	1	3	1	1	1	1	2	3	1	0	1	1	0	1	1	1	1	3	1	1	0	0	1	1	0	1	1	1	1	1	0	0	0	0	0
	4	5	3	3	3	2	1	2	2	2	4	5	3	1	2	1	2	2	2	1	4	2	5	3	2	2	2	2	2	3	5	3	3	2	2	2	2	1	2	1	4	4	2	1	2	2	2	2	1	2	4	3	2	0	2	2	2	2	1	1	1	3	3	2	2	2	3	1	1	2	1	2	3	2	1	1	1	0	1	1	1	1	3	1	1	1	0	1	1	0	1	1	1	1	1	1	0	0	0	0
	4	5	3	3	3	2	2	2	2	2	4	5	3	2	2	1	2	2	2	2	4	3	5	3	2	2	2	2	2	3	5	3	3	2	2	2	2	1	2	1	4	4	2	1	2	2	2	2	1	2	4	3	2	0	3	2	2	2	2	1	1	3	3	2	2	2	3	1	1	2	1	2	3	2	1	2	1	0	1	1	1	1	3	2	1	1	1	1	1	0	1	1	1	1	1	1	1	0	0	0
	4	5	3	4	3	2	2	3	2	3	5	5	3	2	2	1	2	2	2	2	4	3	5	3	2	2	2	2	2	3	5	3	3	2	2	2	2	1	2	1	4	4	2	1	2	2	2	2	1	3	4	3	2	1	3	2	2	2	2	1	1	3	3	2	2	2	3	1	1	2	1	2	3	2	1	2	2	0	1	1	1	1	3	2	2	1	1	2	1	0	1	1	1	1	1	1	1	1	0	0
	5	5	4	4	3	2	2	3	3	3	5	5	3	2	2	1	2	2	3	2	4	3	5	3	2	2	2	2	2	3	5	3	3	2	2	2	2	1	3	1	4	4	2	2	2	2	2	2	1	3	4	3	2	1	3	2	2	2	2	1	1	3	3	2	2	2	3	1	1	2	1	2	3	2	1	2	2	1	1	1	1	1	3	2	2	2	2	2	2	0	1	1	1	1	1	1	1	1	0	0
	5	6	4	4	3	2	2	3	3	3	5	6	3	2	2	1	2	3	3	2	4	3	5	3	2	2	2	2	3	4	5	3	3	3	2	2	2	1	3	1	4	4	2	2	2	2	2	2	1	3	4	3	2	1	3	2	2	2	2	1	1	3	3	2	2	2	3	1	1	2	1	2	3	2	1	2	2	1	2	1	1	1	3	2	2	3	2	2	2	1	1	1	1	1	2	1	1	1	0	0
	5	6	4	4	3	2	2	3	3	3	6	6	4	2	2	1	3	3	3	2	4	3	5	3	2	2	2	3	3	4	5	3	3	3	3	2	2	1	3	2	4	4	2	2	2	2	2	2	1	3	4	3	2	1	3	2	2	2	2	1	1	3	3	2	2	2	3	1	2	2	1	2	3	2	1	2	2	1	2	2	1	1	3	2	3	3	2	2	2	1	1	1	1	2	2	1	1	1	0	0
	5	6	4	4	3	2	2	3	3	3	6	6	4	2	2	2	3	3	3	2	5	3	5	4	2	2	3	3	3	4	5	3	3	3	3	2	2	1	3	2	4	4	2	2	2	3	2	2	1	4	4	3	2	1	3	2	2	2	2	1	1	3	3	2	2	2	3	2	2	3	1	2	3	2	1	2	2	1	2	2	1	1	3	3	3	3	2	2	2	1	1	1	2	2	2	1	1	1	0	0
	5	6	4	4	3	2	2	3	3	3	6	6	4	2	2	2	3	3	3	2	5	3	5	4	2	3	3	3	3	4	6	3	3	4	3	3	3	1	3	2	4	4	2	2	2	3	2	2	2	4	4	3	2	1	3	2	2	2	3	1	1	3	3	2	2	2	4	2	2	3	1	2	3	2	1	2	2	1	2	2	1	1	4	3	3	3	2	2	2	1	1	2	2	2	2	1	1	1	0	0
	5	6	4	4	3	2	2	3	3	3	6	6	4	2	2	2	3	3	3	2	5	3	5	4	3	3	3	4	3	4	6	4	3	4	4	3	3	1	3	2	4	4	2	3	2	3	2	2	2	4	4	3	2	1	3	3	2	3	3	1	1	3	3	2	2	2	4	2	3	3	1	3	3	2	1	2	2	1	2	2	1	2	4	3	3	3	2	2	2	1	1	2	2	2	2	1	1	1	0	0
	5	6	4	4	3	2	2	3	3	3	6	6	4	3	2	2	3	4	3	2	5	3	6	4	3	3	3	4	3	4	6	4	3	4	4	3	3	1	3	2	4	4	2	3	3	4	2	3	2	4	4	3	2	2	3	3	2	3	3	1	1	4	3	2	2	2	4	3	3	3	2	3	3	2	1	2	2	1	2	2	1	2	4	3	3	3	2	2	2	1	1	2	2	2	2	1	1	1	0	0
	5	6	4	4	3	2	2	3	3	3	6	6	5	3	3	2	3	4	4	2	5	3	6	4	3	3	3	4	3	4	6	4	3	4	4	3	4	1	3	2	4	4	2	3	3	4	3	3	2	4	5	3	3	2	4	3	3	3	3	1	2	4	3	2	2	2	4	3	3	3	2	3	3	2	1	2	2	1	2	2	1	2	4	3	3	3	2	2	2	1	1	2	2	2	2	1	1	1	0	0
	5	6	4	4	4	2	2	3	3	3	6	6	5	3	3	2	3	4	4	3	5	3	6	5	3	3	3	5	3	4	6	4	3	4	4	4	4	1	3	2	5	4	3	3	3	4	3	3	2	4	5	3	3	2	4	3	3	3	3	1	2	4	3	2	3	2	5	3	3	3	3	3	3	2	1	2	2	1	2	2	1	2	4	3	3	3	2	2	2	1	1	2	2	2	2	1	1	1	0	0
	5	6	4	5	4	2	2	3	3	4	6	6	5	3	3	2	3	5	4	3	5	3	6	5	3	3	4	5	3	4	7	5	3	5	4	4	4	1	3	2	5	4	3	3	3	4	3	3	2	4	5	3	3	2	4	3	3	3	3	1	2	4	3	3	3	3	5	3	3	3	3	3	3	2	1	2	2	1	2	2	2	2	4	3	3	3	2	2	2	1	1	2	2	2	2	1	1	1	0	0
	5	6	4	5	4	2	2	3	4	4	6	6	6	3	3	2	3	5	5	3	5	3	7	5	3	3	4	5	3	4	7	5	3	5	4	4	5	1	3	2	5	5	3	4	3	4	3	3	2	4	5	3	4	2	4	3	3	3	3	1	2	4	3	3	4	3	5	3	3	3	3	3	3	2	1	2	2	1	2	2	2	2	4	3	3	3	2	2	2	1	2	2	2	2	2	1	1	1	0	0
	5	6	5	5	4	2	2	4	4	4	6	6	6	3	3	2	3	5	5	3	5	4	7	5	3	3	4	5	4	4	7	5	4	5	4	4	5	1	3	2	5	5	4	4	3	4	3	4	2	4	5	4	4	2	4	3	3	3	3	1	2	4	3	4	4	3	5	3	3	3	3	3	3	2	1	2	2	1	2	2	2	2	4	3	3	3	2	2	2	1	2	3	2	2	2	1	1	1	0	0
	5	6	5	5	4	2	3	4	4	4	6	7	6	3	3	2	3	5	5	3	6	4	7	5	3	3	4	5	4	4	7	6	4	5	4	4	5	2	3	2	5	5	4	4	3	4	3	4	2	4	5	4	5	2	4	3	4	3	3	1	2	4	4	4	4	3	5	3	3	3	3	3	4	2	1	2	2	1	2	2	2	2	4	3	3	3	2	2	2	1	2	3	3	2	2	1	1	1	0	0
	5	6	5	5	4	3	3	4	4	4	7	7	6	3	3	2	3	5	5	3	6	5	7	5	3	3	4	5	4	4	7	6	4	5	4	4	5	2	4	2	5	6	4	4	3	4	3	4	2	4	5	4	5	3	4	3	4	3	3	1	2	4	4	4	4	3	6	3	3	3	3	4	4	3	1	2	2	1	2	2	2	2	4	3	3	3	2	2	2	1	2	3	3	3	2	1	1	1	0	0
	6	6	5	5	4	3	3	4	4	4	7	7	6	3	3	3	3	5	5	3	6	5	7	5	3	3	4	5	4	5	8	6	4	5	4	4	5	2	4	2	5	6	4	4	4	4	3	4	2	4	6	4	5	3	4	3	4	3	3	1	2	4	4	4	5	4	6	3	3	3	3	4	4	3	1	2	2	1	2	2	2	2	5	3	3	3	2	2	2	1	2	3	3	3	3	1	1	1	0	0
	6	7	5	5	4	3	3	4	4	4	7	7	6	3	3	3	4	5	5	3	6	5	7	5	3	3	4	5	4	5	8	6	4	5	5	4	5	2	4	3	5	7	4	4	4	4	3	4	2	4	6	4	5	4	4	3	4	3	3	1	3	4	4	4	5	4	6	3	3	3	3	4	4	3	2	2	2	1	2	2	2	2	5	4	3	3	2	2	2	1	2	3	3	3	3	2	1	1	0	0
	6	7	6	5	4	3	3	4	4	4	7	7	6	3	3	3	4	6	5	3	6	5	7	5	3	4	4	5	4	6	8	6	4	5	5	4	5	2	4	3	5	7	4	4	5	4	3	4	2	4	6	5	5	4	4	3	4	3	3	1	3	5	4	4	5	4	6	3	3	3	3	4	4	4	2	3	2	1	2	2	2	2	5	4	3	3	2	2	2	1	2	3	3	3	3	2	2	1	0	0
	6	7	6	6	4	3	3	4	4	4	7	7	6	3	4	3	4	7	6	3	6	5	7	5	3	4	4	5	4	6	8	6	4	5	6	4	5	2	4	3	5	7	4	4	5	4	3	4	2	4	6	5	5	4	4	3	4	3	3	1	3	5	5	4	5	4	6	3	3	3	3	5	4	4	3	3	3	1	2	2	2	2	5	4	3	3	2	3	2	1	2	3	3	3	3	2	2	1	0	0
	6	7	6	6	4	4	3	4	4	4	7	7	6	4	4	3	4	7	7	4	6	5	7	5	3	5	4	5	4	6	8	6	4	5	6	4	5	2	4	3	5	7	4	4	5	4	3	4	2	4	6	5	5	4	4	3	4	3	3	1	3	5	5	4	5	4	6	3	3	3	3	5	5	4	3	4	3	2	2	2	2	2	6	4	3	3	2	3	2	1	2	3	3	3	3	2	2	2	0	0
	6	7	6	6	4	4	3	4	5	5	7	7	6	4	5	4	4	7	7	4	6	5	7	6	3	5	4	5	4	6	8	6	4	5	6	4	5	2	4	3	5	7	4	4	5	4	3	4	2	4	6	5	5	4	4	3	4	3	3	1	3	5	5	4	5	4	6	4	3	3	3	5	5	5	3	4	4	2	2	2	2	2	6	5	3	3	2	3	2	1	2	3	3	3	3	2	2	2	1	0
	6	7	6	6	5	4	4	5	5	5	7	7	6	4	5	4	4	7	8	4	6	5	7	6	3	5	4	5	4	6	8	6	5	5	6	4	5	2	4	3	5	7	4	4	5	4	3	4	2	4	6	5	5	4	4	3	4	3	3	1	3	5	5	4	5	4	7	4	3	3	3	5	5	5	4	4	4	2	2	2	2	2	6	5	4	3	3	3	2	1	2	3	3	3	3	2	2	2	1	1
	6	7	6	7	5	4	4	5	5	5	7	7	6	4	5	5	5	7	8	4	6	5	7	6	3	5	4	5	5	6	8	6	5	6	6	4	5	2	4	3	5	7	4	4	5	4	3	4	2	4	6	5	5	4	4	4	4	3	3	1	3	5	5	4	5	4	7	4	3	3	3	5	5	5	4	5	4	2	2	2	2	2	6	5	4	4	4	3	2	2	2	3	3	3	3	2	2	2	1	1
	6	7	7	7	5	4	4	5	5	5	7	7	6	4	5	5	5	7	8	4	6	5	7	6	3	6	5	6	5	6	8	6	5	6	6	4	5	2	4	3	5	7	4	5	5	5	3	4	2	4	6	5	5	4	4	4	4	3	3	1	3	5	5	4	5	4	8	4	3	3	3	5	5	5	4	5	4	2	3	2	2	2	6	5	4	4	4	3	2	2	2	3	3	3	4	3	2	2	1	1
	6	8	7	7	5	4	4	5	5	5	7	7	6	4	5	5	5	7	8	4	6	5	7	6	3	7	5	6	5	6	8	6	5	6	7	5	6	2	4	3	5	7	4	5	5	5	3	4	2	4	6	5	5	5	4	5	4	3	3	1	3	5	5	4	5	4	8	4	3	3	3	5	5	5	4	5	4	3	3	2	2	2	6	5	4	4	4	3	2	2	2	3	3	4	4	3	3	2	1	1
	7	8	7	7	5	4	4	5	5	5	7	7	6	4	5	5	5	7	8	4	6	5	7	6	4	7	6	6	5	6	8	6	5	6	8	5	6	2	4	3	5	7	4	5	5	6	4	4	2	4	6	5	5	5	5	5	4	3	3	1	3	5	5	4	5	4	8	4	3	3	3	5	5	5	4	5	4	3	3	2	2	2	6	5	4	4	4	3	3	2	2	3	4	4	4	3	3	3	1	1
	7	8	7	7	5	4	4	5	5	5	8	7	6	5	5	5	6	7	8	4	6	5	7	6	4	7	6	6	5	6	8	6	5	6	9	5	6	2	4	3	5	7	4	5	6	6	4	5	2	4	6	5	5	5	5	5	4	3	3	1	3	5	5	4	6	4	8	4	3	3	3	5	5	5	4	5	4	3	3	2	2	2	7	5	4	4	4	4	3	2	2	3	4	4	4	3	3	3	2	1
	7	8	7	7	5	4	4	5	5	5	8	7	6	5	5	5	6	8	8	4	7	5	7	7	4	8	6	6	5	6	8	6	5	7	9	5	6	3	4	3	5	7	4	5	6	6	4	5	2	4	6	5	5	5	5	5	4	3	3	1	3	5	5	5	6	4	8	4	3	3	3	5	5	5	4	5	5	3	3	2	2	3	7	5	4	4	4	4	3	2	2	3	4	4	4	3	3	3	2	2
	7	8	7	7	5	4	4	5	5	5	8	7	7	5	6	5	6	8	9	4	7	6	7	7	4	8	6	6	6	6	8	6	6	7	9	5	6	3	4	3	5	7	4	5	6	6	4	5	2	4	6	5	6	5	5	5	4	3	3	1	3	5	5	5	6	4	9	4	3	3	4	5	5	5	4	5	5	3	3	2	2	3	7	5	4	4	4	4	3	3	2	3	4	4	4	3	3	3	2	2
	7	8	7	7	6	4	4	5	5	5	8	8	7	5	6	5	6	8	9	5	7	6	8	7	4	8	6	6	6	6	8	6	6	7	9	5	6	3	5	3	5	7	5	6	6	6	4	5	2	4	6	5	6	5	5	6	4	3	3	1	3	5	5	5	6	4	9	4	3	3	4	5	5	5	4	5	5	3	3	3	3	3	7	5	4	4	4	4	3	3	2	3	4	4	4	3	3	3	2	2
	7	8	8	7	6	4	4	5	5	5	8	8	7	6	6	5	6	8	9	5	7	6	8	7	4	8	6	6	6	7	8	7	6	7	9	5	6	3	5	3	5	8	5	6	6	7	4	5	3	4	6	5	6	6	5	6	4	3	3	1	3	5	5	5	6	4	9	4	3	4	4	5	5	5	4	5	5	3	3	3	3	3	7	5	4	4	4	4	3	3	3	3	4	4	4	3	3	3	2	2
	7	8	8	8	6	4	4	5	5	5	8	8	7	6	6	5	6	8	9	5	7	6	8	8	4	8	6	6	6	7	9	7	6	7	10	5	6	3	6	3	5	8	5	6	6	7	4	5	3	5	6	6	6	6	6	6	4	3	4	1	3	5	5	5	6	4	9	4	3	4	4	5	5	5	4	5	5	3	3	3	3	3	7	5	4	4	4	4	3	3	3	4	4	4	4	3	3	3	2	2
	7	8	8	8	7	4	4	5	5	5	8	8	7	6	6	5	6	8	9	5	7	6	8	8	5	8	6	6	6	7	9	7	7	7	10	5	6	3	6	4	6	8	5	6	6	7	4	5	3	5	6	6	7	6	6	6	4	4	4	2	3	5	5	5	6	5	9	4	3	4	4	5	5	5	4	5	5	3	3	3	3	3	8	5	4	4	4	4	3	3	3	4	4	4	4	3	3	3	2	2
	7	8	8	8	7	5	4	5	5	5	8	8	7	7	6	5	6	8	9	5	7	6	8	8	5	8	6	6	6	8	9	7	7	7	10	5	6	3	6	4	6	8	5	7	6	7	4	5	3	5	7	6	7	7	6	6	4	4	4	2	3	5	5	5	6	5	10	4	4	5	4	6	5	5	4	5	5	3	3	3	3	3	8	5	4	4	4	4	3	3	3	4	4	4	4	3	3	3	2	2
	7	8	8	8	7	5	4	5	5	5	8	8	7	7	7	5	6	8	10	5	7	6	8	8	6	8	6	6	6	8	9	7	7	7	10	5	6	3	6	4	6	8	5	7	7	7	4	5	3	5	7	6	7	7	7	6	5	4	5	2	4	6	5	5	6	5	10	5	4	5	4	6	5	5	4	5	5	3	3	3	3	3	8	5	4	4	4	4	3	3	3	4	4	4	4	3	3	3	2	2
	7	8	8	8	7	5	4	5	5	5	8	8	7	7	7	6	6	8	10	6	7	6	8	8	6	8	6	6	6	8	9	7	7	7	11	5	6	3	6	4	6	8	5	7	7	8	4	5	4	5	7	7	7	7	7	7	5	4	5	2	4	6	5	5	6	6	10	5	4	5	5	6	5	5	4	5	6	3	3	3	3	3	8	5	4	4	4	4	3	3	3	4	4	4	4	3	3	3	2	2
	7	8	8	8	7	5	5	5	5	6	8	8	7	7	7	6	6	8	10	6	7	6	8	8	6	8	6	6	6	8	9	7	7	7	12	6	6	4	6	4	6	8	5	7	7	8	5	5	4	5	7	7	7	7	7	7	5	4	5	2	4	6	6	5	6	6	10	5	4	5	5	6	5	5	5	5	6	3	3	3	3	4	8	5	4	4	4	5	3	3	3	4	4	4	4	3	3	3	2	2
	7	8	8	8	7	5	5	6	6	6	8	8	7	7	7	6	6	8	10	6	7	6	8	8	6	9	7	7	6	8	9	7	7	7	12	6	7	4	6	4	6	8	5	7	7	8	5	5	4	5	7	7	7	7	7	7	5	4	5	2	4	6	6	5	6	6	10	5	4	5	5	6	6	6	5	5	6	3	3	3	4	4	8	5	4	4	5	5	3	3	3	4	4	4	4	3	3	3	2	2
	7	8	8	8	7	5	6	6	6	6	8	8	7	7	7	7	7	9	10	6	7	6	8	8	6	9	7	7	6	8	9	7	7	7	12	7	7	4	6	4	6	8	5	7	7	8	5	6	4	5	7	7	7	7	7	7	5	4	5	2	4	6	6	5	6	6	10	5	4	5	5	6	6	6	5	6	6	3	3	3	4	4	9	6	4	4	5	5	3	3	4	4	4	4	4	3	3	3	2	2
	7	8	8	8	7	6	6	7	6	6	8	8	7	7	7	7	7	9	10	6	7	6	8	8	6	9	7	8	7	8	9	7	7	7	12	7	7	4	6	4	6	8	5	7	7	9	5	6	4	5	7	7	7	7	7	7	6	4	5	2	4	6	6	5	6	6	10	5	4	5	5	6	6	6	6	6	6	3	3	3	4	4	9	6	5	4	5	5	3	3	4	5	5	4	4	3	3	3	2	2
	7	8	8	8	7	6	6	7	7	6	8	8	7	7	8	7	7	10	10	6	7	6	8	8	6	9	7	8	7	8	9	7	7	7	12	7	7	4	7	4	6	8	5	7	7	9	5	6	4	5	7	7	7	7	8	7	6	4	5	2	4	6	6	5	6	6	11	5	4	5	5	6	6	6	6	6	6	3	3	3	4	5	9	6	5	5	5	5	3	3	4	5	5	5	5	3	3	3	2	2
	7	8	8	8	7	6	6	7	7	7	8	8	7	7	8	7	7	10	11	6	7	6	8	8	7	9	7	8	7	9	9	7	7	7	12	7	7	4	7	4	6	8	5	7	7	9	5	6	4	5	7	7	7	8	8	7	6	4	5	2	4	6	6	5	6	6	11	5	4	5	5	7	6	6	6	7	6	3	3	3	4	5	9	7	6	5	5	5	3	3	4	5	5	5	5	4	3	3	2	2
	7	8	8	8	7	6	6	7	8	7	8	8	7	7	8	7	7	10	12	7	7	6	8	8	7	9	7	8	7	9	9	7	7	7	13	7	7	4	7	4	6	8	5	7	7	9	5	6	4	5	7	7	7	8	8	7	6	4	5	2	4	7	6	5	7	6	11	5	4	5	5	7	6	7	7	7	6	3	3	3	4	5	9	7	6	6	5	5	3	3	4	5	5	5	5	4	4	3	2	2
	7	8	8	8	7	6	6	8	8	7	8	8	7	7	8	7	7	10	12	7	7	6	8	8	7	9	7	8	8	10	9	7	7	7	13	7	7	4	7	4	6	8	5	7	7	10	5	6	4	5	8	7	7	8	8	7	6	4	5	2	4	7	6	6	7	7	11	5	4	5	5	7	7	7	7	7	6	3	3	3	4	5	9	7	6	6	5	5	3	3	4	5	5	5	5	5	4	4	2	2
	7	8	8	8	7	6	7	8	8	7	8	8	7	7	8	7	7	10	12	7	7	6	8	8	7	9	7	8	8	10	9	7	7	7	13	7	7	5	7	5	6	9	5	7	7	10	5	6	4	5	8	7	8	8	8	8	6	4	5	2	4	7	6	6	7	7	12	5	4	5	5	8	7	7	7	7	6	3	3	3	4	5	9	7	6	6	5	5	4	3	4	5	5	5	5	5	5	4	2	2
	7	8	8	8	7	7	7	8	8	7	8	8	7	7	8	7	7	10	12	7	7	6	8	8	7	9	7	8	8	10	9	7	7	7	13	7	7	5	7	5	6	9	6	8	7	10	6	7	4	6	8	7	8	8	8	8	6	4	5	2	4	7	6	6	7	7	12	6	4	5	5	8	7	7	7	7	6	3	4	3	4	5	10	7	6	6	5	5	4	3	4	5	5	5	5	5	5	5	2	2
	7	8	8	8	8	7	7	8	8	7	8	8	7	7	8	7	7	10	12	7	7	6	8	8	7	9	7	8	8	10	9	8	7	8	13	7	8	5	7	5	6	9	6	8	7	10	6	7	4	6	8	7	8	8	8	8	6	5	5	3	4	7	6	6	7	7	12	6	4	5	5	8	7	7	7	7	6	4	4	3	4	6	10	7	6	6	5	5	5	4	4	5	5	5	5	5	5	5	2	2
	7	8	8	9	8	7	7	8	8	7	8	8	7	7	8	7	7	10	12	7	7	7	8	8	7	9	8	8	8	10	9	8	7	8	13	7	8	5	7	5	6	9	6	8	8	10	6	7	4	6	8	7	8	8	8	8	6	5	5	3	4	7	6	6	7	7	12	6	5	6	6	8	7	7	7	7	6	4	5	3	4	6	10	7	6	6	5	6	5	4	4	5	5	5	5	5	5	5	3	2
	7	8	8	9	8	7	7	8	8	7	9	8	8	7	8	7	7	10	12	7	7	7	8	8	7	10	8	8	8	10	9	8	7	8	13	7	8	5	7	5	6	9	6	8	8	10	6	7	4	6	8	7	8	9	8	8	6	6	6	3	5	7	6	6	7	7	12	6	5	6	6	8	7	7	7	7	7	4	5	3	4	6	10	7	6	6	5	6	5	5	4	5	5	5	5	5	5	5	3	3
	8	8	8	9	8	7	7	8	8	7	9	9	8	7	8	8	7	10	12	7	7	7	8	8	7	10	8	8	8	10	9	8	7	8	13	7	8	5	7	5	6	9	6	8	8	10	6	8	5	6	9	7	8	9	9	8	6	6	6	3	5	7	6	6	7	7	12	6	5	6	6	8	7	7	7	7	7	4	5	4	4	6	10	7	6	6	6	6	5	5	4	5	5	5	5	5	5	5	4	3
	8	9	8	9	8	7	7	8	8	7	10	9	8	7	8	8	7	10	12	7	7	7	8	8	7	10	9	8	8	10	9	8	7	8	13	7	9	5	8	5	6	10	6	8	8	10	6	8	5	6	9	7	8	9	9	9	6	6	6	3	5	7	6	6	7	7	12	6	5	7	6	8	7	7	7	8	7	4	5	4	4	6	10	7	6	6	6	6	5	5	4	5	5	5	5	5	5	6	4	3
	8	9	9	9	8	7	7	8	8	7	10	9	8	7	8	8	7	10	12	7	8	7	8	8	7	10	9	9	9	10	9	8	7	8	13	8	9	5	8	5	6	10	6	8	8	10	6	8	5	6	9	8	8	9	9	9	6	6	7	3	5	7	6	6	7	8	12	6	5	7	6	8	7	7	7	8	7	4	5	4	4	6	10	7	6	7	6	7	5	5	4	5	5	5	5	5	5	6	4	3
	8	9	9	10	8	7	7	8	8	7	10	9	8	7	8	8	8	11	12	7	8	7	8	8	7	10	9	9	9	10	10	8	7	8	13	8	9	5	8	5	6	10	6	8	8	11	6	8	6	6	9	8	8	9	9	9	6	6	7	3	5	8	6	6	7	8	13	6	5	7	6	8	7	7	7	8	8	4	5	4	4	6	10	7	6	7	6	7	5	5	4	5	5	5	6	5	5	6	4	3
	8	9	9	10	8	7	7	8	8	7	10	9	8	8	8	8	8	12	13	7	8	7	8	8	7	10	9	9	9	10	10	8	7	8	13	8	9	5	9	5	7	10	6	8	8	11	6	8	6	6	9	8	8	9	9	10	7	6	7	3	5	8	6	6	7	8	13	6	5	7	6	9	7	7	7	8	8	4	5	4	4	6	10	7	6	7	7	7	5	5	4	5	5	6	6	5	5	6	4	3
	8	9	9	10	8	7	7	8	8	7	10	9	8	8	8	8	8	12	14	8	8	7	8	9	7	10	9	9	10	10	10	8	7	8	13	8	9	5	9	5	7	10	6	8	8	11	7	8	6	6	10	8	8	9	9	11	7	6	7	3	5	8	6	6	7	8	13	6	5	7	6	9	7	7	7	9	8	4	5	4	4	6	11	7	6	7	7	7	5	5	4	5	6	6	6	5	5	6	4	3
	8	9	9	10	8	7	7	8	9	8	10	9	8	8	8	8	8	12	14	8	8	7	8	9	8	10	9	9	10	11	10	8	7	8	13	8	9	5	9	5	7	10	6	8	8	11	7	9	6	6	10	8	8	9	10	11	7	6	7	3	6	8	6	6	7	8	13	6	5	7	6	9	7	7	7	9	8	4	5	4	4	6	11	8	6	8	7	7	5	5	4	6	6	6	6	5	5	6	4	3
	8	9	9	10	8	7	7	9	9	8	10	9	8	8	8	8	8	12	15	8	8	7	8	9	8	10	9	9	10	11	10	8	7	9	13	8	9	6	9	6	7	10	6	8	8	11	7	9	6	6	10	8	8	10	10	11	7	6	7	3	6	8	6	6	7	8	13	6	5	7	7	9	7	7	7	9	8	4	5	4	4	6	11	8	7	8	7	7	5	5	5	6	6	6	7	5	5	6	4	3
	8	9	9	10	8	7	8	9	9	8	10	9	8	8	8	8	8	12	15	8	8	7	8	9	8	10	9	10	10	12	10	8	8	9	13	8	9	6	9	6	7	10	6	8	8	11	7	9	6	7	10	8	8	10	10	11	7	6	7	3	6	8	6	6	8	8	13	6	5	7	7	9	7	8	7	9	8	4	5	4	5	7	11	8	7	8	7	7	5	5	5	6	6	6	7	6	5	6	4	3
	8	9	9	10	8	8	8	9	9	8	10	9	8	8	8	8	8	12	15	8	8	7	9	9	8	10	9	10	10	12	10	8	8	9	13	8	10	6	9	7	7	10	6	8	8	11	7	9	6	7	10	8	8	10	10	11	7	6	7	4	6	8	6	7	8	8	13	6	5	7	8	10	7	8	8	9	8	4	5	4	5	7	11	8	7	8	7	7	5	5	5	6	6	6	7	6	6	6	4	3
	8	9	9	10	9	8	8	9	9	8	10	9	8	8	8	8	8	12	15	8	8	7	9	9	8	10	9	10	10	12	10	9	8	9	13	8	10	6	9	7	7	10	6	8	8	11	8	9	6	8	10	8	8	10	10	11	7	6	7	4	6	9	7	7	8	9	13	6	5	8	8	10	8	8	8	9	8	4	5	4	5	7	11	8	7	8	7	7	5	5	5	6	6	6	7	6	6	7	4	3
	8	9	9	10	9	8	8	9	9	8	10	9	8	8	9	8	8	12	15	8	8	7	9	9	8	10	9	10	10	12	11	9	8	9	13	8	10	6	9	7	7	10	6	8	8	11	8	9	6	8	10	9	9	10	10	11	8	6	7	5	6	9	7	7	8	9	14	6	6	8	8	10	8	8	8	9	8	4	5	4	5	7	12	8	7	8	7	7	6	5	5	6	6	6	7	6	6	7	4	3
	8	9	9	10	9	8	8	9	9	8	10	9	8	8	9	9	8	12	15	8	9	7	9	9	8	10	9	10	10	12	11	9	8	9	13	8	10	6	9	7	7	10	7	8	8	11	8	9	6	8	10	9	9	10	10	11	8	6	7	5	6	10	7	7	8	9	14	7	6	9	8	10	8	8	8	9	9	5	6	4	5	7	12	8	7	8	7	7	6	5	5	6	7	6	7	6	6	7	4	3
	8	9	9	10	9	8	8	9	9	8	10	9	8	8	9	9	9	12	15	8	9	8	9	9	8	10	9	10	10	12	11	9	9	9	13	8	10	6	9	7	7	10	7	8	8	11	8	9	6	8	10	9	9	10	10	11	8	7	8	5	6	10	7	7	8	9	14	7	6	9	8	11	8	8	8	10	9	5	6	4	5	7	12	8	7	8	7	8	6	6	5	6	7	7	7	6	6	7	4	3
	8	9	9	10	9	8	8	9	9	8	10	10	8	8	9	9	9	13	15	8	9	8	9	10	8	10	9	10	10	12	11	9	9	9	13	8	10	6	9	7	7	10	7	8	8	11	8	10	7	8	10	9	9	10	10	11	8	7	8	5	6	10	7	7	8	9	14	7	6	9	8	11	8	8	9	10	9	5	6	4	5	7	13	9	7	8	8	8	6	6	5	6	7	7	7	6	6	7	4	4
	8	9	9	10	9	8	8	9	9	8	10	10	9	9	9	9	9	13	16	8	9	8	9	10	8	10	9	10	10	12	11	9	9	9	13	8	10	7	10	7	7	10	7	8	8	11	8	10	7	8	10	9	9	10	10	11	8	7	8	5	6	10	7	7	9	9	14	7	6	9	8	11	8	8	9	11	9	5	6	4	5	7	13	9	8	8	8	8	6	6	5	7	7	7	7	6	6	7	5	4
	8	9	10	10	9	8	8	9	9	8	10	10	9	9	10	9	9	13	16	9	9	8	9	10	8	10	9	11	11	12	11	9	9	9	13	8	10	7	10	7	7	10	7	8	8	11	8	10	7	8	10	9	9	11	10	11	8	7	8	5	6	10	7	7	9	9	14	7	6	9	8	11	8	8	10	11	9	5	6	4	5	7	13	9	8	9	8	8	6	6	6	7	7	7	7	6	6	8	5	4
	8	10	10	10	9	9	8	9	9	8	10	10	9	9	10	9	9	14	16	9	9	8	9	10	8	10	10	11	11	13	11	9	9	9	13	8	10	7	10	7	7	10	7	9	8	11	8	10	7	8	10	9	9	11	10	11	8	7	8	5	6	10	7	7	10	9	14	7	6	9	8	11	8	8	10	11	9	5	6	4	6	7	13	9	8	9	8	9	6	6	6	7	7	7	8	6	6	8	5	4
	9	10	10	10	9	9	9	9	9	8	10	10	9	9	10	9	9	14	17	9	9	8	9	10	8	10	10	11	11	13	11	9	10	9	13	9	10	7	10	8	7	10	7	9	8	11	8	10	7	8	10	9	9	12	10	11	8	7	8	5	6	10	7	7	10	9	14	7	6	9	8	11	8	8	10	11	9	5	6	4	6	8	13	9	8	9	9	9	6	6	6	7	7	7	8	7	6	8	5	4
	9	10	10	10	9	9	9	10	9	8	11	10	9	9	10	9	9	14	17	10	9	8	10	10	8	10	10	11	11	13	11	9	10	9	13	9	10	7	10	8	7	10	7	10	8	12	8	10	7	9	10	9	9	12	10	11	8	7	8	5	6	10	7	7	10	9	14	7	6	9	9	11	8	8	10	11	10	5	6	4	6	8	13	9	8	9	9	9	6	6	6	7	7	7	8	7	7	8	5	4
	9	10	10	10	9	9	9	10	10	9	11	11	9	9	10	9	9	14	17	10	10	8	10	10	8	10	10	11	11	13	11	9	11	9	13	9	10	7	10	8	7	10	7	10	8	12	8	10	7	9	10	9	9	12	10	12	8	7	8	6	6	10	7	7	10	9	15	7	6	9	9	12	8	8	10	11	10	5	6	4	6	8	13	9	8	9	9	9	6	6	6	7	7	7	8	7	7	9	5	4
	9	11	10	10	9	9	9	10	10	9	11	11	9	9	10	9	9	15	18	10	10	8	11	10	8	10	10	11	11	13	12	9	11	9	13	9	10	7	10	8	7	10	7	10	8	12	8	10	7	9	10	9	9	12	11	12	8	7	8	6	6	10	7	7	10	10	15	7	6	10	9	12	8	8	10	11	10	5	6	4	6	8	14	9	8	9	9	9	7	6	6	7	7	7	8	7	7	9	5	4
	9	11	10	10	9	9	9	10	10	9	11	12	10	9	10	9	10	15	18	10	10	8	11	10	8	10	10	11	11	14	12	9	11	9	13	9	10	7	10	8	7	11	7	10	9	12	8	10	7	9	10	9	9	12	11	12	8	7	9	6	6	10	7	7	11	10	15	7	6	10	9	12	9	8	10	11	10	5	7	4	6	8	14	9	8	9	9	9	7	6	6	7	7	7	8	7	7	9	5	4
	9	11	11	11	9	9	9	10	10	9	11	12	10	9	10	10	10	15	18	10	10	8	11	10	8	10	10	11	11	14	12	9	11	10	13	9	10	7	10	9	8	11	7	10	9	12	8	10	8	9	10	9	9	13	11	12	8	7	9	6	6	10	7	7	11	10	15	7	6	10	9	12	9	9	10	11	10	5	7	5	6	8	14	9	8	9	9	9	7	6	6	7	7	7	8	7	7	9	5	4
	9	11	11	11	10	9	9	10	10	9	11	12	11	9	10	10	10	15	18	10	10	8	11	11	8	11	10	11	11	14	12	9	11	10	13	9	10	8	10	9	8	11	7	11	9	12	8	10	8	10	11	9	9	13	11	12	8	7	9	6	6	10	7	7	11	10	15	7	6	11	9	12	9	9	11	11	10	5	7	5	6	8	14	9	8	9	9	9	7	6	6	7	7	7	8	7	7	9	5	4
	9	11	11	11	10	10	9	10	10	9	11	12	11	10	10	10	10	15	18	10	10	8	12	11	8	11	10	12	11	14	12	9	12	10	14	9	10	8	10	9	8	11	7	11	9	12	8	10	8	10	11	9	9	13	11	12	8	7	10	7	7	10	7	7	11	11	15	7	6	11	9	12	9	9	11	11	10	5	7	5	6	8	14	9	8	9	9	9	7	6	6	7	7	7	8	7	7	9	5	4
	9	11	11	11	10	10	10	10	10	9	11	12	11	10	10	10	11	15	18	10	10	9	12	11	9	11	10	12	11	14	12	10	12	10	14	10	10	8	10	9	8	11	7	11	9	12	8	10	8	10	11	9	9	13	11	13	8	7	10	7	7	10	7	7	11	11	15	7	7	12	10	12	9	9	11	11	10	5	7	5	6	8	14	9	8	9	9	9	7	6	6	7	7	7	8	7	7	9	5	4
	9	11	11	11	10	10	10	11	10	9	12	12	11	10	10	10	11	16	18	10	10	9	12	11	9	11	10	12	11	14	13	10	12	10	15	10	10	8	10	9	8	11	7	11	9	13	8	10	8	10	11	9	9	13	12	13	8	7	11	7	7	10	7	7	11	11	15	8	7	12	10	12	9	9	11	11	10	5	7	5	6	9	14	9	8	9	9	9	7	6	6	7	7	7	8	7	7	9	5	4
	10	11	11	11	10	10	10	11	11	9	12	12	11	10	10	10	11	16	19	10	11	9	12	11	9	11	10	12	11	14	13	10	12	10	16	10	10	8	10	9	8	11	7	11	9	13	9	10	9	10	11	9	9	14	12	13	8	7	11	7	7	10	7	7	11	11	16	8	7	12	10	12	9	9	11	11	10	5	7	5	6	9	15	9	8	9	9	9	7	6	6	7	7	7	8	7	7	9	5	4
	10	12	11	11	10	10	10	11	11	10	13	12	11	10	10	10	11	16	19	11	11	9	12	11	9	11	10	12	11	14	13	10	12	10	16	10	11	9	10	9	8	11	7	11	9	14	9	10	9	10	11	9	9	14	12	14	8	7	11	7	7	10	7	8	11	11	16	8	7	12	10	12	9	9	11	11	10	5	7	5	6	9	15	10	8	9	9	9	7	6	6	7	7	7	8	7	7	9	5	4
	10	12	11	11	10	10	10	11	11	10	13	13	11	10	10	10	11	16	20	11	11	10	12	11	9	11	10	13	11	15	13	10	12	10	16	10	11	9	10	9	8	11	7	11	9	14	10	11	9	10	11	9	9	14	12	14	9	7	11	7	7	10	7	8	11	11	16	8	7	12	10	12	10	10	11	11	10	5	7	5	6	9	15	10	8	9	9	9	7	6	6	7	7	7	8	7	7	9	5	4
	10	12	11	11	10	10	10	11	11	10	13	13	11	10	10	10	11	17	20	11	11	10	13	11	9	11	10	13	12	15	13	11	12	10	16	11	11	9	11	9	8	11	7	11	9	14	10	11	10	10	11	9	9	14	12	14	9	8	11	7	7	10	8	8	11	11	16	8	7	12	10	12	10	10	11	11	10	5	7	5	6	9	15	10	9	9	9	9	7	6	6	7	7	7	8	7	7	9	5	4
	10	12	11	11	10	10	10	11	11	10	13	13	11	10	10	10	12	17	20	11	11	10	13	11	9	11	11	13	12	15	13	11	13	10	16	11	11	10	11	10	8	12	7	11	9	14	10	11	10	11	11	10	9	14	12	14	9	8	11	7	7	10	8	8	11	11	16	8	8	12	10	12	10	10	11	11	10	5	7	5	6	9	15	10	9	9	9	9	7	6	6	7	7	8	8	7	7	9	5	4
	10	12	11	11	10	10	10	11	11	10	13	13	11	10	10	11	12	17	20	11	11	10	13	11	9	12	11	13	12	16	13	11	13	10	16	11	12	10	11	10	8	12	8	12	9	14	10	11	10	11	11	10	9	14	12	14	9	8	11	8	7	11	8	8	11	11	16	8	8	12	10	12	10	10	11	11	10	6	7	5	6	9	15	10	9	9	9	9	7	6	6	7	8	8	8	7	7	9	5	4
	10	12	11	11	10	10	10	11	11	10	13	13	11	10	11	11	12	17	20	12	11	10	13	11	9	12	12	13	12	16	13	11	13	10	17	11	12	10	11	10	8	12	8	12	9	14	10	11	10	11	11	10	10	15	12	14	9	8	11	8	7	11	8	8	11	11	16	8	8	13	10	13	10	10	11	11	10	6	7	5	6	9	16	10	9	9	9	10	7	6	6	7	8	8	8	7	7	9	5	4
	10	12	11	11	11	10	10	11	11	11	13	13	11	10	11	12	12	17	20	12	11	10	13	11	9	12	12	13	12	16	13	11	13	10	17	11	12	10	11	10	8	12	8	12	10	15	10	11	10	11	11	10	10	15	12	14	9	8	11	8	7	11	8	9	11	11	16	8	8	13	11	13	10	10	11	11	10	6	8	5	6	9	16	10	9	9	10	10	7	6	6	8	8	8	8	7	7	9	5	4
	10	12	11	11	11	11	10	11	12	11	13	13	11	10	12	12	12	17	20	12	11	10	13	11	9	12	12	13	12	16	13	11	13	11	17	11	12	10	11	10	8	12	8	12	10	15	10	11	10	11	11	10	10	15	12	15	9	8	11	8	7	11	8	9	12	11	16	8	8	13	11	13	10	10	11	12	10	7	8	5	7	9	16	10	9	9	10	10	7	6	7	8	8	8	8	7	7	9	5	4
	10	12	11	11	11	11	11	12	12	11	13	13	11	11	12	12	12	17	20	12	11	10	13	12	9	12	12	13	12	16	13	11	13	11	17	11	12	10	11	10	8	12	8	12	10	15	10	11	10	11	11	10	10	15	12	15	9	8	11	8	7	11	8	9	12	11	17	8	8	13	12	13	10	10	12	12	10	7	8	5	7	10	16	10	9	10	10	11	7	6	7	8	8	8	8	7	7	9	5	4
	10	12	11	12	11	11	11	12	12	11	13	13	12	11	12	12	13	18	20	12	11	10	13	12	9	12	12	13	12	16	13	11	13	11	17	11	12	10	11	10	8	12	8	12	10	15	10	11	10	11	11	10	10	15	12	15	9	8	11	8	8	11	8	9	12	12	17	8	8	13	12	13	10	10	12	13	10	7	8	5	7	10	17	10	10	10	11	11	7	6	7	8	8	8	8	7	7	9	5	4
	10	12	12	12	12	11	11	12	12	11	13	13	12	11	12	12	14	18	21	12	11	10	13	12	9	12	12	13	12	16	13	11	13	11	17	11	12	10	11	10	8	12	8	12	10	15	10	11	10	11	12	10	10	15	13	15	9	8	11	8	8	11	8	9	12	12	17	8	8	13	12	13	10	10	12	13	11	7	8	5	7	10	17	11	10	10	11	11	7	6	7	8	8	9	8	8	7	9	5	4
	10	12	12	12	12	12	11	12	12	11	13	14	12	11	12	12	14	19	21	13	11	10	13	12	9	12	12	13	12	16	13	11	13	11	17	11	12	10	11	10	9	12	8	12	10	15	10	11	10	11	12	10	10	16	13	15	9	8	11	8	8	11	8	9	12	12	17	9	8	13	12	13	11	10	12	13	11	7	8	5	7	10	17	11	10	10	11	11	7	6	7	8	8	9	9	8	8	9	5	4
	10	12	12	12	12	12	12	12	12	11	13	14	12	11	12	12	14	19	22	13	11	10	14	12	9	12	12	13	12	17	14	11	13	11	17	11	12	10	11	10	9	12	8	13	10	15	10	11	10	11	12	10	10	16	13	15	10	8	11	8	8	11	8	9	12	12	17	9	8	13	12	13	11	11	12	13	11	7	8	5	7	10	17	11	10	10	11	11	7	6	7	8	8	9	9	9	8	10	5	4
	10	12	12	12	12	12	12	13	12	11	13	14	12	11	12	12	14	19	22	13	12	10	14	12	9	12	12	13	13	17	14	11	14	12	17	11	12	10	12	10	9	12	8	13	10	15	11	11	10	11	12	10	10	16	13	15	10	8	11	8	8	11	8	10	12	12	17	9	8	13	12	13	11	11	12	13	11	7	8	5	7	10	17	11	10	10	11	11	8	6	7	8	8	9	9	9	9	10	5	4
	10	12	12	12	12	12	12	13	13	11	14	14	12	11	12	12	14	19	22	13	12	10	14	12	10	12	12	14	13	17	14	12	14	12	17	11	12	10	12	10	9	12	8	13	10	15	11	11	11	11	12	10	10	16	13	16	10	8	11	8	8	11	9	10	12	12	17	9	8	13	12	13	11	11	12	13	11	7	8	5	7	10	17	11	10	10	11	11	8	7	7	8	8	9	9	9	9	11	5	4
	11	12	12	12	12	12	12	13	13	11	14	14	12	11	12	12	14	19	23	13	12	10	14	12	10	13	12	14	13	17	15	12	14	12	17	11	12	11	12	10	9	12	8	13	10	15	11	11	11	11	12	10	10	16	13	16	10	8	12	8	8	11	9	10	12	12	18	9	8	13	12	14	11	11	12	13	11	7	8	6	7	10	17	11	10	10	11	11	9	7	7	8	8	9	9	9	9	11	5	4
	11	13	12	12	12	12	12	13	13	12	14	14	12	11	12	12	14	19	23	13	12	10	14	12	10	13	12	14	13	17	15	12	14	12	17	12	12	11	12	10	10	12	8	13	10	15	11	12	11	11	12	10	10	16	13	16	10	8	12	9	8	11	9	10	12	13	18	9	8	14	12	14	11	11	12	13	11	7	9	6	7	10	18	11	10	10	11	11	9	7	7	8	8	9	9	9	9	11	5	4
	11	13	13	12	12	12	12	13	13	12	14	14	12	11	12	12	14	19	23	14	12	10	14	12	10	13	12	14	13	17	15	12	14	12	17	12	12	11	12	10	10	12	8	13	10	15	12	12	11	12	13	10	10	16	14	16	11	8	13	9	8	11	9	10	12	13	18	9	9	14	12	14	11	11	12	13	11	7	9	6	7	10	18	11	10	10	11	11	9	7	7	8	9	9	9	9	9	11	5	4
	11	13	13	13	12	12	12	13	13	12	14	14	12	11	12	12	14	19	23	14	12	10	14	12	10	13	12	14	13	18	15	12	14	12	17	12	13	11	12	11	10	12	8	13	10	15	12	13	11	12	13	11	10	17	14	16	11	9	13	9	8	11	9	10	12	13	18	10	9	14	12	14	11	11	12	13	11	7	9	6	7	10	18	11	10	10	11	11	9	7	7	9	9	9	9	9	9	11	5	4
	11	13	13	13	13	12	12	13	13	12	14	14	12	11	12	12	14	19	23	14	12	10	14	12	10	13	13	14	14	18	15	12	14	12	17	12	13	12	13	11	10	12	8	14	10	15	12	13	12	12	13	11	11	17	14	16	11	9	13	9	8	11	9	10	12	13	18	10	9	14	12	14	11	11	12	13	12	7	9	6	7	10	18	11	10	10	11	11	9	7	8	9	9	9	9	9	9	11	5	4
	11	13	13	13	13	13	12	13	13	12	14	14	12	11	12	13	14	20	23	14	12	10	14	12	10	13	13	15	14	18	15	12	14	12	17	12	13	12	13	11	10	12	9	14	10	15	12	13	12	13	13	11	11	17	14	16	11	9	14	9	8	11	10	10	12	13	18	10	9	14	12	14	11	11	12	13	12	8	9	6	8	10	18	11	10	10	11	11	9	7	8	9	9	9	9	9	9	11	5	4
	11	13	13	13	13	13	13	14	13	12	14	14	12	11	13	13	15	20	23	14	12	10	14	12	10	13	13	15	14	18	15	12	14	12	17	12	13	12	13	11	10	12	9	14	10	15	12	13	12	13	13	11	12	17	14	16	11	9	14	10	8	12	10	10	12	13	18	10	9	15	13	14	11	11	12	13	12	8	9	6	8	10	18	11	10	10	11	12	9	7	8	9	9	9	9	9	9	11	5	4
	11	13	13	13	13	14	13	14	14	12	14	14	12	12	13	13	15	21	23	14	12	10	14	12	10	13	13	15	14	18	15	12	14	12	17	12	13	12	13	11	10	12	9	14	10	15	12	13	12	13	13	11	12	17	14	16	11	9	15	10	9	12	10	11	12	13	18	10	9	15	13	14	11	11	12	13	12	8	9	7	8	11	18	11	10	10	12	12	9	7	8	9	9	9	9	9	9	11	5	4
	11	13	13	13	13	14	13	14	14	13	14	14	12	12	14	13	15	21	24	14	12	10	14	13	10	13	13	15	14	18	15	12	14	12	17	12	13	12	13	11	10	12	9	14	10	15	12	13	13	13	14	11	12	17	14	16	11	9	15	10	9	12	10	11	13	13	18	10	9	15	13	14	11	11	12	13	12	8	9	7	8	11	19	11	10	11	12	12	9	8	8	9	9	9	9	9	9	11	5	4
	11	13	13	13	13	14	13	14	15	13	14	14	13	13	14	13	15	21	24	15	12	10	14	13	10	13	13	15	14	18	15	12	14	12	17	12	13	13	13	11	10	12	9	14	10	15	12	13	13	13	14	12	12	17	14	16	11	9	15	10	9	12	10	11	13	14	18	10	9	15	13	14	11	11	13	13	12	8	9	7	8	11	19	12	10	11	12	12	9	8	8	9	9	9	9	9	9	11	5	5
	11	13	13	13	13	14	13	15	15	13	14	15	13	13	14	13	15	21	24	15	12	10	14	13	11	13	13	16	14	19	15	12	14	12	17	12	13	13	13	11	10	12	9	14	10	15	12	13	13	13	14	12	13	17	14	16	11	9	15	10	9	12	10	11	13	14	19	10	9	15	13	14	11	12	13	13	12	8	9	7	8	11	19	12	11	11	12	12	9	8	8	9	9	9	9	9	9	11	6	5
	11	13	13	13	13	14	14	15	15	13	14	15	13	13	14	13	16	21	24	15	12	11	14	13	11	13	13	16	14	19	15	12	14	12	18	12	13	13	13	12	10	12	9	14	10	15	12	13	13	13	14	12	13	18	14	16	11	9	15	10	9	12	10	11	13	14	19	10	9	15	13	14	12	12	13	14	12	8	9	7	8	11	19	12	11	11	12	12	9	8	8	9	9	10	9	9	9	12	6	5
	11	13	13	13	13	15	14	15	15	13	14	15	13	13	14	13	16	22	24	15	12	11	14	13	11	13	13	16	14	19	15	13	14	12	18	12	13	13	13	12	10	12	9	14	11	16	12	13	13	14	14	12	13	18	14	16	11	9	15	10	9	12	10	11	13	14	19	10	9	15	13	15	12	12	13	14	13	8	9	7	8	11	19	12	11	11	12	13	9	8	8	9	9	10	10	9	9	12	6	5
	11	13	13	13	13	15	14	15	15	13	14	15	13	13	15	13	16	22	25	15	12	11	14	13	11	13	13	16	14	19	15	13	14	13	18	12	13	13	13	12	10	13	9	14	11	16	12	13	13	14	14	12	13	18	14	17	11	9	15	11	9	12	11	11	13	14	19	11	9	15	13	15	12	12	13	14	13	8	9	7	8	11	19	12	11	11	12	13	9	8	8	9	9	10	10	10	10	12	6	5
	11	13	13	13	13	15	14	15	15	13	14	15	13	14	15	13	16	22	25	16	12	11	14	13	11	13	13	16	14	19	15	13	15	13	18	12	13	13	13	12	10	13	10	14	11	16	12	13	13	15	14	13	13	18	14	17	12	9	15	11	9	12	11	11	13	14	20	11	9	15	13	15	12	12	13	14	13	8	9	7	8	11	19	12	11	12	13	13	9	8	8	9	9	10	10	10	10	12	6	5
	11	13	13	13	13	15	14	15	15	13	14	15	14	14	15	13	16	22	25	16	12	11	15	13	11	13	13	16	14	20	15	13	15	13	18	12	13	13	14	12	10	13	10	15	11	16	13	13	13	15	15	13	13	18	14	17	12	9	15	11	9	12	11	11	13	15	20	11	9	15	13	15	12	12	13	15	13	8	9	7	8	11	19	12	12	12	13	13	9	8	8	9	9	10	10	10	10	12	6	5
	11	13	14	13	13	15	14	15	15	13	14	15	14	14	15	13	16	22	25	16	12	11	15	14	11	13	13	16	15	20	15	13	15	13	18	13	13	13	14	13	10	13	10	15	11	16	13	13	13	15	15	13	14	18	15	17	12	9	15	11	10	12	11	11	13	15	20	11	9	15	13	15	12	12	14	15	13	8	9	7	8	11	19	13	12	12	13	13	9	8	8	9	9	10	10	10	10	12	6	5
	11	14	14	13	13	15	14	15	15	13	14	15	14	14	15	13	16	22	25	16	12	11	15	14	11	14	13	16	15	20	15	13	15	14	18	13	13	14	14	13	10	13	10	15	11	16	13	13	13	16	15	13	14	18	15	17	12	9	15	11	10	12	11	12	14	15	20	11	9	15	14	15	12	13	14	15	13	8	9	7	8	11	20	13	12	12	13	13	9	8	8	9	9	10	10	10	10	12	6	5
	11	14	14	13	13	15	14	15	15	13	15	15	14	14	15	13	16	22	25	16	12	11	15	14	11	14	14	16	15	20	15	13	15	14	18	13	14	14	14	13	10	13	10	16	11	16	13	13	13	16	15	13	14	19	15	17	12	9	16	11	10	12	11	12	14	16	20	11	9	15	14	15	13	13	14	15	13	8	9	7	9	11	20	14	12	12	13	13	9	8	8	9	9	10	10	10	10	12	6	5
	11	14	14	13	13	15	14	15	15	13	15	15	14	14	15	14	16	22	25	16	13	11	15	14	11	14	14	17	15	20	15	13	15	14	18	13	14	14	14	13	10	13	10	16	12	16	13	13	13	16	15	13	14	19	16	18	12	9	16	11	10	12	11	12	14	16	20	11	10	15	14	16	13	13	14	15	13	8	9	7	9	11	20	14	12	12	13	13	9	8	9	9	10	10	10	10	10	12	6	5
	11	14	14	13	13	15	14	15	15	13	15	15	14	14	15	14	17	22	25	16	13	11	15	14	11	15	14	17	15	20	16	13	15	14	19	13	14	14	14	13	10	13	10	16	12	17	14	13	13	16	15	13	14	19	16	18	12	10	16	11	10	12	11	12	14	16	20	11	10	15	15	16	13	13	14	15	13	8	9	7	9	11	20	14	12	12	13	13	9	8	9	10	10	11	10	10	10	12	6	5
	11	14	14	13	13	15	14	15	15	13	15	15	14	14	15	14	17	23	25	16	13	11	15	14	12	15	14	17	15	20	16	13	15	14	19	14	14	14	14	13	11	13	10	16	12	17	14	14	14	16	15	13	14	19	16	19	12	10	16	11	10	12	11	12	14	16	20	11	10	15	15	16	13	13	14	15	13	8	9	7	10	11	20	14	12	12	13	13	9	8	9	10	11	11	11	10	10	12	6	5
	11	14	14	13	13	15	14	15	15	13	15	15	14	14	16	14	17	23	26	16	13	11	15	14	12	15	14	17	15	20	16	13	15	14	19	14	14	14	15	13	11	13	10	16	12	18	14	14	14	16	16	13	14	19	16	19	13	10	16	11	10	12	11	12	14	16	21	11	10	15	15	16	13	13	14	15	13	8	9	7	10	11	20	14	12	12	13	13	9	8	10	10	11	12	11	11	10	12	6	5
	11	14	14	13	14	15	14	15	15	14	15	15	14	14	16	14	17	23	26	16	13	11	15	14	12	15	14	17	15	21	16	13	15	14	19	14	14	14	15	13	11	13	10	16	12	18	14	14	14	16	16	13	14	19	16	20	13	10	16	11	10	13	11	12	14	16	21	12	10	15	15	16	13	13	14	15	14	8	9	7	10	12	20	14	12	12	13	13	9	8	10	10	11	12	12	11	11	12	6	5
	11	14	14	13	14	15	14	15	16	14	15	15	14	15	16	14	17	23	27	16	13	11	15	14	12	15	14	17	15	21	16	13	15	14	19	14	14	14	15	13	11	13	10	16	12	18	14	14	14	16	16	13	14	19	16	20	13	10	16	11	10	13	11	12	14	16	22	12	11	15	16	16	13	13	14	15	14	9	9	7	10	12	21	14	12	12	13	13	9	8	10	10	11	12	12	12	11	13	6	5
	11	14	14	13	14	15	14	16	16	14	15	15	14	15	16	14	17	23	27	17	13	11	15	15	12	15	14	17	15	21	16	13	15	14	19	14	14	14	15	13	11	13	10	16	12	18	14	14	14	16	16	13	14	19	16	20	13	10	16	11	10	13	11	12	14	16	22	12	11	16	16	16	13	13	14	15	15	9	10	7	11	12	21	14	12	12	13	13	10	8	10	10	12	12	12	12	12	13	6	5
	11	14	14	13	14	15	15	16	16	14	15	15	14	15	16	14	17	23	27	17	13	11	15	15	12	15	14	17	15	22	16	13	16	14	19	14	14	14	15	13	11	13	10	16	12	18	14	14	14	16	16	13	14	19	16	20	13	10	16	12	10	13	11	12	14	16	22	12	11	16	16	16	13	13	14	15	15	10	10	8	11	12	21	14	12	12	13	13	10	9	11	11	12	12	12	12	12	14	6	5
	11	14	14	13	14	16	15	16	16	14	15	15	14	15	16	14	17	23	27	17	13	11	15	15	12	15	14	17	15	22	16	13	16	14	19	14	14	14	15	14	11	13	10	17	12	18	14	14	14	17	16	13	14	19	16	20	13	10	16	12	10	13	11	12	14	16	22	12	12	17	16	16	13	13	14	15	15	10	10	8	12	13	21	14	12	12	13	14	10	9	11	11	12	12	12	12	12	14	6	6
	11	14	14	13	15	16	15	16	16	14	15	15	14	15	16	14	17	23	27	17	13	11	15	15	12	15	14	17	15	22	16	13	16	14	19	14	14	14	16	14	11	13	10	17	12	18	14	14	15	17	16	13	14	20	16	20	13	10	17	13	10	13	11	12	14	16	22	12	12	17	17	17	13	13	14	15	16	10	10	8	12	13	21	14	12	12	13	14	10	9	11	11	12	12	12	12	12	14	7	6
	11	14	14	14	15	16	15	16	16	14	15	15	14	15	16	14	17	23	27	17	13	11	15	15	12	15	14	17	16	22	16	13	16	14	19	14	14	15	16	14	11	13	10	17	12	18	14	14	15	18	16	13	15	20	16	20	13	11	17	13	11	13	12	12	14	16	23	12	12	17	17	17	13	13	14	15	16	10	10	8	12	13	21	14	12	12	13	14	10	9	11	11	12	12	12	12	12	15	7	6
	11	14	14	14	15	16	15	16	16	14	15	15	14	16	16	14	17	23	27	17	13	11	15	15	12	15	14	18	16	22	16	13	16	14	19	14	15	15	17	14	11	13	11	17	12	18	14	14	15	18	17	13	15	20	16	21	14	11	17	13	11	13	12	12	14	16	23	12	12	17	17	17	14	13	14	15	16	10	10	8	12	13	21	14	12	12	13	15	10	9	11	11	12	12	12	12	12	15	7	6
	11	14	14	14	15	16	15	16	16	14	15	15	14	16	17	14	18	23	27	17	13	11	15	15	12	15	15	18	16	23	16	14	16	14	19	14	15	15	17	14	11	14	11	17	12	18	15	14	15	18	17	13	15	20	16	21	14	11	17	13	11	13	12	12	14	17	23	12	12	17	17	17	14	13	14	15	16	10	10	8	12	13	22	14	12	12	14	15	10	9	11	11	12	12	12	12	12	15	7	6
	11	14	14	14	15	16	15	16	16	14	15	15	14	16	17	15	18	24	28	17	13	12	15	15	12	16	15	18	16	23	16	14	16	14	19	14	16	15	17	14	11	14	11	17	12	18	15	14	15	18	17	14	15	20	16	21	14	11	17	13	11	13	12	12	14	17	23	12	12	17	17	17	14	13	14	16	16	10	10	8	12	13	22	15	12	13	14	15	10	9	11	11	12	12	12	12	12	15	7	6
	11	14	14	14	15	16	15	16	16	15	15	16	14	16	17	15	19	24	29	17	13	12	15	15	13	16	15	18	16	23	16	14	16	14	19	14	16	16	17	14	11	14	11	17	12	18	15	14	15	18	17	14	15	20	16	21	14	11	17	13	11	14	12	12	14	17	23	12	12	17	17	17	14	13	15	16	16	10	10	8	12	13	22	15	13	13	14	15	10	9	11	11	12	13	12	12	12	15	7	6
	11	14	14	14	15	16	15	16	17	15	15	16	14	16	17	15	19	25	29	18	13	12	16	16	13	16	15	18	17	23	16	14	16	14	19	14	16	16	17	14	11	14	11	17	12	18	15	14	15	18	17	14	15	20	16	21	14	11	17	13	11	14	12	12	15	17	23	12	12	17	17	18	14	14	15	16	16	10	10	8	12	13	22	15	13	13	14	15	10	9	11	11	12	13	13	12	12	15	7	6
	11	14	14	14	15	16	15	17	17	15	15	16	15	16	17	15	19	25	30	18	13	12	16	16	13	16	15	18	17	24	16	14	17	14	19	14	16	17	17	14	11	14	11	17	12	18	15	14	15	18	17	14	15	20	16	21	14	11	17	13	11	14	12	13	15	17	23	12	12	17	17	18	15	14	15	16	16	10	10	8	12	13	23	15	13	13	14	15	10	9	11	11	12	13	13	13	12	15	7	6
	11	14	15	14	15	16	16	17	17	16	15	16	15	16	17	15	19	25	30	18	13	12	16	16	13	16	15	18	17	24	16	14	17	14	19	14	16	17	17	15	11	14	11	18	12	18	15	15	15	18	17	14	15	21	16	21	14	11	17	13	11	14	13	13	15	17	23	12	12	17	17	18	15	14	15	16	16	10	10	8	12	13	23	15	13	13	14	15	10	9	11	11	13	13	13	13	13	15	7	6
	11	15	15	14	15	17	16	17	17	16	15	16	15	16	17	15	19	25	30	19	13	12	16	16	13	16	15	18	17	24	16	14	17	15	19	14	16	17	17	15	11	14	11	18	13	18	15	15	15	19	17	14	16	21	16	21	15	11	17	13	11	14	13	13	15	17	23	12	12	17	17	18	15	14	15	16	16	10	10	8	12	13	23	15	13	13	15	15	10	9	11	12	13	13	13	13	13	15	7	6
	12	15	15	14	16	17	16	17	17	16	15	16	15	16	17	15	19	25	31	19	13	12	16	16	13	16	15	18	17	24	16	14	17	15	20	14	16	17	17	15	11	14	11	18	13	18	15	15	16	19	17	14	16	22	17	21	15	11	17	13	11	14	13	13	15	17	24	12	12	17	17	18	15	14	15	16	16	10	10	8	12	13	23	15	13	14	15	15	10	9	12	12	13	13	13	13	13	15	7	6
	12	15	15	14	16	17	16	17	18	16	16	16	15	16	18	15	19	25	31	19	13	12	16	16	13	16	15	18	17	24	16	14	17	15	20	15	16	17	17	15	11	14	11	18	13	19	15	16	16	19	17	14	16	22	17	21	15	11	17	13	11	14	13	13	16	18	24	12	12	17	17	18	15	14	15	16	16	10	10	8	13	13	23	15	14	14	15	15	10	9	12	12	13	13	13	13	13	15	7	6
	12	15	15	14	16	17	16	18	18	16	16	16	15	16	18	16	19	25	31	19	14	12	16	16	13	16	15	18	17	24	16	14	17	15	20	15	17	18	17	15	11	14	11	18	13	19	16	16	16	19	17	14	16	22	17	22	15	11	17	13	11	14	13	13	16	18	24	12	12	17	17	18	15	14	16	16	16	10	10	8	13	14	23	16	14	14	15	15	10	9	12	12	13	13	13	13	13	15	7	6
	12	15	15	14	16	17	17	18	18	16	16	16	15	16	18	16	20	25	31	19	14	12	16	16	13	16	15	19	18	24	17	14	17	15	20	15	17	18	17	15	11	14	11	18	13	19	16	17	16	19	17	14	16	22	17	22	16	11	17	13	11	14	13	13	16	18	24	12	12	17	17	18	15	14	16	16	16	10	10	8	13	15	24	16	14	15	15	15	10	9	12	12	13	13	13	13	13	15	7	6
	12	15	15	14	16	18	17	18	18	16	16	16	15	16	18	16	20	26	32	19	14	12	16	16	13	16	16	19	18	24	17	14	17	15	20	15	17	18	17	15	12	14	11	18	13	19	16	17	17	19	17	14	16	22	17	22	16	11	17	13	11	14	13	13	16	18	24	13	12	17	18	19	15	14	16	16	16	10	10	8	13	15	24	16	14	15	15	15	10	9	12	12	13	13	14	13	13	15	7	6
	12	15	15	14	17	18	17	18	19	16	16	16	15	16	18	16	20	26	32	20	14	12	16	16	13	17	16	19	18	24	17	14	17	15	20	15	17	18	17	15	12	14	11	18	13	19	16	17	17	20	18	14	16	22	17	22	16	11	17	13	12	14	14	13	16	18	24	13	12	17	18	19	15	14	16	16	16	11	10	8	13	15	24	16	14	15	15	15	10	9	12	12	13	13	14	14	13	15	7	6
	12	15	15	15	17	18	17	18	19	17	16	16	15	16	19	16	20	26	32	20	14	12	16	16	13	17	16	19	18	25	17	14	17	15	20	15	17	18	17	15	12	15	11	18	13	19	16	17	17	20	18	14	17	22	17	22	16	11	18	13	12	15	14	13	16	18	24	13	12	17	18	19	15	14	16	16	17	11	10	8	13	15	24	16	14	15	15	15	10	9	12	12	13	13	14	14	14	15	7	6
	12	15	16	15	17	18	17	18	19	17	16	16	15	16	19	17	20	26	32	21	14	12	16	16	13	17	16	19	18	25	17	14	17	15	20	15	17	18	18	15	12	15	12	19	13	19	16	17	17	20	18	14	17	22	17	22	16	12	18	13	12	15	15	13	16	18	25	13	12	17	18	19	15	14	16	16	17	11	10	8	13	15	24	16	14	15	15	15	10	9	12	12	13	13	14	14	14	16	7	6
	12	16	16	15	17	18	17	18	19	17	16	16	15	16	19	17	21	26	32	21	14	12	16	16	13	17	16	19	18	26	17	14	18	16	20	15	17	18	18	16	12	15	12	19	13	19	16	17	17	20	18	14	18	22	17	22	17	12	18	13	12	15	15	13	16	18	25	13	12	17	18	19	15	14	16	17	17	11	10	8	13	15	24	16	14	15	15	15	11	9	12	12	13	13	14	14	14	16	7	6
	13	16	16	15	17	18	17	18	19	17	16	16	15	16	19	17	21	27	32	21	14	12	16	16	13	17	16	19	19	26	17	15	18	16	20	15	17	18	18	16	12	15	12	19	14	19	16	17	17	21	18	14	18	23	17	23	17	12	18	13	12	15	15	13	16	18	25	13	12	17	18	19	15	14	16	17	17	12	10	8	13	15	24	16	14	15	16	15	11	9	12	12	13	13	14	14	14	16	7	6
	13	16	16	15	17	18	17	19	19	17	17	16	15	16	19	17	21	27	32	21	14	13	16	16	13	17	16	19	19	26	17	15	18	16	20	15	17	19	18	16	12	15	12	19	15	19	16	17	17	21	18	14	18	23	18	23	17	12	19	13	12	15	15	13	17	18	25	13	13	17	18	19	15	14	16	17	17	12	10	8	13	15	24	16	14	15	16	15	11	9	12	12	13	13	14	15	14	16	7	6
	13	16	16	15	17	18	17	19	20	17	17	17	15	16	19	17	21	27	32	21	14	13	17	16	13	17	16	19	19	26	17	15	18	16	20	15	17	19	18	16	12	15	12	19	15	19	16	17	18	21	18	14	18	24	18	23	17	12	19	14	12	15	15	13	17	19	25	14	13	17	18	19	15	14	17	17	17	12	10	8	13	15	24	16	14	15	16	15	11	9	12	12	13	13	14	15	15	16	7	6
	13	16	16	15	17	18	17	19	20	17	17	17	16	16	19	17	21	27	33	21	14	13	17	17	13	17	16	19	19	26	17	15	18	16	20	15	17	19	18	16	12	15	12	19	15	19	16	17	18	21	18	14	18	24	18	23	17	13	19	14	12	15	15	14	17	19	25	14	13	18	18	19	15	15	17	18	18	12	10	8	13	15	24	16	14	15	16	15	11	9	12	12	13	13	14	15	15	17	7	6
	13	16	16	15	17	18	17	19	20	17	17	17	16	17	19	17	21	27	33	22	14	13	17	17	14	17	16	19	19	26	17	15	18	16	20	15	17	19	18	16	12	15	12	19	15	19	16	18	18	21	18	14	18	24	18	23	17	13	19	14	12	15	15	14	17	19	26	14	13	18	18	19	16	15	17	18	18	12	11	8	13	15	24	16	15	15	17	16	11	9	12	12	13	13	14	15	15	17	7	6
	13	16	16	15	17	18	17	19	20	18	17	17	16	17	20	17	21	27	33	22	14	13	17	17	14	18	16	19	19	26	17	15	18	16	20	15	18	19	18	16	12	15	12	19	15	19	16	18	18	21	18	14	18	24	18	23	18	13	19	14	12	15	15	14	17	19	26	14	13	18	18	19	16	15	17	18	19	12	11	9	13	15	25	16	15	16	17	16	11	9	12	12	13	14	14	15	15	17	7	6
	13	16	16	15	17	18	17	19	21	18	17	17	16	17	20	18	21	27	33	22	14	13	17	17	14	18	17	20	19	26	17	15	18	16	20	15	18	19	18	16	12	15	12	19	15	19	17	18	18	21	18	14	18	24	18	23	18	13	19	14	12	15	15	14	17	19	27	14	13	18	18	19	16	15	18	18	19	12	11	9	13	15	25	16	15	16	17	16	11	10	12	12	14	14	15	15	15	17	7	6
	13	16	16	15	17	18	18	19	21	18	17	17	16	17	20	18	22	28	33	22	14	13	17	17	14	18	17	20	19	26	17	15	18	16	20	16	18	19	18	16	12	15	12	19	15	20	17	18	18	21	18	14	18	24	18	23	19	13	19	14	12	15	15	14	18	19	27	14	13	18	18	19	16	15	18	18	19	12	11	9	13	15	25	16	15	16	17	16	11	10	12	12	14	15	15	16	15	17	7	7
	13	16	16	15	17	19	18	20	21	18	17	17	16	17	20	18	22	28	33	22	14	13	17	17	14	18	17	20	20	26	17	15	18	16	21	16	18	19	18	16	12	15	12	19	15	20	18	18	18	21	18	14	18	25	18	24	19	13	19	14	12	15	15	14	18	19	27	14	13	18	18	19	16	15	18	18	19	12	11	9	13	15	25	16	15	16	17	16	11	10	12	12	14	15	16	16	16	17	8	7
	13	16	16	15	18	19	18	20	22	18	17	17	16	17	20	18	22	28	34	22	14	13	17	17	14	18	17	20	20	26	17	15	18	17	21	16	18	19	18	16	12	15	12	19	15	20	18	19	18	21	18	14	18	25	19	24	19	13	19	14	12	15	15	15	18	19	27	14	13	18	18	19	16	15	18	18	19	12	11	9	13	15	25	16	15	16	17	17	11	10	12	12	14	15	16	17	16	18	8	7
	13	16	16	16	18	19	18	20	22	19	17	17	16	17	20	18	22	28	34	22	14	13	17	17	14	18	17	20	20	27	17	15	18	17	21	16	18	20	18	16	12	15	12	20	15	20	18	19	18	21	18	14	18	26	19	24	19	13	19	14	12	15	15	15	18	19	27	14	13	18	18	19	16	16	18	18	20	12	11	9	13	15	25	16	15	16	17	17	12	10	12	12	14	15	16	17	17	18	8	7
	13	16	17	16	18	19	18	20	22	19	17	17	16	17	20	18	22	28	34	23	14	13	17	17	14	18	17	20	21	27	17	15	18	17	21	16	18	20	19	16	12	15	13	20	15	20	18	19	18	21	18	14	18	26	19	24	19	13	19	14	12	15	15	16	18	19	27	14	13	18	18	19	17	16	18	19	20	13	11	9	13	15	25	16	15	16	18	17	12	10	12	12	14	15	16	17	17	18	8	7
	13	17	17	16	18	19	18	20	22	19	17	17	16	17	20	18	22	28	34	23	14	13	17	17	14	18	17	20	21	28	17	15	18	17	21	16	18	21	19	17	12	15	13	20	15	20	18	19	18	21	18	15	18	26	19	24	19	13	19	14	12	15	16	16	18	19	28	15	13	18	18	19	17	16	18	19	20	13	11	9	13	15	26	16	15	17	18	17	12	10	12	12	14	15	16	17	17	18	8	7
	14	17	17	16	18	19	18	20	22	19	17	17	16	17	20	18	22	28	35	23	14	13	17	17	14	18	17	20	21	28	17	15	18	17	21	16	18	21	19	17	12	15	13	20	15	20	18	20	18	22	19	15	18	26	19	24	20	14	19	14	12	15	16	16	18	19	28	15	13	18	18	20	17	16	18	19	20	13	11	9	13	15	26	16	16	17	18	17	12	10	12	13	14	15	16	17	17	18	8	7
	14	17	17	16	18	19	18	20	22	19	18	17	16	17	20	18	22	29	35	23	14	13	17	17	14	18	17	20	21	28	17	15	18	17	21	16	18	21	19	17	13	15	13	20	15	20	18	20	19	22	19	15	18	26	19	25	20	14	20	15	12	15	16	16	18	19	28	15	13	18	18	20	17	16	18	19	20	13	11	9	13	15	27	17	16	17	18	17	12	10	13	13	14	15	16	17	17	18	8	7
	14	17	17	16	18	19	18	20	22	19	18	17	16	17	20	18	22	29	35	23	15	13	17	17	14	18	17	21	21	28	18	15	18	17	21	16	18	21	20	17	13	15	13	20	15	20	18	20	19	22	19	15	18	26	20	25	20	14	20	15	12	15	16	16	18	19	28	15	14	19	18	20	17	16	18	19	20	13	11	9	14	16	27	17	16	17	18	17	12	10	13	13	15	15	16	17	17	18	8	7
	14	17	17	16	18	19	18	20	22	19	18	17	16	17	20	18	22	29	35	23	15	14	17	17	14	18	17	21	22	28	18	15	18	17	21	16	19	21	20	17	13	16	13	20	15	20	18	20	19	22	19	15	18	27	20	25	20	14	20	16	12	15	16	16	18	19	28	15	14	19	19	21	17	16	18	19	20	13	12	9	14	16	27	17	16	17	18	17	12	10	13	14	15	15	16	17	17	18	8	7
	14	17	17	16	18	19	18	20	22	19	18	17	16	17	20	18	22	29	35	23	15	14	17	17	14	18	18	22	22	28	18	16	18	17	21	16	19	21	20	17	13	16	14	21	15	20	18	20	19	23	19	15	18	27	20	25	20	14	20	16	13	16	16	16	18	19	28	15	14	19	19	21	17	16	18	19	20	13	12	10	14	17	27	17	16	17	18	17	12	10	13	14	15	15	16	17	17	18	8	7
	14	17	17	16	18	19	18	20	22	19	18	17	16	17	20	19	22	29	35	23	15	14	17	17	14	18	18	22	22	28	18	16	19	17	21	16	19	22	21	17	13	16	14	21	16	20	18	20	19	23	20	16	19	27	20	25	20	14	20	16	13	16	16	16	18	19	28	15	14	19	20	21	17	16	18	19	20	13	12	10	14	17	27	17	16	17	18	17	12	11	13	14	15	15	16	17	17	18	8	7
	14	17	17	16	18	19	18	20	22	19	18	17	16	17	20	19	23	29	35	23	15	14	18	17	14	18	18	22	22	29	18	16	19	17	21	16	19	22	21	17	13	16	14	21	16	21	18	21	19	23	21	16	19	27	20	25	20	14	20	16	14	16	17	17	18	19	28	15	14	19	20	21	17	16	18	19	20	13	12	10	14	17	27	17	16	17	18	17	12	11	13	14	15	15	16	17	17	18	8	8
	14	17	17	16	18	19	18	20	22	19	18	18	16	17	20	19	23	30	36	23	15	14	18	17	14	18	18	22	22	29	18	16	19	17	21	17	19	22	21	17	13	16	14	21	16	21	18	21	19	23	21	17	19	27	20	25	21	14	20	16	14	17	17	17	19	19	28	15	14	19	20	21	18	16	18	19	20	13	12	10	14	17	27	17	16	17	18	17	12	11	13	14	15	15	16	17	17	18	9	8
	14	17	17	16	18	19	18	20	23	19	18	18	17	17	20	19	23	30	37	23	15	14	18	17	14	19	18	22	22	29	18	16	19	17	21	17	19	22	21	17	13	16	14	21	16	21	18	21	19	23	21	17	20	27	20	25	21	14	20	16	14	17	17	17	19	20	29	15	14	19	20	22	18	17	18	19	20	13	12	10	14	17	27	17	16	17	18	17	12	11	13	14	15	15	16	17	17	19	9	8
	14	17	17	16	18	19	18	21	23	19	18	18	17	17	20	19	23	30	37	24	15	14	18	18	14	19	18	22	22	29	18	16	19	17	22	17	19	22	21	17	13	16	14	21	16	21	18	21	19	23	21	17	20	28	20	25	21	14	20	16	14	17	17	17	20	20	29	15	14	19	20	22	18	17	19	19	21	13	12	10	14	17	28	17	16	17	18	18	12	11	13	14	15	15	16	17	17	19	9	8
	14	17	17	16	18	19	19	21	23	20	18	18	17	18	20	19	23	30	37	24	15	14	18	18	14	19	18	22	22	29	18	16	19	17	23	17	19	22	21	17	13	16	14	21	17	21	18	21	19	23	21	17	20	28	21	25	21	14	20	16	14	17	17	17	20	20	29	15	14	19	20	22	19	17	19	20	21	13	12	10	14	17	28	17	16	18	18	18	12	11	13	14	15	15	16	17	18	19	9	8
	14	17	17	16	18	20	19	21	23	20	18	18	17	18	20	19	23	30	38	24	15	14	18	18	15	19	18	22	22	29	18	16	19	18	23	18	19	22	21	17	13	16	14	21	17	22	18	21	19	23	21	17	20	28	21	25	21	14	20	16	14	17	17	17	20	20	29	15	14	19	20	22	19	18	19	20	21	13	12	10	14	17	28	17	16	18	19	18	12	11	13	14	15	15	17	18	18	19	9	8
	14	17	17	16	19	20	19	21	23	20	18	18	17	18	21	19	23	30	38	24	15	14	18	18	15	19	18	22	23	29	18	16	19	18	23	18	20	22	21	17	13	16	14	22	17	22	19	21	19	23	21	17	20	28	21	25	21	14	20	16	14	17	17	17	20	20	29	15	14	19	20	22	19	18	20	20	21	13	12	10	14	17	28	17	16	19	19	19	12	11	13	14	15	16	17	18	18	19	9	8
	14	17	17	17	19	20	19	21	23	20	18	18	17	18	21	20	23	30	38	24	15	14	18	18	15	19	19	23	23	29	18	16	19	18	23	18	20	22	21	17	13	16	15	22	17	22	19	21	19	23	21	17	20	28	21	26	21	14	20	16	14	17	17	17	20	20	29	15	14	19	20	22	19	18	20	21	21	13	12	10	14	17	28	18	17	19	19	19	13	11	13	14	15	16	17	18	18	19	9	8
	14	17	17	17	19	20	19	21	23	20	18	18	17	19	21	20	24	30	38	24	15	14	18	18	15	20	19	23	23	29	18	16	19	18	23	18	20	23	21	17	13	17	15	22	17	22	19	21	19	23	21	17	20	28	21	26	22	14	20	16	14	17	17	17	20	20	30	15	14	19	20	22	19	19	20	21	21	14	12	10	14	17	28	18	17	19	19	19	13	11	13	14	16	16	17	18	18	19	9	8
	14	17	17	17	19	20	19	21	23	20	18	18	17	19	22	20	24	31	38	24	15	14	18	18	15	20	19	23	24	29	18	16	19	18	24	18	20	23	21	17	13	17	15	22	17	22	19	21	19	23	21	18	20	28	21	26	22	15	20	16	14	17	17	17	20	21	30	16	14	19	20	22	20	19	20	21	21	14	12	10	14	17	28	18	17	19	19	19	13	11	13	15	16	16	17	18	18	19	9	8
	14	17	17	17	19	20	19	21	24	20	18	18	17	19	22	21	24	31	39	24	15	14	18	18	15	20	19	23	24	29	18	16	19	18	24	18	20	23	21	17	13	17	15	22	18	22	19	21	19	23	21	18	21	28	21	26	22	15	21	16	14	17	17	17	21	21	30	16	15	19	20	22	20	19	20	21	21	14	12	10	14	17	29	18	17	19	19	19	13	11	14	15	16	16	17	18	18	19	9	8
	14	17	17	17	19	20	19	22	24	20	18	18	17	19	22	21	25	31	39	25	15	14	18	18	15	20	19	23	24	29	18	16	19	18	24	18	20	23	21	17	13	17	15	23	18	22	19	21	20	23	21	18	21	29	21	26	22	15	21	16	14	17	17	18	21	21	30	16	15	20	20	22	20	19	20	21	21	14	12	10	15	17	29	18	17	19	19	19	13	11	14	15	17	16	17	18	18	19	9	8
	14	17	17	17	19	20	20	22	24	20	18	18	17	19	22	21	25	32	39	25	15	14	18	18	15	20	19	23	24	30	18	16	20	18	24	18	20	23	21	17	13	17	15	23	18	22	19	21	20	24	21	18	21	29	22	26	22	15	21	17	14	17	18	18	21	21	30	16	15	20	20	22	20	19	20	21	21	14	12	10	15	18	29	18	17	19	19	19	13	11	14	16	17	16	17	18	18	19	9	8
	14	17	17	17	19	21	20	22	24	20	18	18	17	19	22	21	25	32	39	25	15	14	18	18	15	20	19	24	24	30	18	17	20	18	24	18	20	23	22	18	13	17	15	23	18	23	19	21	20	24	21	18	21	29	22	26	22	15	22	17	14	18	18	18	21	21	30	16	15	20	21	22	20	19	20	21	21	14	12	10	15	18	30	18	17	19	19	19	13	11	14	16	17	16	17	18	18	19	9	8
	14	17	17	17	20	21	20	22	24	20	18	18	17	19	22	21	25	32	39	25	15	14	18	18	15	20	19	24	24	31	19	17	20	18	24	19	21	24	22	18	13	17	15	23	18	23	19	21	20	24	21	18	21	29	22	26	22	16	22	17	15	18	19	18	21	21	30	16	15	20	21	23	20	19	20	21	21	14	12	10	15	18	30	18	17	19	19	19	13	11	14	16	17	16	17	18	18	19	9	8
	14	17	17	18	20	21	20	22	24	20	18	18	17	19	22	21	25	32	39	25	15	14	18	18	15	20	19	24	25	31	19	17	20	18	24	19	21	24	22	18	14	17	15	23	18	23	20	22	21	24	22	18	21	29	22	26	23	16	22	17	15	18	19	19	21	21	30	16	15	20	21	23	21	19	20	21	21	14	12	10	15	18	30	18	17	19	19	19	13	11	14	16	17	16	17	18	18	19	9	8
	14	17	17	18	20	21	20	22	24	20	18	18	17	20	22	21	25	32	39	25	15	14	18	18	15	20	19	25	25	31	20	17	20	18	24	19	22	24	22	18	14	18	15	23	18	23	20	22	21	25	22	18	21	29	22	27	23	16	22	17	15	18	19	19	22	21	31	16	15	20	21	23	21	19	20	21	21	14	12	10	15	18	30	19	17	19	19	19	13	11	14	16	17	16	17	18	18	19	9	8
	14	17	17	18	20	21	20	22	24	20	18	18	17	20	23	21	26	32	39	25	16	14	18	18	15	20	20	25	25	31	20	17	20	18	24	19	22	24	22	18	14	18	16	23	18	23	20	22	21	25	22	18	21	29	23	27	23	16	22	18	15	18	19	19	22	22	31	16	15	20	21	23	21	19	20	21	22	14	12	10	15	18	30	19	17	19	19	19	13	11	14	16	17	17	17	18	18	19	9	8
	14	17	17	18	20	21	20	22	24	20	19	18	17	20	23	22	26	33	39	25	16	14	18	18	15	21	20	25	25	31	20	17	20	18	24	19	22	24	22	18	14	18	16	23	18	23	20	22	21	25	22	19	21	30	23	27	23	16	22	18	15	18	19	19	22	22	31	16	15	21	21	23	21	19	21	21	22	14	12	10	15	18	30	19	17	19	20	19	13	11	14	16	17	17	18	18	18	19	9	8
	15	17	17	18	20	21	20	22	24	20	19	18	17	20	23	22	27	33	40	25	16	14	18	18	16	21	20	25	25	31	20	17	20	18	24	19	22	24	22	18	14	18	16	23	19	23	20	22	21	25	22	19	22	30	23	27	23	16	22	18	15	18	19	19	22	22	31	16	15	21	21	23	21	19	21	21	22	14	12	11	15	18	30	19	18	20	20	19	13	11	14	16	17	17	18	18	19	19	9	8
	15	18	17	18	20	21	20	22	24	20	19	18	17	20	23	22	27	34	40	26	16	14	18	19	16	21	20	25	25	31	20	17	20	19	24	19	22	24	22	18	14	18	16	23	19	23	20	22	21	25	22	19	22	31	23	27	23	16	22	18	15	18	19	19	22	22	31	16	15	21	21	23	21	19	21	21	22	14	12	11	15	18	30	20	18	20	21	19	13	12	14	16	17	17	18	18	19	20	9	8
