	0	1	0	0	0	0	0	0	0	0	0	0	0	0	0	0	0	0	0	0	0	0	0	1	0	0	0	0	0	0	0	0	1	0	0	0	0	0	0	1	0	0	0	0	0	1	0	0	0	0	0	0	0	1	0	0	0	0	0	0	0	0	0	0	0	0	0	0	1	0	0	0	0	0	0	0	0	0	0	0	0	0	0	0	0	1	0	0	0	1	0	0	0	1	0	0	0	0	0	0
	1	1	0	0	0	0	0	0	0	0	0	0	1	0	0	0	0	0	0	0	0	0	1	1	0	0	0	0	0	1	0	0	1	0	1	0	0	0	0	1	0	0	0	0	1	1	0	0	0	0	0	0	0	1	0	0	0	1	0	0	0	0	0	0	0	0	0	0	1	0	0	0	0	0	1	0	0	0	1	0	0	0	0	0	1	1	0	0	0	1	0	0	0	1	0	0	0	0	0	0
	1	1	1	0	0	0	0	0	0	0	1	1	1	0	0	0	0	0	1	0	0	0	1	1	1	0	0	0	0	1	0	0	1	1	1	0	0	0	0	1	0	0	0	0	1	1	0	1	0	0	0	0	0	1	0	0	0	1	0	0	0	0	0	0	1	0	0	0	2	0	0	0	0	1	1	0	0	0	1	0	0	0	0	0	1	1	0	0	0	1	0	0	0	1	0	0	0	0	0	0
	1	1	1	1	0	0	0	0	1	0	1	1	1	1	0	0	0	0	1	0	1	1	1	2	1	0	0	0	0	1	0	0	1	1	1	0	1	0	0	1	0	0	0	0	1	1	0	1	0	0	0	0	0	2	0	0	0	2	0	0	0	0	0	1	1	0	0	0	2	0	0	0	0	1	1	0	0	0	1	0	0	0	0	0	1	1	0	0	0	1	0	0	0	1	0	0	0	0	0	0
	1	1	2	1	1	0	0	1	1	0	2	1	2	1	0	0	0	0	1	0	1	1	1	2	1	0	1	0	0	1	1	0	1	1	1	0	1	0	0	1	0	0	0	1	1	1	0	2	0	0	0	0	1	2	0	0	0	2	0	0	0	0	0	1	1	0	0	0	2	0	0	0	0	1	1	0	0	0	1	0	0	0	0	0	1	1	0	0	0	1	0	0	0	1	0	0	0	0	0	0
	1	2	2	1	1	1	1	1	1	0	2	2	2	1	0	1	0	0	1	0	1	1	2	2	1	0	1	0	0	1	1	1	2	1	1	0	2	0	0	1	0	0	1	1	1	1	0	2	0	0	0	0	1	2	0	0	0	2	0	0	0	0	0	1	1	0	0	0	2	0	0	0	0	1	1	0	0	0	1	0	0	0	0	0	1	1	0	0	0	1	0	0	0	1	0	0	0	0	0	0
	2	2	2	1	1	1	1	1	1	0	3	2	2	1	1	1	1	0	1	0	1	2	2	2	1	1	2	0	0	1	1	1	2	2	1	0	2	0	0	1	0	1	1	1	1	1	0	2	0	0	0	1	1	2	0	0	0	2	0	0	0	0	0	1	1	0	0	0	2	0	0	0	0	1	1	0	0	0	1	0	0	0	0	0	1	1	0	0	0	1	0	0	0	1	0	0	0	0	0	0
	2	3	2	1	1	1	1	1	1	0	3	3	2	1	1	1	1	1	1	0	2	2	2	2	2	1	2	1	0	1	1	1	2	2	2	1	2	0	0	1	1	1	1	1	1	1	0	2	0	0	1	1	1	2	0	0	0	2	0	0	0	0	0	1	1	0	0	0	2	0	0	0	0	1	1	0	0	0	1	0	0	0	0	0	1	1	0	0	0	1	0	0	0	1	0	0	0	0	0	0
	2	3	3	1	1	1	1	1	1	0	4	3	3	2	1	1	1	1	1	0	2	2	2	2	2	1	2	1	1	1	2	1	2	2	2	1	2	1	0	1	1	1	1	1	1	2	1	2	0	0	1	1	1	2	0	0	0	2	0	0	1	0	0	1	1	0	0	0	2	0	0	0	0	1	1	0	0	0	1	0	0	0	0	0	1	1	0	0	0	1	0	0	0	1	0	0	0	0	0	0
	3	3	3	2	1	1	1	1	1	0	4	4	3	2	1	1	1	1	1	0	3	2	2	3	2	1	2	1	1	1	2	1	2	2	2	1	2	1	1	1	1	1	1	1	1	2	1	2	1	0	1	1	1	2	1	1	0	2	0	0	1	1	0	1	1	0	0	0	2	0	0	0	0	1	1	0	0	0	1	0	0	0	0	0	1	1	0	0	0	1	0	0	0	1	0	0	0	0	0	0
	3	4	3	2	2	1	1	1	1	0	5	4	3	2	1	1	1	1	1	0	3	2	3	3	2	1	2	1	1	1	2	1	3	2	2	1	2	1	1	1	1	1	1	1	1	2	1	2	1	1	1	1	1	2	1	1	1	2	1	0	1	1	1	1	1	1	0	0	2	0	0	0	0	1	1	0	0	0	1	0	0	0	0	0	1	1	0	0	0	1	0	0	0	1	0	0	0	0	0	0
	3	4	4	2	2	2	1	1	1	0	5	5	3	2	1	1	1	1	1	0	3	2	3	3	2	1	2	1	1	1	2	2	3	2	2	1	2	1	1	1	1	1	1	2	1	2	1	2	1	1	1	1	1	2	1	1	1	2	1	1	1	1	1	1	1	1	1	0	2	1	0	1	0	1	1	1	0	0	1	0	0	0	0	0	1	1	0	0	0	1	0	0	0	1	0	0	0	0	0	0
	3	4	4	3	2	2	2	1	1	0	5	5	4	2	1	1	1	1	1	0	3	2	3	3	2	1	2	1	1	1	2	2	3	2	2	1	2	1	1	1	1	2	1	2	2	2	1	2	1	2	1	1	1	2	1	1	1	2	1	1	1	1	1	1	1	1	1	1	2	1	1	1	0	1	1	1	1	0	1	1	0	0	0	0	1	1	0	0	0	1	0	0	0	1	0	0	0	0	0	0
	3	4	4	3	3	2	2	1	1	0	5	5	4	3	1	1	2	1	1	0	3	2	3	3	2	1	2	1	1	1	2	2	3	2	2	1	2	1	1	2	2	2	1	2	2	2	1	2	1	2	1	1	1	2	2	1	1	2	1	1	1	1	1	1	1	1	1	1	2	1	1	1	0	1	1	1	1	1	1	1	1	0	0	0	1	1	1	0	0	2	0	0	0	1	0	0	0	0	0	0
	3	4	4	3	3	3	2	1	1	0	5	5	4	3	2	1	2	2	1	0	3	2	3	3	2	1	2	1	1	2	2	2	3	2	2	1	2	1	1	2	2	2	1	2	2	2	1	2	1	2	2	1	1	2	2	2	1	2	1	1	1	1	1	1	1	1	1	1	2	1	1	1	0	1	1	1	1	1	1	1	1	1	0	0	1	1	1	1	1	2	0	0	0	1	0	1	0	0	0	0
	3	4	4	3	3	3	3	1	1	0	5	5	4	3	2	2	2	2	1	1	3	2	3	3	2	1	2	2	1	2	2	2	3	2	2	1	2	1	1	2	2	2	1	2	2	2	2	2	1	2	2	2	1	2	2	2	1	2	1	1	1	1	1	1	1	1	1	1	2	1	1	1	0	1	1	1	1	1	1	1	1	1	1	0	1	1	2	1	1	2	0	0	0	1	0	1	1	1	0	0
	3	4	4	3	3	3	3	2	1	1	5	5	4	3	2	2	3	2	1	1	3	2	3	3	2	1	2	2	1	2	2	2	3	2	2	1	2	2	1	2	2	2	1	2	2	2	2	2	1	2	2	2	1	2	2	2	2	2	1	1	1	2	1	1	1	1	1	1	2	1	1	1	0	1	1	1	1	1	1	1	1	1	1	0	1	2	2	1	1	2	0	1	0	1	0	2	1	1	1	0
	3	4	4	3	3	3	3	2	2	1	5	5	4	3	2	2	3	3	2	1	3	2	3	3	2	1	2	2	1	2	2	2	3	2	2	1	2	2	1	2	2	2	1	2	2	2	2	2	2	2	2	2	1	2	2	2	2	2	1	1	2	2	1	1	1	1	2	1	2	1	1	1	0	1	1	1	1	1	1	1	1	1	1	0	1	2	3	1	1	2	1	1	0	1	1	2	1	1	1	1
	3	4	4	3	3	3	3	3	2	1	5	5	4	3	2	2	3	3	2	1	3	2	3	3	2	1	2	3	2	2	2	2	3	2	2	1	2	2	1	2	2	2	1	2	2	2	2	2	2	3	2	2	1	2	2	2	2	2	1	1	2	2	1	1	1	1	2	2	2	1	2	1	0	1	1	2	1	1	1	1	2	1	1	0	1	2	3	1	1	3	1	1	0	2	1	2	1	1	1	1
	3	4	4	3	3	3	4	3	2	1	5	5	4	3	2	2	3	3	2	1	3	2	3	3	2	1	2	3	2	2	2	2	3	2	2	1	3	3	1	3	2	2	1	2	2	2	2	2	2	3	2	2	1	2	2	2	2	2	1	1	2	2	1	1	1	1	2	2	2	1	2	2	0	1	2	2	2	1	2	1	2	2	1	0	1	2	3	1	1	3	1	1	1	2	1	2	1	1	1	1
	3	4	4	3	3	4	4	3	2	1	5	5	4	3	2	2	3	3	2	1	3	2	3	3	2	1	2	3	2	2	2	2	3	2	2	1	3	3	2	3	2	2	1	2	2	2	3	3	2	3	2	2	1	2	2	2	2	2	1	1	2	2	1	1	1	1	2	2	3	1	2	2	1	1	2	3	2	1	2	1	2	2	2	0	2	2	3	1	1	3	1	2	1	2	1	2	1	1	1	1
	3	4	4	3	4	4	4	3	2	1	5	5	4	3	2	2	3	3	2	1	3	2	3	3	2	1	2	3	3	2	2	2	3	2	2	1	3	3	2	3	2	2	1	2	2	3	3	3	2	3	2	2	1	2	2	2	3	3	1	1	2	2	1	1	1	1	2	2	3	1	2	2	1	2	2	3	2	1	2	1	2	2	2	1	2	3	3	1	1	3	2	2	1	3	1	2	1	1	1	1
	3	4	4	4	4	4	4	3	2	1	5	5	4	3	2	2	3	3	2	1	3	2	3	3	2	1	2	3	3	3	2	2	3	2	2	1	3	3	2	3	2	2	1	2	2	3	3	3	3	3	2	2	1	2	3	3	3	3	1	1	2	2	1	1	1	1	2	2	3	1	2	2	1	2	3	3	2	1	2	1	3	2	2	1	3	3	3	1	1	3	2	2	2	3	2	2	1	1	1	1
	3	4	5	4	4	4	4	3	2	1	5	5	4	3	2	2	3	3	3	1	3	2	3	3	2	1	2	3	3	3	2	2	3	2	2	1	3	3	3	3	2	2	1	2	2	3	3	3	3	3	2	2	1	2	3	3	3	3	1	1	2	2	1	1	2	2	2	2	3	1	3	2	1	3	3	4	2	1	2	1	3	2	2	1	3	3	3	1	1	3	2	3	2	3	2	3	1	1	1	1
	3	5	5	4	4	4	4	3	3	1	5	5	4	3	2	2	3	3	3	1	3	2	3	3	2	1	2	3	3	3	2	2	3	2	2	1	3	3	3	4	2	2	1	2	2	3	3	3	3	3	2	2	1	2	3	3	3	3	1	1	2	3	1	2	2	2	3	2	3	1	3	2	2	3	3	4	2	1	2	1	3	2	2	1	3	3	4	1	1	3	3	3	2	3	2	3	2	1	1	1
	4	5	5	4	4	4	4	3	3	2	5	5	4	3	2	2	3	3	3	1	3	2	3	3	2	1	2	3	3	3	2	2	3	2	2	1	3	3	3	4	2	2	1	2	2	3	3	3	3	4	2	2	2	2	3	3	3	3	1	1	2	3	2	2	2	2	3	3	3	1	3	3	2	3	3	4	2	1	2	1	4	2	2	1	3	3	4	2	1	3	3	3	2	3	2	3	2	2	1	1
	4	5	5	4	4	4	4	3	3	2	6	5	4	3	2	2	3	3	3	2	3	2	3	3	2	1	2	3	3	3	2	2	3	2	2	1	3	3	3	4	2	2	2	2	2	3	3	3	3	4	2	3	2	2	3	3	3	3	2	1	2	3	2	2	2	2	3	3	3	1	4	3	2	3	3	4	2	2	2	1	4	3	2	1	3	3	4	2	2	3	3	3	2	3	2	3	2	2	2	1
	4	5	5	4	4	4	4	3	3	2	6	5	4	3	2	2	3	3	3	2	3	3	3	3	2	1	2	3	3	4	2	2	4	2	2	1	3	3	3	4	2	3	2	2	2	3	3	3	3	4	2	3	2	2	3	3	3	3	2	2	3	3	2	2	2	2	3	3	3	1	4	3	2	3	3	4	2	2	3	1	4	3	3	1	3	3	4	2	2	4	3	3	2	3	2	3	2	2	2	2
	4	5	5	4	4	4	4	3	3	2	6	5	4	3	2	2	3	3	3	2	3	3	4	3	2	1	2	3	3	4	3	2	4	3	2	1	3	3	3	5	2	3	2	2	2	3	3	3	3	5	3	3	2	2	3	3	3	3	2	2	3	3	2	2	2	2	3	3	3	2	4	3	2	3	3	4	2	2	3	2	4	3	3	2	3	3	4	2	2	4	3	3	2	3	2	3	2	2	3	2
	4	5	5	4	4	4	4	3	3	2	6	5	4	3	2	2	3	3	3	2	3	4	4	4	3	1	2	3	3	4	3	2	4	3	2	1	3	3	4	5	2	4	2	2	2	3	3	3	4	5	3	3	2	2	3	3	3	3	3	2	3	3	2	2	2	2	3	3	3	2	4	3	2	3	3	4	2	2	4	2	4	3	3	2	3	3	4	2	2	4	3	3	2	4	2	3	2	3	3	2
	4	5	5	4	4	4	4	3	3	2	6	5	5	3	2	2	3	3	3	2	4	4	4	4	3	2	2	3	3	4	4	2	4	3	2	1	3	4	4	5	2	4	2	2	2	3	3	4	4	5	3	3	2	2	3	3	3	3	3	2	3	3	2	2	2	2	3	3	4	2	4	3	2	3	3	4	2	3	4	2	4	3	3	2	3	3	4	2	2	4	3	3	2	4	3	3	3	3	3	2
	4	5	5	4	4	4	4	3	3	2	7	6	5	3	2	2	3	3	3	2	4	4	4	4	3	2	2	4	3	4	4	3	4	3	3	1	4	4	4	5	2	4	2	2	2	3	3	4	4	5	3	3	2	2	3	3	3	4	3	2	3	3	2	2	2	2	3	3	4	2	4	3	2	3	3	4	3	3	4	2	4	3	3	2	3	3	5	2	2	4	3	3	2	4	3	4	3	3	3	2
	4	6	6	4	4	4	4	3	3	2	7	6	5	3	2	2	3	3	3	2	4	4	5	4	3	2	3	4	3	4	4	3	4	3	3	2	4	4	4	5	2	4	2	2	3	3	3	5	4	5	3	3	2	2	3	3	3	4	3	2	3	3	2	2	2	2	3	3	4	2	4	3	2	3	3	5	3	3	4	2	4	3	3	2	3	4	5	2	2	4	3	3	2	4	4	4	3	3	3	2
	5	6	6	5	4	4	4	3	3	2	7	7	5	3	2	2	3	3	3	2	4	4	5	4	3	3	3	4	3	4	4	3	4	3	4	2	5	4	4	5	2	4	2	2	3	3	3	5	4	5	3	3	2	3	3	3	3	4	3	2	3	3	2	2	2	2	3	3	4	2	4	3	2	3	4	5	3	3	4	2	4	3	3	2	4	4	5	2	2	4	3	3	2	5	4	4	3	3	3	2
	5	7	6	5	4	4	4	3	3	2	8	7	5	4	2	2	3	3	3	2	4	4	5	4	4	3	4	4	3	4	4	3	4	4	4	2	5	4	4	5	2	4	2	3	3	3	3	5	4	5	3	3	2	3	3	3	3	4	3	2	3	3	2	2	3	2	3	3	4	2	4	3	2	4	4	5	3	3	4	2	4	3	3	2	4	4	5	2	2	4	3	3	3	5	4	4	3	3	3	2
	5	7	7	5	5	4	4	3	3	2	8	7	5	4	3	2	3	3	3	2	4	5	5	4	4	4	4	4	3	4	4	3	5	4	4	2	5	4	4	5	2	4	2	3	3	3	3	5	4	5	3	3	3	4	3	3	3	4	3	2	3	3	2	3	3	2	3	3	4	2	4	3	2	4	4	5	3	3	4	2	4	3	3	2	4	4	5	2	2	4	3	4	3	5	4	4	3	3	3	2
	5	7	7	6	5	5	4	3	3	2	8	7	5	5	3	3	3	3	3	2	4	5	5	4	4	4	4	4	3	4	5	4	5	4	4	2	5	4	4	5	2	4	2	3	3	3	3	5	4	5	3	3	3	4	4	3	3	4	3	2	3	3	3	3	3	2	3	3	4	2	4	3	3	4	4	5	3	3	4	2	4	3	3	2	4	4	5	2	2	4	4	4	3	5	4	4	3	3	3	2
	5	7	7	6	5	5	5	3	3	2	8	7	6	5	3	3	4	3	3	2	4	5	5	5	4	4	4	4	3	4	5	4	5	4	4	2	5	4	4	5	3	4	3	3	3	4	3	5	4	5	3	3	3	4	4	3	3	4	3	2	3	4	3	3	3	2	3	3	4	2	4	4	3	4	4	5	3	3	4	2	5	3	3	2	4	4	5	2	2	4	4	4	3	5	4	4	3	3	3	2
	5	7	7	6	5	5	5	4	3	2	8	7	6	5	3	3	4	4	3	2	4	5	6	5	4	4	4	4	3	4	5	4	6	4	4	2	5	4	4	5	3	5	3	3	3	4	4	5	4	5	4	3	4	4	4	3	3	4	3	2	3	4	3	3	3	2	3	3	4	2	5	4	3	4	4	5	3	3	4	2	5	4	3	2	4	4	5	2	2	4	4	4	3	5	4	4	3	3	3	2
	5	7	7	6	5	5	5	4	4	2	8	7	6	5	3	3	4	4	3	2	4	6	6	5	4	4	4	4	4	4	5	4	6	4	4	2	5	4	4	5	3	5	4	4	3	4	4	5	4	5	4	4	4	4	4	3	4	4	3	2	4	4	3	4	3	2	3	3	4	2	5	4	3	4	4	5	3	3	4	2	5	4	4	2	4	4	5	2	2	4	4	4	3	5	4	4	3	3	3	2
	5	7	7	6	5	5	5	4	4	3	8	7	6	5	3	3	4	4	4	2	4	6	6	5	4	4	4	4	4	4	6	4	6	4	4	2	5	4	4	5	3	5	4	4	4	4	4	5	4	5	5	4	5	4	4	3	4	5	3	2	4	4	4	4	3	2	3	3	4	2	5	4	3	5	4	5	3	3	4	2	5	4	4	3	4	4	5	2	2	4	4	4	3	5	4	4	3	3	3	2
	5	7	7	6	5	5	5	4	5	3	8	7	6	5	3	3	4	4	4	3	4	6	6	5	4	4	4	4	4	4	6	4	6	4	4	2	5	4	4	5	4	6	4	4	4	5	4	5	4	5	5	4	5	5	4	3	4	5	3	2	4	4	4	5	3	2	3	4	4	2	5	4	3	5	5	5	3	3	4	2	5	4	4	3	5	4	5	2	2	4	4	4	3	5	4	4	3	3	3	2
	5	7	7	6	5	5	5	4	5	3	8	7	6	5	3	3	4	5	4	3	4	6	6	5	4	4	4	4	4	5	6	4	6	4	4	2	5	4	4	5	4	6	5	4	4	5	5	5	4	5	6	4	5	5	5	3	4	5	3	2	4	4	4	5	4	3	4	4	4	2	5	4	3	5	5	5	3	3	4	2	5	4	4	3	5	5	5	2	2	4	4	4	3	5	4	4	3	3	3	2
	5	7	7	6	5	5	5	4	5	3	8	7	6	5	3	3	4	5	4	3	4	6	6	5	4	4	4	5	4	5	6	5	6	4	4	2	5	4	4	6	4	6	5	4	5	5	5	5	4	5	6	5	5	5	5	4	5	5	3	2	4	4	4	5	4	3	4	4	4	2	5	4	3	6	5	5	4	3	4	2	5	4	4	3	5	5	6	2	2	4	4	4	3	5	4	4	3	3	3	2
	5	7	7	6	5	5	5	4	5	3	8	7	6	5	3	3	4	5	4	3	4	6	7	5	4	4	4	5	4	5	6	5	6	4	5	2	5	5	4	6	4	6	6	4	5	6	5	6	4	6	6	5	5	5	5	4	5	5	3	2	4	4	4	5	4	3	4	4	4	2	5	4	4	6	5	5	4	3	4	2	5	4	4	3	5	5	6	3	2	4	4	4	3	5	4	4	4	3	3	2
	5	7	7	6	5	5	5	4	5	3	8	8	6	5	3	3	4	5	4	3	4	6	7	5	5	4	4	5	4	5	6	6	6	4	5	3	5	5	5	6	4	6	6	4	5	6	5	6	5	6	6	5	5	5	5	4	5	5	3	3	4	4	5	5	4	3	4	4	4	2	5	4	4	6	5	5	4	3	4	2	5	4	4	3	5	5	6	3	3	4	4	4	3	5	4	4	4	4	3	2
	5	7	7	6	5	5	5	4	5	3	9	8	6	5	3	3	4	5	4	3	4	6	8	5	5	4	4	5	4	5	6	6	6	5	5	3	6	5	5	7	4	6	6	4	5	6	5	6	5	7	6	5	5	5	5	4	5	5	3	3	4	5	5	5	4	3	4	4	4	3	5	4	4	6	5	5	4	3	4	2	5	4	4	3	5	5	6	3	3	5	4	4	3	5	4	4	4	4	4	2
	5	7	7	6	5	5	5	4	5	3	9	9	6	5	3	3	4	5	4	3	5	6	8	6	5	4	4	5	4	6	6	6	6	5	5	3	6	6	5	7	4	6	6	4	5	6	5	6	5	7	6	5	5	5	5	4	5	5	3	4	5	5	5	5	4	3	4	4	4	3	5	4	4	6	5	5	4	3	4	3	5	4	4	3	5	5	6	3	4	5	4	4	3	5	4	4	4	4	4	3
	5	7	7	6	5	5	5	4	5	3	10	9	6	6	3	3	4	5	4	4	5	7	8	6	5	4	4	5	5	6	6	6	6	5	5	3	6	6	5	7	4	6	6	4	5	6	5	6	5	7	7	5	5	5	5	4	5	5	3	4	5	5	5	5	4	3	4	4	4	4	5	4	4	6	5	5	4	3	5	3	5	4	4	3	5	5	6	3	4	6	4	4	3	5	4	4	4	4	5	3
	6	7	7	6	6	5	5	4	5	3	10	9	6	6	3	3	4	6	5	4	5	7	8	6	5	4	4	5	5	6	7	6	6	5	5	3	6	6	5	7	5	6	6	4	5	6	5	6	5	7	7	5	5	5	5	4	5	5	4	4	5	5	5	5	4	3	4	4	5	4	5	4	4	6	5	5	4	3	5	3	5	4	4	3	5	5	6	3	5	6	4	4	3	5	4	4	4	5	5	3
	6	8	7	6	6	6	5	4	5	4	10	9	6	6	3	3	5	6	5	4	5	7	8	6	5	4	4	5	5	6	7	7	6	5	5	3	6	6	5	7	5	7	6	4	5	6	5	6	5	7	7	5	5	5	5	4	5	6	4	4	5	5	5	5	4	3	4	5	5	4	5	4	4	6	5	5	4	4	5	3	5	4	4	3	5	5	6	4	5	6	4	4	3	5	4	4	4	5	5	3
	6	8	8	6	6	6	6	4	6	4	10	9	6	6	3	3	5	6	5	4	5	7	8	6	5	4	5	5	5	6	7	7	7	5	5	3	6	6	5	7	5	7	6	4	5	6	5	6	5	7	7	6	5	5	5	4	6	6	4	4	5	5	5	5	4	3	5	5	5	4	5	4	4	6	5	5	5	4	5	3	5	4	4	3	5	5	7	4	5	6	4	4	3	5	4	4	4	5	5	3
	6	8	8	7	6	6	6	5	6	4	10	9	6	6	3	3	6	6	5	4	5	7	8	6	5	5	5	5	5	6	7	7	7	6	5	3	6	6	5	7	5	7	6	4	5	6	6	6	5	7	7	6	6	5	5	4	6	6	4	4	5	5	5	5	4	4	5	5	5	4	5	4	4	6	5	6	5	4	5	3	5	4	4	3	5	5	7	4	5	6	4	4	3	5	4	5	4	5	5	3
	6	8	8	7	7	6	6	5	6	4	10	9	6	6	3	3	6	7	5	4	5	7	8	6	6	5	6	5	5	6	7	7	7	6	5	4	6	6	5	7	5	7	6	5	6	6	6	6	5	7	7	6	6	5	6	4	6	6	4	4	5	5	5	5	4	4	5	5	5	4	5	4	4	6	6	6	5	4	5	3	5	4	4	3	5	5	7	4	5	6	4	4	3	5	5	5	4	5	5	3
	6	8	8	7	7	7	6	5	6	4	10	9	6	6	3	4	6	7	5	4	5	7	8	6	6	6	6	6	5	6	7	7	7	7	6	4	6	6	5	7	5	7	6	5	6	7	6	6	5	7	7	6	6	6	6	4	6	6	4	4	5	5	5	5	4	4	5	5	5	4	5	4	4	7	6	6	5	4	5	3	5	4	4	3	5	5	7	4	5	6	4	4	3	6	5	5	4	5	5	3
	6	8	8	7	7	7	7	5	6	4	10	9	6	6	4	4	6	7	5	4	5	7	8	7	7	6	7	6	5	6	7	7	7	7	6	5	6	6	5	7	5	7	6	5	6	7	6	6	5	7	7	6	6	6	6	5	6	6	4	4	5	5	5	6	4	4	5	5	5	4	5	4	5	7	6	6	5	4	5	3	5	4	4	3	5	5	7	4	5	6	4	4	4	6	5	5	4	5	5	3
	6	8	8	7	7	7	7	5	6	4	10	9	7	7	4	4	7	7	5	4	5	7	8	7	7	6	7	6	5	6	7	7	7	8	6	5	7	6	5	7	5	7	6	5	6	8	6	6	5	7	7	6	6	6	6	5	7	6	4	4	5	5	6	6	4	4	5	5	5	4	5	5	5	7	6	6	5	4	5	3	5	4	4	3	5	5	7	4	5	6	4	5	4	6	5	5	4	5	5	3
	6	8	8	8	7	7	7	5	6	4	10	9	7	7	4	4	7	7	5	4	5	7	9	7	7	6	7	7	5	6	7	7	8	8	6	5	7	6	5	7	5	7	6	5	6	8	6	7	5	7	7	6	6	6	6	6	7	7	4	4	5	6	6	6	4	4	5	5	5	4	5	5	5	7	6	6	5	4	5	3	5	5	4	3	5	5	7	4	5	6	5	5	4	6	5	5	4	5	5	3
	6	8	9	8	7	7	7	5	6	4	10	10	7	7	4	4	7	7	5	4	5	7	9	7	7	6	7	7	5	6	7	7	8	8	6	5	8	6	5	7	5	7	7	5	6	8	6	7	6	7	7	6	6	6	6	6	8	7	5	4	5	6	6	6	4	4	5	5	5	4	6	5	5	7	6	6	5	4	5	3	6	5	4	3	5	5	7	4	5	6	5	6	4	6	5	5	4	5	5	3
	6	9	9	8	7	7	7	5	6	4	11	10	7	7	4	4	7	7	5	4	5	7	9	7	7	6	7	7	5	6	7	8	8	8	6	5	8	7	6	7	5	7	7	5	6	8	6	8	6	8	7	6	6	6	6	6	8	7	5	4	6	6	6	6	4	4	5	5	5	4	6	5	5	7	6	6	5	4	5	3	6	6	5	3	5	5	7	4	5	6	5	6	4	6	5	5	4	5	5	3
	7	9	9	8	7	7	7	5	6	4	11	10	7	7	4	4	7	7	5	4	6	8	9	7	7	6	7	7	6	6	7	8	8	8	6	5	8	7	6	8	5	7	7	5	6	8	7	8	6	8	8	6	6	6	6	6	8	7	5	5	6	6	6	6	4	4	5	5	5	4	6	6	5	7	6	6	5	4	5	3	6	6	5	4	5	5	7	4	5	6	5	6	4	6	5	5	4	5	5	3
	7	9	9	8	7	7	7	5	6	4	12	10	7	7	4	4	7	7	6	4	6	8	10	7	7	6	7	7	6	7	8	8	8	8	6	6	8	7	6	8	6	7	7	5	6	8	7	8	6	8	8	6	6	6	6	6	8	7	5	5	6	6	6	6	4	4	5	5	5	5	6	6	6	7	6	6	5	4	5	3	6	6	5	4	6	5	7	4	5	6	5	6	4	6	5	5	4	5	5	3
	7	9	9	8	7	7	7	5	6	5	12	10	7	7	4	4	7	7	6	5	7	8	10	8	7	7	7	7	6	7	8	8	8	8	6	6	8	7	6	8	6	8	7	5	6	8	7	8	6	8	9	6	6	6	6	6	8	7	5	5	6	6	6	6	4	4	5	5	5	5	6	6	6	7	6	6	5	4	5	4	6	6	5	5	6	6	7	4	5	6	5	6	4	6	5	5	4	5	5	3
	7	9	9	8	7	7	7	5	7	5	12	10	7	7	5	4	7	7	7	5	7	9	10	8	8	7	7	7	6	7	8	8	8	8	6	6	8	7	6	8	6	8	7	5	6	8	7	8	6	8	9	7	6	6	6	6	8	7	5	5	6	7	6	6	4	4	5	5	5	5	6	6	6	7	6	6	5	4	5	4	6	6	5	5	7	6	8	4	5	7	5	6	4	6	5	5	4	5	5	3
	7	9	9	8	8	7	7	6	7	5	12	10	7	7	5	4	7	8	7	5	7	9	10	8	8	7	7	7	6	7	9	8	8	8	7	6	8	7	6	8	6	8	7	5	6	8	7	8	6	8	9	7	7	6	6	6	8	7	5	5	6	7	7	6	4	4	5	5	5	5	6	6	6	7	6	6	5	4	5	4	6	6	5	5	7	7	8	4	5	7	5	6	4	6	5	5	5	5	5	4
	7	9	9	8	8	8	8	6	7	5	12	10	7	7	5	4	8	8	7	5	7	9	10	8	8	7	7	7	6	7	9	8	8	8	7	6	8	7	6	8	7	8	7	6	7	8	7	8	6	8	9	7	7	6	6	6	8	7	5	5	6	7	7	7	4	4	5	5	5	5	6	6	6	7	6	6	5	4	5	4	6	6	5	5	7	7	9	4	5	7	5	6	4	6	5	5	5	6	6	4
	7	9	9	8	8	8	8	7	7	5	12	10	7	7	6	5	8	8	7	5	7	9	10	8	8	7	7	7	6	7	9	8	8	8	7	6	8	7	6	8	7	8	7	6	7	8	7	8	6	8	10	7	7	7	7	6	8	7	5	5	6	7	7	7	5	4	5	5	5	5	6	6	6	7	6	6	5	4	5	4	6	6	5	5	7	7	9	4	6	8	5	6	4	6	5	5	6	6	6	4
	7	9	9	8	8	8	8	7	8	5	12	10	7	8	6	5	8	8	7	5	7	9	10	8	8	7	8	7	6	7	9	8	8	8	7	6	8	7	6	8	7	8	7	6	7	9	7	8	6	8	10	7	8	7	7	6	8	7	5	5	6	8	7	7	5	5	5	5	5	5	6	6	6	7	6	6	5	4	6	5	6	6	5	5	7	7	9	4	6	8	5	6	4	6	5	5	6	7	6	4
	7	9	9	8	8	8	8	7	8	6	12	10	8	8	6	5	8	8	7	5	7	9	10	8	8	7	8	7	6	7	9	8	8	8	7	7	8	7	6	8	7	8	8	6	7	9	7	8	6	8	10	7	8	7	7	7	8	7	5	5	7	8	7	7	5	5	6	5	6	6	6	6	6	7	6	6	5	4	6	5	6	6	5	5	7	7	9	4	6	8	5	6	4	6	5	5	6	7	7	4
	7	9	9	9	8	8	8	7	8	6	12	10	8	8	6	5	8	8	7	6	7	9	10	8	8	7	8	7	6	7	9	8	9	8	8	7	8	7	6	8	7	8	8	6	7	9	7	8	6	8	10	7	8	7	7	7	9	7	6	5	7	8	7	7	5	5	6	6	6	6	7	6	6	7	6	6	5	5	6	5	6	6	5	5	7	7	9	4	6	9	5	6	4	6	5	5	6	7	7	4
	7	9	10	9	8	8	8	7	8	6	12	10	8	8	6	5	8	8	7	6	7	9	10	8	8	7	8	7	6	8	9	8	9	9	8	7	8	7	6	8	7	8	8	6	8	9	7	8	7	8	10	7	8	7	7	7	9	8	6	5	7	8	7	7	5	5	6	6	6	6	7	7	6	7	6	6	6	5	7	5	6	6	5	5	7	7	9	5	6	9	5	6	4	6	5	5	6	7	7	4
	7	9	10	9	8	8	8	7	8	6	12	11	8	8	6	5	8	8	7	6	7	9	10	9	8	7	8	7	6	8	9	8	9	9	8	7	8	8	7	8	7	8	8	6	8	10	7	9	7	8	10	7	8	7	7	7	9	8	6	5	7	8	8	7	5	5	6	6	7	6	7	7	6	7	6	7	6	5	7	5	6	6	5	5	7	7	10	5	6	9	5	6	4	6	5	5	6	7	7	4
	7	10	10	9	8	8	8	7	8	6	12	11	9	8	6	5	8	8	7	6	7	9	10	9	8	7	8	8	6	8	9	8	9	9	8	7	9	8	7	8	7	8	8	6	8	10	7	9	7	9	10	8	8	7	7	8	9	9	6	5	7	8	8	7	5	5	6	6	7	6	7	7	6	7	7	7	6	5	7	5	6	6	5	5	7	7	10	5	6	9	5	6	4	6	5	6	6	7	7	4
	8	10	10	9	8	8	8	7	8	6	12	11	9	9	6	5	8	8	7	6	7	9	10	9	8	7	9	8	7	8	9	8	9	9	8	7	9	8	7	9	7	9	8	6	8	10	7	10	7	9	10	8	8	7	7	8	9	9	6	5	7	8	8	7	5	6	6	6	7	6	7	7	6	8	7	7	6	5	7	5	6	6	5	5	7	7	10	5	6	9	5	6	4	6	6	6	6	7	7	4
	8	10	10	10	8	8	8	7	8	6	13	11	9	9	6	6	8	8	8	6	7	9	10	9	8	7	9	8	7	9	9	9	9	9	8	7	10	8	7	9	7	9	8	6	8	10	7	10	7	9	10	8	8	7	7	8	9	9	6	5	7	8	8	7	5	6	7	6	7	6	7	7	7	8	7	7	6	5	7	5	6	6	5	5	7	7	10	5	6	9	5	6	4	7	6	6	6	7	7	4
	8	10	11	10	8	8	8	7	8	6	13	11	9	9	6	6	8	9	8	7	8	9	10	9	8	8	10	8	7	9	9	9	9	9	8	7	10	8	7	9	7	9	9	6	8	10	7	10	7	9	10	8	8	7	7	8	9	9	6	5	7	8	8	7	5	6	7	7	7	6	7	8	7	8	7	7	6	5	7	5	6	6	5	5	7	7	10	5	6	9	5	6	5	7	6	6	6	7	7	4
	8	10	11	10	8	8	8	7	8	7	13	12	9	9	7	6	9	9	8	7	8	9	10	9	8	8	10	8	7	9	10	9	9	9	8	8	10	8	7	9	7	9	9	7	8	10	7	10	7	9	10	8	8	7	7	8	9	9	6	5	7	8	8	7	5	6	7	7	8	6	8	8	7	8	7	7	6	5	7	5	6	6	5	5	7	7	10	5	6	9	5	7	5	7	6	6	6	7	7	4
	8	11	11	10	8	8	8	7	9	7	13	12	9	10	7	6	9	9	8	7	8	9	10	9	8	8	11	8	7	9	10	9	9	10	8	8	10	8	7	9	8	9	9	7	8	10	8	10	7	9	10	8	8	7	7	8	9	9	6	5	7	8	8	7	5	6	7	7	8	7	8	8	7	8	7	7	6	5	7	5	7	6	5	5	7	7	10	5	6	9	6	7	5	7	6	6	6	7	7	4
	9	11	11	11	8	8	8	7	9	7	13	12	9	10	7	7	9	10	8	7	8	9	10	10	8	8	11	8	7	9	10	9	9	10	8	8	10	8	7	9	8	10	9	7	8	11	8	10	7	9	10	8	8	7	7	8	9	9	6	6	7	8	8	7	5	6	7	7	8	7	8	8	7	8	7	7	6	5	7	5	7	7	5	5	7	7	10	5	6	9	6	8	5	7	6	6	6	7	7	4
	9	11	12	11	8	8	8	7	9	7	14	12	10	10	7	7	10	10	8	7	8	9	10	10	8	9	11	8	7	9	10	9	9	10	9	8	10	8	7	9	8	10	10	7	8	11	8	10	7	9	10	8	8	7	7	8	9	9	7	6	7	8	8	7	5	6	7	7	8	7	8	8	7	8	7	7	6	5	7	5	7	7	6	5	7	7	10	5	6	9	6	8	6	7	6	6	6	7	7	4
	9	12	12	11	8	8	8	7	9	7	14	13	10	10	8	7	10	10	8	7	8	10	10	10	8	9	12	8	7	9	10	9	10	11	9	8	10	8	7	9	8	10	10	7	8	11	8	10	8	9	10	8	8	7	7	8	9	9	7	6	7	8	8	7	5	6	7	7	8	7	8	8	7	8	7	7	6	5	7	5	7	7	6	6	7	7	10	5	6	9	6	8	6	8	6	6	6	7	7	4
	10	12	12	11	8	8	8	7	9	7	15	13	10	11	8	7	10	10	8	7	8	10	11	11	8	9	12	8	7	9	10	10	10	11	9	9	10	9	7	9	8	10	10	7	8	11	8	10	8	9	10	8	8	7	7	8	9	9	7	6	7	8	8	7	5	6	7	7	8	7	8	8	7	8	7	7	6	5	7	5	7	7	6	6	8	7	10	5	6	9	6	8	6	8	7	6	6	7	7	4
	10	13	12	11	9	8	8	7	9	7	15	13	11	11	8	7	10	10	8	7	9	10	11	11	9	9	12	8	8	9	11	10	10	11	9	9	10	9	7	9	8	10	10	7	8	11	9	10	8	9	10	8	8	7	7	8	9	9	7	6	7	8	8	7	5	6	7	7	8	7	8	8	7	8	7	7	6	5	7	5	7	7	6	6	8	8	10	5	6	9	6	8	6	8	7	7	6	7	7	4
	10	13	13	11	9	9	8	7	9	7	15	13	11	12	8	7	10	10	8	7	9	11	11	11	9	9	12	9	8	9	11	10	10	11	10	9	10	9	7	9	9	10	10	7	8	12	9	10	8	9	10	8	8	7	7	8	9	9	7	6	7	8	8	7	5	6	7	7	8	7	8	8	7	8	7	7	6	5	7	5	7	7	6	6	8	8	11	5	6	9	6	8	6	8	7	7	7	7	7	4
	10	13	13	12	9	9	9	7	9	7	15	14	11	12	8	7	10	10	8	7	9	11	11	11	10	9	12	9	8	9	11	10	10	11	10	9	11	9	7	9	9	10	10	7	9	12	9	10	8	9	11	8	8	7	8	8	9	9	7	6	7	8	8	7	5	6	7	7	8	7	8	8	7	8	7	7	6	5	7	5	7	7	6	6	8	8	11	6	6	9	6	8	6	8	7	7	7	8	7	4
	10	13	13	12	10	9	9	8	9	7	15	14	12	12	9	7	10	10	8	7	9	11	11	11	10	9	12	9	8	9	11	10	10	11	10	10	11	9	7	9	9	10	10	7	9	12	9	10	8	9	11	8	8	8	8	8	9	9	7	6	7	9	8	7	6	6	7	7	8	7	8	8	7	8	7	7	6	5	7	5	7	7	6	6	8	8	11	6	7	9	6	8	6	8	7	7	7	8	8	4
	10	13	13	13	10	10	9	8	10	7	15	14	12	13	9	7	10	10	8	7	9	11	11	11	10	10	12	9	8	9	11	10	10	11	10	10	11	9	7	9	9	10	10	7	9	12	9	10	8	9	11	8	8	8	8	8	9	9	7	6	7	9	9	8	6	6	7	7	8	7	8	8	7	9	7	7	6	5	7	5	7	7	6	6	8	8	11	6	7	10	6	8	6	8	7	7	7	8	8	5
	10	13	14	13	10	10	10	8	10	8	15	14	12	13	10	7	10	10	8	7	9	11	11	12	10	10	12	9	8	9	11	10	10	11	10	10	11	9	7	9	9	10	10	7	9	12	9	10	8	9	11	8	9	8	8	8	9	9	7	6	7	9	9	8	6	6	7	7	8	7	8	8	8	9	8	7	6	5	7	6	7	7	6	6	8	8	11	6	7	10	6	8	6	8	7	7	7	8	9	5
	10	14	14	13	11	10	10	9	10	8	15	14	12	13	10	7	10	10	8	8	9	11	11	12	10	10	12	9	8	9	11	10	10	12	10	10	11	9	7	9	9	10	10	7	9	12	9	10	8	9	11	9	9	8	8	8	9	9	7	6	7	9	9	8	6	6	7	7	8	7	8	8	8	9	8	8	6	5	8	6	7	7	7	6	8	8	11	6	7	10	6	8	6	8	7	7	7	9	9	5
	11	14	14	14	11	10	10	9	11	8	15	14	12	13	10	7	10	10	8	8	9	11	11	12	10	10	12	9	8	10	11	10	10	12	10	10	11	9	7	9	9	11	10	7	10	12	9	10	8	9	11	9	9	8	8	8	9	9	7	6	7	9	9	8	6	7	7	7	9	7	8	8	8	9	8	8	6	5	8	6	7	8	7	6	8	8	11	6	7	10	6	8	6	8	7	7	8	9	9	5
	11	14	15	14	11	10	10	9	11	9	16	14	12	13	10	7	10	10	8	8	9	11	11	12	10	10	12	9	8	10	11	10	10	12	10	10	11	9	8	9	9	11	11	7	10	12	9	10	8	9	11	9	9	9	8	9	9	10	7	6	7	9	9	8	6	7	7	7	9	7	9	8	8	9	8	8	6	5	8	6	7	8	7	6	8	8	12	6	7	10	6	8	6	8	7	7	8	9	9	5
	11	15	15	14	11	10	10	9	11	9	16	14	12	13	10	7	10	10	8	9	10	11	11	12	10	10	12	9	8	10	11	10	10	12	10	10	11	9	8	9	9	11	11	8	10	12	9	11	9	9	11	9	10	9	8	9	10	10	7	6	8	9	9	8	6	7	7	7	9	7	9	8	8	9	8	8	7	5	8	6	7	8	7	6	8	8	12	6	7	10	6	8	6	8	7	7	8	9	9	5
	12	15	15	14	11	10	10	9	11	9	16	14	12	13	10	7	10	10	8	9	10	11	11	12	10	10	12	9	8	11	12	10	11	12	10	10	11	10	8	9	9	11	11	8	10	12	9	11	9	9	12	9	10	9	8	9	10	10	8	6	8	9	10	8	6	7	8	8	9	7	9	8	8	9	8	8	7	5	8	6	7	8	7	6	8	8	12	6	7	10	6	8	6	8	7	7	8	9	9	5
	12	15	15	14	11	10	10	9	11	9	17	14	12	13	10	7	10	10	8	9	10	11	11	12	10	10	12	10	8	11	12	11	11	12	10	10	11	10	9	9	10	11	11	8	10	12	9	11	9	10	12	10	10	9	8	9	10	10	8	6	8	9	10	8	6	7	8	8	9	7	9	9	8	9	8	9	7	6	8	6	7	8	7	6	8	8	12	6	7	10	6	8	6	8	7	7	8	9	9	5
	12	15	15	14	11	10	10	9	11	9	17	15	12	13	10	7	10	10	8	9	10	11	12	12	10	10	12	10	9	11	12	11	11	12	10	10	12	10	9	10	10	11	11	8	10	12	9	11	9	10	13	10	11	9	8	9	10	10	8	6	8	9	10	8	6	7	8	8	9	7	10	9	8	9	8	9	7	6	8	6	7	8	7	6	8	9	12	7	7	10	6	8	6	8	7	7	8	9	9	5
	12	15	15	14	11	10	10	9	11	9	17	15	13	13	10	7	10	10	8	9	10	12	12	12	10	10	12	11	9	12	12	11	11	12	10	11	12	10	9	10	10	11	11	9	10	12	9	11	9	10	13	11	11	9	8	9	10	10	8	6	9	9	10	8	6	7	8	8	9	7	10	9	8	9	8	9	7	6	8	6	7	8	7	6	9	9	12	7	7	10	6	8	6	8	7	7	8	10	9	5
	12	15	15	14	11	10	10	9	11	9	17	15	13	14	10	7	10	10	8	9	11	12	12	12	10	11	12	11	10	12	12	11	11	12	10	11	13	10	9	10	10	11	12	9	10	12	9	11	9	10	14	11	12	9	8	9	10	10	8	6	9	9	10	8	6	7	8	8	9	7	10	9	8	9	8	9	7	6	8	6	7	8	7	7	9	9	12	7	8	10	6	8	6	8	7	7	8	10	9	5
	12	15	15	14	11	10	10	9	11	9	17	15	13	14	10	8	10	10	8	9	11	12	12	12	11	11	12	12	10	12	13	11	11	12	10	12	13	10	9	10	11	12	12	9	10	12	9	11	9	10	14	11	12	10	8	9	10	10	8	6	9	9	10	8	6	7	8	8	9	7	10	9	9	9	8	9	7	6	8	6	7	8	7	7	9	9	12	7	8	11	6	8	6	8	7	7	8	10	9	5
	12	15	15	14	11	10	10	9	11	9	17	15	13	14	10	8	11	10	8	9	11	13	12	12	11	12	12	12	10	12	13	12	11	12	11	12	14	10	9	10	11	12	12	9	10	12	9	11	9	10	15	11	12	10	9	9	10	10	8	6	9	9	10	8	6	7	8	8	9	7	10	10	9	9	8	9	7	6	8	6	7	8	7	7	9	9	12	7	8	11	6	8	6	8	7	7	8	10	9	6
	12	15	15	14	11	10	10	9	11	9	18	15	13	14	10	9	11	11	8	9	11	13	12	12	11	12	12	12	10	12	13	12	12	12	11	13	14	10	9	10	11	12	12	9	10	13	9	11	9	10	15	11	12	10	9	10	10	10	8	6	9	10	10	8	6	7	8	8	9	7	11	10	9	9	8	9	7	6	8	6	7	8	7	7	9	9	12	7	8	11	6	8	6	8	7	7	8	10	10	6
	12	16	15	14	11	10	10	9	11	9	18	15	13	14	10	9	12	11	9	9	11	13	12	13	11	12	13	12	10	12	13	12	12	12	11	13	14	10	9	10	11	12	12	9	10	13	10	11	9	10	15	11	12	10	9	10	10	10	8	6	9	10	11	8	6	7	9	8	9	7	11	10	9	9	8	9	7	6	8	6	8	8	7	7	9	9	12	7	8	11	6	8	6	8	7	7	8	11	10	6
	12	16	16	14	11	10	10	9	11	9	18	15	13	14	10	9	12	12	9	9	11	13	12	13	12	12	13	13	11	12	13	12	12	12	11	13	14	10	9	10	11	12	12	9	10	13	10	11	9	10	15	11	12	10	9	10	11	10	8	6	9	10	11	9	6	7	9	9	9	7	11	10	9	9	8	9	7	6	8	6	8	8	7	7	9	9	12	7	8	11	7	8	6	8	7	7	9	11	10	6
	12	16	16	14	11	10	10	10	11	9	18	15	14	14	10	9	12	12	9	9	11	13	12	13	12	12	13	13	11	12	13	12	12	12	12	13	15	11	9	10	11	12	12	9	10	13	10	11	9	10	15	11	12	10	9	10	11	11	8	6	9	10	11	9	7	7	9	9	9	7	11	10	9	9	8	9	8	6	8	6	8	8	7	7	9	9	12	7	8	11	7	9	6	8	7	8	9	11	10	6
	12	16	16	14	11	10	11	10	11	9	18	15	14	15	10	9	12	12	9	9	11	13	12	13	12	12	13	13	11	12	13	12	12	12	12	14	15	11	9	10	11	12	12	9	10	13	11	12	9	10	15	11	12	10	10	10	11	11	8	6	9	10	11	9	7	7	9	9	10	7	11	10	9	9	8	9	8	6	8	6	8	8	7	7	9	10	13	7	8	11	7	9	7	8	7	8	9	11	10	6
	12	16	16	14	11	11	11	10	11	9	18	15	14	15	10	9	12	12	9	9	11	13	12	13	13	13	13	13	11	12	13	12	12	12	12	14	15	11	9	10	11	12	12	9	10	14	11	12	9	10	15	11	12	10	10	10	12	12	8	6	9	10	11	9	7	7	9	9	10	8	11	10	9	9	8	10	8	6	8	6	8	8	7	7	10	10	13	7	8	11	7	9	7	9	7	8	9	11	10	6
	12	16	16	14	12	11	11	10	11	9	18	15	14	15	11	9	12	12	9	9	11	13	12	13	13	13	13	13	11	12	13	12	12	13	13	14	15	11	9	10	11	12	12	9	10	14	11	12	9	10	15	11	12	10	10	10	12	12	8	7	9	10	11	9	7	7	10	10	10	8	11	10	9	10	9	10	8	6	8	6	8	8	7	7	10	10	13	7	8	11	7	9	7	9	8	8	9	11	10	6
	12	16	16	15	12	11	11	10	11	9	18	15	14	15	11	10	12	12	9	9	11	13	12	13	13	13	13	13	11	12	13	12	12	13	13	15	15	11	9	10	11	12	12	9	11	14	11	12	9	10	15	11	12	10	10	10	12	12	9	7	9	10	11	9	8	8	10	10	10	8	11	10	9	10	9	11	9	6	8	6	8	8	7	7	10	10	13	7	8	11	7	9	7	9	8	9	9	11	10	6
	12	16	17	15	12	11	11	10	11	9	18	15	14	15	11	10	12	12	9	9	11	13	12	13	13	13	14	13	11	12	13	12	12	13	13	15	16	11	9	10	11	12	12	10	11	14	11	12	10	10	15	11	12	10	11	10	12	12	9	7	9	10	11	10	8	8	10	10	10	8	11	10	9	10	9	11	9	7	8	6	8	8	7	7	10	11	13	7	8	11	7	9	7	9	8	9	10	11	10	6
	12	16	17	15	12	11	11	10	11	9	18	16	14	15	11	10	13	12	9	9	11	13	12	13	13	13	14	13	11	12	13	12	12	13	13	15	16	12	9	10	11	12	13	10	12	14	11	13	10	10	15	11	12	10	11	10	12	12	9	7	9	10	12	10	8	8	10	10	10	8	11	10	9	10	9	11	9	7	8	6	8	8	7	7	10	11	13	8	8	11	7	9	7	9	9	9	10	12	10	6
	12	16	17	15	12	11	11	10	11	9	18	16	14	15	11	10	13	13	9	9	11	13	13	13	13	13	14	13	11	12	13	12	12	14	13	15	16	12	10	10	11	12	13	10	12	14	11	13	10	10	15	12	13	10	11	10	13	12	9	7	9	10	12	10	8	8	10	10	10	8	11	10	9	10	9	11	9	7	8	6	8	8	7	7	10	11	13	8	9	11	7	9	7	9	9	10	10	12	11	6
	12	16	17	15	12	11	11	10	12	9	18	16	14	15	11	10	13	13	9	9	11	14	13	13	13	13	14	13	11	12	13	12	12	14	13	15	16	12	10	11	11	13	13	11	12	14	11	13	10	10	15	12	13	11	11	11	13	12	9	7	9	10	12	10	8	8	10	10	10	8	11	10	9	10	9	11	9	7	9	6	8	8	7	7	10	11	14	8	9	12	7	9	7	9	9	10	10	12	11	6
	12	16	17	15	12	11	11	10	12	10	18	16	14	15	11	10	13	13	9	9	12	14	13	13	13	13	14	13	11	12	14	12	13	14	13	15	16	12	10	11	11	13	13	11	12	14	11	13	10	11	15	12	13	11	11	11	13	12	9	7	9	10	12	10	9	9	10	10	11	8	11	10	9	10	9	11	9	7	9	7	8	8	7	7	10	11	14	9	9	12	7	9	7	9	9	10	10	12	11	6
	12	16	17	15	12	11	11	10	12	10	19	16	14	15	11	10	13	13	9	10	12	14	14	13	13	13	14	13	11	12	14	12	13	14	13	15	16	12	10	11	12	13	13	11	12	14	11	13	10	11	15	12	13	11	11	11	13	12	9	8	9	10	12	10	9	9	10	10	11	9	11	10	9	11	10	11	9	7	10	7	8	8	7	7	10	11	14	9	9	12	7	9	7	9	9	10	10	13	11	6
	13	16	17	15	12	11	11	10	12	10	19	17	14	15	11	10	13	13	9	10	12	14	14	13	13	13	14	13	11	13	14	12	13	14	13	15	16	12	10	11	12	13	13	11	12	14	11	13	10	12	16	12	13	11	11	11	13	12	10	8	9	10	12	10	9	9	10	10	11	9	11	10	9	11	10	11	9	8	10	7	8	8	7	8	10	12	14	9	10	12	7	9	7	9	9	10	10	13	11	6
	13	17	17	15	12	11	11	10	12	10	19	17	14	15	11	10	13	13	9	10	12	15	14	13	13	13	14	13	11	13	14	12	13	14	13	15	16	12	11	11	12	13	13	11	12	14	11	13	11	12	16	12	13	11	11	11	13	13	10	8	10	10	12	10	9	9	10	11	11	9	11	10	9	11	10	11	9	8	10	7	8	8	8	8	10	12	14	9	10	12	7	9	7	9	10	10	10	13	12	6
	13	17	18	15	12	11	11	10	12	10	19	17	14	15	11	10	13	13	9	10	13	15	14	13	13	13	14	13	12	13	14	12	13	14	13	15	16	13	11	11	12	13	13	11	12	14	11	13	11	12	16	12	13	11	11	11	14	13	10	8	10	10	12	10	9	9	11	11	11	9	12	10	9	11	10	11	9	8	10	7	8	9	8	8	10	12	14	9	10	12	7	9	7	9	10	11	10	13	12	7
	13	17	18	15	12	11	11	10	12	10	19	17	15	15	11	10	13	13	10	10	13	15	14	13	13	13	14	14	12	13	15	12	13	14	13	15	16	13	11	11	12	13	13	11	12	14	11	13	11	12	16	12	13	11	11	12	14	13	10	8	10	10	12	10	9	10	11	11	11	9	12	11	9	11	10	11	9	8	10	7	9	9	8	8	10	12	15	9	10	13	7	9	7	9	10	11	10	13	12	7
	13	17	18	15	12	11	11	10	12	10	19	17	15	15	11	10	13	14	10	10	13	15	14	14	13	13	15	14	12	13	15	12	13	14	13	15	16	13	11	11	13	13	13	11	12	14	11	13	11	12	16	12	13	11	12	12	14	13	10	8	10	10	12	10	9	10	11	11	11	9	12	11	10	11	11	11	9	8	10	8	9	9	8	8	10	12	15	10	10	13	8	9	7	9	10	11	10	13	12	7
	13	17	18	15	12	11	11	10	12	10	19	17	15	15	11	10	13	14	10	10	13	15	14	14	13	13	15	15	12	13	15	12	14	14	13	16	16	13	11	11	13	14	13	11	13	14	11	13	11	12	16	12	13	11	12	12	14	13	10	8	10	10	12	11	9	10	11	11	11	10	12	11	10	11	11	11	9	9	10	8	9	9	8	8	11	12	15	10	10	13	8	10	7	9	10	11	10	13	12	7
	13	17	18	15	12	11	11	10	12	10	19	17	15	15	11	10	13	14	10	10	13	15	14	14	13	13	16	15	12	13	15	13	14	14	13	16	16	13	11	11	13	14	13	12	13	14	12	13	11	12	17	12	13	11	12	12	14	13	11	8	10	10	13	11	9	10	11	11	11	10	12	11	10	11	11	11	9	9	11	8	9	9	8	9	11	12	15	10	10	13	8	10	8	9	10	11	10	13	12	7
	13	17	18	15	12	11	11	10	12	10	19	17	15	15	11	10	13	14	10	10	13	15	14	14	13	13	16	15	12	13	15	13	15	14	13	17	16	13	11	11	13	14	14	12	13	14	12	13	11	12	17	12	13	11	12	13	14	14	11	8	11	11	13	11	9	10	11	11	11	10	12	11	11	11	11	11	9	9	11	9	9	9	8	9	11	12	15	10	10	13	8	10	8	10	10	11	10	13	12	7
	13	17	18	15	12	11	11	10	12	10	19	17	15	15	11	10	13	14	10	10	13	15	14	14	13	13	16	15	12	13	15	13	15	15	13	17	16	13	11	11	13	14	14	12	13	14	13	13	11	12	17	13	14	11	12	13	15	14	11	8	11	11	13	11	9	11	11	11	11	10	13	12	11	11	11	11	9	9	11	9	9	9	8	9	11	12	15	10	10	14	8	10	8	10	11	11	10	13	12	7
	13	17	18	15	12	11	11	10	12	10	19	17	15	15	11	10	13	14	10	10	13	15	14	14	14	13	16	15	12	13	15	13	15	15	13	17	16	13	11	11	13	14	14	12	13	14	13	13	11	12	17	13	14	12	12	14	15	14	11	8	11	11	14	11	9	11	12	11	11	10	13	12	11	11	12	11	9	9	11	9	9	10	9	9	11	13	15	10	11	14	8	10	8	10	11	11	10	13	12	7
	13	17	18	15	12	11	11	10	12	10	19	17	15	16	11	10	13	14	10	10	13	15	14	14	14	13	16	15	12	13	15	13	15	15	13	17	16	13	11	11	13	14	14	12	13	14	13	13	11	12	17	13	14	12	13	14	15	14	11	8	11	11	14	11	10	11	12	12	11	10	13	13	11	11	12	12	9	9	11	9	10	10	9	9	11	13	16	10	11	14	8	11	8	10	11	11	10	14	12	7
	13	17	18	15	13	11	11	10	12	10	19	17	15	16	11	10	13	14	10	10	13	15	14	14	14	13	16	15	12	13	15	13	15	15	13	17	16	13	11	11	13	14	14	12	13	15	13	13	11	12	17	13	14	12	13	14	15	14	11	8	11	11	14	11	10	11	12	12	12	10	14	13	11	12	12	12	10	9	11	9	10	10	10	9	11	13	16	10	11	14	9	11	8	10	11	11	11	14	13	7
	13	17	18	15	13	12	11	10	12	10	19	17	15	16	11	10	13	14	10	10	13	15	14	14	14	13	16	15	12	13	15	13	15	15	14	17	16	13	11	11	13	14	14	12	13	15	13	13	11	12	17	13	14	12	13	14	15	14	11	8	11	12	14	11	10	11	12	12	12	10	14	13	11	12	12	12	10	9	12	9	11	10	10	9	12	13	16	11	11	14	9	12	8	10	11	11	11	15	13	8
	13	17	18	15	13	12	12	10	12	10	19	17	15	16	11	10	13	14	10	10	13	15	14	14	15	13	16	15	12	13	15	13	15	15	14	17	16	13	11	11	13	14	14	12	13	15	13	13	11	12	17	14	14	12	13	14	15	14	11	8	11	12	14	11	10	11	12	12	12	10	15	13	11	12	12	12	10	10	12	9	11	10	10	9	12	13	16	11	12	15	10	12	8	11	11	11	11	15	14	8
	13	17	18	15	13	12	12	10	12	10	19	17	15	17	11	11	13	14	10	10	13	15	14	14	15	13	16	15	12	13	15	13	15	15	14	17	16	13	11	11	13	14	15	12	13	15	13	13	11	12	17	14	14	12	13	14	15	14	11	8	11	13	14	11	10	11	12	13	12	10	15	13	11	12	12	12	10	10	13	9	12	10	10	9	12	13	16	12	12	15	10	12	9	11	11	11	11	16	14	8
	13	17	18	15	14	12	12	10	12	10	19	17	15	17	11	11	13	14	10	10	13	15	14	14	15	14	16	15	12	13	15	14	15	15	14	17	16	13	11	11	13	14	15	12	13	15	13	13	11	12	17	15	14	12	13	14	15	15	11	8	11	13	14	11	10	11	12	13	13	10	16	13	11	12	12	12	10	10	13	9	12	10	10	9	12	13	17	12	12	15	10	13	9	11	11	11	12	16	14	8
	13	17	18	15	14	13	12	10	12	10	19	17	15	17	11	11	13	14	10	10	13	15	14	14	15	14	17	15	12	13	15	14	16	15	14	17	16	13	11	11	13	14	16	12	13	15	13	14	11	12	17	15	14	12	13	14	15	15	11	8	11	13	14	11	10	11	12	13	13	11	16	13	11	12	12	12	10	10	13	9	12	11	10	9	12	13	17	13	12	15	11	13	9	11	11	12	12	16	14	8
	13	17	18	15	14	13	13	10	12	10	19	17	15	17	11	11	14	14	10	10	13	15	14	15	15	14	17	15	12	13	15	14	16	15	14	17	17	13	11	11	13	14	16	12	13	15	13	14	11	12	17	15	15	12	13	14	15	15	11	9	11	13	14	11	10	11	12	13	13	11	16	14	11	12	12	12	11	10	13	9	13	11	10	9	12	13	17	13	12	15	11	13	9	11	12	12	12	16	14	8
	13	17	18	15	14	13	13	11	12	10	19	17	16	17	11	11	14	15	10	10	13	15	14	15	15	14	17	15	12	13	15	14	16	15	14	18	17	13	11	11	13	14	16	13	13	15	13	14	11	13	17	15	15	12	13	14	15	15	11	9	11	13	15	11	10	11	13	13	13	11	17	14	11	12	12	12	11	10	13	9	13	11	10	9	13	13	17	13	12	15	11	13	9	11	12	12	12	16	14	8
	13	17	19	15	14	13	13	11	13	10	19	17	16	17	11	11	14	15	10	10	13	15	14	15	15	15	17	15	13	13	15	14	16	16	14	18	17	13	11	12	13	14	16	13	13	15	13	14	11	13	17	15	15	12	13	14	16	15	11	9	11	14	15	11	10	11	13	13	13	11	17	14	12	13	12	12	11	10	13	9	13	11	10	9	13	13	17	13	12	15	11	13	9	11	12	12	12	16	14	8
	13	18	19	15	14	13	13	11	13	11	19	17	16	17	12	11	14	15	10	10	13	15	14	16	15	15	17	15	13	14	15	14	16	16	14	18	17	13	12	12	13	14	16	13	13	15	13	15	11	13	17	15	15	12	13	14	16	15	11	9	11	14	16	12	10	11	13	13	13	11	17	14	12	13	12	12	11	10	13	9	13	11	10	10	13	13	17	13	12	15	11	13	9	11	12	12	12	16	14	8
	14	18	19	15	15	13	13	11	13	11	19	17	17	17	12	11	14	15	11	11	13	15	14	16	15	15	17	15	13	14	15	14	16	16	14	18	18	13	12	12	13	14	16	13	13	15	13	15	12	13	17	16	16	12	13	14	16	15	11	9	11	14	16	12	10	11	13	13	13	11	17	14	12	13	12	12	11	10	13	9	13	11	11	10	13	13	17	13	12	15	11	13	9	11	12	12	12	16	14	8
	14	18	20	16	15	13	13	11	13	11	20	17	17	17	12	11	14	16	11	11	13	15	14	16	15	15	17	15	13	15	15	14	16	16	14	19	18	13	12	12	13	15	16	14	13	15	13	16	12	13	17	16	16	12	13	14	16	15	11	9	11	14	16	12	10	11	13	13	13	11	17	14	12	13	12	12	11	10	13	9	13	11	11	10	13	13	17	13	12	15	11	13	10	11	12	12	12	16	14	8
	14	19	20	16	15	13	13	11	13	11	20	18	17	18	12	11	14	16	11	11	13	15	14	16	15	16	17	16	13	15	16	14	16	17	14	19	19	13	12	13	13	15	16	14	13	15	13	16	12	13	17	16	16	12	13	14	16	15	11	9	11	14	16	12	10	11	13	13	13	11	17	14	12	13	12	12	11	10	13	9	13	11	11	10	13	13	17	13	12	15	11	13	10	12	12	12	12	16	14	8
	15	19	20	16	15	13	13	11	13	11	20	18	17	18	13	11	14	16	11	11	14	16	14	17	16	16	17	16	13	15	16	14	16	17	14	20	19	14	12	13	13	15	16	14	13	15	13	16	12	14	17	16	16	12	13	14	16	15	11	9	11	14	16	12	10	11	13	13	13	11	17	14	12	13	12	12	11	10	13	9	13	11	11	10	13	13	17	13	12	15	11	13	10	12	13	12	12	16	14	8
	15	20	20	16	16	13	13	11	13	11	21	18	17	18	13	11	14	16	11	11	14	16	15	17	16	16	17	16	14	15	16	14	17	17	15	20	19	14	12	13	13	15	16	14	13	15	14	16	13	14	17	16	16	12	13	14	16	15	11	9	11	14	16	12	10	11	13	13	13	11	17	14	12	13	12	12	11	10	13	9	13	11	11	10	13	14	17	13	12	15	11	13	10	12	13	12	12	16	14	8
	15	20	21	17	16	13	13	11	13	11	21	19	17	18	13	11	14	16	11	11	14	16	15	17	16	16	17	16	14	15	16	15	17	17	15	20	19	15	13	13	13	15	17	14	13	16	14	16	13	14	17	16	16	12	13	14	17	15	11	9	11	14	16	12	10	11	13	13	13	11	17	14	12	13	12	12	11	10	13	9	13	11	11	10	13	14	18	13	12	15	11	13	10	12	13	12	12	16	14	8
	15	20	21	17	16	13	13	11	13	11	21	19	18	19	13	11	14	16	11	11	14	16	16	17	16	16	17	16	14	15	16	15	17	17	15	20	19	15	13	14	13	16	17	14	14	16	14	17	13	14	17	17	16	12	13	15	17	15	11	9	11	14	16	12	10	11	13	13	13	11	17	14	12	13	12	13	11	10	13	9	13	11	11	10	13	14	18	13	12	15	11	13	10	12	13	12	12	16	14	8
	15	20	21	17	16	13	13	11	13	11	21	19	18	19	14	11	14	16	11	11	14	16	16	18	16	16	17	16	14	16	16	16	17	17	15	20	19	15	13	14	14	16	17	14	14	16	15	17	13	14	18	17	16	13	13	15	17	15	11	9	11	14	16	12	10	12	14	13	13	11	17	14	12	13	12	13	11	10	13	9	13	11	11	10	13	14	18	13	12	15	11	13	10	12	13	12	12	16	14	8
	15	20	21	17	16	14	13	11	13	11	21	19	18	19	14	11	14	16	12	11	14	16	16	18	16	16	17	16	14	16	17	16	18	18	15	20	19	15	13	14	14	16	17	14	14	16	15	17	13	14	18	17	16	13	14	15	18	15	11	9	12	14	16	12	10	12	14	13	13	11	17	14	12	13	13	13	12	10	13	9	13	11	11	10	13	14	18	13	12	15	11	13	10	12	13	12	12	16	14	8
	15	20	21	17	16	14	14	11	14	11	21	19	18	19	14	11	14	16	12	11	15	16	16	18	16	16	17	16	14	16	17	16	18	18	16	20	19	15	13	14	14	16	18	14	14	16	15	17	13	14	18	17	16	13	14	16	18	15	11	9	12	14	16	12	11	13	14	13	13	11	18	14	12	13	13	13	12	11	13	9	13	11	11	10	13	14	18	13	12	15	11	13	10	12	13	12	12	16	14	8
	15	20	21	17	16	14	14	12	14	11	22	19	18	19	14	12	14	16	12	11	15	16	16	18	16	16	17	16	14	16	17	16	18	18	16	20	19	15	13	14	14	16	18	14	15	16	15	17	13	14	18	18	16	13	14	16	18	15	11	9	12	14	16	12	11	13	15	13	13	11	18	14	12	14	13	14	12	11	13	9	13	12	11	10	13	14	18	13	13	15	11	13	10	12	13	12	12	16	14	8
	16	20	21	17	16	14	15	12	14	11	22	19	18	19	14	12	15	16	12	11	15	16	16	18	16	16	17	16	14	16	17	16	18	18	16	20	19	15	13	14	14	16	18	14	15	17	15	17	13	14	19	18	16	13	14	16	18	15	11	9	12	14	16	12	11	13	15	14	13	11	18	14	12	14	13	14	13	11	13	9	13	12	12	10	14	14	18	13	13	16	11	13	10	12	13	12	12	16	14	8
	16	21	21	17	16	15	15	12	14	11	22	19	18	19	14	12	15	16	12	11	15	16	16	18	16	16	18	16	14	16	17	16	18	18	16	20	19	15	13	14	15	16	18	14	15	17	15	17	13	14	19	18	16	13	15	16	18	15	11	9	12	14	16	12	11	13	15	14	13	11	18	14	12	14	13	14	13	12	13	10	13	12	12	11	14	14	18	14	13	16	11	13	11	12	13	12	12	16	14	8
	16	21	22	17	17	15	15	12	14	11	22	19	18	19	14	12	15	16	12	11	15	16	16	18	16	16	18	16	14	16	17	16	18	18	16	21	19	15	13	14	15	17	18	14	15	17	15	17	13	14	19	18	16	13	15	17	18	15	11	9	12	14	16	12	11	13	15	14	13	11	18	14	13	14	13	14	13	12	14	10	13	12	12	11	14	14	18	14	14	16	11	14	11	12	13	12	12	17	14	8
	16	21	22	18	17	15	15	12	14	11	22	19	19	19	14	12	15	16	12	11	15	16	16	18	16	16	18	16	14	16	18	16	18	18	17	21	19	15	13	14	15	17	18	14	15	17	15	17	13	14	19	18	16	13	15	17	18	15	11	9	12	14	17	12	11	14	15	14	14	11	18	14	13	14	13	14	13	12	14	10	13	12	12	11	14	14	18	14	14	16	12	14	11	12	13	12	13	17	15	8
	16	21	22	18	17	15	15	12	14	11	22	19	19	20	14	12	15	16	12	11	16	16	16	19	16	16	18	16	14	16	18	16	18	18	17	21	19	15	13	14	15	17	18	14	16	17	15	17	13	14	19	18	16	13	15	17	18	15	12	9	12	14	17	12	12	14	15	14	14	11	18	15	13	14	13	14	13	12	14	10	14	12	12	11	14	14	18	14	14	16	12	14	11	12	13	13	13	17	15	9
	16	21	22	18	17	15	15	12	14	11	22	19	19	20	14	12	15	16	12	11	16	17	16	19	17	16	18	16	14	16	18	16	18	19	17	21	19	15	13	14	15	17	18	14	16	18	15	17	13	14	19	18	16	13	15	17	18	16	12	9	12	15	17	12	12	14	15	14	14	11	19	15	13	14	14	14	13	12	14	10	14	12	12	11	14	14	19	14	14	17	12	14	11	12	13	13	13	17	15	9
	16	21	22	18	17	15	15	12	14	11	23	19	19	20	14	12	15	16	12	11	16	17	16	19	17	16	18	16	14	16	18	16	18	19	18	21	19	15	13	14	15	17	18	14	17	18	15	17	14	14	19	19	16	13	16	17	18	16	12	9	13	15	17	12	12	14	15	14	14	11	19	15	13	14	14	15	13	12	14	11	14	12	12	11	14	15	19	14	14	17	12	14	11	12	13	13	13	17	15	9
	17	21	22	18	17	15	15	12	14	11	23	19	19	20	14	12	15	16	12	11	16	17	16	19	17	16	18	16	14	16	18	16	18	19	18	21	19	15	13	14	15	17	18	14	17	19	15	17	14	15	20	19	17	14	16	18	18	16	12	9	13	15	17	12	12	14	16	14	14	12	19	15	13	14	14	15	13	12	14	11	14	12	12	11	15	15	19	14	14	17	12	14	11	12	13	13	13	17	15	9
	17	22	22	18	17	15	15	12	14	11	23	19	19	20	14	12	15	16	12	11	16	17	16	19	17	16	18	16	14	16	18	16	18	19	18	21	19	15	13	15	15	17	18	15	17	19	16	17	14	15	20	20	17	14	16	18	19	16	13	9	13	15	17	13	12	15	16	14	14	12	19	15	13	15	14	15	13	12	14	11	14	12	12	11	15	15	19	14	14	17	12	14	11	12	13	13	13	17	15	9
	17	22	23	18	17	15	15	12	14	11	23	19	19	20	14	12	15	16	12	11	16	17	16	19	17	16	18	16	14	17	18	16	19	19	18	21	20	15	13	15	15	17	18	15	17	19	16	18	14	15	20	20	18	14	16	18	19	17	13	9	13	15	18	13	13	15	16	14	14	12	19	15	13	15	14	15	13	12	14	11	14	12	12	12	15	15	19	14	14	17	12	14	11	12	13	13	13	17	15	9
	17	22	23	19	17	15	15	12	14	11	23	19	19	20	14	12	15	16	13	11	16	17	16	19	17	16	18	17	14	17	18	17	19	19	18	21	20	15	13	15	15	17	18	16	17	19	16	18	15	15	20	20	18	14	16	18	19	17	13	9	13	15	18	14	13	15	16	14	15	12	19	15	14	15	14	15	13	12	14	11	14	12	12	12	15	15	19	14	14	17	12	14	11	13	13	13	13	17	15	9
	17	22	23	19	18	15	15	12	15	11	23	19	19	20	14	12	15	17	13	11	16	18	16	19	17	16	18	17	14	17	18	17	19	19	18	21	20	15	13	15	15	17	19	16	17	19	16	18	15	16	20	20	18	15	16	18	19	17	13	9	13	15	18	14	13	15	16	15	15	12	19	15	14	15	14	15	13	12	14	11	14	12	13	12	15	15	19	14	14	17	12	14	11	13	14	13	13	17	15	9
	17	22	23	19	18	16	15	12	15	12	23	20	19	20	14	12	15	17	13	11	16	18	16	19	17	16	18	17	15	17	18	17	19	19	18	21	20	15	13	16	15	18	19	17	17	19	16	18	15	16	20	20	18	15	16	18	19	17	13	9	13	15	18	14	13	15	16	15	15	12	19	15	14	15	14	15	14	12	14	11	14	13	13	12	15	15	19	14	14	17	12	14	11	13	14	14	13	17	15	9
	17	22	23	19	18	16	16	12	15	12	23	20	19	20	14	12	15	17	13	12	16	18	17	19	17	16	18	17	15	18	18	18	19	19	18	21	20	15	14	16	15	18	20	17	17	19	16	18	15	16	20	20	18	15	16	18	19	17	13	9	13	15	18	14	13	15	16	15	15	12	19	15	14	15	14	15	14	12	14	11	14	13	13	12	15	15	20	14	14	17	12	15	11	13	14	14	14	17	15	9
	17	22	23	19	18	16	16	13	15	12	23	20	20	20	14	12	15	17	14	12	16	18	17	19	17	16	18	17	15	18	19	18	20	19	18	21	20	16	14	17	15	18	20	17	17	19	16	18	15	16	20	20	18	15	16	18	19	17	13	9	13	15	18	14	13	15	16	15	15	12	19	15	14	15	14	15	14	12	14	11	14	13	13	12	15	15	20	15	14	17	12	15	12	13	14	14	14	18	15	9
	17	22	24	19	18	16	16	13	16	12	23	20	20	20	14	12	15	18	14	12	16	18	18	19	17	16	18	17	15	18	19	18	20	19	18	21	21	16	14	17	16	18	20	17	17	19	16	18	15	17	20	20	18	15	16	18	19	17	13	9	13	15	18	14	13	15	16	15	15	12	19	15	14	15	14	15	14	13	14	11	14	13	13	12	15	15	20	15	15	17	12	15	12	14	14	14	14	18	15	9
	17	23	24	19	18	16	16	13	16	13	23	20	20	20	14	12	16	18	14	12	16	19	18	19	17	16	18	17	15	18	19	18	20	19	18	22	21	16	14	17	16	18	20	17	17	19	16	18	15	17	21	20	18	15	16	18	19	17	13	10	13	15	18	14	13	15	16	15	15	12	19	15	14	15	14	15	14	13	15	11	14	13	13	12	15	15	20	15	15	17	12	15	12	14	15	14	14	18	16	9
	17	23	24	19	18	16	16	13	16	13	24	21	20	20	14	13	16	18	14	13	16	19	18	19	17	17	18	17	15	18	19	18	20	19	18	22	21	16	14	17	16	18	20	17	17	19	16	18	15	17	21	20	18	15	16	18	19	17	13	10	13	16	18	14	13	15	16	15	15	13	19	15	14	15	14	15	14	13	15	11	14	13	13	12	15	15	20	15	15	18	12	15	12	14	15	15	14	18	16	10
	17	23	24	19	18	16	16	13	16	13	24	21	21	20	15	13	16	18	14	13	17	19	18	19	17	17	19	17	15	19	19	18	20	19	18	22	21	16	14	17	16	18	20	17	17	19	16	18	15	17	21	20	18	15	16	18	19	17	13	10	13	16	18	14	13	15	16	15	15	13	19	16	14	15	14	15	14	13	16	12	14	13	13	12	15	15	21	15	15	18	12	15	12	14	15	15	14	18	17	10
	17	23	24	20	18	16	16	13	16	13	24	21	21	21	15	13	16	18	14	13	17	19	18	19	17	17	19	18	15	19	20	18	20	19	18	22	21	16	14	18	16	18	20	17	17	19	16	18	15	17	21	20	18	15	16	18	19	17	13	10	13	16	18	14	13	15	16	15	16	14	19	16	14	15	14	15	15	13	16	12	14	14	13	12	15	15	21	15	15	18	12	15	12	14	15	15	14	19	17	10
	17	23	24	20	19	16	16	13	16	13	24	21	21	21	15	13	16	18	14	13	17	19	18	20	17	17	19	18	16	19	20	18	20	19	18	22	21	16	14	18	17	18	20	17	17	19	16	18	15	18	21	20	18	15	16	18	19	18	14	10	13	16	18	14	13	15	16	16	16	14	19	16	14	15	14	15	15	13	16	12	14	14	14	12	15	15	21	15	15	18	12	15	12	14	15	15	15	19	17	10
	17	23	24	20	19	17	16	13	16	13	24	21	21	21	15	13	16	18	14	13	17	19	18	20	18	17	19	18	16	20	20	18	20	19	18	22	21	16	15	18	17	18	20	17	17	19	16	18	16	18	22	20	18	15	16	18	20	18	14	10	13	16	18	14	13	15	17	16	16	14	19	16	14	15	14	15	15	13	16	12	14	14	14	13	15	15	22	15	15	18	12	15	12	14	15	15	15	19	17	10
	17	23	24	20	19	17	17	13	16	13	24	21	21	21	15	13	16	18	15	13	17	19	18	20	18	17	19	18	16	20	20	18	20	20	18	22	21	17	15	19	17	18	20	17	17	19	17	18	16	18	22	20	18	15	16	19	20	18	14	10	13	17	18	14	13	15	17	16	16	14	19	16	14	15	14	16	15	13	16	12	14	14	14	13	15	15	22	15	15	18	12	15	12	15	15	15	15	19	17	10
	17	23	24	20	19	17	17	14	17	13	24	21	21	21	15	13	16	18	15	13	17	19	18	20	18	17	19	18	16	20	20	18	20	20	18	23	22	17	15	19	17	18	20	17	18	19	17	18	16	19	22	20	18	15	17	19	20	18	14	10	13	17	18	14	13	16	17	16	16	14	19	17	14	15	14	16	15	13	16	12	14	14	14	13	15	15	22	15	15	18	12	15	13	15	15	15	15	19	17	10
	17	23	24	20	19	17	17	14	17	13	24	21	21	21	15	13	17	19	15	13	17	19	18	20	18	18	20	18	16	20	20	18	20	20	19	23	22	17	15	19	17	18	20	17	18	20	17	18	16	19	22	20	18	15	17	19	20	18	14	11	13	17	18	14	13	16	17	16	16	14	19	17	14	15	15	16	15	13	16	12	14	15	14	13	15	15	22	15	15	18	12	16	13	15	15	15	15	19	17	10
	17	23	24	20	19	17	18	14	17	13	24	21	21	21	16	14	17	19	15	13	17	19	18	20	19	18	20	19	16	20	20	18	20	20	19	24	22	17	15	19	17	18	20	17	18	20	17	18	16	19	22	20	18	15	17	19	20	18	14	11	13	17	18	14	13	16	17	16	16	15	19	17	14	15	15	16	15	13	16	12	15	15	14	13	15	16	22	15	15	18	13	16	13	15	15	15	15	19	17	10
	17	23	24	20	20	18	18	15	17	13	24	21	21	22	16	14	17	19	15	13	17	19	18	20	19	18	21	19	17	20	20	18	20	20	19	24	22	17	15	19	17	18	20	17	18	20	17	18	16	19	22	20	18	15	17	19	20	18	14	11	13	17	18	14	13	16	17	16	16	15	20	17	14	15	15	16	15	13	17	12	15	16	14	13	16	16	22	15	15	18	13	16	13	15	15	15	15	19	17	10
	17	23	24	21	20	18	18	15	18	13	24	21	22	22	17	14	17	19	15	13	17	19	18	20	19	18	21	20	17	21	20	18	20	20	19	24	22	17	15	19	17	18	20	17	18	20	17	18	16	19	22	20	18	15	17	19	20	18	14	11	14	17	18	14	13	16	17	16	16	15	20	17	14	16	15	16	15	13	17	12	15	16	15	13	16	16	22	15	16	18	13	16	13	15	15	15	15	19	17	10
	17	23	25	21	20	18	18	15	18	14	24	21	22	23	17	14	17	19	15	13	17	19	19	20	19	18	21	20	18	21	20	18	20	20	19	24	22	17	15	20	17	18	20	17	18	20	17	18	16	19	23	20	18	15	17	19	20	18	14	11	14	17	18	14	14	16	17	16	16	15	20	17	15	16	15	16	15	13	17	12	15	16	15	13	16	16	22	15	16	18	13	16	13	15	15	15	15	20	17	10
	17	24	25	21	20	18	18	15	18	14	24	21	23	23	17	14	17	19	15	14	17	19	19	20	19	18	21	20	18	21	20	19	20	20	19	24	22	17	16	20	17	18	20	17	18	20	17	18	16	20	23	21	18	16	17	19	20	18	14	11	14	17	18	14	14	16	17	16	16	15	20	17	15	17	15	16	15	13	17	12	15	16	15	13	16	16	22	15	16	18	13	16	13	15	15	15	16	20	17	10
	18	24	25	21	20	18	18	15	18	14	24	21	23	23	17	14	17	19	15	14	17	19	20	20	19	18	21	20	18	22	21	19	20	20	19	24	22	17	16	20	17	18	20	18	18	20	17	18	17	20	23	21	19	16	17	19	20	18	14	12	14	17	18	14	15	16	17	16	16	15	20	17	15	17	15	16	15	13	17	12	15	16	15	13	16	16	23	15	16	18	13	16	13	15	15	15	16	20	17	10
	18	24	25	21	20	18	18	15	18	14	25	21	23	23	17	14	17	19	15	14	18	19	20	20	19	18	21	20	18	22	21	20	20	21	19	24	22	17	16	21	17	18	20	18	18	20	17	19	17	20	23	21	19	16	18	19	20	18	14	12	14	17	19	14	15	16	17	16	16	16	20	17	15	17	15	17	15	13	17	12	15	16	15	13	16	16	23	15	16	18	13	16	13	15	15	15	16	20	17	10
	18	24	25	21	20	18	18	15	18	14	25	22	23	23	17	14	17	19	15	14	18	20	20	21	19	18	21	20	18	22	22	20	20	21	19	24	22	17	16	21	17	18	20	18	19	20	17	19	17	21	23	21	19	16	18	19	20	19	14	12	14	17	19	14	15	17	17	16	16	16	20	17	16	17	15	17	15	13	18	12	15	16	15	13	16	16	23	15	16	18	13	16	13	15	15	15	16	20	17	10
	18	24	26	21	20	18	18	15	18	14	25	22	23	24	17	14	17	19	15	14	18	20	21	21	19	18	21	20	18	22	22	20	20	22	19	24	22	17	16	21	18	18	20	18	19	20	17	19	17	21	23	21	19	16	19	19	20	19	14	13	14	17	19	15	15	17	17	16	17	16	20	17	16	17	15	17	15	13	18	12	15	16	15	13	16	16	23	15	17	18	13	16	13	15	15	15	16	20	17	10
	18	24	26	22	21	18	18	15	18	14	25	22	23	24	17	14	17	19	15	14	18	20	21	22	19	18	21	20	18	22	22	20	21	22	19	24	22	17	16	21	18	19	20	18	20	20	17	19	17	21	23	21	19	16	19	19	20	19	14	13	14	17	19	15	15	17	17	16	17	17	20	17	16	18	15	17	15	14	18	12	15	16	15	13	16	16	23	15	17	18	13	16	13	15	15	15	16	21	17	10
	18	24	26	22	21	19	18	15	18	14	25	22	24	24	17	14	17	19	15	14	18	20	21	22	20	18	21	20	18	22	22	20	21	23	19	24	22	17	16	21	18	19	21	19	20	20	17	19	17	21	23	21	19	16	19	19	20	19	14	13	14	17	19	15	15	17	17	16	17	17	20	17	16	18	15	17	15	14	19	12	15	16	15	14	16	16	23	16	17	18	13	16	13	15	15	15	16	21	18	10
	18	24	26	22	21	19	19	15	18	14	25	22	24	24	17	14	17	19	15	14	18	20	22	22	20	19	21	20	18	22	22	20	21	23	20	24	22	17	16	21	18	19	21	19	20	20	17	19	17	21	23	22	20	16	19	19	20	19	14	13	14	17	19	15	15	17	17	16	17	17	20	17	16	18	15	17	15	15	19	12	15	16	16	14	16	16	24	16	17	19	13	16	13	15	15	15	16	21	18	10
	18	24	26	22	21	19	19	16	18	14	25	22	24	24	17	14	17	19	15	14	18	20	22	22	20	19	22	20	18	22	22	20	22	23	20	25	22	17	16	21	18	19	21	19	20	20	17	19	17	21	23	22	20	16	19	19	20	19	14	13	14	17	20	16	15	17	17	16	17	17	20	18	16	18	15	17	15	15	19	12	15	16	16	14	16	17	24	17	17	19	13	16	13	15	15	15	16	21	18	11
	18	24	26	22	21	19	19	16	19	14	25	22	24	24	17	14	17	19	15	14	18	20	22	22	20	19	22	21	18	22	22	20	22	23	20	25	22	17	16	21	18	19	22	19	20	20	18	19	17	21	23	22	20	17	19	19	20	19	14	13	14	18	20	16	15	17	17	16	17	17	20	18	16	18	16	17	15	15	19	12	15	17	16	14	16	17	25	17	17	19	13	16	13	15	15	15	16	21	19	11
	18	24	26	22	21	19	19	16	19	15	25	22	24	24	17	14	17	19	15	14	18	20	22	22	20	19	22	21	19	22	22	20	22	23	20	25	22	17	16	21	18	20	22	19	20	20	18	20	17	21	23	22	20	17	19	19	20	19	14	13	14	18	20	16	16	17	17	16	17	17	21	18	16	19	16	17	15	15	19	12	15	17	16	14	16	18	25	17	17	19	13	17	13	15	15	15	16	22	19	11
	18	24	26	22	21	19	19	16	19	15	25	22	24	24	17	14	17	19	15	15	18	20	22	22	20	19	22	21	19	23	22	20	22	23	20	25	22	17	16	21	19	20	22	19	20	20	18	20	17	21	23	22	20	17	19	19	20	20	14	13	14	18	20	16	16	18	17	16	17	17	21	18	16	19	17	17	15	15	19	12	16	17	16	14	17	18	25	18	17	19	13	17	14	15	15	15	16	22	19	11
	18	24	26	22	21	19	19	16	19	15	25	22	24	24	17	14	17	19	16	15	18	20	22	22	20	19	22	21	19	23	22	20	22	23	20	25	22	17	16	22	19	20	22	19	20	20	18	20	17	21	24	22	20	17	19	19	20	20	14	13	14	18	20	16	16	18	18	17	17	17	21	18	16	19	17	18	16	15	19	12	16	17	16	14	17	18	25	18	17	19	14	17	14	16	16	15	16	22	19	11
	18	24	26	22	21	19	19	16	19	15	25	22	24	24	17	14	17	20	16	15	18	20	22	22	20	19	22	21	19	23	22	20	22	23	20	25	22	17	17	22	19	20	22	19	20	20	18	20	17	21	24	22	20	17	19	20	21	20	14	13	14	19	20	16	16	18	18	17	17	17	21	18	16	19	17	18	16	15	19	12	16	17	16	15	17	19	26	18	17	19	14	18	14	16	16	16	16	22	19	11
	18	24	26	22	21	19	19	16	19	15	25	22	24	24	17	14	18	20	16	15	18	20	22	22	20	19	22	21	19	23	22	20	22	23	20	25	22	18	17	22	19	20	22	19	20	21	19	20	17	21	24	22	20	17	19	20	21	20	14	13	14	19	21	16	16	18	18	17	17	17	21	18	17	19	17	18	16	15	19	12	16	17	16	15	18	19	26	19	17	19	14	18	15	16	16	16	17	22	19	11
	18	24	26	22	21	19	19	16	19	15	25	22	24	24	17	15	18	20	16	15	18	20	22	22	20	19	22	21	19	23	22	20	22	23	20	26	23	18	17	22	19	20	22	19	20	21	19	21	17	21	24	22	21	17	19	20	21	20	14	13	14	19	21	16	16	18	18	17	17	17	21	18	17	19	17	18	16	15	19	12	16	17	17	16	18	19	26	19	18	19	14	18	15	17	16	16	17	23	19	11
	18	24	26	22	21	19	19	16	19	15	25	22	24	24	18	15	18	20	16	15	18	20	22	22	20	20	23	21	19	23	22	20	22	23	20	26	23	18	17	22	19	20	22	20	20	21	19	21	18	21	24	22	21	17	19	20	21	20	14	13	14	19	21	16	16	18	18	17	17	17	21	19	17	20	17	18	16	15	20	12	16	17	17	16	18	19	26	19	18	19	14	18	15	17	17	16	17	23	20	11
	18	24	26	22	21	19	19	16	19	15	25	22	24	25	18	15	18	20	16	15	18	20	22	22	21	20	23	22	19	23	22	20	22	23	20	26	23	18	17	22	19	20	22	20	21	21	19	21	18	21	24	22	21	17	19	20	21	20	15	13	14	19	21	17	16	18	18	17	17	17	21	19	17	20	17	18	16	15	20	13	16	18	17	16	18	19	26	19	18	20	14	18	15	17	17	17	17	23	20	11
	18	24	26	22	21	19	19	16	19	15	25	22	25	25	18	15	18	20	16	15	18	20	22	23	21	20	23	22	20	23	22	20	22	23	21	26	23	18	17	22	19	20	22	20	21	21	19	21	18	22	24	22	22	17	19	20	21	20	15	13	14	19	21	17	16	18	18	17	17	18	22	19	17	20	17	18	16	15	20	13	16	18	17	16	18	19	26	19	18	20	14	18	15	17	17	17	18	23	20	12
	18	24	26	22	21	19	19	16	19	15	25	23	25	25	18	15	18	20	16	15	18	20	23	23	22	20	23	22	20	24	22	20	22	23	21	26	23	18	17	22	19	20	22	21	21	21	19	21	18	22	24	22	22	17	19	20	21	20	16	14	15	19	21	17	16	18	18	17	17	18	22	19	17	20	17	18	16	15	20	13	16	18	17	16	18	19	26	19	18	20	14	18	15	17	17	17	18	24	21	12
	18	25	26	22	21	19	19	16	19	15	25	23	25	25	19	15	18	20	16	15	18	20	23	23	22	20	23	22	20	24	22	21	22	23	21	26	23	18	17	23	19	20	22	21	22	21	19	21	18	22	25	22	22	17	19	20	21	20	16	14	15	19	21	17	16	18	18	17	18	19	22	19	17	20	17	18	16	15	20	13	16	18	17	16	18	19	26	20	19	20	14	18	15	17	17	17	18	24	21	12
	19	25	26	22	21	20	19	16	19	15	25	23	25	25	19	15	18	20	16	15	18	21	23	23	22	20	23	22	20	24	22	21	22	23	21	26	23	18	17	23	19	20	22	21	22	22	19	21	18	23	25	23	22	17	19	20	21	21	16	14	15	19	21	17	16	18	18	17	18	19	22	19	17	20	17	18	16	16	21	13	16	18	17	16	18	19	27	20	19	20	14	18	15	17	17	17	18	24	21	12
	19	25	26	22	21	20	20	16	19	15	26	23	25	25	19	15	18	20	16	15	19	21	23	23	22	20	23	22	20	24	22	21	22	23	21	27	23	18	17	23	19	20	22	21	22	22	19	21	18	23	25	23	23	17	19	20	22	21	17	14	15	19	21	17	16	18	18	18	18	19	22	19	17	20	17	18	17	16	21	14	16	18	17	16	18	19	27	20	19	20	14	18	15	17	17	17	18	24	21	12
	19	25	26	22	21	20	20	17	19	15	26	24	25	25	19	15	18	20	16	15	19	21	23	23	22	20	23	22	20	24	23	21	22	23	21	27	24	18	17	23	19	20	22	22	22	22	19	21	19	23	25	23	23	17	19	21	22	21	17	14	15	19	21	17	16	18	19	18	19	19	22	19	17	20	17	18	17	16	21	14	16	18	17	16	18	19	27	20	19	21	14	18	15	17	17	17	18	24	21	12
	19	25	27	22	21	20	20	17	20	15	26	24	25	25	19	15	18	20	16	15	19	21	23	23	22	20	23	23	20	24	23	21	22	23	21	27	24	18	17	23	20	20	22	22	23	22	19	21	19	23	25	23	23	17	20	21	22	22	18	14	15	19	21	17	16	19	19	18	19	19	22	19	17	20	17	18	17	16	21	14	16	18	17	16	18	19	27	20	19	21	14	18	15	17	17	17	18	24	21	13
	19	25	27	23	21	20	20	17	20	16	26	24	25	25	19	15	19	20	16	15	19	21	23	23	22	20	23	23	20	24	23	21	22	24	21	27	24	18	17	23	20	20	22	22	23	22	19	22	19	23	26	23	23	18	20	21	22	22	18	15	15	19	21	17	17	19	19	18	19	19	22	19	17	20	17	18	17	16	21	14	16	18	17	16	18	19	27	20	19	21	14	18	15	17	17	17	18	24	22	13
