	0	0	0	0	0	0	0	0	0	0	0	0	0	0	0	0	1	0	0	0	0	1	0	0	1	0	0	0	0	0	0	0	0	1	0	0	0	0	0	0	0	0	0	0	0	0	0	0	0	1	0	0	2	0	0	0	0	0	1	0	0	0	0	0	0	1	0	0	0	0	0	0	0	0	0	0	0	0	0	0	0	0	0	0	0	0	0	0	0	0	0	0	1	0	0	0	0	0	0	0
	0	0	0	0	0	0	1	0	0	0	1	0	0	1	0	0	1	0	0	0	0	1	0	1	1	0	0	0	0	0	0	0	0	1	0	0	0	0	1	0	0	0	1	1	0	0	0	0	1	1	0	0	2	0	0	1	0	0	1	0	0	0	0	0	0	1	0	0	0	0	0	0	0	0	0	0	0	0	0	0	0	0	0	1	0	0	0	0	0	0	0	0	1	0	0	0	0	0	0	0
	1	0	0	1	0	1	1	0	0	0	1	0	1	1	0	0	1	0	0	0	0	1	0	1	1	0	0	0	1	0	0	1	1	1	0	0	0	1	1	0	0	0	1	1	0	1	0	0	1	1	0	0	2	0	0	1	0	0	1	0	0	0	0	0	0	1	0	0	0	0	0	0	1	0	0	0	0	0	0	0	0	0	0	1	0	0	0	0	0	0	0	0	1	0	0	0	0	0	0	0
	1	1	1	1	1	1	1	0	0	0	1	1	1	1	0	0	1	1	0	0	0	2	1	1	1	0	0	1	1	0	0	1	1	1	1	0	0	1	1	0	0	0	1	1	0	1	0	0	1	1	0	0	2	0	0	1	0	0	1	0	0	0	1	0	0	1	0	0	0	0	0	0	1	0	0	0	0	0	0	0	0	0	0	1	0	0	0	0	0	0	0	0	1	0	0	0	0	0	0	0
	2	1	1	2	1	1	1	1	0	0	2	1	1	2	0	0	2	1	0	0	1	2	1	2	2	0	0	1	1	0	0	1	1	1	1	0	0	1	1	0	0	0	1	1	0	1	0	0	1	1	0	1	2	0	0	1	0	0	1	0	0	0	1	0	0	1	0	0	0	0	0	0	1	0	0	0	0	0	0	0	0	0	0	1	0	0	0	0	0	0	0	0	1	0	0	0	0	0	0	0
	2	2	1	2	1	1	2	1	0	0	2	1	2	2	1	1	2	1	0	0	1	3	1	2	2	1	0	1	1	0	1	1	1	2	1	0	0	1	1	0	0	1	1	1	0	1	0	0	1	1	0	1	2	0	0	1	0	0	1	0	0	0	1	0	0	1	0	0	0	0	0	0	1	0	0	0	0	0	0	0	0	0	0	1	0	0	0	0	0	0	0	0	1	0	0	0	0	0	0	0
	2	2	2	2	2	2	2	1	0	0	2	1	2	2	1	1	2	1	0	0	2	3	2	2	2	1	1	1	1	0	1	2	1	2	1	1	0	1	1	0	1	1	1	1	1	1	0	0	1	1	0	1	2	0	0	1	0	0	1	0	0	0	1	0	0	1	0	0	0	0	0	0	1	0	0	0	0	0	0	0	0	0	0	1	0	0	0	0	0	0	0	0	1	0	0	0	0	0	0	0
	2	2	2	3	2	2	2	1	0	0	3	1	2	3	1	2	2	1	0	0	2	3	2	3	2	1	1	1	1	0	1	2	1	2	1	1	1	1	1	0	1	2	1	1	1	1	1	0	1	1	1	1	2	1	0	1	0	0	1	0	0	0	1	0	0	1	0	0	0	0	0	0	1	0	0	0	0	0	0	0	0	0	0	1	0	0	0	0	0	0	0	0	1	0	0	0	0	0	0	0
	2	2	2	3	2	2	2	1	0	0	3	2	3	3	1	2	2	1	0	0	2	3	2	3	3	1	2	1	1	0	1	2	1	3	1	1	1	1	1	0	1	2	2	1	1	1	1	1	1	1	1	1	2	1	0	1	1	0	1	0	0	1	1	0	1	1	0	0	0	0	0	0	1	0	0	0	0	0	0	0	0	0	0	1	0	0	0	0	0	0	0	0	1	0	0	0	0	0	0	0
	2	3	2	3	2	2	2	1	0	0	3	2	3	3	1	2	2	1	0	0	2	3	3	3	3	1	2	1	1	0	1	2	1	3	2	2	1	1	1	0	1	2	2	1	2	1	1	1	1	1	1	1	3	1	0	1	1	1	1	0	0	1	1	0	1	1	1	0	0	0	0	1	1	1	0	0	0	0	0	0	0	0	0	1	0	0	0	0	0	0	0	0	1	0	0	0	0	0	0	0
	3	3	2	3	2	2	2	1	0	0	3	2	3	3	1	2	2	1	0	0	2	3	3	3	3	1	2	1	1	0	1	2	2	3	2	2	2	1	1	0	1	2	2	1	2	2	1	1	1	1	1	1	3	2	0	1	1	1	1	0	0	1	1	1	1	1	1	1	0	0	0	1	2	1	0	1	0	0	0	0	0	0	1	1	0	0	0	0	0	0	0	0	1	0	0	0	0	0	0	0
	3	3	2	3	2	2	2	1	0	0	4	2	3	3	1	2	2	1	0	0	2	3	3	3	3	1	2	1	1	0	1	2	2	4	2	2	2	1	1	0	1	2	2	1	2	2	2	1	1	1	1	1	3	2	1	1	1	1	1	0	0	1	2	1	2	1	2	1	0	0	0	2	2	1	1	1	0	0	0	0	0	0	1	2	0	0	0	0	0	0	0	0	1	0	0	0	0	0	0	0
	3	3	2	3	2	2	2	1	0	0	4	2	3	3	1	2	2	1	0	0	2	4	3	3	3	1	2	1	1	0	1	2	2	4	2	2	2	1	1	0	1	2	2	1	3	2	2	2	1	1	1	2	3	2	1	1	1	1	1	0	0	1	2	1	2	2	2	1	0	0	1	2	2	2	1	2	0	0	0	0	0	0	1	2	1	1	0	0	0	0	0	0	1	0	0	0	0	0	0	0
	3	3	2	3	2	2	2	1	0	0	4	2	3	3	1	2	2	1	0	0	2	4	3	3	3	1	2	1	1	0	2	2	2	4	2	2	2	1	1	0	1	2	2	1	3	2	2	2	1	1	2	2	3	3	1	1	2	1	1	0	1	1	2	2	2	2	2	1	0	0	1	2	2	2	2	2	1	0	0	0	0	0	1	2	1	1	1	0	0	0	0	0	1	0	1	0	0	0	0	0
	3	3	2	3	2	2	2	1	0	0	4	2	3	3	1	2	2	1	0	0	2	4	3	3	3	1	2	1	1	0	2	2	2	4	2	2	2	1	1	0	2	3	2	2	3	2	2	2	1	1	2	2	3	3	1	1	2	2	1	0	1	2	3	2	2	2	2	1	0	0	1	2	2	2	2	2	1	1	0	0	0	0	1	2	2	1	1	1	0	0	0	0	1	0	1	1	0	0	0	0
	3	3	2	3	2	2	2	1	0	0	4	2	3	3	1	2	2	1	0	0	2	4	3	3	3	1	2	1	1	0	3	3	2	4	2	2	2	1	1	0	2	3	3	2	3	2	2	2	1	1	2	2	4	3	1	1	2	2	1	0	1	2	3	2	2	2	2	2	1	0	1	3	2	2	2	2	1	1	0	0	0	0	1	2	2	2	2	1	1	0	0	0	1	0	1	1	0	0	0	0
	3	3	2	3	2	2	2	1	0	0	4	2	3	3	1	2	2	1	0	0	3	4	4	3	3	1	2	1	1	0	3	3	3	4	2	2	2	1	1	0	2	3	3	2	3	2	2	2	1	1	2	3	4	3	1	1	2	2	1	0	1	2	3	2	2	2	3	2	1	0	1	3	2	2	2	3	2	1	1	0	0	1	1	2	2	2	2	1	1	1	0	0	1	0	1	1	0	0	0	0
	3	3	2	3	2	2	2	1	0	0	5	2	3	3	1	2	2	1	0	0	3	4	4	4	3	1	2	1	1	0	3	3	3	5	2	2	2	1	1	0	2	4	3	2	3	2	2	2	1	1	2	3	4	3	1	2	2	2	1	0	1	2	3	2	2	3	3	2	1	0	1	3	2	2	2	3	2	2	1	1	1	1	1	2	2	2	2	1	1	1	0	0	1	0	1	1	0	0	1	0
	3	3	2	3	2	2	2	1	0	0	5	3	3	4	1	2	2	1	0	0	3	4	4	4	4	1	2	1	1	0	4	3	3	5	2	2	2	1	1	0	2	4	3	2	3	3	2	2	1	1	2	3	4	3	2	2	2	2	1	0	1	2	3	2	2	3	3	2	1	1	2	3	2	2	2	3	2	2	1	1	1	1	1	2	2	2	2	2	1	1	0	0	1	0	1	1	0	1	1	0
	3	3	2	3	2	2	2	1	0	0	5	3	3	4	2	2	2	1	0	0	3	5	5	4	4	2	2	1	1	0	4	3	3	5	2	2	2	1	1	0	2	4	3	2	4	3	3	2	1	1	2	3	4	3	2	2	2	2	1	1	2	2	3	2	2	3	3	2	1	1	2	3	2	2	2	3	2	2	1	1	1	1	1	2	2	2	3	2	1	1	0	0	1	0	1	1	1	1	1	0
	3	3	2	3	2	3	2	1	0	0	5	3	3	4	2	3	2	1	0	0	3	5	5	5	4	2	2	1	1	0	4	4	3	5	2	2	2	1	1	0	2	4	3	2	4	3	3	3	1	2	3	3	4	4	2	2	2	2	1	1	2	2	3	2	2	3	3	2	1	1	2	3	2	2	2	3	2	2	1	1	1	1	1	2	2	3	3	2	1	1	0	0	1	0	1	2	1	1	1	0
	3	3	2	3	2	3	3	1	0	0	5	3	3	5	2	3	3	1	0	0	3	5	5	5	4	2	2	1	1	0	4	4	4	5	2	2	2	1	1	1	3	4	3	2	4	3	3	3	2	2	3	3	4	4	2	2	2	2	1	1	2	2	3	3	2	3	3	2	1	1	2	3	2	2	2	3	2	2	1	1	1	1	1	2	3	3	3	2	1	1	0	0	1	0	2	2	1	1	1	0
	3	3	2	3	2	3	3	2	0	0	5	3	3	5	3	3	3	2	0	0	3	5	5	6	4	2	2	1	1	1	5	4	4	5	2	2	2	1	2	1	3	4	3	2	4	3	3	3	2	2	3	3	4	4	2	2	2	2	1	1	2	2	3	3	2	3	3	2	1	1	2	3	2	3	2	3	2	2	1	1	1	1	1	3	3	3	3	2	1	1	0	0	1	1	2	2	1	1	1	0
	3	3	2	3	2	3	3	2	1	0	5	3	3	6	3	3	3	2	1	0	3	6	5	6	4	3	2	2	2	1	5	4	4	5	2	2	2	1	2	1	3	4	3	2	4	3	3	3	2	2	3	3	4	4	2	2	2	2	1	1	2	2	3	3	2	3	3	2	1	1	2	3	3	3	2	3	2	2	1	1	1	1	1	3	3	3	3	2	1	1	0	0	2	1	3	2	1	1	1	0
	3	3	2	3	2	3	3	2	1	1	5	3	3	6	4	4	3	3	1	0	3	6	5	6	4	3	3	2	2	1	5	5	4	5	2	2	2	2	2	1	3	4	3	2	4	3	3	3	2	2	3	3	4	4	2	2	2	2	1	1	2	2	4	3	2	3	3	2	1	1	2	3	3	3	2	3	2	2	1	1	1	1	1	3	3	4	3	2	1	1	0	1	2	1	3	2	1	1	1	0
	3	3	2	3	2	4	4	2	1	1	5	3	3	6	4	4	3	3	1	1	3	6	5	6	4	3	3	3	2	1	5	5	4	5	2	3	3	2	2	1	3	5	3	2	4	3	3	3	2	2	3	4	4	4	2	2	2	2	1	1	2	2	4	3	2	3	3	2	1	1	2	3	3	3	3	3	2	2	1	1	1	2	1	3	3	4	3	2	1	1	0	1	2	1	3	2	1	1	1	0
	3	3	2	3	3	4	4	2	1	1	5	3	3	6	4	4	4	3	1	1	3	6	5	6	4	3	4	3	2	2	5	5	4	5	3	3	3	2	2	1	3	5	4	2	4	3	3	4	2	2	4	4	4	4	2	2	2	2	1	1	2	2	4	3	3	3	3	2	1	1	3	3	3	3	3	3	2	2	1	1	1	2	1	3	3	4	3	2	1	1	0	1	2	1	3	2	1	1	1	0
	3	3	2	4	3	4	4	3	1	1	5	3	3	6	4	4	4	3	1	1	3	6	5	6	4	3	4	3	2	2	5	5	4	5	3	4	3	2	2	2	3	5	4	3	5	3	3	4	2	2	4	4	4	4	2	2	3	2	1	1	3	3	4	3	3	4	3	2	1	1	3	3	3	3	3	3	2	2	1	1	1	2	1	3	3	4	3	2	1	1	0	1	2	1	3	2	1	1	1	0
	3	3	3	4	3	4	4	3	2	1	5	3	3	6	4	4	4	3	1	1	3	6	5	6	4	3	4	3	2	2	5	5	4	6	4	4	3	2	2	2	3	5	4	3	5	3	3	4	2	3	4	4	5	4	2	2	3	3	1	1	3	3	4	3	3	4	4	2	1	1	4	4	3	3	3	3	2	2	1	1	1	2	1	3	3	4	3	2	1	1	0	1	2	1	3	2	1	1	1	0
	3	3	3	4	3	4	4	3	2	2	5	3	4	6	4	4	4	3	1	1	3	6	5	6	5	3	4	3	2	2	5	5	4	6	4	4	3	2	2	2	3	5	4	3	5	4	3	4	2	3	4	4	5	4	2	2	3	3	2	2	3	3	4	4	3	4	4	2	1	1	4	4	3	3	3	4	2	2	1	1	1	3	2	3	3	4	3	2	1	1	0	1	2	1	3	2	1	1	1	0
	3	3	3	4	3	4	4	3	2	2	5	4	4	6	4	4	4	3	1	2	3	6	5	7	5	3	4	3	2	2	5	5	4	6	4	4	3	2	2	2	3	5	4	3	5	4	3	4	2	3	4	4	5	4	2	3	3	3	2	2	3	3	4	4	3	4	4	2	2	2	4	4	3	4	3	4	2	2	1	1	1	4	2	4	3	5	3	2	1	1	0	1	2	1	3	2	1	1	1	0
	3	4	3	4	3	4	4	3	2	2	5	4	5	6	4	4	4	3	1	2	3	6	5	7	5	3	4	3	2	3	5	5	4	6	4	4	3	2	2	2	3	5	4	3	5	4	3	4	2	3	4	4	5	4	2	3	4	3	2	2	3	3	4	4	3	4	4	2	2	2	4	4	3	5	3	4	2	3	2	1	1	4	3	4	4	5	3	2	1	1	0	1	2	1	4	2	1	1	1	0
	4	4	4	4	3	4	4	3	2	2	5	4	5	6	4	4	4	3	1	2	3	6	5	7	5	3	4	3	2	3	5	5	4	6	4	4	3	2	2	3	3	5	4	3	5	4	3	4	2	3	4	4	5	4	2	3	4	4	2	2	3	3	4	4	3	4	4	3	2	2	4	4	3	5	3	4	2	3	2	1	1	4	3	5	5	5	3	2	2	1	0	1	2	2	4	3	1	1	1	0
	4	5	4	4	3	4	4	3	2	2	6	4	5	6	4	4	4	3	1	2	3	6	5	7	5	3	4	3	2	3	5	5	4	6	4	4	3	2	2	3	3	5	4	3	5	4	3	4	3	4	4	4	5	4	2	3	5	4	2	2	3	3	4	4	3	4	4	3	2	2	4	4	4	5	4	4	2	3	2	1	1	4	3	5	5	5	4	2	2	1	0	1	3	2	4	3	1	2	1	0
	4	5	4	4	3	4	4	3	2	2	6	5	5	6	4	4	4	3	1	2	4	6	5	7	5	3	4	3	2	3	5	5	4	6	4	4	3	3	3	3	3	5	4	3	5	4	4	4	3	4	4	4	5	4	2	3	5	4	2	2	3	3	5	4	4	4	4	3	2	2	4	4	4	5	4	4	3	3	2	1	1	4	3	5	5	5	4	2	2	1	0	2	3	2	4	3	1	2	2	0
	4	5	4	4	3	4	4	3	2	2	6	5	5	6	4	4	4	3	1	2	4	6	6	7	5	3	4	3	3	3	6	5	4	6	4	4	4	3	3	3	3	5	4	3	5	4	4	5	3	4	4	5	5	4	3	3	5	4	2	2	3	3	5	4	4	4	4	4	2	2	4	4	4	5	4	4	3	3	2	1	1	5	3	5	5	5	4	2	2	1	0	2	3	2	4	3	1	2	2	1
	4	5	4	4	3	4	4	3	2	2	6	5	5	6	4	4	4	3	2	2	4	6	6	7	5	3	4	4	3	3	6	5	5	6	4	4	4	3	3	3	4	6	4	3	5	4	4	5	3	4	4	5	5	4	3	4	5	5	2	2	3	3	5	4	4	4	4	4	3	2	5	4	4	5	4	4	3	3	2	1	1	5	3	5	5	5	4	2	2	2	0	2	3	2	4	3	1	2	2	1
	4	5	4	4	3	4	4	3	2	2	6	5	5	6	4	4	4	4	2	2	4	6	6	7	5	3	4	4	4	3	6	6	5	6	4	4	4	3	3	3	4	6	5	3	5	4	4	5	3	4	5	5	5	4	3	4	6	5	3	2	3	3	5	4	4	4	4	4	3	2	5	4	4	5	4	4	3	4	2	2	2	5	3	5	5	5	4	2	2	2	0	2	3	2	4	3	1	2	2	1
	4	5	4	4	3	4	4	3	2	2	6	5	5	6	4	4	5	4	2	2	4	6	6	7	5	3	4	4	4	4	6	6	5	6	4	4	4	3	3	3	4	7	5	4	5	4	4	5	3	4	5	5	5	4	3	4	6	5	3	3	4	3	5	4	4	4	5	4	3	3	5	4	4	5	4	4	3	4	2	2	2	5	3	5	5	5	4	3	2	2	1	2	3	2	4	3	1	2	2	1
	4	5	4	4	3	4	4	3	2	2	6	5	5	6	4	5	5	4	2	3	4	6	6	7	5	3	4	4	4	4	6	6	5	6	4	4	4	3	3	3	4	7	5	4	5	4	4	5	3	5	5	6	5	5	3	4	6	5	3	3	4	3	5	4	4	4	5	4	3	3	6	4	4	5	4	5	3	4	3	2	2	5	3	5	5	5	4	3	2	2	1	3	3	2	4	3	2	2	2	1
	4	5	4	4	3	4	4	3	2	3	6	5	5	6	4	5	5	4	2	3	4	6	6	7	5	4	4	4	4	4	6	6	5	6	4	4	4	3	3	4	4	7	5	4	5	4	4	5	3	5	5	6	5	5	4	4	6	5	3	3	4	3	6	4	4	4	5	4	3	3	6	4	4	5	4	5	3	5	3	2	3	5	4	5	5	6	4	3	2	2	1	3	3	2	4	4	2	2	2	1
	4	5	4	4	3	4	4	3	3	3	6	5	5	6	4	5	5	4	2	3	4	6	6	7	6	4	4	4	4	4	6	6	5	6	4	4	4	3	4	4	4	7	5	4	5	5	4	5	3	5	5	6	5	5	4	4	6	5	3	3	4	3	6	4	4	4	5	4	3	3	6	5	5	5	4	5	3	5	3	2	3	5	4	5	5	6	5	4	2	2	2	3	3	2	5	4	2	2	2	1
	4	5	4	4	3	4	4	4	3	3	6	5	5	6	4	5	5	4	2	3	4	6	6	8	6	4	4	4	4	4	6	6	5	6	4	4	4	3	4	4	4	7	5	4	5	5	5	5	4	5	5	6	5	5	4	4	6	5	3	3	4	3	6	4	4	4	5	4	3	3	7	5	5	5	4	5	4	5	3	2	3	5	4	6	5	6	5	4	3	2	2	4	3	3	5	4	2	2	2	1
	4	5	4	4	3	4	5	4	3	3	6	5	6	6	4	5	5	4	2	3	4	6	6	8	6	4	4	4	4	4	6	6	5	6	4	4	4	3	4	4	4	7	5	4	5	5	5	6	4	5	5	6	5	5	4	4	7	5	3	3	5	3	6	4	4	4	5	5	3	3	7	5	5	6	4	5	4	5	3	2	3	5	4	6	6	6	5	4	3	2	2	4	4	3	5	4	2	3	2	1
	4	5	5	4	3	4	5	4	3	3	6	5	6	6	4	6	5	4	2	3	4	6	6	8	6	4	4	4	4	4	6	6	5	6	4	4	4	4	4	4	4	7	5	4	5	5	5	6	4	5	6	6	5	5	4	5	7	6	3	3	5	3	6	5	4	4	5	5	3	3	7	5	5	6	5	5	4	5	3	2	3	5	5	6	6	6	5	4	3	2	2	4	4	3	5	4	2	3	3	1
	4	6	5	4	3	4	5	4	3	3	6	5	6	6	5	6	5	4	2	3	4	6	6	8	6	4	4	4	5	4	6	6	5	6	4	4	4	4	4	4	4	7	5	4	5	5	5	6	4	5	6	6	5	6	4	5	7	6	3	3	5	4	6	5	5	5	5	5	4	3	7	6	5	6	5	5	4	5	3	2	3	5	5	6	6	6	5	4	3	2	2	4	4	3	5	4	2	3	3	2
	5	6	5	4	4	4	5	4	3	3	6	5	6	6	5	6	5	5	2	3	4	6	6	8	6	4	4	4	5	4	6	6	5	6	4	4	4	4	4	4	4	7	5	5	5	5	5	6	4	5	6	6	5	6	5	5	7	6	4	3	5	4	6	5	5	5	6	5	4	3	8	6	5	6	5	5	4	5	3	2	3	6	5	6	6	6	5	4	3	3	2	4	4	3	5	4	2	3	3	2
	5	6	5	5	4	4	5	4	3	3	7	5	6	6	5	6	6	5	2	3	4	6	6	8	6	4	4	4	5	4	6	6	5	6	4	4	4	4	4	4	4	7	5	5	6	5	5	6	4	5	6	6	5	6	5	5	7	6	4	3	5	4	6	5	5	6	6	5	4	4	9	6	5	6	5	6	4	5	3	3	4	6	5	6	6	6	5	4	3	3	2	4	4	3	5	4	2	3	3	2
	5	6	6	5	4	4	6	4	3	3	7	6	6	6	5	6	6	5	2	3	4	6	6	8	6	4	4	4	5	4	6	6	5	6	5	4	4	4	4	4	4	7	5	5	6	5	5	6	4	5	6	6	5	6	5	5	7	6	4	4	6	4	6	5	5	6	6	5	4	4	9	6	5	6	6	6	4	5	4	3	4	6	5	6	6	7	5	4	3	3	3	4	4	3	5	4	2	3	3	2
	5	6	6	5	4	4	6	4	3	3	7	6	7	6	5	7	6	5	2	3	4	7	6	8	6	4	4	4	5	4	6	6	5	6	5	4	4	4	4	4	4	7	5	5	6	6	5	6	4	6	7	6	5	6	5	5	7	6	4	4	6	4	6	5	5	6	6	5	4	4	9	6	5	6	6	6	4	6	4	3	4	6	5	6	7	7	5	4	3	3	3	5	4	3	5	5	2	3	3	2
	5	6	6	5	4	4	6	4	3	3	7	6	7	6	5	7	6	5	2	3	5	7	7	8	6	4	5	4	5	4	6	6	5	6	5	4	4	4	4	5	5	7	5	5	6	6	5	6	4	6	7	6	5	6	6	5	7	6	4	4	6	4	6	5	5	6	6	5	4	4	9	6	5	6	6	6	4	6	4	3	4	6	5	6	7	7	5	5	3	3	3	5	5	3	6	5	3	3	3	2
	5	6	6	5	4	4	6	4	3	3	7	6	7	6	5	7	6	5	2	3	5	8	7	8	6	4	5	4	5	5	7	6	5	6	5	4	5	4	4	5	5	8	5	5	6	6	5	6	4	6	7	6	5	6	6	5	7	6	4	4	6	4	6	5	6	6	6	5	4	4	9	6	5	6	6	6	4	6	4	3	4	6	5	7	7	7	6	5	3	3	3	5	5	3	6	6	3	4	3	2
	5	6	6	5	4	4	6	4	3	3	8	6	7	6	5	7	6	5	3	3	5	8	7	8	6	4	5	4	5	5	7	7	5	6	5	4	5	4	4	5	5	8	6	5	6	6	5	7	4	6	7	6	5	6	6	5	7	6	4	4	6	4	6	5	7	6	6	5	4	4	9	6	5	7	6	6	5	6	4	3	4	6	5	7	7	8	6	5	4	3	3	5	5	3	6	6	3	4	3	2
	5	7	6	5	4	4	6	4	4	3	8	6	7	6	5	7	6	5	3	3	5	8	7	8	6	4	5	4	5	5	7	7	6	6	5	4	5	4	4	5	5	8	6	5	6	6	5	7	4	6	7	7	5	6	6	5	7	7	4	4	6	4	6	5	7	7	6	6	4	4	9	6	6	7	6	7	5	6	4	3	4	6	5	7	7	8	6	5	4	3	3	5	5	3	6	6	3	4	4	2
	6	7	6	5	4	4	6	5	4	3	8	6	7	6	5	7	6	5	3	3	5	8	7	8	6	4	5	4	5	5	7	7	6	7	5	4	5	4	4	5	5	8	6	5	6	6	5	7	5	6	7	7	5	6	6	6	8	7	4	4	6	5	6	5	7	7	6	6	4	4	9	7	6	7	6	7	6	6	4	3	4	6	5	7	7	8	6	5	4	3	3	5	5	3	6	6	3	4	4	3
	6	7	6	5	4	4	7	5	4	3	9	6	7	6	5	7	6	5	3	3	5	8	7	8	6	4	5	4	5	5	7	7	6	7	6	4	5	4	4	5	5	8	6	5	6	6	6	7	5	7	7	7	5	6	6	6	8	7	4	4	6	6	6	5	7	7	7	7	4	4	10	7	6	7	6	7	6	6	4	3	4	6	5	7	7	8	6	5	4	4	3	5	5	3	6	6	3	4	4	3
	6	7	6	5	4	5	7	5	4	3	9	7	7	6	5	7	6	5	3	3	5	8	7	8	6	4	5	4	5	5	7	7	6	7	6	5	5	4	4	5	5	8	6	5	7	6	6	7	5	7	7	7	5	6	6	6	8	7	4	5	6	6	6	5	7	8	7	7	5	4	11	7	6	7	6	7	6	6	4	4	5	6	5	7	7	8	6	5	4	4	3	5	5	3	6	6	3	4	4	3
	6	7	7	5	5	5	7	5	4	3	9	7	7	6	5	7	6	5	3	3	5	8	7	8	6	5	5	4	5	5	7	7	6	7	6	5	5	4	4	5	5	8	6	6	7	6	6	7	5	7	7	7	5	6	6	6	8	7	5	5	7	6	6	5	7	8	7	7	5	5	11	7	6	7	7	7	6	7	4	4	5	7	5	7	7	8	6	5	4	4	3	5	5	3	6	6	3	4	4	3
	6	7	7	6	5	5	7	5	4	3	9	7	7	7	6	7	6	5	3	3	5	8	7	8	6	5	5	4	5	5	7	7	6	7	6	5	5	4	4	5	5	8	6	6	7	6	6	7	5	7	8	7	6	6	6	6	8	8	5	5	7	6	6	5	7	8	7	7	6	5	11	7	6	7	7	7	6	7	4	4	5	7	6	7	8	8	6	6	4	4	3	5	5	3	6	6	3	4	4	3
	6	7	7	6	5	5	7	5	4	3	9	7	8	7	6	7	6	5	3	3	5	8	7	9	7	5	5	4	5	5	7	7	6	7	6	5	5	4	4	5	6	8	6	6	7	6	6	8	5	7	8	7	6	7	6	6	8	8	5	5	7	6	6	5	7	8	7	7	6	5	11	7	6	7	7	7	6	7	5	4	5	7	6	8	8	8	6	6	4	4	3	6	5	3	6	6	4	4	4	3
	6	7	7	6	5	5	7	5	4	3	9	7	8	7	6	7	6	5	3	3	5	8	8	9	7	5	5	4	5	5	8	7	7	8	6	5	5	4	4	5	6	8	6	6	7	6	7	8	5	7	8	7	6	7	7	6	8	8	5	5	7	6	6	5	7	8	7	7	6	5	11	7	7	7	7	7	6	8	5	4	5	7	6	8	8	8	6	6	4	4	4	6	5	3	6	7	4	4	4	3
	6	7	7	6	5	5	7	5	4	3	9	7	8	7	6	7	6	5	3	3	6	8	8	9	7	5	5	4	5	5	8	8	7	8	6	6	5	4	4	5	6	8	7	7	7	7	7	8	5	7	8	7	6	7	7	6	8	8	5	5	7	6	7	5	7	8	7	7	6	5	11	7	7	7	7	7	6	8	5	4	6	7	6	8	8	8	6	7	4	4	4	6	5	3	7	7	4	4	4	3
	6	7	7	6	5	5	7	5	4	3	9	7	8	7	6	7	6	5	3	3	6	8	8	9	7	6	5	4	5	5	9	8	8	8	6	6	5	4	4	5	6	9	7	7	7	7	7	8	5	7	8	8	7	7	7	7	8	8	5	5	7	6	7	5	7	8	7	7	6	5	12	7	7	7	7	7	6	8	5	4	6	7	6	8	8	8	6	7	4	4	4	6	5	4	7	7	5	4	4	3
	6	7	7	6	5	5	7	5	4	3	9	7	8	7	6	7	6	5	3	3	6	8	8	10	8	6	5	4	5	5	9	8	8	8	6	6	5	4	4	5	7	10	7	7	7	7	7	8	5	7	9	8	7	7	7	7	9	8	5	5	8	6	7	6	7	8	7	7	6	5	12	7	7	7	7	7	6	8	5	4	6	7	6	8	9	8	7	7	4	4	4	6	5	4	7	7	5	4	4	3
	6	7	7	6	5	5	7	5	4	3	9	7	8	8	6	7	6	5	3	3	6	8	8	10	8	6	5	4	5	5	10	9	8	8	7	6	5	4	4	5	7	10	7	7	7	7	7	8	5	7	9	9	7	8	7	7	9	8	5	5	8	7	7	6	7	8	8	7	6	5	12	7	7	7	8	8	6	8	5	4	6	7	6	8	9	8	7	7	4	4	4	6	5	4	7	7	5	4	4	3
	6	7	7	6	6	5	7	5	4	3	9	7	8	8	6	7	6	5	3	3	6	9	9	10	8	6	5	4	5	5	10	9	8	8	7	7	5	4	4	5	7	10	7	7	8	7	7	8	5	7	9	9	7	8	7	7	9	8	5	5	8	7	8	6	8	9	8	7	6	5	12	8	7	7	8	8	6	8	5	4	6	7	6	8	9	9	7	7	4	4	4	6	5	4	7	7	5	4	4	3
	6	7	7	6	6	6	7	5	4	3	10	8	8	8	6	7	6	5	3	3	6	9	9	10	8	6	5	4	5	5	10	9	8	8	8	7	6	4	4	5	7	10	7	7	8	7	7	8	5	7	9	9	7	8	8	7	9	8	5	5	8	7	8	7	8	9	8	7	6	5	12	8	8	7	8	8	6	8	5	4	6	8	6	8	9	9	7	7	4	4	4	6	5	4	7	8	5	4	4	3
	6	8	8	6	6	6	7	5	4	3	10	8	8	8	6	8	6	5	3	3	6	9	9	10	8	6	5	4	5	5	10	9	8	8	8	7	6	4	4	5	7	10	7	7	9	8	7	9	5	7	9	9	7	8	8	7	9	8	5	5	8	7	8	7	8	9	8	7	6	5	12	8	8	8	8	8	6	8	5	4	6	8	7	9	9	9	7	7	4	4	4	6	5	4	8	8	5	4	4	3
	7	8	8	6	6	6	7	5	4	3	10	8	9	8	6	8	7	5	3	3	6	9	9	10	8	6	5	4	5	5	10	9	8	9	8	7	6	5	4	5	7	10	7	7	9	8	8	9	5	7	9	9	7	8	8	7	9	8	5	5	8	7	8	7	8	9	8	7	6	5	12	9	8	8	8	8	6	8	5	4	6	8	7	9	10	9	7	7	4	4	4	6	6	5	8	8	5	4	4	3
	7	8	8	6	6	6	7	5	4	3	11	8	9	8	6	8	7	6	3	3	6	9	9	11	9	6	5	5	5	5	10	9	8	9	8	7	7	5	4	5	7	10	7	7	9	8	8	9	5	7	9	9	7	8	8	7	9	8	5	5	8	7	8	7	8	9	8	7	6	5	13	9	8	8	9	8	6	8	5	4	6	8	7	9	10	9	7	7	4	4	4	7	6	5	9	8	5	4	4	3
	7	8	8	6	6	6	7	5	4	3	11	8	9	8	6	8	7	6	4	3	7	9	9	11	9	7	6	5	6	5	10	9	9	9	8	7	7	5	4	5	7	10	7	7	9	8	8	9	5	7	9	9	7	8	8	7	9	8	5	5	8	7	8	7	8	9	8	7	6	5	13	9	8	8	9	9	6	8	5	4	7	8	7	9	10	10	7	7	4	4	5	7	6	5	9	8	5	4	4	3
	7	8	8	6	6	6	7	5	4	4	11	8	9	8	6	9	8	6	4	3	7	9	9	11	9	7	6	5	6	5	11	9	9	9	8	7	7	5	5	5	7	10	8	7	9	8	8	9	5	7	9	9	7	8	8	7	9	8	5	5	8	7	8	7	8	9	8	7	6	5	13	9	8	8	9	9	7	8	5	4	7	9	7	9	10	10	8	7	4	4	5	8	6	5	9	8	5	4	4	3
	7	8	8	6	6	6	8	5	4	4	11	8	9	8	6	9	8	7	4	4	7	9	9	11	9	7	6	5	6	6	11	9	9	9	8	7	7	5	5	5	7	11	8	7	9	8	8	9	5	7	9	10	7	8	8	7	9	8	5	5	8	7	8	7	8	9	8	8	6	5	13	9	8	8	9	9	7	8	5	4	7	9	8	9	10	10	8	8	4	4	5	8	7	5	9	8	5	4	4	3
	7	8	8	6	6	6	8	6	4	5	11	8	9	8	6	9	8	7	5	4	7	9	9	11	9	7	6	5	6	6	11	9	9	9	8	7	7	5	5	6	7	11	8	7	9	8	8	9	5	7	10	10	7	8	8	7	9	9	5	5	8	8	8	7	8	9	8	8	6	5	13	9	8	8	9	9	7	8	5	4	7	9	9	10	10	10	8	8	5	4	5	8	7	5	9	8	5	4	4	3
	7	8	8	6	6	6	8	6	5	5	11	8	9	8	6	9	8	8	5	5	7	9	9	11	9	7	6	5	6	6	11	9	9	9	8	7	7	5	5	6	7	11	8	7	9	8	8	9	6	8	10	10	7	8	8	7	9	9	5	5	9	8	8	7	8	9	8	8	6	5	14	9	9	8	9	9	7	8	5	4	7	9	9	10	11	10	8	8	5	4	5	8	7	5	9	8	5	4	5	3
	7	8	8	6	6	6	8	6	5	5	11	8	9	8	6	9	8	8	6	5	7	9	9	11	9	7	6	6	6	7	11	9	9	9	8	7	7	5	5	6	7	11	8	7	9	8	8	9	6	9	10	10	7	8	8	7	9	9	6	5	9	9	9	7	8	9	8	8	6	5	14	9	9	9	9	9	7	8	5	4	8	9	9	10	11	10	8	8	5	4	5	8	7	5	9	8	5	5	5	3
	7	8	8	6	6	6	8	6	5	5	11	8	9	8	6	9	8	8	6	5	7	9	9	11	9	7	6	6	7	7	11	9	9	9	8	7	7	6	5	7	7	11	8	7	9	8	8	9	7	9	10	10	8	8	8	7	9	9	6	6	9	9	9	7	8	9	8	8	6	5	14	10	10	9	9	9	7	8	5	4	8	10	9	10	11	10	8	8	5	4	5	8	7	5	9	8	6	5	5	3
	7	8	8	6	6	6	8	6	5	5	11	8	9	8	6	9	8	8	6	5	7	9	9	11	9	7	6	6	7	7	11	9	9	9	8	7	8	6	6	7	7	11	8	8	9	8	8	10	7	10	10	10	8	8	8	7	9	9	6	6	9	9	9	8	8	9	8	8	6	6	14	10	10	9	9	9	7	8	5	4	8	10	10	10	11	10	8	8	5	4	6	8	7	5	9	9	6	5	5	3
	7	8	8	6	6	6	8	6	5	5	11	8	9	8	6	9	8	8	6	5	7	9	9	11	9	7	6	6	7	8	11	9	9	9	8	8	8	6	6	7	7	11	8	8	9	8	8	10	7	10	10	10	9	9	8	7	10	9	6	7	9	9	9	8	8	9	8	8	6	6	14	10	10	9	9	9	7	8	5	5	9	10	10	10	11	10	8	8	5	4	6	9	7	5	10	9	6	5	5	3
	7	8	8	6	6	6	8	6	5	5	11	8	9	8	6	9	8	8	6	6	7	9	9	11	9	7	6	6	7	8	11	9	9	9	9	8	8	6	6	7	7	11	9	8	9	8	8	10	7	10	10	10	9	9	8	8	10	9	6	7	9	9	9	8	9	9	8	8	6	7	15	10	10	9	9	9	7	8	5	5	9	10	10	10	12	10	8	8	5	5	7	9	7	5	10	9	6	5	5	3
	7	8	8	6	6	6	8	6	5	6	11	8	9	8	6	9	8	8	6	6	7	9	9	11	9	7	6	6	7	8	11	9	9	9	9	8	8	6	6	7	7	11	9	8	10	8	8	10	7	10	10	11	9	9	8	8	10	9	6	7	10	9	9	8	9	9	9	8	6	7	15	10	10	10	9	9	7	8	6	6	10	10	10	11	12	10	8	8	5	5	7	9	7	5	10	9	6	5	5	3
	7	8	8	6	6	6	8	6	6	6	11	8	9	8	6	9	8	8	6	6	7	9	9	11	9	7	6	6	7	8	11	9	9	9	9	8	8	6	6	7	7	11	9	9	10	8	8	10	7	10	11	11	9	9	8	8	10	9	6	7	10	10	9	8	9	10	9	8	7	8	16	10	10	10	10	9	7	8	6	6	10	10	10	11	12	10	8	8	5	5	7	9	7	6	10	9	6	5	5	3
	7	8	8	6	6	6	8	7	6	6	11	8	9	8	6	9	8	8	6	6	7	9	9	11	9	7	6	6	7	8	11	9	9	9	9	8	8	6	6	7	8	11	10	9	10	8	8	10	7	10	11	11	9	9	9	8	10	9	7	7	11	10	10	8	9	10	9	8	7	8	16	10	10	10	10	10	7	9	6	6	10	10	10	11	12	10	8	8	5	5	7	9	8	6	10	9	6	5	5	3
	7	8	8	6	6	6	8	7	6	6	11	8	9	8	6	9	9	8	6	6	7	9	9	11	9	7	6	6	7	8	12	9	9	9	9	8	8	6	6	7	8	11	10	9	10	9	8	10	7	10	12	11	10	9	9	8	10	10	7	7	11	10	10	8	9	10	9	8	7	8	16	10	11	10	10	10	7	9	6	6	10	10	10	11	12	11	8	9	5	5	7	10	8	6	10	9	6	5	5	3
	7	8	8	6	6	6	8	7	6	6	11	8	9	8	6	9	9	8	6	6	7	9	9	11	9	7	7	6	7	8	12	10	9	9	9	8	8	6	6	7	9	11	10	9	10	9	9	10	7	10	12	12	10	9	9	8	11	10	7	7	11	10	10	8	9	10	9	8	7	8	16	10	11	10	10	10	7	9	6	6	10	10	10	12	12	11	9	9	6	5	7	10	9	6	10	9	6	5	5	3
	7	8	8	6	6	6	8	7	6	6	11	8	9	8	6	9	9	8	6	6	7	10	9	11	9	7	7	6	7	8	13	10	9	9	9	9	8	6	6	7	9	12	10	9	10	9	9	11	7	10	12	12	10	9	9	8	11	10	7	7	11	10	10	8	9	10	9	9	7	8	16	10	11	10	10	10	8	9	6	6	10	10	11	12	12	11	9	9	6	5	7	10	9	7	10	9	6	6	5	3
	7	8	8	6	6	6	8	7	6	6	11	8	9	8	6	9	9	8	6	6	7	10	10	11	9	7	7	6	7	8	13	11	9	9	10	9	8	7	6	7	10	12	10	9	10	9	9	11	7	10	12	12	10	9	9	8	11	10	7	7	11	10	10	8	9	10	10	9	7	8	16	10	11	10	10	10	8	10	6	6	10	11	11	12	12	11	9	9	6	5	7	10	9	7	11	9	6	6	6	3
	7	8	8	6	6	6	8	7	6	6	11	9	9	8	6	9	9	8	6	6	7	10	10	11	9	7	7	7	7	8	13	11	10	9	10	9	8	7	6	7	10	12	10	9	11	9	9	11	7	10	13	12	10	9	9	9	11	10	7	7	11	10	10	8	9	10	10	9	7	8	17	10	11	10	10	10	8	10	6	6	10	11	11	12	12	12	9	10	6	5	7	10	9	7	11	9	6	6	6	4
	7	8	9	6	6	6	8	7	6	6	11	9	9	8	6	9	9	8	6	6	7	10	10	11	9	7	8	7	7	8	13	11	10	10	10	9	8	7	6	7	10	12	10	10	11	9	9	11	7	10	13	12	10	9	9	9	11	10	7	7	11	11	10	8	9	11	10	9	7	8	17	11	11	10	11	10	8	10	6	6	10	11	11	12	12	12	10	10	6	6	7	10	9	7	11	9	6	6	6	4
	7	9	9	6	6	6	8	7	6	6	11	9	9	8	6	9	9	8	6	6	7	10	10	12	9	7	8	7	7	8	13	11	10	10	10	10	8	7	6	7	10	12	10	10	11	9	9	11	7	10	13	12	10	10	10	9	11	10	7	7	11	11	11	8	10	11	10	9	7	8	18	11	11	10	11	10	8	10	6	7	10	11	11	12	12	13	10	10	6	6	7	10	9	7	11	9	6	6	6	4
	8	9	9	6	6	6	8	7	6	6	11	9	10	8	6	9	9	8	6	6	7	10	10	12	9	7	8	7	7	8	13	11	10	10	11	10	8	7	6	7	10	12	10	10	11	10	9	11	7	10	13	12	11	10	10	9	11	10	7	7	11	11	11	9	10	11	10	9	7	8	18	11	11	11	11	10	8	10	7	7	11	11	11	12	13	13	10	10	6	6	7	10	9	7	11	9	6	6	6	4
	8	9	10	6	6	6	8	7	6	6	12	9	10	8	6	9	9	8	6	6	7	10	10	12	9	7	8	7	7	8	13	11	10	10	11	11	8	7	6	7	10	12	11	10	11	10	10	11	7	10	13	12	11	10	10	9	11	10	7	7	11	11	11	9	10	11	10	9	8	8	18	11	12	11	12	10	8	10	7	7	11	11	11	13	13	13	10	10	6	6	8	10	9	7	11	9	6	6	6	4
	8	10	10	6	6	6	8	7	6	6	12	9	10	8	6	9	9	8	6	6	8	10	10	12	9	7	8	7	7	8	13	11	10	10	11	11	9	7	6	7	10	12	11	10	11	10	10	12	7	10	13	13	11	10	10	9	11	10	7	7	11	11	11	9	10	11	10	10	8	8	18	11	12	11	12	10	8	10	7	7	11	11	12	13	13	14	10	10	6	6	8	11	10	7	11	9	6	6	6	4
	9	10	10	6	6	6	8	7	6	6	12	9	10	8	6	9	9	8	6	6	8	10	10	12	9	7	8	7	7	8	14	11	10	10	11	11	9	8	6	7	10	13	11	10	11	10	10	12	8	10	13	13	11	10	10	9	12	10	7	7	11	11	11	9	10	11	10	10	8	8	18	11	12	11	12	10	8	10	7	7	11	12	12	13	13	14	10	10	6	6	9	11	10	8	12	9	6	6	6	4
	9	10	10	6	6	6	8	7	6	6	13	9	10	8	6	9	9	8	6	6	8	11	10	12	9	7	8	7	8	8	14	12	10	10	11	11	9	8	7	7	10	13	11	10	11	10	11	12	8	10	13	13	11	10	10	9	12	10	7	7	11	11	11	9	10	11	10	10	8	8	18	12	12	11	12	10	8	10	7	7	12	12	12	13	14	14	10	10	6	6	9	11	10	8	12	10	6	6	6	4
	9	10	10	6	6	6	8	7	6	6	13	10	10	8	6	9	9	9	6	6	9	11	11	12	9	7	8	7	8	8	14	12	10	10	11	12	9	8	7	8	10	13	11	10	11	10	11	12	8	10	13	13	11	10	10	9	12	10	7	7	11	11	11	9	10	11	10	10	8	8	19	12	12	12	12	10	8	10	7	7	12	13	12	13	14	14	10	10	6	6	9	11	10	8	12	10	7	6	6	4
	9	10	10	6	6	6	8	7	6	6	13	10	11	8	6	9	9	9	7	6	9	11	11	12	9	8	8	7	8	8	15	12	11	10	11	12	9	8	7	8	10	13	11	10	11	10	11	12	8	11	13	13	11	10	10	9	12	10	7	7	12	11	11	9	11	11	10	10	8	8	19	12	12	12	12	10	8	10	7	7	12	13	13	13	14	14	10	10	6	6	9	11	10	8	12	10	7	7	6	4
	9	10	10	7	6	6	8	7	6	6	13	10	11	8	7	9	9	9	7	6	9	11	11	12	9	8	8	7	8	9	15	12	11	11	11	12	9	8	7	8	11	13	11	10	11	10	11	12	8	11	14	13	11	10	10	9	12	10	7	8	12	11	11	9	11	11	10	10	8	8	19	12	12	13	12	10	8	10	7	7	12	13	13	14	14	14	10	10	6	6	9	11	10	8	12	10	7	7	7	4
	9	10	10	7	7	7	8	7	6	6	13	10	11	8	7	9	9	9	7	6	9	11	11	12	10	8	8	7	8	9	15	12	11	11	11	12	9	8	8	8	11	14	11	10	11	10	11	12	8	11	14	13	11	10	10	9	12	10	7	8	12	12	11	10	11	11	10	10	8	9	19	12	13	13	12	10	8	10	7	7	12	13	13	14	14	14	10	10	7	6	9	11	10	8	12	10	7	7	7	4
	9	10	10	7	7	7	9	7	6	6	13	10	11	9	8	9	9	9	7	6	9	11	11	12	10	8	8	7	8	9	15	12	11	11	11	12	9	8	8	8	11	14	12	10	11	10	11	12	9	11	14	13	11	11	10	9	12	10	7	8	12	12	12	10	11	11	10	10	8	9	19	13	13	13	12	10	8	10	8	7	12	13	13	14	14	14	10	11	7	6	9	11	10	8	12	10	7	7	7	4
	9	10	10	7	7	7	9	8	6	6	13	10	11	9	8	10	9	9	7	6	9	11	11	13	10	8	8	7	8	9	15	12	12	11	11	12	9	8	8	8	11	14	12	10	12	10	11	13	9	11	14	13	12	11	10	9	12	10	7	8	12	12	12	10	11	11	10	10	8	9	20	13	13	13	12	10	8	11	8	7	12	13	13	14	14	14	11	11	7	6	9	11	10	8	12	10	7	7	7	4
	9	10	10	7	7	7	10	8	6	6	13	10	11	9	8	10	9	10	7	6	9	11	12	13	10	8	8	7	8	9	15	12	12	11	11	12	9	8	8	8	11	14	12	11	12	11	11	13	9	11	14	14	12	11	10	9	12	11	7	8	12	12	12	10	11	11	10	10	8	9	20	13	13	13	12	10	8	11	8	7	13	13	13	14	14	15	11	12	7	6	9	11	10	8	12	10	7	7	7	4
	9	10	10	7	7	7	10	9	7	6	13	10	11	9	8	10	9	10	7	6	9	12	12	13	10	8	8	7	8	9	15	12	12	11	11	12	9	8	8	8	11	14	12	11	13	11	12	13	9	11	14	14	12	11	10	9	12	11	7	8	12	13	12	10	11	11	10	10	9	9	20	13	13	13	12	10	8	11	8	7	13	13	13	14	14	15	11	12	8	6	10	11	10	8	13	10	7	7	7	4
	9	10	10	7	7	7	10	9	7	7	14	10	11	9	8	10	10	10	7	6	9	12	12	13	10	8	8	7	8	9	15	12	12	11	11	12	9	8	8	8	11	14	12	11	13	12	12	13	9	11	14	14	12	11	10	10	12	11	8	8	12	13	12	10	11	11	10	10	9	9	21	13	13	13	12	10	8	11	8	7	13	13	13	14	15	15	11	12	8	7	10	12	10	8	13	10	7	7	7	4
	9	11	10	7	7	7	10	9	7	7	14	10	11	9	8	10	10	10	8	6	9	12	12	13	10	8	8	8	8	9	15	12	12	11	12	12	9	8	8	8	11	14	12	11	13	12	12	13	9	12	14	14	12	11	10	10	12	11	8	8	12	13	12	10	11	12	10	10	9	9	21	13	13	13	12	10	8	11	8	8	14	13	13	15	15	15	11	12	8	7	10	12	11	8	13	10	7	7	7	4
	9	11	11	7	7	7	10	9	7	7	14	10	11	9	8	10	10	10	8	7	9	12	12	13	10	8	8	8	9	9	15	12	12	11	12	13	9	8	8	9	11	14	12	11	13	12	12	13	9	12	14	14	12	11	10	10	12	11	8	8	12	13	12	10	11	12	10	10	9	10	21	13	13	13	13	10	8	11	8	8	14	13	14	15	15	15	11	12	8	7	11	12	11	9	13	10	7	7	7	4
	9	11	11	7	7	7	10	9	7	7	14	11	11	9	8	10	10	10	9	7	9	12	12	13	10	8	9	8	9	10	15	12	12	11	12	13	9	8	9	9	11	14	12	11	13	12	12	13	9	12	14	14	12	11	10	10	12	11	9	8	12	13	12	10	11	12	10	10	9	10	21	13	13	13	13	10	8	11	8	8	14	14	14	15	16	15	11	12	8	7	11	13	11	9	14	10	7	7	7	4
	9	11	11	7	7	7	10	9	7	7	14	11	12	9	8	11	10	11	9	7	9	12	12	13	10	8	9	8	10	10	15	12	12	11	12	13	9	9	9	9	11	14	12	11	13	12	12	13	9	12	14	14	12	11	10	10	12	12	9	8	12	13	12	10	11	12	10	10	9	10	21	14	13	14	13	10	8	11	8	8	14	14	14	15	16	15	11	12	8	7	11	13	12	10	14	10	7	7	7	4
	9	11	11	8	7	7	11	10	7	7	14	11	12	9	8	11	10	11	9	7	9	12	12	13	10	8	9	9	10	10	15	12	12	11	12	13	9	9	9	9	11	14	12	11	13	12	12	14	9	12	14	14	12	11	10	10	13	12	9	8	12	13	12	10	12	12	10	10	9	10	21	14	14	14	13	10	8	11	8	8	14	14	14	16	16	15	11	12	8	7	11	13	12	10	15	10	7	7	7	4
	9	11	11	8	8	8	11	10	8	7	14	11	12	9	8	11	10	11	9	7	9	12	12	13	10	8	10	9	10	10	15	12	12	11	12	13	10	9	9	9	11	14	12	11	13	12	12	14	9	12	14	14	12	11	11	11	13	12	9	8	12	13	12	10	12	12	10	10	9	10	21	14	14	15	13	10	8	11	8	8	14	14	15	16	16	15	11	12	8	7	11	13	12	10	15	11	7	7	7	4
	9	11	11	8	8	8	11	10	8	8	14	11	12	9	9	12	10	11	9	7	9	12	12	13	10	8	10	9	10	10	15	12	12	11	12	14	10	9	9	9	11	14	12	11	13	12	13	14	9	12	14	14	12	11	11	11	13	12	9	8	12	13	12	11	13	12	11	10	9	10	21	14	14	15	13	10	8	11	8	8	14	15	15	16	16	16	11	12	8	7	11	13	12	10	15	11	7	7	7	4
	9	11	11	8	8	8	11	10	8	8	14	11	12	9	9	12	11	11	9	8	9	12	12	13	10	9	10	9	10	10	15	12	12	11	13	14	10	9	9	9	11	14	12	11	13	13	13	14	9	12	14	14	12	12	11	11	13	12	9	8	12	13	13	11	13	12	11	10	9	10	22	14	14	15	13	11	8	11	8	8	14	15	15	16	17	16	11	12	8	7	11	13	12	10	15	11	7	7	7	4
	9	11	11	8	8	8	11	10	8	8	14	11	12	9	9	12	11	11	9	8	9	12	12	13	11	9	10	10	10	11	15	12	12	12	13	14	10	9	9	9	11	14	12	11	14	13	13	14	9	12	14	14	13	12	11	11	13	12	9	8	13	13	13	11	13	12	11	10	9	10	22	14	15	15	13	11	9	11	8	8	14	15	15	17	17	16	11	12	8	7	11	13	12	10	15	11	7	7	7	4
	9	11	11	8	8	8	11	10	8	8	14	11	12	10	9	12	11	11	9	8	9	12	12	13	11	9	10	10	10	11	15	12	13	12	13	14	11	9	9	10	11	14	13	11	14	13	13	14	9	12	15	14	13	12	12	11	13	12	9	8	13	13	13	11	13	12	11	11	9	10	22	15	15	15	13	11	9	11	8	8	14	15	16	17	17	16	11	12	8	7	11	13	12	10	15	11	7	7	7	4
	9	11	11	8	8	8	11	10	8	8	14	11	12	10	9	12	11	11	9	8	9	12	12	14	11	9	10	10	10	11	15	13	13	12	13	14	11	9	9	10	12	14	13	11	14	13	13	15	9	13	15	15	13	12	12	11	13	12	9	8	13	13	13	11	13	13	11	11	9	10	22	15	16	15	13	11	9	12	8	8	14	16	16	17	17	16	11	12	8	7	11	13	12	10	15	11	7	7	7	4
	9	11	11	8	8	8	11	10	8	8	14	11	12	10	9	12	11	11	9	8	9	12	12	14	11	9	10	10	10	11	16	13	14	12	13	14	11	9	9	10	12	15	13	11	14	13	13	15	9	13	15	15	13	12	12	12	14	12	9	9	13	13	14	11	13	13	11	11	9	10	22	15	16	16	13	11	9	12	9	8	15	16	16	17	17	16	11	12	8	7	11	13	12	10	15	11	7	7	7	4
	9	11	11	8	8	8	11	10	8	8	14	11	12	10	9	12	11	11	9	8	10	12	12	14	11	9	10	10	10	11	16	14	14	12	13	14	11	9	9	10	12	15	13	11	14	13	13	15	9	13	15	16	13	12	12	12	14	12	9	9	13	13	14	11	13	13	12	12	9	11	23	15	17	16	13	11	9	12	9	8	15	16	16	17	18	16	11	12	9	7	11	13	12	10	15	11	7	7	7	4
	9	11	11	8	8	8	11	10	8	8	14	11	12	10	9	12	11	11	9	8	10	12	12	14	11	9	10	10	10	11	17	14	14	12	13	14	11	9	9	10	12	16	13	11	14	13	13	15	9	13	15	16	13	12	12	12	14	12	9	9	14	13	15	11	13	13	12	12	9	11	23	15	17	16	13	12	10	12	10	8	15	16	16	18	18	16	11	12	9	7	11	13	12	10	16	11	7	8	7	4
	9	11	11	8	8	8	11	10	8	8	14	11	12	10	9	12	11	11	9	8	10	12	12	14	11	9	10	10	10	11	17	14	14	12	13	14	11	9	9	10	13	16	13	11	14	13	13	15	9	13	16	17	13	12	12	12	14	12	9	9	14	14	15	11	13	13	12	12	9	11	23	15	17	16	14	12	10	13	10	8	15	16	17	18	18	16	12	12	9	7	11	13	12	11	16	11	8	8	7	4
	9	11	11	8	8	8	11	10	8	8	14	11	12	10	9	12	11	11	9	8	10	12	12	14	11	9	10	10	10	11	17	14	14	12	13	14	11	9	9	10	13	17	13	11	14	13	13	15	9	13	16	17	14	12	12	12	14	12	9	9	15	14	15	11	14	13	12	13	9	11	23	16	17	16	14	12	10	13	10	8	15	17	17	18	18	16	12	13	9	7	11	13	13	11	16	12	8	8	7	4
	9	11	11	8	8	8	11	10	8	8	14	11	12	10	9	12	11	11	9	8	10	12	12	14	11	9	10	10	10	11	17	14	14	12	13	14	11	9	9	10	13	17	13	12	14	13	13	15	9	13	16	18	14	13	12	12	15	12	9	9	15	14	15	11	14	13	12	13	9	11	24	16	18	16	14	12	10	14	10	8	15	17	17	18	18	17	12	13	9	7	12	14	13	11	16	12	8	8	7	4
	9	11	11	8	8	8	11	10	8	8	14	11	12	10	9	12	11	11	9	8	10	12	12	14	11	9	10	10	10	11	17	14	14	13	13	14	11	9	9	10	13	17	13	12	15	13	13	16	9	13	16	18	14	13	12	12	15	12	9	9	15	15	15	11	14	13	12	13	10	11	25	16	18	17	14	12	10	14	10	8	16	17	18	18	18	17	12	13	9	7	12	14	13	11	17	12	8	8	7	4
	9	11	11	8	8	8	11	10	8	8	14	11	12	10	9	12	11	11	9	8	10	12	12	14	11	9	10	10	10	11	17	14	14	13	14	14	11	9	9	10	13	17	13	12	15	14	13	16	9	13	16	18	14	13	12	12	15	13	9	9	16	15	15	11	14	13	12	13	10	12	25	17	19	17	15	12	10	14	10	8	16	18	18	18	18	17	12	13	9	7	12	14	13	12	17	12	8	8	7	4
	9	11	11	8	8	8	11	10	8	8	14	11	12	10	9	12	11	11	9	8	10	12	12	14	11	9	10	10	10	11	17	14	14	13	14	15	11	9	9	10	13	17	13	12	15	14	14	16	10	13	17	18	14	13	12	12	15	13	9	10	16	15	16	11	14	13	12	13	10	12	25	17	19	18	15	13	10	14	10	8	16	18	19	19	18	17	12	13	9	7	12	14	13	12	17	12	8	8	7	4
	9	11	11	8	8	8	11	10	8	8	14	11	12	10	9	12	11	11	9	8	10	12	12	14	11	9	11	10	10	11	17	14	14	13	14	15	11	9	9	10	14	17	13	12	15	14	14	17	10	14	17	18	14	13	12	12	15	13	10	10	16	15	16	12	14	13	13	13	10	12	25	17	20	18	16	13	10	14	10	8	16	18	19	19	19	17	12	13	9	7	12	14	13	12	17	12	8	8	7	4
	9	11	11	8	8	8	11	10	8	8	14	11	12	10	9	13	11	11	9	8	10	12	12	14	11	9	11	10	10	11	18	14	14	13	14	15	11	9	10	10	14	17	13	12	15	14	14	17	11	14	17	18	14	13	12	12	15	13	10	10	16	15	16	12	15	14	13	14	11	12	25	17	20	19	16	13	10	14	10	8	16	18	19	19	19	18	12	13	9	7	12	14	13	12	17	12	8	8	7	4
	9	11	11	8	8	8	12	10	8	8	14	11	12	10	9	13	11	11	9	8	10	13	12	14	11	9	11	10	11	11	18	14	14	13	14	15	11	10	10	10	14	17	13	12	15	14	14	17	11	14	17	18	14	14	13	12	15	13	10	10	16	15	16	12	15	14	13	14	11	12	25	17	20	19	17	14	11	14	11	8	16	18	19	19	19	18	12	13	9	7	12	14	13	12	17	12	8	8	7	4
	9	11	11	8	8	8	12	11	8	8	14	11	12	10	9	13	11	11	10	8	10	13	12	14	11	9	11	11	11	11	18	15	14	13	14	15	11	10	10	10	14	17	13	13	15	15	14	17	11	14	17	18	14	14	13	12	15	13	10	10	16	15	16	12	15	15	13	14	12	12	25	17	20	19	17	14	11	14	11	8	16	18	19	19	19	19	13	13	9	7	12	14	13	12	17	12	8	8	7	4
	9	11	11	8	8	8	12	11	9	9	14	11	12	10	9	13	11	12	10	8	10	13	12	14	11	9	11	11	11	11	18	15	14	13	14	16	11	10	10	10	14	17	14	13	15	15	14	17	11	14	17	18	15	14	14	12	15	14	10	10	16	15	16	12	15	15	13	14	12	12	25	17	20	19	17	14	11	14	11	8	16	18	19	19	19	19	13	13	9	7	12	14	13	12	18	12	9	8	7	4
	9	11	11	8	8	8	12	12	9	9	14	11	12	10	9	13	11	12	11	9	10	13	12	14	11	9	12	11	11	11	18	15	14	13	14	16	11	10	10	10	14	17	15	13	15	15	14	18	11	14	17	19	15	14	14	12	15	14	10	10	16	15	16	12	16	15	13	14	12	12	25	17	20	19	17	14	11	14	11	8	16	18	19	19	19	19	13	13	9	7	12	14	13	12	18	13	9	9	7	4
	9	11	11	8	8	8	12	12	9	9	14	11	12	10	9	14	12	12	11	9	10	13	12	14	11	9	12	11	12	12	18	15	14	13	14	16	11	11	10	10	14	17	15	13	15	15	14	18	11	14	17	20	15	14	14	12	15	14	10	10	16	16	16	12	16	15	13	14	12	12	25	17	20	20	17	14	11	14	11	8	16	18	19	19	19	19	13	13	9	7	12	14	13	12	18	13	10	9	8	4
	9	11	11	8	8	9	13	12	9	9	14	11	12	10	9	14	12	12	11	9	10	13	12	14	11	9	12	11	12	12	18	15	14	13	14	16	12	11	11	11	14	17	15	13	15	15	14	18	11	14	17	20	15	14	14	12	15	14	10	10	16	17	16	12	16	15	13	14	12	12	26	17	20	20	17	14	11	14	11	8	16	18	19	20	19	19	13	13	9	8	12	14	13	12	18	13	10	10	8	4
	9	11	11	8	9	9	13	13	9	9	14	11	12	10	9	14	12	12	11	9	10	13	12	14	11	9	12	11	12	13	18	15	14	13	14	17	12	11	11	11	14	17	15	13	15	15	14	18	11	15	17	20	15	14	14	12	15	14	10	10	16	17	16	12	16	15	13	14	12	12	27	17	20	20	17	14	11	14	11	9	17	18	19	20	19	19	13	13	9	8	12	14	14	12	18	13	10	10	9	4
	9	11	11	9	9	9	13	13	9	9	14	11	12	10	9	14	12	13	12	9	10	13	12	14	11	10	12	11	12	13	18	15	14	13	14	17	12	11	11	11	14	17	15	13	15	15	14	18	11	15	17	20	15	14	14	12	15	14	10	11	16	17	16	12	16	15	13	14	12	12	27	17	20	20	17	14	11	14	12	9	17	19	19	20	19	19	13	13	9	9	13	15	14	12	18	13	10	10	9	4
	9	11	12	9	9	9	13	13	10	9	14	11	12	10	10	14	12	13	12	9	10	13	12	14	11	10	12	12	12	13	18	15	14	13	14	17	12	11	11	11	14	17	15	13	15	15	14	18	11	15	17	20	15	14	14	12	15	14	10	11	16	17	16	12	16	15	13	14	12	13	27	18	20	20	17	14	11	15	12	9	18	19	20	20	19	19	13	13	10	9	13	15	14	12	18	13	10	10	9	4
	9	12	12	9	10	9	13	13	10	10	14	11	12	10	10	14	12	13	12	9	10	13	12	14	11	10	12	12	12	13	18	15	14	13	14	17	13	11	11	11	14	17	15	13	15	15	14	18	11	15	17	20	15	14	14	12	15	14	11	11	16	17	17	12	16	15	13	15	12	13	28	18	21	20	17	14	11	15	12	9	18	19	20	20	19	19	13	14	10	9	13	15	14	12	18	13	10	10	9	4
	10	12	12	10	10	9	13	13	10	10	14	11	12	10	10	14	12	13	12	10	10	13	12	14	11	10	12	12	12	13	18	15	14	13	14	17	13	11	11	11	14	17	15	13	15	15	15	18	12	15	17	20	16	14	14	12	16	14	11	11	17	17	17	13	16	15	13	15	12	13	28	18	21	20	17	14	11	15	12	9	18	19	20	20	19	19	14	14	10	9	13	15	14	12	18	13	10	10	9	4
	10	12	13	10	10	9	13	13	10	10	15	11	12	10	10	14	12	13	12	10	10	13	12	14	11	10	12	12	12	14	18	15	14	13	14	17	13	11	11	11	14	17	15	13	15	15	15	19	12	15	18	20	16	15	14	13	16	14	11	11	17	17	17	13	16	15	14	15	12	13	28	18	21	21	17	14	11	15	12	9	18	19	20	20	19	20	14	14	10	9	13	15	14	12	18	13	10	10	9	4
	10	13	13	10	10	9	13	13	10	10	15	12	12	10	10	14	12	13	12	10	10	13	12	14	11	10	12	12	13	14	18	15	14	13	14	17	14	11	11	11	14	18	15	13	15	15	15	19	12	15	18	20	17	15	14	13	16	14	11	11	17	17	17	13	16	16	14	15	12	13	28	18	21	21	17	14	12	15	12	9	18	19	20	21	19	20	14	14	10	9	13	15	14	12	19	13	10	10	9	4
	11	13	13	10	10	9	13	13	10	10	15	12	13	10	10	14	12	13	12	10	10	13	12	14	11	10	12	13	13	14	18	15	14	13	14	18	14	11	11	11	15	18	15	13	15	15	15	19	12	15	18	21	17	15	14	13	16	14	11	11	17	17	17	13	17	16	14	15	12	13	28	18	21	21	17	14	12	15	12	9	18	19	20	21	20	20	14	15	10	9	13	15	14	13	19	13	10	10	9	4
	11	13	13	10	10	9	13	13	10	10	16	12	13	11	10	14	12	13	12	10	10	13	12	14	11	11	12	13	13	14	19	15	14	13	14	18	15	11	11	11	15	18	15	13	15	15	15	19	12	15	18	21	17	15	14	13	16	14	11	11	17	18	17	14	17	16	14	15	12	13	28	18	21	21	18	14	12	15	12	9	18	19	20	21	20	20	15	15	10	9	13	15	15	13	19	13	10	10	9	4
	11	13	13	10	10	9	13	13	10	10	16	12	13	11	11	14	12	13	12	10	11	13	12	15	11	11	12	13	13	14	19	15	14	13	14	18	15	11	11	11	15	19	15	13	15	15	16	19	12	15	18	21	18	15	14	13	16	14	11	11	17	18	17	14	17	16	14	15	12	13	29	18	21	21	18	15	12	15	12	9	18	19	20	21	20	21	15	15	10	9	13	16	15	13	19	13	10	10	9	4
	11	13	13	10	11	9	13	13	10	10	16	12	13	11	11	14	12	13	12	10	11	14	13	15	11	11	12	13	13	14	19	15	14	13	14	18	15	11	11	11	15	19	16	13	15	15	16	19	12	15	18	22	18	15	14	14	16	14	11	11	17	18	17	14	17	17	14	15	12	13	29	18	21	21	18	15	12	15	12	9	19	20	20	21	20	21	15	15	10	9	13	16	15	13	19	14	10	10	9	4
	11	13	13	10	11	10	13	13	10	10	16	12	13	11	11	14	12	13	12	10	11	14	13	15	11	11	12	13	13	14	20	16	15	13	14	18	15	11	11	11	15	19	16	13	15	16	16	19	12	15	18	22	18	15	15	14	16	14	11	11	17	19	17	14	17	17	14	15	12	13	30	18	21	21	18	15	12	15	12	9	19	20	20	21	20	21	15	15	10	9	14	16	15	13	19	14	11	10	9	4
	11	13	13	10	11	10	13	13	10	10	16	12	13	11	11	15	12	13	12	10	11	14	13	15	11	11	12	13	13	14	20	16	15	14	15	18	15	11	11	11	16	20	16	13	15	16	16	19	12	15	18	22	18	15	15	14	16	14	11	11	18	19	17	14	18	17	14	15	12	13	30	19	21	21	18	15	12	15	12	9	20	20	20	21	20	21	15	15	10	9	14	16	15	13	19	14	11	11	9	4
	11	13	13	10	11	10	13	13	10	10	16	12	13	11	11	15	12	13	12	10	11	14	13	15	12	11	13	13	13	14	20	16	15	14	15	18	15	11	11	11	16	20	16	13	16	16	16	19	12	15	19	23	18	15	15	14	16	14	11	11	18	19	17	14	18	17	14	15	12	13	31	19	21	22	18	15	12	15	12	9	20	21	21	21	20	21	15	15	10	9	14	16	15	13	19	14	11	11	10	4
	11	13	13	10	11	10	13	13	10	10	16	12	13	11	11	15	12	13	12	10	11	14	13	15	12	12	13	13	13	14	20	16	15	14	15	18	16	11	11	11	16	20	16	13	16	16	16	19	12	15	19	23	18	16	15	14	16	14	11	11	18	20	18	14	18	17	14	15	12	13	31	19	22	22	18	15	12	15	12	9	21	21	22	21	21	21	15	15	10	9	14	16	15	13	19	14	11	11	10	5
	11	13	13	10	11	10	13	13	10	10	16	12	13	11	11	15	12	13	12	10	11	14	13	15	12	12	14	13	13	14	20	16	15	14	15	18	16	11	11	11	16	20	16	14	16	16	16	20	12	15	19	23	18	16	15	14	16	14	11	11	19	20	18	15	18	17	14	15	12	13	31	19	22	22	18	15	12	15	12	9	21	21	23	22	21	21	15	15	10	10	15	16	15	13	20	14	11	11	10	5
	11	13	13	10	11	10	13	13	10	10	16	12	13	11	11	16	12	13	12	10	11	14	13	15	12	12	14	13	13	14	20	16	15	14	15	18	16	11	11	11	16	20	16	14	16	16	17	20	12	15	19	23	19	17	15	14	16	14	11	11	19	20	18	15	18	17	14	15	12	13	32	19	22	23	18	15	12	15	12	10	21	21	23	22	21	21	15	15	10	10	15	17	16	13	20	15	11	11	10	5
	11	13	13	10	11	10	13	13	10	10	16	12	13	11	11	16	13	13	12	10	11	14	13	15	12	12	14	13	13	14	20	16	15	14	15	18	16	11	11	11	16	20	17	14	16	17	17	20	12	15	19	23	19	17	15	14	16	14	11	11	19	20	18	15	19	17	14	15	12	14	32	19	22	23	19	15	12	15	12	10	22	22	23	22	21	21	15	15	10	10	15	17	16	14	20	15	12	11	10	5
	11	13	13	10	11	10	14	13	10	10	16	12	13	11	11	16	13	13	12	10	11	14	13	15	12	12	14	13	13	14	20	16	16	14	16	18	16	11	11	11	16	20	17	14	16	17	17	20	12	15	19	23	19	17	15	14	16	14	12	11	19	20	18	15	19	18	14	15	12	14	32	20	22	23	19	15	12	15	12	10	22	22	23	22	22	21	15	15	10	10	16	17	16	14	21	15	12	12	10	5
	11	13	13	10	11	11	14	13	10	10	16	12	13	11	11	16	13	13	12	10	11	14	13	16	13	12	14	13	13	14	20	16	16	14	16	18	16	11	11	11	16	20	17	14	16	17	17	20	13	15	19	23	19	17	15	14	16	14	12	11	19	20	18	15	19	18	15	15	12	14	32	20	23	23	19	15	12	15	12	10	22	22	23	22	22	22	15	15	10	10	16	18	16	14	21	16	12	12	11	5
	11	13	13	10	11	11	14	13	10	10	16	12	14	12	12	16	13	13	12	10	11	14	13	16	13	12	14	13	13	14	20	16	16	14	16	18	16	12	11	11	16	20	17	14	16	17	17	20	13	15	19	23	19	17	15	14	16	14	12	11	19	20	18	15	19	18	15	16	12	14	32	20	23	24	20	15	12	15	12	10	22	22	24	22	22	22	15	15	10	10	16	18	16	14	21	16	13	12	11	6
	11	13	13	11	12	11	14	13	10	10	16	12	14	12	12	16	13	13	12	10	11	14	13	16	14	12	14	13	14	14	20	16	16	14	16	18	16	12	11	11	16	20	17	14	16	17	17	20	13	15	19	23	19	17	15	14	16	15	12	11	19	20	18	15	19	18	15	16	12	14	32	21	23	24	20	16	12	15	12	10	22	22	24	23	22	22	16	15	10	10	16	18	16	14	21	16	13	12	12	6
	11	13	14	11	12	12	14	13	10	10	16	12	14	12	12	16	13	14	12	10	11	14	13	16	14	13	14	13	14	14	20	16	16	14	16	18	16	12	11	11	16	20	17	14	16	17	17	21	13	15	19	23	19	17	15	14	16	15	12	11	19	20	18	15	19	18	15	16	12	14	33	21	23	24	21	16	12	15	12	10	22	22	25	23	22	23	16	15	10	10	16	18	16	14	21	16	13	13	12	6
	11	14	14	11	12	12	14	14	10	10	16	12	14	12	12	17	13	14	12	10	11	14	13	16	14	13	14	13	14	14	20	16	16	14	16	19	16	13	11	11	16	20	17	14	16	17	17	21	13	15	19	23	19	17	15	14	16	15	12	11	19	21	18	15	19	18	15	16	12	14	33	21	23	25	21	16	12	15	12	10	22	23	25	23	23	23	16	15	10	10	16	18	16	14	21	16	14	13	12	6
	11	14	14	11	12	12	15	14	10	10	16	13	14	12	12	17	13	14	12	10	11	14	13	16	14	14	14	13	14	14	20	16	16	14	16	19	17	13	12	11	16	20	17	14	16	17	17	21	13	15	19	24	19	17	15	14	16	15	12	11	19	21	18	15	19	18	15	16	12	14	33	21	24	25	21	16	12	15	12	10	23	23	25	24	23	23	16	15	10	10	16	18	16	14	21	17	14	13	12	6
	11	14	14	11	12	13	15	14	10	10	17	13	14	12	12	17	13	14	12	10	11	14	13	16	14	14	14	13	14	14	20	16	16	14	16	20	17	13	12	12	16	20	17	14	16	17	17	22	13	15	19	24	20	17	15	14	16	15	12	11	19	21	18	15	19	18	15	16	12	14	34	22	24	25	21	16	12	15	12	10	23	23	26	24	23	23	16	15	10	10	16	18	16	14	22	17	14	13	12	6
	12	14	14	11	13	13	15	14	10	10	17	13	14	12	12	17	13	14	12	10	11	14	13	16	14	14	14	13	14	15	20	16	16	14	16	20	18	14	12	12	16	20	17	15	16	17	17	22	13	15	19	24	20	17	15	14	16	15	12	11	20	22	18	15	19	18	15	16	12	14	34	22	24	25	21	16	12	15	12	10	23	23	26	24	23	23	16	15	10	10	16	19	16	15	22	17	14	13	12	6
	12	15	14	12	13	13	15	14	10	10	17	13	14	12	12	17	13	14	13	10	11	14	13	16	14	14	14	14	15	15	20	16	16	15	16	20	18	14	12	12	16	20	17	15	16	17	17	22	13	15	20	25	20	17	15	14	16	15	12	11	20	22	18	15	19	18	15	16	12	14	34	22	24	25	21	16	12	15	12	10	23	23	26	25	23	23	16	15	10	10	17	19	16	15	22	17	14	13	12	6
	12	15	15	12	13	13	15	14	11	10	17	13	15	12	12	17	13	15	13	10	11	14	13	16	14	14	15	14	15	15	20	16	17	15	16	20	18	14	12	12	16	21	18	15	16	17	17	22	13	15	20	25	20	17	15	14	16	15	12	11	20	22	18	15	19	18	15	16	12	14	34	22	25	25	21	16	12	15	12	10	24	23	26	25	23	23	16	15	10	10	17	19	16	15	22	17	14	13	12	6
	12	15	15	12	13	13	15	15	11	11	17	14	15	12	12	17	14	15	13	10	11	14	14	17	14	14	15	14	15	15	21	17	17	15	16	20	18	14	12	12	16	21	18	15	16	17	17	22	13	15	20	25	20	17	15	14	16	15	12	11	20	22	19	15	19	18	15	16	12	14	35	22	25	25	21	16	12	15	12	10	24	23	26	25	23	23	16	15	10	10	17	19	16	15	22	17	14	13	12	6
	12	15	15	12	13	13	16	15	11	11	18	14	16	12	12	18	14	15	13	11	11	15	14	17	15	14	15	14	15	15	21	17	17	15	16	20	18	14	12	12	17	21	18	15	16	17	17	22	13	15	20	26	20	17	15	14	16	15	12	11	20	22	19	15	19	18	15	16	12	14	35	22	25	25	21	16	12	15	12	10	24	24	26	25	23	23	16	15	10	10	17	19	16	15	22	17	14	13	12	6
	12	15	15	12	13	13	16	15	11	11	18	14	16	13	13	18	15	15	13	11	12	15	14	17	15	15	15	14	15	16	22	17	17	15	16	20	18	14	12	12	17	21	18	15	16	17	17	22	13	15	21	26	21	17	15	14	16	15	12	11	20	22	19	15	19	18	15	16	12	14	35	22	25	25	21	16	12	15	12	10	24	24	27	25	23	23	16	15	10	10	17	19	16	15	22	17	14	13	12	6
	12	15	15	12	14	14	16	15	11	11	19	14	16	13	13	18	15	15	13	11	12	15	14	17	15	15	15	15	15	16	22	17	17	15	17	20	18	14	13	12	18	21	18	15	16	17	17	22	13	15	21	26	21	17	15	14	16	15	12	11	20	23	19	16	19	18	15	16	12	14	35	22	25	25	21	16	12	15	12	10	24	24	27	26	23	23	16	15	10	10	17	19	16	15	22	17	14	13	12	6
	13	15	15	13	14	14	16	15	11	11	19	14	16	13	13	19	15	15	13	11	12	15	14	17	15	15	15	15	15	16	22	17	17	15	17	20	18	15	13	12	18	21	18	15	17	17	17	22	14	15	22	26	21	17	15	14	16	15	12	11	20	23	19	16	19	18	15	16	12	14	36	22	25	26	21	16	12	15	12	10	24	24	27	26	23	23	16	15	10	10	17	19	17	15	22	17	14	13	12	6
	13	16	16	13	14	14	16	15	11	11	19	14	16	13	13	19	15	15	13	11	12	15	14	17	15	15	16	15	15	16	22	17	17	15	17	20	18	15	13	12	18	21	18	15	17	17	17	23	14	16	22	26	21	17	16	14	16	15	12	11	20	24	19	16	19	18	15	16	12	14	36	22	25	26	21	16	12	15	12	10	25	24	27	26	24	23	16	15	10	10	17	19	17	16	22	17	14	13	12	6
	13	16	16	13	14	14	16	15	11	11	19	15	17	13	13	19	15	15	13	11	12	15	14	17	15	15	16	15	15	16	22	17	17	15	17	21	18	15	13	12	18	21	18	15	17	17	17	23	14	16	22	26	21	17	16	15	17	15	13	11	20	24	19	16	19	18	15	16	12	14	37	22	25	26	21	16	12	15	12	10	25	24	27	26	25	23	16	15	10	10	18	19	17	16	23	17	14	13	12	6
	13	16	16	13	14	14	16	15	11	11	19	15	17	13	13	19	15	15	13	11	12	15	15	18	15	15	16	15	15	16	22	17	17	15	18	21	18	15	13	12	18	21	18	15	17	18	18	23	14	16	22	26	21	17	16	15	17	15	13	12	20	24	19	16	19	18	15	16	12	14	37	22	25	26	22	16	12	15	12	10	26	24	27	26	25	24	16	15	10	10	18	20	17	16	23	17	14	13	12	6
	13	16	16	13	14	14	16	15	11	11	19	15	17	13	13	19	15	15	13	11	12	15	15	18	16	15	16	15	15	16	22	17	18	16	18	22	18	15	13	12	18	21	18	15	18	18	18	23	14	16	22	26	21	17	16	15	17	15	13	12	20	24	19	16	19	19	15	16	12	15	37	22	25	26	22	17	12	15	12	10	26	24	27	26	25	24	16	15	10	10	19	20	18	16	23	17	14	13	12	6
	13	16	16	13	14	14	16	15	11	11	19	15	17	14	13	19	15	15	13	11	12	15	15	19	16	15	16	15	15	16	22	17	18	16	18	22	19	15	13	12	18	21	18	16	18	18	18	23	14	16	22	26	21	18	17	15	17	15	13	12	20	24	19	16	19	19	15	16	13	15	37	22	25	26	23	17	12	15	12	10	26	24	27	26	25	24	16	15	10	10	19	21	18	17	23	17	14	13	12	6
	13	16	16	13	14	14	16	15	11	11	19	15	18	14	14	19	15	15	13	11	12	15	15	19	16	15	17	15	15	16	22	17	18	16	18	22	19	15	13	12	18	21	18	16	18	18	18	23	14	16	22	26	22	18	17	16	17	15	13	12	20	24	19	16	20	19	15	16	13	15	37	22	25	27	23	17	12	16	12	10	26	24	27	26	25	24	16	15	10	10	19	21	19	17	24	17	14	13	12	6
	13	16	16	14	14	14	16	15	11	11	19	15	18	14	14	19	15	15	13	11	12	15	15	19	16	16	17	15	15	16	22	17	18	16	18	22	20	15	13	12	18	21	18	16	18	18	18	23	14	16	22	26	22	18	17	16	17	15	13	12	20	24	19	17	20	20	16	16	13	15	37	22	25	27	23	17	13	16	12	10	26	24	27	27	26	24	16	15	10	10	19	21	19	18	24	17	14	13	12	6
	13	16	16	14	15	14	16	15	11	11	19	15	18	14	14	20	15	15	13	11	12	15	15	19	16	16	17	15	15	16	22	17	18	16	18	22	20	15	13	12	18	21	18	16	18	18	18	24	14	16	22	26	22	18	17	16	17	15	13	12	20	24	19	17	21	20	17	16	13	15	37	22	26	27	23	18	13	16	12	10	26	24	27	27	26	25	16	16	10	10	19	21	20	18	24	17	14	13	12	6
	13	16	16	14	15	14	17	15	11	11	19	15	18	14	15	20	15	15	13	11	12	15	15	19	16	16	17	15	15	16	22	17	18	16	18	22	20	15	13	12	18	21	18	16	18	18	18	24	14	16	22	26	22	18	17	16	17	16	13	12	20	24	19	17	21	21	17	17	13	15	37	23	26	27	23	18	13	16	12	10	26	24	28	27	27	25	17	16	11	10	19	21	20	18	24	17	14	13	12	6
	13	16	16	14	15	14	17	16	11	11	19	15	18	14	15	20	15	15	13	11	12	15	15	19	16	17	17	15	15	16	22	17	18	16	18	22	20	15	13	12	18	21	18	16	18	18	18	24	15	16	22	26	22	18	17	16	18	16	13	12	20	24	20	17	21	21	18	17	13	15	37	23	26	27	23	18	13	16	13	10	26	25	28	28	27	25	17	17	11	10	19	21	20	18	24	17	14	13	12	6
	13	16	16	14	15	14	17	16	12	11	19	15	18	14	15	21	15	15	13	11	12	15	15	19	16	17	17	15	15	16	22	17	18	16	18	22	20	15	14	12	18	21	18	16	18	18	19	24	15	16	22	27	22	18	17	17	18	16	13	12	20	24	20	17	21	21	18	17	13	15	38	23	26	27	23	18	13	16	13	11	26	25	29	28	27	25	17	17	12	10	19	21	20	18	24	17	14	13	12	6
	13	16	16	14	15	14	18	16	12	11	19	15	18	14	15	21	15	15	14	11	12	15	15	19	16	17	17	15	15	16	22	17	18	16	18	22	20	15	14	13	18	22	18	16	18	19	19	24	15	16	22	27	22	18	17	17	19	16	13	12	21	24	20	17	21	21	18	17	13	15	38	23	26	27	23	18	13	16	14	11	26	26	29	28	27	25	17	17	12	11	19	21	20	18	24	17	14	13	12	6
	13	16	16	14	15	14	18	17	12	11	19	15	18	14	15	21	15	15	14	11	12	15	15	19	16	17	17	15	16	17	22	17	18	16	19	22	20	15	14	13	18	22	18	16	18	19	19	24	15	16	23	28	22	18	17	17	19	16	13	12	21	24	20	17	21	21	19	17	13	16	38	23	26	27	23	18	13	16	14	11	27	26	29	28	27	25	17	17	12	11	19	21	20	18	24	17	14	13	13	6
	13	16	16	14	15	14	18	17	13	11	19	15	18	14	15	21	15	16	14	11	12	15	15	19	17	17	17	15	16	17	22	17	18	16	19	22	20	15	15	13	19	22	18	16	18	19	19	24	15	16	23	28	22	18	17	17	19	16	14	12	21	24	21	17	21	21	19	17	13	16	39	23	26	27	23	19	13	16	14	11	27	26	29	28	27	25	17	17	12	11	19	21	20	18	24	17	14	14	13	6
	13	16	16	14	15	14	18	17	13	12	19	15	18	15	15	21	16	16	14	11	12	15	15	19	17	17	17	15	16	17	23	17	18	16	19	22	20	16	15	13	19	22	18	16	18	19	19	24	15	16	23	28	22	18	17	17	19	17	14	12	22	24	21	17	21	21	19	17	13	16	39	23	27	27	23	19	13	16	14	11	27	26	29	28	27	26	17	17	12	11	19	21	20	18	24	17	15	14	13	6
	13	16	16	14	15	14	18	17	13	12	19	15	18	15	16	21	16	16	14	12	12	15	15	19	17	17	17	16	16	17	23	18	18	16	19	22	20	16	15	13	19	22	18	16	18	19	19	25	15	16	24	28	22	18	17	17	19	17	14	12	22	24	21	17	21	21	19	18	13	16	39	23	27	27	23	19	13	16	14	11	27	26	29	29	27	26	17	17	12	11	19	21	20	18	25	18	15	14	13	6
	13	16	16	14	15	14	18	17	13	12	19	15	18	15	16	21	16	16	15	12	12	15	15	19	17	18	17	16	16	17	23	18	18	16	19	22	20	17	15	13	19	23	19	16	18	19	19	25	15	16	24	28	22	18	17	17	20	17	14	12	22	24	21	17	21	21	19	18	14	16	39	23	27	28	23	19	13	16	14	11	27	26	29	29	28	26	18	17	12	11	19	21	20	18	25	18	15	14	13	6
	13	16	16	14	15	14	18	17	13	12	19	15	18	15	16	22	16	16	15	12	12	15	15	19	17	18	17	16	17	17	23	18	18	16	19	22	20	17	15	13	19	23	19	16	18	19	20	26	15	16	24	29	23	18	17	17	20	17	14	12	22	24	21	17	21	21	19	18	14	16	39	23	27	28	24	19	14	17	14	11	27	26	29	29	28	26	18	17	12	11	19	21	20	19	25	18	15	14	13	6
	13	16	16	14	15	14	19	17	13	12	19	15	18	15	16	22	16	16	15	12	12	15	15	19	17	18	17	17	17	17	23	18	18	16	19	22	21	17	15	13	19	23	19	16	18	20	20	26	15	16	24	29	23	18	17	17	20	17	14	12	22	25	21	18	22	21	20	18	14	16	39	23	27	28	24	19	14	17	14	11	27	26	29	29	28	26	18	18	12	11	19	21	21	19	25	18	15	14	13	6
	13	16	16	14	15	15	19	17	13	12	19	15	18	15	16	22	16	16	15	12	12	15	15	19	17	18	18	17	17	17	23	18	18	16	20	23	21	17	15	13	19	23	19	16	18	20	20	26	15	16	24	29	23	18	18	17	20	17	14	12	22	25	22	18	22	22	20	18	14	16	40	23	27	28	24	19	14	17	14	11	27	26	29	29	28	26	18	18	13	11	19	22	21	19	25	18	15	14	13	6
	13	16	16	14	16	15	19	17	13	12	19	15	18	15	16	22	16	16	15	12	12	15	15	19	17	19	18	17	17	17	23	18	18	17	20	23	21	17	15	13	19	23	19	16	18	21	21	26	15	16	24	29	23	18	18	18	20	17	14	12	22	26	22	18	22	22	20	18	14	16	40	23	27	28	24	19	14	17	14	11	28	26	29	29	28	26	18	18	13	12	20	22	21	19	25	18	15	14	13	6
	13	16	16	15	16	15	19	17	13	12	19	15	18	15	16	22	16	16	15	12	12	15	15	19	18	19	18	17	17	17	23	18	19	17	20	23	21	17	15	13	19	23	19	16	18	21	21	27	15	16	24	29	23	18	19	18	21	17	14	12	22	26	22	18	22	22	20	18	14	16	41	23	27	28	24	19	14	17	14	11	28	27	29	29	28	26	18	18	13	12	20	23	21	19	25	18	15	14	13	7
	13	16	17	15	16	15	19	17	13	12	19	15	18	15	16	22	16	16	15	12	12	15	15	19	18	19	18	17	17	17	23	19	19	18	20	23	21	17	15	13	19	23	19	16	18	21	21	27	16	16	24	29	23	18	19	18	21	18	14	12	22	26	22	18	23	22	20	18	14	16	41	24	27	28	24	19	14	17	14	11	28	27	30	29	28	26	18	18	13	12	20	23	22	19	25	18	15	14	14	7
	13	17	17	15	16	15	19	17	13	12	19	15	18	15	16	22	16	16	15	12	12	15	15	19	18	19	18	17	17	17	23	19	20	18	20	23	21	17	15	13	19	23	20	16	18	21	21	27	16	17	24	29	23	18	19	18	21	18	15	12	22	26	22	18	23	22	20	18	14	16	41	24	28	29	24	19	14	17	14	11	28	27	30	30	28	26	18	18	13	12	20	23	22	20	25	18	15	15	14	7
	14	17	17	15	16	15	19	17	13	12	19	15	18	15	16	22	16	16	15	12	12	15	16	19	18	19	18	17	17	17	23	19	20	18	20	23	21	17	15	14	19	23	20	17	18	21	21	27	16	17	24	29	23	18	19	18	21	18	15	13	22	26	22	19	23	22	20	18	14	16	41	24	28	29	24	19	14	17	14	11	28	27	31	30	29	26	18	18	13	12	20	23	22	20	26	18	16	15	14	7
	14	17	17	15	16	15	19	17	13	12	20	16	18	15	16	22	16	16	15	12	12	15	16	19	18	19	18	17	17	18	23	19	20	18	20	23	21	17	15	14	19	23	20	17	19	21	21	27	16	17	24	29	23	19	19	18	21	18	15	13	22	26	22	19	23	22	20	18	14	17	41	24	28	29	24	19	14	17	14	11	28	28	31	30	29	27	18	18	13	12	20	23	22	21	26	19	16	15	14	7
	14	17	17	15	16	15	19	17	13	12	20	16	19	15	16	22	16	16	15	12	13	15	16	19	18	19	18	17	17	18	23	19	20	18	20	23	21	17	16	14	19	23	20	17	19	22	21	27	16	17	24	29	24	19	19	18	21	18	15	13	22	26	22	19	23	22	20	18	14	17	41	24	28	29	24	20	14	17	14	12	29	28	31	30	29	27	19	18	13	12	20	23	23	21	26	19	16	15	14	7
	14	17	17	15	16	15	19	17	13	12	20	16	19	15	16	22	16	16	15	12	13	15	16	20	18	19	18	17	17	18	24	19	20	18	20	23	21	18	16	14	19	23	20	17	19	22	22	27	16	17	24	30	24	19	19	18	21	18	15	13	22	26	22	19	23	22	20	18	14	17	42	24	28	29	25	20	15	17	14	12	29	28	31	30	29	27	19	18	13	13	20	24	23	21	26	19	16	15	14	7
	14	17	17	15	16	15	19	17	13	12	20	16	19	16	16	22	16	16	15	12	13	15	16	20	18	19	18	17	17	18	24	19	20	18	20	23	21	19	16	14	20	23	20	17	19	22	22	28	16	17	24	30	24	19	19	18	21	18	15	13	23	27	22	19	23	23	20	19	14	17	42	24	28	29	25	20	15	17	14	12	29	28	31	30	29	27	19	18	13	13	21	24	23	21	26	19	16	15	14	8
	14	17	17	15	16	15	19	17	13	12	20	16	19	16	17	22	16	16	15	12	13	15	16	20	18	19	18	17	18	18	24	19	20	18	20	23	22	19	16	14	20	24	20	17	19	22	22	28	16	17	25	30	24	19	19	18	21	19	15	13	23	27	22	19	24	23	20	19	14	17	43	24	28	29	25	20	15	17	14	12	30	28	31	30	29	27	19	18	13	13	21	24	23	21	26	19	16	15	15	8
	14	17	17	15	16	15	19	17	13	12	20	16	19	16	17	23	16	17	15	12	13	15	16	20	18	19	18	18	18	18	24	20	20	18	20	23	22	19	16	14	20	24	20	17	19	22	22	28	17	17	25	31	24	19	19	18	21	19	15	13	23	27	22	19	24	23	20	19	14	17	43	25	28	30	25	20	15	17	14	12	30	29	31	30	29	27	19	18	14	13	21	24	23	21	26	19	16	15	15	8
	14	17	17	15	16	15	20	18	13	12	20	16	19	16	17	23	17	17	15	12	13	16	16	20	18	19	18	18	18	18	24	20	20	18	20	23	22	19	16	14	20	24	20	17	19	22	22	28	17	18	25	31	24	19	19	18	21	19	15	13	23	27	23	19	24	23	20	19	14	17	43	25	29	30	25	20	15	17	14	12	30	29	32	31	29	27	19	19	14	13	21	24	23	21	26	19	16	15	15	8
	14	17	17	15	16	16	20	18	14	12	20	16	19	16	17	23	17	17	15	12	13	16	17	20	18	19	19	18	18	18	24	20	20	18	20	23	22	19	16	15	20	24	20	17	19	22	22	28	17	18	25	31	24	19	19	18	21	19	15	13	23	27	23	20	24	23	20	19	14	17	43	25	29	31	25	20	15	17	14	12	30	29	32	31	30	27	19	19	14	13	21	24	24	21	26	19	16	16	15	8
	14	17	17	15	17	16	20	18	14	13	20	16	20	16	17	23	17	17	15	12	13	16	17	20	18	19	19	18	18	19	24	20	20	18	20	24	22	19	16	15	20	24	20	17	19	22	22	28	17	18	25	31	24	20	19	18	21	19	15	13	23	27	23	20	24	23	20	19	14	17	43	25	29	31	26	20	15	17	14	12	30	29	32	31	30	27	19	19	14	13	21	24	24	22	27	19	17	16	15	8
