	0	0	0	0	0	0	1	1	0	0	0	0	0	0	0	0	0	0	0	1	0	0	0	0	0	0	0	0	0	0	0	0	0	0	0	0	0	0	0	0	0	0	0	0	0	0	0	0	0	0	0	0	1	0	0	0	0	0	0	0	0	1	0	0	0	0	0	0	0	0	0	0	0	0	0	0	0	1	1	0	0	0	0	1	0	0	0	0	0	1	0	0	0	0	0	0	0	0	1	0
	0	0	0	0	0	1	1	1	1	1	0	0	0	0	0	0	0	0	0	1	0	0	0	0	0	0	0	0	0	0	0	0	0	0	0	0	0	0	0	0	0	0	1	0	0	0	0	0	0	0	1	0	1	0	0	0	0	0	0	0	0	1	0	0	0	0	0	0	1	1	0	0	0	1	0	0	0	1	1	1	0	0	0	1	0	0	0	0	1	1	0	0	0	0	0	0	0	0	1	0
	0	0	0	0	1	1	1	1	1	1	0	0	0	0	0	0	0	1	1	1	0	0	0	0	0	0	0	0	0	0	0	1	0	0	0	0	0	0	0	0	1	0	1	0	0	0	0	0	0	0	1	0	1	0	0	0	0	1	1	0	0	1	0	1	0	0	0	0	1	1	0	0	0	1	0	0	0	1	2	1	0	0	0	1	0	0	0	1	1	1	0	0	0	0	0	0	0	0	1	0
	0	0	0	1	1	1	1	1	1	1	0	0	0	0	0	0	1	1	1	1	0	1	0	0	0	0	0	0	1	0	1	1	0	0	0	0	0	0	0	0	1	0	1	0	0	0	0	1	1	0	1	0	2	0	0	0	0	1	1	0	0	1	0	1	0	0	0	0	1	1	0	0	0	1	0	0	1	1	2	1	0	0	0	1	0	0	0	1	2	1	0	0	0	0	0	0	0	0	1	0
	0	0	1	1	1	1	1	1	1	1	1	0	0	0	0	0	1	1	1	1	1	1	0	0	0	0	1	1	1	0	1	1	0	0	0	0	1	1	0	0	1	0	2	0	0	0	0	1	1	0	1	0	2	0	0	0	0	1	1	0	0	1	0	1	0	0	1	0	1	1	0	0	0	1	0	0	1	1	2	1	0	0	0	1	0	0	0	2	2	1	0	0	0	0	0	0	0	0	1	0
	1	1	1	1	1	1	1	1	1	1	1	0	0	0	0	0	1	2	1	1	1	2	0	0	0	1	1	1	1	0	1	2	0	0	0	1	1	1	1	0	1	0	2	0	0	0	0	1	1	0	1	0	2	0	0	1	0	1	1	0	0	1	0	1	0	0	1	0	1	1	0	0	0	1	0	0	2	1	2	1	0	0	0	1	0	0	0	2	2	1	0	0	0	0	0	0	0	0	1	0
	1	1	1	1	1	1	1	2	1	1	2	1	0	0	1	0	1	2	1	1	1	2	1	0	0	1	1	1	1	1	1	2	1	0	1	1	1	1	1	0	1	0	2	0	0	1	0	1	1	0	1	0	2	0	0	1	0	1	1	0	0	1	0	1	0	0	2	0	1	1	0	0	0	1	0	0	2	1	2	1	0	0	0	1	0	0	0	2	2	1	0	0	0	0	0	0	0	0	1	0
	1	1	1	1	2	1	2	2	1	1	2	1	1	0	1	0	1	2	1	1	2	2	1	1	1	1	1	1	1	1	1	2	1	1	1	1	1	1	1	1	1	0	2	0	1	1	0	1	1	0	1	0	2	0	0	2	0	1	1	0	0	1	0	1	0	0	2	0	1	1	0	0	0	1	0	0	2	1	2	1	0	0	0	1	0	0	0	2	2	1	0	0	0	0	0	0	0	0	1	0
	1	1	1	2	2	2	2	2	1	1	2	1	1	1	2	0	1	2	1	1	2	2	1	1	1	1	1	1	1	1	2	2	2	1	1	1	1	1	1	1	1	0	2	1	1	2	0	1	1	1	1	0	2	1	0	2	0	1	1	0	0	1	0	1	0	0	2	0	1	1	0	0	0	1	0	0	2	1	2	1	0	0	0	1	0	0	0	2	2	1	0	0	0	0	0	0	0	0	1	0
	1	1	2	2	3	2	2	2	1	1	2	1	1	1	2	1	1	2	1	1	2	2	1	1	1	2	1	1	1	1	2	2	2	1	2	1	1	1	1	1	1	1	3	1	1	2	0	1	1	1	1	0	3	1	1	2	0	1	1	1	0	1	0	1	0	0	2	0	1	1	0	0	0	1	0	0	2	1	2	1	0	0	0	1	0	0	0	2	2	1	0	0	0	0	0	0	0	0	1	0
	1	2	2	2	3	3	2	2	1	1	2	1	1	1	2	1	2	2	1	1	2	2	1	1	1	2	2	1	1	1	2	2	2	1	2	1	1	1	1	1	1	1	3	1	2	2	0	1	1	1	2	1	3	1	1	2	0	1	1	1	0	1	1	1	1	0	2	0	1	2	0	0	0	1	0	0	2	1	2	1	0	0	0	1	0	0	0	2	2	1	0	0	0	0	0	0	0	0	1	0
	2	2	2	2	3	3	2	2	1	1	2	1	1	1	2	2	2	2	1	1	2	2	1	1	1	2	2	2	1	1	2	2	2	1	2	1	2	1	1	1	1	1	3	1	2	2	0	1	1	1	2	1	3	2	1	2	0	1	1	1	1	2	1	1	1	1	2	0	1	2	0	1	0	1	0	0	2	1	3	1	0	0	0	1	0	0	0	2	2	1	0	0	0	0	0	0	0	0	1	0
	2	2	2	2	3	3	3	2	1	1	3	1	1	1	2	2	2	2	1	1	2	2	1	1	1	2	2	2	2	1	2	2	2	1	2	1	2	1	1	1	1	1	3	1	2	2	1	1	1	1	3	1	3	2	2	2	0	1	1	1	1	2	1	1	1	1	2	0	1	2	1	1	0	1	1	0	2	1	3	1	0	1	0	1	0	0	0	2	3	1	0	0	0	0	0	0	0	0	1	0
	2	2	2	2	3	3	3	3	1	1	3	1	1	1	2	2	2	2	1	1	3	2	1	1	1	2	2	2	2	2	2	2	2	1	2	1	2	1	1	1	2	1	3	1	2	2	1	1	1	1	3	1	3	2	2	2	1	1	1	1	1	2	1	1	2	1	2	0	1	2	1	1	0	1	1	1	2	1	3	1	1	1	1	1	0	0	0	3	3	1	0	0	0	0	0	0	0	0	1	0
	2	2	2	2	3	3	3	3	2	1	3	1	1	1	2	2	2	2	1	1	3	2	1	1	1	2	2	2	2	2	3	2	2	1	2	1	2	1	2	1	2	2	3	1	2	2	1	1	1	1	3	1	3	2	2	2	1	1	1	1	1	2	1	1	2	2	2	1	1	2	1	1	0	1	1	1	3	1	3	1	1	1	1	1	0	1	0	3	3	1	1	1	0	0	0	0	0	0	1	0
	2	2	2	2	3	3	3	3	2	2	3	1	1	1	2	2	2	2	1	1	3	3	1	1	1	2	2	2	2	2	3	3	2	1	2	1	2	1	2	2	2	2	3	1	2	2	1	1	1	1	3	1	3	2	2	2	1	1	1	1	1	2	1	1	2	2	2	1	1	2	1	1	0	1	2	2	3	2	3	1	1	2	1	1	1	1	0	3	3	1	1	1	1	0	0	0	0	0	1	0
	2	2	2	2	3	3	3	3	2	2	3	2	1	1	2	2	2	2	1	2	3	3	2	1	1	2	2	2	2	2	3	3	2	1	2	1	2	1	2	2	2	2	3	1	2	2	1	1	1	2	3	1	3	2	2	2	1	1	1	1	1	2	1	1	2	2	2	1	2	2	1	2	0	2	2	2	3	2	3	1	1	2	1	1	1	2	0	3	3	1	1	1	1	1	1	0	0	0	1	0
	2	3	2	2	3	3	3	3	2	2	3	2	1	1	2	2	2	2	1	2	3	3	2	2	1	2	2	2	2	3	3	3	2	1	2	1	2	1	2	2	2	2	3	1	2	2	1	1	1	2	3	1	3	2	2	2	1	2	1	2	1	2	1	2	2	2	2	1	2	2	1	2	1	2	2	2	3	2	3	1	1	2	1	2	1	2	1	3	3	1	1	1	1	1	1	1	0	0	1	0
	3	3	2	2	3	3	3	3	2	2	3	2	1	1	2	2	2	2	1	2	3	3	2	2	2	2	2	2	2	3	3	3	2	1	2	1	2	1	3	2	2	2	3	1	2	2	1	1	1	2	3	1	4	2	2	2	1	2	2	2	1	2	2	2	2	2	2	1	2	3	1	2	1	3	2	2	3	2	3	1	1	2	1	2	1	3	1	3	3	1	1	1	1	1	1	1	1	0	1	0
	3	3	2	2	3	3	3	3	2	2	4	2	1	1	2	2	2	2	1	2	3	3	2	2	2	3	2	2	2	3	3	3	2	1	2	1	2	1	3	3	2	2	3	2	2	2	1	1	2	2	3	2	4	2	2	2	1	2	2	2	1	2	2	3	2	2	2	1	2	3	1	2	1	3	2	2	3	2	3	2	1	2	1	2	2	3	1	3	3	1	1	1	1	1	1	1	1	1	1	0
	3	3	2	2	3	3	3	3	2	2	4	2	1	1	2	3	2	2	1	2	4	3	2	2	2	3	2	2	2	3	3	3	2	2	2	1	2	1	3	3	2	3	3	2	2	2	1	2	2	3	3	2	5	2	2	2	1	2	2	2	1	2	2	3	2	2	2	1	2	3	1	2	1	3	2	2	3	2	3	2	1	2	1	3	2	3	1	3	3	2	1	1	1	1	1	1	1	1	2	0
	3	3	2	2	3	3	4	3	2	2	4	2	1	1	2	3	2	2	1	2	4	3	2	3	2	3	2	2	2	3	4	3	2	2	2	1	2	2	3	3	3	3	3	3	2	2	1	2	2	3	3	2	5	2	2	2	1	2	2	3	1	2	2	3	2	2	2	1	2	3	1	2	2	3	2	2	3	2	3	2	1	2	1	3	2	3	1	3	4	2	1	1	1	1	1	1	1	1	2	1
	3	3	2	2	3	3	4	4	2	2	4	2	1	1	2	3	2	2	1	2	4	3	3	3	2	3	2	3	2	3	4	4	2	3	2	1	2	2	3	3	3	3	3	3	2	2	1	2	2	3	4	2	5	2	2	2	1	2	2	3	1	2	2	3	2	2	2	1	2	4	1	2	2	4	2	2	3	2	4	2	1	2	1	3	2	3	1	3	4	3	1	1	1	1	1	1	1	1	2	1
	3	3	2	2	3	3	4	4	3	2	4	2	2	1	2	3	2	3	1	2	4	3	3	4	2	3	2	3	2	3	4	4	3	3	2	1	2	2	3	3	3	3	3	3	2	2	1	2	2	3	4	2	5	2	2	2	1	2	2	3	2	2	2	4	2	2	2	1	3	4	1	2	2	4	2	2	3	3	4	3	1	2	1	3	2	3	1	3	4	3	1	1	1	1	1	1	1	1	2	1
	3	3	2	3	3	3	4	4	3	3	4	2	2	1	2	3	2	3	2	2	4	3	3	4	3	3	2	3	2	3	4	4	3	3	2	1	2	2	3	3	3	3	4	3	2	2	1	2	2	3	4	2	6	2	2	2	1	2	2	3	2	3	2	4	2	2	2	2	3	4	1	2	2	4	2	2	3	3	5	3	1	2	1	3	2	3	1	4	4	3	1	1	1	1	1	1	1	1	2	1
	3	3	2	3	4	3	4	4	4	3	4	2	2	2	2	3	2	3	2	3	4	3	3	4	3	3	2	3	2	3	4	4	3	3	2	1	2	2	3	3	3	3	4	3	2	2	1	2	2	3	4	3	6	3	2	2	1	2	2	3	2	3	2	4	2	2	3	2	3	4	2	2	2	4	2	2	4	4	5	3	1	2	1	3	2	3	1	4	4	3	1	1	1	1	1	1	1	1	2	1
	3	3	2	3	4	4	4	5	4	3	4	2	2	2	3	3	2	3	2	3	4	3	3	4	3	3	2	3	2	4	4	4	3	3	2	1	2	2	3	3	3	3	4	3	3	2	1	2	2	3	4	3	6	3	2	3	1	2	2	3	2	4	2	4	2	2	3	2	3	4	2	2	2	4	2	3	4	4	5	3	2	2	1	3	2	3	1	4	5	3	1	1	1	1	1	1	1	1	2	1
	3	3	2	3	4	4	5	5	4	3	4	2	2	2	3	3	3	3	2	3	4	3	3	4	3	4	2	3	3	4	4	4	3	3	3	1	2	2	3	3	3	3	4	3	3	3	1	2	2	3	4	3	6	3	2	3	1	2	2	3	3	4	2	4	2	3	3	2	3	4	2	2	2	4	2	3	4	4	5	3	2	2	1	3	2	3	1	4	5	3	2	1	1	1	1	1	1	2	2	1
	3	3	2	3	4	4	5	6	4	3	4	2	2	2	3	4	3	3	2	3	4	3	3	4	3	4	3	3	3	4	4	4	3	4	3	2	2	2	4	3	3	3	4	3	3	3	1	2	2	3	4	3	6	3	2	4	1	2	2	3	3	4	2	4	2	3	3	2	3	4	3	2	2	4	2	3	4	4	5	3	2	2	1	3	2	3	1	4	5	3	2	2	1	1	1	1	2	2	2	1
	3	3	2	3	4	4	5	6	4	3	4	2	2	2	4	4	3	4	2	3	4	3	3	4	3	4	3	4	3	4	4	4	3	4	3	2	3	2	4	4	3	3	4	4	3	4	1	2	2	3	4	3	6	3	2	4	1	2	2	3	3	4	2	4	2	3	3	2	3	4	3	2	2	4	2	3	4	4	5	3	3	2	2	3	2	3	2	4	5	3	2	2	1	1	1	1	2	2	2	1
	3	3	2	3	4	4	5	6	4	3	4	2	2	2	4	4	3	4	3	3	4	3	3	4	4	4	3	4	4	4	4	4	3	4	4	2	3	2	4	4	3	3	4	4	3	4	2	2	2	4	4	3	7	3	2	4	1	2	2	3	3	4	2	4	2	3	3	2	3	4	3	2	2	4	2	4	4	4	5	3	3	2	2	3	2	3	2	4	5	3	3	2	2	1	1	1	2	2	2	1
	3	3	2	3	4	4	5	6	4	3	4	2	2	2	4	4	3	4	3	4	4	3	3	5	4	4	3	4	4	5	4	4	3	5	4	2	3	2	4	4	3	3	4	4	3	4	2	2	2	4	4	3	7	3	2	4	2	2	2	4	3	4	3	4	2	4	3	2	3	4	3	2	2	4	2	4	4	4	5	3	3	2	2	3	2	3	2	4	5	3	3	3	2	2	1	1	2	2	2	1
	3	3	2	3	4	4	5	6	4	4	4	2	2	2	4	4	3	4	3	4	4	3	4	5	4	4	3	4	4	5	4	4	3	5	4	2	3	2	5	4	3	3	4	5	3	4	2	2	2	4	4	3	7	3	2	5	2	3	2	4	3	5	3	4	2	4	3	2	3	5	3	2	2	4	2	4	4	4	5	3	3	2	3	3	3	3	2	4	5	3	3	3	2	2	1	1	2	2	2	1
	3	3	2	3	4	4	5	6	5	4	4	2	2	2	4	4	3	4	3	4	4	4	4	5	4	4	3	4	4	5	4	4	3	5	4	2	3	2	5	4	3	3	4	5	3	5	2	2	3	4	5	3	8	3	2	5	2	3	3	4	3	5	3	4	2	4	3	2	3	5	3	2	2	4	3	4	4	4	6	3	3	2	3	3	3	3	2	4	5	3	3	3	3	2	1	1	2	2	2	1
	3	3	2	3	4	4	5	7	5	4	4	3	2	2	4	4	3	4	3	4	4	4	4	5	4	4	3	4	4	5	4	4	3	5	5	2	3	2	5	4	3	3	4	5	3	5	2	3	3	5	5	3	8	3	2	5	2	3	3	4	4	5	4	4	3	4	3	2	3	5	3	2	2	4	3	4	4	4	6	4	3	2	3	3	3	3	2	4	5	3	3	3	3	3	1	1	2	2	2	1
	3	4	2	3	4	4	6	7	5	4	4	3	2	2	4	4	3	4	3	4	4	4	4	5	5	4	3	4	4	5	4	4	3	5	5	2	3	3	5	5	3	3	4	5	3	5	2	3	3	5	5	3	8	4	2	5	2	3	3	4	4	6	4	4	3	4	3	2	3	5	4	2	2	4	3	4	4	4	6	4	3	2	3	3	4	3	2	4	5	4	3	3	3	3	1	1	2	2	2	1
	4	4	2	3	4	5	6	7	5	4	4	3	2	3	4	4	3	4	3	4	4	4	4	5	5	4	3	5	4	6	4	4	3	5	5	2	3	3	5	5	3	3	4	6	3	5	2	3	3	5	5	3	8	4	2	5	2	3	3	4	4	6	4	4	3	4	3	2	3	5	4	3	2	4	4	4	4	4	6	4	4	2	3	3	4	3	2	4	6	4	3	3	3	3	1	1	2	2	2	1
	4	4	2	4	5	5	6	7	5	4	5	3	2	3	4	4	4	4	3	4	4	4	4	5	5	4	3	5	5	6	4	4	4	5	5	2	3	3	5	5	3	3	4	6	3	5	2	3	3	5	5	3	8	4	2	5	2	3	3	4	4	6	4	4	4	4	3	2	3	5	4	3	2	4	4	4	4	5	6	4	4	3	3	3	4	3	2	4	6	4	4	3	3	3	1	1	2	2	2	1
	4	4	3	4	5	5	7	7	5	4	5	3	2	3	5	4	4	4	3	4	5	4	5	5	5	4	3	5	5	6	4	4	4	5	5	2	3	4	5	5	3	3	4	6	3	5	2	3	3	5	5	3	8	5	2	5	2	3	3	4	4	6	4	4	4	4	3	3	3	5	4	3	2	4	4	4	4	5	6	4	4	3	4	3	4	3	2	4	6	4	4	4	3	3	1	1	2	2	2	1
	4	5	3	4	5	6	7	7	5	4	5	4	2	3	5	4	4	4	3	4	5	4	5	5	5	5	3	5	5	6	5	4	4	5	5	2	3	4	5	5	3	3	4	6	4	5	2	4	3	5	5	3	8	5	2	5	3	3	3	4	4	6	4	4	4	4	3	3	3	5	4	3	2	4	4	4	4	5	6	4	4	4	4	3	4	3	2	4	6	4	4	4	4	3	1	1	2	2	2	1
	5	5	3	4	6	6	7	7	5	4	6	4	2	3	5	4	4	4	3	4	5	4	5	5	5	5	3	5	5	6	5	4	4	5	6	3	4	4	5	5	3	4	4	6	4	5	2	4	3	5	5	3	8	5	2	5	3	3	3	4	4	6	4	4	4	4	4	3	3	5	5	3	2	4	4	4	4	5	6	4	4	4	4	3	4	3	2	4	6	4	4	4	4	4	1	1	2	2	2	1
	5	6	3	5	6	6	7	7	5	4	6	4	2	3	5	4	4	4	3	4	6	4	5	5	5	5	4	5	5	6	5	4	4	6	6	3	4	4	5	5	3	4	4	6	4	5	3	4	3	5	6	3	8	5	2	5	3	3	3	4	5	6	4	4	4	5	4	3	3	5	5	3	2	4	4	4	4	5	6	4	4	4	4	3	5	3	2	4	6	4	4	4	4	4	1	1	2	2	2	1
	5	6	4	5	6	6	7	7	5	4	6	4	3	3	5	4	5	4	3	4	6	4	5	5	5	5	4	5	5	6	6	4	4	6	6	3	4	4	5	5	4	4	4	7	4	5	3	4	3	5	6	3	8	5	2	6	3	3	3	4	5	7	4	4	4	5	4	3	3	5	5	3	2	4	5	4	4	5	6	4	4	4	4	4	5	3	2	4	6	4	4	4	4	4	1	1	2	2	2	1
	5	6	4	5	6	6	7	7	5	4	6	5	3	3	5	5	5	4	3	4	6	4	5	6	5	5	4	5	5	6	6	5	5	6	6	3	4	4	5	5	4	5	4	7	4	5	3	4	3	5	6	4	8	5	3	6	3	3	3	4	5	7	4	4	5	5	4	3	3	5	5	3	2	5	5	4	4	5	6	4	4	4	4	4	5	3	2	4	6	4	4	4	4	4	1	1	2	2	2	1
	5	6	4	5	6	6	8	7	5	4	6	5	3	3	5	5	5	4	3	4	6	5	6	6	6	5	4	5	5	6	6	5	5	6	6	3	4	4	5	5	4	5	5	7	4	6	3	4	3	5	7	4	9	5	3	6	3	3	3	4	5	7	4	5	5	5	4	3	3	5	5	3	3	5	5	4	4	5	6	4	4	4	4	4	5	3	2	4	6	4	4	4	4	4	1	1	2	2	2	1
	5	6	4	5	6	6	8	8	5	4	7	5	3	4	5	5	5	4	3	4	6	5	6	7	6	5	4	5	5	6	6	5	5	6	6	3	4	4	5	5	4	5	5	8	5	6	3	4	3	5	7	4	9	6	3	6	3	3	3	4	6	7	5	5	5	5	4	3	3	5	5	3	3	5	5	4	4	5	6	4	4	4	5	4	5	3	2	4	6	4	4	4	4	4	1	1	2	2	2	1
	5	7	4	5	6	6	8	8	5	4	7	5	4	4	6	5	5	5	3	4	6	5	6	7	6	5	4	5	5	6	6	5	5	7	7	3	4	4	5	5	4	5	5	8	5	6	3	4	3	5	7	4	9	6	4	6	3	3	3	4	6	7	5	5	5	5	4	3	3	5	6	4	3	5	5	4	4	5	6	4	4	5	5	4	5	3	2	4	6	4	4	4	4	4	1	1	2	2	2	1
	6	7	4	6	6	6	8	8	5	4	7	5	4	4	6	6	5	5	3	4	6	5	6	7	7	6	4	6	5	6	6	5	5	7	7	3	4	4	5	5	4	5	5	8	5	6	3	4	3	5	7	4	9	6	4	6	3	3	3	4	7	8	5	5	5	6	4	3	3	5	6	4	3	5	5	4	4	5	6	4	5	5	5	4	5	3	2	4	6	4	4	4	4	4	1	1	2	2	2	1
	6	7	4	6	7	6	8	8	5	4	8	5	4	5	6	6	5	5	3	4	6	5	6	7	7	6	5	6	6	6	6	5	5	7	7	4	4	4	5	5	4	5	5	8	5	6	3	4	3	5	8	5	9	6	4	6	3	3	3	4	7	8	5	5	5	6	4	3	3	5	6	4	3	5	5	5	4	5	6	4	5	5	5	4	5	3	2	4	6	4	5	4	4	4	1	1	2	2	2	1
	6	7	4	6	7	7	8	8	5	4	8	5	4	5	7	6	5	5	4	4	7	5	6	7	7	6	5	7	6	6	6	5	5	7	7	4	5	4	5	5	5	6	5	8	5	6	3	4	3	5	8	5	9	6	4	6	3	3	3	4	7	8	5	5	5	6	4	3	3	5	6	4	3	5	5	5	5	5	6	4	5	5	5	4	5	3	2	4	6	4	5	5	4	4	1	1	2	2	2	1
	6	7	4	6	7	7	9	8	5	4	8	5	4	5	7	7	5	6	4	5	7	5	6	7	7	6	5	7	6	6	7	6	5	7	7	4	5	5	5	5	5	6	5	8	5	6	3	4	3	5	9	5	9	6	4	6	3	3	3	4	7	8	5	5	5	6	4	3	3	5	6	4	3	5	5	5	5	5	6	4	5	5	5	4	5	3	3	4	6	4	5	5	5	4	1	1	2	2	2	1
	6	7	4	6	7	7	9	9	5	5	8	5	4	5	7	7	5	6	5	5	7	6	6	7	7	6	6	7	6	6	7	6	6	7	7	4	5	5	6	5	5	6	5	8	5	6	3	4	3	5	9	5	9	6	4	6	3	3	3	4	7	9	5	5	5	6	4	3	3	5	6	4	3	5	5	5	5	5	6	4	5	5	5	4	5	4	3	4	6	4	5	5	5	5	1	1	2	2	2	1
	6	7	4	6	7	7	9	9	6	5	8	6	4	5	7	7	5	7	5	5	7	6	6	7	7	6	6	8	6	7	7	6	6	8	7	4	5	5	6	5	5	6	5	8	5	6	3	4	4	5	9	5	9	6	4	6	3	3	3	4	7	9	6	5	5	6	4	3	3	5	6	4	3	5	5	5	5	5	6	4	5	5	5	4	5	4	3	4	6	4	5	5	5	5	2	2	2	2	2	1
	6	8	4	6	7	7	9	9	6	5	8	6	4	5	7	7	6	7	6	5	7	6	6	7	8	6	6	8	6	7	7	6	6	8	7	4	5	6	7	5	5	6	5	8	5	6	3	4	4	5	9	5	10	6	4	6	3	4	3	4	7	9	6	5	5	6	4	3	3	5	6	4	3	5	5	5	5	5	6	4	5	5	5	4	6	4	3	4	6	4	5	5	5	5	2	2	3	2	2	1
	7	8	4	6	7	7	9	9	6	5	8	6	4	6	7	8	6	7	6	5	7	6	6	7	8	6	6	8	6	8	7	6	6	8	7	4	5	6	7	5	5	6	5	8	5	6	3	4	5	6	9	5	10	7	4	6	3	4	4	4	7	9	6	5	5	6	4	3	3	5	6	4	3	5	5	5	5	5	6	4	5	5	5	5	6	4	3	4	6	4	5	5	5	5	2	2	3	3	2	1
	7	8	4	6	7	7	9	9	6	5	9	6	4	6	8	8	6	7	6	5	7	6	6	7	8	7	6	8	6	8	7	6	6	8	7	4	5	6	8	5	5	6	5	8	6	6	3	5	5	6	9	5	10	7	4	6	3	4	4	5	7	9	6	5	5	6	4	3	4	5	6	4	3	5	5	5	5	5	6	4	5	5	6	5	6	4	3	4	6	4	5	5	5	5	2	2	3	3	3	1
	7	8	4	6	8	7	9	9	6	5	9	6	4	6	8	8	6	7	6	5	8	6	6	7	8	7	6	8	6	8	7	6	6	8	8	4	5	6	8	6	5	6	5	8	6	7	3	5	5	6	9	5	10	7	4	6	4	4	4	5	7	9	6	5	5	6	4	3	4	6	6	4	4	5	5	5	5	5	7	4	5	5	6	5	6	4	3	4	6	5	5	5	5	5	2	2	3	3	3	1
	7	8	4	7	8	7	9	9	6	5	9	6	4	6	8	8	6	7	6	5	8	6	6	7	8	7	6	8	6	8	8	6	6	8	8	5	5	6	8	6	5	6	5	8	6	7	4	5	5	7	9	5	10	7	4	6	4	4	4	5	7	9	6	5	5	6	4	4	4	6	6	4	4	6	5	5	5	6	7	5	5	5	6	5	6	4	3	4	7	5	5	5	5	5	2	2	3	3	3	1
	7	8	5	7	8	7	9	9	6	5	9	6	4	6	8	8	6	7	6	5	8	6	6	7	8	7	6	8	6	8	8	6	6	8	8	5	6	6	8	6	5	7	5	8	6	7	4	6	6	7	9	5	10	7	4	6	4	4	4	5	7	9	6	5	5	6	5	4	4	6	6	4	4	6	6	5	6	6	7	5	5	5	6	5	6	4	3	5	7	6	5	5	5	5	2	2	3	3	3	1
	7	9	5	7	8	7	9	9	6	5	9	6	4	6	8	8	6	7	6	5	8	6	6	7	8	7	6	8	6	8	8	6	6	8	8	5	6	7	8	6	5	7	6	8	6	7	4	6	6	7	9	5	10	7	4	7	5	5	4	5	7	9	6	5	6	6	5	4	4	6	6	4	4	6	6	6	6	6	7	5	5	5	6	5	6	4	4	5	8	6	5	5	5	5	2	2	3	3	3	1
	7	9	5	7	8	7	9	9	6	5	9	7	4	6	8	8	6	7	6	5	8	6	6	7	8	7	6	8	7	8	8	6	6	8	8	5	6	7	8	6	5	7	6	9	6	7	4	6	6	7	9	5	10	7	5	7	5	5	5	5	7	9	6	6	6	6	5	5	4	6	6	4	4	6	7	6	6	7	7	5	5	5	6	5	6	5	4	5	8	6	5	5	5	5	2	2	3	3	3	1
	7	9	5	7	8	7	9	9	6	5	9	7	4	6	8	8	6	8	6	5	8	6	7	7	8	7	6	8	7	8	8	6	6	8	8	5	6	7	8	6	5	7	6	9	7	7	4	6	6	7	9	5	11	7	5	7	5	5	5	6	7	9	6	6	7	6	5	5	5	6	6	4	4	7	7	6	6	7	7	5	5	5	6	5	7	5	4	6	8	6	5	5	5	5	2	2	3	3	3	1
	7	9	5	7	8	7	9	10	6	5	9	7	4	6	8	8	6	8	6	5	8	7	7	7	8	7	6	8	7	8	8	6	6	9	8	5	6	7	8	6	5	7	6	9	7	7	4	6	6	7	9	6	11	7	5	7	5	5	6	6	7	9	6	7	7	6	5	5	5	7	6	4	5	7	7	6	6	7	7	5	5	5	6	6	7	5	5	6	8	6	5	5	5	5	2	2	3	3	3	1
	7	9	5	7	8	7	10	10	6	5	10	7	4	6	8	8	6	8	6	5	8	7	7	7	9	7	6	8	7	8	8	6	6	9	8	5	6	7	8	6	5	7	6	9	7	7	4	6	6	8	9	6	12	7	5	7	5	5	6	6	7	10	6	7	7	6	5	5	5	7	6	5	5	7	7	7	6	7	8	5	5	5	7	6	7	5	5	6	8	6	5	5	5	5	2	2	3	3	3	1
	8	9	5	7	8	8	10	10	6	5	10	7	4	7	8	8	6	8	6	5	8	7	7	7	9	7	6	8	7	8	8	6	6	9	8	5	6	7	9	6	5	7	7	9	7	7	4	6	6	8	9	6	12	7	5	7	5	5	6	6	7	10	7	7	7	6	5	5	5	7	7	5	5	7	8	7	6	7	8	6	5	6	7	6	7	5	5	6	8	6	5	5	5	5	2	2	3	3	3	1
	8	10	5	8	9	8	10	10	6	5	10	7	4	7	8	8	6	8	6	5	8	7	7	7	9	7	6	8	8	8	8	6	6	9	8	5	6	7	9	6	5	7	7	10	7	7	4	6	6	8	9	6	13	7	5	7	5	5	6	6	8	10	7	7	8	6	5	5	5	7	7	5	5	7	8	7	6	7	8	6	6	6	7	6	7	5	5	6	8	7	5	5	5	5	2	2	3	3	3	1
	8	10	6	8	9	8	10	10	6	5	10	8	4	7	9	8	6	9	6	5	8	7	7	7	9	7	6	8	8	8	8	6	7	9	8	5	6	7	9	6	5	7	7	10	7	7	4	6	6	8	10	6	13	8	5	7	5	5	6	6	8	10	7	8	8	6	5	5	5	7	7	5	5	7	8	7	6	7	8	6	6	6	7	6	7	5	5	6	8	7	6	5	5	5	2	2	3	3	3	2
	8	10	6	8	9	8	10	11	6	5	10	8	5	7	9	9	6	9	6	5	8	8	8	7	9	7	6	8	8	8	8	6	7	9	8	5	6	7	9	6	5	8	7	10	8	7	4	6	6	8	10	6	13	8	5	7	5	5	6	6	8	10	7	8	8	6	5	5	5	7	7	5	5	8	8	7	6	7	8	6	6	6	7	6	7	5	5	6	8	7	6	6	5	5	2	2	3	3	4	2
	8	10	6	8	9	8	11	11	6	5	10	8	5	8	9	9	6	9	6	5	8	8	8	8	9	7	7	8	8	8	8	7	7	10	8	5	6	7	9	6	5	8	8	10	8	7	4	6	6	8	10	6	13	8	5	7	5	5	6	6	8	10	7	8	8	6	5	5	5	7	7	5	5	8	8	7	6	7	8	6	6	6	7	6	8	5	5	6	8	7	6	6	6	5	2	2	3	4	4	2
	8	10	6	8	9	9	11	11	6	5	10	8	5	8	10	9	6	9	6	5	8	8	8	8	10	7	7	9	8	8	9	7	7	10	9	5	6	7	9	6	5	8	8	10	8	7	4	6	6	8	10	7	13	8	5	7	5	5	6	6	8	10	7	8	8	6	5	5	5	7	7	5	5	8	8	7	6	7	8	6	6	6	8	6	8	5	5	7	8	7	6	6	6	6	2	2	3	4	4	2
	8	10	6	8	10	9	11	11	6	5	10	8	5	8	10	10	7	9	6	5	8	8	8	8	10	8	7	9	8	8	9	7	7	10	9	5	6	7	9	6	6	8	8	10	8	8	4	6	6	8	10	7	14	8	5	7	5	5	6	6	8	10	7	8	8	6	5	5	5	7	7	5	5	8	8	7	6	7	8	6	6	6	8	7	8	5	6	7	8	7	6	6	7	6	2	2	3	4	4	2
	8	10	6	9	10	9	12	11	6	5	10	8	5	8	10	10	7	10	6	5	8	8	8	8	10	8	8	9	8	8	9	7	7	10	9	6	6	7	9	6	6	8	8	10	8	8	4	6	6	8	11	7	14	9	5	7	5	5	6	6	8	10	7	8	8	6	5	5	5	7	7	5	6	8	8	8	6	7	8	6	6	6	8	7	8	5	6	7	8	7	6	7	7	6	2	2	3	4	4	2
	8	10	7	9	10	9	12	12	7	5	10	8	5	8	10	10	7	10	6	5	8	8	8	8	10	8	8	10	8	8	9	7	7	10	9	6	6	7	9	6	6	8	8	10	8	8	5	6	6	8	11	8	14	9	6	7	5	5	6	6	8	10	7	8	8	7	5	5	5	7	7	6	6	8	8	8	6	7	8	6	6	7	8	7	8	5	6	7	8	7	6	7	7	6	2	2	3	4	4	2
	8	11	7	9	10	9	12	12	7	6	10	8	5	8	10	10	8	11	6	5	8	8	8	8	10	8	8	10	8	8	9	7	7	10	9	6	7	7	9	6	6	8	8	10	8	9	5	6	6	8	11	8	14	9	6	7	5	5	6	6	8	11	8	8	8	7	6	5	5	7	8	6	6	8	8	8	6	7	8	6	6	7	8	7	8	5	6	7	8	7	6	7	7	6	2	2	3	4	4	2
	9	11	7	9	10	9	12	12	7	6	10	8	5	8	10	11	8	11	7	6	8	8	8	8	10	8	8	11	8	8	9	7	7	10	10	6	7	7	9	6	6	8	8	10	8	9	5	6	6	8	11	8	15	9	6	7	5	5	6	6	9	11	8	8	8	7	6	5	5	7	8	6	6	8	8	8	7	7	8	6	7	7	8	7	8	5	6	7	8	7	6	7	7	6	2	2	3	4	4	2
	9	11	7	9	10	10	12	12	7	7	11	8	5	8	10	11	9	11	7	6	8	8	8	8	10	9	8	11	8	9	9	7	7	10	10	6	7	7	9	6	6	8	8	11	8	9	5	6	6	8	12	8	15	9	6	7	5	5	6	6	9	11	8	8	8	7	6	6	5	7	8	6	6	8	8	8	7	7	8	6	7	7	8	7	8	5	6	7	8	7	7	7	7	6	2	2	3	4	4	2
	9	11	7	9	11	10	12	12	8	7	11	8	5	8	10	12	9	12	7	6	9	8	8	8	10	9	8	11	8	9	9	7	7	10	10	6	7	7	9	7	6	9	8	11	9	9	5	6	6	8	12	8	15	9	6	7	6	5	6	6	9	11	8	8	8	7	6	6	5	7	8	6	6	8	8	8	7	7	8	6	7	7	8	7	8	5	6	7	8	7	7	8	7	6	2	2	3	4	4	2
	9	11	7	10	11	10	12	13	8	7	11	8	5	8	10	12	10	12	7	6	9	8	8	8	10	9	8	11	9	9	10	7	7	10	11	6	7	7	9	7	6	9	9	11	9	9	6	6	6	9	12	8	15	9	6	7	6	5	6	6	9	11	8	8	8	7	6	6	5	7	8	6	6	8	8	8	7	7	8	6	7	7	9	7	8	5	6	7	8	7	7	8	7	6	2	2	3	4	4	2
	9	11	8	10	11	10	13	13	8	7	11	8	5	8	10	12	10	13	7	6	9	8	8	8	10	10	8	11	9	10	10	7	7	10	11	7	7	7	9	7	7	9	9	11	9	9	6	6	7	9	12	8	16	9	6	7	6	5	6	6	9	11	8	8	8	7	6	6	5	7	8	6	6	8	8	8	7	7	8	6	7	7	9	8	8	5	6	7	8	7	7	8	7	6	2	2	3	4	4	2
	9	12	8	10	11	11	13	13	8	7	11	8	5	8	10	13	10	13	7	6	9	8	8	8	10	10	9	11	10	10	10	7	7	10	11	7	7	7	9	8	7	10	9	12	9	9	6	7	7	9	12	8	16	9	6	7	6	5	6	6	9	11	8	8	8	7	6	6	5	7	8	6	6	8	8	8	7	7	8	6	7	7	9	8	9	5	6	7	8	7	7	8	7	6	2	2	3	4	4	2
	10	12	8	10	12	11	13	13	8	7	11	8	5	8	11	13	10	13	7	6	9	8	8	8	10	10	9	12	10	11	10	8	7	10	11	7	7	7	9	8	7	10	9	12	10	9	7	7	7	10	12	8	16	9	6	7	6	5	6	6	9	11	8	8	8	7	6	6	5	7	8	6	6	8	8	8	7	7	8	6	7	7	9	8	9	5	6	7	8	7	7	8	7	6	3	2	3	4	4	2
	10	12	8	11	12	11	13	13	8	7	12	8	5	9	11	13	10	13	7	6	9	8	8	8	10	10	9	12	11	11	10	8	7	10	12	7	8	7	9	9	7	10	10	12	10	9	7	7	8	10	12	8	16	9	6	7	6	5	6	6	9	11	8	8	8	7	6	6	5	7	8	6	6	8	8	8	7	7	8	6	7	7	9	8	9	5	6	7	8	7	7	8	7	6	3	3	3	4	4	2
	10	12	9	11	12	11	13	13	8	7	12	8	6	9	11	13	10	14	7	6	10	8	8	8	10	11	9	12	11	11	10	8	7	10	12	7	8	8	9	9	7	10	10	12	10	9	7	8	8	11	12	8	17	9	6	7	6	5	6	6	9	11	8	8	8	7	6	6	5	7	8	6	6	8	8	8	7	7	8	6	7	7	9	8	9	5	6	7	8	7	7	8	7	6	3	3	4	4	4	2
	10	13	9	11	12	11	13	13	9	7	12	9	6	9	11	14	10	14	7	6	10	8	8	8	10	11	9	12	11	11	11	8	7	10	12	7	8	8	10	9	7	10	10	12	10	9	7	8	9	11	12	9	17	9	6	7	7	5	6	6	9	11	8	8	8	7	6	6	5	7	8	6	6	8	8	8	7	7	8	6	7	7	9	8	9	5	7	7	8	7	7	8	7	6	3	3	4	4	4	2
	11	13	9	11	12	11	14	14	9	7	13	9	6	9	11	14	10	14	7	6	10	8	8	8	10	11	9	12	12	11	11	8	7	10	12	7	8	8	10	9	8	10	10	12	10	9	7	8	9	11	13	9	17	9	6	8	7	6	6	6	9	11	8	8	8	7	6	6	5	7	8	6	6	8	8	9	7	7	8	6	7	7	9	8	9	5	7	7	8	7	7	8	7	6	3	3	4	4	4	2
	11	14	9	11	12	12	14	14	9	7	13	9	6	9	11	14	11	14	7	6	11	8	8	8	10	11	9	13	12	11	11	8	7	10	12	7	8	8	10	9	8	11	10	12	10	9	7	8	9	11	13	9	17	9	6	8	8	6	6	6	10	11	8	8	8	8	7	6	5	7	8	6	6	8	8	9	7	7	8	6	7	7	9	8	9	5	7	7	8	7	7	8	7	6	3	3	4	4	4	2
	11	14	10	11	13	12	14	14	9	7	13	9	6	9	11	14	11	14	7	6	11	9	8	8	10	11	10	13	12	11	11	9	7	10	12	7	9	8	10	9	8	11	10	12	10	9	7	8	9	11	13	9	17	9	6	8	8	6	6	6	10	12	8	8	8	8	7	7	5	7	8	6	6	8	9	9	8	7	8	6	7	7	9	8	9	5	7	7	8	7	7	8	7	6	3	3	4	4	4	2
	11	14	10	12	13	12	14	14	9	7	13	9	7	9	11	14	11	14	7	6	11	9	9	8	10	11	10	13	12	11	11	9	8	10	12	8	9	8	10	9	8	11	10	12	10	9	8	8	9	11	13	9	17	9	6	8	8	6	6	6	10	12	9	8	9	8	7	7	6	7	8	6	6	8	9	9	8	8	8	6	7	7	9	8	9	5	7	7	8	7	7	8	7	6	3	3	4	4	4	2
	11	14	10	12	13	12	14	14	9	7	13	10	7	10	11	14	11	14	7	6	11	9	9	9	10	11	10	13	12	11	11	10	8	10	12	8	9	8	10	9	8	11	10	12	10	10	8	8	9	11	13	9	17	9	6	9	8	6	7	6	10	12	9	9	9	8	7	7	6	7	8	7	6	8	9	9	8	8	9	6	7	7	9	8	9	5	7	7	8	7	7	8	7	6	3	3	4	4	4	2
	11	15	10	12	13	12	14	14	9	7	13	10	7	10	11	14	11	14	7	6	11	9	9	9	11	11	10	13	12	11	11	10	8	11	12	8	9	8	10	9	8	11	11	12	10	10	8	8	9	11	13	9	18	9	7	9	8	6	7	7	10	12	9	9	9	9	7	7	6	8	9	7	6	8	9	9	8	8	9	6	7	7	9	8	9	5	7	7	8	7	7	8	7	6	3	3	4	4	4	2
	12	15	10	12	13	12	14	14	9	7	13	10	7	10	12	14	11	14	7	6	11	9	9	9	11	11	10	13	12	11	11	10	8	11	12	8	9	8	10	9	8	11	11	13	10	10	8	8	9	12	13	10	18	10	7	9	8	6	7	7	10	12	9	9	10	9	7	7	6	8	9	7	6	8	10	9	8	8	9	7	8	7	9	8	9	5	7	7	8	7	7	8	7	6	3	3	4	4	4	2
	12	15	10	12	13	12	14	14	9	7	14	10	7	10	12	14	11	14	7	6	11	9	9	9	11	12	10	13	12	11	11	10	8	11	12	8	9	8	10	10	8	11	11	13	11	10	8	8	9	12	13	10	18	10	7	9	8	6	7	7	10	12	10	10	10	9	7	7	6	8	9	7	6	9	10	9	8	8	9	7	8	8	9	8	10	5	7	7	8	8	7	8	7	6	3	3	4	4	4	2
	12	15	10	12	13	12	14	14	9	7	14	10	7	10	12	14	11	14	7	6	12	9	9	9	11	12	10	13	12	12	11	10	8	11	13	9	9	8	10	10	8	11	11	13	11	10	8	8	9	12	13	10	19	10	7	9	8	6	7	7	10	12	10	10	10	9	7	7	6	8	9	8	7	9	10	9	8	8	9	7	8	8	10	8	10	5	7	7	9	8	7	8	7	7	3	3	4	4	4	2
	12	15	10	12	13	12	14	14	9	7	14	10	7	10	12	14	11	14	7	7	12	9	9	9	11	12	10	13	12	12	12	10	8	11	13	9	10	8	10	10	8	11	12	13	11	11	8	8	9	12	13	10	19	10	7	9	8	6	7	7	10	13	10	10	10	9	7	7	6	8	9	8	7	9	10	9	8	8	9	7	8	8	10	9	10	5	7	7	9	8	7	9	8	7	3	3	4	4	5	2
	12	15	10	12	13	12	14	14	9	7	14	10	7	10	12	14	11	14	8	7	12	9	9	9	11	12	10	13	12	12	12	10	8	11	13	9	10	9	10	10	9	12	12	13	11	11	9	8	9	12	14	10	19	10	7	9	8	6	7	7	10	13	10	10	10	9	7	7	6	8	9	8	7	9	10	9	8	8	9	7	8	8	10	9	11	5	7	7	9	8	8	9	8	8	3	3	4	5	5	2
	12	15	10	12	13	12	14	14	9	8	14	10	7	10	12	14	11	14	8	7	12	9	9	9	11	12	10	13	12	12	13	11	8	11	13	9	10	9	10	10	9	12	12	13	11	11	9	9	10	12	14	10	19	10	7	9	8	6	7	7	11	13	10	10	10	9	7	7	6	8	9	8	7	9	10	9	8	8	9	7	9	8	10	9	11	6	7	8	9	8	8	9	8	8	4	3	4	5	5	2
	12	15	10	12	13	12	14	14	10	8	14	10	7	10	12	14	11	14	8	7	12	10	10	9	11	12	10	13	12	12	13	11	8	11	13	9	10	9	10	10	9	12	12	13	11	11	9	9	10	12	14	10	19	10	7	9	8	7	8	7	11	14	10	10	10	9	7	7	6	8	10	8	7	9	10	9	8	8	9	7	9	8	10	9	12	6	7	8	9	8	8	9	8	8	4	4	5	5	5	2
	12	15	10	12	13	12	14	15	10	8	14	11	8	10	12	14	11	14	8	7	12	10	10	9	11	12	10	13	12	12	13	11	8	11	13	9	10	9	10	10	9	12	12	13	11	11	9	9	10	12	14	11	19	10	7	9	8	7	8	8	11	14	10	10	10	9	7	8	6	8	10	8	7	9	11	9	8	8	9	7	9	9	10	9	12	6	8	8	9	8	8	9	8	8	4	4	5	6	5	2
	12	16	11	12	13	12	15	15	10	8	14	11	8	10	12	14	11	14	8	7	12	10	10	9	11	12	10	13	12	12	13	11	8	11	13	9	10	9	10	10	9	12	12	13	11	11	9	9	10	12	14	11	20	10	7	9	8	7	8	8	11	14	10	10	10	10	7	8	7	9	10	8	7	9	11	10	8	8	9	7	9	9	11	9	12	6	8	8	10	8	8	9	8	8	4	4	5	6	5	2
	13	16	11	13	13	13	15	15	10	8	14	11	8	10	12	14	11	14	8	7	12	10	10	9	11	12	10	13	12	12	13	11	8	11	13	9	10	9	10	10	9	12	12	14	11	11	9	9	10	12	14	11	20	10	7	10	8	7	8	8	11	14	10	10	10	10	8	8	7	9	10	9	7	9	11	10	8	9	10	7	9	9	11	9	12	6	8	8	10	9	8	9	8	8	4	4	5	6	5	2
	13	16	11	13	14	13	15	15	10	8	15	11	8	11	12	14	11	14	8	7	12	10	10	9	11	12	10	13	12	12	13	11	8	11	13	9	10	9	10	10	9	12	12	14	12	11	10	9	10	12	14	11	20	10	7	10	9	7	8	8	11	14	11	10	10	10	8	8	7	9	10	9	7	9	11	10	8	9	10	8	9	9	11	9	12	6	8	9	10	9	8	9	8	8	4	4	5	6	5	3
	13	16	11	13	14	13	15	15	10	8	15	11	8	11	13	14	11	14	8	7	13	10	10	10	11	12	10	13	12	12	13	11	8	11	14	9	11	9	10	10	9	12	12	14	12	11	10	10	10	12	14	11	21	10	7	10	9	7	8	8	11	14	11	10	10	10	8	8	7	10	10	9	7	9	11	10	8	9	10	8	9	9	11	9	12	6	8	9	11	9	8	9	8	8	4	4	5	6	6	3
	13	16	11	13	14	13	15	15	10	8	15	11	8	11	13	14	11	14	8	7	13	10	10	10	11	13	10	14	12	12	14	11	9	11	14	10	11	10	10	10	9	12	12	15	12	11	10	10	10	12	14	11	21	10	7	10	9	7	9	8	11	14	11	10	10	10	8	8	7	10	10	9	7	9	11	10	8	9	10	8	9	9	11	9	12	6	8	9	11	10	8	9	8	8	4	4	5	7	6	3
	13	16	11	13	14	13	15	15	10	8	15	11	8	11	13	15	11	15	8	7	13	10	10	10	11	13	10	14	12	12	14	11	9	12	14	10	12	10	11	10	9	13	12	15	13	11	10	10	10	13	14	11	21	10	7	10	9	7	9	8	11	14	11	10	10	10	8	8	7	10	10	9	7	9	11	10	8	9	10	9	9	9	11	9	12	6	8	9	11	10	8	9	8	8	4	4	6	7	6	3
	13	16	11	13	14	13	15	15	11	8	15	11	8	11	13	15	12	15	8	7	13	10	10	10	11	13	10	14	12	13	14	11	9	12	15	10	12	11	11	11	9	13	12	15	13	12	10	10	10	13	14	12	21	10	7	10	9	7	9	8	11	14	11	10	10	10	8	8	7	11	10	9	7	9	11	10	8	9	10	9	9	9	11	9	12	6	9	9	11	10	8	9	8	8	4	4	6	7	6	3
	13	16	11	13	14	13	15	16	11	8	15	11	8	11	13	15	12	16	9	7	13	10	10	10	11	14	10	14	13	13	14	11	9	12	15	11	12	11	12	11	9	13	12	15	13	12	10	10	10	13	14	12	22	10	7	10	9	7	10	8	11	14	11	10	10	10	8	8	7	11	10	9	7	9	11	11	8	9	10	9	9	9	11	9	12	6	9	9	11	10	8	9	8	8	4	4	6	7	6	3
	13	16	11	13	14	13	16	16	11	8	15	11	8	11	13	16	12	16	9	8	13	10	10	10	11	14	11	15	13	14	14	11	9	12	15	11	12	11	12	11	9	13	12	16	13	12	10	10	11	14	14	12	22	10	7	10	9	7	10	8	11	14	11	10	10	10	9	8	7	11	10	9	7	9	11	11	8	9	10	9	9	9	11	9	12	6	9	9	11	10	8	9	8	8	4	4	6	7	6	3
	13	16	11	13	14	14	16	16	11	9	15	11	8	11	14	16	13	16	9	8	13	10	10	10	11	14	11	15	13	14	14	11	9	12	15	11	13	11	12	12	9	13	12	16	14	12	10	10	11	14	14	12	22	10	7	10	10	8	10	9	11	14	11	10	10	10	9	8	7	11	10	9	7	9	11	11	8	9	10	9	9	9	11	9	12	6	9	9	11	10	8	9	8	8	4	4	6	7	6	3
	13	16	11	13	15	14	16	17	12	9	15	11	8	11	14	16	13	16	9	8	13	10	10	10	12	14	11	15	13	14	14	11	9	12	16	11	13	11	12	12	9	13	12	16	14	12	11	10	11	15	14	12	22	10	7	10	10	8	10	9	11	14	11	10	10	10	9	9	8	12	10	9	7	9	11	11	8	9	10	9	9	9	11	9	12	6	9	9	11	10	8	9	8	8	4	4	6	7	6	3
	13	16	11	14	15	14	17	17	12	9	15	11	8	12	14	16	13	17	9	8	13	10	10	10	12	14	11	15	13	14	14	11	9	13	16	11	13	11	12	12	9	13	12	16	14	12	11	10	12	15	14	12	22	10	7	11	10	8	10	9	11	14	11	10	10	10	9	9	8	12	10	9	7	9	11	11	9	10	11	9	9	9	11	9	12	6	9	9	11	10	8	9	8	8	4	4	6	7	6	3
	13	16	11	14	15	15	17	17	12	9	15	11	9	12	15	16	13	17	9	8	13	10	10	11	12	14	11	15	14	14	14	11	9	13	16	11	13	11	12	12	9	13	12	16	14	12	11	10	12	15	14	12	22	10	8	11	10	9	10	9	11	14	11	10	10	10	9	9	8	12	10	9	7	9	11	11	9	10	11	9	9	9	11	9	12	6	9	10	12	11	8	9	8	8	4	4	6	7	6	3
	13	16	11	14	15	15	17	17	12	9	15	11	9	12	15	17	13	17	9	8	13	10	11	11	12	15	11	15	14	14	14	11	10	13	16	11	13	12	12	12	9	13	12	16	14	12	11	10	12	15	14	12	22	11	8	11	10	9	10	9	11	14	11	10	10	10	9	10	8	12	10	9	7	9	11	11	9	10	11	9	9	9	11	9	12	6	9	10	12	11	8	9	8	8	4	4	6	8	7	4
	13	16	11	14	15	15	17	17	12	9	15	11	9	12	15	17	13	17	9	8	13	10	11	11	12	15	12	15	14	14	14	12	10	13	16	12	13	12	12	12	9	13	13	16	14	12	11	10	13	15	14	12	22	11	8	11	10	9	10	9	11	14	11	11	10	10	9	10	8	12	10	9	7	9	11	11	10	10	11	9	9	9	11	9	12	6	9	10	12	12	8	9	8	8	4	4	7	8	8	4
	13	16	11	14	15	15	17	17	12	9	15	11	9	12	15	17	13	17	9	8	13	11	11	11	12	15	12	15	14	14	14	12	10	13	16	12	14	12	12	12	9	13	13	16	14	12	12	10	13	15	14	12	23	11	8	11	10	10	10	9	11	14	11	11	10	10	9	10	8	12	10	9	8	9	11	11	10	10	11	10	9	9	11	9	12	6	9	11	13	12	8	9	8	8	4	5	7	8	8	4
	13	16	11	14	15	15	17	17	12	9	15	12	9	12	15	17	13	17	9	8	13	11	11	11	12	15	12	15	14	14	14	12	10	13	16	12	14	12	12	12	9	13	13	16	14	12	12	11	13	15	14	12	23	12	8	12	10	10	10	9	11	14	11	11	10	10	9	11	8	13	10	9	8	10	11	11	10	10	12	10	9	9	11	9	12	7	9	11	13	12	8	9	8	8	4	5	8	8	8	4
	13	17	11	14	15	15	17	17	12	9	15	12	9	12	15	17	13	17	9	8	13	11	11	11	12	15	12	15	14	14	14	12	10	13	16	12	14	12	12	12	9	13	13	16	14	12	12	11	14	15	14	12	23	12	9	12	10	10	11	9	11	14	11	12	10	10	9	11	9	13	10	9	8	10	11	11	11	10	12	10	9	9	11	10	13	7	9	11	13	12	8	9	8	8	4	6	8	8	8	4
	14	17	11	14	15	15	17	17	12	9	15	12	9	12	15	17	13	17	9	8	13	11	11	11	12	15	12	15	14	14	14	12	10	13	16	12	14	13	12	12	9	13	13	16	14	12	12	11	14	15	14	12	23	13	9	12	10	10	11	10	11	14	11	12	11	10	9	11	9	13	10	9	8	10	11	11	11	11	12	10	9	9	12	10	13	8	9	12	13	12	8	9	8	9	4	6	8	8	8	4
	14	17	11	14	15	15	17	17	12	9	16	12	9	12	15	17	13	17	9	8	13	11	11	11	12	15	12	15	15	14	14	12	10	13	16	12	14	13	12	12	9	13	13	17	14	12	12	11	14	16	14	12	23	13	9	12	10	10	11	10	11	14	11	12	11	10	9	11	9	13	10	9	8	11	11	11	11	11	12	10	9	9	12	10	14	8	9	12	14	12	8	10	9	9	4	6	9	8	8	4
	14	17	11	14	15	15	17	17	12	9	16	12	9	12	15	17	13	17	10	8	14	11	11	11	12	15	12	15	15	14	14	12	10	13	16	12	14	13	13	12	9	13	13	17	15	12	12	11	14	16	14	12	23	13	9	12	10	10	11	10	11	14	11	12	11	10	9	11	9	13	10	9	9	11	11	11	11	11	12	10	9	10	12	11	14	8	9	12	14	12	8	10	9	10	4	7	9	9	8	4
	14	17	11	14	15	15	17	17	12	9	16	12	9	12	15	17	13	18	10	8	14	11	11	11	12	15	12	15	15	14	15	12	10	13	16	12	14	14	13	12	9	13	13	17	15	13	12	11	14	16	14	12	23	13	9	12	10	10	11	10	11	14	11	12	11	10	9	11	9	13	11	10	9	11	11	11	11	11	12	10	9	10	13	11	14	9	9	12	14	12	8	10	9	10	5	7	10	9	8	4
	14	17	11	14	15	15	17	17	12	9	16	12	9	12	15	17	13	18	10	8	14	11	11	11	12	15	12	16	16	14	15	12	10	13	17	12	14	14	13	12	10	13	13	17	15	13	12	11	14	16	14	12	23	13	9	12	10	10	11	10	12	15	11	12	11	10	9	11	9	13	11	10	9	11	12	11	11	11	12	10	9	11	13	11	15	9	9	12	14	12	8	10	9	10	5	8	10	9	8	4
	14	17	11	14	15	15	17	17	12	9	16	12	9	12	15	17	14	18	10	8	14	11	11	11	13	15	12	16	16	15	15	12	10	13	17	12	14	14	13	12	10	13	13	17	15	13	12	11	14	16	15	12	23	13	9	12	10	10	11	10	12	16	12	12	11	11	9	11	9	13	12	10	9	12	12	11	11	11	12	10	9	11	13	11	15	10	9	12	14	12	8	10	9	10	5	8	10	9	8	4
	14	17	11	14	15	15	17	18	12	9	16	12	9	13	15	17	14	18	10	9	14	11	11	11	13	15	12	16	16	15	15	12	10	13	17	12	14	14	13	12	10	14	13	17	15	13	12	11	14	16	15	13	23	13	9	12	10	10	11	10	12	16	12	13	11	11	9	11	9	13	12	11	9	12	13	12	11	11	12	10	10	11	13	11	15	10	9	12	14	12	8	10	9	10	5	8	10	9	8	4
	14	17	11	14	16	15	17	18	13	10	16	12	9	13	15	17	14	18	10	9	14	11	11	11	13	15	12	16	16	15	15	12	10	13	17	12	14	14	13	12	10	14	14	17	15	13	12	11	14	16	15	13	24	13	9	12	10	10	11	10	12	16	13	13	12	11	9	11	9	13	12	11	9	12	13	12	11	11	12	10	10	11	14	11	15	10	10	12	14	12	9	10	9	10	5	8	10	9	8	4
	14	17	11	15	16	15	17	18	13	10	16	12	9	13	15	17	14	19	11	9	14	11	11	11	13	15	12	16	16	15	15	12	10	13	17	12	14	14	13	12	10	14	14	18	15	13	12	11	14	16	15	13	24	14	9	12	10	10	11	10	12	16	13	14	12	11	9	11	9	13	12	11	10	12	13	12	12	11	12	10	10	11	14	11	15	10	10	12	14	12	9	11	10	10	5	8	10	9	8	4
	14	17	12	15	16	15	17	18	13	10	16	12	9	13	15	17	14	19	11	9	14	11	11	11	13	15	12	17	17	15	15	12	10	13	17	12	14	14	13	12	10	14	14	18	16	13	12	11	14	16	15	13	24	14	10	12	10	10	11	10	12	16	13	14	12	11	10	11	9	13	12	11	10	13	13	12	12	11	12	10	10	12	15	11	15	10	10	12	14	12	9	11	10	11	5	8	10	9	8	4
	14	18	12	15	16	15	17	18	13	10	16	12	9	13	15	17	14	19	11	9	14	11	11	11	13	15	13	17	17	15	15	12	10	13	17	12	14	14	14	12	10	14	14	18	16	14	12	11	14	16	15	13	24	14	10	13	11	10	11	10	12	16	13	14	12	11	10	11	9	13	13	11	10	13	13	12	12	11	12	10	10	12	15	12	16	10	10	12	14	12	9	11	10	11	6	8	10	9	8	4
	15	18	12	15	16	15	17	18	13	10	16	12	9	13	15	17	14	19	11	9	14	11	11	11	13	16	13	17	17	15	15	12	10	13	18	12	14	14	14	13	10	14	14	18	16	14	13	11	14	16	15	13	24	14	10	13	11	10	11	10	13	16	13	14	12	12	10	11	9	13	13	11	11	13	13	12	12	11	12	10	10	12	15	12	16	11	10	12	14	12	9	11	10	11	6	9	10	9	8	4
	15	18	12	15	16	15	17	18	13	10	17	12	9	13	16	17	14	19	11	9	14	11	11	11	14	16	13	17	17	15	15	12	10	13	18	12	14	14	14	13	10	14	14	18	16	15	13	11	14	17	16	13	24	14	10	13	11	10	11	10	13	16	13	14	12	12	10	11	9	13	13	12	11	13	14	13	12	11	12	10	10	12	15	12	16	11	11	12	14	12	9	11	10	11	6	9	10	9	8	4
	15	18	12	15	17	15	17	18	13	10	17	12	9	14	16	17	14	19	11	9	15	11	11	11	14	16	13	17	17	15	15	12	10	13	19	12	14	14	14	13	11	14	14	18	16	15	13	11	15	17	16	13	24	14	10	13	11	10	11	10	13	17	13	14	13	12	10	11	9	13	13	12	11	13	14	13	13	11	12	10	10	12	15	12	16	11	11	13	14	12	9	11	10	11	6	9	10	9	8	4
	15	18	12	16	17	16	17	18	13	10	17	12	9	14	16	17	14	19	11	9	15	12	11	11	15	16	13	17	17	15	16	12	10	13	19	12	14	14	14	13	11	14	14	18	16	15	13	11	15	17	16	13	24	15	10	13	11	11	11	10	14	17	13	14	13	12	10	12	9	13	13	12	11	13	14	13	13	12	12	10	10	12	15	12	16	11	11	13	14	12	9	11	10	11	6	9	10	9	8	4
	15	18	13	16	17	16	18	18	13	10	17	12	9	15	16	17	14	19	11	9	15	12	12	11	15	16	13	17	17	15	16	13	10	13	19	12	14	14	14	13	11	14	14	18	16	15	13	12	15	17	17	13	25	15	10	13	11	11	11	10	14	17	13	14	13	12	10	12	10	13	13	12	11	13	14	13	13	12	13	10	10	12	15	12	16	11	11	13	14	12	9	11	10	11	6	9	10	9	8	4
	15	19	13	17	17	16	18	18	13	10	17	12	9	15	16	18	14	19	11	9	15	12	12	12	15	16	13	17	17	15	16	13	11	13	19	12	15	14	14	13	12	14	14	18	16	15	13	12	15	17	17	14	25	15	10	13	11	11	11	10	14	17	13	14	13	12	10	12	10	14	13	12	11	13	14	13	13	12	13	10	10	12	15	12	16	11	11	13	14	13	9	11	10	11	6	9	10	9	8	4
	16	19	14	17	17	16	18	18	13	10	17	12	10	15	16	18	15	19	11	9	15	12	12	12	15	16	14	17	17	15	17	13	11	14	19	12	15	14	14	13	12	14	14	18	16	15	13	12	15	17	18	14	25	15	10	13	11	11	11	10	14	17	13	14	13	12	10	12	10	14	13	12	11	13	14	13	13	12	13	11	10	12	15	12	16	11	11	13	14	13	9	11	10	11	6	9	10	9	8	5
	16	19	14	17	17	16	18	19	13	10	18	13	10	16	16	18	15	19	11	9	15	13	12	12	15	16	14	17	17	15	17	13	11	14	19	13	15	14	14	13	13	14	14	18	17	15	13	12	15	17	18	14	25	15	10	13	11	11	11	10	14	17	13	14	13	12	10	12	10	14	13	12	11	13	14	13	13	12	13	11	10	12	15	12	16	11	11	13	14	14	9	11	10	11	6	9	10	9	9	5
	16	20	14	17	17	16	18	19	14	10	18	13	10	16	17	18	15	19	11	9	16	13	12	12	15	16	14	17	17	15	18	14	11	14	19	13	15	14	14	13	13	14	14	18	17	15	14	12	15	17	18	14	25	15	11	13	11	11	11	10	14	17	13	14	13	12	10	12	10	14	13	12	11	13	14	13	13	12	14	11	10	12	15	12	16	11	11	13	15	14	9	11	10	11	6	9	10	9	9	5
	17	20	14	17	17	17	18	19	14	11	19	13	10	16	17	18	15	19	11	9	16	13	12	12	15	16	14	17	17	15	18	14	11	14	19	13	15	14	14	13	13	15	15	18	17	16	14	12	15	17	18	14	25	15	11	14	11	11	11	10	14	17	13	14	13	12	10	12	10	14	13	12	11	13	14	13	13	13	14	11	10	12	15	12	16	11	11	13	15	14	9	11	10	11	6	9	10	10	9	5
	17	21	14	17	17	17	19	19	14	11	19	14	10	16	17	18	15	19	11	10	16	13	12	12	15	16	14	17	17	15	18	14	11	14	20	13	15	14	14	13	13	15	15	19	17	16	14	12	15	17	18	15	25	15	11	14	11	11	11	10	14	17	13	14	13	12	11	12	10	14	13	12	11	13	14	13	13	13	14	11	10	12	15	12	16	11	11	14	15	14	9	11	10	11	6	9	11	10	9	5
	17	21	15	17	17	17	19	20	14	11	19	14	10	16	17	18	15	19	11	10	16	13	13	12	15	17	14	17	17	16	18	14	11	15	20	13	15	14	14	13	13	15	15	19	17	16	14	12	15	17	18	15	25	15	11	14	12	11	11	10	14	17	14	14	13	12	11	12	10	14	13	12	11	13	14	13	13	13	14	11	10	12	15	12	16	11	12	14	15	14	9	11	10	11	6	10	11	10	9	5
	17	21	15	18	17	17	19	20	15	11	19	14	10	16	18	18	15	19	12	10	16	13	13	12	15	17	14	17	17	16	18	15	11	15	20	13	15	14	14	13	13	15	15	19	18	16	14	12	15	17	18	15	25	15	11	14	12	12	11	10	14	17	14	15	13	12	11	12	10	14	13	12	11	13	14	13	13	13	14	11	10	12	15	12	16	12	12	14	15	14	9	11	10	11	7	10	11	10	9	5
	17	21	15	18	18	17	19	20	15	11	19	14	10	16	18	18	15	20	12	10	16	13	13	12	16	17	14	17	18	16	18	15	11	15	20	13	15	14	14	13	13	16	15	19	18	16	14	12	15	17	18	15	26	15	12	14	12	12	12	10	14	17	14	15	13	12	11	12	10	14	13	12	11	13	15	13	13	13	14	11	10	12	15	12	17	12	12	14	15	14	9	11	10	11	7	10	11	10	9	5
	17	21	15	18	18	18	19	20	15	11	19	14	10	17	18	18	15	20	12	10	16	13	13	12	16	17	14	18	18	16	18	15	11	15	20	13	15	15	14	13	13	16	16	20	18	16	14	12	15	17	18	15	26	15	12	15	12	12	12	11	14	17	14	15	14	12	11	12	10	14	13	12	11	14	15	13	13	13	14	11	10	12	15	12	17	12	12	14	15	14	9	11	10	11	7	10	11	10	9	5
	17	21	15	18	18	18	20	20	15	11	19	14	11	17	18	18	15	20	12	10	16	13	13	12	16	17	14	18	18	16	18	15	12	16	20	13	16	15	15	13	13	16	16	20	18	16	14	12	15	17	18	15	26	16	12	15	12	12	12	11	14	17	14	16	14	12	12	12	10	15	13	12	11	14	15	13	13	13	14	11	10	12	15	12	17	12	12	14	15	14	9	11	10	11	7	10	11	10	9	5
	17	21	15	18	18	18	20	21	15	11	19	15	11	17	18	18	15	20	12	10	16	13	13	13	16	17	14	18	18	16	18	15	12	16	20	14	16	15	15	14	13	16	16	21	19	16	14	12	15	17	18	15	27	16	12	15	12	12	12	11	14	17	14	16	14	12	12	13	11	15	13	12	11	14	15	13	13	13	14	11	10	12	15	12	17	12	12	14	15	14	9	11	10	11	7	10	11	10	9	5
	17	22	15	18	18	18	20	21	16	11	19	15	11	17	18	18	15	20	12	10	16	13	13	13	17	17	14	18	18	16	18	15	12	16	20	14	16	15	15	14	13	16	17	21	19	16	15	12	15	18	18	16	27	16	13	15	12	12	12	11	14	17	14	16	14	12	12	13	11	15	13	12	11	14	15	13	14	14	14	11	10	12	15	12	17	12	12	14	15	14	9	11	10	11	7	10	11	10	9	5
	18	22	15	18	18	18	20	21	16	12	19	15	11	17	18	18	15	20	12	10	16	13	13	13	17	18	14	18	18	16	18	16	12	16	20	14	16	15	15	14	13	16	17	21	19	16	15	12	15	18	18	16	27	16	13	16	13	12	13	11	14	18	14	16	14	12	12	13	11	15	13	12	11	14	15	13	14	14	15	11	10	12	15	12	17	12	13	14	15	14	9	11	10	11	7	10	11	10	9	5
	18	22	15	18	18	18	20	21	16	12	20	15	11	17	18	19	15	20	13	10	16	14	13	13	17	18	14	18	18	16	18	16	12	16	20	14	16	15	15	14	13	16	17	21	19	16	15	12	15	18	18	16	27	16	13	16	13	13	13	12	14	18	14	16	14	12	13	13	11	15	14	12	11	14	15	13	14	14	15	12	10	12	15	12	17	12	13	14	15	14	9	11	10	11	7	10	12	10	9	5
	18	22	15	18	18	18	21	21	16	12	20	15	11	17	18	19	15	21	13	10	17	14	13	13	17	18	14	18	18	16	19	16	12	16	20	14	16	15	15	14	13	16	17	21	19	16	15	12	15	18	18	16	27	16	13	16	13	13	14	12	14	18	14	16	14	13	13	13	11	16	14	12	11	14	15	13	14	14	15	12	11	12	15	12	17	12	13	14	15	15	9	11	10	11	7	10	12	11	9	5
	18	22	15	18	18	18	21	22	16	12	20	15	11	17	18	19	16	21	13	10	17	15	13	13	17	18	14	18	18	16	19	16	12	16	20	14	16	15	15	14	14	16	17	21	19	16	15	12	16	18	18	16	27	16	13	16	13	13	14	12	14	18	14	16	14	13	13	13	12	16	14	12	11	14	15	14	14	14	15	12	11	13	15	12	17	12	13	14	16	15	9	11	10	11	7	10	12	11	10	5
	18	22	15	18	18	18	21	22	17	12	20	15	11	17	18	19	16	21	13	10	17	15	14	13	17	18	15	18	18	16	19	16	12	16	20	14	16	15	15	14	14	16	17	21	19	16	15	13	16	18	19	16	27	16	13	16	13	13	14	12	14	18	14	16	14	13	13	14	12	16	14	13	11	14	15	14	15	14	15	12	11	13	15	12	17	12	13	15	16	15	9	11	10	11	7	10	12	11	10	6
	18	22	15	18	18	18	21	22	17	13	20	15	11	17	18	19	16	21	13	10	17	15	14	14	17	18	15	19	18	16	19	16	12	16	20	14	16	16	15	14	14	16	17	21	19	16	15	13	16	18	19	16	27	16	13	16	14	13	14	12	14	19	14	16	14	13	13	14	12	16	14	13	12	14	15	14	15	15	15	12	11	13	15	12	17	12	14	15	16	16	9	11	10	11	7	10	12	11	10	6
	18	22	15	18	18	18	21	22	17	13	20	15	11	17	18	19	16	21	13	11	17	15	14	14	18	18	15	19	19	16	19	16	12	16	20	14	16	16	16	14	14	16	17	21	19	16	15	14	16	18	19	16	27	16	13	16	14	13	14	12	15	19	14	16	14	13	13	15	12	16	14	13	12	14	15	14	15	15	16	12	11	13	16	12	17	12	14	15	16	16	9	11	10	11	7	11	12	11	10	6
	18	22	15	18	18	18	21	22	17	13	20	15	11	17	18	19	16	21	14	11	17	15	14	14	18	18	15	19	19	17	19	16	12	16	21	14	16	16	16	15	14	16	17	21	19	16	15	14	17	18	19	16	27	16	13	16	14	14	14	12	15	19	14	16	14	13	13	15	12	17	15	13	12	14	15	14	15	15	16	12	11	13	16	13	17	12	14	15	16	16	9	11	10	11	8	11	12	11	10	6
	18	22	15	18	18	18	21	22	17	13	20	15	11	17	18	19	16	22	14	11	17	15	14	14	18	18	15	19	19	17	19	16	12	16	21	15	16	17	17	15	14	16	17	21	19	16	15	14	17	19	19	16	27	16	13	16	14	14	15	13	15	19	14	16	14	13	13	15	12	17	15	14	12	14	15	14	15	15	16	12	11	13	16	13	18	12	14	15	16	16	9	11	11	11	8	11	12	11	10	6
	18	22	15	18	18	18	21	22	17	13	20	15	11	17	18	19	17	22	14	11	17	15	14	14	18	18	16	19	20	17	19	16	12	16	21	15	17	17	17	15	14	16	17	21	19	16	15	14	18	19	19	16	27	16	13	16	14	14	15	13	15	19	14	16	14	13	13	15	13	18	15	14	13	14	15	14	15	15	16	12	11	13	16	14	18	12	14	15	16	16	9	12	11	11	8	11	12	11	10	6
	18	22	15	18	18	18	21	22	17	13	20	15	11	17	18	20	17	23	14	11	17	15	14	14	18	19	16	19	20	17	19	16	12	16	21	15	17	18	17	15	14	16	17	21	19	16	16	14	18	19	19	16	27	16	13	16	14	14	15	13	15	19	15	16	14	13	13	15	13	18	15	14	13	14	15	14	15	16	16	13	11	13	17	14	18	12	14	15	16	16	10	12	11	11	8	11	12	11	10	6
	18	22	15	18	18	18	21	22	17	13	20	15	11	17	19	20	18	23	14	11	17	15	14	14	19	19	16	19	20	17	19	16	12	16	21	15	18	18	17	15	14	16	17	21	19	17	16	14	18	19	19	16	28	16	13	16	14	14	15	13	15	19	15	16	14	13	13	15	13	18	15	14	13	14	15	14	15	16	16	13	12	14	17	14	18	12	14	15	17	17	10	12	11	11	8	11	12	11	10	6
	18	22	15	18	19	18	21	22	17	13	20	15	11	18	19	21	18	23	14	11	17	15	14	14	19	19	16	19	20	17	19	16	12	16	21	16	18	18	17	15	14	16	17	21	20	17	16	14	18	19	19	16	28	17	13	16	14	14	15	13	15	19	15	16	14	13	13	15	13	18	16	14	13	14	15	14	15	16	16	13	12	14	17	14	18	12	14	15	17	17	11	12	11	11	8	11	12	12	11	6
	18	22	15	19	19	18	21	22	17	13	20	15	12	18	20	21	18	23	14	11	17	15	14	14	19	19	16	19	20	17	19	16	12	17	22	16	18	18	17	15	14	16	17	21	20	17	16	14	18	19	19	16	28	17	13	16	14	14	15	13	15	20	15	16	15	13	13	15	13	18	16	14	13	14	15	14	15	16	16	13	12	14	17	14	18	12	14	15	17	17	11	13	11	11	8	11	13	12	11	7
	18	22	16	19	19	18	21	22	17	13	20	16	12	19	20	21	18	23	14	11	17	15	14	14	19	20	16	19	20	17	19	16	13	17	22	16	18	18	17	15	14	16	17	21	20	17	16	14	18	19	19	16	28	17	13	16	14	14	15	13	15	20	16	16	15	13	13	15	13	18	16	14	13	14	16	14	15	16	16	13	12	14	18	14	18	12	14	15	17	18	11	13	11	11	8	12	13	12	11	7
	18	23	16	20	19	18	21	22	17	13	21	16	12	19	21	21	18	23	14	11	17	15	14	14	19	20	16	19	20	17	19	16	13	17	22	16	18	18	17	15	14	16	17	22	20	17	16	14	18	19	19	16	29	17	13	16	14	14	15	13	15	20	16	16	15	13	13	15	13	18	16	15	13	15	16	14	15	16	17	13	12	14	18	14	18	13	14	15	17	18	11	13	11	11	8	12	13	12	11	7
	19	23	17	20	20	18	21	22	17	13	21	16	12	19	21	21	18	23	14	11	18	15	14	14	19	20	16	19	20	17	19	16	13	17	22	16	18	18	17	15	14	16	18	22	20	17	16	14	18	19	19	16	29	17	13	16	14	14	15	13	15	20	17	17	15	13	13	15	14	18	16	15	14	15	16	14	15	16	17	13	12	14	18	14	19	13	14	15	17	18	11	13	11	11	8	12	13	12	11	7
	19	24	17	21	20	18	21	22	17	13	22	16	12	19	21	21	18	23	14	11	18	15	14	14	19	20	16	19	20	17	20	16	13	17	22	16	18	18	17	15	14	17	18	22	20	17	16	14	18	19	19	17	29	18	13	16	14	14	15	13	15	20	17	17	15	13	13	16	14	18	16	15	14	16	16	14	15	16	17	13	12	14	18	15	19	13	14	15	17	18	11	13	11	11	8	12	13	12	11	7
	19	24	18	21	20	18	21	22	17	13	22	17	12	19	21	21	18	23	14	11	19	15	14	14	19	20	16	19	20	17	20	17	13	17	22	16	18	18	17	15	15	17	18	22	20	17	16	14	18	19	20	17	29	18	14	16	14	14	15	13	15	20	17	17	16	13	14	16	14	18	16	15	14	16	16	14	15	16	17	13	12	14	18	15	19	13	14	15	17	18	11	13	11	12	8	12	13	12	11	7
	19	24	18	21	20	18	21	22	17	13	22	17	13	19	21	21	18	23	14	11	19	16	15	14	19	20	16	19	20	17	21	17	13	17	22	16	18	18	17	15	15	18	18	22	20	17	16	14	18	19	20	17	29	18	14	17	14	14	15	13	16	20	17	17	16	14	14	16	14	18	16	15	14	16	16	15	15	16	17	13	12	14	18	15	19	13	14	15	17	18	11	13	11	12	9	12	13	12	11	7
	19	24	18	21	20	18	21	22	17	13	23	17	13	20	21	21	18	23	14	11	19	16	15	15	19	20	16	19	20	17	21	18	13	17	22	16	18	18	17	15	15	18	19	22	20	17	16	14	18	19	20	17	29	18	14	17	14	14	15	13	16	20	17	17	16	14	15	16	14	18	17	15	14	16	17	15	16	16	17	13	12	14	18	15	20	13	14	15	17	18	11	13	11	12	9	12	13	12	11	7
	20	24	18	21	20	18	21	22	17	13	23	17	13	20	22	21	18	23	14	11	19	16	16	15	20	20	16	19	20	17	21	18	13	17	22	16	18	18	17	15	15	18	19	22	20	17	16	14	18	19	20	17	30	18	14	17	15	14	15	13	16	20	17	17	16	14	15	16	14	18	17	15	14	16	17	15	16	16	17	13	12	15	18	16	20	14	14	16	17	18	11	13	11	12	9	12	13	12	11	7
	20	25	18	21	20	19	21	22	17	13	23	17	13	20	22	21	18	23	14	11	19	16	16	16	20	20	16	19	20	17	21	18	13	17	23	16	18	18	17	15	15	18	19	22	20	17	16	15	18	19	20	17	30	19	14	17	15	14	15	13	16	20	17	17	16	14	15	16	14	18	17	15	14	16	17	15	16	17	17	13	12	15	19	16	20	14	15	16	17	18	11	13	12	12	9	12	13	12	11	7
	20	25	19	21	20	19	22	22	17	13	23	17	13	20	22	21	18	23	14	11	19	16	16	16	21	20	16	19	20	17	21	18	13	17	23	16	18	18	17	15	15	18	19	22	20	18	16	15	18	19	20	17	30	19	15	17	15	15	15	13	16	20	17	17	16	14	15	16	14	18	17	15	14	16	17	15	17	17	17	13	12	15	19	16	20	14	15	16	18	18	11	14	12	13	9	12	13	12	11	7
	20	25	19	21	20	19	22	23	17	13	23	17	14	20	22	21	18	23	14	11	19	16	16	16	21	20	16	19	20	17	21	18	13	17	24	16	18	18	17	15	15	18	19	22	20	18	16	15	18	19	20	17	30	19	15	18	15	15	16	13	16	20	17	17	16	15	15	16	14	18	17	15	14	16	17	15	17	17	17	13	12	15	19	16	21	14	15	17	18	18	12	14	12	13	9	12	13	13	11	7
	20	25	19	21	20	19	22	23	18	13	23	17	14	20	22	21	18	23	14	11	19	16	16	17	21	20	16	19	20	17	21	18	13	17	24	16	18	18	17	15	15	18	19	22	20	19	16	15	18	20	20	17	30	19	15	18	15	15	16	13	16	20	17	17	16	15	16	16	14	18	17	15	14	16	17	16	17	17	17	13	13	15	19	16	21	15	15	17	18	18	12	14	12	13	9	12	14	13	12	7
	20	25	19	21	20	19	22	23	18	14	23	17	14	20	22	21	18	23	14	11	19	16	16	17	22	20	16	19	20	17	21	18	13	17	24	16	18	18	17	16	15	18	19	22	20	19	16	15	18	20	20	17	30	19	16	18	15	15	16	13	16	20	17	17	16	15	16	16	14	18	18	15	14	16	17	16	18	17	17	13	13	15	19	16	21	15	16	17	18	18	12	14	12	13	10	13	14	13	12	8
	20	25	19	21	20	19	22	23	18	14	23	17	14	20	22	21	18	23	14	12	19	16	16	17	22	20	16	19	20	18	21	18	13	17	25	16	18	18	17	16	15	18	19	22	20	19	16	15	18	20	20	17	30	19	16	19	15	15	16	13	16	21	17	17	16	15	16	17	14	18	18	15	14	16	17	16	18	17	17	13	13	15	19	16	21	16	16	18	18	19	12	14	12	14	10	13	14	13	12	8
	20	25	19	21	20	19	22	23	18	15	23	17	14	20	22	21	18	23	15	12	19	16	16	17	22	20	16	19	20	18	21	18	13	17	25	16	18	18	17	16	15	18	19	22	20	20	16	15	18	20	20	17	30	19	16	19	16	16	16	13	16	21	17	17	16	15	16	17	14	18	18	16	14	16	18	16	18	18	17	14	13	15	19	17	21	16	16	18	18	19	12	14	12	14	10	13	14	13	12	8
	20	25	19	21	20	19	22	23	19	15	23	17	14	20	22	21	18	23	15	12	19	16	16	17	22	20	16	19	21	18	21	18	13	17	25	16	18	18	17	16	15	18	19	22	20	20	16	16	18	20	20	17	30	19	17	19	16	16	17	13	16	21	18	17	16	15	16	17	14	19	18	16	15	17	18	16	18	18	18	14	13	15	19	17	21	16	16	18	18	19	12	14	12	14	10	13	14	13	12	8
	20	25	19	21	20	19	22	23	19	15	23	17	14	20	22	21	18	24	15	12	19	16	16	17	22	20	16	20	21	18	21	18	13	17	25	16	18	18	17	16	15	18	19	22	20	20	16	16	19	21	20	17	31	19	17	20	16	16	17	14	16	21	18	18	16	15	16	17	15	19	18	16	15	17	18	16	18	18	18	14	13	15	20	17	21	16	16	18	18	19	12	14	12	14	10	13	14	13	12	8
	20	25	19	21	20	19	22	23	19	15	23	17	14	20	22	21	19	24	15	12	19	16	16	17	22	20	17	20	21	18	21	18	13	17	25	16	18	19	18	16	15	18	19	23	20	20	17	16	19	21	20	17	31	19	17	20	16	16	18	14	16	21	18	18	17	15	16	18	15	19	18	16	15	17	18	16	18	18	18	14	13	16	20	17	21	16	16	18	18	19	12	14	12	14	10	13	14	13	12	8
	20	25	19	21	20	19	22	23	19	15	23	17	14	20	22	22	19	24	15	12	19	16	16	17	22	20	17	21	22	18	21	18	13	17	25	17	19	19	18	16	15	18	19	23	21	20	17	16	19	21	20	17	31	20	17	20	16	16	18	14	16	21	18	18	17	15	17	18	16	19	18	16	15	17	18	16	18	18	18	14	13	16	20	17	21	16	16	18	18	19	12	15	12	14	10	13	14	13	12	8
	20	25	19	21	20	19	22	23	19	15	23	17	14	20	23	22	20	25	15	12	19	16	16	17	22	21	17	21	22	18	21	18	13	18	25	17	19	19	18	16	15	18	19	23	21	20	17	17	19	21	20	17	31	20	18	20	16	16	18	14	16	21	18	18	17	16	17	19	16	19	18	16	15	17	18	16	18	18	18	14	13	16	20	17	21	16	16	18	18	19	12	15	13	14	10	13	14	13	12	8
	20	25	19	21	21	19	23	24	19	15	23	17	14	20	23	22	20	25	15	12	19	16	16	17	23	21	17	21	22	18	21	18	14	18	25	17	19	19	18	16	15	18	19	23	21	21	17	17	19	21	20	17	31	20	18	20	16	17	18	14	16	21	18	18	17	16	18	19	16	19	18	16	15	17	18	17	18	18	18	14	13	16	20	17	21	16	16	18	18	19	12	15	13	15	10	13	14	13	12	8
	20	25	19	22	21	19	23	24	20	15	23	17	14	20	23	23	20	25	15	12	19	16	17	17	23	21	17	21	22	18	21	18	14	19	25	18	19	19	18	16	15	18	19	23	21	21	17	17	19	21	20	17	31	20	18	20	16	17	18	14	16	21	18	18	17	16	18	19	17	19	18	16	15	17	18	17	19	18	18	14	13	16	20	17	22	16	17	18	18	19	12	15	13	15	10	13	14	13	12	8
	20	25	19	22	21	19	23	24	20	16	23	18	14	21	23	23	20	25	15	12	19	16	17	17	23	22	18	21	22	18	21	18	14	19	25	18	19	19	18	16	15	18	19	24	21	21	17	17	19	21	20	17	31	20	18	20	16	17	18	14	16	21	18	18	17	16	18	20	17	19	18	16	15	17	18	17	19	18	18	14	13	16	20	17	22	16	17	19	18	19	12	15	13	15	11	13	15	13	12	8
	20	26	19	22	21	19	23	24	20	16	23	18	15	21	24	23	20	25	16	12	19	16	17	17	23	22	18	21	22	18	21	18	14	19	25	18	20	19	18	16	15	18	19	24	21	21	17	17	19	21	20	17	32	20	18	20	16	17	18	14	16	21	18	18	17	16	19	20	17	19	18	16	15	17	18	17	19	18	18	14	13	16	20	17	22	16	17	19	19	19	12	15	13	15	11	14	15	14	12	8
	21	26	19	22	22	19	23	24	20	16	23	19	15	21	24	23	20	25	16	13	19	16	17	17	23	22	18	21	22	18	21	18	14	19	25	18	20	19	18	16	15	18	19	24	21	21	17	18	19	21	20	18	32	20	18	20	16	17	18	14	16	21	18	18	17	17	19	20	17	19	18	16	15	17	18	17	19	18	18	14	13	16	20	17	22	16	17	19	19	20	12	15	13	15	11	14	16	14	13	8
	21	27	19	23	22	19	23	24	20	16	24	19	15	21	24	23	20	25	16	13	19	16	17	17	23	22	18	21	22	19	21	18	14	19	25	18	20	19	18	16	15	18	19	24	21	21	17	18	19	21	21	18	32	20	18	20	16	18	18	14	16	21	18	18	18	17	19	20	17	19	18	16	15	17	18	17	19	18	18	15	13	16	20	17	22	16	17	19	19	20	12	15	13	15	11	14	16	15	13	9
	21	27	20	23	22	19	23	24	20	16	24	19	15	22	24	23	20	25	16	13	20	16	17	17	23	22	18	21	22	19	21	18	14	19	25	18	20	19	18	17	16	18	19	24	21	21	17	18	19	21	21	18	32	20	18	20	17	18	18	14	16	21	18	19	18	17	19	20	17	19	18	16	15	17	18	17	19	18	19	15	13	16	20	17	22	16	17	19	19	21	12	15	13	15	11	14	16	15	14	9
	21	27	20	24	22	19	23	24	20	16	24	19	16	22	24	23	20	25	16	13	20	17	17	17	23	22	18	21	22	19	22	18	14	19	25	18	20	19	18	17	16	18	19	24	21	21	17	18	19	22	21	18	33	20	18	21	17	18	18	14	16	21	18	19	18	17	19	20	17	19	18	16	15	17	18	17	19	19	19	15	13	16	20	17	22	16	17	19	20	21	12	15	13	15	11	14	16	16	14	9
	21	27	20	24	23	19	23	24	20	16	24	19	16	22	24	23	20	25	16	13	20	17	18	18	23	22	18	21	22	19	22	19	14	19	25	18	20	19	18	17	16	18	20	24	21	21	18	18	19	22	21	18	33	20	18	21	17	18	19	14	16	21	18	19	18	17	19	20	18	19	18	16	15	17	18	17	19	19	19	15	13	16	20	17	22	16	17	20	20	21	12	15	13	15	11	14	17	16	14	9
	21	27	20	24	23	20	23	24	20	16	24	20	16	22	24	23	20	25	16	13	20	18	18	18	23	22	18	21	22	19	22	19	15	19	25	18	20	19	18	17	16	19	20	24	21	22	18	18	19	22	21	18	33	20	18	21	17	19	19	14	16	21	18	19	18	17	19	20	18	20	18	16	15	17	18	17	19	19	19	15	13	16	20	17	22	16	18	20	20	21	12	15	13	15	11	15	17	16	14	9
	21	28	20	24	23	20	24	24	20	16	25	20	16	22	24	23	20	25	16	13	20	18	18	18	23	22	18	21	22	19	22	20	15	19	26	18	20	19	18	17	16	19	20	24	21	22	18	18	19	22	21	19	33	20	18	21	18	19	19	15	16	21	18	19	18	17	19	20	18	20	18	16	15	17	18	17	19	19	19	15	13	16	20	17	22	17	18	20	20	21	12	15	13	15	12	15	17	16	14	9
	22	28	21	24	23	20	24	24	20	16	25	20	16	22	24	23	21	25	16	13	20	18	18	18	23	22	18	21	22	19	22	20	15	20	26	18	20	19	18	17	16	19	21	24	21	22	18	19	19	23	21	19	33	20	18	21	18	19	19	15	16	22	18	19	18	17	19	20	18	20	18	16	15	17	19	17	19	19	19	15	13	16	20	17	23	17	18	20	20	21	12	15	13	15	12	15	17	16	14	9
	22	29	21	25	23	20	24	24	20	16	25	20	16	22	24	23	21	25	16	13	20	18	18	19	23	22	18	22	22	19	22	20	15	20	26	18	20	19	19	17	16	20	21	24	21	22	18	19	20	23	21	19	33	20	18	21	18	19	19	15	17	22	18	19	18	17	19	20	18	20	18	16	15	18	19	17	19	19	19	15	13	16	20	18	23	17	18	20	20	21	12	15	13	15	12	15	17	16	14	9
	22	29	22	25	24	20	24	24	20	16	25	20	17	22	24	23	21	25	16	13	20	18	18	19	23	22	18	22	23	20	22	20	15	20	26	18	20	20	19	17	16	20	21	24	21	22	18	19	20	23	21	20	33	20	18	21	18	19	19	15	17	22	18	19	18	17	19	20	18	20	19	16	16	18	19	17	19	19	19	15	13	16	21	18	23	17	18	20	20	21	12	15	13	15	12	15	17	16	14	9
	22	29	22	26	24	21	24	24	20	16	25	20	17	23	24	23	21	26	17	13	20	18	18	19	23	22	18	22	23	20	22	20	15	20	26	18	21	20	19	17	16	20	21	24	21	22	18	19	20	23	21	20	33	20	18	21	18	19	19	15	17	23	18	19	18	17	19	20	18	20	19	17	16	18	19	17	19	19	19	15	14	17	21	18	23	17	18	20	20	21	12	15	13	15	12	15	17	16	14	9
	22	29	22	26	25	21	25	25	21	16	25	20	17	23	24	23	21	26	17	13	20	18	18	19	24	22	18	22	23	20	22	20	15	20	26	18	21	20	19	17	16	20	21	24	21	22	19	19	20	23	21	20	33	20	18	21	18	19	19	15	18	23	19	19	18	17	19	20	18	20	19	17	16	18	19	17	19	19	19	15	14	17	21	18	23	17	18	20	20	21	13	16	13	15	12	15	17	16	14	9
	22	29	22	26	25	22	25	25	21	17	25	20	17	23	24	24	22	26	17	13	20	18	18	19	24	23	18	22	23	20	22	20	15	20	26	18	21	20	19	17	16	20	21	24	21	22	19	19	20	23	21	20	34	20	18	22	18	19	19	15	18	23	19	19	18	17	19	20	18	20	20	17	16	18	19	17	19	19	19	15	14	18	21	18	23	17	18	20	20	21	13	16	14	15	12	15	17	16	14	9
	22	29	22	26	25	22	25	25	21	17	25	20	17	23	25	24	22	26	17	14	20	18	18	19	24	23	19	23	23	20	22	20	15	20	26	19	21	20	19	17	16	20	21	24	21	22	19	19	20	23	21	20	34	21	18	22	18	19	19	15	18	24	19	19	18	18	19	20	18	20	20	17	16	18	19	17	19	19	19	15	14	18	22	18	23	17	18	20	20	21	13	16	14	16	12	15	17	16	14	9
	22	29	22	26	25	22	25	25	21	17	25	20	17	24	25	25	22	26	17	14	20	18	18	19	24	23	19	23	23	21	22	20	15	20	26	19	22	21	19	17	16	20	21	24	22	22	19	19	20	23	21	20	34	21	18	22	18	19	19	15	18	24	20	19	19	18	19	20	18	20	20	17	16	18	19	17	19	19	19	15	14	18	22	18	24	17	18	20	20	21	13	16	15	16	12	15	17	16	14	9
	22	29	22	26	25	22	25	25	21	17	25	20	17	24	26	25	22	26	17	14	20	18	18	20	24	23	19	23	23	21	22	20	15	20	27	19	22	21	19	18	16	20	21	24	22	22	20	20	20	23	21	20	35	22	18	22	18	19	19	15	18	24	20	19	19	18	19	20	18	20	20	17	16	18	19	17	19	19	19	15	14	18	22	18	24	18	18	20	20	21	13	16	15	17	12	15	17	16	14	9
	22	29	22	26	25	22	25	25	21	17	25	20	17	25	26	25	22	26	17	14	20	18	18	20	24	23	19	23	23	21	22	20	16	20	27	19	22	21	19	18	16	20	21	25	23	23	20	20	20	24	21	20	35	22	18	23	18	20	19	15	18	24	20	19	19	18	19	20	18	20	20	17	16	18	19	18	19	19	19	15	14	18	22	18	25	18	18	20	20	21	13	16	15	17	12	15	17	16	14	9
