	78	18	20	88	31	50	54	14	2	86
	68	8	10	77	30	41	44	4	1	75
	57	7	0	67	20	42	33	3	11	65
	47	6	1	56	10	32	23	2	12	54
	36	5	11	46	21	43	13	3	22	44
	26	4	12	35	31	52	24	2	23	34
	15	3	13	25	30	51	14	1	33	45
	6	4	23	26	40	61	5	0	34	55
	16	3	33	27	50	60	15	10	25	66
	17	2	32	28	41	70	14	20	35	76
	18	1	31	29	42	71	24	30	45	87
	9	0	21	38	43	62	13	40	55	96
	19	10	11	37	53	63	23	50	66	95
	29	20	22	48	64	72	32	51	76	94
	38	30	12	47	63	73	43	62	87	84
	37	40	3	46	52	83	53	61	96	93
	27	50	4	35	42	82	54	60	86	92
	17	41	13	45	31	81	55	70	75	91
	8	30	14	44	21	80	45	71	65	90
	7	20	5	34	11	70	45	72	54	81
	6	10	15	25	12	71	34	73	64	82
	16	1	26	24	13	72	33	63	74	83
	17	2	36	23	3	62	32	52	85	84
	28	11	47	22	4	51	43	42	95	94
	18	21	46	31	14	41	53	32	96	93
	9	30	35	22	13	40	44	33	87	92
	19	20	34	23	12	50	45	32	77	91
	29	10	25	24	11	61	55	31	67	90
	39	0	15	14	1	60	56	30	67	80
	38	10	5	4	2	70	46	40	57	81
	28	21	6	3	12	71	35	50	58	82
	17	30	7	13	22	72	25	61	49	83
	27	41	8	24	31	73	14	60	39	84
	37	50	17	33	42	64	15	70	38	74
	48	61	16	43	52	53	6	80	37	75
	47	60	27	44	63	54	5	70	36	85
	46	50	26	34	62	65	4	81	35	94
	45	51	25	24	61	66	13	91	36	93
	54	41	14	23	50	75	12	82	37	92
	65	30	13	32	40	86	11	71	28	91
	55	20	23	22	41	76	1	62	18	90
	46	10	33	11	31	87	0	51	9	80
	36	21	43	1	32	88	10	41	19	70
	26	31	42	2	22	78	20	30	29	71
	15	41	52	3	12	68	10	40	38	62
	16	50	53	4	13	57	11	30	37	72
	17	60	64	14	24	47	2	21	36	83
	18	70	54	25	34	56	3	11	35	82
	9	80	45	15	33	55	13	2	46	81
	19	90	44	6	32	65	4	3	47	81
	29	80	33	7	31	74	5	12	48	91
	28	70	23	8	30	73	15	22	58	92
	38	61	32	17	40	83	6	31	49	93
	28	51	43	16	50	84	7	30	39	94
	17	42	52	26	41	85	8	20	38	95
	27	31	63	35	30	75	7	10	37	96
	26	21	53	45	20	66	6	0	36	97
	35	10	44	46	30	67	5	1	36	96
	34	11	33	56	40	77	14	2	47	95
	24	12	23	66	50	76	13	3	57	94
	25	22	32	55	60	86	4	2	67	93
	15	31	43	54	70	96	5	1	66	92
	16	30	52	44	71	97	6	10	65	91
	17	40	62	33	72	88	7	21	74	90
	18	50	61	34	62	78	8	30	64	80
	9	51	60	35	63	68	17	40	53	70
	19	41	50	25	73	69	28	30	44	81
	29	42	40	14	83	59	38	20	34	82
	39	32	30	13	84	58	48	10	35	92
	49	33	20	12	85	57	37	0	25	93
	59	44	10	2	74	67	27	1	15	92
	69	54	11	3	64	56	26	0	16	91
	58	55	12	4	65	46	25	1	17	90
	48	45	13	14	54	35	24	11	7	80
	37	34	23	5	53	26	33	22	6	70
	27	44	32	15	43	36	24	31	16	71
	28	33	42	25	32	47	13	30	17	72
	18	33	52	34	31	57	3	21	8	62
	9	32	51	35	41	68	2	20	7	61
	19	31	50	46	40	77	1	10	6	70
	29	30	60	47	41	67	0	11	15	81
	38	20	50	57	42	56	1	12	25	90
	39	10	41	58	43	66	11	13	35	91
	29	21	30	49	53	75	12	23	34	82
	28	22	20	38	63	76	3	24	33	83
	17	12	10	37	73	67	4	14	44	84
	7	13	11	36	74	56	5	15	54	94
	6	4	12	35	64	46	14	26	55	95
	5	3	13	45	53	47	25	35	65	94
	4	2	23	55	52	48	34	36	74	93
	3	11	32	65	51	57	44	35	73	92
	2	21	43	74	41	68	54	34	83	91
	12	30	53	64	41	69	65	33	82	90
	13	31	63	73	40	59	66	32	81	80
	14	42	72	83	50	58	75	43	71	70
	15	52	62	73	61	48	65	44	71	60
	16	51	52	64	50	37	55	54	82	70
	17	41	43	53	40	36	45	44	92	80
	27	30	33	43	50	35	34	54	83	90
	26	20	24	32	41	46	34	44	73	91
	25	10	13	33	30	56	24	43	64	92
	14	0	23	32	20	67	34	42	54	93
	13	1	22	31	10	77	35	41	45	84
	23	2	11	30	21	78	46	41	55	85
	12	3	1	40	20	79	56	51	66	75
	13	4	0	30	10	69	67	62	76	74
	14	5	1	31	11	68	77	63	86	73
	15	6	2	32	12	57	87	72	96	83
	16	5	3	33	13	47	88	71	97	82
	17	4	12	34	14	36	77	81	87	91
	8	13	23	35	24	36	67	90	76	91
	9	12	33	26	23	37	56	80	66	92
	18	22	34	15	32	28	46	70	55	93
	19	31	35	5	32	29	45	60	46	94
	9	30	36	4	31	38	44	50	47	95
	8	40	37	3	42	39	53	41	57	86
	17	30	28	13	52	49	63	51	48	76
	7	21	27	14	43	59	53	61	58	75
	6	20	26	25	33	69	44	62	68	85
	15	10	16	35	24	78	34	72	77	84
	5	0	17	45	23	68	44	73	67	83
	4	1	18	54	12	57	53	63	56	82
	13	11	29	65	22	47	64	52	46	81
	14	21	28	74	31	36	54	42	35	90
	15	30	27	75	31	26	45	41	25	91
	16	40	37	66	32	35	34	50	24	92
	17	30	38	56	43	46	33	60	23	93
	18	20	39	55	44	47	24	70	13	94
	19	10	49	65	53	37	14	71	3	95
	29	0	48	64	63	38	5	82	2	96
	39	1	58	73	62	28	6	81	12	95
	49	2	57	72	51	17	7	70	11	94
	48	3	56	71	41	27	8	61	22	93
	37	12	55	62	30	36	9	51	32	92
	47	22	45	52	40	35	18	41	33	91
	57	21	34	42	50	25	17	31	33	90
	58	20	24	32	60	15	16	30	44	80
	59	10	13	33	70	26	15	40	53	81
	49	0	4	34	71	35	14	50	63	82
	38	1	3	44	72	46	5	60	62	83
	28	2	12	54	73	47	6	70	52	84
	17	11	23	65	63	57	7	80	42	85
	8	22	32	74	52	67	16	90	31	86
	9	21	43	84	42	68	27	81	32	95
	19	30	33	83	41	69	26	71	32	94
	29	40	24	73	51	58	25	61	33	93
	39	50	13	64	62	48	14	60	34	92
	49	41	4	53	72	37	15	70	35	91
	38	30	5	43	82	36	6	80	46	90
	28	20	14	32	92	47	7	81	56	91
	17	10	13	33	83	57	8	71	66	90
	18	0	3	34	72	67	9	61	65	80
	19	1	2	35	62	66	8	51	74	70
	29	11	12	46	62	65	17	41	64	71
	39	22	23	36	51	55	16	30	54	82
	49	31	32	27	41	45	15	20	44	92
	48	30	43	17	41	35	14	10	33	93
	37	21	32	7	42	26	13	0	34	92
	27	20	22	6	52	15	3	1	35	91
	16	10	12	5	53	14	2	11	26	90
	17	21	23	4	63	13	3	22	25	81
	7	30	24	14	73	12	2	31	15	80
	6	40	25	5	84	22	1	41	16	70
	7	50	35	4	83	32	0	51	27	60
	8	61	34	13	72	33	10	52	28	70
	18	62	44	24	72	43	21	63	37	71
	28	51	53	34	82	52	30	64	36	81
	17	42	54	35	92	63	20	74	36	90
	27	31	45	46	93	64	10	75	47	91
	36	30	55	56	83	74	11	65	57	92
	47	20	66	67	72	85	12	54	58	82
	57	10	55	68	62	86	13	44	59	71
	58	0	45	69	51	76	24	33	49	70
	48	1	34	59	41	67	23	32	38	80
	37	11	24	49	30	56	22	31	38	90
	28	2	13	48	40	46	21	42	37	81
	17	11	3	47	50	35	20	43	36	91
	16	21	2	46	60	26	10	52	27	92
	15	30	1	35	70	25	11	53	28	93
	14	40	0	34	80	24	12	63	29	94
	13	50	10	33	90	23	22	73	19	85
	3	60	20	32	81	12	31	72	9	84
	4	70	10	43	71	2	42	62	8	83
	5	61	11	52	82	1	51	63	7	92
	6	62	21	53	91	0	41	64	16	93
	7	51	30	44	82	10	40	63	26	94
	17	41	31	34	72	21	50	62	35	95
	18	42	22	45	72	31	51	62	36	94
	28	32	12	54	72	31	41	71	37	93
	38	33	13	65	73	32	30	81	48	92
	39	44	4	74	84	33	20	90	57	91
	49	54	5	75	93	34	10	80	68	82
	58	55	6	66	83	35	11	70	77	72
	48	45	7	56	83	36	12	60	67	63
	37	34	8	46	72	47	13	50	56	52
	27	33	9	45	62	57	4	40	66	43
	17	32	18	35	51	68	5	30	76	53
	16	31	17	25	41	69	6	20	86	63
	15	30	16	14	41	59	7	10	87	62
	26	20	27	24	40	49	8	11	77	71
