	5	41	12	70	65	51	5	50	10	61
	6	30	2	60	55	42	15	40	1	62
	7	20	3	50	45	31	16	41	11	52
	8	10	4	51	34	21	17	30	22	42
	9	0	5	62	24	31	18	40	32	43
	19	1	6	63	13	42	28	41	33	44
	29	2	7	53	3	43	27	51	24	34
	28	11	8	44	4	33	26	52	13	25
	27	12	9	34	5	24	35	43	14	15
	26	22	18	45	6	25	35	33	13	16
	36	23	17	46	7	15	34	24	12	27
	37	32	28	55	8	6	25	13	2	16
	38	31	29	54	9	5	15	3	1	26
	39	21	19	64	18	4	14	2	10	35
	49	20	29	73	17	3	13	1	0	45
	48	30	39	72	16	2	12	11	10	54
	47	40	49	71	15	1	22	21	20	64
	56	50	48	70	5	10	23	30	21	63
	57	61	47	81	4	0	33	40	31	62
	58	71	46	82	3	1	24	50	41	72
	59	70	55	83	12	2	14	61	42	73
	69	80	54	84	23	11	15	60	51	74
	68	90	64	85	33	22	25	50	61	65
	67	91	53	75	24	12	35	40	62	66
	76	92	52	86	14	13	45	30	63	56
	77	83	43	87	15	14	54	20	72	55
	78	93	44	86	25	5	53	10	71	65
	79	94	34	85	35	6	64	0	81	65
	89	95	33	74	36	7	54	1	82	66
	88	94	32	73	27	8	45	2	91	76
	97	84	31	72	28	9	34	3	81	77
	96	73	21	71	37	18	24	4	70	67
	95	72	20	62	36	17	13	5	60	66
	85	63	10	51	26	16	14	6	61	65
	74	64	0	41	15	16	14	7	50	65
	75	54	1	30	25	27	24	8	40	55
	76	45	2	20	35	28	23	9	41	46
	77	44	3	10	34	29	32	19	31	47
	78	33	4	21	24	38	42	18	22	48
	69	32	5	30	23	39	52	17	31	49
	58	42	6	40	22	29	63	7	41	59
	57	51	15	50	31	18	53	16	30	69
	68	61	14	60	21	17	43	26	20	69
	67	70	24	60	11	16	33	25	30	68
	56	80	34	50	12	15	44	35	41	67
	66	90	45	40	13	5	54	46	51	67
	65	91	55	30	14	4	64	47	62	66
	75	92	56	31	25	3	73	48	52	65
	76	93	47	32	26	2	83	38	53	64
	77	94	36	43	27	1	72	39	63	73
	78	84	37	52	28	0	62	49	64	74
	79	83	27	51	17	10	52	58	54	85
	89	82	16	61	17	11	42	57	44	86
	88	81	15	70	16	12	31	56	43	75
	87	71	6	60	7	13	22	55	52	65
	86	62	5	50	8	14	12	46	52	64
	85	63	4	41	9	24	13	36	42	64
	74	53	3	40	19	23	14	27	31	73
	75	54	2	30	29	33	25	28	22	72
	76	45	1	20	18	34	35	38	11	83
	77	44	2	30	17	24	26	48	21	92
	78	43	12	41	16	13	15	47	10	91
	69	42	12	51	6	14	5	37	20	82
	59	42	13	61	7	4	15	36	30	71
	49	51	23	70	8	3	25	35	41	62
	48	61	32	80	9	2	34	46	51	52
	37	70	43	90	19	11	44	56	50	63
	27	80	52	81	29	21	53	66	60	64
	36	70	51	91	28	10	54	67	61	65
	47	71	62	92	27	11	55	68	50	66
	57	72	52	93	26	12	46	69	40	67
	68	63	42	94	15	13	36	59	41	66
	78	64	31	95	14	13	26	49	30	65
	79	73	22	85	25	23	15	39	21	74
	89	84	32	86	24	33	16	29	20	75
	88	94	43	87	34	44	17	19	10	76
	97	93	53	86	45	54	18	9	21	66
	98	83	63	85	35	64	8	19	31	65
	99	82	73	84	46	74	7	29	42	64
	89	81	83	73	56	75	6	38	51	63
	78	70	72	73	47	66	15	48	62	63
	77	60	72	73	36	56	5	57	61	52
	76	50	62	72	26	46	4	58	71	43
	67	40	52	82	15	36	3	69	70	32
	56	41	43	91	5	26	2	78	80	22
	46	30	33	90	4	15	1	77	81	11
	35	20	23	91	3	5	0	67	70	12
	36	30	13	92	2	4	10	68	60	22
	47	40	14	93	1	3	11	57	50	21
	37	41	25	94	0	2	12	48	51	30
	27	31	24	84	10	1	23	49	62	41
	36	42	34	83	20	11	32	59	52	51
	47	43	25	72	10	12	22	69	53	61
	57	44	15	71	11	13	12	78	54	70
	68	53	16	82	11	14	13	79	55	80
	78	63	27	81	12	15	14	89	45	90
	88	72	17	91	13	16	5	98	34	80
	87	71	18	92	14	7	6	97	33	70
	86	62	8	93	15	17	16	96	43	60
	85	51	9	94	26	28	27	95	52	61
	74	50	19	84	35	29	37	86	42	70
	64	40	18	73	45	38	48	75	31	81
	53	30	8	72	44	39	47	76	22	91
	54	20	7	71	43	49	46	77	21	92
	65	30	6	70	33	58	45	78	10	93
	75	41	15	60	24	57	35	69	21	83
	76	51	25	50	13	47	26	58	31	72
	77	62	24	61	14	36	16	48	41	72
	78	63	23	70	4	26	17	38	51	82
	69	53	32	81	3	15	27	28	62	91
	58	54	31	90	2	25	36	29	63	92
	48	64	30	80	1	24	37	39	73	93
	49	63	20	70	11	23	27	39	74	94
	59	62	10	71	12	22	26	38	65	85
	69	52	11	61	13	21	15	28	66	74
	78	43	2	60	14	31	5	37	55	64
	68	32	3	50	4	22	6	47	54	63
	57	42	12	40	13	11	7	47	53	62
	56	41	23	30	24	1	8	46	52	71
	55	51	33	40	34	0	9	45	62	70
	66	61	44	50	35	10	19	54	72	80
	67	70	34	60	25	11	18	65	83	90
	77	81	24	61	15	12	17	66	84	91
	78	82	14	71	6	13	16	67	85	92
	79	83	15	72	5	14	27	77	75	93
	89	84	26	73	4	25	36	78	76	94
	88	85	35	74	3	34	37	69	66	93
	87	75	46	65	2	33	48	58	66	83
	76	74	47	64	1	43	49	59	65	72
	75	73	48	63	0	42	39	69	64	62
	74	72	58	63	10	41	29	68	64	52
	84	71	57	62	11	30	28	78	53	43
	73	70	47	61	12	20	17	88	44	32
	74	80	36	51	13	10	16	87	34	31
	75	90	26	42	14	11	15	76	25	21
	86	81	27	31	24	12	6	67	35	22
	96	91	37	41	23	13	7	57	45	32
	97	92	38	40	33	4	8	56	54	43
	88	82	49	50	44	5	9	67	64	52
	77	71	59	60	45	6	19	68	63	62
	78	70	69	60	55	7	18	68	73	72
	79	61	58	50	46	16	17	57	84	83
	89	51	48	41	35	15	16	47	94	93
	99	42	37	30	26	25	27	46	95	92
	98	31	28	20	36	34	17	45	96	91
	97	30	29	10	46	24	8	54	86	90
	87	20	39	1	56	14	9	65	85	81
	76	30	38	11	66	13	19	64	74	70
	75	40	49	21	65	3	29	64	73	60
	85	50	48	31	55	4	18	53	63	61
	74	51	47	42	45	5	17	43	62	61
	75	52	36	32	35	15	16	44	71	70
	76	43	26	22	25	6	7	45	82	80
	77	32	15	12	14	5	8	55	72	90
	78	42	16	23	24	4	9	56	83	91
	88	51	27	32	33	13	19	67	84	82
	98	61	37	42	44	12	29	77	93	72
	89	70	28	51	34	2	39	78	83	62
	79	80	38	61	45	1	29	69	72	52
	78	90	49	70	46	0	18	59	62	53
	68	91	48	81	36	10	17	58	52	44
	57	92	47	71	26	11	16	69	43	34
	56	83	36	62	15	12	16	78	32	45
	46	84	26	63	25	13	6	88	22	54
	35	94	27	73	14	13	7	97	12	64
	34	95	37	83	5	3	8	96	23	74
	45	85	28	82	6	4	9	86	33	84
	55	74	29	81	7	5	19	87	43	93
	66	73	39	70	8	6	18	76	52	92
	67	72	38	60	17	15	18	77	62	82
	68	71	37	50	16	25	17	78	51	81
	58	70	36	40	15	35	16	89	41	80
	49	60	46	30	25	34	26	99	31	90
	39	50	55	20	24	33	27	98	21	91
	29	40	54	10	23	44	28	88	11	92
	19	30	53	21	32	45	38	97	2	83
	9	41	63	22	31	35	48	96	12	72
	18	42	62	11	32	36	47	86	23	72
	29	51	52	21	22	26	36	75	33	73
	38	61	43	30	12	15	26	76	33	64
	48	70	32	40	13	14	16	77	34	65
	57	71	22	50	3	4	7	78	45	66
	68	82	11	61	2	5	8	69	35	56
	67	81	1	70	12	6	9	59	36	47
	56	80	0	60	23	7	19	58	46	47
	55	90	10	50	24	8	18	49	45	56
	54	91	11	41	14	17	18	39	44	66
	53	92	12	31	15	16	17	29	43	65
	63	93	13	32	25	27	28	38	52	64
	73	84	14	43	34	37	18	48	62	63
	74	83	15	42	44	47	9	57	72	53
	75	82	6	51	33	56	19	68	71	54
	76	81	7	61	32	66	29	78	70	45
	77	80	8	60	31	67	39	79	71	35
	78	90	9	50	21	68	38	89	62	26
	88	91	18	40	10	57	37	99	52	27
	98	92	17	30	11	47	36	89	53	26
	97	93	16	20	12	47	36	78	44	25
	87	94	15	10	13	47	26	69	33	24
	86	84	5	21	14	36	25	59	23	34
