	18	62	18	64	4	72	44	10	18	89
	9	51	8	53	3	71	33	0	17	78
	19	41	7	43	2	61	23	1	16	68
	29	30	6	32	11	50	12	10	15	57
	28	20	5	22	21	40	13	0	14	47
	17	30	4	31	11	41	24	1	25	36
	7	21	3	42	2	51	34	10	26	27
	6	22	13	52	12	62	35	0	16	28
	15	23	24	63	11	72	26	1	17	37
	5	33	25	73	10	82	36	2	18	48
	4	34	26	74	20	81	37	3	8	58
	14	25	27	75	30	70	38	12	9	68
	5	35	28	66	40	60	39	23	19	67
	6	45	37	55	50	61	49	33	29	56
	7	46	36	54	41	71	58	44	38	57
	8	56	47	65	31	62	59	53	37	48
	9	57	36	64	21	51	69	43	27	49
	18	48	26	53	11	41	79	32	16	59
	19	38	15	43	2	31	89	42	7	69
	29	39	6	52	3	21	88	51	8	68
	28	49	7	63	4	22	77	61	9	78
	17	59	8	72	14	11	76	70	18	79
	27	69	9	83	24	1	86	80	19	89
	37	78	18	84	25	0	85	90	29	98
	47	77	28	93	14	10	74	91	38	97
	46	76	37	92	13	20	65	82	49	87
	35	86	47	83	12	30	55	81	59	77
	25	85	46	73	11	40	56	71	69	67
	14	74	35	64	22	30	57	62	78	66
	4	65	25	54	23	21	58	51	68	67
	5	55	14	45	32	11	48	50	57	76
	6	56	4	34	33	2	38	40	47	75
	7	46	5	44	43	3	39	30	36	86
	8	47	6	53	42	4	49	20	27	95
	9	48	7	63	31	5	59	10	16	94
	19	49	8	72	21	6	69	0	7	93
	29	59	9	83	10	15	79	1	8	84
	39	69	19	82	11	14	89	2	17	73
	49	79	29	71	12	13	99	3	18	64
	48	89	39	62	22	24	98	4	28	65
	57	88	38	51	23	25	97	5	37	66
	47	87	49	41	24	26	96	6	48	67
	56	76	59	51	25	35	95	16	58	68
	46	66	49	62	34	45	86	17	48	77
	36	55	39	72	33	44	75	18	37	88
	27	56	29	83	32	43	66	9	28	89
	16	57	19	93	22	32	55	8	17	79
	6	58	9	92	11	22	56	7	18	69
	15	68	8	91	21	31	57	16	28	78
	14	58	7	81	30	41	57	26	38	77
	13	59	6	70	40	51	58	25	49	87
	3	69	15	60	50	52	48	34	39	97
	4	79	14	61	51	53	47	24	29	98
	5	89	13	71	52	54	46	33	19	99
	6	88	3	82	42	44	35	23	9	98
	7	78	4	83	32	33	34	12	8	97
	17	68	5	93	22	23	24	2	18	87
	27	57	6	84	11	12	25	3	28	76
	26	58	7	73	1	13	35	4	37	67
	36	59	8	63	0	14	46	5	47	68
	27	49	9	52	10	25	56	6	57	78
	16	48	19	53	20	26	56	7	67	77
	6	47	29	54	21	15	57	8	56	88
	7	37	38	65	31	14	68	9	46	89
	8	27	39	74	22	24	69	19	35	79
	9	16	49	84	11	34	59	29	25	78
	19	17	58	93	2	33	69	38	15	77
	29	28	48	94	3	32	78	49	5	87
	39	38	47	85	4	22	68	59	6	86
	49	38	46	75	5	11	67	69	7	96
	59	49	35	66	6	1	76	58	8	87
	69	48	25	55	7	0	77	68	9	97
	78	47	15	45	16	10	88	57	19	98
	68	46	5	54	15	20	89	56	29	99
	57	45	6	64	14	21	79	47	39	98
	48	44	7	73	13	30	69	36	38	97
	37	33	8	83	12	20	59	26	28	96
	36	34	9	93	11	10	58	15	18	95
	26	35	19	92	2	1	57	5	17	85
	16	46	29	82	3	0	56	6	27	74
	7	55	39	71	4	10	67	6	28	64
	8	54	49	61	5	21	68	15	29	65
	9	53	59	50	14	31	77	25	19	66
	18	54	58	40	24	41	67	34	29	66
	17	55	48	50	23	30	57	45	39	75
	27	56	38	51	22	20	47	35	49	86
	37	46	28	62	11	10	36	26	59	87
	48	35	18	72	12	1	27	16	69	76
	58	26	9	83	13	2	17	6	78	67
	49	27	8	93	3	12	28	7	68	67
	39	37	17	84	4	11	38	16	58	56
	29	48	28	74	5	21	49	15	58	47
	19	57	37	65	14	31	59	25	48	46
	9	58	36	55	13	32	69	34	38	45
	18	68	46	54	12	42	79	44	39	35
	8	77	56	64	11	43	89	33	29	26
	7	88	47	73	21	52	98	24	19	27
	6	97	37	83	31	42	99	13	9	36
	5	96	28	93	41	51	89	3	18	47
	4	86	17	92	40	61	78	3	8	57
	5	75	7	82	50	60	68	4	9	57
	6	65	16	71	41	70	58	5	19	67
	15	54	26	81	30	61	59	14	29	66
	25	55	35	80	20	51	49	24	38	75
	14	56	26	90	10	42	48	13	39	85
	4	57	16	91	11	32	37	3	29	94
	5	58	7	92	22	32	27	4	18	93
	6	59	8	83	23	33	16	5	9	84
	7	49	17	72	24	34	26	6	19	74
	16	38	28	63	25	35	36	15	29	65
	26	48	37	53	14	45	47	5	39	66
	36	57	27	54	13	55	46	4	49	67
	35	68	17	65	12	66	56	3	59	67
	45	69	18	74	11	55	47	2	58	76
	44	79	9	84	1	54	48	12	57	87
	43	89	8	93	0	53	38	3	68	77
	32	88	7	94	10	43	28	4	58	78
	22	98	6	95	21	32	18	5	49	69
	11	97	15	96	31	42	9	14	38	59
	2	87	25	86	41	52	19	24	29	49
	3	76	34	75	30	43	19	33	39	38
	4	66	24	85	20	44	29	23	49	37
	5	55	13	74	10	45	39	12	48	47
	6	56	3	84	11	34	49	2	57	47
	7	46	4	93	1	24	59	3	68	57
	8	56	5	92	0	23	69	4	67	58
	9	57	6	82	10	12	79	5	77	48
	18	68	7	71	21	11	89	6	67	38
	17	78	8	61	22	2	99	7	56	28
	16	79	9	50	32	3	98	6	47	27
	26	89	19	40	42	4	88	15	36	37
	35	78	29	41	51	5	77	14	46	48
	25	68	28	41	62	6	67	13	55	49
	14	58	27	51	63	7	56	3	65	59
	4	69	26	62	53	16	57	3	54	49
	5	79	36	72	43	15	58	4	44	39
	6	89	27	83	32	14	59	5	33	29
	7	99	17	93	22	13	49	6	24	19
	8	98	7	94	11	12	38	6	14	9
	18	97	8	95	1	23	28	7	4	19
	29	87	17	86	0	32	37	16	5	19
	39	76	28	75	10	31	47	26	6	29
	49	66	37	65	20	30	46	35	7	38
	59	55	47	54	21	40	56	45	8	48
	69	55	57	44	11	50	56	34	9	58
	59	55	47	53	2	51	57	24	18	68
	49	56	36	64	3	42	67	13	17	77
	39	46	27	74	4	32	76	3	28	88
	29	36	16	84	14	22	86	4	38	78
	19	27	15	93	25	11	85	5	37	79
	9	16	6	92	26	2	74	14	48	89
	8	7	6	82	35	3	64	4	38	99
	18	17	5	71	34	12	53	4	28	89
	29	17	15	61	33	23	54	13	37	78
	39	28	25	50	43	24	55	14	47	68
	49	38	26	40	52	34	56	4	57	58
	59	49	36	41	42	45	56	3	67	69
	58	48	27	51	31	44	57	4	66	79
	68	37	17	62	21	43	47	5	55	89
	57	36	8	72	11	32	46	6	45	98
	47	35	9	83	1	22	56	7	34	97
	37	25	18	93	0	11	67	8	24	87
	27	14	28	94	10	1	77	17	13	76
	16	15	29	85	20	2	68	7	3	75
	26	16	19	95	30	12	58	6	4	65
	36	27	9	96	40	23	59	5	4	66
	46	37	8	86	50	33	69	14	13	67
	55	38	7	87	51	44	78	4	3	68
	45	49	16	96	42	43	88	5	4	57
	34	59	15	95	31	32	89	6	5	48
	24	69	25	94	21	22	99	7	14	38
	23	68	35	93	11	22	98	17	13	29
	12	77	26	84	1	31	88	8	3	19
	2	87	16	73	0	41	97	9	4	18
	3	86	7	63	10	30	96	8	5	28
	4	95	6	53	20	40	87	17	5	37
	4	85	15	43	30	50	76	28	14	47
	13	74	25	32	41	60	66	37	24	57
	23	64	34	42	31	50	55	47	33	68
	32	54	44	52	21	51	56	36	43	77
	22	55	34	62	11	41	57	27	33	88
	12	56	25	72	1	30	58	16	24	89
	2	57	15	83	0	21	59	6	14	79
	3	58	5	93	10	11	49	7	4	69
	3	48	6	92	20	12	39	8	5	78
	4	38	7	82	30	13	29	9	6	68
	5	28	8	71	40	23	19	18	7	67
	6	17	9	70	50	32	29	28	16	76
	15	27	19	80	61	42	39	37	26	75
	25	28	29	81	62	31	49	47	35	65
	34	38	39	91	52	22	59	46	45	74
	44	49	29	92	42	11	58	36	54	73
	53	48	18	93	31	1	68	37	65	63
	43	57	9	84	22	0	67	27	55	64
	32	56	8	73	11	10	76	16	46	65
	23	66	7	63	2	21	75	6	35	65
	12	67	17	53	3	20	86	5	26	74
	2	57	28	64	13	30	76	14	16	84
	3	58	38	65	24	41	67	4	7	83
	12	59	39	74	33	51	57	5	8	72
