	88	32	3	89	34	86	37	68	26	36
	77	22	2	78	24	75	27	57	15	35
	67	11	1	68	13	65	16	47	5	25
	56	10	0	57	3	54	6	36	4	14
	46	20	1	47	2	44	5	26	13	15
	35	30	11	36	12	33	6	27	23	16
	25	40	21	37	22	43	7	17	32	15
	34	41	20	28	31	42	8	18	33	14
	45	50	30	29	21	51	9	19	24	13
	55	60	40	39	10	52	8	18	23	3
	66	61	50	49	0	63	7	17	12	4
	67	62	41	58	1	64	6	16	3	5
	76	52	42	48	2	65	15	26	4	14
	87	53	43	38	3	55	25	35	13	24
	97	63	44	37	12	46	34	45	23	33
	96	64	54	47	11	56	35	55	22	32
	95	73	65	57	21	66	36	46	31	42
	85	72	74	67	20	76	27	45	30	51
	75	71	73	77	10	87	28	34	40	61
	65	70	72	88	0	97	29	24	50	60
	66	80	71	98	1	96	19	23	41	61
	67	70	81	89	2	86	9	22	31	62
	77	60	82	78	3	75	8	12	21	52
	68	61	72	69	4	74	18	13	10	43
	58	62	63	59	5	65	17	14	0	33
	49	52	64	69	6	54	7	15	1	24
	39	43	53	79	16	44	8	26	2	14
	29	33	63	89	27	34	9	25	3	4
	38	24	73	88	37	35	19	14	13	5
	48	23	83	77	47	36	29	15	12	6
	57	32	84	67	56	46	39	26	11	7
	68	42	74	76	55	45	49	35	22	8
	78	51	65	87	66	54	58	34	32	9
	69	62	75	97	56	64	48	44	42	19
	59	71	85	98	46	53	57	54	31	18
	58	81	94	99	35	52	67	65	21	17
	49	90	93	89	25	42	56	75	10	16
	48	91	92	78	14	32	46	85	0	15
	57	82	83	68	4	23	35	94	1	5
	67	72	73	68	3	33	25	93	2	6
	66	63	64	69	13	44	15	92	12	7
	55	62	65	79	24	54	16	91	23	8
	46	61	74	89	33	45	27	81	22	9
	36	50	84	88	43	35	37	71	11	19
	47	40	85	77	52	25	28	61	21	29
	56	30	86	76	42	14	38	62	10	18
	67	20	96	87	32	4	39	63	0	17
	77	10	95	97	22	3	49	64	1	7
	88	21	85	87	11	13	58	65	2	6
	98	31	75	86	1	24	57	74	3	5
	99	41	66	76	2	34	67	73	4	5
	89	51	55	77	3	44	68	83	14	15
	78	62	54	88	4	44	69	82	25	26
	79	71	53	97	14	43	59	72	34	16
	89	70	52	96	25	42	49	63	44	27
	98	60	53	95	26	43	48	64	54	36
	97	50	53	94	35	44	37	65	45	47
	87	40	64	84	46	54	48	74	55	56
	76	30	73	93	36	65	57	85	66	67
	86	41	84	92	26	74	58	75	55	68
	96	51	93	83	15	64	69	65	45	67
	95	62	94	72	5	63	78	54	34	56
	85	61	84	82	4	52	77	44	24	46
	74	71	73	81	13	42	88	33	14	35
	65	70	72	80	23	32	89	24	25	35
	64	60	62	90	12	33	78	34	26	36
	65	50	63	91	22	43	68	35	16	27
	66	40	64	82	21	53	67	46	17	28
	55	30	65	72	10	54	56	46	8	18
	45	41	75	63	0	44	47	36	7	17
	34	51	76	64	1	33	37	27	6	16
	25	62	87	65	2	23	28	26	5	15
	14	52	97	66	3	12	17	35	4	5
	13	42	98	67	2	11	7	46	14	6
	24	31	99	57	1	22	8	56	25	16
	33	32	89	48	10	21	18	55	35	27
	43	23	88	38	20	30	29	65	46	36
	53	12	77	39	10	40	19	75	56	47
	64	22	67	49	0	50	9	76	57	48
	65	31	68	59	1	61	8	86	58	37
	66	41	69	49	2	62	17	96	48	28
	67	51	59	38	3	63	7	95	37	27
	57	62	49	28	4	64	6	94	36	26
	48	61	58	17	13	65	15	84	35	25
	37	71	69	7	24	74	5	73	35	14
	28	70	79	6	33	85	4	83	25	13
	17	60	78	15	32	75	3	92	14	23
	7	50	77	5	43	66	4	91	14	12
	16	40	67	6	53	56	13	81	24	11
	27	41	76	15	54	55	14	70	33	22
	36	51	75	26	44	65	25	60	43	31
	46	62	86	35	45	64	25	61	52	41
	47	72	87	34	54	63	24	62	42	30
	57	82	97	33	65	73	23	71	31	21
	68	83	98	32	64	84	12	81	22	10
	69	93	99	43	53	94	2	80	11	0
	68	92	89	44	63	95	1	90	10	0
	67	91	88	45	52	86	2	81	1	0
	76	82	77	55	42	75	3	70	2	1
	66	72	67	56	31	65	4	60	3	2
	75	62	66	46	21	74	14	61	13	12
	85	51	55	36	10	73	25	62	24	23
	84	42	46	37	1	63	35	62	34	33
	73	31	36	38	2	52	26	71	44	32
	63	41	37	29	3	42	16	81	54	22
	52	50	38	18	4	43	17	80	64	21
	53	40	48	28	5	44	27	70	54	11
	63	30	47	37	6	44	36	60	45	1
	72	20	56	48	7	54	46	61	35	2
	62	30	66	57	8	65	55	61	25	3
	63	41	76	67	9	75	56	62	14	4
	64	51	87	68	18	86	47	63	5	13
	65	62	96	58	17	95	36	64	6	12
	66	71	97	49	16	94	26	74	7	23
	67	81	98	39	15	93	25	75	8	24
	57	80	99	29	14	83	34	86	9	33
	47	90	89	19	13	72	44	87	18	32
	36	91	78	29	4	62	45	96	17	22
	26	92	68	38	3	63	46	95	16	11
	15	83	67	48	12	64	56	85	6	1
	25	72	66	57	23	65	55	74	5	2
	35	62	75	67	24	54	45	84	4	3
	34	61	74	77	33	53	44	73	14	13
	25	60	65	78	32	52	43	83	24	12
	26	70	54	69	22	51	42	82	23	11
	27	71	53	59	31	41	32	81	12	10
	37	62	43	58	21	30	33	80	11	0
	48	52	44	68	10	20	34	70	1	0
	57	42	45	67	10	30	35	61	2	1
	47	31	46	76	0	41	35	62	3	2
	36	22	56	75	1	51	25	63	4	3
	26	23	66	65	2	62	15	64	5	13
	16	33	55	74	3	63	6	73	14	24
	7	43	54	85	4	72	5	84	25	34
	8	52	64	94	13	83	14	93	35	44
	18	62	63	95	24	92	25	84	45	54
	28	72	73	86	23	91	35	74	55	64
	38	83	63	76	22	90	46	65	45	53
	48	93	62	67	31	81	56	75	34	43
	57	92	63	77	42	71	47	86	33	32
	58	91	64	87	31	62	37	96	24	23
	49	90	65	88	21	63	27	97	13	12
	39	81	75	89	11	64	17	98	4	2
	29	70	86	79	1	65	16	99	3	2
	19	61	87	69	1	55	26	89	13	12
	29	62	77	78	2	54	36	88	14	22
	38	51	68	79	3	53	46	97	15	32
	48	50	58	69	4	43	56	96	26	42
	57	40	68	69	5	52	67	86	27	41
	47	30	68	69	15	51	66	75	16	31
	37	20	67	59	6	62	65	75	7	21
	28	10	66	49	5	63	54	85	8	11
	18	21	65	39	4	64	44	94	9	1
	17	31	74	29	13	73	33	93	19	2
	27	42	85	38	24	83	23	92	18	3
	36	52	94	48	25	82	33	91	17	4
	46	62	84	57	35	72	34	90	16	5
	56	71	83	67	45	63	35	80	15	6
	55	81	82	76	54	53	46	70	25	7
	65	91	92	87	44	64	47	60	34	8
	75	90	83	88	43	73	37	61	24	9
	76	80	93	98	32	74	28	62	14	19
	87	70	94	99	22	75	18	63	4	9
	88	60	95	89	12	76	29	64	13	8
	77	61	96	78	11	87	38	65	3	7
	68	62	97	77	10	86	48	55	2	6
	67	51	96	77	0	75	57	45	11	5
	66	50	86	88	1	65	58	34	10	4
	56	40	75	97	2	54	69	24	20	14
	46	41	65	96	3	44	79	13	10	25
	36	30	66	86	12	43	89	23	0	26
	27	20	67	95	22	32	98	33	1	16
	17	30	68	85	21	31	97	34	2	15
	28	41	58	74	11	42	88	35	3	6
	37	51	49	65	1	52	77	46	4	5
	47	62	38	66	2	53	67	55	13	14
	57	72	48	56	3	64	76	45	23	24
	68	71	47	46	4	65	75	54	33	34
	69	81	36	45	5	74	86	44	43	35
	59	82	26	55	15	84	87	53	32	25
	58	91	16	66	6	73	96	63	22	14
	49	90	7	67	5	72	95	62	11	4
	48	81	8	68	15	71	85	61	1	13
	57	70	9	69	26	82	74	60	2	12
	67	80	18	59	27	72	65	61	3	23
	76	90	17	58	28	62	66	61	4	24
	77	91	27	49	29	63	55	62	14	33
	78	92	36	39	19	64	45	63	24	34
	79	83	46	38	9	65	54	64	25	44
	69	72	55	48	8	75	53	73	35	43
	68	71	65	57	7	86	52	84	46	42
	67	81	74	57	6	87	63	94	56	31
	66	70	73	47	5	97	64	93	46	21
	75	60	83	37	4	98	65	92	35	10
	86	61	82	27	13	88	54	91	25	0
	87	62	71	17	12	77	45	81	14	1
	96	51	72	8	2	76	34	80	4	1
	95	41	63	9	11	67	33	70	5	10
	85	30	64	19	22	68	44	60	15	20
	74	40	65	29	32	69	54	61	26	21
