	83	41	13	53	44	84	36	8	45	83
	72	30	3	43	33	74	27	7	34	82
	62	20	2	32	23	64	16	6	24	71
	51	10	1	22	12	53	15	5	13	61
	41	0	11	21	2	43	14	4	3	50
	30	1	10	31	12	32	13	5	2	40
	20	11	21	42	23	33	24	6	3	41
	10	12	22	52	32	44	25	7	4	51
	11	23	31	63	42	54	35	17	5	62
	12	33	41	73	52	55	46	18	6	72
	3	44	51	64	63	56	47	19	7	83
	4	54	52	65	53	57	37	29	17	92
	5	55	43	66	44	48	28	38	18	91
	6	46	32	56	45	37	27	39	9	81
	7	35	22	47	34	36	26	49	8	70
	16	25	11	57	24	27	15	58	17	60
	6	14	1	67	13	28	5	59	18	61
	7	4	0	68	23	29	15	69	19	71
	8	3	10	77	22	39	26	78	9	82
	17	2	20	76	21	49	35	79	18	72
	27	1	30	75	31	58	45	89	28	63
	37	0	40	85	42	59	54	88	38	64
	48	10	50	84	41	69	65	87	39	74
	49	20	60	94	51	68	55	76	29	73
	39	30	61	95	62	67	66	75	19	83
	29	40	70	86	71	56	65	85	9	93
	19	50	80	96	81	46	64	84	8	94
	9	60	90	97	82	47	73	74	7	95
	8	61	91	98	83	48	72	75	6	96
	7	62	82	99	92	38	63	76	15	97
	6	52	71	89	93	37	53	77	14	98
	15	43	62	78	94	36	44	88	13	97
	14	33	52	79	95	27	34	87	3	96
	4	32	43	69	86	16	24	76	2	97
	3	23	42	58	85	7	25	66	1	98
	2	12	31	48	84	8	14	56	0	99
	11	13	22	37	73	17	5	46	10	89
	21	24	32	27	63	18	6	36	20	79
	30	25	33	16	52	9	7	47	10	69
	40	26	24	17	43	19	8	57	1	58
	41	16	25	18	32	29	9	68	2	49
	51	17	26	28	22	39	8	67	3	38
	50	27	16	37	11	49	7	77	13	48
	60	36	15	47	1	59	6	88	24	58
	70	35	14	56	0	69	5	78	25	68
	80	45	4	55	10	79	15	89	34	57
	81	54	3	65	20	78	25	98	44	56
	90	64	12	74	21	77	35	97	53	55
	91	73	23	84	30	87	45	96	63	54
	82	72	22	83	31	76	44	95	62	64
	92	71	32	93	41	75	53	85	61	63
	91	70	42	94	40	65	52	74	51	72
	81	60	43	85	50	54	62	64	41	71
	70	61	33	95	40	44	63	53	30	82
	80	51	24	86	41	34	73	52	20	83
	90	42	13	75	31	25	84	43	10	93
	91	32	14	66	21	26	94	33	11	92
	81	23	5	67	22	16	95	24	2	82
	71	13	6	68	12	17	86	14	1	72
	62	4	7	69	2	18	87	5	0	63
	51	3	8	58	1	9	77	6	10	64
	41	2	17	49	11	19	67	7	20	65
	40	12	28	38	21	29	66	16	30	55
	50	22	37	39	31	18	56	27	41	46
	60	32	36	49	42	9	47	26	51	35
	70	43	37	48	52	8	57	15	61	45
	80	44	28	58	53	17	68	25	71	54
	90	34	29	59	64	7	78	24	81	65
	91	33	19	69	74	6	79	23	82	75
	92	32	9	68	85	15	89	13	83	76
	93	22	18	77	84	25	88	14	73	86
	94	11	8	76	74	26	97	4	72	96
	95	1	7	75	64	16	98	5	62	87
	96	0	6	74	63	27	99	15	51	76
	97	10	16	64	72	36	89	25	41	67
	88	20	27	53	62	46	78	35	30	66
	87	21	36	43	51	55	77	45	40	56
	76	31	46	32	41	54	67	44	50	47
	66	42	35	23	30	64	56	43	60	37
	55	52	34	13	40	73	46	33	61	38
	45	63	24	4	41	72	35	23	70	39
	34	62	13	5	42	71	25	12	80	49
	24	61	3	6	52	70	14	2	81	48
	13	50	4	7	63	60	5	11	90	57
	23	40	14	8	64	61	6	22	91	58
	32	30	15	9	54	51	7	21	82	59
	31	20	6	18	45	41	17	10	83	69
	30	21	7	28	35	40	16	1	92	78
	31	11	8	29	25	50	26	0	93	79
	42	1	9	19	34	60	27	10	94	89
	43	2	18	29	44	70	28	20	85	99
	53	12	17	38	33	71	37	30	86	98
	64	3	7	39	24	82	48	40	96	88
	65	4	6	49	13	83	57	50	87	77
	74	5	15	48	14	84	58	60	76	68
	75	6	16	47	25	85	59	70	67	69
	86	7	26	36	35	94	49	71	66	78
	87	8	27	46	45	93	38	82	55	79
	76	9	28	56	54	92	29	83	65	89
	66	19	18	57	64	91	39	73	74	99
	55	9	17	68	63	90	49	72	84	98
	46	8	16	69	62	80	48	71	85	97
	36	17	6	59	52	81	37	61	95	96
	47	16	5	49	51	70	27	50	86	87
	56	6	4	38	41	61	26	40	76	88
	67	5	3	28	31	62	15	30	77	78
	57	4	2	27	22	63	14	21	68	69
	58	3	11	17	32	52	24	10	78	59
	49	2	1	8	23	51	34	0	79	69
	38	12	10	9	33	41	45	1	89	68
	29	23	20	19	34	31	54	11	99	77
	18	32	30	9	44	21	64	12	98	87
	28	33	40	8	43	22	53	23	97	96
	37	24	50	7	42	31	63	13	88	95
	48	25	60	6	52	41	73	14	78	94
	47	35	70	5	62	40	84	15	77	93
	46	45	71	4	72	50	83	16	76	92
	55	54	82	3	63	60	73	26	75	91
	65	64	81	2	53	70	74	35	66	90
	75	54	80	1	44	61	85	45	56	91
	86	55	70	0	34	51	95	46	67	92
	87	66	61	10	33	42	96	36	57	93
	97	75	51	20	32	43	95	27	58	94
	98	85	42	30	22	52	86	17	59	84
	89	74	31	40	11	62	76	18	49	83
	79	64	30	50	2	72	67	9	39	73
	69	63	40	60	3	71	56	19	38	84
	58	52	41	61	4	82	57	29	28	93
	59	51	50	62	13	81	68	18	37	92
	49	42	60	71	12	90	77	8	48	82
	39	32	70	81	23	80	88	7	47	91
	38	33	61	82	24	90	78	6	46	92
	28	44	50	83	14	91	89	5	35	93
	27	53	40	73	25	92	99	15	34	94
	16	64	30	74	26	83	98	6	44	95
	17	65	21	75	36	73	97	7	53	96
	18	54	11	76	37	64	87	8	43	86
	9	45	12	66	48	63	77	17	52	85
	19	35	3	55	57	72	67	28	62	84
	29	25	4	45	56	71	66	37	61	83
	39	14	5	35	55	70	65	36	50	72
	49	15	6	46	54	60	64	47	40	63
	58	16	7	56	45	50	53	57	30	52
	69	17	8	67	46	40	43	68	20	51
	79	18	9	77	47	30	42	78	10	41
	89	19	8	88	36	20	31	69	0	50
	99	29	7	98	35	10	21	59	1	61
	89	28	6	97	25	11	22	49	2	62
	78	27	5	96	24	12	23	48	3	71
	69	36	4	95	13	22	32	38	2	81
	59	37	3	85	12	31	33	28	1	80
	49	47	2	84	22	30	34	17	0	90
	38	46	1	83	32	40	44	7	10	91
	48	55	11	72	33	50	54	6	20	82
	37	66	21	73	34	61	64	5	30	92
	27	75	31	74	44	62	65	4	40	93
	16	76	32	85	54	71	55	13	50	94
	6	87	33	86	53	81	56	23	61	95
	5	77	44	96	63	80	57	22	62	85
	4	67	34	97	52	90	58	12	51	84
	3	57	45	88	43	91	68	2	42	83
	13	48	55	77	32	82	78	1	41	72
	14	49	54	76	31	92	79	0	40	63
	15	39	53	66	41	93	69	10	30	52
	26	29	43	65	50	94	59	20	21	51
	35	18	42	64	60	95	49	10	11	61
	34	8	41	53	70	96	39	1	22	71
	44	7	40	43	81	97	29	2	23	62
	45	6	50	42	80	88	18	12	24	72
	46	5	60	41	90	77	8	13	14	73
	36	15	70	40	91	67	7	4	25	64
	47	26	61	50	92	57	6	3	35	65
	48	36	51	41	93	56	5	2	45	66
	38	46	62	30	94	55	4	11	34	75
	28	45	71	20	95	54	3	21	44	74
	17	35	81	10	96	53	2	31	33	85
	7	25	80	0	97	63	1	32	43	86
	8	24	90	10	88	52	11	22	53	87
	9	33	91	21	89	62	12	23	64	77
	18	34	92	31	79	71	13	32	74	68
	19	44	93	42	69	81	14	43	75	58
	29	53	83	52	59	80	15	33	85	48
	39	64	73	63	49	90	16	24	84	37
	38	74	72	62	48	91	17	14	94	27
	37	75	82	61	47	92	28	13	95	26
	36	76	71	60	46	93	18	4	86	35
	27	77	70	50	56	94	9	5	87	34
	16	68	60	40	67	95	8	6	96	44
	7	78	50	41	57	85	17	15	97	53
	6	88	51	30	58	84	28	25	98	52
	15	89	42	20	69	83	29	34	99	43
	25	79	31	10	78	73	19	45	98	33
	34	69	30	1	77	64	9	55	97	24
	45	59	20	2	76	65	18	56	87	23
	55	49	10	3	66	54	8	67	86	22
	46	39	1	4	65	44	7	68	85	11
	47	29	2	5	54	53	6	57	84	12
	48	18	3	15	64	63	16	58	83	13
	49	8	4	25	74	62	26	59	73	14
	39	7	5	35	75	72	36	69	84	24
