	37	30	80	77	38	58	76	88	84	68
	27	21	70	67	28	48	66	89	73	57
	16	10	60	56	17	37	55	79	63	47
	6	0	50	46	7	27	45	69	52	36
	5	1	40	35	8	16	34	58	42	26
	4	2	30	25	9	6	24	48	31	15
	3	11	20	14	19	5	13	37	21	16
	2	12	10	24	18	4	23	27	22	7
	1	11	0	33	29	3	32	16	31	8
	2	10	1	43	39	12	42	6	41	9
	3	20	11	44	49	13	51	5	50	18
	4	30	21	53	58	24	61	14	60	17
	5	41	31	54	57	33	62	15	70	28
	6	51	32	65	47	43	71	26	81	29
	7	61	42	75	36	44	72	35	82	19
	8	62	51	85	46	53	83	45	92	9
	18	71	52	86	55	54	93	44	91	19
	17	72	53	95	65	64	94	34	90	29
	27	82	63	96	75	74	84	25	80	39
	36	83	72	97	85	73	93	24	70	49
	47	92	62	98	86	64	94	23	60	59
	57	91	61	88	76	54	85	22	50	69
	67	90	51	77	87	45	86	12	40	68
	56	80	41	78	96	34	95	2	30	58
	46	70	31	79	97	25	94	1	20	48
	35	60	22	89	98	24	84	0	10	38
	45	50	23	99	88	13	74	1	11	37
	34	40	12	89	77	3	65	2	21	28
	25	30	22	88	76	4	66	11	31	18
	26	41	32	77	75	14	56	21	42	8
	16	51	33	67	85	5	46	30	43	7
	15	52	44	66	86	6	35	40	53	17
	25	63	54	56	87	7	34	50	64	27
	24	72	55	46	96	17	33	60	65	36
	23	71	45	47	95	27	32	70	74	35
	22	81	34	57	94	36	42	61	84	25
	21	82	24	68	93	47	43	62	83	14
	30	92	23	69	84	57	52	51	73	5
	40	93	13	79	85	67	53	41	63	4
	50	84	3	78	75	66	44	31	64	14
	60	73	2	89	65	76	45	32	54	15
	70	63	1	98	55	77	35	23	53	6
	81	72	10	97	45	68	26	13	43	7
	82	71	20	87	35	69	16	3	33	8
	91	61	21	76	26	58	15	2	23	9
	90	62	11	75	25	48	14	1	13	19
	80	51	12	74	34	38	4	0	3	29
	70	42	22	73	24	37	5	10	2	39
	61	31	32	72	13	28	6	20	1	49
	62	30	23	71	3	18	7	21	0	59
	51	40	24	81	2	17	8	11	10	69
	42	41	34	82	1	27	9	12	20	78
	52	50	44	83	0	36	19	23	30	79
	53	60	54	92	10	46	29	33	40	89
	64	70	65	93	20	56	39	44	41	88
	63	81	66	94	30	67	49	54	50	87
	73	82	55	95	40	57	59	64	60	86
	83	92	45	96	41	47	69	74	70	85
	93	91	35	97	50	48	78	84	80	75
	94	90	26	98	60	49	79	73	81	66
	95	91	16	99	70	39	89	72	71	56
	96	82	15	98	61	29	88	62	81	46
	97	83	14	89	51	19	77	52	80	36
	98	92	13	79	42	9	67	43	90	27
	99	93	23	69	32	18	56	33	91	16
	89	94	22	58	31	28	46	24	92	6
	79	95	21	48	30	38	35	25	83	5
	69	96	11	37	20	49	34	26	84	14
	58	97	2	27	10	59	44	36	94	15
	68	98	3	17	11	69	53	47	95	25
	67	99	4	7	2	78	54	57	96	35
	76	89	5	6	3	77	65	56	97	45
	75	78	15	16	4	87	66	55	98	34
	86	68	14	26	5	96	67	45	99	24
	85	69	13	25	6	95	57	46	89	23
	74	79	12	34	7	94	48	35	78	33
	64	69	22	44	8	84	38	36	88	43
	63	58	32	53	9	74	39	37	87	52
	73	48	42	54	19	64	29	28	86	62
	83	38	41	65	18	63	39	27	85	71
	82	49	40	66	28	72	29	17	74	81
	91	59	50	67	37	71	19	16	64	70
	90	69	60	68	47	61	9	15	63	80
	81	79	50	77	56	51	8	14	52	70
	82	89	41	88	55	42	17	13	43	60
	92	98	31	97	65	32	27	23	33	50
	93	99	21	87	64	22	16	24	34	40
	94	89	30	76	63	11	15	25	45	41
	85	78	20	75	52	1	5	26	55	51
	86	69	10	65	53	0	4	35	56	62
	96	58	21	55	44	1	3	45	47	72
	95	57	31	56	54	2	12	46	36	73
	94	47	42	66	64	11	13	35	37	84
	93	48	52	67	73	21	14	34	38	83
	92	49	53	68	74	31	24	33	39	82
	91	59	44	77	65	42	23	43	29	71
	90	69	54	88	66	32	22	52	18	61
	80	79	64	97	67	31	12	62	28	70
	81	89	73	96	57	41	3	72	17	60
	82	88	84	86	58	50	4	83	7	61
	92	77	74	95	48	40	5	93	6	51
	91	67	65	94	38	30	15	84	16	62
	90	66	75	85	28	20	25	74	27	63
	80	76	86	95	37	10	26	64	36	72
	70	87	96	94	47	0	35	63	46	73
	60	97	95	93	56	1	45	53	55	83
	50	98	94	92	67	2	54	44	65	82
	40	99	93	91	77	3	64	34	66	71
	30	89	83	90	68	4	74	24	76	70
	20	78	72	80	69	5	84	23	87	81
	10	79	63	70	59	6	83	13	97	82
	0	89	53	60	49	7	72	14	98	92
	1	88	43	50	39	8	62	4	99	93
	2	77	32	40	29	9	52	3	89	94
	11	67	22	30	19	18	43	12	88	85
	21	57	31	20	29	17	33	23	77	75
	10	58	42	30	38	16	44	24	67	66
	0	49	52	41	48	15	45	25	57	65
	1	59	51	42	37	26	35	34	47	55
	2	69	61	43	27	36	46	33	56	45
	3	79	62	53	28	37	55	23	67	54
	13	78	71	64	18	38	65	32	76	44
	23	68	82	73	8	39	74	22	86	34
	12	67	92	84	7	29	85	11	96	24
	2	56	93	83	6	18	86	21	95	23
	1	46	94	72	5	8	87	20	96	13
	10	35	95	63	14	7	97	30	86	4
	20	25	85	52	15	6	98	40	75	3
	21	26	74	51	16	5	99	50	65	2
	31	27	64	41	17	4	89	60	66	1
	42	36	63	30	28	3	78	70	67	10
	43	47	72	20	37	2	68	80	77	0
	44	57	62	10	48	1	69	81	88	0
	34	67	52	11	58	2	59	90	87	1
	24	76	42	22	49	12	69	91	96	10
	14	86	32	23	38	13	79	82	95	21
	15	75	43	33	39	4	89	71	94	22
	16	65	53	44	29	5	88	61	84	23
	17	54	64	45	19	6	87	62	73	33
	27	55	74	46	9	16	76	72	83	43
	36	56	85	35	18	26	67	63	92	42
	37	66	86	25	8	15	68	52	93	32
	38	65	87	34	7	14	69	51	94	31
	39	74	97	24	6	13	79	50	85	41
	29	75	98	23	5	3	78	40	86	30
	18	76	99	22	4	2	77	50	96	20
	8	67	89	21	3	11	88	60	97	10
	9	57	79	31	2	1	87	70	98	0
	19	47	69	42	12	11	86	80	99	10
	29	36	58	43	23	22	95	81	89	20
	28	26	49	44	33	32	94	90	79	30
	17	15	38	53	34	31	84	91	69	41
	7	5	28	64	45	21	73	92	58	51
	6	4	17	65	54	10	72	93	48	61
	15	3	7	55	44	0	82	94	37	60
	25	2	6	46	43	1	81	85	27	70
	14	12	5	47	52	11	80	74	16	71
	4	13	15	37	62	22	90	65	6	72
	3	24	26	28	63	23	91	55	7	83
	2	34	35	29	53	33	92	45	8	93
	1	44	46	19	64	43	82	54	18	94
	10	53	56	9	73	52	81	65	17	85
	20	63	67	8	83	62	70	66	27	74
	30	72	68	17	84	71	61	75	26	65
	40	73	69	27	93	82	50	76	35	55
	41	83	59	26	92	91	51	77	36	45
	42	82	49	25	93	90	52	68	46	35
	32	91	39	14	94	80	43	69	47	34
	31	90	29	5	95	81	33	59	57	24
	21	80	18	4	86	70	23	49	68	14
	11	81	8	13	75	60	12	39	69	15
	22	71	9	3	66	50	2	29	59	16
	32	62	19	4	56	40	1	18	49	6
	42	51	29	5	46	30	0	28	39	7
	41	61	38	6	47	20	10	17	49	8
	30	60	48	16	37	21	11	27	58	9
	31	50	57	26	36	22	12	28	69	19
	32	40	67	35	46	23	13	18	78	29
	43	30	76	45	55	33	24	8	79	39
	44	20	87	54	65	34	25	7	89	49
	53	10	88	64	74	35	14	6	98	58
	63	0	97	73	85	26	15	5	99	69
	72	1	96	84	94	16	25	4	89	78
	83	2	95	93	85	7	24	3	79	77
	92	11	86	94	75	8	23	12	69	68
	82	21	76	95	66	9	22	13	59	67
	91	31	87	96	56	19	32	14	49	57
	90	42	88	97	47	18	43	15	38	48
	80	52	98	87	37	28	53	16	29	58
	70	63	99	77	38	17	64	27	39	69
	61	72	89	67	49	7	73	36	29	79
	60	82	78	56	58	6	74	46	19	69
	50	71	77	55	68	5	65	45	9	59
	40	70	67	54	57	4	75	34	8	49
	41	80	66	44	56	3	85	33	17	48
	42	81	65	43	46	2	84	23	27	57
	51	90	55	32	36	1	83	24	26	67
	62	91	46	23	35	10	82	25	15	77
	71	92	45	24	34	21	72	14	6	68
	61	93	54	13	44	22	63	5	7	69
