	72	84	59	43	68	68	4	38	70	74
	62	85	49	33	57	58	3	28	60	64
	51	75	38	23	47	48	2	17	50	53
	41	65	28	12	36	37	1	7	40	43
	30	54	17	2	26	27	0	6	50	32
	20	44	7	1	15	16	10	5	61	22
	21	33	6	11	14	17	0	4	71	12
	22	23	5	2	13	8	1	3	81	11
	31	24	4	12	14	9	10	13	90	21
	42	25	5	22	15	18	20	23	91	30
	52	34	6	31	26	19	10	32	92	41
	63	35	7	42	36	29	0	43	93	50
	73	45	8	52	46	39	1	53	84	61
	83	55	9	63	56	49	2	64	94	71
	82	66	18	73	67	59	12	74	95	81
	72	76	19	83	77	69	13	84	86	80
	62	75	29	73	78	79	24	94	87	70
	51	65	39	63	88	89	25	95	97	60
	41	54	49	52	98	99	34	86	96	50
	40	44	59	43	97	89	35	85	87	61
	30	33	69	32	88	78	45	75	77	71
	31	24	68	22	98	79	46	65	67	81
	21	13	57	11	88	89	55	54	56	90
	10	3	48	1	77	99	66	44	47	91
	0	2	37	11	67	98	76	33	36	92
	1	12	27	22	68	97	86	23	26	93
	2	13	28	31	58	96	95	32	16	94
	3	4	17	42	48	87	85	43	15	84
	12	14	16	51	47	88	74	53	5	73
	22	25	15	61	46	78	64	63	6	72
	31	34	26	71	36	69	65	62	7	82
	42	33	35	61	37	58	55	52	8	83
	41	43	34	50	38	48	46	42	18	92
	40	44	45	41	29	49	36	32	28	91
	30	54	55	31	19	39	26	23	37	81
	20	65	56	32	9	29	15	24	47	80
	21	75	57	33	8	18	5	13	46	70
	10	76	67	34	17	28	6	3	36	60
	0	77	66	25	27	37	7	12	26	50
	1	76	56	24	16	47	17	23	15	41
	11	66	46	14	6	36	18	22	5	40
	21	55	35	4	7	26	19	31	15	30
	20	45	25	13	8	27	29	42	16	41
	10	34	24	3	9	28	38	51	7	50
	0	33	23	12	18	37	48	42	8	61
	1	32	22	11	19	47	58	31	17	62
	2	43	21	10	29	57	59	30	28	63
	3	53	20	0	38	68	69	40	37	73
	12	63	30	1	48	77	79	41	47	84
	22	73	31	2	48	87	89	51	56	74
	23	72	42	3	47	86	88	62	46	85
	13	82	52	4	57	95	77	71	45	94
	14	72	53	5	58	96	67	61	44	93
	15	63	64	6	59	97	56	50	43	83
	16	73	54	7	69	88	46	40	33	72
	27	64	65	6	68	78	45	30	24	62
	36	53	75	5	67	79	44	31	25	61
	35	43	66	14	56	89	34	32	25	70
	35	33	76	13	46	99	45	32	26	60
	34	24	77	12	55	98	54	23	15	50
	44	13	87	11	65	97	64	22	16	40
	54	12	86	10	74	96	63	21	17	30
	55	11	85	0	84	95	62	20	8	41
	65	10	94	1	93	86	61	30	9	51
	64	20	84	2	92	75	71	41	18	42
	63	30	73	12	82	76	81	31	28	52
	63	30	83	23	91	67	80	32	37	53
	52	31	72	33	92	57	70	32	47	43
	42	31	62	24	83	48	61	22	56	44
	51	21	52	14	73	38	50	11	46	45
	41	10	53	4	64	29	40	1	36	35
	30	0	54	3	53	19	41	2	27	25
	21	1	55	13	44	29	42	12	26	14
	22	2	56	23	45	38	43	11	25	5
	31	3	47	33	46	48	44	10	14	6
	32	4	36	34	35	57	54	20	25	7
	33	14	27	24	26	67	55	30	15	16
	43	5	17	13	36	76	66	31	6	7
	52	4	8	12	37	77	65	32	15	16
	63	13	9	11	28	68	74	33	25	27
	72	12	18	10	29	58	85	34	35	26
	62	22	28	20	39	49	95	45	46	36
	51	31	37	30	38	59	86	54	56	47
	41	32	37	31	48	69	75	65	57	46
	50	33	47	32	58	78	76	64	67	55
	60	23	56	42	59	77	87	63	66	65
	70	24	55	43	69	88	97	52	75	64
	71	34	46	53	78	89	98	62	74	63
	81	45	35	44	79	99	97	61	84	73
	80	54	25	33	69	89	87	51	83	72
	70	65	14	32	68	79	76	41	82	62
	61	54	5	31	57	78	66	30	81	51
	50	44	15	21	56	77	55	40	80	41
	60	33	26	11	46	76	45	30	70	42
	61	32	36	1	35	66	44	21	71	43
	62	22	27	0	34	55	53	11	72	52
	63	12	17	10	44	46	64	1	62	51
	73	2	7	20	53	56	74	11	71	41
	84	3	6	30	43	47	85	21	82	31
	93	4	16	40	42	36	94	22	91	32
	92	14	26	50	43	46	95	23	81	33
	83	24	36	41	44	56	86	13	70	34
	72	25	47	31	45	67	76	12	60	35
	62	15	56	32	46	68	75	2	50	35
	51	6	67	33	55	58	65	1	50	26
	41	7	77	23	54	48	66	0	51	15
	31	8	88	13	64	37	76	10	52	5
	21	17	89	4	63	27	87	11	53	6
	20	16	99	5	73	28	88	22	43	7
	30	26	98	6	74	38	97	32	42	8
	40	25	88	7	65	48	87	33	52	17
	50	34	77	16	55	57	76	23	53	27
	61	33	67	26	46	57	66	13	54	36
	51	32	56	25	47	68	55	3	54	35
	42	31	46	34	37	69	45	4	44	36
	52	22	56	33	28	59	54	5	43	27
	62	23	57	24	18	49	64	15	53	17
	71	12	68	14	9	39	63	25	44	8
	82	3	69	13	19	38	72	26	33	7
	91	2	59	4	29	48	83	27	24	6
	90	1	49	5	39	57	84	37	25	15
	80	0	58	14	38	67	85	28	26	16
	70	10	57	24	48	76	75	27	35	17
	61	21	56	33	47	86	65	36	46	18
	50	31	66	32	37	95	55	26	45	28
	41	30	76	42	38	94	54	25	34	29
	40	20	86	51	49	93	64	24	33	19
	50	10	95	52	59	92	73	23	32	9
	60	11	94	43	69	91	74	22	31	8
	70	12	93	44	78	81	84	21	42	7
	71	3	83	33	77	70	73	30	51	16
	62	13	72	34	67	71	63	40	52	26
	61	4	62	35	56	72	53	50	52	36
	60	14	51	45	46	73	43	41	53	36
	70	24	52	55	47	74	44	31	54	27
	71	33	53	65	57	75	34	32	64	17
	62	23	63	66	68	76	25	22	73	18
	51	12	72	55	58	87	15	11	84	28
	42	2	82	45	48	88	6	1	85	37
	31	3	92	34	38	89	5	0	86	36
	32	13	83	33	37	79	14	10	76	46
	23	4	73	24	36	69	25	20	66	55
	12	3	64	34	46	58	26	21	56	45
	22	2	54	35	47	68	36	31	67	44
	11	1	53	46	57	78	27	30	77	43
	10	0	52	56	67	88	16	40	76	33
	20	1	62	55	66	97	7	50	75	32
	30	2	61	54	65	87	8	41	74	31
	21	12	50	44	64	76	9	51	73	42
	22	23	60	33	53	75	18	52	83	43
	11	13	70	24	63	74	17	62	82	32
	10	14	61	25	53	64	27	71	81	33
	0	15	50	26	44	54	36	72	80	34
	1	16	51	35	45	55	46	73	70	34
	11	7	52	25	54	56	47	84	60	24
	21	8	53	14	65	57	48	94	50	23
	31	17	54	5	66	67	49	85	51	12
	42	27	55	6	76	67	39	75	52	3
	32	36	56	15	86	68	29	74	53	4
	33	35	46	25	96	69	19	64	54	5
	24	34	45	25	87	59	18	53	44	14
	13	33	55	26	77	49	28	43	54	15
	23	32	65	16	67	38	37	42	64	6
	22	31	66	7	56	48	36	41	63	5
	11	30	76	8	47	57	46	40	62	4
	2	20	75	9	37	67	35	50	51	13
	1	10	85	18	27	76	26	61	52	24
	0	21	95	28	16	75	15	71	53	34
	10	31	94	37	7	85	14	62	54	35
	21	32	93	36	8	84	4	52	55	46
	31	33	83	35	9	73	3	43	56	47
	32	34	72	35	18	63	13	44	57	48
	33	25	62	45	17	52	24	53	58	38
	34	26	51	44	27	63	23	54	49	29
	25	15	52	43	28	64	12	55	38	19
	14	6	53	42	29	74	22	56	39	9
	5	16	54	41	19	75	32	66	49	8
	4	7	55	30	18	76	43	65	48	17
	3	6	46	31	28	86	44	64	47	27
	12	5	36	32	37	96	45	73	57	27
	22	14	35	33	38	97	46	63	68	26
	31	24	34	23	29	88	56	52	69	15
	42	13	45	12	39	77	67	43	58	5
	41	4	55	11	49	68	57	33	58	14
	30	3	56	2	59	77	48	23	69	25
	40	12	67	1	49	76	47	13	78	26
	50	22	66	0	48	87	46	24	79	16
	60	21	75	10	47	86	56	25	89	7
	50	20	85	11	36	95	66	26	88	17
	41	30	94	2	27	96	76	16	77	17
	31	30	93	12	28	97	87	15	67	8
	32	31	84	23	18	98	86	14	57	9
	33	32	73	23	19	99	75	24	58	8
	44	42	63	13	29	89	65	34	68	17
	53	51	52	4	38	78	54	45	67	27
	64	61	53	5	37	68	44	35	56	36
	74	62	54	6	47	67	45	46	55	36
	85	71	65	7	57	76	34	56	66	26
	84	70	74	8	48	77	25	46	75	16
	73	61	64	17	49	88	26	35	86	6
