	49	70	43	39	67	75	75	2	44	29
	38	60	33	49	56	76	85	1	34	18
	28	50	23	48	46	67	84	0	24	8
	17	40	12	37	35	56	73	10	13	7
	16	30	2	27	25	46	63	11	3	6
	15	20	1	26	14	35	52	21	4	5
	25	10	0	36	24	34	42	22	13	6
	26	11	1	47	33	45	31	32	23	7
	36	22	2	57	43	55	41	42	12	8
	47	21	3	58	53	54	51	52	13	9
	57	30	4	68	64	65	62	63	14	19
	67	41	5	69	74	66	72	73	15	29
	77	51	6	78	75	76	82	83	16	39
	87	62	7	79	86	66	81	92	17	38
	88	72	8	89	95	56	80	91	18	28
	97	82	9	98	94	46	90	81	19	37
	96	71	18	99	93	55	80	70	29	47
	95	61	17	89	83	45	81	60	39	57
	94	50	27	78	72	44	91	70	49	58
	93	40	36	68	73	34	92	81	59	69
	84	30	26	67	74	35	83	91	49	79
	85	20	15	56	65	25	82	92	48	89
	75	10	6	46	55	24	71	93	38	78
	76	0	5	35	45	34	62	94	28	68
	77	1	14	36	54	33	52	85	27	57
	88	2	24	37	53	32	43	75	16	48
	78	3	23	47	63	31	42	65	6	37
	68	4	32	56	64	22	41	55	5	27
	58	13	33	66	74	11	40	54	14	16
	48	12	24	76	85	1	50	53	15	6
	37	11	13	77	75	2	51	43	26	7
	47	21	3	87	76	1	61	32	25	8
	57	30	4	86	67	11	60	22	24	9
	68	41	5	96	56	21	70	31	23	19
	69	51	6	97	46	22	80	42	12	18
	59	61	7	88	55	32	90	52	3	29
	49	60	8	98	65	33	81	53	4	28
	58	70	9	88	74	44	91	54	5	17
	68	80	18	77	73	45	82	55	6	16
	78	90	17	76	72	46	83	66	15	27
	79	81	7	75	71	35	84	65	14	36
	89	91	8	74	62	34	93	64	13	37
	99	92	9	73	52	25	94	63	24	38
	98	93	19	72	43	26	95	53	23	39
	88	94	29	62	42	16	96	44	12	49
	77	95	28	61	41	27	97	34	2	48
	76	96	38	71	40	36	88	45	3	37
	66	97	28	72	50	46	78	55	4	27
	67	88	17	73	51	47	68	56	5	16
	57	78	7	74	62	48	69	55	6	16
	58	79	8	75	72	49	59	54	15	26
	68	89	18	76	73	39	69	65	14	35
	77	99	9	76	74	29	79	75	13	45
	87	98	19	86	85	18	89	66	24	55
	88	97	29	95	84	28	78	56	33	46
	77	96	38	94	83	37	68	47	43	36
	67	95	48	84	82	27	57	56	32	26
	76	85	37	83	81	17	58	55	22	16
	75	84	27	82	70	7	49	54	11	6
	85	83	16	71	70	8	59	64	1	5
	84	82	6	61	71	17	69	63	2	14
	83	82	15	60	72	27	78	52	3	13
	92	83	14	70	63	36	88	43	12	23
	82	84	24	71	64	46	87	32	22	33
	72	85	25	71	74	55	96	43	21	44
	73	86	34	72	65	54	95	53	10	45
	74	76	35	73	66	64	94	52	0	46
	75	77	26	74	56	63	93	42	1	47
	76	68	16	75	57	62	92	31	2	48
	77	67	6	76	58	51	82	21	3	37
	88	77	7	87	49	41	83	10	4	27
	89	78	8	97	39	42	84	11	5	16
	79	69	9	98	38	52	85	12	6	16
	89	58	19	99	37	53	86	13	7	26
	88	48	18	98	36	54	87	24	8	15
	77	38	28	97	46	55	96	34	17	14
	68	29	37	88	45	65	95	34	27	13
	58	39	36	77	54	75	94	33	26	12
	48	49	46	68	65	85	93	23	15	11
	47	59	35	58	74	94	92	32	6	1
	36	69	25	57	75	93	91	22	5	2
	46	78	15	47	85	92	81	31	14	3
	55	88	16	56	94	83	82	42	13	4
	65	77	7	66	93	72	83	43	23	5
	75	67	8	76	84	63	83	44	22	6
	75	68	9	86	73	52	84	54	21	16
	74	58	8	95	64	53	85	55	10	7
	65	48	18	96	54	43	94	66	0	17
	75	37	29	87	44	32	93	56	1	28
	76	47	19	97	33	31	83	57	2	38
	77	56	9	88	23	42	84	67	3	39
	78	46	8	89	22	52	85	68	4	29
	79	45	7	99	11	53	86	69	5	18
	89	34	6	98	22	54	87	58	5	8
	88	24	15	97	32	55	87	57	14	7
	77	33	26	96	43	45	76	56	25	6
	67	44	27	95	53	35	66	55	34	15
	57	54	36	94	64	46	65	45	24	26
	58	53	37	84	74	47	75	34	13	16
	49	63	48	73	85	57	86	24	12	17
	59	62	38	72	95	68	87	13	2	28
	69	63	39	71	96	78	88	12	3	29
	79	64	38	61	87	89	98	23	4	18
	78	65	37	62	88	99	97	33	5	8
	77	75	27	63	89	98	96	44	6	7
	76	86	16	64	79	88	95	54	15	17
	66	85	26	74	69	77	94	55	14	28
	56	84	25	73	68	76	93	45	24	29
	67	83	35	72	77	66	92	46	23	19
	57	82	36	71	76	65	91	56	22	9
	47	83	37	70	75	74	81	55	21	18
	48	84	28	60	85	73	82	65	10	8
	58	84	27	50	86	63	83	74	0	7
	49	85	16	51	87	52	84	64	1	6
	59	86	15	41	88	53	85	63	2	5
	69	87	14	42	77	43	86	62	3	4
	78	97	13	31	68	32	96	61	12	5
	89	98	24	42	67	33	95	50	11	6
	99	88	34	52	66	44	94	51	22	7
	89	77	45	53	55	54	93	52	31	17
	79	67	35	64	65	44	92	63	21	18
	69	66	26	74	65	43	82	72	10	29
	78	56	16	75	55	32	83	71	0	39
	77	46	6	76	45	23	84	70	1	38
	88	35	7	86	34	22	85	80	2	37
	87	46	17	96	25	11	86	90	3	27
	97	56	8	95	26	12	75	91	4	36
	98	67	9	94	15	13	74	81	5	47
	99	77	19	93	14	24	73	71	6	57
	89	88	18	92	25	33	63	62	16	48
	79	78	17	82	34	44	52	51	7	37
	69	68	28	71	45	54	53	52	8	27
	58	57	29	72	55	54	64	53	9	36
	48	47	39	73	65	44	74	43	19	46
	37	56	49	73	66	33	85	42	29	55
	48	67	38	74	76	32	86	41	28	45
	58	77	37	75	87	42	86	30	17	35
	68	88	27	76	96	41	87	20	16	26
	77	97	27	66	95	30	86	21	6	15
	88	96	16	65	94	31	85	22	5	14
	87	95	6	74	84	32	75	23	4	13
	76	94	5	64	83	43	66	12	3	24
	67	84	4	63	93	53	55	23	2	25
	57	73	3	62	92	52	45	24	1	34
	47	74	2	72	91	51	54	33	0	44
	56	75	1	73	90	52	53	43	0	45
	67	76	10	74	80	42	64	32	1	35
	77	87	0	75	70	41	65	22	2	26
	78	88	1	76	71	40	66	11	3	16
	89	98	2	77	72	50	67	12	4	6
	99	97	3	78	73	51	77	13	5	7
	89	96	4	79	74	52	88	24	6	8
	98	86	5	69	64	53	97	34	7	18
	99	85	6	59	65	54	96	45	8	9
	89	74	7	49	55	54	86	45	17	19
	88	75	16	39	46	44	85	35	28	29
	77	65	27	38	47	33	95	36	37	18
	68	55	26	48	57	23	94	35	28	8
	58	56	15	49	67	32	84	25	18	9
	69	66	14	59	76	31	85	24	17	19
	78	75	13	49	87	21	86	23	7	18
	88	74	3	39	76	22	96	33	6	17
	87	85	4	29	75	23	86	44	15	7
	77	95	5	38	65	24	76	54	14	6
	68	94	15	48	55	34	67	54	25	16
	57	93	26	58	45	34	56	53	35	27
	47	83	36	69	46	33	55	63	25	37
	48	82	27	79	56	43	66	62	14	28
	49	83	17	89	55	42	76	61	13	18
	59	84	8	98	65	41	77	60	12	9
	69	85	7	88	74	30	77	50	2	19
	78	86	6	97	73	31	87	51	3	18
	77	96	5	98	63	32	76	52	4	17
	67	97	15	99	72	33	75	42	14	7
	68	88	16	89	71	44	66	41	24	6
	57	78	26	79	70	54	55	51	33	5
	58	68	35	69	80	53	45	52	43	4
	48	77	34	59	70	64	46	62	32	13
	38	87	24	49	71	74	56	72	22	23
	48	88	25	58	71	84	67	82	11	12
	57	98	15	68	72	94	77	81	1	2
	67	97	6	78	73	95	88	90	1	3
	77	96	7	89	74	85	87	91	2	4
	76	95	8	99	65	75	86	82	3	5
	66	94	9	98	55	65	85	72	4	6
	56	93	19	88	54	64	84	63	5	15
	47	92	29	77	44	53	83	52	14	25
	36	91	38	76	34	43	82	42	13	26
	27	81	37	86	25	32	83	31	23	16
	36	82	28	95	35	33	84	21	22	17
	46	83	18	94	45	34	85	10	11	7
	56	84	8	93	55	45	74	0	1	6
	67	85	7	92	65	54	75	10	2	5
	77	86	6	82	66	64	76	21	3	4
	88	87	5	71	55	74	77	31	12	14
	78	97	15	72	46	84	68	42	13	24
	79	96	25	73	47	83	69	52	23	33
	89	95	35	74	48	93	59	53	32	34
	99	94	45	75	57	84	49	54	42	44
	98	85	46	76	56	74	39	55	41	43
