	53	12	70	16	29	62	21	35	41	67
	43	2	60	6	18	51	10	25	30	56
	32	1	50	5	8	41	0	14	20	46
	22	11	40	4	7	30	10	13	21	35
	23	12	41	3	6	31	1	24	20	25
	33	2	42	13	5	32	0	34	21	26
	44	1	52	24	4	43	10	45	31	27
	54	11	63	33	3	53	20	55	42	17
	64	21	72	44	2	52	30	65	43	8
	63	31	73	54	1	62	41	74	32	9
	53	22	83	55	0	61	42	75	23	18
	54	12	82	46	10	71	52	85	13	19
	45	3	91	36	11	81	63	84	14	29
	46	4	90	27	12	80	64	83	15	28
	36	5	91	37	13	70	54	82	26	38
	47	15	92	48	14	60	44	72	16	39
	57	6	93	49	25	50	33	62	7	29
	58	5	83	39	26	51	34	52	17	18
	49	4	72	29	27	41	24	42	8	9
	39	3	62	18	28	30	25	32	7	19
	29	2	51	17	37	40	26	22	16	9
	18	1	50	27	36	41	35	11	15	8
	17	0	61	26	46	31	45	21	5	7
	16	10	71	35	56	42	55	20	4	6
	15	11	81	34	57	43	66	30	3	5
	14	12	70	24	58	33	67	41	2	4
	13	23	71	25	59	44	57	51	1	3
	24	33	72	26	49	53	58	62	0	12
	25	43	63	36	38	64	68	52	10	22
	26	53	73	46	28	65	69	42	21	23
	36	63	74	56	29	66	78	32	30	24
	46	73	65	67	39	75	77	22	40	25
	55	74	54	76	49	85	87	21	50	26
	45	84	44	75	48	86	88	31	61	27
	35	94	34	66	47	95	89	41	71	28
	25	93	33	55	37	96	79	51	70	38
	15	92	43	54	36	97	69	62	60	29
	16	91	53	45	46	88	59	72	50	19
	27	82	63	35	56	77	58	73	51	9
	28	83	52	34	57	67	68	84	42	8
	38	93	43	44	48	66	78	74	32	18
	29	94	33	54	49	65	89	64	23	28
	39	85	24	55	59	75	88	53	13	17
	49	86	14	46	69	76	87	63	4	7
	59	95	5	47	78	77	96	72	3	6
	69	94	15	48	79	67	97	71	2	16
	58	84	25	49	89	66	98	81	11	26
	57	73	34	38	99	55	88	80	1	36
	47	72	44	37	89	46	87	90	0	35
	36	71	53	47	78	45	76	91	10	26
	27	81	63	56	68	34	66	92	20	26
	28	80	72	67	58	44	65	82	30	27
	18	90	62	68	48	53	74	83	40	17
	19	91	61	78	37	64	73	93	41	8
	9	92	70	77	28	63	72	94	31	7
	8	82	60	88	17	62	71	85	22	6
	7	83	50	98	16	61	70	75	12	5
	6	93	40	97	15	62	60	76	23	4
	5	94	30	87	14	63	61	75	32	4
	15	85	20	76	13	64	62	74	42	3
	25	86	10	66	12	65	63	84	51	2
	26	75	0	55	23	54	64	73	50	3
	27	74	10	46	24	45	53	72	60	4
	28	73	21	35	25	34	43	71	61	14
	29	72	31	36	26	33	32	81	70	15
	39	62	42	47	27	44	22	80	60	16
	49	51	52	57	28	54	11	90	50	17
	59	41	63	56	29	65	12	91	40	18
	69	30	64	66	38	65	13	92	50	19
	79	20	74	67	39	75	24	82	61	9
	69	10	85	68	49	76	34	72	71	8
	58	21	84	78	59	67	45	83	70	7
	48	31	93	89	49	68	55	73	81	6
	37	42	94	99	38	58	66	63	80	16
	28	52	95	98	38	48	56	53	90	27
	17	43	96	88	29	47	57	44	91	36
	18	32	97	77	19	46	67	45	92	35
	9	42	87	76	29	55	66	54	83	25
	8	51	86	75	39	65	56	64	93	14
	7	62	85	74	49	54	57	73	94	5
	6	72	84	64	59	53	68	73	95	4
	16	82	83	63	49	52	69	74	96	3
	27	71	92	62	38	43	59	65	97	13
	28	61	91	51	38	33	49	55	98	24
	37	60	81	41	48	23	58	56	89	34
	36	50	71	40	47	33	57	67	79	25
	26	61	70	30	46	34	68	77	69	25
	15	62	80	31	35	45	78	76	59	14
	5	72	90	32	36	55	77	75	49	4
	6	73	81	33	27	66	76	74	39	3
	7	84	71	34	17	75	87	85	49	13
	7	93	72	45	28	86	88	94	58	24
	17	83	73	55	18	87	98	95	69	25
	8	82	64	66	19	88	99	86	78	26
	9	92	54	56	29	98	89	87	88	27
	19	91	44	47	39	97	79	96	77	28
	29	90	53	36	49	87	69	95	67	17
	39	80	52	26	59	77	68	85	56	18
	38	70	63	15	49	67	68	74	47	9
	28	71	72	5	38	66	67	73	37	19
	27	61	62	14	48	65	56	84	36	29
	16	51	52	25	57	54	47	93	46	39
	26	42	43	35	58	53	37	94	56	38
	15	31	32	46	59	64	28	95	67	49
	6	21	22	55	69	74	17	86	77	48
	7	10	11	66	78	75	16	76	88	57
	8	20	22	56	89	85	27	87	98	68
	18	30	32	57	99	84	36	86	97	58
	9	41	42	67	89	83	46	85	96	49
	19	51	52	77	79	82	55	84	95	38
	29	62	63	78	69	81	66	83	85	28
	39	72	63	88	59	91	65	83	74	27
	49	82	64	87	59	81	54	92	73	36
	48	71	53	76	58	90	45	93	84	47
	37	70	44	66	68	80	34	94	85	46
	28	60	33	65	57	81	24	95	86	45
	17	50	23	54	47	71	13	96	87	34
	16	40	12	44	36	61	3	97	88	24
	26	30	22	33	27	62	2	98	88	25
	35	41	31	23	28	63	3	99	77	14
	46	51	42	12	18	64	13	89	68	4
	55	62	52	23	8	65	24	78	57	5
	45	72	63	33	7	66	34	77	47	15
	35	83	73	44	6	75	45	76	37	16
	26	93	84	54	5	74	55	75	28	17
	27	94	85	65	14	64	66	86	38	18
	28	95	74	55	25	53	56	87	49	9
	18	86	64	46	26	43	67	96	59	19
	29	76	54	47	27	32	68	97	69	9
	38	75	53	48	28	33	58	87	79	8
	39	74	63	57	37	34	59	76	89	7
	49	73	72	56	36	45	69	75	98	6
	59	83	82	66	35	55	68	74	97	5
	69	92	91	76	34	54	67	73	87	15
	79	93	90	86	24	44	77	72	96	16
	89	84	80	85	13	53	87	82	95	17
	78	94	70	75	14	52	86	81	96	28
	68	95	60	65	15	51	76	71	97	29
	58	85	50	64	16	61	66	62	98	38
	48	74	40	54	17	61	65	63	88	39
	37	73	30	44	28	62	55	64	78	49
	47	72	41	43	18	63	46	73	79	58
	57	83	51	42	8	53	45	84	89	48
	56	92	62	31	7	43	44	93	99	38
	67	91	72	21	6	42	33	94	98	29
	77	90	71	22	5	31	23	95	97	19
	88	80	82	32	4	42	24	96	87	18
	78	81	83	43	14	52	34	86	76	28
	69	70	73	53	25	63	45	75	66	27
	59	71	84	54	26	64	55	74	65	36
	49	72	85	44	35	63	46	73	75	37
	38	62	94	33	34	52	47	83	76	48
	39	61	93	23	24	51	57	92	77	58
	29	60	84	12	13	50	68	91	88	59
	28	70	74	2	3	40	67	90	98	49
	17	80	64	1	4	30	56	81	89	38
	16	70	53	0	5	20	66	82	78	28
	15	71	63	10	6	21	76	72	69	17
	14	62	73	11	7	31	77	83	59	16
	25	63	84	22	8	42	88	93	49	27
	26	53	85	32	9	43	98	94	38	36
	35	54	95	33	19	44	89	93	48	46
	45	55	96	34	18	54	79	92	58	56
	35	66	97	45	28	65	78	91	68	47
	25	67	87	55	27	74	77	81	57	37
	26	76	86	66	17	84	88	70	47	48
	27	75	85	56	7	73	98	71	36	49
	17	74	84	47	6	64	99	72	46	59
	7	73	83	37	5	63	89	62	56	69
	6	72	83	28	4	52	79	51	67	58
	16	82	92	29	14	42	69	41	77	48
	27	91	93	39	15	31	68	50	88	38
	28	90	94	49	16	30	67	61	98	37
	18	80	95	58	27	41	66	60	99	36
	8	81	96	68	26	51	75	70	89	35
	9	71	97	67	25	62	74	61	79	34
	19	72	87	66	24	63	64	50	69	33
	29	73	76	75	13	53	54	51	59	23
	28	64	76	65	3	43	44	62	49	12
	17	53	75	54	4	32	33	72	58	23
	7	43	74	44	5	32	34	63	68	24
	6	52	73	45	15	22	35	53	78	25
	16	42	72	55	14	11	46	64	88	26
	27	31	62	66	13	12	56	74	98	36
	37	21	51	67	3	23	57	85	97	46
	28	10	41	77	4	33	47	86	96	35
	38	20	30	88	5	44	48	75	95	25
	39	21	40	98	15	45	49	74	94	26
	29	11	50	99	16	55	59	73	84	27
	18	22	61	89	17	66	69	72	83	28
	8	32	71	78	7	56	68	82	93	37
	9	43	81	77	6	47	67	92	94	36
	19	53	91	76	5	57	66	93	95	46
	29	63	90	86	14	58	75	94	96	35
	28	72	80	87	24	59	85	95	97	34
	37	82	70	88	13	69	74	96	98	33
	36	71	70	89	14	68	65	86	99	23
	46	62	60	79	25	67	54	75	98	24
	45	52	50	69	26	66	44	74	97	25
	34	42	51	68	27	65	54	73	96	26
