	63	56	12	98	61	81	37	7	69	27
	52	55	3	88	50	70	28	6	58	26
	42	45	4	77	40	60	18	5	48	15
	31	34	13	67	30	50	8	14	37	25
	21	24	23	56	20	40	7	15	27	35
	10	33	22	46	30	41	6	16	17	36
	0	32	11	47	31	51	5	26	28	27
	1	22	10	48	42	62	4	25	29	37
	2	11	20	38	43	72	3	24	19	36
	12	21	30	29	44	83	13	23	9	35
	22	31	40	19	53	84	14	33	18	45
	32	42	50	29	54	74	15	43	8	44
	23	51	61	39	64	65	6	52	7	34
	24	62	71	49	73	66	16	63	17	25
	14	72	82	59	83	75	26	53	27	15
	5	71	91	69	92	76	36	54	28	6
	4	81	90	68	93	86	46	55	37	7
	3	80	91	78	94	85	56	66	36	8
	2	70	82	79	95	84	57	75	35	9
	1	60	83	89	96	74	68	76	45	18
	0	50	93	99	97	65	78	86	44	28
	10	41	94	98	87	55	69	85	53	37
	20	30	95	88	77	56	58	84	52	47
	21	31	96	78	67	57	49	74	51	46
	11	22	87	69	66	58	39	64	42	36
	12	23	77	59	75	48	38	65	43	35
	13	33	67	49	86	37	29	54	32	45
	24	34	57	48	95	27	19	44	31	55
	25	35	68	38	96	16	9	53	41	56
	15	26	78	29	97	17	8	63	40	47
	16	27	79	19	87	7	18	62	50	48
	6	17	89	9	76	8	28	61	60	38
	5	7	99	18	86	17	37	71	70	39
	14	6	98	29	85	16	36	72	81	49
	4	5	97	39	94	15	46	73	90	58
	3	14	88	49	93	25	45	83	91	68
	2	13	87	58	92	24	54	82	81	78
	1	3	76	68	91	23	53	71	80	79
	0	2	66	78	81	22	63	62	70	89
	10	1	75	88	71	21	52	51	61	99
	20	11	74	97	62	30	42	41	50	98
	21	22	64	96	52	31	43	40	60	89
	10	12	53	86	63	42	32	30	61	79
	0	23	44	85	72	51	33	31	62	69
	1	24	34	74	73	41	43	32	71	59
	2	25	35	84	83	40	52	22	82	49
	12	26	36	94	93	30	51	11	92	48
	13	27	47	95	83	20	61	21	91	37
	4	28	57	86	72	10	60	31	90	38
	5	18	56	87	63	0	70	42	80	29
	6	19	55	77	64	1	81	52	90	39
	7	9	65	67	54	2	71	63	91	49
	8	18	66	56	45	3	62	73	82	58
	17	28	76	46	44	4	63	84	72	57
	16	27	75	45	43	5	64	85	73	56
	15	26	74	44	52	6	65	86	84	55
	14	25	64	43	42	7	54	96	93	45
	24	34	53	32	41	8	44	97	94	46
	23	33	43	31	40	9	45	88	95	35
	32	34	42	30	50	19	55	78	96	36
	22	35	41	20	61	29	66	68	97	37
	12	46	30	10	70	39	67	58	88	48
	11	36	20	0	60	49	68	69	78	47
	21	27	10	1	61	58	77	79	89	57
	31	28	20	2	51	69	87	78	99	67
	42	38	30	3	62	59	86	77	98	66
	51	29	40	13	71	49	76	87	97	75
	50	19	41	4	81	38	67	96	88	85
	61	9	30	5	80	28	56	95	89	84
	60	8	20	6	90	18	55	85	79	83
	70	17	21	7	91	29	65	75	69	92
	80	16	22	6	82	39	74	86	59	93
	81	15	23	5	72	49	73	87	58	94
	71	26	13	14	63	48	64	88	68	95
	62	25	24	4	52	37	54	89	67	96
	61	34	33	3	53	47	44	79	56	97
	51	45	43	12	64	46	54	69	55	98
	42	35	52	11	65	36	44	59	66	99
	32	26	53	10	75	27	43	49	76	89
	31	16	63	20	86	28	33	38	77	88
	30	17	73	21	87	18	23	29	78	97
	40	8	84	22	96	19	12	39	79	98
	50	9	94	11	95	18	2	49	69	99
	41	8	85	1	86	28	3	58	59	89
	51	7	74	0	75	37	13	57	49	78
	61	6	64	10	66	48	14	68	38	79
	60	5	54	20	67	57	15	77	29	69
	70	4	45	30	56	68	25	76	19	59
	80	3	35	40	47	77	24	87	18	49
	90	12	36	50	46	88	23	86	17	38
	91	22	26	60	55	98	32	96	7	28
	92	31	15	70	65	99	42	97	6	17
	83	41	5	80	75	89	51	98	16	7
	73	40	4	81	76	78	50	88	27	8
	72	30	3	71	86	79	60	87	37	9
	63	20	2	62	95	69	61	77	48	19
	64	10	1	52	94	59	70	67	58	29
	54	0	11	53	93	49	80	66	57	39
	44	10	21	43	83	38	90	56	67	29
	34	20	22	33	72	28	91	47	68	18
	35	30	23	24	62	17	82	46	78	8
	25	31	13	14	51	16	92	45	89	7
	26	22	12	15	41	6	93	55	99	17
	36	32	3	5	30	16	84	65	98	27
	37	42	4	14	20	7	74	75	97	28
	48	41	13	24	10	8	85	86	96	29
	58	51	23	34	0	9	95	76	87	19
	68	50	32	45	1	18	94	77	88	29
	69	40	42	55	2	17	93	67	78	39
	79	30	51	65	3	16	83	57	89	49
	69	20	61	74	4	6	73	56	99	48
	59	10	70	64	5	15	72	66	98	58
	49	1	80	63	14	25	71	55	97	57
	38	2	90	72	24	34	61	54	96	56
	37	3	81	71	23	45	50	64	95	66
	47	4	91	62	32	55	40	73	94	67
	57	5	82	52	31	65	30	63	93	76
	56	6	92	53	42	64	20	72	83	75
	66	7	91	43	52	74	21	71	84	65
	55	8	90	44	51	85	11	61	94	54
	46	9	80	33	41	86	12	60	95	45
	35	18	70	23	30	87	22	50	96	34
	26	17	60	13	20	77	32	41	97	33
	27	16	50	3	21	88	31	30	98	24
	36	15	40	2	10	78	42	20	89	13
	37	14	30	1	0	68	52	21	79	3
	28	13	41	11	10	69	62	22	78	2
	29	12	42	21	20	58	61	23	77	3
	19	13	52	31	30	48	70	24	67	4
	9	14	62	42	41	49	80	25	57	5
	8	15	61	52	51	39	90	35	48	6
	7	26	71	63	50	29	81	36	58	16
	17	27	82	73	60	18	91	37	59	6
	28	36	72	83	70	19	92	48	49	5
	38	47	62	93	81	9	91	57	39	4
	29	56	61	94	80	8	90	68	49	3
	19	66	60	85	70	7	81	78	58	2
	9	76	50	86	71	6	82	88	68	1
	8	75	40	95	72	5	83	87	78	0
	7	65	30	96	63	4	84	76	88	10
	6	54	20	87	53	3	74	66	97	21
	5	44	30	77	64	2	65	55	98	22
	4	45	31	67	73	1	75	46	99	32
	3	34	42	57	83	0	86	35	89	33
	2	24	43	48	92	10	96	25	79	23
	1	13	33	37	91	20	97	14	69	12
	0	4	34	27	90	21	98	15	59	11
	10	5	44	26	80	30	89	16	49	2
	11	15	45	36	70	41	79	7	48	3
	12	16	46	47	61	42	69	8	37	4
	13	7	56	57	51	43	58	9	28	5
	14	8	66	68	41	52	59	19	29	15
	25	9	75	78	30	51	49	18	39	16
	26	8	86	88	20	61	38	17	29	27
	36	7	85	87	10	62	48	28	18	37
	35	6	94	86	0	71	47	17	19	27
	34	5	93	85	1	70	46	7	9	16
	24	14	92	94	2	60	55	6	8	15
	23	4	82	93	3	50	66	5	7	25
	22	13	71	83	12	40	76	14	6	26
	31	24	61	72	11	30	86	25	5	36
	32	33	50	62	21	20	85	26	4	46
	42	44	40	51	10	30	74	36	3	55
	43	53	41	61	0	31	64	46	2	54
	52	63	42	71	1	32	65	55	11	45
	62	73	51	82	10	23	75	56	22	35
	61	84	50	81	20	13	86	67	12	34
	70	94	60	90	30	14	96	77	3	24
	80	95	61	91	41	15	97	68	4	25
	81	96	71	92	42	16	98	69	14	26
	90	97	82	93	32	17	89	79	15	27
	91	98	92	84	33	18	99	78	16	28
	81	88	93	73	43	29	89	77	17	38
	70	87	84	63	44	39	78	76	18	49
	61	86	73	52	45	38	77	66	29	58
	62	85	83	43	46	37	87	65	19	48
	72	74	82	44	35	47	86	54	9	57
	63	64	71	34	26	56	76	53	8	67
	52	73	61	35	15	66	75	43	7	68
	42	84	51	25	14	65	85	33	6	69
	31	94	41	24	13	74	95	23	5	59
	22	93	30	34	12	85	96	32	4	49
	21	92	20	45	3	84	97	43	13	39
	11	91	10	55	2	83	98	44	23	29
	1	90	0	56	12	72	99	45	32	19
	10	80	1	47	23	62	89	55	43	9
	20	81	2	36	33	51	79	56	44	8
	30	71	12	27	34	41	69	47	45	7
	40	61	23	16	35	50	59	36	55	6
	30	60	33	17	46	51	49	37	56	5
	31	70	44	28	47	52	39	48	57	4
	42	80	45	18	36	53	29	58	68	3
	43	90	55	19	27	54	38	59	69	2
	44	91	46	9	17	64	48	49	78	1
	45	82	36	8	18	63	37	39	77	0
	55	92	26	7	28	73	27	29	67	10
	46	93	15	16	38	74	17	19	66	11
	36	94	14	6	48	75	18	9	65	12
	26	95	25	5	57	76	8	19	55	22
	35	86	24	14	67	87	7	29	46	21
