	0	35	83	81	57	16	64	41	81	13
	10	25	72	70	48	6	53	30	71	3
	11	14	62	60	37	5	43	20	61	2
	21	4	51	50	27	15	32	10	70	12
	22	3	41	40	16	26	23	1	80	13
	31	2	30	50	17	36	33	0	90	24
	42	1	20	60	8	46	44	10	91	34
	52	11	21	70	9	45	54	0	92	35
	63	12	22	80	18	55	65	1	93	25
	73	13	32	90	19	56	66	11	84	14
	74	4	33	91	29	67	75	12	85	5
	64	3	44	92	38	68	76	13	86	6
	53	2	45	93	28	58	67	23	87	7
	43	1	46	84	37	49	68	32	77	8
	52	10	36	73	47	48	58	31	78	9
	62	20	35	63	57	38	59	21	69	18
	71	30	34	72	56	39	49	22	79	17
	82	21	24	83	55	29	48	11	89	16
	81	10	25	92	54	18	57	1	88	15
	70	11	14	91	64	17	56	0	87	15
	61	12	25	81	63	7	55	1	86	26
	51	13	35	82	52	16	54	2	85	27
	41	14	46	83	42	26	53	12	84	28
	40	15	55	93	31	36	43	13	94	37
	30	6	56	92	21	46	52	24	95	47
	20	7	57	91	10	45	51	33	96	48
	21	8	67	90	1	54	41	34	97	58
	22	9	66	80	2	53	30	24	98	57
	32	18	65	70	11	43	20	23	99	56
	42	17	54	71	22	33	10	12	89	46
	52	16	53	72	31	44	0	3	88	35
	62	15	64	73	42	45	10	4	87	25
	72	14	54	84	52	46	21	5	86	25
	73	13	45	74	62	35	31	4	85	26
	63	24	55	75	72	36	42	3	94	27
	53	33	56	76	82	37	52	2	93	28
	43	44	47	77	81	38	51	1	83	29
	32	45	37	68	91	39	50	0	82	19
	23	55	38	58	92	49	60	10	71	9
	12	46	48	57	93	49	61	20	70	8
	2	35	47	67	84	48	62	30	80	7
	1	25	46	66	73	47	52	41	81	6
	11	14	35	65	63	36	43	50	82	15
	22	5	34	74	52	26	32	41	83	16
	21	4	24	84	51	27	31	30	83	17
	10	3	13	85	41	28	42	40	92	18
	0	2	23	95	50	29	52	30	93	19
	1	11	32	96	60	39	53	20	94	9
	10	12	33	97	70	38	54	21	95	8
	0	13	44	98	80	37	45	22	96	7
	1	14	44	89	70	47	46	23	97	6
	11	25	45	88	61	56	55	33	87	5
	22	26	35	88	51	66	65	44	86	14
	32	15	36	87	52	67	64	54	85	4
	43	6	27	86	53	76	63	44	84	3
	42	7	16	85	52	75	72	34	73	2
	31	8	17	84	62	74	71	25	83	1
	41	7	27	93	61	64	81	14	82	0
	40	6	36	92	50	53	90	4	91	10
	30	5	46	83	60	43	80	3	81	11
	20	14	56	84	70	44	90	2	71	12
	10	24	57	94	61	45	91	1	72	13
	21	23	48	95	51	46	82	0	63	4
	31	33	49	96	52	35	72	1	64	14
	42	32	58	97	43	25	63	11	73	15
	41	22	59	98	44	26	52	21	84	16
	40	12	49	99	45	36	51	30	94	27
	50	13	48	89	46	37	42	20	95	28
	60	14	38	88	47	27	32	10	96	18
	70	15	48	87	57	36	23	1	97	9
	81	26	58	77	56	46	12	2	98	19
	71	35	68	78	55	45	3	11	99	18
	62	34	69	88	66	54	13	21	89	17
	52	24	79	87	65	64	23	31	88	16
	53	33	78	86	54	63	32	41	87	15
	43	24	77	85	44	72	42	50	86	14
	52	25	67	84	34	73	31	41	85	5
	51	26	56	74	35	64	22	30	75	6
	61	27	46	65	36	53	12	21	76	7
	50	28	47	55	37	43	2	10	67	8
	41	29	48	46	38	44	11	0	57	9
	31	39	49	47	37	45	21	1	58	19
	30	29	59	57	27	46	20	2	68	18
	41	28	69	56	26	47	21	12	78	17
	42	27	79	66	25	36	31	22	88	16
	52	26	89	75	24	35	42	23	87	15
	62	25	98	85	33	34	32	13	86	14
	72	24	88	84	43	44	22	4	85	5
	73	13	77	83	53	54	11	3	94	6
	63	12	67	82	64	45	1	2	93	7
	52	11	56	91	74	46	10	3	83	8
	51	21	66	81	65	55	0	4	82	9
	61	30	76	70	75	54	10	14	71	19
	60	20	87	80	86	44	21	15	62	18
	50	10	96	90	85	33	31	6	72	17
	40	11	95	81	84	23	42	7	73	16
	30	12	94	82	93	13	52	6	63	27
	41	12	85	83	92	14	43	5	53	37
	42	13	74	84	91	25	32	4	44	38
	51	24	64	73	81	35	23	3	33	28
	61	25	54	63	70	46	22	2	34	17
	71	26	44	53	60	47	21	1	35	16
	62	36	45	43	50	37	20	0	46	15
	52	27	55	42	51	48	10	1	56	14
	63	28	66	31	41	49	21	11	57	5
	72	17	67	30	40	39	22	12	48	6
	82	16	57	31	50	29	32	13	49	7
	83	26	48	42	61	38	33	14	58	8
	93	25	47	52	70	28	34	15	59	9
	94	24	46	63	80	27	45	5	69	19
	84	23	35	73	90	36	54	4	78	18
	85	12	26	74	91	37	53	3	88	17
	75	2	15	65	82	38	52	3	87	16
	66	1	14	55	72	39	63	2	86	15
	56	11	4	45	83	29	64	12	85	5
	55	11	13	34	93	18	65	22	84	6
	46	12	24	25	94	17	54	21	74	7
	35	13	34	25	95	27	44	20	75	8
	36	14	33	34	96	27	43	10	76	9
	46	25	23	45	86	28	52	0	77	19
	55	35	12	54	75	37	62	1	68	18
	55	45	2	64	74	48	71	11	67	17
	54	44	3	73	64	49	81	22	66	16
	53	43	4	84	63	48	70	31	65	15
	52	32	14	83	63	47	60	41	74	15
	51	31	25	92	62	46	50	30	84	26
	41	21	35	91	71	45	40	20	73	27
	30	10	34	81	61	55	50	20	64	28
	31	11	24	71	70	66	60	10	54	37
	42	12	13	82	80	67	50	1	44	47
	52	23	14	83	90	57	51	0	33	48
	43	13	5	84	91	58	62	10	32	37
	53	14	15	85	82	48	72	21	42	36
	63	4	26	94	83	47	73	22	52	35
	64	3	36	93	84	46	74	23	63	25
	65	2	27	92	85	56	75	24	73	34
	55	1	17	91	95	66	76	13	84	45
	54	0	7	81	96	67	87	3	85	44
	53	10	8	70	97	77	88	2	94	33
	52	11	9	61	98	78	89	1	95	23
	51	12	19	60	99	69	79	0	86	13
	41	12	29	70	89	68	78	10	76	14
	40	13	38	71	88	57	77	20	67	5
	30	14	37	82	87	47	76	21	56	6
	31	5	36	83	86	46	75	22	55	7
	32	6	26	84	85	45	74	12	65	8
	43	7	16	93	84	34	64	2	54	9
	52	17	15	92	73	25	53	1	45	18
	62	28	14	91	63	35	44	11	34	19
	72	27	4	90	64	46	33	10	24	29
	71	26	3	80	65	47	23	0	14	28
	81	15	13	70	66	48	12	1	4	27
	82	14	24	61	67	49	2	11	5	26
	83	25	34	62	68	39	3	21	6	15
	73	35	45	63	57	29	12	20	7	16
	73	46	45	63	56	28	22	30	8	17
	73	47	55	63	56	37	31	41	8	18
	73	36	54	63	55	38	42	50	17	9
	73	27	53	63	54	48	52	41	17	19
	73	26	43	63	53	58	51	30	27	18
	84	25	32	73	44	59	50	21	36	17
	94	14	33	74	34	69	60	10	46	16
	95	4	44	75	24	68	70	1	55	15
	96	3	45	76	14	67	71	0	65	15
	87	2	46	77	13	56	72	10	74	26
	86	1	36	78	23	66	62	11	84	27
	85	0	35	79	32	65	52	12	83	28
	84	10	25	89	42	64	43	23	72	29
	73	11	14	88	41	54	53	32	71	39
	63	12	13	87	40	55	44	42	61	49
	52	23	4	86	30	46	34	43	50	38
	51	22	14	85	21	36	25	33	40	37
	61	31	14	84	20	35	24	23	41	27
	60	32	25	93	30	34	13	22	51	16
	70	42	15	83	31	33	3	11	52	16
	71	43	6	72	21	23	2	1	63	7
	81	53	5	82	10	22	12	0	62	8
	80	64	14	91	20	32	13	1	61	9
	90	74	25	92	30	43	4	11	50	19
	91	65	35	83	41	44	14	12	51	18
	92	55	46	84	40	45	24	23	52	17
	83	56	47	94	50	54	33	32	63	16
	73	57	48	95	51	53	43	42	63	15
	84	58	49	96	52	64	44	31	73	14
	94	57	59	97	53	74	43	21	72	5
	95	56	69	98	63	75	33	10	71	4
	96	46	68	99	73	66	34	1	70	3
	86	35	67	89	84	56	25	2	60	12
	75	35	67	88	94	46	26	11	61	22
	74	25	56	87	95	36	27	21	62	23
	64	14	46	86	85	37	17	20	63	13
	53	24	36	75	74	28	16	30	73	4
	52	33	37	66	64	17	15	41	83	5
	42	32	27	56	53	8	14	31	93	6
	51	43	17	55	52	9	24	22	84	7
	50	44	28	65	62	18	33	11	94	8
	40	45	29	74	72	19	34	1	95	9
	30	55	38	84	82	18	35	0	96	8
	21	65	48	93	81	17	46	10	97	7
	20	54	47	92	80	27	55	1	98	16
