	39	45	89	32	68	53	1	93	85	23
	29	34	78	22	57	44	0	84	74	12
	18	24	68	11	47	33	10	73	64	2
	8	13	57	21	36	23	20	63	53	3
	7	4	47	30	26	12	10	52	43	2
	6	5	36	31	15	22	1	42	32	11
	16	14	26	41	25	21	0	51	33	10
	17	24	27	40	35	20	1	50	34	11
	28	13	37	30	46	10	2	60	45	12
	38	3	48	20	55	0	11	61	54	23
	49	4	58	10	56	1	22	62	65	32
	59	5	69	11	66	2	31	71	75	43
	49	6	79	12	67	3	41	70	76	44
	39	16	89	13	77	4	40	80	86	54
	29	17	88	14	87	5	50	81	95	55
	19	27	97	15	86	6	51	82	96	46
	9	37	98	16	85	7	61	91	95	56
	18	48	99	17	94	8	60	90	86	66
	28	49	89	27	93	7	70	80	75	67
	37	39	78	36	92	6	71	81	74	76
	47	38	68	46	82	5	72	91	84	75
	56	28	57	45	83	4	73	90	93	85
	55	29	48	54	92	3	74	80	94	84
	65	18	38	64	91	2	75	70	95	73
	66	8	39	63	90	1	86	61	96	72
	67	9	49	52	80	0	87	62	97	71
	77	19	58	42	70	10	88	51	98	81
	78	29	59	32	60	21	89	41	99	82
	69	39	49	33	50	22	79	30	98	83
	58	38	48	24	41	23	78	21	97	93
	68	37	47	25	30	12	77	20	96	94
	57	27	36	34	31	11	76	10	86	95
	47	26	35	44	22	2	75	1	85	94
	36	25	34	53	11	3	74	0	84	93
	26	24	33	43	1	13	64	10	73	92
	25	14	32	52	2	4	53	21	63	91
	15	5	31	62	3	13	54	30	72	90
	16	6	42	61	12	23	45	40	71	80
	17	7	52	50	22	32	46	41	70	81
	28	8	63	51	21	43	56	42	60	82
	18	9	73	62	30	44	57	52	50	83
	19	8	74	63	40	45	67	53	41	84
	29	17	65	64	50	46	66	54	42	85
	39	27	55	73	51	56	76	44	31	86
	49	37	45	72	42	47	87	34	22	96
	59	38	35	62	31	48	88	24	11	97
	69	39	36	61	22	49	89	33	10	98
	79	29	37	60	11	59	99	23	20	88
	89	19	28	50	10	69	98	13	21	78
	88	18	17	40	0	58	97	4	30	68
	77	9	16	41	1	57	87	5	31	67
	76	8	26	51	2	56	86	6	32	66
	75	7	25	52	3	46	95	16	33	65
	74	17	24	43	4	35	94	26	44	54
	73	27	33	53	5	25	93	15	34	45
	72	26	23	63	14	35	92	6	24	55
	71	36	12	62	13	45	91	16	33	56
	81	47	22	61	3	55	90	27	32	57
	80	48	11	70	2	56	91	36	42	58
	81	38	10	60	1	47	82	37	31	49
	71	39	20	50	0	46	83	28	21	59
	72	29	30	40	10	35	84	18	22	69
	83	19	41	50	20	25	85	9	23	79
	84	18	51	61	21	14	86	8	24	89
	85	17	52	62	30	4	96	7	34	99
	86	16	43	63	40	5	97	6	44	98
	96	15	53	64	50	14	88	7	54	89
	97	26	52	65	61	13	78	8	45	79
	98	35	42	66	60	12	68	9	55	69
	89	34	32	67	70	3	77	19	56	58
	78	44	33	76	71	2	87	29	57	48
	68	45	23	75	62	11	86	38	47	37
	57	55	12	74	51	1	95	49	36	27
	47	65	13	73	41	0	94	39	26	28
	36	66	3	72	31	10	93	29	15	18
	26	67	2	71	42	20	92	19	25	17
	35	68	11	70	43	30	91	9	14	16
	46	69	1	80	33	40	90	8	13	26
	45	59	0	81	23	41	91	17	3	15
	34	58	10	82	12	42	92	16	2	25
	33	48	21	83	11	32	93	26	1	14
	23	37	22	84	10	31	94	35	0	13
	24	28	12	85	20	30	95	46	1	4
	34	27	13	86	21	40	96	45	2	5
	44	36	24	87	11	50	97	54	3	6
	53	35	14	88	12	61	98	64	4	7
	63	25	5	89	13	62	99	73	3	8
	72	14	6	79	23	52	98	74	2	9
	82	4	7	78	33	51	97	75	1	19
	81	3	8	68	44	41	96	65	0	29
	70	2	9	57	53	42	86	55	10	38
	60	1	19	47	52	43	76	56	20	48
	50	0	29	37	62	32	66	67	30	58
	51	10	38	27	71	31	75	77	40	49
	52	11	28	36	70	22	85	87	50	39
	43	21	27	35	60	12	84	97	51	29
	42	20	36	25	50	13	83	88	52	28
	41	30	35	15	40	24	72	89	53	27
	31	21	25	16	50	34	71	99	54	36
	32	10	15	17	61	45	70	98	55	35
	23	1	16	18	62	46	80	97	66	26
	24	2	17	28	63	56	90	96	67	27
	34	12	7	37	64	57	91	95	76	36
	35	13	6	47	54	68	92	85	86	46
	25	24	5	57	45	69	93	84	75	56
	14	33	4	67	34	59	94	73	74	66
	15	44	3	76	35	58	95	64	65	75
	26	43	2	77	36	48	96	63	54	85
	16	42	11	87	47	37	97	62	44	94
	17	51	22	88	56	38	98	52	33	95
	8	41	21	78	55	39	89	53	43	86
	9	30	20	68	65	49	79	64	32	87
	19	40	10	69	74	59	78	73	22	97
	29	50	0	58	85	49	77	83	11	88
	38	60	1	57	94	48	67	82	21	98
	28	70	2	56	95	37	66	81	20	99
	18	71	12	55	86	27	65	80	30	89
	17	72	23	54	87	26	74	90	40	79
	27	63	32	44	77	35	84	91	41	69
	26	62	31	43	78	46	83	92	50	58
	35	61	42	32	79	55	72	93	60	57
	46	51	52	33	89	65	71	94	70	56
	55	62	53	24	88	74	82	85	81	66
	54	71	64	13	97	75	91	86	80	67
	45	82	73	4	98	76	90	96	70	68
	34	91	84	5	99	87	80	97	61	78
	24	90	93	6	89	88	70	98	51	77
	13	80	92	15	78	87	61	97	42	67
	4	70	91	25	68	86	51	96	31	57
	5	81	90	26	69	95	42	87	32	47
	6	71	80	16	59	94	52	76	23	36
	7	62	70	17	49	84	43	66	12	35
	8	72	61	28	39	73	33	56	2	25
	9	63	62	29	38	83	23	47	1	14
	19	52	51	18	48	82	12	36	0	4
	29	43	41	17	47	92	2	35	10	3
	39	33	30	27	36	93	1	25	11	13
	49	24	20	37	35	94	0	14	21	23
	48	34	10	28	46	85	1	4	22	32
	37	45	11	38	56	86	2	3	31	42
	47	44	22	39	55	75	12	13	41	51
	46	53	31	29	65	66	23	14	40	50
	56	54	32	18	74	76	33	5	30	60
	55	65	42	8	64	77	34	6	20	70
	66	75	51	7	73	88	44	15	10	81
	67	76	50	6	84	89	45	16	0	82
	77	87	40	5	83	79	54	26	1	92
	88	97	41	4	72	78	55	35	2	91
	98	96	30	3	62	68	65	34	12	90
	99	95	20	13	71	58	64	44	23	80
	89	86	21	24	61	57	74	45	33	70
	79	85	10	34	51	48	75	54	44	60
	69	84	0	45	52	49	66	55	53	50
	58	73	1	46	63	39	56	65	43	51
	57	83	2	36	62	29	47	64	32	52
	68	93	3	27	72	18	48	63	31	43
	67	94	4	17	82	8	49	53	21	42
	76	95	5	28	81	9	39	43	11	41
	86	96	6	38	91	19	29	42	22	31
	87	97	7	37	92	18	39	32	12	30
	77	88	8	36	93	17	49	22	2	40
	78	98	9	35	94	16	59	21	1	50
	89	99	19	25	95	15	69	11	10	61
	79	98	29	14	86	26	78	12	20	71
	69	97	39	13	76	27	68	3	30	81
	58	96	49	23	67	28	57	4	40	82
	48	86	38	24	66	29	56	5	50	83
	37	75	39	33	55	18	46	6	61	93
	36	65	49	44	54	8	35	7	71	92
	26	74	59	34	45	17	25	16	81	91
	15	85	69	24	35	27	14	6	80	90
	5	84	78	13	26	28	4	7	70	81
	14	73	88	12	27	29	3	8	60	82
	13	64	97	22	28	39	2	9	50	72
	12	53	96	31	38	49	1	19	51	73
	22	43	86	30	48	59	0	29	52	64
	31	33	75	20	47	69	10	39	62	54
	30	23	65	21	57	78	11	49	72	44
	40	13	54	22	68	88	2	59	63	33
	41	4	44	32	77	97	3	69	73	23
	42	5	33	43	87	98	12	78	83	24
	51	6	34	52	86	89	22	77	82	25
	62	7	35	63	85	99	32	87	71	26
	61	8	46	53	74	98	42	86	81	27
	70	9	47	64	73	97	41	85	91	28
	80	19	57	65	84	87	40	74	92	29
	90	18	67	66	94	76	50	75	93	39
	91	17	56	55	95	86	61	85	83	38
	92	16	46	45	96	87	62	84	72	37
	93	15	36	35	97	88	52	83	82	47
	94	14	26	25	98	78	43	73	71	48
	95	13	27	24	89	79	44	63	81	58
	96	12	28	23	99	69	34	52	70	49
	97	11	29	22	98	58	24	43	60	59
	87	1	39	31	88	68	14	44	50	69
	86	0	49	21	77	57	5	45	51	78
	76	10	58	20	67	56	6	35	52	79
	66	11	48	30	68	55	7	36	43	89
	65	2	57	40	58	54	8	27	44	99
	64	3	47	50	59	53	9	16	33	98
