	19	58	25	63	46	90	12	36	51	16
	9	49	14	52	35	81	2	27	41	7
	8	38	4	42	25	70	1	16	30	17
	18	28	3	31	14	60	0	15	20	27
	29	37	2	21	4	50	10	5	30	26
	39	47	1	11	3	40	20	6	41	15
	49	56	0	22	2	50	30	7	51	25
	59	57	10	23	1	61	40	8	62	24
	69	67	20	32	11	71	41	9	72	33
	68	66	30	43	22	82	50	19	73	34
	57	65	40	44	23	83	51	29	64	45
	47	54	50	53	32	73	61	39	74	55
	36	64	60	63	33	84	62	49	75	46
	35	74	70	52	34	85	71	59	76	56
	26	75	80	42	25	86	82	69	77	67
	16	76	90	31	14	87	83	68	78	66
	7	77	91	21	13	88	84	58	79	65
	8	78	82	11	12	89	74	48	69	54
	18	68	83	2	3	79	75	38	58	45
	29	57	84	1	4	69	76	28	48	35
	19	47	74	0	5	58	77	17	38	26
	9	37	75	10	6	48	68	27	28	16
	18	36	76	20	7	38	58	26	29	15
	8	46	77	30	17	39	48	25	19	14
	9	55	68	41	16	49	38	24	29	13
	19	56	58	42	15	59	37	23	28	12
	29	67	57	43	25	69	36	22	17	11
	39	66	47	44	24	78	46	32	16	1
	49	75	48	45	23	88	35	43	6	0
	38	85	58	34	22	97	25	44	5	10
	29	94	69	33	32	96	24	53	4	20
	18	93	78	43	31	95	14	63	3	30
	17	92	88	53	21	94	4	72	2	40
	16	91	97	63	11	93	3	62	1	50
	15	81	96	52	12	92	2	51	0	60
	25	70	86	42	13	91	3	50	10	61
	24	71	75	31	23	81	4	41	20	62
	34	82	65	21	22	80	5	30	10	72
	45	83	54	11	32	90	15	20	1	73
	55	84	53	2	33	91	26	10	0	64
	66	74	44	12	34	82	27	21	1	63
	76	64	43	13	35	72	28	31	2	52
	87	65	42	14	26	62	18	32	12	51
	77	75	41	5	27	61	9	23	13	50
	68	76	40	6	28	60	8	24	14	51
	57	77	30	7	29	70	17	25	5	52
	56	68	20	16	19	81	18	26	6	53
	67	57	10	15	9	71	28	36	5	54
	66	47	1	14	8	82	37	46	4	55
	75	48	2	13	7	92	36	45	3	65
	85	38	11	12	16	93	46	34	4	74
	95	39	22	23	15	84	45	33	5	73
	94	49	21	32	25	83	54	44	6	63
	93	58	31	43	34	72	64	53	7	62
	92	59	42	52	45	71	73	63	17	61
	83	69	41	62	46	70	84	72	27	50
	82	78	40	71	36	80	85	73	37	60
	81	79	30	70	47	90	86	74	38	61
	91	89	20	80	48	81	96	75	29	51
	92	88	10	70	38	82	97	86	39	42
	93	98	0	60	49	83	87	96	29	32
	94	99	1	50	58	73	76	95	28	23
	84	89	2	40	57	74	77	85	18	24
	83	78	3	30	56	65	68	75	19	25
	72	69	4	20	55	66	57	76	9	35
	63	58	5	10	54	67	56	77	8	26
	64	57	6	0	44	68	46	88	7	27
	65	47	16	1	33	78	35	98	17	28
	55	46	26	2	24	79	25	97	18	29
	54	35	15	3	14	89	34	87	19	38
	44	45	5	4	13	98	33	86	9	49
	43	46	6	3	12	88	23	75	8	58
	32	36	7	2	11	97	22	74	18	57
	31	27	8	1	21	87	23	64	29	56
	42	37	18	10	30	86	24	53	38	55
	52	48	29	21	41	96	25	43	39	45
	51	49	28	22	42	95	26	33	38	34
	62	59	17	31	32	94	27	24	37	25
	71	69	16	30	33	93	36	14	47	26
	81	79	15	40	24	92	35	5	56	25
	70	89	6	50	13	82	46	4	66	34
	60	88	7	61	3	71	56	14	75	44
	70	87	8	51	12	72	66	25	86	54
	80	96	18	42	2	73	75	35	85	65
	90	95	29	52	11	84	76	46	94	74
	91	86	19	63	1	83	77	56	93	64
	82	76	9	53	0	92	67	66	84	54
	81	75	18	43	10	91	68	55	73	45
	71	74	28	32	20	90	78	65	63	34
	62	73	38	23	30	80	69	64	53	33
	63	83	48	12	40	70	58	54	43	24
	64	93	57	3	50	61	49	44	32	13
	53	92	47	2	41	51	39	43	23	4
	52	91	37	11	42	62	29	32	12	5
	63	90	27	1	31	72	18	23	22	6
	73	80	17	0	21	83	8	33	11	7
	84	81	16	10	20	93	9	34	1	6
	85	70	26	21	30	94	19	25	2	15
	75	61	36	31	40	95	29	14	3	5
	86	62	35	42	50	96	28	24	4	6
	87	71	46	43	60	97	38	13	5	7
	88	82	56	33	70	98	48	3	6	8
	78	72	66	34	81	89	58	2	7	9
	68	63	75	25	82	79	59	1	8	19
	57	52	85	14	72	69	49	0	9	29
	47	42	95	5	83	58	39	10	18	28
	36	31	86	6	93	48	29	21	17	38
	26	30	76	7	84	49	19	20	27	37
	35	40	67	8	85	59	9	10	16	47
	45	50	68	17	74	69	18	11	15	46
	55	60	77	27	65	78	29	12	25	56
	66	70	87	36	54	88	28	22	35	67
	76	80	96	46	44	98	37	32	45	77
	75	90	97	55	53	99	36	43	34	87
	86	91	98	54	64	89	35	33	24	88
	95	92	97	65	73	79	45	23	13	78
	94	83	96	66	63	69	44	12	4	68
	93	73	95	67	62	58	53	3	14	57
	92	64	94	56	51	48	52	4	5	47
	91	53	93	46	41	38	42	13	6	37
	90	43	92	35	40	29	31	24	7	28
	80	32	91	34	50	39	21	25	8	17
	70	22	90	44	60	49	30	26	9	16
	71	11	80	45	61	59	40	15	19	27
	82	2	70	55	62	69	50	14	18	36
	72	1	60	54	63	78	61	4	29	47
	83	0	70	53	64	77	71	3	39	57
	84	10	81	43	74	76	72	2	49	68
	85	20	82	42	75	86	83	1	59	77
	95	21	92	31	65	96	84	0	69	76
	94	30	93	41	66	87	74	10	78	75
	84	40	83	51	67	97	73	20	77	86
	85	50	72	52	56	98	63	21	87	96
	86	51	62	42	46	99	53	11	88	97
	87	61	52	32	35	89	44	22	98	96
	76	60	42	33	25	79	34	23	88	95
	75	70	32	24	26	69	45	12	78	94
	65	80	23	13	16	58	55	3	68	93
	54	90	12	14	6	48	66	4	57	92
	64	91	3	5	7	38	67	13	56	82
	74	81	2	6	8	29	77	24	47	71
	84	70	1	7	18	28	87	25	37	72
	93	61	0	8	17	27	86	35	36	73
	92	50	10	9	16	26	95	46	47	64
	91	41	20	19	15	35	94	45	48	54
	90	42	30	29	25	34	93	44	49	53
	80	32	31	39	14	33	92	43	59	63
	70	22	21	49	4	23	91	52	69	62
	60	11	10	59	3	12	81	51	79	71
	61	2	1	69	13	23	80	50	89	82
	71	3	0	79	24	32	90	40	98	83
	82	4	10	89	25	42	91	41	97	84
	83	14	20	98	26	31	92	30	87	74
	84	5	21	97	27	22	93	40	77	75
	85	6	11	87	28	12	94	50	76	65
	75	7	2	86	29	3	95	51	66	55
	65	8	1	96	18	4	85	62	67	56
	55	9	0	97	19	5	74	71	68	57
	56	8	10	88	29	6	65	82	78	58
	57	17	20	98	39	7	55	83	69	48
	47	16	30	99	38	6	56	84	58	37
	36	15	40	89	49	5	46	74	48	27
	35	25	50	79	59	14	45	65	57	17
	34	24	51	69	58	13	54	55	67	16
	44	33	42	68	57	23	64	66	77	15
	54	43	52	78	67	32	73	75	76	25
	64	53	63	88	66	31	72	86	87	34
	73	44	62	98	75	41	71	95	96	33
	72	45	61	97	86	30	70	94	87	24
	62	55	60	88	85	21	81	93	77	14
	61	66	50	89	94	22	80	92	68	4
	51	75	41	99	93	11	90	91	58	3
	42	76	31	98	92	12	81	82	49	2
	32	77	21	97	83	13	71	72	39	1
	22	78	11	96	84	23	62	73	29	0
	31	69	12	95	74	33	51	64	18	10
	30	59	2	94	75	43	41	65	28	20
	40	49	3	93	76	52	42	55	17	21
	50	58	4	92	77	53	32	56	8	11
	60	68	5	82	67	54	23	47	9	2
	70	57	6	71	56	65	24	37	19	3
	80	47	7	61	46	75	25	28	29	4
	90	36	8	62	35	74	26	27	38	5
	91	37	9	52	34	84	16	17	48	6
	81	28	18	42	44	73	7	8	49	15
	82	17	19	43	54	63	6	9	39	14
	83	16	29	53	45	64	15	18	38	13
	84	26	28	44	55	54	14	17	48	12
	73	25	27	34	66	65	13	16	58	22
	63	14	26	45	75	74	12	15	69	31
	52	13	35	55	86	85	22	5	79	42
	53	12	45	66	87	95	31	4	89	51
	44	22	55	75	88	96	42	13	98	61
	54	31	66	86	97	87	51	12	99	62
	45	42	75	76	98	77	41	22	89	72
	34	32	65	67	88	78	30	31	79	71
	33	23	64	68	87	69	20	21	89	70
	24	13	73	57	96	59	10	11	98	60
	25	3	83	56	95	49	0	1	97	50
	35	2	92	46	94	39	10	11	96	40
