	84	1	73	46	82	80	74	85	24	44
	94	2	63	35	71	81	65	75	13	33
	95	3	52	25	61	90	54	66	4	23
	96	12	42	14	50	91	44	55	5	13
	87	11	31	15	40	92	33	45	6	24
	76	10	21	16	30	83	32	34	7	23
	66	20	22	17	41	72	31	24	8	13
	55	30	12	18	51	62	42	25	9	3
	45	40	2	19	52	63	43	15	8	4
	34	41	1	29	53	64	44	6	7	5
	35	50	0	28	54	73	33	16	17	14
	26	51	10	27	44	84	24	15	18	13
	36	61	20	37	43	94	23	14	9	3
	47	60	30	38	42	93	32	24	8	2
	48	50	41	39	42	83	22	33	7	1
	38	40	31	49	41	72	11	23	6	0
	29	30	21	58	51	62	1	32	15	10
	18	20	11	57	52	71	2	22	14	0
	17	10	12	67	63	70	3	23	13	1
	16	11	22	68	64	80	4	24	14	2
	26	21	31	69	74	81	5	25	15	3
	35	30	42	58	85	82	6	34	16	4
	46	40	52	48	75	72	7	45	27	5
	56	50	62	37	86	72	8	55	28	6
	57	51	63	36	96	73	9	65	38	15
	58	62	64	46	87	74	19	75	37	14
	59	71	65	56	76	85	29	86	36	13
	49	70	66	55	67	95	28	96	35	24
	48	61	75	45	77	94	27	97	34	25
	37	50	74	46	78	84	36	88	44	26
	27	40	73	47	79	93	35	89	53	16
	17	41	72	57	69	92	45	99	54	7
	18	42	62	67	59	91	55	98	44	8
	9	43	61	76	49	90	65	97	33	7
	19	32	60	66	39	80	75	87	23	6
	29	22	50	56	38	70	85	76	12	5
	28	21	40	46	48	60	84	75	13	4
	27	30	41	47	57	50	83	74	3	14
	26	20	51	37	68	61	92	84	2	15
	25	10	62	28	58	71	91	83	1	16
	24	0	52	27	69	81	90	92	11	17
	34	1	63	36	78	82	80	91	22	8
	35	11	64	47	77	72	70	92	12	18
	36	21	65	48	87	63	60	93	13	9
	26	30	55	58	86	52	50	94	14	19
	16	40	54	68	85	53	41	95	15	29
	17	30	64	77	75	44	31	96	6	39
	8	20	63	87	65	34	42	97	7	49
	18	10	62	88	64	24	52	98	16	58
	9	0	61	78	63	13	43	89	15	68
	8	1	51	69	52	3	44	79	14	67
	17	11	50	58	43	2	34	89	13	66
	27	21	60	48	44	12	24	99	23	55
	26	30	70	38	34	22	33	98	32	45
	25	40	61	37	35	21	43	97	31	46
	15	50	62	28	36	30	53	96	41	56
	5	60	71	17	37	20	54	86	42	57
	4	70	81	7	38	10	45	75	52	47
	3	80	90	16	28	11	46	65	53	37
	13	81	91	27	29	12	47	54	64	48
	14	71	82	37	19	2	56	45	73	49
	25	61	72	48	18	1	67	46	83	59
	26	50	62	57	9	0	76	56	84	69
	36	40	63	67	8	10	86	66	74	79
	37	30	52	76	7	21	85	55	75	89
	47	31	51	77	6	11	94	65	86	78
	48	42	61	87	5	12	93	74	95	88
	38	52	50	76	4	13	92	73	94	98
	28	53	51	67	14	23	91	72	93	99
	27	43	62	57	24	32	90	71	92	89
	26	42	63	47	23	33	80	70	91	79
	16	41	53	48	22	44	81	60	90	69
	7	40	54	58	21	34	82	61	91	68
	8	50	64	49	20	25	83	51	92	77
	9	41	65	39	10	14	84	52	93	78
	18	30	64	29	1	13	85	63	94	88
	17	20	64	19	2	3	75	73	95	97
	27	10	63	29	11	12	66	83	96	87
	26	21	62	38	22	23	56	82	86	76
	15	30	72	48	31	32	47	81	75	66
	5	40	82	37	42	43	46	91	65	56
	4	50	92	36	52	33	35	90	54	55
	3	60	93	26	62	24	25	80	44	45
	2	70	84	15	72	13	34	81	33	35
	12	71	73	5	82	4	25	91	23	46
	13	61	63	6	92	14	15	90	22	47
	24	50	62	16	93	4	26	80	11	57
	25	40	71	27	84	3	36	70	1	67
	35	41	61	37	73	2	47	60	0	68
	26	51	50	48	63	1	57	70	10	69
	16	42	40	58	62	11	67	81	20	59
	6	32	30	49	61	12	68	82	21	69
	7	33	41	39	51	13	57	83	31	79
	8	43	42	29	52	24	47	92	32	89
	9	53	31	28	63	33	36	93	23	99
	18	64	22	38	72	44	26	94	12	98
	28	53	11	48	83	54	35	85	3	88
	27	52	21	47	82	65	45	74	4	97
	26	51	30	56	81	55	54	75	5	87
	36	50	41	66	91	45	44	76	6	77
	47	40	51	67	90	34	43	86	7	78
	37	30	62	77	80	24	32	95	8	68
	38	20	72	67	70	13	22	96	9	57
	29	10	83	56	71	14	23	97	18	58
	28	0	82	46	62	5	24	98	17	59
	27	1	81	47	61	6	25	89	16	49
	26	11	90	48	60	15	25	78	7	39
	35	21	91	37	50	14	34	68	8	29
	46	30	82	27	40	13	33	57	9	18
	55	31	71	16	41	12	44	58	19	28
	66	32	61	6	51	2	53	59	29	37
	67	43	62	5	42	1	52	49	38	48
	57	33	63	15	31	0	53	39	28	47
	57	23	73	26	22	10	64	29	17	56
	47	32	84	36	12	11	65	18	16	46
	37	42	93	35	3	12	66	17	15	45
	27	41	94	25	4	13	67	16	26	54
	28	40	84	14	5	24	57	7	36	53
	38	50	83	15	6	34	48	8	46	52
	49	60	72	26	7	44	58	9	55	42
	59	70	62	36	8	54	69	19	65	31
	58	80	71	47	9	64	79	29	74	21
	57	81	70	48	19	53	89	38	73	10
	68	71	61	37	29	43	88	39	84	0
	77	71	51	27	18	32	78	49	83	1
	67	61	52	17	28	22	69	59	72	2
	56	50	62	16	38	11	79	58	63	3
	46	40	71	15	49	12	89	57	53	4
	35	30	82	26	59	13	98	56	43	14
	34	20	91	36	69	23	88	55	33	15
	45	10	90	47	68	24	77	54	44	6
	46	0	80	48	67	25	68	65	53	7
	36	1	70	49	76	15	58	75	64	8
	47	11	60	39	86	5	57	85	65	9
	36	21	61	29	87	4	56	95	75	19
	26	30	62	18	96	13	66	94	76	9
	25	40	51	28	95	3	55	93	86	8
	24	41	42	37	94	2	45	92	85	17
	13	31	32	48	93	1	35	91	74	27
	3	22	23	57	92	10	25	90	73	37
	2	12	13	56	91	20	24	80	84	28
	3	11	23	55	90	10	14	70	93	38
	4	21	33	45	80	0	5	60	92	48
	14	30	43	34	70	1	6	50	82	57
	15	40	52	35	60	2	7	41	71	56
	26	50	62	46	61	3	8	51	70	55
	27	41	72	36	71	13	9	42	81	54
	16	31	63	47	82	14	18	32	91	44
	6	22	53	48	83	15	17	23	90	33
	7	12	44	49	73	25	16	13	80	24
	8	3	34	59	63	35	26	4	70	14
	17	2	45	69	53	46	36	5	60	15
	27	11	54	68	44	35	47	6	50	26
	37	21	64	77	43	25	48	7	41	16
	28	30	63	67	52	24	49	8	42	17
	29	40	62	57	51	13	39	7	31	18
	19	50	61	48	41	23	38	6	21	9
	29	60	71	58	31	32	37	15	20	8
	28	70	81	59	22	33	36	14	10	7
	27	80	82	69	12	34	26	13	11	6
	16	90	92	78	3	45	25	4	1	15
	17	81	83	79	2	34	24	5	0	14
	18	71	72	69	1	34	13	6	10	25
	9	61	62	58	11	35	12	7	21	26
	19	50	63	48	22	46	23	17	30	36
	29	40	73	47	32	45	33	16	41	37
	28	50	74	56	43	34	44	15	42	38
	27	51	65	55	53	24	54	14	52	49
	16	62	66	46	64	13	45	4	63	39
	26	71	65	35	73	3	34	5	72	29
	15	70	64	36	84	2	24	6	82	18
	25	60	63	47	85	1	14	7	91	8
	26	50	62	48	75	0	13	17	92	9
	36	40	52	49	76	10	3	28	93	19
	47	30	53	39	77	11	2	37	84	29
	57	20	43	38	67	21	12	48	85	28
	68	10	42	49	66	31	22	58	75	27
	78	1	32	59	56	41	23	69	86	16
	88	0	43	49	55	30	33	79	87	6
	77	10	52	39	54	21	44	89	96	5
	67	20	62	29	45	11	34	88	95	4
	56	30	61	38	46	12	35	87	94	3
	47	40	51	48	36	13	25	86	93	2
	47	50	41	37	27	23	15	95	83	1
	36	60	31	28	16	33	5	94	73	0
	26	70	22	18	6	32	4	93	74	10
	27	80	31	8	5	42	13	83	65	20
	16	81	41	7	4	43	24	82	54	30
	6	71	51	17	13	33	14	91	44	21
	5	61	62	28	3	24	25	90	45	11
	4	50	72	38	2	34	26	80	46	12
	14	40	73	48	1	45	35	70	56	23
	25	30	64	57	0	55	46	71	47	33
	26	21	54	58	10	66	36	72	37	43
	15	22	44	68	11	55	27	63	28	53
	16	23	43	69	12	45	17	52	29	64
	7	33	43	79	13	34	18	42	19	74
	8	32	52	69	24	34	9	31	29	65
	17	42	62	58	14	25	18	41	39	66
	27	42	51	48	15	26	28	40	49	75
