	75	21	41	52	39	64	79	11	57	70
	65	10	30	42	29	53	78	1	47	60
	54	0	20	31	18	43	68	2	36	50
	44	10	21	22	8	32	57	3	26	40
	33	11	30	12	7	23	47	4	15	41
	24	2	31	3	6	13	36	5	14	51
	25	1	32	4	15	12	26	6	24	61
	34	0	23	5	16	22	27	7	33	71
	35	10	13	6	17	21	28	8	43	72
	45	20	4	7	18	30	37	9	52	63
	46	10	3	8	29	41	38	19	62	73
	55	11	12	9	39	51	48	18	61	83
	56	2	22	8	49	42	58	17	70	72
	66	1	31	7	59	32	69	27	80	62
	67	0	41	16	58	33	79	36	90	51
	56	10	50	26	68	44	89	35	91	52
	46	21	60	25	67	45	88	34	82	53
	35	31	70	24	56	44	77	33	83	64
	36	42	80	14	46	43	67	23	84	74
	47	41	90	15	35	42	56	13	93	85
	57	50	81	5	36	52	55	14	94	86
	58	60	71	6	37	53	56	4	85	75
	48	70	61	7	38	64	57	3	95	65
	49	80	62	17	39	54	68	2	96	55
	59	90	52	28	29	45	78	12	87	66
	69	91	53	18	19	35	79	23	76	67
	58	92	43	9	29	34	89	33	77	56
	57	82	42	8	39	44	98	32	68	46
	56	72	41	7	38	43	88	22	78	45
	46	62	40	16	37	42	97	11	69	44
	35	51	30	27	47	41	96	1	59	43
	26	50	20	36	56	31	86	0	49	42
	25	40	10	47	66	22	75	1	38	52
	34	30	21	37	65	11	66	2	28	63
	45	31	20	48	55	12	56	3	17	73
	44	41	10	58	46	13	57	4	18	83
	33	42	0	68	35	24	67	14	29	84
	34	52	10	77	36	23	76	25	39	73
	35	63	21	87	37	32	86	25	49	72
	46	64	31	88	38	42	85	15	48	71
	56	74	41	89	28	42	84	5	58	81
	67	75	51	99	27	52	94	6	57	70
	76	65	61	89	16	63	85	7	68	71
	87	54	60	79	26	64	75	8	77	82
	88	53	50	69	36	73	65	9	78	91
	89	43	40	59	37	83	54	18	68	90
	88	44	30	58	38	93	55	17	57	80
	77	43	41	49	39	83	56	27	47	70
	67	42	31	48	29	72	66	26	36	61
	56	32	22	47	19	62	76	35	37	50
	46	33	11	57	9	51	86	45	28	41
	55	34	1	58	8	42	96	44	29	40
	65	24	2	69	17	43	97	53	19	30
	64	13	3	79	18	52	87	63	9	20
	74	12	3	78	28	62	77	73	8	10
	84	22	12	89	38	71	68	83	18	1
	74	31	22	98	39	81	58	72	29	2
	65	41	31	99	49	70	59	62	19	12
	54	51	21	89	48	61	69	52	9	22
	45	50	11	79	47	60	78	42	8	23
	35	40	10	89	46	70	88	32	7	33
	25	30	0	98	56	80	97	32	6	34
	14	20	1	99	66	90	96	33	5	44
	15	10	2	89	55	91	86	24	4	53
	16	21	12	78	45	92	75	14	5	43
	27	31	22	68	34	82	65	15	6	42
	26	41	31	58	35	71	54	16	7	42
	36	51	32	48	35	62	55	17	8	52
	37	61	23	47	36	63	56	28	18	53
	38	50	24	57	37	64	67	29	18	54
	39	60	14	58	38	73	76	19	29	55
	49	70	5	59	48	83	87	9	28	56
	58	81	6	69	47	93	77	8	27	66
	68	71	15	79	46	83	67	7	26	65
	78	62	25	89	45	72	66	6	16	64
	88	51	34	98	44	62	75	5	17	63
	97	41	33	99	53	51	85	14	18	52
	87	40	43	89	54	42	74	25	29	62
	76	30	32	79	45	31	64	35	39	61
	66	20	22	69	55	21	53	36	49	50
	75	10	11	58	46	30	54	37	59	40
	74	0	1	57	36	41	55	38	49	50
	84	10	2	47	37	51	56	48	39	60
	85	21	12	46	28	52	67	58	29	70
	86	31	22	35	27	63	77	68	19	80
	76	41	31	26	16	73	78	69	9	90
	67	50	42	15	7	74	88	58	8	91
	56	61	51	16	6	75	98	57	17	92
	46	60	62	27	5	65	97	47	18	82
	35	70	71	37	4	54	96	36	29	72
	26	80	81	38	14	44	86	46	39	73
	27	90	91	49	25	43	75	45	29	74
	28	81	92	59	35	42	65	34	19	64
	17	71	83	58	36	41	54	24	9	63
	8	61	72	48	37	31	55	13	18	52
	7	50	62	57	28	32	56	3	29	42
	6	41	51	68	38	23	66	2	39	43
	15	30	52	77	49	13	76	1	29	33
	25	20	43	87	58	4	67	0	19	23
	35	10	32	88	68	5	56	1	9	13
	34	11	23	78	77	14	57	2	8	24
	45	12	22	79	67	15	58	3	7	33
	55	13	21	89	56	16	69	4	6	44
	46	14	31	99	47	26	79	5	7	43
	36	24	41	98	37	35	89	6	17	42
	27	33	40	97	38	34	88	16	18	51
	17	43	50	96	39	44	87	15	29	61
	18	42	60	95	49	43	86	25	28	70
	19	41	61	85	58	42	75	34	37	80
	9	40	71	74	69	31	65	44	48	90
	8	50	82	64	79	21	54	53	58	91
	7	60	72	64	89	30	55	43	69	92
	16	70	62	53	98	40	56	33	79	83
	26	80	51	54	88	50	57	34	69	72
	35	81	52	55	77	41	58	34	59	62
	45	71	42	56	68	31	49	24	59	51
	55	62	32	57	58	22	39	23	49	61
	66	63	43	48	58	11	38	12	59	60
	56	53	44	47	69	1	29	2	49	70
	67	64	45	46	78	0	19	3	38	80
	76	73	35	36	89	10	9	4	29	90
	66	72	34	27	99	20	8	14	19	81
	56	62	33	17	98	30	7	25	9	71
	46	51	32	28	88	41	6	35	18	61
	36	50	42	37	77	40	16	26	29	60
	47	41	42	48	67	30	27	15	39	70
	57	31	52	58	56	21	37	5	49	80
	68	22	43	69	46	11	48	4	59	90
	78	23	44	79	35	12	58	13	49	91
	89	24	54	69	36	2	57	3	38	82
	88	34	65	58	37	1	56	4	39	72
	77	44	74	48	38	0	55	14	29	62
	67	43	64	47	28	10	65	25	19	51
	56	42	63	57	17	20	75	35	9	41
	55	52	62	68	8	30	85	45	18	50
	65	53	71	58	7	41	74	54	29	61
	66	44	81	49	6	51	84	64	39	60
	76	33	70	59	16	52	73	63	38	50
	86	32	60	69	27	43	64	72	37	40
	87	31	50	79	26	42	54	83	36	30
	77	21	40	78	15	41	55	93	35	20
	67	11	30	89	5	51	56	84	34	10
	67	22	21	79	4	62	57	74	24	20
	56	12	31	69	14	72	58	65	25	10
	46	13	41	68	15	73	48	55	35	1
	47	23	51	77	16	83	37	45	36	2
	57	24	62	88	17	84	28	35	37	12
	68	33	72	97	18	73	29	26	38	22
	58	43	82	96	18	74	19	15	39	31
	49	42	91	95	29	75	9	6	38	41
	59	51	90	85	28	76	18	16	48	50
	69	62	81	75	27	66	8	7	47	61
	58	72	71	65	26	55	17	6	56	70
	48	63	82	54	35	45	27	15	67	80
	47	53	92	44	34	45	36	25	77	90
	46	52	93	33	24	55	35	14	68	91
	56	42	83	34	25	54	26	5	58	92
	67	41	72	35	25	53	16	4	49	82
	77	40	62	36	26	52	7	3	39	71
	87	30	51	37	27	42	17	13	29	61
	86	21	41	48	28	42	27	14	18	50
	96	11	40	58	38	32	37	25	19	60
	87	10	30	57	48	23	47	35	9	70
	76	0	20	56	49	13	46	36	8	81
	66	10	21	67	59	4	45	26	7	80
	55	1	22	68	49	14	54	15	17	90
	65	2	23	78	39	24	64	6	28	91
	74	12	32	79	29	33	73	5	38	92
	84	22	31	69	18	43	63	4	37	83
	74	22	41	58	19	42	52	14	36	72
	64	31	51	59	9	32	53	25	35	62
	54	30	52	49	8	23	53	24	45	63
	44	40	43	39	7	13	54	34	46	73
	33	50	32	29	17	3	55	35	36	84
	23	60	22	19	28	2	56	26	37	85
	13	70	11	9	38	1	57	16	37	94
	3	71	21	18	39	0	58	27	38	95
	4	62	30	28	49	10	68	17	48	85
	14	51	41	38	58	20	69	8	57	74
	25	61	42	48	59	30	78	7	47	64
	35	50	31	37	49	41	77	16	56	53
	46	40	32	36	39	51	88	26	66	43
	56	30	33	27	29	52	89	15	75	44
	66	31	24	28	18	63	79	6	65	45
	76	42	14	17	19	73	69	5	54	46
	77	52	13	27	9	83	58	4	45	35
	87	63	12	37	8	82	59	3	34	26
	76	62	2	48	17	72	49	13	35	25
	67	51	11	57	28	62	39	24	36	34
	56	41	22	68	38	51	29	23	37	33
	46	50	31	78	48	61	18	32	47	43
	55	60	41	88	58	70	19	42	57	43
	65	61	40	77	68	80	29	52	56	53
	74	71	30	87	69	81	39	63	55	64
	65	82	21	97	79	90	49	52	66	73
	54	91	10	96	69	80	58	43	56	72
	44	92	1	86	59	70	48	33	46	82
	34	93	0	95	49	61	37	33	35	83
	45	84	10	85	38	51	27	34	36	73
	55	83	20	75	28	41	16	25	26	63
