	27	87	94	70	58	30	25	72	22	67
	16	76	85	60	48	20	14	62	11	56
	6	66	74	50	37	10	4	51	1	46
	5	55	64	40	27	0	3	41	2	35
	4	45	53	30	16	1	12	31	11	25
	3	34	43	20	6	10	23	21	22	14
	2	24	32	30	5	0	33	31	12	4
	1	13	42	41	15	10	44	21	11	3
	2	12	52	50	26	20	54	22	10	4
	11	23	63	61	36	30	65	31	0	14
	22	32	73	71	47	41	75	42	1	15
	31	43	83	81	57	50	86	52	2	26
	42	44	82	90	68	61	95	63	3	36
	52	54	71	91	78	70	96	73	13	47
	63	65	81	82	79	80	97	83	14	57
	73	75	90	92	89	70	88	93	15	68
	83	86	91	82	99	60	98	84	26	78
	72	95	81	71	89	50	97	94	35	79
	62	96	70	61	88	51	87	85	36	69
	52	86	60	50	77	41	76	74	37	59
	53	85	70	40	67	30	66	64	28	49
	43	74	80	41	56	20	55	54	17	38
	33	64	90	31	46	21	45	44	8	28
	34	53	91	32	35	10	54	43	7	17
	25	63	92	23	26	0	65	42	16	18
	24	73	93	13	27	1	75	51	6	9
	14	83	94	4	36	2	86	62	5	19
	15	92	85	3	47	12	95	63	6	29
	16	93	84	13	48	11	96	73	7	39
	27	83	74	23	58	22	97	72	8	49
	36	82	64	33	57	31	98	71	9	59
	47	81	53	44	68	30	99	61	18	69
	48	80	52	45	78	20	89	50	19	79
	58	70	43	55	88	21	98	60	29	69
	59	71	32	66	87	10	97	61	39	68
	49	62	31	76	77	0	96	51	38	67
	48	52	30	75	78	1	86	41	37	56
	57	43	20	65	89	2	85	40	28	46
	67	33	21	54	99	3	94	50	17	35
	76	23	10	64	98	4	95	60	16	34
	77	12	0	63	88	5	96	70	26	25
	87	2	1	72	97	15	86	81	27	24
	76	3	11	71	96	16	75	90	36	14
	66	4	22	61	86	27	65	91	47	5
	56	13	32	50	75	17	54	92	57	6
	55	23	42	40	65	8	64	93	58	15
	54	22	31	30	74	7	63	94	69	16
	64	21	41	20	73	17	52	85	79	26
	63	10	51	30	72	18	42	75	78	36
	52	0	62	41	71	9	43	65	68	47
	53	1	61	51	82	19	44	54	67	57
	64	2	70	50	83	29	45	55	77	48
	74	12	80	60	92	39	46	66	88	49
	84	3	81	70	91	38	35	67	89	59
	83	4	90	71	82	37	34	68	99	58
	93	14	80	72	92	28	33	77	98	69
	94	15	70	73	91	27	24	88	97	79
	95	6	71	63	90	16	25	87	96	89
	86	5	72	52	80	7	15	76	97	99
	85	4	73	42	70	8	26	75	98	89
	74	13	84	32	61	17	36	65	88	78
	64	23	83	33	62	18	47	54	77	68
	63	22	82	43	72	9	56	44	76	57
	52	11	81	53	71	19	55	45	86	48
	51	21	80	54	70	29	46	35	85	49
	41	30	90	55	60	39	36	34	75	59
	40	31	91	56	50	49	37	24	65	58
	30	42	92	47	61	38	48	14	54	69
	20	32	93	57	62	28	37	4	44	79
	10	23	94	67	63	27	36	3	33	89
	0	12	95	66	73	16	26	2	34	99
	1	13	96	76	84	6	25	11	45	98
	10	4	97	87	93	5	34	22	55	88
	21	14	96	86	92	15	24	31	46	78
	30	25	95	75	91	16	23	41	35	68
	20	26	85	74	90	7	22	51	36	77
	10	27	84	73	80	8	11	61	47	67
	0	17	83	64	81	18	2	62	57	56
	1	28	72	65	82	9	3	63	58	66
	2	29	71	54	92	19	4	64	59	76
	3	39	70	53	93	18	13	74	49	87
	12	38	60	43	94	8	24	75	48	88
	23	37	50	52	95	7	33	76	47	89
	32	36	40	42	86	6	43	87	46	79
	31	35	30	41	96	5	44	88	45	69
	21	34	20	51	97	4	54	89	55	59
	22	44	10	61	98	3	65	79	56	49
	11	43	0	62	89	2	75	69	67	39
	10	42	1	63	79	12	76	58	68	29
	20	31	2	73	69	13	87	59	78	18
	30	21	12	74	68	14	88	49	77	8
	40	22	13	75	57	15	97	39	67	7
	50	12	14	76	48	25	96	29	66	16
	51	13	24	86	49	34	95	18	55	6
	61	23	33	85	39	45	94	8	46	5
	62	32	44	84	29	35	93	7	47	4
	63	43	54	83	18	26	92	6	48	3
	73	53	55	82	8	16	91	5	49	2
	74	63	56	81	7	17	90	14	39	1
	65	62	57	80	6	28	91	15	29	0
	55	71	58	70	5	27	92	25	19	10
	54	72	49	60	4	37	93	24	9	11
	53	73	38	50	3	36	94	23	18	12
	52	64	28	40	13	46	95	33	8	22
	43	54	17	30	23	56	96	32	7	31
	44	45	27	20	22	57	87	42	6	41
	34	46	36	21	31	58	88	51	5	50
	35	47	37	10	41	69	98	61	4	60
	36	48	38	1	42	79	89	62	3	70
	27	57	39	2	51	78	99	72	12	80
	28	68	29	11	61	77	98	83	13	81
	18	67	19	22	62	76	97	84	14	82
	9	66	29	32	72	75	96	85	15	83
	8	65	38	42	73	86	95	74	26	84
	7	55	49	51	63	87	94	64	27	93
	16	54	59	41	53	88	85	65	36	92
	26	44	69	30	52	89	75	66	35	91
	25	34	68	20	43	79	76	56	45	90
	24	33	67	21	32	69	87	46	55	80
	23	44	66	31	22	59	88	47	65	70
	12	53	76	42	11	49	89	37	74	71
	3	63	87	51	10	39	79	38	73	61
	4	62	88	50	0	29	69	48	72	60
	5	71	89	40	1	28	59	58	82	70
	6	81	79	30	2	17	49	57	91	80
	15	90	78	20	3	18	38	68	92	70
	14	80	77	10	4	19	28	67	83	61
	13	70	76	0	5	9	17	56	84	51
	24	61	86	1	6	8	18	46	94	41
	25	51	96	2	7	17	29	36	95	40
	35	41	97	3	16	27	39	26	85	30
	45	31	98	4	15	37	49	25	75	20
	54	21	99	5	14	47	59	34	65	10
	64	11	89	6	13	48	69	44	55	0
	53	1	88	7	23	58	68	54	66	10
	52	2	87	8	33	57	78	55	67	20
	43	3	77	9	44	56	88	66	76	30
	32	4	68	19	45	46	97	75	86	40
	31	5	69	29	35	36	96	74	95	50
	21	6	79	39	26	27	87	73	94	60
	20	7	89	49	16	28	88	63	93	70
	30	8	98	59	17	38	78	52	92	80
	41	9	99	69	28	29	77	42	82	81
	50	19	89	58	18	39	67	51	72	71
	40	29	78	48	17	49	57	61	62	70
	30	39	77	37	27	59	47	60	63	80
	20	49	67	36	26	69	56	50	64	90
	10	59	66	46	25	78	55	40	65	91
	0	69	76	45	24	77	54	30	75	92
	1	78	86	34	14	68	53	31	85	83
	2	79	96	24	4	58	44	22	84	73
	3	89	97	25	13	48	34	12	74	72
	4	88	87	15	23	38	33	11	64	82
	5	98	76	14	32	28	43	21	53	81
	6	99	67	24	42	18	52	20	63	80
	7	89	57	23	41	8	51	30	72	70
	16	78	58	33	50	9	61	40	82	60
	17	69	59	43	51	19	71	30	81	70
	27	68	49	32	62	29	72	31	90	80
	37	77	38	22	63	39	83	21	91	81
	47	87	48	12	73	49	93	10	92	82
	36	86	57	2	83	59	94	0	91	71
	35	95	56	1	93	58	85	10	90	61
	26	96	46	11	94	68	75	20	80	50
	25	97	35	21	95	77	66	30	70	41
	24	88	45	31	96	87	56	40	60	42
	23	98	55	32	86	76	47	50	61	52
	13	99	65	33	75	66	36	51	62	53
	4	89	54	44	74	67	26	52	63	64
	3	79	45	34	84	57	15	53	72	73
	12	78	46	25	83	47	5	54	82	74
	22	69	36	15	92	37	6	45	81	85
	11	59	27	14	91	28	7	34	80	94
	2	49	16	4	81	18	8	25	90	93
	1	38	15	3	71	9	17	14	80	92
	0	28	5	13	70	19	16	4	81	82
	10	18	6	12	60	29	26	3	91	72
	20	17	7	22	50	39	35	2	90	62
	30	27	16	11	41	49	34	1	80	61
	21	26	15	10	42	48	24	0	70	60
	31	35	25	20	43	58	13	1	71	50
	42	46	24	30	32	68	12	2	82	41
	51	56	13	40	23	77	3	11	83	31
	52	55	14	50	33	87	4	22	73	21
	63	65	5	51	44	97	3	23	64	20
	53	66	6	52	54	96	12	33	74	30
	43	76	7	62	55	95	22	44	75	40
	42	77	8	72	56	85	11	45	86	50
	41	68	9	71	66	84	10	55	87	51
	31	58	19	81	67	94	20	65	88	62
	32	48	29	80	57	93	30	75	89	72
	22	47	39	90	56	92	40	74	79	71
	12	37	49	91	46	82	50	85	69	81
	3	36	48	92	35	83	51	86	59	70
	4	27	37	93	34	73	52	76	49	61
	14	28	38	84	25	64	53	67	39	60
	5	18	29	73	15	65	63	57	49	50
	6	17	19	74	16	55	62	47	58	40
	7	8	9	65	26	45	61	37	68	30
	16	18	19	55	35	34	60	27	78	20
