	68	53	50	23	78	79	12	84	13	95
	57	43	40	24	88	89	2	73	3	85
	47	32	30	14	87	98	1	63	4	74
	36	22	20	5	76	97	0	52	13	64
	26	11	10	6	66	87	1	42	12	53
	15	21	20	7	55	76	2	31	23	43
	5	30	10	8	45	66	12	41	33	32
	15	40	0	9	34	55	13	51	44	43
	26	50	1	18	25	45	14	62	54	53
	16	51	2	17	35	46	24	71	65	64
	27	62	3	28	36	56	23	70	75	74
	37	71	4	29	47	67	22	60	86	85
	48	70	5	18	56	77	31	61	95	85
	58	80	6	17	67	68	41	50	94	84
	49	81	7	16	57	69	42	40	93	73
	38	82	8	15	47	59	32	30	83	63
	29	91	9	14	46	49	23	20	92	52
	19	90	18	24	55	38	12	10	93	42
	29	80	28	13	65	39	12	0	84	31
	38	70	27	3	75	49	11	10	85	32
	48	71	26	2	76	58	21	1	95	43
	57	72	15	12	87	68	22	0	96	53
	47	73	14	23	88	78	31	10	97	64
	46	74	24	13	89	79	21	20	98	64
	55	65	33	4	99	69	11	30	88	74
	66	54	43	5	89	59	12	41	77	85
	76	44	52	6	78	49	13	51	67	95
	86	33	53	7	77	39	14	61	56	96
	75	23	44	17	67	49	25	62	66	87
	65	12	34	16	68	58	26	63	55	97
	54	2	25	27	57	48	35	53	45	98
	55	1	15	36	47	37	46	44	34	99
	56	0	14	26	48	28	45	33	24	89
	57	10	4	15	38	18	44	32	23	88
	68	11	3	14	28	8	33	42	22	87
	69	21	2	24	18	9	23	51	32	96
	59	31	1	13	29	19	12	61	43	95
	49	42	0	3	39	29	2	50	53	94
	58	41	10	4	38	28	1	40	64	93
	68	30	21	5	37	17	11	50	74	83
	78	20	22	6	27	7	12	60	85	82
	79	10	32	15	36	16	23	70	95	71
	89	11	22	14	47	27	13	80	94	81
	98	2	12	25	57	36	24	70	84	91
	97	3	13	35	68	47	34	61	73	92
	87	4	14	36	78	57	45	62	72	93
	76	5	25	27	79	68	54	52	63	94
	66	6	35	37	89	78	64	51	53	95
	67	7	46	47	88	77	65	42	64	85
	56	8	55	48	98	68	54	32	74	75
	57	9	45	58	99	69	44	22	84	66
	68	18	34	49	89	59	33	31	83	67
	69	17	24	39	79	58	23	41	82	76
	78	16	14	29	89	48	12	50	71	86
	88	15	5	18	98	38	13	61	72	95
	97	26	4	17	99	29	14	60	73	96
	87	36	3	16	89	18	25	70	74	86
	77	27	2	15	79	8	26	71	85	75
	68	28	1	6	69	17	35	82	94	65
	57	37	0	7	59	27	46	91	93	54
	47	48	10	8	49	36	55	90	92	44
	46	58	20	9	39	35	66	81	93	53
	55	68	10	18	38	45	56	70	94	64
	65	67	11	17	29	54	57	61	95	74
	75	76	12	16	19	53	47	62	96	85
	86	87	13	15	29	64	36	72	97	95
	96	88	14	15	39	65	26	73	98	94
	97	78	24	5	49	66	25	63	99	93
	88	89	33	4	58	67	34	52	98	92
	77	79	32	3	68	67	44	43	97	91
	76	69	42	2	57	56	53	52	87	81
	75	68	51	1	47	46	54	62	86	70
	74	77	41	0	37	36	64	61	85	71
	84	67	30	10	28	26	53	50	94	82
	83	66	21	11	18	16	44	40	93	92
	72	56	10	12	9	6	33	30	94	91
	73	47	11	13	19	15	23	21	95	92
	63	37	12	14	29	26	13	22	96	93
	64	48	12	15	38	36	24	31	97	94
	65	58	13	6	49	47	25	42	88	95
	66	68	14	7	58	57	35	51	78	96
	67	69	15	8	59	56	46	61	89	97
	76	79	6	9	49	55	45	60	99	88
	87	89	7	18	39	54	34	70	98	78
	96	88	8	17	29	53	24	80	97	77
	86	87	9	27	28	43	14	90	98	68
	75	76	19	16	37	32	5	91	97	67
	74	66	18	15	48	33	4	82	96	76
	64	55	17	14	57	34	3	71	95	86
	65	45	16	24	68	35	2	61	85	87
	66	44	15	25	77	26	1	62	74	88
	67	54	5	14	78	36	0	52	84	89
	68	65	4	13	69	47	10	43	83	79
	58	66	3	23	59	57	11	32	82	89
	49	67	2	22	69	56	12	31	71	99
	38	76	1	21	68	46	13	41	72	98
	39	75	0	20	57	55	14	50	73	97
	29	85	10	30	47	45	24	61	74	96
	28	94	11	21	46	34	33	51	85	95
	37	84	12	10	35	45	44	42	86	96
	48	73	13	11	26	54	53	52	87	97
	57	63	14	12	27	64	43	62	77	88
	68	72	24	13	37	65	32	61	78	89
	69	62	33	4	48	66	23	60	79	99
	58	63	34	5	57	67	22	70	89	98
	49	64	25	6	56	76	31	80	88	97
	59	65	15	7	55	75	41	90	87	96
	69	74	6	8	46	85	40	91	86	95
	68	84	5	17	36	94	30	92	76	96
	67	93	14	16	47	85	20	82	77	97
	66	92	4	15	57	75	10	71	78	98
	56	83	3	14	68	65	11	61	79	99
	47	73	2	25	77	54	12	50	89	98
	36	63	1	26	76	44	13	40	88	97
	46	64	0	35	75	43	24	30	87	96
	56	65	10	34	74	53	33	20	86	95
	57	54	11	44	85	64	43	21	75	94
	68	45	12	53	84	73	42	22	66	93
	78	55	13	44	74	63	32	23	56	92
	79	66	14	33	65	64	22	32	67	82
	89	66	24	23	65	64	11	43	68	71
	99	67	25	22	66	65	12	52	58	61
	98	68	15	31	67	66	3	51	49	62
	88	58	6	41	57	76	4	50	48	72
	77	59	7	40	47	87	5	60	37	83
	78	69	8	30	36	97	6	70	48	84
	79	68	17	20	27	96	15	80	57	94
	89	67	16	10	28	95	14	90	57	94
	99	56	15	11	18	86	25	91	67	85
	89	46	26	12	29	75	35	81	76	74
	78	45	36	13	39	65	34	71	66	73
	68	54	37	14	49	55	44	61	56	63
	67	53	28	4	58	46	33	62	47	64
	56	43	18	3	68	46	32	72	37	74
	57	44	17	2	69	36	31	63	48	85
	58	45	16	1	59	37	21	64	57	95
	49	46	15	0	69	28	10	65	67	96
	38	47	14	1	79	18	20	54	76	87
	28	57	13	11	89	29	10	53	77	88
	17	68	24	12	98	19	11	52	78	97
	27	58	33	13	89	29	12	51	69	96
	36	49	32	14	78	39	13	61	59	86
	47	48	22	24	68	38	23	50	58	95
	56	37	31	25	67	28	33	40	57	94
	66	27	41	26	76	18	34	30	67	93
	75	16	42	35	86	9	25	21	76	83
	65	26	43	45	95	19	15	20	86	72
	54	36	44	55	94	29	6	10	85	62
	64	47	34	46	84	39	7	21	74	51
	65	57	25	35	73	49	16	31	75	52
	66	68	14	25	63	58	15	42	76	53
	67	77	5	24	64	69	26	51	87	43
	56	88	4	13	65	79	27	61	96	32
	55	98	3	12	66	89	17	60	97	43
	45	99	2	11	75	78	8	70	87	53
	34	89	1	21	86	68	9	71	96	64
	24	78	0	20	95	57	18	62	96	74
	25	68	10	20	85	48	17	63	97	74
	35	57	11	10	75	49	16	64	88	84
	36	48	12	11	65	59	15	63	78	93
	47	49	13	12	66	58	14	62	68	92
	57	38	23	13	67	69	25	61	77	82
	68	28	32	24	76	79	34	50	87	71
	78	17	22	33	86	89	45	40	96	72
	77	27	31	32	95	98	44	30	96	83
	76	37	41	42	94	99	33	21	97	84
	87	47	51	52	85	89	32	20	98	73
	86	57	42	43	74	88	22	10	97	63
	95	68	31	33	64	77	11	21	87	62
	85	58	22	23	65	67	12	30	76	51
	74	49	11	13	66	56	12	40	75	41
	73	39	11	14	55	46	13	50	86	42
	63	29	12	5	54	45	4	61	96	52
	53	18	13	6	44	34	3	60	95	43
	64	8	24	7	33	35	2	70	94	32
	65	17	25	16	34	36	1	80	93	43
	66	28	26	15	35	47	0	81	92	53
	67	38	36	14	46	57	10	90	91	64
	68	48	27	4	47	57	11	80	82	74
	58	49	16	5	37	56	12	70	71	85
	59	39	15	6	27	55	13	61	72	95
	69	29	14	7	16	45	13	62	83	96
	79	19	24	8	17	54	23	72	84	97
	78	9	33	18	28	53	22	83	85	98
	89	8	43	29	38	63	21	84	95	99
	78	7	42	28	49	64	20	73	86	98
	68	16	31	27	58	65	30	74	87	88
	77	26	41	16	57	66	40	73	76	97
	67	36	31	15	56	75	30	72	86	96
	66	47	22	14	55	85	21	71	95	87
	75	57	11	13	45	94	10	61	86	88
	65	68	12	23	54	93	11	51	87	97
	64	69	3	32	44	92	2	41	77	98
	65	59	4	33	45	82	1	30	68	89
	66	49	5	44	46	71	0	20	69	79
	67	48	6	45	47	61	10	21	59	78
	68	37	15	34	36	62	11	31	58	88
	78	38	14	25	35	63	12	42	57	87
	88	49	24	26	46	64	13	51	67	96
	87	58	23	27	56	65	3	61	76	95
