	95	10	33	30	93	25	49	40	15	16
	86	1	23	20	83	14	38	41	5	17
	75	2	12	10	72	4	28	31	6	8
	65	3	11	0	62	13	17	21	7	9
	54	2	22	1	51	24	8	20	16	18
	44	11	32	10	41	34	9	30	27	19
	43	21	42	20	50	35	18	40	36	29
	52	22	51	30	60	45	28	41	37	39
	53	31	61	21	70	46	38	50	47	49
	63	32	71	11	80	55	48	40	56	58
	62	33	81	12	90	66	47	30	57	68
	61	23	82	13	91	67	36	31	56	69
	60	24	92	14	81	76	26	22	46	78
	70	25	93	15	71	77	16	23	35	79
	80	26	84	5	72	78	17	33	34	89
	90	16	73	4	83	88	28	44	45	98
	91	6	74	3	82	87	27	53	54	97
	81	5	64	2	92	76	37	63	65	96
	71	4	73	1	93	66	38	52	75	95
	62	3	84	11	94	55	29	42	85	86
	51	13	83	22	95	56	19	43	74	87
	42	24	72	23	96	47	18	32	65	77
	41	25	62	12	86	36	28	31	55	88
	50	26	51	2	87	27	17	21	56	89
	40	15	61	1	77	16	7	10	47	99
	30	14	60	0	76	26	8	20	36	98
	31	5	70	10	75	35	9	21	46	97
	22	6	80	11	85	34	19	30	45	96
	23	7	90	12	94	34	29	41	44	86
	33	16	91	3	93	45	28	42	43	87
	24	26	82	4	83	55	37	52	53	88
	14	35	81	5	92	54	48	63	64	78
	13	46	71	6	91	65	49	73	74	68
	23	45	72	7	81	66	39	84	75	57
	32	34	63	8	82	67	38	93	76	47
	42	33	53	9	83	57	28	92	77	36
	52	23	44	19	84	56	18	91	68	46
	53	24	34	29	94	55	17	90	57	56
	63	25	35	39	95	45	27	80	48	67
	64	26	36	49	96	54	16	70	38	77
	73	15	37	58	97	65	6	71	28	88
	84	14	27	59	98	74	7	72	17	89
	85	13	16	69	99	75	8	62	18	79
	95	12	15	78	98	86	9	51	19	89
	96	2	14	68	97	76	18	50	29	88
	87	3	13	57	96	66	28	40	39	77
	76	4	23	47	95	55	38	30	49	68
	66	5	32	37	94	46	48	20	58	57
	56	15	22	36	93	47	49	10	59	67
	55	26	11	35	92	57	39	0	69	77
	45	25	1	34	91	67	29	10	79	78
	44	24	2	33	90	68	28	21	89	88
	43	23	12	32	80	57	27	31	99	98
	42	13	3	22	81	56	26	41	89	97
	52	14	4	11	82	55	25	51	78	87
	53	5	3	10	83	45	15	61	68	86
	54	6	2	20	84	44	16	60	57	85
	64	7	11	30	94	34	17	70	48	86
	63	8	21	41	95	35	28	81	38	87
	73	17	31	42	96	46	18	80	37	88
	64	27	32	52	97	36	9	90	47	77
	53	26	33	63	88	35	19	91	56	76
	54	25	34	72	77	45	29	82	66	75
	55	24	44	83	76	46	39	71	65	74
	56	23	43	84	75	47	38	62	64	85
	67	12	42	94	75	57	28	51	73	86
	68	13	41	95	85	58	37	50	72	87
	69	14	40	96	74	49	36	61	62	88
	59	15	30	87	73	39	46	60	52	98
	58	26	20	88	64	29	56	70	53	99
	57	16	10	98	63	19	55	81	54	89
	56	6	0	97	72	9	45	80	44	79
	55	5	1	96	82	8	35	90	33	69
	45	4	2	95	92	7	26	91	23	58
	44	3	12	94	93	6	27	81	13	49
	43	4	22	84	83	5	28	71	24	59
	42	14	11	85	73	15	17	61	25	69
	51	14	21	75	74	26	16	50	35	78
	52	25	31	66	65	36	7	40	34	88
	53	24	32	67	54	47	8	30	44	97
	53	33	43	76	64	48	18	20	45	96
	54	23	42	86	63	38	28	10	46	95
	55	12	41	85	62	37	29	0	47	94
	46	2	40	84	72	27	39	1	57	93
	47	3	30	83	82	26	49	11	67	84
	48	13	20	92	91	15	59	22	77	85
	38	14	10	93	90	6	69	21	76	86
	37	15	0	94	80	5	58	31	87	86
	36	16	1	95	70	4	48	32	88	87
	46	17	2	96	60	3	37	33	89	97
	55	27	12	86	61	13	28	34	99	98
	56	26	23	75	71	24	18	45	89	88
	57	35	32	74	81	25	9	46	79	78
	58	36	31	84	82	34	19	56	69	68
	49	47	42	94	72	44	29	57	59	67
	39	48	51	85	73	54	38	56	58	66
	49	37	62	95	74	55	28	46	68	75
	48	27	61	96	65	45	17	35	77	85
	47	26	50	87	64	34	7	25	88	84
	46	15	60	76	53	33	8	14	97	83
	55	6	70	86	52	43	18	5	98	92
	45	7	71	85	51	42	9	4	99	91
	34	8	72	94	50	41	18	3	89	90
	24	17	63	93	40	51	28	2	79	80
	23	16	52	83	30	51	29	11	78	70
	12	26	62	72	20	52	19	22	88	60
	13	36	61	82	10	53	9	21	77	50
	24	47	71	91	0	54	8	31	67	40
	34	57	81	92	1	55	7	32	66	30
	45	68	82	93	2	56	17	33	75	20
	55	77	92	94	3	47	28	44	74	10
	65	67	91	84	13	36	38	54	85	0
	66	56	90	73	14	26	49	64	86	1
	76	46	80	63	25	15	59	53	87	2
	75	35	70	62	34	26	69	43	88	3
	74	45	60	61	24	27	68	42	97	4
	64	55	50	71	23	36	58	41	96	5
	53	65	40	72	12	46	48	30	95	6
	54	74	41	83	11	55	37	20	94	7
	45	75	51	93	22	65	27	10	84	8
	44	66	52	92	21	64	28	0	85	9
	43	56	63	82	30	73	18	1	86	19
	42	47	72	81	41	83	29	2	87	9
	51	36	71	91	50	82	39	3	88	8
	52	26	81	92	40	72	38	4	89	17
	53	16	91	93	30	62	49	5	78	7
	54	15	92	94	20	61	38	6	69	8
	55	14	93	85	10	70	28	5	58	18
	65	24	94	86	0	80	37	4	48	19
	66	23	95	76	1	90	27	13	57	29
	67	12	96	77	2	81	36	3	68	39
	56	23	97	88	11	82	35	4	78	49
	46	24	98	87	22	92	25	14	79	59
	55	24	99	86	32	93	26	15	89	69
	45	25	98	75	33	94	27	16	88	78
	34	26	97	74	44	85	28	17	87	77
	35	16	96	84	43	95	29	7	86	76
	25	6	87	73	42	94	19	8	75	66
	26	5	76	64	31	84	9	18	65	56
	36	4	66	63	21	73	8	28	54	46
	36	13	75	52	30	83	17	38	55	47
	46	14	85	43	41	72	27	39	56	37
	45	15	94	32	50	71	28	49	67	38
	44	26	84	22	60	82	29	58	77	48
	43	36	73	11	61	92	39	57	88	47
	42	35	63	1	51	93	49	68	89	56
	52	45	53	0	62	94	58	67	79	55
	52	54	64	10	72	85	48	77	69	65
	53	44	74	20	71	86	37	68	58	66
	43	33	85	21	70	87	28	57	59	67
	32	23	94	30	80	88	18	48	69	76
	22	24	93	31	81	89	19	37	78	86
	23	25	83	41	82	98	9	27	79	75
	24	26	92	40	91	97	8	28	69	65
	34	16	93	50	90	96	7	29	58	55
	45	6	84	60	80	95	17	19	49	46
	35	5	94	70	81	95	28	9	59	36
	25	4	85	61	71	86	27	18	69	37
	14	3	75	51	62	76	26	8	78	38
	5	13	66	42	63	67	15	17	88	29
	14	24	56	52	73	57	6	28	97	39
	25	33	46	63	84	48	7	38	96	49
	34	44	55	73	94	47	17	37	95	58
	45	54	65	84	85	46	28	36	86	68
	55	44	74	93	75	35	29	26	76	77
	65	33	64	83	66	25	39	16	87	88
	54	23	53	72	67	15	49	7	97	89
	44	24	43	82	77	16	59	17	98	99
	33	25	52	91	68	6	69	28	88	89
	32	26	63	92	58	5	59	18	78	79
	43	16	73	93	57	4	49	19	69	89
	53	7	84	94	56	3	38	9	59	98
	54	8	85	95	47	2	28	18	49	97
	55	17	86	96	36	1	27	29	39	87
	56	16	76	97	37	0	26	19	49	77
	67	6	75	88	48	10	35	9	58	68
	57	5	74	77	38	11	34	8	69	78
	48	4	84	87	28	12	45	17	79	89
	49	3	94	86	18	22	35	16	69	99
	58	2	93	75	29	21	25	6	59	98
	57	12	83	74	39	20	26	5	49	97
	56	13	72	85	38	30	27	4	58	96
	55	14	62	86	37	31	28	3	68	95
	45	15	51	87	47	32	17	2	77	94
	34	26	52	88	46	23	7	1	76	93
	35	25	63	78	55	13	6	0	66	83
	46	24	73	79	65	14	5	10	56	72
	36	33	64	89	54	4	15	11	67	71
	27	44	53	99	45	3	16	21	57	61
	28	43	63	98	34	2	17	20	48	50
	18	32	73	88	25	1	8	30	49	40
	28	22	84	97	26	0	9	31	59	41
	37	23	94	96	27	10	19	42	69	51
	47	24	85	95	36	11	29	52	78	62
	56	25	75	86	35	22	39	63	88	72
	55	14	74	87	46	21	49	73	89	82
	66	4	65	88	45	20	48	83	79	81
	67	5	54	77	34	30	57	82	69	70
	68	15	64	76	24	40	58	81	59	60
	69	26	73	86	25	41	49	70	58	61
