	63	4	10	83	26	65	52	22	43	77
	53	5	0	72	15	54	42	11	32	67
	64	6	1	62	14	45	31	10	22	56
	73	7	2	51	13	34	21	20	11	46
	72	8	3	41	23	24	30	10	12	35
	62	9	4	40	33	25	31	11	22	26
	51	18	5	50	44	15	32	1	21	27
	61	17	6	60	43	16	33	0	20	28
	70	7	5	50	52	27	34	10	30	29
	71	6	14	41	63	28	35	20	31	19
	81	5	13	42	64	29	36	21	32	9
	80	14	23	43	74	19	27	30	32	8
	90	13	33	44	75	9	17	40	22	7
	91	23	34	54	85	8	18	50	12	6
	92	33	45	55	74	7	28	60	2	5
	93	44	46	66	64	16	37	61	1	14
	94	54	36	75	53	26	38	70	0	13
	85	55	37	86	52	25	39	71	10	3
	95	66	38	87	62	24	49	81	11	2
	96	76	48	86	51	14	58	80	22	12
	97	77	57	75	41	4	59	90	32	23
	88	68	47	65	42	3	69	91	43	24
	77	57	56	64	31	2	78	82	33	25
	67	48	46	53	21	1	79	72	24	26
	56	37	35	43	20	0	69	62	25	15
	47	27	36	52	30	10	58	51	34	6
	37	17	26	63	40	11	48	41	45	5
	27	18	15	73	50	21	38	42	44	4
	17	29	6	83	60	20	28	32	43	14
	18	19	5	84	61	30	37	22	33	13
	29	9	4	74	70	31	36	11	23	3
	39	8	14	64	71	22	26	1	13	2
	49	7	25	53	62	12	15	0	24	11
	58	16	35	43	52	23	6	10	34	21
	68	27	46	33	42	24	5	20	45	30
	77	37	55	34	32	25	4	21	54	40
	87	47	66	35	33	26	14	31	53	50
	96	57	56	46	24	16	25	41	43	60
	97	68	67	36	34	7	35	50	52	61
	98	77	76	37	44	8	45	51	63	70
	89	87	86	48	43	9	54	62	73	80
	99	96	85	47	53	18	65	63	74	81
	98	87	75	46	64	17	55	72	84	71
	88	77	65	56	73	28	66	82	93	61
	78	68	64	57	72	29	67	91	83	60
	69	58	53	47	82	19	76	90	92	50
	59	48	43	46	81	9	66	80	91	40
	49	37	32	45	70	8	55	90	82	30
	58	38	33	44	60	7	46	91	71	20
	68	28	34	54	50	6	36	82	61	10
	77	18	35	65	40	5	37	71	51	1
	87	9	36	74	41	4	28	61	42	2
	96	8	37	84	41	3	17	60	43	11
	95	7	28	73	42	2	16	50	32	12
	94	6	17	63	31	1	15	40	22	23
	84	5	7	52	30	0	14	41	21	13
	83	4	6	42	20	10	24	51	11	3
	72	14	5	43	21	1	25	62	12	2
	82	15	6	53	11	0	26	71	23	3
	92	16	6	64	22	10	27	81	24	13
	93	16	6	54	32	21	37	80	25	14
	94	27	16	45	43	22	47	90	34	15
	95	37	27	35	33	32	56	91	44	5
	96	47	36	26	23	42	67	92	53	4
	86	56	46	25	12	52	77	93	63	3
	75	57	55	24	2	62	68	94	72	13
	76	58	66	14	1	71	69	85	83	23
	67	48	65	15	0	81	59	75	93	22
	57	49	74	25	10	70	58	86	94	31
	48	38	64	34	11	80	58	87	85	41
	57	37	53	44	22	90	48	88	74	50
	68	28	43	44	32	91	47	77	64	61
	68	18	33	54	31	82	36	78	53	62
	77	8	34	45	41	83	27	79	63	71
	87	9	35	46	50	73	28	89	52	70
	96	19	36	47	40	74	17	88	51	60
	97	29	37	48	30	65	8	87	41	50
	98	38	28	49	20	55	18	86	42	61
	99	39	27	48	21	46	9	95	43	62
	89	29	16	47	22	35	19	94	33	72
	78	28	7	46	32	26	18	84	24	73
	69	37	6	45	43	15	17	83	13	74
	68	27	5	44	33	14	7	82	4	65
	77	16	15	54	23	25	17	81	3	55
	87	26	6	64	12	34	8	82	2	56
	96	25	7	53	11	44	9	83	1	66
	95	34	17	63	10	43	19	84	0	76
	85	44	8	52	20	42	29	84	1	75
	86	33	18	51	30	31	38	85	11	74
	96	34	28	41	40	21	37	94	22	64
	97	35	27	50	30	10	47	93	32	53
	88	36	26	60	21	0	56	92	33	63
	98	47	15	70	22	1	57	91	24	52
	99	48	14	71	32	11	58	90	33	42
	89	49	24	61	43	22	59	80	33	51
	79	39	13	50	44	32	69	81	23	62
	78	38	14	41	45	31	58	82	12	72
	77	37	25	40	46	30	48	83	3	73
	87	28	35	50	47	20	57	84	4	74
	96	17	36	60	56	10	67	85	5	65
	86	16	37	70	55	0	68	85	6	54
	76	7	47	71	45	1	78	95	15	64
	67	8	46	62	44	11	77	94	25	53
	66	9	45	52	43	22	88	93	34	63
	55	18	54	42	33	32	78	92	44	72
	65	28	64	51	24	23	69	91	53	82
	75	37	73	61	13	12	58	90	43	81
	86	27	72	50	14	2	48	80	52	70
	96	26	62	41	4	3	37	81	51	61
	95	25	52	31	5	12	28	82	42	60
	94	34	43	21	14	22	17	83	32	50
	93	35	33	30	24	11	7	84	23	40
	92	45	34	20	25	10	6	73	13	41
	91	35	34	21	15	0	5	74	3	51
	90	36	35	31	16	1	4	85	2	61
	91	37	36	41	27	11	14	86	12	71
	92	38	47	51	26	21	25	87	22	82
	93	29	57	42	15	31	24	88	32	72
	94	19	56	43	14	42	13	89	32	63
	95	9	67	44	24	52	3	79	33	64
	96	8	68	34	23	63	2	69	43	74
	86	18	77	35	12	64	1	59	53	85
	87	28	67	26	3	74	0	58	54	75
	76	37	57	15	4	65	10	68	55	66
	67	47	48	6	5	64	11	77	46	56
	68	36	49	15	14	73	12	78	45	55
	69	35	39	25	24	83	23	88	34	54
	79	26	38	15	13	72	22	98	33	44
	89	16	29	6	23	62	21	97	32	43
	98	17	19	5	33	51	30	96	22	42
	97	7	18	14	43	50	31	86	21	41
	96	16	28	24	42	60	32	95	20	40
	87	27	37	33	52	70	23	94	10	30
	76	36	48	34	63	80	24	84	1	20
	75	47	58	45	53	81	25	83	2	10
	85	57	69	46	64	71	35	73	11	21
	84	58	78	47	74	61	36	72	22	31
	93	69	88	37	64	51	36	83	32	42
	94	78	97	27	53	41	26	84	43	42
	95	68	87	17	54	41	15	85	44	52
	96	57	76	16	65	42	6	86	45	62
	97	48	66	26	55	43	7	75	46	72
	88	37	56	25	54	52	8	74	47	82
	77	38	67	34	64	53	9	73	36	91
	78	49	68	44	63	43	18	72	35	90
	79	59	58	33	62	32	28	82	34	81
	89	69	57	23	71	22	37	92	24	70
	99	79	48	12	61	21	38	83	13	60
	98	89	47	3	50	30	39	84	4	70
	97	78	36	2	40	20	29	85	5	71
	96	68	35	1	41	10	19	86	14	62
	95	57	34	11	42	21	9	87	24	51
	94	48	45	22	43	31	8	76	33	41
	93	37	35	32	52	42	17	66	44	41
	92	27	36	43	53	51	28	65	45	50
	91	16	26	44	54	61	18	55	46	60
	90	15	25	45	64	70	29	56	47	50
	91	6	14	55	74	80	38	67	37	40
	92	7	13	65	75	90	49	76	48	30
	93	8	23	66	86	91	59	76	58	31
	94	18	33	56	95	92	69	77	68	42
	94	28	34	57	96	83	79	88	78	43
	95	37	35	47	86	73	89	97	68	53
	85	38	36	46	75	64	88	96	57	54
	84	49	27	45	74	65	77	95	47	55
	73	59	17	44	64	66	67	94	46	56
	72	58	16	43	63	76	68	84	35	57
	82	48	26	52	62	87	69	85	25	47
	92	37	15	51	71	86	79	85	24	36
	93	27	16	41	81	75	78	95	33	35
	94	28	6	50	82	74	68	96	43	34
	95	29	5	61	91	64	58	97	52	44
	96	19	4	71	90	53	48	98	62	43
	87	9	3	81	91	63	37	99	72	32
	77	8	2	70	92	73	27	89	82	22
	68	18	12	60	93	83	17	88	71	11
	57	28	13	50	94	84	7	87	70	1
	47	38	24	40	95	85	6	86	60	0
	36	39	25	41	96	75	5	76	50	10
	46	49	26	42	86	65	4	77	40	21
	56	48	36	43	75	54	14	78	41	31
	67	37	36	32	65	44	25	69	42	31
	76	47	46	23	54	43	35	79	51	30
	86	56	45	13	44	32	34	89	52	20
	96	55	46	14	43	22	33	88	53	10
	97	66	36	25	32	11	23	87	64	1
	98	67	27	26	22	2	12	77	74	0
	99	68	16	35	11	3	13	78	73	10
	89	58	27	34	2	4	24	69	63	21
	78	48	37	44	3	5	25	59	62	31
	68	57	28	54	13	15	26	49	61	41
	77	47	29	64	24	16	36	48	50	40
	87	56	19	53	33	17	46	57	41	40
	96	55	9	43	33	27	45	67	42	41
	95	65	8	52	32	36	54	76	51	30
	94	64	17	63	31	46	44	86	62	20
	93	53	27	72	21	45	33	96	71	10
	83	44	37	82	22	45	34	95	70	1
	84	33	38	81	23	35	34	85	60	0
	74	33	39	70	12	25	35	75	61	10
