	20	69	33	11	58	2	29	44	58	97
	10	78	24	1	48	3	18	34	49	87
	0	77	13	11	37	4	8	25	38	76
	10	67	14	22	27	5	7	15	28	66
	21	56	24	31	16	6	17	26	18	55
	30	46	23	32	27	7	8	35	9	45
	40	47	12	42	36	16	18	34	19	54
	41	57	13	51	37	26	29	33	9	53
	50	68	14	52	48	35	39	32	8	63
	60	69	25	62	57	36	49	22	17	64
	61	79	26	71	68	46	59	21	27	65
	70	89	35	72	69	45	58	10	36	66
	80	99	34	73	79	54	48	0	47	75
	81	98	44	64	89	53	38	1	56	74
	82	88	43	63	78	52	28	2	66	84
	72	97	33	62	77	42	18	12	65	83
	71	96	24	51	87	31	19	23	54	92
	61	86	13	42	76	22	9	32	53	91
	51	75	3	31	66	11	8	43	52	90
	42	65	4	30	67	21	7	44	63	81
	51	66	14	20	68	10	6	45	73	71
	62	67	5	30	57	0	15	55	64	61
	63	56	4	40	47	1	16	46	65	62
	73	66	13	41	37	2	17	36	65	63
	74	76	12	50	28	3	27	26	54	64
	85	77	23	60	29	4	16	25	53	73
	84	78	33	61	39	14	7	35	43	83
	84	68	34	71	49	25	8	45	32	93
	83	58	24	70	49	26	18	44	22	94
	82	59	13	81	48	16	29	54	31	95
	72	69	14	80	38	17	39	55	42	86
	62	79	5	90	37	27	49	66	52	76
	51	89	6	91	47	36	59	75	63	77
	41	99	7	92	57	35	69	65	64	78
	30	89	8	93	68	25	79	74	53	88
	21	78	18	94	69	14	89	73	43	98
	31	77	17	84	58	24	99	83	33	97
	42	87	16	85	48	13	98	82	23	96
	52	86	15	84	38	12	97	71	33	95
	62	75	14	83	28	11	96	61	34	85
	71	65	13	82	18	21	87	62	45	74
	81	64	12	82	29	10	86	63	55	65
	70	53	11	72	39	10	75	64	66	65
	60	54	1	63	49	0	76	73	56	74
	50	55	2	52	58	10	67	84	46	85
	40	66	3	51	68	20	56	93	36	94
	41	67	4	50	77	10	47	92	26	95
	30	57	13	61	88	11	48	91	15	96
	40	68	14	71	78	12	37	90	5	97
	50	69	25	81	79	13	27	91	15	87
	61	59	35	80	89	14	16	82	26	76
	71	49	34	70	99	4	6	72	36	66
	62	38	44	60	98	3	7	63	46	56
	52	37	43	50	97	2	8	64	45	55
	42	27	32	51	96	1	9	65	44	54
	31	36	22	41	87	0	19	75	43	53
	21	47	12	30	76	10	18	86	32	52
	20	57	13	40	67	11	17	85	22	42
	30	68	23	50	67	12	28	74	32	43
	40	58	24	61	66	13	38	64	33	44
	50	48	14	71	56	13	29	65	34	45
	61	49	5	81	46	4	39	66	34	55
	71	59	6	90	35	3	38	75	45	54
	81	69	7	91	25	2	37	76	44	53
	82	78	8	92	14	1	27	77	43	63
	83	88	9	93	15	0	16	87	52	73
	84	78	18	94	26	10	6	97	63	72
	85	68	17	95	36	11	5	98	62	71
	75	57	16	96	47	12	4	88	63	61
	76	67	15	97	56	13	3	77	64	62
	86	66	14	87	55	23	2	76	65	63
	85	75	13	86	46	22	1	67	74	64
	84	65	3	85	35	11	0	68	73	54
	83	66	2	84	34	12	10	58	72	45
	82	56	1	83	24	13	20	48	71	44
	81	57	0	82	25	14	30	49	70	33
	80	68	10	91	26	5	40	39	60	32
	90	58	20	92	36	6	41	38	50	43
	91	48	10	93	47	7	31	37	51	53
	92	49	11	94	46	8	22	28	52	64
	93	59	12	95	55	9	32	37	53	65
	94	69	13	96	66	19	33	47	54	65
	84	79	24	86	76	18	34	56	45	75
	83	78	25	87	77	17	35	66	44	74
	82	68	15	88	67	16	26	76	43	73
	81	57	14	87	56	15	27	75	42	63
	71	58	4	86	46	5	28	74	41	62
	61	48	3	85	35	6	29	73	30	72
	70	38	2	84	34	7	39	64	31	83
	60	49	12	93	45	8	29	53	32	92
	50	59	13	94	44	9	19	54	33	91
	40	69	23	95	45	18	29	55	34	81
	50	68	22	85	46	17	28	66	45	70
	61	77	21	84	47	16	37	65	55	60
	51	88	30	83	57	15	36	75	56	61
	42	89	40	82	68	14	26	85	67	62
	31	98	41	81	69	13	25	95	77	63
	32	97	30	70	59	3	14	96	88	64
	43	87	20	60	49	2	13	86	78	65
	52	76	10	50	58	1	3	75	68	66
	62	67	0	40	48	11	2	74	68	55
	71	57	1	30	38	12	3	73	69	54
	81	48	11	20	39	23	4	72	79	53
	80	38	12	30	29	24	5	82	89	52
	90	28	13	41	19	14	5	81	99	43
	91	27	4	51	9	15	6	70	98	42
	92	16	5	61	8	26	7	60	88	52
	83	27	6	50	18	35	17	61	77	63
	84	37	7	40	29	34	28	62	76	64
	94	47	8	30	39	33	38	63	66	65
	93	57	9	21	49	43	48	64	56	74
	92	68	18	31	58	32	37	54	46	84
	82	78	17	41	59	22	36	44	35	93
	81	69	16	51	49	11	26	33	34	92
	70	59	15	62	38	12	25	32	45	91
	60	49	14	71	37	13	25	22	55	81
	50	38	24	72	36	3	34	23	66	70
	40	37	33	83	35	2	45	24	75	60
	30	47	43	73	46	1	44	34	85	61
	20	57	53	63	56	10	54	45	84	62
	30	68	52	64	67	0	55	45	83	63
	41	77	42	65	66	1	56	55	92	64
	31	87	51	74	75	11	47	46	91	73
	42	86	41	84	85	12	48	36	81	72
	52	95	30	83	94	13	37	27	71	82
	62	96	21	83	93	14	36	28	70	92
	71	97	11	73	84	24	26	29	80	91
	81	88	12	63	74	23	15	19	90	82
	70	78	22	62	64	32	14	9	91	72
	60	68	31	61	65	33	4	18	82	83
	50	58	41	51	66	34	3	28	92	93
	40	48	30	42	67	25	2	37	82	84
	41	49	20	43	68	14	1	47	71	74
	42	39	10	33	58	5	0	56	61	65
	52	38	11	43	48	6	1	66	62	65
	52	29	12	43	57	7	2	76	63	54
	62	19	13	52	56	8	3	67	64	44
	71	9	14	62	55	17	4	77	65	33
	81	8	5	71	54	16	13	87	75	23
	80	17	6	70	65	15	24	86	85	32
	90	27	7	60	66	26	25	95	94	43
	91	36	8	50	67	35	34	85	84	53
	92	47	9	51	68	45	44	74	73	64
	83	57	18	41	69	55	43	65	63	64
	73	68	17	31	59	46	32	66	63	65
	72	69	16	42	49	47	22	76	64	54
	82	59	15	52	39	36	11	67	53	45
	81	49	14	62	29	26	12	68	44	46
	71	39	13	62	19	15	12	69	33	47
	61	38	3	51	29	14	2	59	23	37
	70	28	4	50	18	13	1	49	22	48
	80	38	5	40	29	23	10	58	32	57
	90	48	6	30	39	24	21	68	43	56
	91	58	7	20	49	25	31	67	53	66
	81	68	8	30	58	34	22	77	64	75
	82	78	9	41	57	35	11	88	65	86
	92	79	19	51	56	25	12	89	66	96
	93	69	18	62	67	14	13	98	76	97
	94	59	17	71	77	5	3	99	87	88
	95	49	16	81	68	6	2	89	86	78
	85	38	27	70	69	15	1	79	75	77
	84	48	28	60	59	26	0	89	74	67
	83	57	29	61	49	27	10	98	73	66
	82	68	38	50	48	28	20	97	63	55
	81	67	37	40	47	17	10	87	64	54
	71	66	36	30	46	16	11	76	53	45
	72	55	35	41	56	15	12	75	52	44
	63	65	34	51	57	14	13	74	42	33
	52	66	24	62	58	4	23	85	31	32
	43	67	25	61	68	3	22	94	42	33
	53	77	26	70	78	2	21	93	52	44
	63	88	27	81	69	1	30	92	53	54
	72	89	28	80	79	0	40	82	64	65
	71	99	18	90	78	10	41	72	64	66
	81	98	17	91	68	11	31	62	65	56
	70	97	16	92	57	12	22	63	66	67
	60	87	15	83	48	13	11	64	76	77
	50	96	14	84	49	13	12	65	86	88
	40	95	5	73	39	4	23	66	85	89
	30	94	6	64	29	3	33	67	84	79
	21	93	7	54	18	2	43	68	83	69
	31	84	8	53	28	1	42	58	92	59
	41	73	9	52	38	0	51	49	82	69
	50	63	19	62	37	10	61	48	71	78
	60	64	18	62	27	11	70	47	61	77
	60	65	17	71	26	12	70	56	62	76
	60	66	16	81	25	13	61	56	63	76
	70	55	15	80	35	14	51	46	64	75
	71	45	25	90	34	24	42	36	65	74
	72	46	26	91	35	23	32	37	55	85
	83	47	36	92	46	22	33	28	54	86
	93	57	37	82	56	21	44	17	53	87
	94	68	28	81	67	20	43	7	52	97
	84	58	29	70	66	30	42	16	62	87
	83	59	18	61	76	21	31	27	63	87
	82	49	17	51	77	10	22	36	64	88
	81	39	16	42	78	11	12	47	65	98
	70	29	15	32	89	11	13	56	66	99
	61	28	14	22	79	12	13	57	67	98
	51	38	4	31	69	3	24	68	77	97
