	2	16	67	80	28	14	39	0	81	98
	3	6	56	70	17	4	29	1	71	88
	12	5	46	60	7	13	18	2	61	77
	11	4	35	50	6	23	8	1	51	67
	21	3	25	40	5	22	7	10	41	56
	20	2	14	30	4	31	6	0	42	46
	21	1	13	41	3	32	5	10	43	35
	31	11	12	42	2	33	4	0	44	25
	32	22	23	43	1	34	3	10	45	14
	33	21	24	44	11	35	2	20	46	4
	34	30	25	45	12	26	3	10	36	5
	35	40	15	54	13	27	4	0	37	6
	26	50	16	53	24	28	14	1	38	7
	36	61	27	52	33	29	15	2	39	8
	37	62	28	63	34	19	26	3	49	9
	38	72	29	64	44	18	36	4	48	8
	39	73	28	65	43	17	37	5	58	7
	49	64	27	66	52	16	48	15	59	6
	38	65	26	75	53	7	58	25	69	5
	29	74	35	76	54	8	68	34	78	14
	19	84	46	77	55	9	57	44	79	25
	18	83	47	67	65	8	56	53	89	34
	17	82	36	66	64	7	46	52	88	44
	28	71	37	65	63	16	45	62	77	53
	27	70	48	74	72	26	44	51	67	43
	36	60	49	84	73	15	33	41	56	42
	35	50	39	85	83	14	32	31	55	52
	45	41	38	86	92	13	22	21	54	62
	44	31	29	87	91	23	11	20	64	72
	33	22	19	88	81	32	12	10	74	73
	24	21	9	89	70	42	2	11	85	84
	25	30	8	79	60	51	1	10	86	93
	34	40	18	69	50	61	0	20	87	92
	44	41	17	59	51	62	10	30	96	91
	43	31	16	49	52	72	20	21	95	81
	53	32	15	38	63	82	10	22	94	70
	64	43	14	29	72	71	11	23	93	60
	65	52	4	18	73	81	12	24	92	50
	75	62	3	8	64	80	13	25	91	40
	85	72	2	7	65	90	24	34	81	30
	86	82	1	6	75	80	33	44	70	20
	87	71	0	5	76	81	43	53	60	10
	96	61	1	4	66	91	52	64	50	21
	95	51	11	3	67	92	62	63	40	22
	94	42	12	2	57	83	72	73	41	23
	93	31	13	1	47	84	82	74	30	24
	92	21	14	10	36	85	81	65	20	25
	82	22	15	0	26	75	90	55	30	34
	81	32	16	1	27	66	80	45	40	35
	70	23	17	11	37	55	90	46	50	26
	60	13	28	22	48	56	91	36	61	27
	70	14	37	32	58	47	92	35	71	16
	81	15	48	23	68	57	93	25	62	7
	91	6	58	13	69	67	94	24	52	8
	92	7	59	4	78	77	85	33	43	9
	93	8	49	5	79	88	74	44	53	19
	94	9	39	6	89	98	65	54	64	29
	85	19	38	7	99	97	55	45	63	18
	74	29	28	8	98	87	56	34	72	17
	65	39	27	9	97	86	67	35	73	16
	54	49	26	19	87	76	68	46	83	15
	44	48	36	18	96	75	58	56	93	14
	33	47	46	17	95	74	57	67	84	25
	23	37	35	27	94	85	68	76	73	34
	13	38	45	28	93	86	77	87	72	44
	3	29	55	18	92	75	78	88	82	43
	2	39	66	8	91	65	69	89	81	42
	1	49	56	7	90	54	59	79	80	31
	0	48	47	6	81	53	58	69	70	21
	10	57	36	5	71	52	68	78	61	20
	11	67	26	14	62	42	77	88	50	30
	22	76	16	25	51	31	87	98	40	41
	32	86	6	34	50	21	97	99	30	42
	33	96	5	44	40	10	98	89	20	43
	24	97	4	45	30	1	88	79	21	53
	23	87	3	55	31	2	78	69	11	64
	12	77	13	56	32	1	68	59	22	63
	23	67	14	57	42	0	58	49	21	72
	32	66	15	47	52	10	48	38	20	83
	31	75	26	36	63	11	37	28	30	93
	41	74	27	46	72	2	47	17	40	84
	51	85	16	35	83	3	56	18	50	94
	52	95	7	25	93	4	66	9	60	84
	63	86	8	34	92	14	75	19	70	73
	62	87	9	44	82	15	65	29	80	64
	61	76	19	54	91	26	55	39	90	53
	60	77	29	45	81	27	46	49	80	43
	70	88	39	35	71	17	36	59	90	33
	61	89	49	26	72	8	27	69	91	24
	51	99	59	16	83	9	17	79	92	13
	42	98	69	7	93	18	8	89	82	4
	43	97	79	6	94	19	9	78	81	5
	44	96	69	15	95	29	18	68	80	14
	34	87	58	25	85	39	28	57	70	24
	45	86	48	35	74	49	38	67	61	23
	55	85	37	46	65	59	29	56	51	12
	66	74	47	36	75	69	19	57	42	2
	76	84	48	26	86	78	9	68	43	11
	77	73	58	27	87	88	8	67	33	1
	78	72	59	16	97	89	17	56	23	0
	79	63	69	7	98	99	18	55	12	10
	89	52	68	6	88	98	28	54	2	20
	78	62	57	5	87	97	38	64	1	21
	68	71	56	4	96	88	39	63	0	22
	57	82	55	3	95	77	49	73	10	31
	56	81	54	2	94	68	59	72	11	30
	55	80	53	12	84	57	69	62	21	40
	54	70	52	22	73	56	78	71	20	50
	44	60	62	21	63	55	77	61	30	41
	33	50	51	31	72	54	76	71	40	42
	23	41	52	32	83	44	66	82	30	43
	13	42	53	22	92	34	55	91	31	33
	14	32	44	11	93	24	54	90	21	23
	15	22	34	1	94	25	45	81	10	12
	26	11	35	0	85	14	46	80	20	3
	36	1	45	10	74	5	47	70	30	4
	37	2	55	20	65	6	48	60	40	13
	27	3	56	30	75	16	58	50	41	23
	17	4	47	31	86	7	49	61	51	33
	8	5	36	42	87	6	38	62	52	44
	9	15	27	43	97	16	29	72	53	45
	18	25	28	44	98	26	19	73	64	35
	17	24	29	45	89	36	9	74	65	34
	7	14	19	55	79	46	8	75	66	33
	6	13	9	54	69	56	18	86	67	32
	5	12	8	44	58	57	28	87	68	22
	14	11	17	33	49	48	37	88	78	21
	13	1	16	32	38	47	27	77	89	10
	23	0	6	22	28	36	26	76	99	20
	12	1	5	21	18	35	15	87	98	30
	11	2	14	31	8	25	16	96	97	40
	21	3	13	41	9	34	7	95	88	50
	20	4	24	51	19	44	8	94	78	60
	30	5	34	61	29	54	18	84	79	70
	40	6	44	71	39	55	17	83	69	81
	50	7	53	82	49	65	27	72	59	80
	60	8	63	91	58	64	37	62	69	90
	70	18	52	92	57	73	48	51	68	81
	61	29	42	93	56	72	47	41	67	71
	62	39	43	94	55	83	46	30	66	82
	52	38	33	85	54	93	35	20	65	92
	43	28	32	74	44	94	25	10	64	91
	53	37	22	73	45	85	14	0	63	90
	54	48	23	84	35	74	4	1	72	80
	45	58	12	93	26	75	3	11	83	70
	35	59	2	92	36	86	13	21	82	60
	25	69	1	91	27	87	24	31	81	50
	15	68	10	90	28	77	34	41	80	51
	6	78	21	81	38	76	44	40	70	61
	5	89	31	71	29	67	33	30	60	62
	14	99	42	72	19	57	32	20	50	52
	4	98	43	63	9	47	22	10	40	53
	3	88	44	64	8	36	23	0	30	54
	2	97	45	65	7	26	12	1	20	55
	11	96	46	75	6	15	13	10	21	56
	22	95	47	76	5	14	24	0	31	57
	32	94	37	77	4	25	34	1	41	58
	43	93	27	78	3	35	44	2	51	49
	52	83	16	68	13	46	53	12	62	38
	63	72	6	57	24	55	64	22	71	28
	73	82	7	47	25	66	65	31	81	17
	74	92	8	37	35	56	54	41	91	18
	65	93	9	27	46	67	45	51	90	19
	55	84	18	16	56	77	44	52	80	29
	66	73	28	6	67	87	33	43	70	39
	75	64	37	5	68	86	23	42	61	49
	85	54	36	4	58	76	32	31	60	59
	84	45	26	3	48	87	22	30	50	69
	93	46	15	2	47	88	21	40	41	79
	92	36	5	1	57	78	30	50	51	89
	82	26	4	0	56	77	40	61	62	99
	71	15	3	10	55	67	50	70	72	98
	81	5	2	11	65	57	60	80	83	97
	91	14	12	21	75	48	61	90	73	96
	92	4	13	20	76	47	70	81	63	95
	83	3	23	30	77	36	71	82	53	85
	73	2	22	31	78	26	62	72	44	84
	63	1	32	41	69	15	52	83	34	94
	53	0	33	40	79	5	43	93	24	95
	44	10	23	50	89	4	42	94	25	86
	34	20	12	51	88	3	41	95	35	75
	45	21	2	61	87	13	30	96	46	74
	55	11	1	60	97	14	31	86	56	64
	65	22	0	70	98	25	32	85	57	53
	74	23	10	80	99	35	33	84	67	44
	64	13	20	90	89	45	34	93	66	54
	73	14	21	91	78	55	24	92	65	53
	72	15	22	81	68	46	25	82	75	63
	71	6	31	70	58	47	26	83	76	62
	61	7	32	60	48	37	16	93	87	52
	50	8	33	70	38	27	17	94	97	43
	40	9	24	80	28	36	18	95	98	44
	41	19	13	90	29	35	8	96	99	45
	42	9	4	91	39	34	7	97	89	55
	52	8	5	92	49	24	6	98	78	56
	43	7	14	93	59	23	15	99	68	57
	44	6	25	83	69	12	26	89	77	67
	33	5	35	72	79	3	36	78	88	66
	24	4	34	73	89	2	46	68	87	65
	23	3	45	84	88	1	55	58	86	74
