	75	68	45	1	82	82	55	1	83	64
	65	58	35	2	71	72	46	0	73	53
	54	48	25	3	61	62	36	10	63	43
	44	37	14	4	50	51	26	20	52	32
	33	27	5	13	40	41	15	21	42	22
	23	16	6	12	30	31	25	11	32	21
	22	7	5	2	20	42	24	1	43	10
	11	8	4	3	21	52	13	0	53	20
	1	9	14	12	30	63	23	10	64	21
	2	18	15	22	40	73	33	11	74	31
	3	17	26	32	50	84	34	1	85	42
	4	28	35	43	60	94	45	0	86	52
	5	29	46	53	70	95	55	10	87	52
	6	19	56	64	80	86	66	20	77	63
	7	9	67	74	90	87	76	30	68	73
	6	8	57	84	81	77	75	40	69	83
	5	7	47	85	91	76	65	50	78	92
	4	16	36	86	82	75	54	41	77	93
	3	26	36	85	71	65	44	31	76	94
	2	27	26	74	70	54	43	21	75	84
	1	37	15	64	61	44	32	11	65	73
	0	38	5	53	62	33	22	12	54	63
	10	39	6	43	72	44	23	13	45	52
	20	49	7	32	83	34	24	14	35	51
	30	58	17	22	92	25	33	15	36	41
	40	48	18	11	91	26	32	16	27	42
	50	57	28	1	81	35	31	17	37	43
	41	56	38	0	70	46	21	8	48	53
	31	55	37	10	60	45	11	7	49	64
	22	66	36	20	50	54	2	6	58	73
	11	67	26	30	40	64	3	5	68	72
	1	77	15	41	50	73	4	5	67	83
	2	88	14	51	61	84	13	6	76	92
	12	89	24	62	71	93	23	16	75	91
	22	79	34	52	82	92	33	15	74	81
	32	69	45	43	71	91	44	14	73	70
	33	59	46	53	72	90	54	13	83	60
	44	49	47	64	63	80	55	12	84	50
	43	39	56	65	62	70	46	11	85	51
	32	29	57	54	61	71	35	1	86	42
	22	19	58	53	60	82	25	0	87	31
	11	9	48	43	70	92	26	10	88	21
	2	8	37	32	81	93	16	20	77	30
	3	7	27	22	82	84	17	10	76	40
	4	6	26	11	92	73	18	1	75	41
	5	15	26	2	93	74	28	0	75	51
	4	14	36	3	94	65	38	10	66	52
	13	24	47	12	85	55	49	21	56	53
	23	34	46	22	84	45	59	31	67	54
	33	44	35	32	73	55	69	41	68	64
	43	53	25	42	72	66	78	40	57	63
	52	54	15	41	71	75	89	30	56	62
	42	65	16	31	70	74	98	21	66	61
	32	55	6	22	80	85	97	11	76	50
	32	45	5	22	90	95	96	1	86	60
	32	35	4	11	91	94	87	0	75	70
	22	25	3	1	81	93	88	10	74	80
	11	34	12	2	82	83	77	20	73	90
	21	44	13	1	92	84	67	30	64	91
	31	53	14	0	93	85	68	40	63	81
	41	43	24	10	84	86	58	50	72	71
	51	33	13	20	73	87	48	60	62	61
	52	24	4	30	72	88	37	70	63	71
	43	14	5	40	82	77	27	61	53	81
	32	15	6	50	83	76	16	51	54	80
	22	26	7	41	92	75	17	42	65	90
	11	35	8	31	91	66	18	32	55	81
	1	45	9	22	82	67	19	32	46	70
	0	34	18	11	72	76	29	22	55	61
	10	25	28	1	71	75	38	11	54	50
	21	34	37	2	70	74	39	12	64	51
	20	44	36	3	60	73	49	13	64	52
	30	53	26	4	50	83	59	14	63	52
	40	43	15	5	41	82	69	24	62	42
	50	32	25	6	31	91	78	33	71	51
	61	23	35	16	22	90	79	34	72	62
	70	12	46	15	11	80	89	45	83	63
	60	2	47	5	1	81	88	44	93	73
	50	3	57	4	10	71	77	43	94	84
	41	13	56	14	21	72	67	32	95	74
	31	24	46	25	30	73	68	22	96	64
	42	34	36	35	20	83	58	23	86	53
	52	44	27	26	10	92	48	13	87	54
	53	45	17	16	21	82	38	3	88	65
	43	46	7	6	31	91	29	2	77	66
	32	47	7	5	42	90	19	1	76	56
	22	48	6	15	51	80	9	0	75	57
	11	49	16	14	61	70	8	10	74	58
	12	48	27	4	62	71	7	20	73	57
	23	47	28	3	63	72	6	30	64	56
	24	46	18	2	53	73	16	40	54	55
	14	45	8	1	44	84	17	50	65	66
	4	35	7	0	33	85	27	41	75	67
	3	26	6	10	23	94	37	31	86	68
	2	27	5	20	32	93	47	21	95	69
	1	17	4	30	42	83	57	22	94	59
	0	7	3	40	51	92	56	12	93	49
	10	16	13	50	61	82	55	23	84	58
	20	15	24	41	70	71	45	22	73	57
	30	25	33	31	60	72	44	11	74	56
	21	34	43	22	61	73	54	1	64	55
	11	44	32	12	62	63	53	2	65	54
	10	43	22	3	52	72	64	1	66	45
	0	32	11	4	42	83	65	2	76	46
	1	31	11	5	41	92	66	3	87	36
	10	21	2	15	30	91	76	4	77	35
	20	22	3	25	40	90	75	5	78	26
	30	23	4	14	50	80	85	15	79	27
	40	33	13	24	60	70	74	6	89	36
	50	44	12	34	61	71	64	7	88	46
	51	53	11	45	62	81	64	8	87	55
	52	63	1	54	72	70	73	9	86	55
	43	53	0	64	82	71	84	8	85	54
	32	44	1	65	83	61	94	7	95	45
	22	33	2	54	93	60	84	6	96	35
	11	32	3	44	92	70	74	5	97	26
	1	42	4	33	91	80	65	5	98	16
	0	31	14	32	90	81	54	15	99	7
	10	41	25	22	91	71	53	16	89	8
	21	51	34	11	82	72	43	17	78	7
	20	52	44	12	83	73	32	16	77	6
	30	53	54	2	84	74	42	15	76	6
	41	63	55	3	73	65	31	5	75	15
	30	62	46	2	72	66	22	4	86	25
	21	61	35	1	71	56	12	3	87	34
	10	70	36	0	71	47	23	2	88	24
	11	60	37	1	81	48	13	2	97	33
	22	50	28	10	80	38	14	12	96	43
	23	51	18	20	90	29	15	13	95	53
	24	52	19	30	91	38	25	14	85	63
	33	42	9	40	92	48	34	5	84	64
	43	32	8	50	93	57	44	6	73	74
	53	31	7	51	83	67	45	16	72	65
	64	41	17	52	82	76	54	15	62	66
	53	40	27	42	71	77	55	5	61	75
	43	50	26	32	70	68	56	4	60	74
	43	51	35	22	81	58	47	3	61	64
	32	52	25	11	80	49	36	2	62	53
	22	63	15	1	90	48	27	2	72	44
	11	73	5	0	91	47	26	12	72	45
	21	84	4	10	92	46	35	13	83	54
	31	94	14	20	93	45	34	23	82	55
	41	95	24	30	84	54	44	33	71	65
	40	86	34	21	85	64	53	43	70	66
	50	75	44	22	74	73	63	42	60	55
	41	65	53	11	74	72	52	31	61	54
	30	66	43	1	73	82	42	22	62	45
	21	67	32	2	72	71	31	11	63	46
	10	57	22	3	83	70	41	12	52	56
	1	68	11	4	92	60	51	13	42	47
	0	69	2	5	91	50	61	14	43	37
	10	59	3	6	81	40	62	25	53	28
	20	58	4	7	70	30	71	15	64	27
	21	57	5	6	80	31	61	14	73	36
	22	56	15	16	90	42	51	24	83	35
	23	55	26	17	91	52	51	33	92	34
	12	54	36	7	82	63	52	32	93	44
	11	53	37	6	72	73	52	22	94	44
	1	64	28	5	62	84	43	11	95	45
	0	73	17	4	71	94	32	2	96	46
	10	84	7	3	70	93	31	12	86	47
	20	85	6	13	60	83	41	23	75	48
	30	74	5	14	50	92	40	24	76	38
	21	65	15	25	61	91	41	33	77	29
	22	54	16	35	51	81	42	44	78	28
	11	53	27	34	52	70	43	33	79	37
	1	63	26	24	62	71	32	23	78	36
	2	73	35	13	72	71	22	12	77	46
	3	64	34	4	82	61	31	11	76	55
	13	74	33	5	83	60	30	10	75	54
	14	84	23	6	93	70	20	0	66	53
	5	94	12	16	92	80	10	1	67	64
	6	85	2	27	91	90	21	11	68	65
	5	74	3	26	81	80	22	12	58	66
	4	64	3	25	71	70	32	13	57	67
	14	53	2	24	62	71	43	23	56	77
	15	54	1	34	51	72	44	32	55	87
	5	45	0	35	50	73	33	42	65	86
	6	46	10	36	40	63	32	41	74	85
	5	47	20	37	30	53	42	31	73	95
	4	48	10	38	21	44	52	22	63	96
	3	49	1	39	31	34	53	11	72	97
	2	58	1	29	41	25	64	12	82	87
	3	57	0	18	51	14	54	13	83	76
	4	56	10	17	61	24	45	23	84	75
	5	55	20	7	70	33	46	32	93	65
	14	66	10	6	60	43	35	42	83	74
	25	67	1	5	50	52	26	51	73	84
	24	56	2	4	40	63	35	62	72	74
	23	55	3	4	30	53	34	71	82	64
	22	54	12	13	20	44	34	81	92	65
	32	45	11	14	10	33	24	70	91	75
	31	35	21	15	20	43	25	61	90	86
	41	36	30	16	20	42	26	50	80	85
	51	27	40	17	30	52	15	60	70	94
	42	28	40	7	41	53	5	50	71	95
	32	37	30	6	31	63	14	41	72	85
	22	47	21	5	42	73	24	31	72	74
	11	46	10	4	43	83	34	22	62	84
	1	55	0	3	53	93	44	11	61	94
