	96	19	52	21	92	59	38	93	35	79
	86	18	42	10	83	49	28	84	25	89
	75	8	31	0	72	38	17	73	14	88
	65	7	21	1	62	28	16	63	4	77
	54	6	10	2	51	17	15	52	3	67
	44	5	0	12	41	7	14	42	13	56
	33	4	1	22	30	6	24	31	23	46
	32	3	2	11	20	5	34	21	12	35
	31	13	1	10	30	4	45	22	23	26
	41	14	0	20	40	5	55	32	24	27
	50	25	10	30	41	15	66	43	34	37
	60	26	20	21	51	16	76	53	45	47
	61	27	10	11	62	17	87	64	46	48
	70	37	1	12	71	18	97	74	47	49
	80	48	2	13	81	29	98	84	56	58
	90	57	3	14	91	39	99	93	66	68
	81	67	13	25	82	49	89	94	76	69
	71	77	14	26	92	48	78	85	87	59
	72	88	25	27	93	47	69	95	96	49
	83	98	26	37	94	46	59	86	97	39
	93	99	27	36	85	55	49	75	87	29
	94	89	28	35	74	45	39	65	86	19
	84	79	18	34	73	54	29	55	75	9
	93	69	8	44	63	53	38	56	65	19
	92	59	7	43	52	64	48	57	66	9
	91	49	6	42	51	65	58	67	76	8
	90	59	5	31	41	66	68	67	77	7
	80	69	4	22	40	55	78	56	88	6
	70	79	3	23	50	46	89	66	98	5
	60	79	12	33	61	47	99	75	97	4
	70	89	22	24	62	37	98	85	96	3
	81	88	23	13	72	27	97	94	95	12
	82	87	32	24	83	16	96	93	86	11
	92	76	43	33	73	6	97	84	75	10
	93	67	53	34	74	5	87	85	65	0
	94	57	64	25	73	4	76	86	54	1
	95	47	63	15	72	3	67	75	45	2
	96	56	52	16	71	13	57	65	46	12
	87	67	42	17	61	14	48	54	36	22
	76	77	51	27	50	15	37	64	26	21
	66	88	41	28	40	6	36	73	35	20
	75	98	30	37	50	7	47	83	34	10
	85	99	31	36	61	8	57	93	45	11
	84	89	32	46	62	18	67	92	55	1
	93	78	43	45	72	19	76	91	66	0
	83	68	44	45	72	29	77	90	75	10
	82	58	33	54	73	38	87	80	85	21
	91	49	23	65	74	28	97	70	94	30
	90	59	22	64	75	17	98	71	93	31
	80	69	12	53	76	16	99	72	92	42
	70	79	3	63	86	26	89	83	91	52
	81	78	13	62	95	35	88	93	82	51
	71	77	24	52	94	34	87	84	72	41
	61	76	33	43	85	25	87	73	72	40
	60	75	32	44	74	14	86	63	62	50
	70	76	23	45	64	5	96	53	52	51
	81	77	22	46	54	4	97	43	42	41
	91	88	11	56	55	3	98	32	31	30
	92	89	2	47	65	12	99	43	21	20
	93	79	1	48	74	13	98	53	11	10
	84	69	0	47	74	24	97	63	22	21
	83	68	1	46	73	34	87	72	23	30
	82	57	2	45	64	44	76	71	24	40
	81	47	3	45	54	43	67	61	34	50
	90	56	13	35	55	42	57	60	45	51
	80	66	24	36	65	52	58	70	55	62
	81	76	33	46	74	53	49	71	54	63
	91	77	43	45	84	44	38	72	64	73
	92	88	32	34	93	33	28	83	65	74
	82	98	31	25	94	23	37	84	75	85
	71	99	41	15	95	12	48	73	76	86
	61	89	30	6	96	11	57	63	77	87
	50	78	20	7	97	10	67	52	88	76
	41	79	21	8	98	0	68	43	89	66
	31	69	22	17	99	1	78	33	88	56
	42	59	32	27	98	11	77	44	87	46
	51	69	43	26	97	22	76	54	86	36
	62	79	52	35	96	32	66	64	75	47
	72	89	53	45	95	43	56	74	65	37
	83	98	64	44	94	33	46	84	55	48
	93	99	65	54	94	24	36	84	45	57
	92	89	55	53	85	14	26	73	34	67
	91	88	66	63	86	4	15	64	24	76
	90	77	75	62	87	5	25	74	34	67
	80	68	85	71	97	15	35	84	45	56
	70	58	74	61	98	25	46	93	55	47
	60	69	64	50	99	34	36	92	66	37
	70	78	53	40	98	44	27	91	76	38
	81	89	43	41	97	44	16	90	67	29
	82	98	42	41	96	33	26	80	57	38
	72	99	31	30	95	23	35	70	47	48
	83	89	21	20	94	12	45	71	56	49
	93	79	10	30	94	2	55	82	46	39
	84	69	0	40	85	3	65	83	36	29
	73	59	1	50	86	13	75	92	47	38
	63	49	11	41	76	24	75	91	57	48
	52	58	22	42	77	33	74	90	67	57
	51	68	32	43	88	33	73	81	66	56
	62	77	23	53	98	34	63	80	55	46
	61	88	12	54	97	35	64	90	45	36
	71	87	2	44	96	25	65	91	34	37
	72	76	3	43	95	14	66	92	24	28
	83	86	4	42	94	5	56	93	23	38
	82	95	13	31	85	6	46	84	33	48
	81	96	23	21	75	7	35	74	44	57
	70	97	32	20	76	16	25	73	54	67
	60	98	43	10	77	15	14	63	65	68
	50	99	42	0	78	25	13	52	75	69
	40	89	31	1	79	34	24	51	76	59
	41	88	21	11	69	33	34	62	87	49
	51	98	30	22	59	43	45	72	86	39
	62	99	40	12	58	42	55	83	85	29
	72	89	50	2	57	31	66	93	94	38
	83	78	41	11	56	21	76	92	84	48
	82	68	42	10	55	30	86	91	74	57
	71	58	43	20	65	40	85	90	75	67
	61	69	33	30	64	50	95	80	76	67
	70	79	44	41	53	40	96	81	77	66
	60	89	45	42	54	41	97	82	87	56
	61	98	46	43	65	42	88	83	86	47
	62	99	36	53	74	32	78	93	76	37
	72	89	27	64	84	23	68	94	66	28
	83	78	17	74	73	13	57	95	56	18
	92	68	16	85	63	4	47	96	46	8
	91	57	26	95	52	5	36	97	35	18
	90	47	25	96	51	6	37	98	34	29
	80	56	24	86	50	15	38	99	33	29
	81	67	24	75	61	14	48	98	23	38
	82	77	33	65	71	24	57	97	23	48
	83	88	43	54	72	33	67	96	24	57
	93	98	52	44	83	32	76	95	34	67
	94	99	63	45	84	22	75	95	34	77
	85	89	62	55	74	12	65	86	45	87
	75	79	72	66	64	2	54	76	46	88
	65	69	73	56	53	1	44	67	36	89
	64	59	83	46	63	0	43	68	27	79
	73	49	72	36	62	10	42	58	28	69
	84	59	71	35	51	21	52	48	37	78
	93	69	61	34	41	31	43	47	38	77
	92	78	51	33	41	30	32	46	39	76
	91	88	50	23	51	20	22	55	49	87
	90	98	40	12	62	10	11	65	58	97
	80	99	30	2	72	1	21	74	57	96
	70	89	31	3	83	0	22	84	67	95
	60	79	42	4	93	10	32	84	76	94
	61	69	43	13	92	21	33	85	77	95
	71	68	44	24	91	31	34	86	78	85
	82	58	45	25	90	42	34	76	88	75
	83	69	55	14	80	43	45	66	98	65
	93	79	54	5	70	44	55	56	99	64
	94	89	53	6	60	33	46	57	98	63
	95	78	52	7	61	23	36	67	97	73
	96	77	51	16	71	12	26	68	87	72
	86	76	61	17	82	11	15	67	88	62
	85	75	50	8	83	1	25	66	87	63
	74	65	41	7	93	11	35	56	76	64
	84	55	42	6	94	22	45	47	86	54
	73	56	43	15	95	32	34	46	85	44
	72	67	33	25	96	31	24	55	75	53
	71	77	23	14	97	30	13	65	76	52
	81	88	12	4	98	20	3	74	87	63
	91	89	2	5	99	10	13	84	86	73
	92	79	1	6	98	0	24	93	85	74
	82	69	11	16	97	10	34	83	94	64
	72	59	22	26	96	21	45	84	93	54
	62	49	32	35	95	31	46	73	92	44
	51	38	43	36	94	42	56	64	83	45
	61	48	44	46	93	41	66	54	72	55
	70	58	45	46	92	40	76	53	73	66
	71	68	34	47	91	50	67	52	74	75
	82	78	25	37	81	60	57	63	65	86
	83	88	15	28	80	70	47	72	64	95
	93	98	14	18	90	61	37	73	53	96
	84	99	24	17	91	51	28	74	52	97
	85	89	33	27	92	62	29	75	63	98
	86	79	43	26	93	72	38	76	73	88
	87	69	53	25	84	63	48	67	74	77
	96	59	54	24	85	64	57	56	75	68
	95	49	55	33	86	74	58	66	76	69
	94	39	45	43	87	85	48	65	67	78
	93	29	35	52	97	84	47	74	68	89
	83	38	26	63	98	73	36	64	69	99
	82	48	25	62	97	72	27	53	79	89
	71	57	34	61	96	83	37	44	78	88
	81	67	24	50	95	92	48	43	77	87
	70	76	13	41	94	91	57	32	77	87
	60	75	23	42	93	82	67	22	68	96
	50	65	12	43	83	71	56	11	58	95
	51	66	2	32	82	61	46	1	59	94
	41	76	3	22	71	50	55	10	49	93
	30	87	4	11	81	40	65	21	39	83
	41	97	14	12	70	40	74	31	29	82
	51	98	24	3	60	41	75	42	38	71
	62	99	33	4	61	50	76	52	48	72
	63	89	43	14	71	40	86	62	57	73
	64	79	42	24	81	41	85	51	67	74
	73	69	32	33	91	30	84	62	76	65
	83	59	23	44	92	20	93	72	75	54
	82	49	13	45	91	10	94	63	65	53
	71	58	12	35	90	0	95	52	54	43
