	9	17	21	52	30	5	67	24	3	62
	8	7	10	43	31	4	56	13	2	51
	18	6	0	32	41	3	46	12	1	50
	28	5	10	22	40	2	35	11	0	60
	29	4	20	23	30	12	25	21	1	70
	38	3	10	33	31	13	14	22	2	80
	37	4	1	34	42	24	15	23	11	81
	36	14	0	44	52	25	26	32	22	82
	27	15	10	45	53	35	16	42	21	72
	17	6	20	54	44	46	7	52	30	63
	18	5	21	55	43	47	8	53	41	64
	19	4	31	65	33	48	9	54	42	73
	29	3	32	66	23	49	18	45	52	74
	39	12	22	75	13	58	28	46	53	84
	49	2	11	65	24	57	38	47	44	83
	48	1	10	55	34	68	37	56	45	82
	57	0	20	54	25	69	27	67	35	91
	68	10	30	64	26	59	16	56	36	90
	58	20	40	73	15	49	6	46	47	80
	48	30	50	74	14	39	7	45	37	70
	38	40	61	84	5	29	17	54	28	71
	38	50	62	73	4	19	8	64	18	82
	28	51	72	83	3	9	7	63	17	92
	27	61	82	93	13	8	16	52	18	91
	26	60	81	94	24	17	15	43	29	90
	25	70	80	85	24	27	14	33	39	91
	34	71	81	75	23	26	5	32	49	92
	24	62	82	66	22	25	6	42	59	93
	33	52	83	55	21	35	7	51	69	94
	43	53	93	45	31	36	16	41	58	85
	32	44	94	34	22	46	27	30	48	86
	23	54	85	35	22	36	37	20	38	76
	12	65	86	26	23	47	28	10	29	77
	13	74	85	16	24	57	18	11	29	68
	14	84	85	6	25	67	19	12	39	78
	15	73	84	16	26	56	18	2	49	79
	15	64	83	16	27	46	17	1	59	89
	15	63	82	26	36	35	8	0	69	88
	5	72	92	26	37	45	9	10	68	87
	4	82	91	35	48	54	19	21	57	96
	3	71	90	45	58	65	29	22	47	97
	13	61	80	54	49	74	39	23	56	98
	14	50	70	64	38	73	29	33	46	99
	15	40	61	63	28	72	18	43	35	89
	16	30	50	62	27	83	17	42	25	78
	7	41	40	61	36	82	8	51	14	69
	6	50	30	61	47	91	9	52	15	58
	5	50	20	51	56	81	19	53	26	48
	4	61	10	42	66	70	29	44	36	38
	14	60	0	43	55	71	39	34	37	49
	15	50	1	44	45	72	38	24	48	59
	16	61	2	53	34	73	28	14	57	69
	17	71	3	52	24	84	27	25	67	79
	18	82	4	63	24	94	26	35	66	89
	8	92	5	73	25	95	36	46	55	88
	7	93	6	84	26	85	47	56	65	77
	16	94	15	74	27	75	37	57	54	67
	17	85	25	65	28	76	48	68	64	66
	18	75	24	55	29	86	58	78	53	56
	9	74	33	45	19	87	59	69	43	46
	8	73	32	44	29	96	49	79	42	35
	7	83	22	33	39	97	38	89	31	34
	6	82	12	23	29	98	37	99	21	24
	5	91	11	13	28	88	27	89	30	14
	15	90	21	3	17	77	16	78	40	4
	15	80	30	2	18	67	26	68	41	5
	16	81	20	12	9	56	36	57	51	6
	17	70	10	23	19	46	47	48	62	7
	18	71	0	33	29	55	37	58	72	8
	28	82	1	44	29	54	38	59	63	9
	27	92	2	45	28	64	49	69	52	19
	26	93	3	35	17	63	58	79	53	29
	25	84	13	34	16	73	48	89	43	38
	24	94	14	33	15	74	37	98	32	39
	13	95	4	23	5	85	27	97	42	49
	14	94	3	22	6	75	16	87	31	59
	15	93	12	11	7	76	26	86	21	69
	16	83	2	22	8	66	36	96	30	79
	17	82	1	32	18	65	46	97	40	89
	28	91	10	43	9	55	56	88	50	98
	29	90	21	44	8	54	67	77	60	99
	39	80	30	45	17	64	57	78	61	89
	49	81	40	35	27	63	47	68	51	79
	59	70	50	25	36	62	37	57	41	69
	49	71	60	34	35	61	27	47	42	68
	38	82	70	24	26	51	16	48	52	57
	28	72	80	33	15	62	6	58	53	56
	18	73	90	44	5	63	7	69	43	66
	9	84	91	45	4	53	8	78	32	75
	19	74	92	46	13	43	17	88	23	85
	29	65	82	55	14	33	27	87	12	95
	39	64	72	54	25	34	16	86	3	94
	49	73	83	53	26	45	6	85	2	93
	38	63	84	52	27	46	5	74	11	92
	28	62	94	42	17	55	4	75	22	91
	18	71	95	43	16	66	13	76	31	81
	8	82	96	44	6	67	3	77	21	70
	7	72	97	45	15	68	4	78	20	60
	16	73	98	35	5	57	14	89	10	50
	6	84	99	26	15	47	24	79	0	40
	7	85	89	36	16	46	23	69	1	30
	17	86	79	37	27	56	12	59	2	20
	18	85	69	48	28	55	13	49	11	10
	9	84	59	47	29	65	14	58	22	21
	19	83	49	46	39	54	15	68	32	31
	29	82	38	45	49	64	16	67	42	41
	18	92	37	34	48	73	7	56	51	50
	8	93	47	24	57	72	17	55	61	60
	9	94	56	23	48	62	27	65	71	70
	19	95	55	12	37	52	26	54	82	80
	29	96	66	2	27	53	25	64	83	90
	28	86	75	3	16	63	14	74	93	91
	18	85	76	13	15	73	14	84	94	82
	17	95	87	24	5	83	4	93	84	92
	27	96	88	34	6	72	3	94	74	91
	26	86	77	45	7	71	12	95	65	81
	25	87	78	54	17	61	22	85	55	70
	34	77	89	44	27	50	11	75	46	60
	24	76	98	33	36	40	12	65	35	61
	14	75	97	43	47	30	13	54	26	71
	15	74	96	32	57	20	14	44	16	82
	15	73	95	33	58	10	14	34	6	83
	16	64	85	44	69	0	4	35	5	84
	17	65	94	45	58	1	3	36	6	93
	18	54	95	35	48	2	12	46	7	92
	8	44	86	26	37	11	23	47	17	91
	9	53	87	15	27	21	13	56	28	90
	19	63	88	5	26	31	14	67	38	80
	29	72	78	6	25	32	15	68	39	81
	18	82	79	16	24	42	15	77	49	70
	17	92	89	26	33	51	14	76	59	60
	16	93	99	35	43	52	24	66	69	50
	26	84	98	45	32	53	33	55	68	40
	25	85	97	54	22	63	34	65	67	30
	35	94	96	53	23	73	44	64	76	20
	26	93	95	63	24	72	43	74	66	10
	15	83	85	62	25	82	42	75	56	0
	16	92	84	61	26	81	31	86	55	1
	17	91	83	50	27	70	22	87	65	2
	18	81	72	40	36	60	12	88	64	3
	8	70	62	41	46	50	13	78	53	4
	7	60	61	42	55	51	14	69	43	5
	6	70	71	42	54	52	15	59	32	4
	16	81	82	43	53	63	15	49	22	3
	27	80	92	44	43	73	25	58	12	2
	17	90	93	45	33	74	34	48	11	1
	18	91	94	35	23	75	24	37	21	10
	9	92	95	26	23	86	13	36	30	20
	19	93	96	27	24	87	12	47	31	10
	29	83	97	28	25	88	13	57	41	0
	39	82	98	38	26	78	14	68	40	1
	49	72	89	48	27	77	15	67	50	2
	38	73	78	47	28	76	16	66	61	3
	29	64	68	46	17	75	27	56	71	13
	18	54	57	45	8	85	37	55	82	23
	9	65	47	44	7	84	36	66	92	24
	19	74	56	33	6	83	46	75	93	25
	29	84	66	23	5	72	55	85	94	15
	39	73	67	24	4	62	45	86	95	14
	49	63	76	34	5	51	35	87	96	13
	38	72	77	44	6	42	26	88	97	12
	28	82	78	53	16	32	15	98	87	22
	18	81	69	52	27	43	25	99	86	11
	17	70	59	63	28	33	14	89	75	21
	8	60	58	53	37	23	13	79	65	20
	9	50	49	44	48	24	3	69	64	30
	19	51	39	45	57	34	2	59	53	31
	29	62	38	54	68	35	12	58	43	41
	18	71	28	65	57	36	13	48	32	40
	17	82	27	74	47	37	14	38	22	50
	7	91	26	73	46	36	15	49	11	60
	16	90	25	64	56	35	15	59	1	70
	6	80	24	53	55	45	5	69	0	81
	7	70	33	43	54	44	4	78	10	71
	8	61	32	42	65	34	3	77	20	72
	18	71	22	31	55	25	2	67	21	83
	9	82	23	30	46	14	1	56	11	92
	19	91	24	40	36	4	0	66	12	93
	29	90	25	41	27	5	10	75	23	84
	39	80	26	42	28	6	11	85	13	73
	49	81	27	43	29	7	12	84	14	63
	38	70	28	44	19	8	13	83	25	52
	29	71	37	45	9	18	14	72	34	42
	19	82	48	54	8	17	15	63	35	32
	9	92	58	65	7	16	15	52	26	22
	8	93	69	66	6	27	5	42	36	11
	17	94	58	67	16	37	4	32	47	1
	27	95	48	76	16	38	3	22	57	0
	17	86	49	66	26	39	2	11	68	10
	18	85	59	55	36	29	1	21	78	20
	28	84	69	45	37	19	0	31	79	30
	27	83	58	46	47	9	10	41	89	40
	16	82	48	56	57	8	20	50	88	30
	15	91	37	67	68	7	21	51	87	31
	25	90	27	77	78	16	22	62	76	42
	14	80	26	88	89	15	23	61	75	51
	14	81	35	87	98	5	33	60	74	52
	15	70	34	76	97	4	24	50	64	53
	16	71	44	66	96	3	13	40	73	43
	17	82	54	55	86	12	23	41	84	32
