	44	75	23	48	21	47	18	90	17	29
	33	65	13	37	10	36	8	81	16	28
	23	54	3	27	0	26	9	70	6	38
	12	44	2	16	1	15	19	60	5	39
	22	33	11	6	10	14	18	50	4	49
	31	23	21	5	20	13	28	40	3	58
	30	12	22	4	10	24	27	41	2	57
	20	11	32	3	0	25	16	42	1	56
	10	21	43	2	0	34	6	51	11	46
	1	31	52	12	10	35	5	61	22	45
	2	42	51	13	20	36	4	62	32	55
	3	41	50	24	30	47	14	63	33	66
	4	40	60	25	21	48	15	64	34	67
	5	50	70	35	11	37	26	73	45	68
	6	60	71	46	2	28	36	72	55	69
	7	70	82	56	3	17	47	83	66	59
	8	71	92	57	13	18	48	84	67	58
	9	72	93	68	24	19	37	94	76	49
	18	63	83	77	25	29	38	95	86	39
	28	64	73	76	34	19	48	96	87	49
	27	74	84	75	35	9	47	97	88	59
	26	85	94	65	45	8	36	98	78	69
	16	86	93	54	46	17	35	89	79	58
	15	96	92	53	55	7	25	99	69	57
	14	97	91	44	54	6	24	98	58	47
	4	87	81	43	64	15	23	88	57	36
	5	77	80	52	63	14	22	78	47	27
	6	67	90	42	62	13	31	68	36	16
	7	66	91	51	61	23	32	57	27	26
	8	65	82	41	60	12	33	47	37	35
	18	54	71	30	50	11	34	56	38	45
	29	44	61	20	41	1	25	55	39	46
	19	33	51	10	30	0	24	66	49	36
	9	43	41	21	20	1	14	76	58	27
	8	53	30	22	10	2	4	75	48	28
	17	64	20	31	11	3	5	74	57	29
	28	73	10	42	2	4	15	84	56	39
	27	72	0	43	3	14	16	93	55	38
	36	62	1	33	4	25	6	92	54	48
	46	51	2	34	14	26	7	82	44	58
	56	41	3	45	25	27	8	71	53	49
	55	30	4	35	34	28	18	61	64	59
	66	20	5	46	24	37	29	50	65	69
	75	10	6	36	13	48	38	40	74	79
	85	0	7	27	23	49	39	30	73	89
	84	1	8	17	32	58	29	20	72	98
	73	2	9	28	22	59	19	10	71	88
	63	3	18	37	12	69	29	0	70	77
	62	4	28	47	11	68	38	1	60	76
	61	5	37	48	21	57	49	10	50	67
	51	6	36	58	31	56	39	20	40	66
	52	7	26	59	42	55	29	30	41	65
	43	8	15	69	32	54	19	21	50	64
	33	9	16	78	23	53	18	22	60	63
	44	8	6	77	24	52	17	12	70	62
	54	7	5	67	14	51	16	13	80	61
	45	6	4	66	25	41	15	3	81	50
	46	5	14	65	34	30	26	2	90	40
	47	15	25	55	44	20	35	1	91	41
	36	26	34	54	45	10	46	0	92	31
	27	35	33	53	44	11	56	1	93	21
	28	34	43	64	54	22	57	2	83	30
	38	33	53	74	65	32	58	12	82	40
	48	43	64	75	66	42	68	22	72	50
	58	53	74	76	56	52	69	31	73	60
	49	64	75	86	57	63	79	42	84	70
	39	74	85	87	58	72	89	43	94	80
	29	84	95	88	68	71	98	44	93	81
	19	83	96	97	69	82	99	34	92	90
	9	73	86	87	79	91	89	35	93	80
	18	63	76	77	78	90	88	46	94	70
	8	62	67	68	69	80	98	36	95	61
	17	51	66	58	59	70	97	26	96	60
	7	41	55	49	69	71	87	27	86	50
	16	31	46	39	79	72	76	17	75	40
	6	21	47	29	89	82	67	28	65	30
	5	20	37	38	98	81	66	18	55	41
	4	10	48	49	97	91	56	19	46	42
	13	0	57	58	96	92	47	9	36	32
	14	1	68	69	95	93	37	8	35	23
	24	2	78	79	94	84	27	7	25	12
	23	3	89	69	85	74	26	6	15	13
	33	4	99	59	75	65	16	5	14	12
	43	3	98	58	66	54	7	6	24	11
	53	2	88	49	55	44	17	15	33	22
	52	11	77	39	45	34	28	25	32	31
	63	22	87	29	46	35	38	26	42	30
	64	31	96	18	56	36	48	27	52	40
	73	30	95	19	67	47	57	17	63	50
	83	40	85	9	77	37	58	28	62	60
	72	50	74	8	88	38	68	18	61	70
	62	60	64	7	87	49	77	29	51	80
	71	70	53	16	86	58	76	39	41	90
	82	80	43	6	96	68	75	49	42	81
	91	90	33	5	97	77	74	58	32	70
	92	80	34	4	98	76	64	68	23	60
	93	70	45	3	89	87	63	77	13	50
	94	60	55	12	79	88	52	78	14	41
	95	50	56	2	69	97	42	68	24	31
	86	41	46	1	59	96	43	67	25	21
	85	42	36	0	58	87	33	66	15	10
	84	43	27	1	48	76	23	65	26	20
	74	33	17	11	47	75	13	64	35	30
	73	23	28	22	46	65	4	54	34	40
	63	24	38	32	55	66	3	44	33	50
	53	13	49	31	45	56	2	43	23	60
	52	4	39	30	34	57	1	42	12	61
	51	5	29	20	24	58	0	31	3	62
	41	6	19	21	13	49	10	30	4	72
	40	7	9	11	14	38	1	31	5	83
	50	17	8	12	25	28	2	22	6	82
	60	18	7	13	15	37	3	23	16	71
	70	29	8	14	26	36	4	24	27	81
	80	39	18	5	35	47	13	25	17	90
	81	49	29	6	46	48	24	34	28	91
	82	59	39	7	47	58	33	44	38	92
	72	69	49	8	48	68	32	54	37	93
	73	78	59	9	58	77	43	64	27	94
	84	79	69	18	68	88	53	74	16	95
	94	89	78	17	67	98	64	85	6	96
	95	99	88	28	76	97	74	86	5	87
	96	98	77	29	75	88	85	76	15	86
	95	89	68	19	65	78	84	66	14	87
	94	79	57	9	55	69	83	56	13	97
	93	89	47	8	45	58	82	46	12	96
	83	99	36	7	35	57	71	55	11	95
	82	98	26	16	25	56	61	54	10	94
	71	97	15	27	14	55	60	44	0	93
	61	96	5	37	4	65	50	34	1	83
	51	86	6	38	3	66	41	25	2	82
	42	75	7	39	13	67	30	15	12	71
	31	65	17	49	23	76	20	6	22	61
	21	55	27	58	24	75	10	5	32	50
	11	56	37	48	34	74	0	4	33	40
	1	57	28	47	44	64	10	3	43	30
	2	67	18	46	54	53	20	12	52	21
	11	76	29	45	55	63	30	23	62	22
	1	87	19	35	66	72	41	32	71	31
	0	77	9	36	67	73	51	33	70	42
	10	88	8	26	68	84	52	43	80	32
	21	78	7	25	69	94	53	44	81	23
	31	79	16	15	59	95	63	45	90	24
	32	89	6	14	58	86	64	46	91	34
	23	99	5	4	49	87	65	56	92	45
	33	98	15	3	38	77	66	57	93	46
	43	97	26	2	28	68	56	47	84	36
	52	96	27	11	18	57	67	37	85	35
	53	95	17	10	8	48	76	38	86	25
	44	94	7	0	9	58	75	39	87	24
	34	93	16	1	19	59	74	49	88	13
	24	83	6	2	29	69	73	38	78	3
	14	82	5	12	28	79	72	37	89	4
	15	71	6	22	27	78	62	36	99	13
	26	61	7	21	16	77	51	35	98	12
	25	50	8	20	17	68	41	45	97	22
	34	40	18	30	28	58	31	54	96	21
	45	50	9	41	38	57	42	55	95	11
	46	60	19	51	48	56	32	65	94	10
	47	70	29	52	58	66	23	74	93	0
	48	80	39	63	69	75	33	73	83	1
	49	81	38	64	79	74	43	84	92	2
	59	90	37	53	78	85	52	94	91	3
	58	80	27	44	88	86	62	95	82	4
	69	70	36	34	89	76	72	96	71	5
	79	60	26	24	98	67	73	87	61	15
	89	50	16	14	97	77	84	76	51	6
	98	40	7	4	87	88	85	66	41	5
	99	30	8	13	86	78	95	55	31	15
	89	20	17	12	75	68	94	54	22	25
	78	10	18	11	65	57	93	44	21	35
	68	0	28	1	54	58	83	33	31	45
	69	10	29	2	55	48	92	43	42	46
	79	20	19	3	56	37	91	32	52	47
	89	30	9	4	57	28	81	23	63	36
	88	41	8	14	58	17	90	24	73	27
	97	42	7	25	68	16	80	34	83	26
	96	32	6	15	78	17	70	35	93	36
	95	23	5	14	79	18	60	45	94	46
	85	33	4	13	69	29	50	44	84	55
	75	43	3	12	59	39	40	53	74	66
	76	52	2	22	49	38	30	63	65	67
	77	62	11	21	58	48	20	64	66	57
	87	71	10	31	68	47	30	74	56	67
	86	81	20	41	77	37	40	73	46	76
	95	70	30	51	88	28	50	72	36	75
	94	60	40	52	98	27	61	62	37	85
	93	70	50	42	99	16	71	63	38	84
	92	80	51	32	89	6	82	53	29	73
	91	90	52	23	79	5	83	54	19	64
	81	80	53	24	78	15	73	45	9	65
	70	90	63	25	69	14	64	34	8	55
	60	91	72	26	58	4	54	35	7	45
	50	82	62	36	59	13	44	46	6	34
	41	83	61	47	49	3	33	56	5	24
	42	73	60	48	39	12	43	57	4	13
	31	63	70	58	29	2	32	68	14	23
	22	53	80	69	19	1	33	78	15	24
	12	54	90	79	9	0	44	88	16	14
	13	65	91	89	8	10	45	97	17	15
	4	66	81	88	18	11	46	96	28	16
