	36	85	91	57	61	32	83	75	41	49
	27	74	81	47	50	22	72	65	30	39
	16	64	70	36	40	11	62	54	20	29
	6	53	60	26	30	1	51	44	10	18
	5	43	50	15	20	0	41	33	21	8
	4	32	40	14	10	1	30	23	31	7
	3	42	41	13	11	2	21	12	22	6
	4	52	51	24	1	11	20	23	31	5
	14	63	61	25	0	10	30	33	42	15
	13	73	71	34	1	20	41	44	52	16
	3	64	81	35	2	30	42	45	63	17
	12	65	80	46	11	41	52	55	72	28
	22	66	90	56	21	42	63	54	82	37
	31	67	91	57	20	52	73	53	92	48
	42	68	81	58	30	62	84	43	93	38
	32	69	70	59	41	71	94	33	83	49
	23	78	60	58	42	61	95	24	72	39
	13	77	50	57	52	51	96	25	62	29
	4	76	40	47	43	41	87	26	63	19
	5	86	30	36	32	31	88	27	64	9
	6	85	21	35	23	22	89	16	74	18
	7	75	10	34	24	11	79	15	65	8
	17	66	0	44	14	1	69	25	55	9
	28	56	10	45	13	2	58	26	46	19
	37	47	20	54	3	12	49	27	36	29
	48	57	30	53	4	23	38	16	35	28
	58	67	41	64	5	33	39	6	45	18
	68	66	51	73	15	44	49	7	54	8
	67	65	61	63	25	53	59	17	64	9
	77	74	71	72	24	52	69	27	73	19
	78	84	81	62	33	42	68	26	83	29
	88	93	90	52	43	51	57	25	82	39
	98	92	80	53	42	50	56	24	91	49
	97	83	70	44	31	60	55	33	90	59
	96	72	81	34	32	61	54	23	80	69
	95	62	71	35	22	51	53	13	90	68
	94	63	61	46	21	41	64	14	91	67
	84	73	51	55	11	40	65	4	82	77
	85	74	41	45	1	30	75	3	72	78
	86	64	31	34	2	21	76	13	63	88
	87	54	32	24	12	22	66	13	52	97
	96	45	23	25	11	21	67	14	42	98
	95	44	13	15	10	20	77	5	31	89
	94	43	24	16	0	30	87	6	21	79
	93	32	33	7	1	40	86	15	22	69
	92	42	43	8	2	50	85	26	12	58
	82	52	43	9	3	60	74	36	23	48
	91	53	52	18	4	70	64	35	33	37
	90	63	62	28	5	80	73	25	44	36
	81	72	71	27	6	70	83	24	53	47
	82	62	61	26	15	60	84	33	64	57
	83	51	50	25	14	70	94	43	65	56
	84	41	40	24	14	80	95	52	66	46
	73	31	30	34	13	90	96	42	56	45
	72	21	20	35	23	91	86	32	47	55
	71	11	10	36	22	92	75	33	37	66
	81	1	0	27	12	93	65	34	38	76
	90	11	10	17	2	84	64	45	48	67
	91	22	20	16	3	94	54	46	57	68
	92	32	30	26	4	95	44	35	56	78
	93	43	41	25	14	94	33	34	55	88
	83	53	51	24	14	85	23	45	54	97
	82	63	62	13	5	75	12	34	64	98
	81	73	71	3	6	65	11	24	74	89
	90	83	61	2	7	64	22	13	84	79
	80	82	60	1	8	63	32	23	93	69
	70	81	50	0	9	72	43	33	92	58
	60	91	40	10	19	82	53	44	83	49
	61	92	30	21	29	71	64	54	73	39
	50	93	31	22	28	62	65	55	74	38
	40	94	42	23	27	52	66	46	85	37
	50	95	32	24	26	62	76	35	86	47
	60	96	33	25	26	71	77	34	87	56
	70	97	24	15	36	81	78	45	88	55
	80	98	25	16	47	90	69	44	89	66
	81	97	34	17	48	91	68	43	78	76
	82	96	44	18	57	92	67	53	77	86
	72	95	43	8	56	93	66	63	76	75
	83	85	52	7	55	94	65	64	87	74
	84	85	62	6	54	93	66	73	86	75
	83	95	71	5	44	92	67	63	96	76
	82	94	81	14	34	91	68	52	97	77
	82	93	90	24	34	91	58	42	88	78
	81	92	80	13	25	90	59	31	89	79
	70	91	81	12	35	80	49	21	99	69
	61	82	71	3	46	90	39	22	98	59
	51	72	62	2	36	81	38	23	97	58
	41	63	52	1	27	71	37	24	87	49
	30	64	42	0	28	61	47	13	86	39
	20	54	41	10	27	51	56	3	85	29
	30	45	31	21	26	50	55	2	74	18
	40	44	22	21	25	60	65	1	64	8
	50	33	23	22	24	70	66	0	53	7
	60	32	13	23	14	81	75	10	43	6
	70	42	24	12	15	90	76	11	52	5
	81	41	33	3	16	91	67	2	62	4
	80	40	43	13	17	92	57	1	72	14
	90	50	52	24	28	83	48	0	73	25
	81	61	62	34	38	84	47	10	64	35
	82	61	71	45	37	94	46	21	63	36
	83	62	72	54	48	95	55	22	53	27
	84	63	73	65	57	94	54	23	44	26
	93	64	74	66	67	85	45	24	33	25
	92	54	75	56	68	86	35	13	32	15
	91	45	66	47	77	76	26	12	31	6
	90	35	65	36	67	86	26	11	42	7
	81	25	64	27	56	95	15	2	43	8
	70	14	63	26	46	94	6	3	53	9
	60	5	62	25	35	93	7	4	52	19
	50	15	71	24	34	92	16	13	51	29
	41	26	81	23	33	91	16	12	61	28
	30	35	90	32	43	91	26	22	71	27
	40	45	80	31	42	82	35	21	72	17
	50	54	70	30	51	83	45	20	63	18
	61	64	60	41	62	73	54	10	63	8
	71	74	70	51	52	84	55	1	53	7
	82	85	81	42	43	94	46	11	44	6
	72	75	90	32	33	95	56	12	34	15
	71	76	91	23	24	96	57	13	25	15
	81	87	92	22	14	95	58	3	26	5
	90	88	83	21	4	94	49	2	36	6
	91	77	72	31	3	93	48	1	37	16
	92	67	73	30	2	93	47	0	36	27
	83	66	72	40	1	84	46	10	35	28
	82	65	63	50	11	74	45	21	35	38
	81	64	53	41	22	85	54	21	45	37
	80	73	52	31	23	86	55	22	44	36
	90	72	62	21	24	95	56	23	43	35
	91	82	71	22	25	94	57	32	52	35
	92	81	61	12	34	93	68	42	62	45
	83	70	50	13	44	84	69	51	63	54
	73	60	40	14	53	74	59	41	64	65
	72	61	50	25	43	75	58	30	54	55
	71	62	51	26	42	76	57	20	45	56
	81	52	41	25	31	86	48	21	46	67
	90	53	30	24	22	85	49	21	56	67
	80	54	40	34	23	94	39	22	47	56
	70	55	50	35	24	93	29	23	48	46
	60	66	61	36	33	92	18	12	49	45
	70	76	51	27	32	91	17	13	39	44
	81	75	52	16	43	90	27	14	38	33
	82	74	62	6	42	80	26	5	37	24
	83	64	71	7	31	70	35	4	36	25
	84	63	82	8	41	60	45	3	46	15
	73	72	83	17	30	50	54	13	55	5
	64	62	93	16	20	41	54	24	65	4
	53	61	94	15	21	42	44	25	66	3
	52	50	84	26	22	51	34	35	67	2
	62	40	83	36	23	61	33	46	77	1
	71	30	82	47	12	70	32	56	78	11
	81	20	82	57	13	80	43	67	68	10
	90	21	92	58	14	80	52	76	69	0
	91	31	93	48	24	70	63	66	68	1
	92	32	94	37	25	60	64	55	67	2
	93	43	95	27	15	50	74	45	66	3
	94	53	86	26	6	40	85	34	65	13
	95	64	87	25	7	30	75	24	65	14
	86	74	87	15	8	20	76	23	55	5
	96	85	86	6	9	30	77	32	45	4
	95	84	85	7	18	41	88	43	54	3
	94	73	84	8	28	51	89	53	44	12
	93	72	83	9	27	62	79	52	33	22
	92	71	82	18	26	62	78	42	24	32
	91	61	81	28	25	71	68	31	34	23
	90	62	80	27	35	81	67	21	45	24
	91	63	70	26	36	82	66	22	54	25
	92	64	60	16	46	72	65	23	54	14
	83	74	50	17	47	63	75	24	55	13
	73	85	40	7	56	64	76	33	46	4
	74	86	30	6	55	65	87	43	35	5
	75	96	21	15	45	66	97	53	25	14
	85	95	31	26	34	65	98	64	24	13
	94	86	42	27	44	74	99	54	33	3
	93	76	51	37	43	84	89	55	32	2
	92	77	62	36	52	83	88	56	42	1
	91	67	71	35	63	82	87	57	41	0
	90	68	81	34	72	91	86	48	50	10
	80	58	70	24	71	92	75	38	61	11
	81	57	60	33	62	93	74	37	51	12
	90	56	50	43	52	94	64	27	42	23
	91	66	40	53	63	85	54	26	31	24
	92	65	30	44	73	86	55	25	32	24
	93	75	20	45	64	76	46	35	43	33
	94	74	30	34	65	77	47	36	53	44
	85	84	41	24	54	78	48	37	64	33
	95	83	51	14	55	88	49	28	63	23
	94	82	62	4	56	97	58	18	72	22
	93	81	71	5	47	96	68	8	73	21
	92	90	70	6	36	95	67	9	64	22
	91	80	61	7	26	94	66	18	53	23
	90	70	60	8	25	93	65	17	52	24
	81	61	50	7	14	92	64	16	42	13
	82	62	40	6	5	91	73	15	31	4
	83	63	30	16	14	90	84	25	21	3
	72	64	41	27	24	80	74	35	22	2
	71	53	51	37	34	70	75	45	32	1
	61	52	62	38	44	60	86	46	43	0
	50	42	63	28	54	70	87	55	33	10
	40	31	72	27	65	81	76	56	23	11
	30	21	82	26	75	90	77	57	12	22
