	54	43	77	35	64	5	78	71	91	95
	44	33	67	25	53	6	69	61	81	85
	34	23	56	14	52	7	58	50	70	74
	24	12	46	4	42	8	48	40	60	64
	13	2	35	3	31	9	37	30	50	53
	12	1	25	4	21	18	27	20	40	43
	2	0	14	5	10	17	16	30	41	32
	1	0	25	6	11	28	15	31	51	22
	2	10	26	7	12	29	14	42	62	23
	3	11	36	8	13	19	24	51	63	33
	4	22	47	9	14	18	34	62	72	44
	5	32	57	8	15	17	45	71	73	54
	6	43	68	7	26	27	46	82	83	55
	16	53	77	17	36	37	47	92	84	65
	26	63	76	27	35	38	48	93	94	66
	25	62	87	36	34	39	49	83	95	75
	24	51	86	47	33	29	59	72	96	85
	23	41	76	57	43	28	69	63	97	74
	32	50	67	56	52	18	79	64	88	73
	42	60	77	46	43	19	89	53	98	84
	51	70	88	35	44	9	99	54	97	93
	62	71	78	25	34	8	89	45	87	92
	72	81	68	14	24	7	79	55	76	91
	73	80	58	13	33	16	69	65	66	90
	64	70	48	12	23	6	58	75	56	81
	65	61	37	11	22	15	49	85	47	82
	66	50	28	21	31	25	38	84	36	83
	56	40	29	10	30	35	39	94	27	72
	57	41	38	0	20	34	49	95	28	63
	48	42	38	1	10	24	59	96	18	64
	58	52	49	2	11	13	69	86	29	74
	68	63	58	3	12	23	78	87	38	73
	77	53	68	4	13	32	88	97	48	84
	67	43	57	14	13	42	98	96	48	94
	76	44	56	5	24	51	99	95	57	93
	66	54	46	6	33	62	89	85	67	92
	75	45	35	7	32	71	79	74	77	91
	65	55	26	17	42	70	69	73	87	90
	64	56	16	27	41	60	58	63	86	80
	53	47	26	37	51	61	48	62	75	70
	52	36	35	27	42	50	49	72	74	81
	43	46	25	16	31	40	39	82	75	71
	44	56	35	15	22	30	29	83	76	61
	54	57	46	14	11	21	19	84	77	50
	55	68	56	25	12	20	9	94	78	40
	66	67	56	34	13	10	8	95	88	30
	65	76	47	33	14	0	18	86	97	21
	64	87	48	24	5	1	28	96	98	22
	73	88	49	23	6	2	38	97	99	31
	72	98	59	22	7	12	37	87	89	32
	82	88	69	11	8	3	27	77	79	43
	81	78	58	12	9	4	17	68	89	44
	71	69	57	13	18	5	7	67	99	54
	61	58	48	14	17	6	16	56	98	45
	50	57	37	4	17	15	27	46	97	55
	51	56	36	5	16	26	28	35	87	65
	52	46	47	6	15	25	29	34	76	64
	53	45	48	7	14	24	39	33	75	73
	54	34	38	8	13	23	49	32	65	63
	55	25	37	9	3	22	59	42	74	62
	56	14	48	18	2	21	69	52	85	51
	46	13	58	17	1	20	79	53	84	41
	36	24	68	16	10	30	89	54	93	50
	26	34	77	15	20	41	99	55	83	60
	35	45	76	14	10	42	89	66	73	61
	25	44	75	24	11	51	78	56	74	70
	34	33	86	23	12	50	68	67	64	71
	45	44	95	22	3	40	57	77	63	72
	55	54	96	21	4	30	48	87	62	82
	56	55	97	31	5	20	47	88	52	91
	46	66	98	32	6	10	37	89	43	90
	36	76	99	23	15	0	27	79	53	80
	26	77	89	13	14	1	28	69	54	81
	16	68	79	24	25	2	29	59	65	70
	6	58	78	34	26	3	19	69	66	60
	5	57	88	35	27	4	29	68	76	50
	15	56	87	46	28	13	38	67	77	40
	25	47	86	36	18	14	48	66	78	30
	35	37	85	27	8	24	49	75	89	20
	46	38	94	16	7	23	39	74	98	10
	56	29	84	15	6	32	49	73	97	0
	66	18	93	14	5	43	59	83	96	1
	65	8	92	4	15	52	69	82	86	2
	64	7	83	3	25	53	79	71	75	11
	63	16	72	2	24	44	89	71	76	12
	62	26	73	1	33	34	78	72	77	22
	51	35	74	10	23	45	68	73	88	21
	52	36	75	20	12	54	58	74	87	31
	53	47	76	30	13	44	48	75	97	41
	54	56	77	21	14	33	57	76	98	42
	55	67	78	11	4	23	68	87	99	51
	56	66	88	12	3	13	69	96	89	52
	46	65	87	2	4	24	59	97	79	43
	35	74	86	1	5	25	49	98	69	32
	26	85	95	0	6	15	38	99	59	23
	27	94	96	10	7	16	28	89	49	24
	17	84	87	11	8	15	37	78	48	25
	18	93	76	12	7	14	36	77	58	34
	9	83	75	13	6	4	47	68	57	45
	18	72	66	3	5	14	56	67	48	44
	28	63	55	2	15	24	46	77	38	53
	37	52	45	1	26	34	35	88	29	64
	47	53	44	0	27	33	25	97	19	73
	56	64	54	10	28	43	26	98	9	74
	55	65	45	11	18	42	27	99	19	85
	66	75	46	12	17	31	37	89	29	86
	76	74	56	13	16	22	48	79	38	95
	77	84	67	14	15	11	49	78	48	96
	87	94	57	25	6	12	39	69	48	97
	88	95	58	24	7	13	29	59	47	98
	89	85	68	23	8	4	28	49	36	99
	79	75	77	32	9	5	17	39	35	98
	69	65	87	33	18	6	16	29	34	97
	59	54	76	44	28	7	26	19	45	96
	58	55	75	34	27	16	36	29	45	86
	57	56	74	25	26	15	35	38	55	85
	68	66	84	14	25	15	46	48	55	94
	77	76	93	13	24	5	47	57	66	95
	78	86	92	3	23	4	37	68	67	96
	88	87	82	2	22	14	28	69	56	97
	89	76	72	1	21	15	17	79	55	98
	99	67	73	0	20	6	8	78	65	88
	89	56	74	10	30	7	9	77	64	87
	78	55	75	11	21	8	18	76	53	86
	77	65	85	12	10	17	29	66	54	95
	67	64	84	13	11	27	38	56	44	94
	57	63	83	14	12	16	48	46	43	93
	58	52	92	15	13	16	49	36	42	84
	59	51	91	26	14	6	39	37	31	73
	69	52	81	36	15	5	29	48	21	63
	68	53	71	35	26	4	19	49	22	62
	77	54	61	34	25	3	9	58	23	72
	67	55	71	33	24	2	18	68	23	82
	56	55	72	32	14	1	28	78	24	83
	47	45	73	43	4	0	37	79	34	93
	48	44	74	33	3	10	27	89	45	94
	38	53	75	23	2	11	37	98	55	95
	39	64	76	12	1	21	36	97	66	96
	29	74	77	3	0	20	26	88	65	87
	19	85	67	4	10	30	25	78	54	86
	18	75	57	14	11	21	24	69	45	95
	28	66	47	13	12	10	34	59	46	94
	37	56	48	23	22	11	35	49	36	84
	47	57	58	32	31	2	26	38	27	83
	46	68	69	42	41	1	16	39	37	92
	35	77	78	51	40	0	7	49	48	91
	26	76	79	50	30	10	8	58	57	90
	16	87	89	41	20	11	17	68	67	80
	6	96	99	30	10	12	18	77	76	70
	15	86	98	20	11	13	29	87	75	60
	25	76	97	10	12	14	38	88	74	50
	35	66	96	11	13	5	48	78	84	40
	46	56	95	12	14	4	49	69	83	30
	55	47	94	13	24	3	58	59	82	20
	65	48	84	23	33	2	57	49	71	10
	64	37	73	22	43	1	67	58	72	0
	63	28	74	21	52	11	77	68	62	10
	53	27	75	31	42	12	76	78	72	20
	44	36	85	32	51	13	86	79	73	30
	54	46	95	23	41	14	87	89	74	31
	55	56	96	12	30	15	88	99	75	32
	45	67	87	13	21	26	78	98	76	33
	34	77	88	14	11	36	69	97	66	44
	25	78	89	15	12	37	58	96	65	43
	26	69	79	16	13	28	48	86	64	52
	35	59	78	7	14	18	37	85	63	62
	36	49	68	8	15	17	27	94	72	61
	47	48	57	9	26	16	28	93	83	70
	56	47	67	19	25	6	29	92	73	80
	66	46	77	18	24	5	39	82	74	81
	76	55	87	17	23	4	38	71	75	90
	86	66	96	16	22	3	48	72	65	91
	95	56	97	15	11	13	47	73	54	92
	85	57	98	14	12	13	37	74	53	83
	84	58	99	24	2	23	27	65	44	73
	74	69	89	33	1	32	16	54	45	64
	65	79	88	43	0	42	6	55	34	63
	54	89	77	52	10	51	5	56	45	62
	55	99	76	53	20	50	15	67	45	61
	56	98	87	44	30	40	26	68	55	60
	57	88	86	34	21	30	36	58	66	70
	48	77	75	25	11	20	47	69	76	80
	49	78	85	14	12	10	46	79	67	81
	59	89	94	5	13	11	35	69	68	82
	58	99	93	6	14	12	25	78	77	71
	48	98	92	7	4	13	24	89	76	72
	57	88	82	8	3	23	33	79	87	83
	56	77	91	9	2	22	44	69	96	73
	46	67	81	19	1	31	53	58	95	84
	35	56	70	18	0	41	43	48	94	74
	25	46	71	17	10	42	44	38	93	64
	14	35	72	16	11	32	45	49	92	53
	4	34	73	15	12	23	46	58	82	44
	3	25	74	14	13	12	47	68	72	54
	4	26	75	5	24	22	48	77	73	65
	14	27	76	6	33	21	37	87	74	55
	25	36	86	7	43	30	28	96	75	66
	35	46	85	8	52	40	29	95	65	56
	35	45	84	9	51	50	39	94	64	57
	34	44	83	19	62	61	38	93	63	67
