	68	89	48	94	8	54	70	47	29	17
	57	78	49	84	7	44	60	36	18	27
	47	68	39	73	6	33	50	26	8	28
	36	57	29	63	5	23	40	15	7	18
	26	47	19	52	4	12	30	14	6	9
	15	36	29	42	3	2	20	13	5	8
	14	26	38	31	12	1	10	24	4	7
	25	15	37	21	11	0	20	34	13	6
	35	16	47	31	1	10	30	45	23	5
	46	17	56	42	2	20	41	55	22	4
	36	27	66	52	3	30	51	65	11	13
	26	28	67	63	12	41	61	64	1	23
	15	18	76	73	22	51	62	53	0	32
	5	17	75	84	31	50	71	43	10	33
	4	16	74	83	41	60	72	44	20	24
	13	26	64	82	51	70	63	34	21	14
	3	15	53	81	61	71	52	24	30	25
	2	6	43	90	62	72	42	23	31	35
	12	7	32	91	52	63	41	22	21	45
	11	8	31	92	53	64	50	23	10	54
	1	9	42	83	43	74	60	33	0	55
	2	19	52	84	44	75	70	34	10	56
	3	29	63	74	45	76	80	25	20	67
	4	28	73	75	46	77	81	26	21	68
	5	27	74	76	47	78	82	36	30	57
	15	37	75	67	48	69	91	35	40	58
	26	38	76	57	49	59	90	34	50	68
	35	39	77	56	58	69	80	24	60	78
	45	29	87	66	68	79	70	14	61	88
	54	18	86	65	67	78	71	5	51	89
	64	17	85	74	66	68	62	15	42	98
	73	16	94	84	65	67	51	26	31	97
	72	6	95	93	64	66	52	25	21	96
	82	7	86	92	73	65	63	35	22	87
	71	8	75	91	84	64	72	45	23	76
	62	9	66	81	83	53	63	54	33	67
	51	19	55	70	93	43	52	44	34	57
	41	29	46	60	94	32	42	45	24	47
	31	28	36	50	85	22	43	35	13	37
	21	27	26	61	74	12	33	25	23	48
	22	17	15	71	64	11	34	24	23	49
	22	18	14	72	53	1	44	13	32	58
	21	8	25	83	54	11	45	3	42	68
	10	7	35	84	65	22	55	2	51	77
	0	16	46	85	75	32	56	1	50	76
	10	15	55	95	86	43	67	11	40	87
	21	26	66	96	75	53	77	12	30	88
	20	25	67	97	74	64	78	23	41	89
	21	24	57	88	73	63	69	23	31	99
	22	33	47	78	84	62	59	13	32	98
	23	44	37	77	93	51	49	4	43	97
	24	54	38	87	92	52	39	5	53	96
	25	65	29	76	82	42	49	6	64	86
	26	55	38	75	91	41	48	16	74	85
	35	45	38	75	81	51	58	27	84	94
	36	34	48	85	70	62	68	28	93	95
	47	33	57	86	60	63	77	38	83	96
	56	32	67	76	61	64	87	39	72	97
	46	42	68	66	62	65	88	29	63	98
	55	41	58	75	62	54	89	19	52	99
	45	30	69	74	63	44	79	18	42	98
	34	20	59	73	64	33	78	17	31	97
	24	21	49	84	53	32	77	16	31	96
	25	22	39	94	44	23	67	26	41	95
	14	22	29	93	34	33	66	15	50	85
	13	23	38	92	24	43	65	5	40	75
	3	12	48	82	25	52	54	4	30	86
	2	11	57	71	35	51	44	14	21	76
	1	10	67	81	45	62	34	25	20	87
	0	21	76	82	46	63	33	26	30	88
	10	31	66	83	36	64	43	27	41	89
	21	22	65	84	35	54	52	37	51	99
	21	23	75	85	45	55	62	48	61	98
	22	24	86	74	44	56	71	49	70	97
	23	25	87	73	53	47	82	59	80	97
	24	26	77	72	43	37	81	58	90	96
	25	27	76	71	42	28	91	57	80	86
	26	17	67	70	52	37	92	47	80	95
	27	7	56	81	63	36	83	46	70	94
	17	8	66	82	64	35	72	45	61	93
	18	9	65	83	74	35	63	44	50	92
	19	8	54	84	73	45	53	33	41	91
	29	7	55	85	64	34	44	32	30	90
	39	6	66	75	54	33	43	42	21	80
	38	16	76	86	45	32	52	41	22	70
	28	26	87	96	34	31	51	50	12	71
	27	15	88	97	33	42	61	40	13	72
	26	5	78	98	32	52	60	30	4	73
	15	14	68	89	31	63	70	21	3	74
	25	24	69	88	42	64	71	22	2	75
	35	23	79	87	43	73	62	22	11	76
	46	12	78	86	53	84	72	21	1	77
	55	2	89	85	64	94	73	10	0	67
	56	1	99	95	65	93	84	20	10	57
	47	11	98	96	75	83	74	30	21	48
	36	22	97	87	66	82	85	20	31	49
	26	23	88	76	67	81	95	21	42	59
	16	24	77	86	57	91	96	22	43	58
	17	25	76	75	68	92	87	23	53	69
	18	26	66	65	77	83	97	24	64	79
	9	36	56	74	76	72	96	25	54	78
	19	37	46	84	75	63	95	26	44	88
	29	47	35	83	65	64	94	36	33	77
	28	46	45	82	54	53	84	27	32	76
	38	55	44	81	64	52	83	16	31	86
	39	54	34	80	73	51	82	7	21	85
	49	44	33	90	84	41	81	6	10	94
	59	43	34	91	93	40	70	5	0	95
	58	32	45	92	83	50	60	15	1	96
	57	22	55	82	72	61	70	26	2	97
	47	23	66	71	62	61	81	25	3	87
	36	24	76	72	63	51	80	14	4	87
	26	13	67	73	64	52	90	5	3	88
	15	12	57	84	74	63	81	6	2	89
	16	11	48	85	75	64	82	7	2	99
	17	21	38	95	76	74	83	8	11	98
	18	20	28	96	67	84	83	9	10	97
	19	30	37	86	57	85	73	8	0	87
	29	21	47	76	48	94	72	7	1	87
	28	22	56	67	49	93	71	16	2	77
	27	23	46	68	58	92	70	26	3	78
	37	24	35	69	59	82	60	25	4	79
	47	33	34	78	49	71	50	14	13	89
	56	44	45	88	48	61	51	5	12	99
	46	53	54	98	57	62	52	15	11	89
	35	43	65	97	56	63	52	6	21	78
	34	42	66	96	55	64	63	7	31	77
	25	41	76	95	54	65	73	16	32	77
	26	30	75	94	45	74	84	16	22	87
	36	20	85	93	46	64	83	17	23	96
	27	21	95	92	47	53	72	18	24	97
	17	22	96	91	37	44	82	9	25	88
	18	23	97	90	38	33	81	19	24	89
	8	23	87	80	48	34	70	29	14	79
	7	24	76	81	57	35	60	39	5	78
	16	25	86	82	67	36	61	38	6	77
	26	25	75	83	66	46	71	28	15	76
	35	34	65	84	66	45	72	27	14	87
	36	44	64	85	65	54	73	26	13	88
	37	43	63	86	55	53	84	16	12	98
	47	52	62	87	56	64	94	17	11	99
	48	51	61	76	57	74	85	18	21	89
	58	50	70	67	68	75	95	9	10	79
	49	40	81	77	69	76	96	19	0	78
	59	30	71	88	58	66	97	29	1	89
	49	21	72	98	48	65	87	28	2	99
	39	22	73	88	38	64	86	27	3	89
	29	23	84	87	37	54	85	26	4	79
	28	24	93	86	36	45	94	15	13	69
	27	25	92	85	46	34	95	14	12	59
	26	35	91	74	45	33	96	5	11	58
	36	34	82	75	44	32	97	6	21	57
	46	33	71	76	43	31	98	7	20	67
	55	32	72	77	42	31	99	8	10	56
	66	22	73	87	52	42	89	17	0	47
	65	12	74	86	63	43	88	16	1	37
	64	11	84	85	63	53	87	26	2	48
	54	21	83	94	62	44	86	35	3	49
	45	22	93	95	51	34	85	46	12	39
	55	23	94	96	41	24	75	47	13	38
	56	33	84	97	50	14	76	48	4	38
	47	24	73	98	60	5	67	58	3	29
	48	25	74	99	61	6	68	69	2	38
	58	26	75	89	62	16	77	68	1	48
	57	15	76	88	63	26	87	68	10	37
	47	14	66	78	64	35	86	57	21	28
	36	13	65	79	54	45	85	47	30	18
	26	3	55	89	53	44	84	36	40	29
	15	2	46	88	52	43	83	27	41	38
	14	1	36	87	42	32	92	28	50	48
	4	10	26	86	31	22	91	18	51	57
	3	21	35	85	30	11	81	9	61	67
	2	20	45	84	41	22	70	19	50	76
	1	21	55	83	42	32	60	29	40	77
	11	22	66	72	43	32	61	28	30	78
	12	23	76	62	53	43	71	27	20	79
	13	24	86	51	64	53	82	26	21	89
	14	25	96	41	73	63	92	15	11	88
	5	34	97	30	72	62	93	6	12	87
	4	33	98	31	71	52	84	7	23	76
	3	44	99	42	70	51	94	8	32	75
	2	45	89	52	80	50	95	17	22	85
	1	46	78	63	81	40	86	16	21	74
	11	35	77	73	71	41	76	26	10	64
	12	36	68	83	61	51	67	27	0	54
	13	37	58	82	62	52	56	28	1	65
	24	38	49	91	63	53	55	18	2	66
	25	39	59	81	64	53	46	9	12	75
	26	29	69	82	54	44	55	19	13	76
	16	28	79	83	45	33	65	18	23	87
	7	27	78	84	35	43	74	17	22	88
	6	36	89	93	26	32	75	8	21	97
	15	47	98	92	25	31	76	9	20	96
	14	57	97	91	34	21	87	19	30	95
	5	48	96	90	44	22	86	29	40	94
	4	58	95	80	53	32	85	28	50	84
	3	59	94	70	64	43	74	27	60	93
	2	69	84	71	73	53	65	26	61	92
	12	68	83	72	63	64	66	15	51	91
	23	57	73	62	52	54	67	5	42	81
