	1	35	2	27	50	44	61	73	25	70
	10	26	3	17	41	34	60	63	15	71
	11	16	4	7	30	24	50	52	5	62
	12	6	13	8	20	14	41	42	15	51
	22	7	23	9	10	25	30	31	26	61
	21	8	32	18	0	35	20	42	36	70
	10	17	43	19	1	46	30	52	37	81
	11	28	53	29	2	47	40	63	38	82
	12	27	54	39	3	37	50	64	48	83
	13	16	55	49	4	36	61	65	57	84
	24	6	46	48	5	26	70	66	56	74
	33	15	45	47	14	16	81	67	57	64
	43	25	44	36	24	7	82	68	58	53
	42	34	54	26	33	8	83	69	59	52
	41	45	55	16	43	9	84	78	49	62
	40	35	66	6	53	18	74	77	38	72
	50	36	67	5	54	17	64	76	28	73
	60	47	68	4	55	27	63	75	29	83
	61	48	57	3	56	37	52	85	19	92
	71	58	67	2	46	38	51	86	9	91
	72	69	66	1	45	29	50	87	8	90
	73	79	75	0	44	19	40	88	7	80
	63	89	85	10	33	9	41	97	6	70
	62	88	86	20	23	8	31	96	5	60
	51	87	95	21	22	7	32	97	4	50
	42	77	94	31	11	6	43	98	3	40
	52	78	93	32	12	5	53	99	2	30
	63	68	92	43	13	4	54	89	1	20
	64	57	91	52	14	3	65	78	0	10
	74	47	90	53	15	2	75	68	1	21
	85	46	80	54	25	11	86	77	10	31
	94	45	70	65	24	21	87	76	20	42
	95	44	60	75	34	31	96	67	30	43
	85	53	50	86	35	42	97	56	41	52
	84	54	61	76	26	51	88	47	40	63
	93	65	71	67	16	62	98	36	30	64
	83	74	82	56	17	72	99	26	21	73
	92	75	81	47	28	63	89	15	22	84
	91	66	90	36	27	52	79	5	23	94
	82	56	80	37	26	43	69	4	24	95
	71	67	70	38	15	33	58	3	14	96
	61	68	60	29	6	23	48	2	5	97
	50	58	70	19	7	22	37	1	4	88
	40	48	81	9	8	12	27	0	13	98
	30	37	91	18	17	3	16	10	24	99
	21	27	92	28	7	2	26	11	25	89
	22	36	93	38	6	1	35	12	34	79
	32	46	94	39	15	0	45	23	44	69
	31	55	95	49	25	10	54	24	53	58
	41	65	96	59	34	20	64	33	63	57
	42	74	97	69	45	30	73	44	62	47
	51	85	88	78	55	31	84	53	61	46
	50	94	87	77	54	32	93	64	71	35
	40	95	86	76	65	42	92	74	72	36
	30	96	75	66	55	41	91	85	73	26
	21	97	76	56	45	50	81	84	74	16
	11	98	67	57	35	60	70	83	64	17
	2	99	68	48	26	61	80	82	63	8
	3	89	58	37	16	71	90	81	52	9
	4	79	48	28	17	62	91	70	43	19
	14	69	37	29	8	52	92	60	32	18
	15	68	28	38	7	43	93	50	22	9
	6	57	27	39	16	33	94	51	21	19
	5	56	36	49	26	23	95	52	20	29
	4	47	46	59	25	13	96	43	10	38
	3	48	55	69	24	12	97	33	0	39
	2	49	54	79	13	22	98	23	1	29
	11	39	44	89	12	31	99	32	10	28
	22	29	43	78	3	42	98	33	21	27
	31	19	53	88	4	41	97	34	30	36
	32	9	63	87	14	40	96	45	20	47
	33	8	64	77	15	50	86	35	10	46
	34	17	65	68	16	61	75	26	0	56
	45	18	66	57	7	71	85	25	1	67
	35	28	76	58	6	72	94	24	2	77
	36	37	87	48	5	73	84	23	3	78
	27	38	88	49	4	74	83	22	13	69
	26	39	89	59	14	64	82	21	24	58
	25	29	79	69	15	54	81	30	23	68
	34	19	78	58	16	45	80	40	12	57
	44	9	68	48	17	55	90	50	11	47
	43	8	57	37	18	66	91	60	22	46
	52	7	47	27	28	67	92	61	32	55
	51	6	46	36	38	57	93	62	42	54
	41	5	55	35	49	68	94	63	31	44
	40	4	54	34	39	58	95	53	21	43
	50	3	65	44	29	48	96	64	20	42
	60	12	75	54	19	49	97	73	10	41
	70	11	86	55	9	39	98	83	0	31
	80	22	95	65	8	29	89	82	1	32
	81	23	94	74	7	19	78	91	2	33
	90	13	93	73	6	9	68	92	3	24
	80	14	84	63	5	8	57	83	4	25
	70	15	85	52	6	17	47	72	3	35
	71	26	74	42	16	7	36	62	12	34
	61	35	65	31	27	8	37	52	11	45
	50	46	66	21	28	18	38	51	10	55
	40	56	67	30	29	19	48	42	20	54
	41	57	76	31	39	9	58	32	10	44
	42	68	77	22	49	8	59	43	0	53
	52	69	87	23	38	17	58	33	1	64
	53	79	88	13	37	7	48	24	2	73
	44	89	97	4	47	6	57	14	3	84
	45	88	96	5	36	15	56	25	12	94
	46	87	86	14	26	16	55	34	11	95
	36	76	75	25	35	27	54	45	21	85
	37	66	74	34	26	28	64	44	30	94
	38	65	73	33	27	18	63	43	40	93
	29	74	83	32	28	19	72	42	50	92
	39	85	82	31	18	9	71	51	60	91
	49	94	81	21	8	19	70	62	61	90
	59	93	80	11	17	29	71	52	50	91
	69	92	70	12	7	39	62	53	41	82
	78	83	60	22	6	49	51	54	31	72
	79	84	50	23	5	59	41	65	30	62
	89	94	40	13	4	58	42	66	20	61
	88	95	30	24	3	68	52	67	10	50
	87	96	20	14	2	78	53	77	0	40
	97	86	10	15	1	69	54	76	0	30
	98	75	21	16	11	59	65	66	10	20
	99	74	22	26	12	49	55	56	1	30
	89	64	32	36	23	48	46	47	2	31
	78	63	33	35	24	57	45	37	12	42
	69	73	44	25	14	68	34	27	22	52
	79	72	43	15	5	58	33	28	32	53
	89	71	42	6	4	59	23	38	31	64
	99	61	51	7	13	49	12	29	41	63
	98	50	62	8	3	38	11	18	40	73
	88	60	63	9	2	37	10	19	30	74
	77	70	64	8	11	28	0	29	20	85
	67	81	54	17	10	27	1	39	21	94
	76	90	65	16	11	26	2	49	22	93
	87	80	75	15	12	36	3	48	32	92
	96	70	85	14	23	46	4	47	33	82
	95	71	94	24	13	56	5	57	44	81
	86	62	84	25	3	67	6	68	54	91
	76	52	83	35	2	77	7	78	65	90
	66	53	82	46	1	88	8	69	75	80
	55	54	81	56	0	97	18	79	74	70
	45	64	71	47	10	98	9	89	84	61
	34	73	72	37	20	99	19	78	83	50
	33	63	62	38	30	89	29	68	93	40
	43	52	51	28	31	78	39	58	94	41
	42	53	50	17	21	68	49	59	85	30
	31	44	60	27	11	58	48	69	95	20
	41	54	70	16	22	57	47	79	96	10
	40	65	80	26	32	67	36	89	97	11
	50	75	90	15	42	76	35	99	98	22
	51	85	91	14	41	87	34	89	88	32
	61	94	92	4	30	86	45	78	77	42
	60	93	82	3	20	85	44	68	67	41
	70	92	81	2	10	94	43	58	66	50
	71	91	80	1	0	84	42	49	55	60
	72	90	70	11	10	74	31	38	46	61
	83	80	71	12	21	64	22	28	36	62
	93	70	72	13	30	73	23	17	26	63
	94	60	83	24	40	84	33	16	15	52
	95	50	92	25	41	85	32	6	5	43
	96	61	91	26	51	75	42	7	4	53
	97	71	90	27	62	66	31	8	3	54
	98	82	81	37	72	55	21	9	2	65
	99	83	80	38	63	46	20	19	1	74
	89	93	70	29	53	56	10	18	0	64
	78	94	60	39	44	47	11	28	1	73
	68	95	50	49	34	37	12	17	2	84
	58	96	40	59	25	27	22	16	3	94
	48	97	30	69	26	36	23	15	13	93
	47	98	20	79	35	46	24	14	4	83
	57	89	10	78	45	55	33	5	3	92
	67	88	1	77	54	66	43	6	2	91
	76	87	0	68	65	75	52	7	11	90
	86	96	10	58	74	85	51	8	21	80
	95	97	20	49	73	84	50	9	31	70
	94	98	30	38	72	83	40	19	32	60
	84	99	41	29	71	92	50	18	33	61
	73	89	42	39	62	91	51	28	43	70
	72	79	52	49	63	90	50	17	53	81
	82	69	43	59	64	80	40	27	44	71
	83	68	32	58	54	70	30	37	34	61
	93	57	22	48	44	60	31	36	25	50
	94	56	12	37	34	61	21	35	15	40
	85	47	13	28	25	51	11	26	6	30
	75	37	23	17	15	52	12	16	7	31
	66	28	24	8	14	53	3	27	6	32
	56	38	33	9	4	44	2	36	5	22
	47	29	43	19	3	45	1	46	15	12
	57	18	42	9	2	55	0	35	26	11
	67	17	41	8	1	65	10	34	25	21
	77	7	40	18	11	74	20	24	14	30
	78	6	50	28	21	84	10	13	4	31
	68	5	60	37	22	94	0	3	14	32
	69	15	70	36	23	95	1	2	25	33
	79	16	81	46	13	86	11	12	26	34
	89	27	91	55	14	76	10	3	36	45
	88	37	92	65	5	67	20	4	46	54
	87	48	83	66	6	68	30	13	55	64
	86	49	73	67	7	77	40	24	56	74
	95	39	63	57	8	78	50	34	47	75
	94	38	62	58	9	69	60	44	48	66
	84	29	71	59	18	79	70	54	37	67
