	85	14	52	64	87	28	9	40	77	24
	74	4	42	53	86	17	8	30	67	13
	64	3	31	43	85	7	18	20	56	12
	53	2	21	32	74	6	29	10	46	11
	43	1	22	23	64	5	38	0	35	12
	32	11	31	33	53	4	39	10	25	13
	42	22	41	34	43	14	49	20	15	24
	51	23	50	25	44	5	48	30	16	33
	61	12	60	15	45	6	47	40	26	32
	62	3	70	14	55	16	36	50	27	31
	71	2	80	4	65	17	37	51	28	30
	70	1	81	3	66	8	38	61	18	40
	60	0	82	2	76	9	29	62	19	50
	61	10	72	1	75	8	39	63	18	41
	62	20	73	11	86	7	49	52	17	42
	51	30	83	21	95	6	58	53	27	43
	42	40	84	31	94	5	57	54	26	44
	43	50	93	22	85	4	68	55	35	45
	53	51	92	23	74	3	69	65	46	34
	54	52	82	12	64	2	59	65	56	33
	44	42	91	13	74	1	49	75	57	32
	34	31	90	24	73	0	48	65	58	22
	35	21	80	25	72	10	47	64	68	23
	46	11	70	15	71	20	36	63	67	32
	55	2	81	26	61	30	37	62	56	42
	66	3	82	36	50	40	28	51	57	41
	75	13	83	35	60	30	38	52	48	31
	76	24	84	34	70	21	29	43	49	22
	77	14	94	45	71	11	19	44	39	12
	67	5	95	46	72	2	9	53	29	13
	56	6	96	47	73	3	8	54	28	14
	57	5	87	36	74	13	18	55	27	15
	48	4	86	35	75	14	17	45	16	25
	37	3	85	34	66	24	7	44	26	25
	36	2	84	33	56	23	6	43	27	34
	46	1	83	32	47	22	5	42	28	44
	35	0	82	31	57	21	14	41	38	43
	45	10	92	22	58	11	4	40	49	42
	54	20	93	12	69	2	3	50	59	41
	65	30	94	13	78	1	4	60	58	51
	64	40	95	24	77	0	5	70	48	61
	63	30	96	25	76	10	15	81	37	71
	62	21	97	35	75	20	16	82	36	72
	52	31	87	45	65	30	27	91	26	83
	43	42	86	54	64	41	17	82	15	72
	33	32	85	53	63	31	8	71	6	62
	34	23	84	44	52	22	9	61	7	51
	35	12	83	33	43	11	19	50	8	41
	26	2	82	23	42	1	29	40	9	41
	16	3	71	12	31	0	39	30	18	51
	17	4	61	13	32	10	38	21	28	62
	27	14	60	24	33	20	49	22	37	72
	36	5	70	25	44	30	59	32	47	73
	46	6	80	26	54	40	69	23	56	74
	35	7	90	16	65	50	68	13	46	75
	25	6	81	15	55	51	67	24	45	66
	34	5	82	14	56	52	57	33	44	76
	35	4	92	13	47	43	58	32	53	75
	36	3	93	12	48	33	49	42	64	74
	37	2	94	12	38	23	39	41	63	85
	28	11	95	22	29	24	49	40	62	84
	18	1	96	31	19	25	59	30	71	83
	8	0	97	21	29	26	69	20	61	72
	9	10	87	11	38	27	78	30	50	71
	18	1	86	2	48	17	77	40	41	61
	28	0	85	3	57	7	76	50	31	61
	37	10	84	13	67	6	86	60	32	70
	36	21	83	24	76	5	85	50	33	80
	35	22	82	25	75	4	84	51	34	90
	46	32	91	15	85	3	83	52	45	81
	55	43	92	16	84	2	82	53	54	71
	65	33	93	6	83	1	72	44	64	61
	66	23	94	5	73	0	63	34	74	50
	67	12	95	4	84	10	52	33	75	40
	77	2	96	3	94	11	51	32	66	30
	67	1	97	13	85	21	42	31	56	20
	67	0	88	14	75	22	41	30	46	10
	56	1	87	24	66	23	50	40	35	11
	46	2	86	25	76	33	61	30	26	22
	35	12	95	15	77	43	71	20	27	23
	26	13	94	16	68	42	82	10	17	32
	27	14	93	7	58	41	81	1	8	31
	17	24	92	6	49	40	70	0	9	30
	8	25	82	5	48	50	60	10	19	20
	9	26	81	4	47	51	61	21	29	30
	18	15	70	3	56	62	71	11	38	40
	28	5	80	2	66	72	82	22	37	50
	27	4	90	1	75	63	91	12	36	60
	26	3	81	0	65	53	92	13	35	70
	25	2	82	10	54	44	83	23	45	61
	34	1	71	11	55	33	73	32	46	51
	24	0	61	21	56	23	64	42	47	52
	14	10	51	31	57	12	53	41	48	42
	15	20	62	30	67	2	44	40	58	41
	6	21	72	31	76	1	34	50	59	42
	16	22	73	32	75	0	25	60	69	43
	26	12	83	23	74	10	34	70	68	53
	35	2	82	12	73	20	44	80	67	64
	46	3	91	13	84	30	53	90	56	63
	36	4	92	14	85	40	53	81	66	62
	37	5	93	24	86	30	63	71	75	72
	38	6	84	25	87	31	63	61	65	62
	39	7	74	35	77	21	52	50	54	51
	49	16	85	46	78	11	42	40	44	41
	48	15	84	45	79	2	31	30	34	50
	47	14	83	44	89	3	42	20	33	60
	46	13	82	44	88	4	52	10	43	70
	35	24	81	33	87	5	63	1	32	80
	45	23	90	34	76	6	72	2	22	70
	55	12	91	25	75	7	82	3	32	71
	56	11	92	26	65	8	83	4	33	61
	57	21	93	15	54	7	73	14	34	62
	58	30	94	5	44	6	64	13	35	51
	59	40	95	4	33	16	53	23	36	41
	49	50	96	13	43	17	54	32	27	31
	38	51	87	12	53	7	55	42	28	22
	29	52	86	2	64	6	65	41	18	11
	19	43	85	1	74	5	64	40	9	10
	29	33	84	0	75	4	63	30	8	20
	38	23	83	10	66	3	72	21	7	30
	37	12	82	11	56	2	72	31	16	40
	36	13	81	22	57	1	62	32	26	50
	35	24	80	23	58	0	61	42	26	60
	46	25	70	33	59	10	71	51	15	50
	47	34	81	44	49	20	82	52	14	41
	48	45	90	53	58	30	91	43	5	40
	38	46	80	54	68	21	92	32	6	50
	39	35	70	44	77	11	93	31	7	60
	29	25	61	33	76	2	94	41	17	50
	28	14	62	23	75	3	95	42	27	51
	37	4	63	12	86	13	96	52	36	61
	37	5	73	22	87	24	95	53	35	71
	36	6	83	31	88	34	85	54	45	72
	35	7	82	32	78	44	84	53	55	62
	34	17	92	42	69	43	83	52	65	51
	44	16	91	31	79	33	93	42	75	50
	45	15	81	21	78	23	94	41	76	40
	55	14	90	10	77	12	95	30	67	50
	65	13	80	1	68	2	86	20	56	60
	64	12	70	0	57	11	87	10	46	61
	54	3	71	1	56	22	86	21	35	62
	44	4	82	11	66	32	85	31	26	63
	34	5	72	22	75	43	84	42	16	64
	35	6	63	32	74	53	83	41	15	64
	26	7	73	43	85	54	82	40	25	63
	27	6	84	33	94	44	81	50	24	52
	28	5	93	23	95	33	90	60	14	51
	18	4	92	12	96	23	80	70	13	41
	8	3	83	2	97	12	81	61	24	40
	9	13	82	1	87	11	91	71	34	30
	18	24	72	10	86	21	90	62	35	20
	17	34	63	0	75	31	80	51	36	30
	16	45	52	1	65	42	70	41	27	40
	15	35	53	2	54	32	61	50	37	30
	25	36	64	12	45	22	60	51	38	21
	26	35	74	13	55	23	70	62	29	11
	27	34	73	24	46	33	81	71	19	10
	37	44	83	14	36	43	82	72	18	20
	38	53	84	5	47	52	92	63	28	30
	39	54	85	6	56	42	93	64	17	40
	49	44	94	5	66	31	84	63	7	50
	48	33	95	4	75	22	74	62	6	60
	47	23	96	3	76	11	65	61	16	70
	46	12	97	2	67	1	54	51	26	80
	35	11	87	3	57	10	53	41	26	90
	34	21	86	13	48	20	63	31	15	91
	44	30	85	24	38	10	72	41	5	82
	33	40	84	25	28	0	71	41	14	82
	23	50	83	34	37	1	81	42	4	71
	12	60	82	45	47	2	70	32	3	61
	22	50	91	44	56	11	80	43	13	62
	32	51	90	33	66	21	81	53	24	52
	32	42	91	34	75	30	82	64	25	63
	33	31	92	35	86	40	72	73	25	62
	34	21	93	36	87	50	83	74	26	71
	35	20	94	27	77	60	84	64	16	61
	36	30	95	37	68	50	74	53	17	70
	47	31	96	28	58	41	75	43	8	80
	57	22	97	18	49	30	76	42	9	81
	58	12	87	19	48	21	86	41	8	82
	59	2	87	18	47	10	85	40	7	71
	69	1	86	17	56	0	84	30	6	61
	68	11	85	7	66	10	83	21	15	50
	67	22	84	6	75	20	82	31	25	40
	56	23	83	5	65	30	71	32	35	41
	46	13	82	4	54	31	61	33	45	51
	55	14	71	3	53	32	62	24	44	52
	54	13	72	2	63	23	61	33	43	42
	53	3	73	12	64	23	60	34	52	41
	44	4	74	11	65	22	70	35	51	40
	34	5	75	1	66	21	80	45	50	30
	25	15	76	0	67	10	90	46	60	20
	26	16	77	1	57	11	81	45	50	21
	27	17	87	2	48	12	82	44	40	31
	37	28	86	3	38	13	72	43	30	32
	36	27	85	4	29	24	63	42	31	33
	35	16	84	5	39	25	64	52	32	23
	34	6	83	15	49	14	74	62	33	22
	45	7	82	26	58	13	75	61	44	11
	55	8	81	36	68	23	76	70	54	10
