	52	0	67	77	81	60	79	10	64	58
	42	1	56	76	70	61	69	20	53	48
	31	2	46	66	71	51	58	21	43	37
	22	3	35	55	62	41	48	30	32	27
	12	4	25	45	51	40	37	20	23	16
	3	5	14	34	41	50	27	10	13	6
	4	15	24	25	42	60	16	1	23	7
	5	26	33	35	32	70	17	2	22	8
	6	36	44	46	43	80	18	3	11	9
	7	47	54	55	52	90	19	4	10	8
	16	57	65	56	63	91	29	5	0	17
	26	68	74	67	72	82	38	6	1	28
	36	78	75	77	83	92	39	7	2	37
	47	88	85	87	84	93	49	8	12	48
	57	97	86	96	94	83	59	9	3	58
	68	98	95	87	85	73	69	18	4	48
	78	99	86	76	74	64	79	17	5	38
	88	89	75	66	65	53	69	16	6	29
	77	98	85	55	54	44	58	26	15	18
	76	97	84	45	64	34	48	36	14	9
	75	87	93	35	63	24	38	47	13	8
	65	86	92	25	62	23	29	57	12	7
	64	75	91	14	61	22	18	48	11	6
	53	65	81	4	71	21	9	37	10	15
	52	64	70	3	72	30	8	28	20	14
	51	53	60	2	82	40	7	29	21	24
	41	52	50	1	83	30	6	19	31	13
	42	51	40	0	73	20	15	9	32	3
	43	62	30	10	74	21	5	8	33	2
	44	72	31	11	75	22	4	7	34	1
	54	82	32	12	76	23	3	6	35	0
	55	83	33	13	67	24	2	5	46	10
	56	73	43	14	57	34	1	4	36	20
	47	74	42	25	48	44	0	3	27	30
	36	85	52	26	37	43	10	2	28	41
	27	86	63	16	38	53	20	1	17	42
	28	95	72	15	39	54	30	0	18	32
	38	94	73	6	49	55	41	10	29	33
	48	84	83	7	59	46	42	20	19	43
	58	93	92	8	69	36	52	30	9	44
	68	94	91	17	78	26	63	41	18	45
	77	85	90	16	79	27	72	42	28	35
	87	75	80	6	89	37	73	43	38	26
	86	66	81	5	88	48	64	44	39	16
	85	55	71	4	87	58	53	34	49	17
	84	45	61	3	86	59	44	25	38	8
	93	35	60	2	85	69	54	26	29	7
	83	36	50	1	84	68	65	16	19	6
	72	27	40	0	73	77	74	15	9	5
	62	16	30	10	63	78	75	14	8	4
	51	7	20	11	52	79	76	13	17	3
	50	6	10	12	42	89	67	23	18	2
	40	5	0	22	31	88	56	24	28	1
	30	4	10	21	32	87	46	33	37	11
	20	3	1	22	43	76	35	34	47	2
	10	13	0	32	53	66	36	44	56	12
	11	24	1	33	64	65	47	45	67	23
	12	34	2	43	54	55	37	46	57	22
	3	45	11	53	44	56	28	36	48	31
	4	46	22	63	33	57	29	26	49	41
	14	36	32	72	24	48	19	25	39	51
	15	26	33	82	13	49	18	35	38	61
	6	27	24	91	23	58	9	34	29	70
	16	17	14	90	12	59	8	44	19	80
	7	28	5	81	2	69	18	43	9	70
	8	38	6	71	1	68	29	52	19	60
	9	37	16	62	10	77	39	63	18	50
	8	47	27	72	21	78	49	73	17	40
	7	56	37	83	31	79	58	84	28	30
	6	55	47	93	42	89	59	85	29	20
	5	66	56	94	52	98	69	86	39	10
	4	75	67	85	62	97	68	95	49	0
	13	86	77	74	71	96	78	94	58	1
	23	95	88	64	72	87	79	84	59	11
	32	94	89	65	73	76	69	74	49	22
	42	84	99	54	63	66	58	75	48	12
	52	74	98	45	53	55	57	85	38	3
	51	64	97	46	54	56	47	86	37	2
	41	65	96	36	45	67	48	87	27	1
	40	55	95	26	46	68	49	77	16	10
	50	56	94	25	36	78	39	88	6	21
	61	57	93	15	26	79	29	89	5	30
	70	48	92	14	35	69	19	99	4	40
	80	38	91	24	34	59	9	98	3	41
	90	29	82	33	44	49	18	97	12	42
	81	28	83	43	53	38	17	87	2	51
	82	27	72	32	63	37	16	86	1	52
	71	26	62	31	73	36	15	95	10	42
	61	25	52	22	84	35	14	94	21	41
	60	24	42	23	74	34	5	85	20	40
	50	13	31	12	75	45	6	86	30	41
	51	4	32	11	76	55	7	96	21	40
	52	5	23	2	77	66	8	97	10	41
	53	6	13	3	67	76	9	88	0	51
	64	7	4	12	68	87	19	77	1	62
	73	8	5	22	58	86	29	78	2	63
	84	9	6	31	57	95	39	79	3	72
	74	19	7	42	47	94	49	89	4	83
	75	29	8	43	46	93	58	99	5	84
	65	39	9	44	56	92	68	98	6	74
	54	49	19	45	55	91	67	97	7	85
	53	58	29	35	66	90	56	96	8	86
	52	57	39	26	76	80	47	87	9	95
	51	48	49	16	77	70	37	88	19	94
	61	38	59	6	78	81	28	89	29	93
	70	39	69	5	79	82	18	99	19	92
	80	49	68	4	89	71	17	98	9	83
	81	59	67	14	88	61	16	97	8	73
	71	69	77	15	87	60	26	96	17	64
	82	78	76	25	86	50	36	95	16	54
	91	77	75	24	85	40	27	94	15	44
	90	76	65	33	84	30	37	93	14	34
	80	86	64	32	73	20	47	92	24	45
	70	96	53	23	63	10	46	82	25	55
	60	97	52	13	62	0	56	71	26	65
	50	88	51	12	61	1	67	70	35	75
	40	89	41	2	62	11	76	81	34	86
	30	79	31	3	72	21	77	91	33	87
	20	69	42	4	83	22	78	90	23	88
	10	68	43	5	84	32	89	80	24	98
	0	58	44	6	74	33	99	70	14	97
	1	57	45	7	75	24	98	71	5	96
	2	48	46	8	66	14	97	72	6	95
	3	38	36	9	55	5	96	83	7	85
	4	28	37	18	45	6	95	84	8	94
	5	29	27	19	34	7	86	74	17	93
	6	39	16	9	24	8	75	64	18	92
	15	49	26	19	13	7	74	54	28	82
	25	59	35	29	3	16	73	44	38	81
	34	69	45	39	2	15	63	43	49	91
	24	79	55	38	1	25	52	32	59	90
	13	89	54	48	0	14	42	22	69	80
	12	99	64	47	10	4	31	11	79	70
	23	98	73	56	21	3	22	2	89	60
	33	97	63	55	30	13	32	1	88	50
	44	96	62	54	40	23	43	0	77	41
	53	86	51	65	50	33	52	10	67	42
	64	75	61	66	60	44	63	21	56	31
	65	76	71	55	70	53	72	20	57	22
	74	77	82	46	81	52	83	30	68	12
	85	78	92	36	91	42	84	40	58	13
	94	69	93	37	90	31	73	41	49	24
	95	58	83	27	80	22	63	50	39	34
	86	49	73	17	70	11	62	61	29	35
	76	39	63	8	60	12	51	71	18	36
	87	29	62	9	50	3	52	72	19	46
	77	28	61	8	40	4	43	82	18	55
	68	38	60	7	30	5	32	81	17	65
	58	48	50	6	21	15	22	91	16	66
	59	47	40	5	11	26	12	92	27	67
	69	56	30	14	2	35	3	93	36	57
	79	55	21	24	1	25	4	84	47	68
	89	45	11	34	0	15	5	74	48	78
	99	54	12	33	10	6	14	75	38	88
	98	64	3	32	20	7	13	76	37	97
	89	73	2	43	30	8	23	77	28	96
	79	63	1	44	40	9	33	68	29	86
	69	62	0	54	41	19	24	57	39	75
	58	51	10	64	42	29	25	47	49	74
	59	61	20	53	31	38	26	36	48	84
	69	71	30	63	32	37	16	46	57	85
	68	81	40	73	23	27	6	55	67	94
	77	82	41	84	33	17	7	54	76	93
	87	83	31	74	44	18	8	64	75	92
	86	72	42	65	53	28	9	63	66	91
	75	62	51	55	52	29	19	73	56	90
	74	61	50	45	43	39	18	84	47	80
	65	70	60	35	32	49	17	85	37	81
	66	71	50	34	22	59	16	95	27	82
	56	72	40	33	21	69	15	96	26	83
	55	73	30	32	11	78	5	97	35	84
	45	64	21	31	12	77	4	88	34	85
	46	65	22	41	3	67	14	98	24	86
	36	55	11	42	4	56	13	99	25	87
	47	45	12	43	5	66	23	89	15	77
	48	34	2	44	6	76	33	79	16	67
	49	25	1	54	7	75	32	69	17	57
	39	15	0	53	8	74	31	58	28	47
	38	6	10	63	9	84	30	48	29	36
	37	7	20	52	19	94	40	57	18	35
	27	8	30	51	9	93	50	67	17	25
	26	7	40	62	18	92	61	68	16	14
	35	6	41	71	17	91	70	77	15	4
	46	5	42	81	27	90	80	76	14	3
	55	4	52	82	37	91	70	86	24	2
	54	3	53	72	36	92	60	87	13	1
	64	2	63	83	26	93	50	96	12	0
	74	1	62	73	35	84	41	95	22	10
	85	11	61	72	46	94	42	86	32	20
	75	21	50	62	55	95	43	76	23	30
	65	31	60	51	54	96	33	66	24	40
	64	32	70	50	45	97	34	56	25	41
	53	22	71	60	44	88	35	47	15	31
	52	23	72	61	43	77	36	48	6	42
	63	33	73	70	32	68	47	49	7	51
	62	24	83	71	22	57	56	59	8	61
	72	25	82	81	12	58	66	69	9	50
	73	15	91	80	13	48	67	78	19	40
	84	6	90	70	14	38	76	79	29	30
	93	7	80	60	25	28	86	89	39	20
