	14	12	61	27	84	85	34	2	66	50
	4	3	51	17	73	74	24	11	55	40
	13	2	42	7	63	64	14	10	45	30
	23	11	31	6	52	53	15	0	34	20
	22	10	21	16	42	43	25	1	24	30
	11	20	31	26	32	33	35	2	23	41
	12	30	22	36	42	44	46	3	13	50
	2	40	23	37	41	54	47	4	14	60
	1	50	33	28	51	65	48	5	15	70
	0	60	44	18	62	75	38	6	26	71
	10	70	45	8	72	76	28	16	35	81
	20	80	46	9	83	67	18	26	36	82
	30	90	47	19	84	56	29	27	37	91
	40	81	48	18	93	57	39	28	38	92
	50	71	49	17	94	58	29	27	37	83
	60	61	39	7	95	59	28	16	36	73
	70	51	29	6	86	69	17	15	35	74
	80	52	18	5	76	78	7	25	34	75
	90	63	8	14	67	77	6	24	33	65
	91	73	9	13	68	87	15	23	43	54
	92	84	19	3	77	88	25	32	52	44
	93	85	29	2	76	89	34	42	62	45
	84	74	28	1	86	79	24	51	52	55
	94	64	17	11	85	69	13	50	63	66
	95	53	7	22	75	58	3	40	52	66
	96	54	6	32	65	57	2	30	43	56
	97	44	15	33	55	47	1	20	32	46
	98	45	16	34	66	36	0	10	33	35
	89	54	17	34	67	26	1	11	33	25
	88	64	18	24	68	27	2	21	34	14
	87	73	19	13	77	37	12	22	44	4
	86	84	9	23	76	38	3	31	53	5
	85	83	8	22	75	48	4	41	63	6
	84	82	7	31	74	57	5	42	72	16
	83	81	17	30	73	67	6	51	62	27
	72	71	28	40	63	76	16	61	52	37
	62	70	38	30	64	75	27	60	43	47
	61	80	39	31	65	86	17	50	32	56
	51	90	29	31	55	96	8	40	33	66
	52	91	19	32	46	97	9	30	34	67
	43	82	18	33	55	98	8	20	35	76
	44	83	28	34	65	88	7	10	36	75
	54	84	37	35	74	77	6	0	27	86
	65	93	48	36	85	76	15	1	26	95
	74	94	49	47	75	76	25	11	16	96
	73	95	58	48	66	87	14	2	17	97
	63	96	57	38	56	88	24	3	18	98
	53	97	47	39	46	78	13	4	29	89
	64	98	36	49	45	69	12	5	19	79
	74	88	27	59	55	58	23	6	9	89
	84	77	16	49	65	68	22	7	8	99
	93	67	17	48	74	77	21	6	18	98
	92	66	28	37	84	76	31	15	19	97
	91	75	38	36	93	76	41	26	29	87
	81	85	39	35	92	86	42	25	18	96
	71	84	49	45	91	95	51	34	17	97
	72	73	58	55	81	94	62	33	27	88
	82	83	68	54	70	84	61	23	36	78
	92	93	57	53	60	74	50	22	35	89
	91	94	47	63	70	65	40	31	45	79
	90	85	36	52	80	75	30	41	55	78
	81	86	26	43	70	66	20	42	54	77
	71	87	15	44	61	55	10	32	53	76
	62	96	16	34	51	45	0	33	64	67
	63	95	17	35	52	46	1	24	54	56
	73	94	18	36	63	47	11	14	45	57
	84	94	19	37	73	48	2	4	34	58
	83	93	9	28	64	38	3	13	35	69
	72	92	8	29	53	37	12	23	36	68
	82	91	7	19	43	47	22	32	26	77
	81	90	6	9	42	56	21	31	16	76
	80	91	5	8	41	66	30	32	27	75
	70	92	4	17	50	65	40	33	36	74
	71	83	14	27	60	55	30	44	46	84
	72	73	15	36	70	54	20	45	35	85
	62	64	16	37	81	53	10	34	25	86
	61	63	17	48	82	52	0	24	15	87
	50	62	18	49	83	51	1	14	5	88
	60	71	19	39	84	41	11	4	6	77
	70	82	29	38	74	42	2	3	7	76
	81	83	28	37	65	43	12	13	16	75
	82	84	27	36	55	44	23	24	26	66
	83	85	17	47	54	44	22	33	35	67
	84	86	8	57	45	34	31	32	46	68
	85	87	9	58	55	35	21	42	47	78
	86	88	19	59	65	26	30	52	57	79
	87	78	18	69	74	16	40	53	67	89
	88	77	29	79	84	27	50	64	68	98
	97	76	39	78	94	37	60	73	58	88
	96	75	49	68	95	47	70	72	48	87
	86	74	38	57	85	56	80	71	37	76
	75	73	28	47	84	66	90	70	36	76
	65	72	17	46	93	55	91	80	35	67
	64	63	18	45	92	54	81	90	25	77
	53	52	19	44	91	55	82	80	15	78
	43	51	9	33	92	56	83	70	5	89
	32	61	8	23	93	67	84	60	14	99
	22	62	7	13	94	77	74	50	4	98
	21	72	6	3	95	76	75	41	5	97
	31	83	16	13	96	87	85	42	15	97
	31	84	26	24	86	88	94	52	15	98
	42	73	16	34	85	89	95	62	26	99
	52	64	17	35	75	79	96	71	36	98
	63	65	18	46	66	69	87	82	27	97
	73	54	19	56	55	59	77	83	37	88
	84	44	29	57	45	58	68	93	48	87
	94	53	39	47	34	49	78	92	38	76
	95	63	29	36	44	59	77	91	28	75
	96	73	19	26	53	69	76	90	17	66
	97	84	9	25	63	78	86	81	27	67
	87	93	8	14	73	77	85	80	36	56
	76	92	7	4	84	77	85	70	47	46
	75	82	6	3	93	76	74	61	37	45
	65	71	5	2	92	67	64	51	48	44
	55	81	14	12	82	66	54	50	58	44
	46	80	15	23	91	56	53	40	69	33
	47	90	16	32	92	57	43	30	79	24
	36	91	17	22	83	48	42	20	78	13
	46	81	18	11	84	37	52	10	68	14
	55	82	19	12	74	47	63	0	57	25
	65	83	29	13	75	56	73	1	47	35
	64	84	38	24	86	66	73	2	36	46
	54	94	37	34	95	75	72	3	26	55
	45	85	36	35	96	86	62	13	15	66
	44	74	26	25	97	87	51	24	6	76
	53	84	27	15	88	77	41	33	7	67
	63	93	16	6	89	78	30	44	8	68
	73	92	17	7	99	69	20	53	9	58
	84	91	18	8	98	59	21	43	9	49
	94	90	19	17	97	69	31	32	18	48
	95	80	29	27	96	68	42	23	28	57
	85	70	39	36	86	67	52	22	37	56
	75	71	49	47	76	66	63	11	48	56
	74	72	59	46	87	65	73	10	58	55
	64	82	69	35	88	54	83	0	68	45
	73	82	79	34	87	44	84	1	67	46
	63	83	69	24	86	33	93	2	76	36
	62	92	58	23	85	43	94	12	77	26
	61	91	49	13	75	53	95	3	68	25
	50	81	38	14	66	52	96	4	57	34
	40	90	29	25	56	63	97	5	47	44
	41	80	19	26	46	73	98	15	36	54
	51	81	9	16	55	74	88	6	27	65
	52	82	8	7	55	84	87	5	17	64
	63	83	18	6	65	93	86	14	28	53
	73	72	19	5	74	84	85	24	37	54
	64	71	29	14	75	74	94	34	48	65
	53	70	39	24	76	84	95	35	58	66
	43	60	49	34	67	94	96	46	57	56
	32	61	48	35	77	95	97	45	68	47
	31	62	38	25	78	96	98	44	69	36
	21	63	28	26	89	97	99	33	59	27
	31	73	17	15	79	98	89	32	49	16
	42	84	18	6	78	88	99	22	38	7
	52	85	19	5	77	87	89	11	37	8
	63	95	9	4	76	86	88	10	36	18
	73	94	19	3	75	86	87	0	47	28
	84	93	29	13	65	96	97	1	48	37
	83	92	39	14	55	95	98	2	58	47
	82	91	49	25	45	94	89	3	57	56
	81	90	59	35	54	93	88	12	67	66
	80	91	69	36	64	92	87	13	76	75
	70	82	68	37	74	83	86	4	66	65
	71	72	58	48	84	73	85	5	55	54
	82	83	49	57	94	63	95	15	46	44
	82	84	38	56	93	53	96	6	36	33
	83	74	28	55	92	43	97	7	35	23
	72	75	17	54	91	44	98	8	34	12
	62	66	18	45	90	33	89	9	24	2
	51	55	19	34	81	23	79	8	13	12
	41	46	29	35	80	22	78	7	4	11
	30	36	39	35	70	32	77	16	5	12
	31	46	49	26	71	43	76	27	15	23
	42	55	59	25	72	53	75	37	14	33
	52	65	69	24	73	64	74	47	13	44
	63	65	78	33	84	54	74	48	3	44
	73	65	68	32	85	45	75	58	2	34
	84	66	57	31	86	35	76	49	11	25
	74	67	47	32	87	36	77	38	22	15
	75	68	37	33	88	46	78	28	23	6
	66	69	27	34	89	56	79	17	24	16
	67	59	27	35	99	55	78	18	25	26
	77	58	17	46	98	54	88	19	14	36
	76	57	18	56	97	53	87	9	4	47
	75	67	8	55	96	43	86	19	5	56
	85	76	7	54	95	32	86	29	15	66
	84	75	6	53	94	33	85	39	26	65
	83	74	5	52	93	44	86	49	36	64
	82	73	4	42	92	54	87	59	46	53
	91	83	14	31	93	45	88	69	56	52
	90	72	15	32	84	34	89	79	66	51
	80	62	16	33	85	24	78	69	75	41
	70	51	17	34	86	14	68	58	76	30
	71	52	18	35	87	25	77	48	67	31
	72	63	19	36	97	34	88	38	57	42
	73	63	29	37	98	44	89	28	47	43
	84	73	39	27	99	54	79	17	46	53
	85	64	49	26	89	65	69	8	55	54
	75	74	59	15	88	65	78	9	45	54
	66	84	69	6	87	55	77	19	35	44
