	43	7	77	74	45	57	27	38	72	93
	32	8	68	64	34	48	16	28	62	83
	22	9	57	53	24	38	6	17	51	72
	11	18	47	43	13	28	5	7	41	62
	1	17	36	32	3	27	4	6	30	51
	0	16	26	22	2	37	14	5	20	41
	10	15	25	11	1	48	24	6	21	30
	20	26	35	12	2	49	23	7	31	40
	30	36	46	13	3	39	33	8	42	50
	31	37	55	4	12	29	44	9	52	60
	42	48	54	5	22	19	45	18	63	70
	52	49	65	6	31	29	34	28	73	80
	63	39	55	7	42	38	24	27	72	81
	64	49	46	8	52	37	23	36	82	90
	53	58	47	9	63	48	13	35	71	91
	43	59	56	19	62	57	4	34	71	82
	32	69	66	29	61	67	3	24	62	92
	22	78	75	39	51	76	12	13	62	93
	21	79	85	49	41	86	11	14	51	84
	20	89	95	58	40	87	10	5	41	94
	30	88	96	59	50	97	0	6	41	93
	31	98	86	69	60	87	1	16	42	83
	32	99	75	68	70	77	2	17	52	82
	33	89	74	57	80	67	12	7	53	81
	44	78	65	48	90	56	23	8	54	91
	45	68	55	38	81	46	33	9	64	92
	34	69	45	28	71	36	44	19	63	93
	25	58	46	17	72	26	43	18	62	84
	15	49	47	27	73	16	42	29	61	74
	14	38	36	37	83	6	51	39	50	85
	24	48	35	28	82	5	41	49	50	95
	23	47	34	29	91	4	30	59	41	94
	22	57	24	39	90	3	21	69	30	93
	22	68	13	49	80	2	11	79	20	83
	21	69	4	59	70	1	10	89	30	82
	31	79	14	58	61	0	20	88	40	91
	32	89	25	48	51	10	30	97	50	90
	33	88	26	47	62	20	40	96	60	80
	34	97	36	56	71	30	40	95	70	81
	35	96	47	66	72	31	50	85	61	82
	25	95	57	76	63	32	41	75	51	92
	24	85	67	66	52	33	31	65	42	93
	13	75	77	67	53	44	22	66	32	84
	12	65	87	68	54	45	23	67	33	74
	11	66	86	69	55	46	24	68	32	64
	21	67	96	78	56	35	14	58	31	73
	20	68	87	79	47	34	15	49	30	83
	10	69	76	89	46	33	26	38	40	82
	1	78	66	99	45	23	36	37	50	91
	2	77	55	98	44	22	27	28	60	90
	3	87	45	88	53	21	26	17	70	80
	4	86	46	97	63	20	25	28	71	81
	5	96	47	98	72	10	24	38	62	82
	14	97	37	89	73	11	23	48	51	92
	24	87	36	79	84	2	13	58	41	93
	23	76	35	69	94	3	12	58	30	83
	22	66	34	59	95	4	11	57	20	82
	32	67	44	49	86	5	1	56	10	91
	31	68	53	39	87	14	0	55	21	90
	42	78	43	29	86	24	10	54	20	80
	52	77	44	18	85	23	11	64	30	70
	63	88	45	8	84	22	2	73	40	61
	62	78	46	17	83	21	3	64	50	51
	62	69	47	27	82	20	13	65	60	61
	71	59	57	37	91	30	23	66	70	61
	82	49	68	48	90	40	33	67	81	71
	72	38	69	47	80	41	43	68	91	62
	72	28	59	36	70	31	52	78	82	63
	62	29	49	26	60	32	53	77	71	64
	51	19	39	15	50	33	44	88	62	65
	41	29	38	16	40	23	45	98	51	75
	30	18	37	27	50	22	34	99	41	74
	20	9	47	17	61	21	24	89	30	85
	10	19	56	28	70	11	23	79	31	94
	1	29	55	38	81	12	22	69	42	93
	0	39	54	48	82	2	31	59	43	92
	10	49	53	58	83	1	42	69	52	91
	20	59	63	57	73	11	32	68	62	90
	21	69	72	56	84	12	33	67	71	80
	31	79	82	55	74	22	23	76	61	70
	42	89	71	54	64	11	13	75	51	60
	32	98	61	45	65	2	4	85	50	70
	33	88	51	34	74	3	5	84	60	81
	23	77	41	35	73	4	6	94	70	91
	22	76	42	46	72	13	7	85	61	92
	21	66	43	47	82	23	8	75	51	93
	20	67	44	48	91	22	17	65	41	83
	30	68	45	58	90	21	16	66	41	82
	40	69	46	58	80	10	26	67	31	72
	50	78	47	49	70	0	25	68	42	63
	60	79	36	38	71	1	24	57	43	64
	70	89	26	37	62	11	23	56	44	65
	81	99	15	27	72	12	32	55	53	66
	71	98	5	16	82	22	43	54	52	76
	62	97	4	6	92	21	33	44	51	86
	62	87	13	16	93	20	34	45	41	85
	51	77	24	27	94	30	35	46	41	84
	51	67	34	37	95	40	36	47	31	74
	41	68	35	48	96	50	26	57	42	73
	30	69	25	58	97	61	26	68	32	83
	20	59	14	49	87	60	25	78	33	82
	10	69	15	39	86	70	24	88	34	91
	0	78	5	29	85	61	23	89	33	90
	1	79	4	18	84	51	12	99	32	80
	2	69	3	9	83	41	11	98	22	70
	12	68	13	19	82	30	21	97	31	61
	22	77	23	29	91	20	10	96	42	51
	21	76	32	38	90	30	0	86	41	62
	11	75	43	48	80	40	1	85	50	72
	2	74	44	58	70	30	10	84	60	82
	3	73	45	69	81	20	21	83	61	71
	4	63	46	78	91	30	31	72	51	62
	14	64	47	79	92	41	32	63	52	71
	24	65	48	89	93	42	23	64	53	82
	25	66	38	99	94	43	33	65	52	92
	35	67	28	98	95	44	34	66	51	93
	45	68	17	88	85	54	24	67	50	94
	44	69	7	77	86	53	13	68	41	84
	33	58	8	87	96	52	12	57	30	74
	23	49	18	97	95	51	22	47	20	64
	23	59	28	98	85	41	11	36	10	73
	22	69	37	89	84	30	1	26	0	83
	21	78	47	79	84	20	2	15	10	82
	31	88	36	69	83	30	3	6	11	81
	32	77	26	68	82	40	4	16	2	90
	42	76	25	67	81	50	5	27	3	80
	43	75	14	56	70	60	4	37	13	90
	53	74	24	46	61	50	3	48	12	91
	63	84	34	35	62	51	2	58	23	92
	72	83	45	36	71	52	12	69	22	93
	62	73	46	47	82	42	11	59	21	94
	51	64	55	48	91	41	1	49	20	84
	51	65	66	38	92	30	0	39	10	83
	41	65	76	29	82	20	1	49	21	73
	30	66	86	19	81	10	2	58	31	64
	40	67	87	9	80	11	12	57	32	65
	50	68	96	18	70	22	23	58	33	55
	60	69	86	28	61	31	24	58	34	54
	70	78	75	37	71	32	25	59	35	53
	81	89	65	48	82	33	15	49	45	63
	90	99	54	47	72	23	6	39	44	63
	80	98	45	56	62	22	7	38	43	52
	70	97	46	55	51	21	8	29	42	53
	61	87	36	66	41	20	17	19	31	64
	51	77	26	67	30	10	27	29	21	74
	41	68	16	67	20	0	26	39	11	85
	30	69	15	68	20	1	25	49	2	84
	40	79	5	57	30	10	24	58	3	83
	50	78	15	47	41	20	23	59	4	82
	60	88	26	36	51	30	13	69	5	91
	70	89	35	37	62	40	4	79	14	90
	71	99	34	28	72	50	3	78	24	80
	82	98	33	18	72	60	12	77	23	70
	71	97	32	29	83	61	22	76	23	81
	62	96	43	38	73	51	31	86	22	91
	62	95	53	48	74	41	42	85	21	92
	51	86	44	58	84	30	43	75	20	93
	41	76	45	69	94	40	52	65	10	83
	50	66	46	79	85	30	63	65	0	82
	60	67	47	78	84	31	73	66	1	72
	70	68	37	88	83	32	64	67	11	71
	80	69	28	89	82	43	54	68	2	81
	90	58	18	99	91	44	54	57	3	70
	81	48	8	98	92	33	44	47	12	61
	71	37	7	88	93	23	33	36	22	62
	71	27	17	77	94	23	34	26	21	51
	62	16	28	67	95	22	45	25	20	42
	51	6	29	68	86	21	46	15	10	32
	41	16	19	69	85	30	47	26	0	43
	42	27	9	59	84	40	37	36	1	53
	52	27	18	49	83	50	38	47	11	63
	62	37	28	39	82	60	38	57	2	72
	61	48	17	29	91	70	28	68	3	73
	51	57	8	19	90	60	27	69	12	74
	41	56	7	9	80	50	26	59	22	65
	30	67	16	8	70	41	25	49	21	55
	20	68	26	18	60	30	24	38	21	45
	10	69	36	28	50	31	23	29	11	34
	0	79	47	27	61	32	12	39	1	44
	10	78	56	26	71	23	2	49	11	53
	20	89	55	36	82	13	3	58	22	63
	21	99	65	47	92	4	12	69	31	72
	30	98	64	48	93	5	22	78	32	82
	40	97	53	58	94	14	23	79	33	91
	50	87	43	69	95	24	13	89	44	81
	61	76	43	78	96	34	3	88	54	70
	71	66	44	77	87	35	2	97	45	80
	62	67	44	76	86	46	1	98	55	90
	51	57	45	75	85	35	0	99	54	91
	41	56	46	65	84	25	10	89	53	82
	30	47	46	54	83	24	11	79	52	92
	20	48	36	44	73	23	12	69	42	93
	10	58	37	45	64	22	13	68	41	94
	0	59	38	46	54	21	4	78	30	95
	1	49	28	47	65	20	5	88	30	96
	2	38	17	57	74	10	6	87	40	97
	3	37	7	68	84	1	16	77	50	96
	4	28	17	69	83	2	15	67	51	86
	13	38	27	59	82	3	14	68	61	85
	23	48	36	49	71	12	24	69	60	84
