	94	79	81	37	26	63	43	50	61	2
	84	69	70	27	16	52	32	40	51	1
	73	58	60	17	6	42	22	30	41	0
	63	48	50	7	5	31	11	20	51	10
	52	37	61	6	4	21	12	30	62	1
	43	27	71	5	3	22	13	40	72	2
	32	16	82	4	12	23	14	50	83	11
	33	6	92	13	22	24	14	60	93	10
	34	5	91	3	31	25	15	70	94	0
	35	4	90	2	41	26	16	80	85	1
	45	3	81	11	40	36	17	70	74	10
	54	2	71	21	50	46	8	61	64	20
	55	12	62	22	51	45	9	60	53	30
	56	23	63	22	42	44	18	70	43	40
	55	24	53	23	52	33	28	80	32	41
	54	25	44	24	62	43	27	90	31	42
	65	26	34	25	72	32	36	91	21	51
	66	15	35	26	73	31	47	82	10	50
	67	6	46	16	84	21	56	72	0	60
	76	7	45	17	83	10	57	73	1	70
	77	8	55	27	93	11	68	74	2	80
	78	9	54	37	84	12	69	65	3	90
	79	18	64	38	73	13	59	75	12	91
	89	28	63	29	72	14	49	76	22	82
	88	27	52	19	71	24	48	77	32	92
	87	36	51	9	61	33	47	67	43	83
	86	35	41	8	62	33	46	66	53	93
	85	45	30	17	52	43	46	56	64	94
	74	55	20	27	53	42	45	57	65	95
	73	54	10	36	44	41	45	58	75	96
	63	64	0	47	34	30	35	68	76	97
	72	53	10	48	25	20	26	69	77	98
	82	43	21	49	15	30	16	78	67	99
	81	32	31	39	5	40	6	79	66	89
	70	23	22	38	4	50	7	69	65	88
	60	24	11	37	13	51	8	59	54	77
	50	25	21	27	23	52	17	49	44	76
	51	26	31	28	33	53	16	39	43	75
	52	15	42	18	33	63	6	38	32	74
	62	14	41	29	34	73	5	37	22	65
	71	4	30	19	45	84	14	27	12	55
	61	3	20	9	46	83	24	16	2	56
	70	13	10	8	36	92	33	6	1	47
	80	24	0	17	27	91	43	5	11	37
	90	25	1	16	26	82	52	4	21	48
	91	35	11	15	36	71	51	3	31	57
	82	34	21	6	46	61	50	2	42	58
	72	44	31	7	55	62	41	12	43	59
	63	54	32	8	55	52	40	23	53	69
	64	65	42	18	54	51	30	24	43	68
	74	66	41	28	45	50	31	25	33	67
	85	76	40	27	35	60	22	26	24	77
	86	87	30	36	46	70	11	15	14	78
	95	77	20	47	56	81	10	5	13	89
	94	68	21	48	57	80	0	4	3	79
	93	78	31	49	58	70	1	14	2	69
	84	88	42	39	59	61	11	25	12	68
	73	97	52	38	49	51	22	34	23	67
	63	87	62	37	48	41	32	44	33	66
	72	76	71	27	47	50	43	53	33	75
	83	67	82	17	46	40	52	44	24	65
	92	56	91	8	55	30	62	34	13	64
	93	47	90	9	54	20	71	24	4	73
	94	36	81	19	53	10	70	25	5	83
	84	27	80	29	52	21	60	26	6	93
	73	17	90	18	51	31	50	16	7	92
	63	28	91	8	41	42	40	15	6	82
	52	38	81	7	30	43	41	14	5	72
	62	39	71	6	20	44	42	13	4	63
	61	49	72	15	10	45	43	3	14	64
	70	58	83	25	0	35	44	2	24	74
	60	48	84	34	10	46	45	1	23	85
	50	37	94	33	21	56	55	11	12	86
	40	27	95	23	31	57	66	22	13	96
	41	36	85	24	32	56	75	23	4	97
	51	35	74	25	43	55	76	24	5	98
	52	46	73	26	43	54	66	14	6	89
	53	56	63	16	42	54	65	15	5	78
	64	57	62	17	31	44	75	25	14	68
	65	67	71	8	30	34	86	35	24	69
	66	56	82	17	20	45	87	26	33	59
	76	47	92	27	10	46	77	26	43	49
	75	37	93	28	0	36	88	15	42	38
	74	48	83	29	10	35	87	6	31	39
	73	58	72	19	21	34	86	7	30	49
	63	68	62	9	31	33	85	16	40	59
	52	77	51	18	42	43	74	27	50	69
	53	87	61	8	41	32	64	28	60	79
	54	88	70	17	50	22	65	18	60	89
	55	97	80	7	40	12	66	29	61	99
	45	87	81	6	30	3	67	38	71	98
	44	76	90	15	20	2	57	48	82	97
	43	67	91	5	10	1	58	47	92	96
	52	57	81	6	11	0	48	37	93	86
	62	47	70	16	21	10	48	27	84	95
	61	36	60	26	31	21	47	28	74	85
	51	46	50	25	42	31	47	18	64	94
	41	45	40	14	32	22	46	19	53	93
	30	44	50	4	23	12	45	9	43	83
	20	34	61	3	13	2	44	8	32	73
	21	24	51	4	23	11	33	17	22	64
	31	25	52	5	32	21	43	27	12	53
	42	26	63	15	22	31	44	36	2	54
	52	35	72	16	12	41	45	37	1	65
	63	46	71	27	2	40	55	38	0	75
	72	56	82	28	1	50	65	39	10	66
	62	67	91	17	11	60	74	49	20	76
	61	68	90	8	21	70	84	59	30	77
	51	69	80	9	31	81	85	58	41	78
	52	69	70	19	32	71	74	48	42	79
	43	58	60	29	23	62	64	37	42	89
	44	48	50	28	13	52	53	27	31	88
	34	37	51	18	14	63	54	26	22	98
	24	27	52	8	5	73	45	15	23	97
	14	16	53	7	6	83	34	25	13	87
	4	17	54	8	15	92	33	35	3	86
	5	28	55	9	25	93	43	36	12	85
	6	38	56	19	34	94	52	47	22	95
	15	39	57	29	33	84	63	37	32	96
	25	49	67	18	43	73	72	27	32	97
	34	48	66	17	52	74	82	16	42	88
	33	37	65	8	63	75	91	15	41	77
	43	27	64	7	73	76	90	26	40	67
	52	36	53	6	83	87	81	25	50	68
	62	46	44	15	82	86	70	24	60	58
	61	45	54	26	91	85	80	33	50	49
	71	35	55	27	90	84	70	43	51	39
	72	25	56	36	81	73	60	32	42	38
	83	24	47	46	71	74	50	31	41	48
	92	25	57	35	61	65	40	21	30	37
	82	14	56	34	50	54	41	22	20	28
	71	13	55	33	51	53	42	23	10	29
	62	3	54	43	52	53	32	12	0	19
	63	4	54	44	42	64	31	13	1	9
	73	5	45	34	41	74	21	24	11	8
	84	15	46	25	30	75	22	24	2	18
	93	16	36	26	20	66	12	25	3	17
	94	27	37	26	10	67	13	25	4	7
	95	28	38	35	0	77	24	14	5	6
	85	29	49	34	10	76	33	15	4	16
	74	39	59	44	21	75	43	25	13	17
	64	49	58	53	31	65	32	35	23	8
	63	48	69	52	42	55	22	34	12	9
	72	47	68	51	41	54	11	33	2	19
	83	57	67	42	40	53	1	23	3	29
	92	56	66	32	50	52	0	24	4	39
	91	55	65	23	60	51	10	25	5	49
	90	54	64	24	70	61	21	26	14	58
	80	44	53	25	81	71	31	27	24	48
	70	33	52	26	82	62	42	28	24	38
	71	23	43	27	72	63	42	18	33	29
	62	24	32	28	73	64	41	8	34	18
	52	25	22	37	84	74	30	7	45	17
	43	26	12	47	93	85	20	6	46	16
	33	36	13	57	94	86	10	15	35	27
	23	37	3	68	95	87	11	5	34	28
	22	48	12	78	85	76	2	4	44	38
	11	57	13	69	84	75	1	3	43	39
	21	68	14	58	73	65	0	4	32	29
	31	77	24	59	63	54	10	5	22	18
	42	76	33	49	52	53	21	15	23	8
	51	67	43	38	62	64	31	26	12	9
	50	56	52	37	61	74	42	27	2	19
	40	46	63	47	60	85	51	17	1	29
	41	55	73	36	70	86	50	8	11	28
	30	66	74	35	81	96	60	9	22	27
	20	75	84	34	91	97	70	19	32	17
	10	74	83	44	82	87	81	29	43	7
	1	64	92	54	71	76	70	39	53	8
	11	64	83	45	62	66	61	38	52	18
	22	53	72	35	51	55	50	28	42	9
	32	43	62	25	41	54	40	27	31	19
	23	33	52	26	30	53	50	16	21	29
	13	24	43	15	20	44	60	7	10	38
	3	25	32	6	21	45	50	8	0	49
	4	26	22	7	11	35	41	18	1	39
	14	27	23	8	12	46	42	17	2	29
	24	37	13	9	3	56	43	28	1	18
	25	48	4	19	2	57	33	38	10	8
	34	58	14	29	11	68	24	49	20	7
	44	59	14	28	21	67	23	39	30	16
	53	69	24	37	31	66	32	29	41	15
	52	78	33	48	42	65	43	19	51	5
	63	68	34	37	41	64	44	18	61	4
	73	57	45	27	40	74	54	17	70	3
	84	47	46	36	50	85	65	8	80	4
	94	56	55	26	61	86	75	7	90	5
	95	67	65	15	70	96	76	16	91	6
	85	77	74	25	80	87	66	27	81	5
	84	88	64	35	70	97	65	28	71	14
	73	89	53	34	60	96	54	38	62	13
	63	79	52	24	50	86	44	49	51	12
	62	69	43	25	41	85	44	58	42	2
	61	59	32	26	30	74	33	48	31	3
	60	49	22	27	20	64	23	37	21	4
	50	48	12	17	10	53	13	47	11	5
	40	57	3	8	0	52	4	46	1	6
	30	68	2	9	10	62	5	45	11	7
	31	78	12	19	21	61	6	44	22	8
	42	77	23	29	31	50	15	43	32	9
