	46	17	51	85	18	42	74	53	84	53
	35	7	41	75	9	31	64	44	73	43
	25	6	30	65	8	21	53	33	63	32
	14	5	20	54	7	10	43	23	52	22
	4	15	21	44	6	0	32	12	42	11
	3	16	31	33	5	1	22	2	41	10
	13	26	30	23	4	11	12	3	40	20
	24	27	21	32	14	10	22	2	50	30
	34	28	31	43	25	0	23	1	60	41
	45	29	42	53	26	10	24	11	61	50
	55	18	51	64	27	20	34	22	62	40
	56	17	52	74	28	30	45	32	71	41
	57	8	63	84	37	21	55	43	70	51
	48	7	62	83	36	22	65	53	80	52
	37	6	71	72	26	32	74	64	81	42
	27	5	82	73	15	33	84	54	90	31
	28	4	91	63	16	34	94	44	80	30
	29	3	81	53	27	35	95	33	70	20
	38	2	71	54	28	25	86	23	60	10
	39	11	62	44	18	24	76	12	50	1
	49	21	51	33	19	23	66	13	61	0
	58	22	41	43	9	23	75	14	70	10
	59	32	30	52	8	24	74	5	80	21
	69	23	40	63	7	14	85	6	90	20
	68	12	30	64	17	5	84	15	91	10
	67	3	20	74	16	4	93	26	92	11
	66	2	10	75	27	13	83	36	82	22
	76	1	11	85	37	23	72	46	81	32
	77	0	22	86	47	33	63	45	71	43
	78	10	31	76	46	34	64	44	72	52
	79	21	42	77	56	24	74	53	63	51
	89	11	41	78	47	23	65	52	64	62
	88	2	30	69	36	22	55	43	73	51
	87	3	20	58	26	21	56	32	84	41
	96	4	10	57	15	11	47	23	94	30
	95	5	0	48	15	12	37	23	85	20
	86	14	1	38	25	3	28	13	75	21
	76	24	2	37	34	4	27	12	66	10
	67	33	11	36	35	5	27	22	56	0
	68	44	21	46	45	6	36	31	47	1
	78	54	20	55	34	15	46	42	57	2
	89	53	30	65	25	14	55	51	68	12
	98	63	40	74	26	13	65	50	77	11
	97	52	41	64	16	12	75	60	78	21
	88	42	31	63	7	22	85	70	79	20
	77	32	21	72	6	23	84	80	89	30
	87	22	10	82	5	24	93	70	98	40
	96	11	0	83	4	23	92	61	97	50
	95	1	10	73	3	22	91	71	88	51
	94	2	20	74	12	21	81	82	89	62
	93	11	30	65	13	31	70	72	99	71
	83	21	40	66	24	41	70	63	98	61
	84	20	50	76	33	51	71	53	97	61
	85	10	60	77	23	52	72	43	87	62
	86	0	70	67	12	42	73	33	96	63
	75	1	80	56	3	32	74	23	95	64
	76	2	70	55	4	22	65	12	85	54
	77	3	61	45	5	31	66	13	86	44
	78	4	51	35	15	30	76	14	87	33
	89	5	41	26	25	20	77	24	88	32
	79	15	30	27	34	21	68	33	98	22
	69	25	40	17	45	11	57	43	99	12
	58	34	50	8	46	10	47	53	89	13
	48	35	60	17	36	0	37	44	79	14
	38	26	70	27	46	1	28	33	69	15
	29	16	81	17	56	2	18	23	58	6
	19	7	71	27	47	11	28	12	48	5
	9	6	62	36	47	21	37	3	38	4
	18	5	51	46	36	20	47	13	39	3
	28	4	41	55	26	30	56	24	49	12
	37	3	42	65	15	31	66	25	59	22
	47	12	52	74	5	32	75	34	69	23
	57	2	63	84	14	43	85	45	78	24
	68	1	72	83	13	52	94	44	89	34
	78	10	82	92	4	63	93	54	88	35
	77	0	71	91	5	62	84	64	97	25
	67	1	71	90	6	51	73	63	96	24
	66	2	62	80	16	41	74	53	95	23
	55	3	51	70	17	30	65	43	85	22
	46	4	41	71	8	20	75	33	74	21
	56	5	30	72	9	10	76	23	85	11
	57	14	20	73	19	0	87	12	86	1
	68	24	10	74	18	0	88	2	87	11
	78	34	21	64	17	1	98	3	88	22
	89	35	31	53	7	2	99	13	88	32
	79	25	42	43	6	12	98	4	77	33
	69	15	52	44	5	13	97	14	67	34
	58	26	63	45	6	23	96	24	66	35
	48	27	62	46	16	32	95	33	55	36
	38	28	51	47	17	42	85	44	54	37
	29	18	41	56	8	31	74	53	65	48
	39	9	30	66	7	21	84	52	75	47
	49	19	20	76	6	21	83	42	86	46
	59	29	10	87	5	11	82	31	96	45
	69	28	0	88	4	12	81	22	86	34
	78	27	1	89	3	2	91	23	87	24
	68	26	10	99	13	11	92	32	88	25
	57	15	20	98	14	21	83	43	89	35
	67	16	30	97	5	31	72	33	79	36
	77	17	40	96	6	32	73	44	69	26
	76	7	50	95	16	43	74	54	68	25
	75	8	60	85	27	33	64	44	57	24
	74	18	61	85	36	34	63	33	67	14
	73	9	70	84	35	45	52	23	77	15
	74	19	60	83	46	44	51	12	78	25
	75	18	50	72	36	43	41	13	89	24
	86	17	50	62	26	42	31	4	88	23
	87	16	41	51	15	42	32	5	97	22
	96	6	30	61	14	31	33	4	98	21
	95	5	20	71	25	30	44	3	99	21
	94	4	10	72	34	40	53	2	89	11
	93	3	0	73	44	50	64	1	79	12
	83	13	10	74	53	61	64	11	69	23
	84	24	20	65	54	71	63	12	58	33
	85	34	30	55	45	82	52	13	48	44
	86	35	40	56	46	81	43	24	37	53
	87	26	50	47	36	70	32	34	27	52
	88	15	61	37	26	60	22	33	36	51
	89	5	62	28	15	70	12	44	47	42
	79	6	72	29	16	80	2	53	57	32
	69	7	62	38	17	70	11	43	68	22
	59	8	51	48	28	61	21	32	67	22
	49	9	41	57	29	50	20	31	66	21
	38	19	30	67	39	41	20	42	76	10
	48	29	40	66	49	51	21	52	77	0
	58	28	50	75	38	62	22	43	78	1
	69	27	60	74	37	63	32	33	89	2
	78	26	70	73	36	64	43	23	98	3
	89	15	71	83	26	54	53	12	97	4
	98	5	82	92	15	65	44	3	96	14
	97	6	72	91	25	64	45	4	95	13
	96	16	62	90	24	63	55	5	94	12
	95	17	51	81	23	52	65	6	93	11
	94	18	41	70	12	42	74	16	83	10
	84	8	30	71	13	31	85	17	83	20
	84	7	40	72	3	21	86	16	83	10
	85	6	50	62	4	22	87	15	84	0
	86	5	61	51	4	32	77	14	85	1
	87	15	60	52	13	33	88	25	86	2
	87	26	70	43	12	24	89	34	86	3
	88	35	80	53	22	23	78	33	87	4
	98	34	70	64	11	22	77	44	76	13
	99	45	61	74	10	21	77	43	67	23
	89	46	50	75	20	21	76	53	56	22
	79	36	41	66	10	30	86	54	57	31
	69	26	42	56	0	40	96	45	48	32
	58	15	43	46	1	50	97	34	57	33
	49	5	53	35	2	51	98	24	47	44
	38	6	64	25	3	52	99	13	36	54
	28	16	73	34	4	53	89	12	27	55
	37	17	63	44	5	43	78	11	36	45
	48	18	52	54	6	42	77	21	47	34
	58	9	51	65	16	31	76	20	57	24
	68	19	41	74	27	21	75	30	57	23
	78	18	31	73	28	22	85	40	68	23
	89	8	32	63	29	12	94	50	78	33
	88	7	43	72	39	2	93	51	77	44
	97	6	53	71	38	1	83	42	87	54
	96	5	64	81	37	10	72	32	86	65
	95	14	63	82	36	20	71	23	75	54
	85	25	62	72	26	30	71	12	65	44
	74	35	51	73	15	40	72	22	54	33
	75	46	41	84	16	50	83	11	55	23
	76	56	42	94	17	60	92	10	66	22
	77	67	52	93	27	70	91	20	76	21
	78	57	43	92	26	80	90	30	87	31
	89	47	32	91	15	70	81	41	88	42
	79	36	33	82	5	61	71	30	98	51
	69	26	34	72	4	62	70	20	99	50
	59	15	25	73	3	63	71	10	89	40
	49	5	24	74	2	53	72	11	79	30
	48	4	23	75	12	52	73	11	69	20
	47	13	22	66	3	42	74	1	59	10
	57	14	21	55	2	31	75	0	49	20
	68	5	30	45	1	41	66	10	48	21
	78	6	40	34	11	51	55	20	57	22
	89	7	50	24	12	61	45	30	68	32
	99	8	60	33	3	70	34	40	78	43
	98	9	61	44	4	80	25	50	89	53
	97	18	71	54	5	90	35	41	88	64
	96	19	81	65	6	80	46	42	77	74
	86	9	91	75	7	70	55	32	76	73
	85	8	82	66	16	60	65	23	67	63
	84	7	72	56	17	50	74	12	57	62
	94	6	72	47	28	41	73	11	58	51
	85	15	62	37	29	30	83	22	69	41
	86	5	51	27	18	20	93	31	79	30
	87	14	41	36	8	10	94	21	89	40
	88	25	42	46	7	0	95	11	78	50
	98	26	52	55	6	1	96	2	68	61
	99	27	43	65	5	10	86	12	77	71
	89	28	33	74	15	20	75	13	76	81
	79	29	24	64	25	30	66	4	67	90
	69	18	23	53	26	40	56	5	57	80
	59	8	22	52	27	50	47	6	68	70
	49	7	21	42	36	61	48	15	78	60
	38	6	20	31	37	62	58	16	89	50
	39	5	10	21	27	52	68	15	99	51
	49	14	0	22	16	42	77	15	98	41
	58	24	1	32	17	31	76	14	97	30
