	25	42	31	71	25	88	8	57	38	34
	15	32	21	61	26	78	7	47	28	33
	5	22	10	50	16	68	6	36	17	23
	4	11	0	40	27	57	7	26	18	12
	3	1	10	30	37	47	17	35	19	2
	13	11	20	21	48	46	18	45	29	12
	14	22	30	31	49	55	9	54	39	23
	25	32	41	42	59	56	8	53	38	24
	35	43	51	52	69	66	7	63	28	34
	36	53	62	42	79	65	16	64	27	45
	46	44	63	31	89	74	15	73	26	54
	45	33	52	21	98	75	5	72	25	65
	54	23	42	10	97	76	6	82	14	55
	53	13	31	0	87	66	7	83	5	56
	43	4	21	1	76	67	17	84	6	57
	33	14	10	11	86	77	18	85	7	58
	23	25	20	22	95	88	19	94	17	68
	24	34	30	32	96	78	29	93	27	77
	13	35	40	42	97	68	39	92	26	87
	3	45	50	51	98	57	49	91	36	76
	2	44	60	61	99	56	58	81	47	75
	12	53	50	70	89	55	59	71	37	74
	23	64	41	80	79	46	69	62	27	73
	24	63	31	90	78	45	68	72	26	83
	25	52	21	91	88	44	57	82	26	84
	15	43	10	92	77	53	47	81	16	85
	5	33	0	83	76	54	37	70	6	86
	4	23	1	72	66	55	48	61	7	95
	14	12	2	62	65	56	38	51	8	94
	13	3	11	52	75	67	28	41	9	93
	24	4	22	43	74	57	27	31	18	92
	25	14	21	33	64	48	16	30	19	82
	34	24	10	23	73	37	15	20	29	91
	35	33	0	22	72	36	5	30	38	90
	46	44	1	32	82	36	4	40	28	80
	47	53	2	42	92	46	3	50	17	81
	56	54	12	51	93	55	13	60	27	70
	66	65	23	50	94	45	14	61	36	71
	55	75	22	41	95	34	24	62	46	72
	45	74	11	31	96	25	23	63	35	73
	34	64	10	21	97	26	32	52	36	84
	25	53	20	30	98	16	42	43	37	85
	26	44	10	41	89	6	31	33	48	86
	15	54	0	51	79	7	42	24	49	87
	16	55	1	50	69	17	32	25	39	97
	27	46	2	40	58	17	33	26	29	88
	37	35	3	30	48	27	44	36	18	77
	38	45	4	21	49	28	54	47	8	68
	39	44	13	22	59	18	65	57	7	58
	29	53	12	32	69	8	66	67	6	48
	28	63	11	42	78	17	76	56	16	37
	27	72	10	51	89	17	75	55	15	36
	26	83	21	61	99	27	74	46	5	35
	25	84	22	70	98	36	73	45	4	34
	14	93	32	80	97	46	64	44	3	24
	4	83	33	90	96	55	54	53	2	13
	3	72	24	81	95	56	65	52	1	12
	2	62	23	71	94	47	66	43	0	22
	1	52	12	61	93	57	67	42	10	31
	11	51	12	50	83	68	77	41	21	30
	22	62	13	60	72	78	87	40	20	31
	23	52	14	70	82	89	96	50	10	32
	24	53	15	80	91	88	95	51	0	33
	25	63	6	90	92	87	94	52	1	34
	15	73	5	91	93	76	85	53	2	35
	16	74	4	82	84	66	86	54	3	26
	7	85	13	72	94	55	76	54	12	27
	8	86	13	62	95	45	75	64	11	28
	9	85	12	51	96	35	65	74	21	38
	18	84	11	52	87	25	66	73	30	39
	28	74	10	63	77	15	56	83	40	29
	27	64	21	73	67	6	46	72	50	19
	26	53	30	84	56	16	35	71	60	9
	36	44	40	93	47	27	34	81	70	8
	37	43	50	83	48	36	33	80	61	17
	27	42	41	72	49	46	32	90	51	16
	26	31	30	62	58	55	22	91	52	7
	25	21	20	63	59	54	23	92	53	6
	14	10	20	64	69	45	24	93	44	5
	4	11	30	54	79	35	13	94	34	15
	3	22	40	55	78	25	12	95	24	16
	2	32	50	54	68	14	23	96	13	17
	1	43	60	53	57	5	33	97	4	18
	11	42	70	52	67	15	44	88	14	28
	22	51	61	52	76	26	45	77	25	38
	23	41	50	62	75	36	46	87	34	49
	24	31	40	71	86	47	56	96	44	58
	25	21	30	82	85	46	57	95	53	59
	15	10	20	91	84	55	58	94	64	69
	16	11	21	90	74	65	68	93	73	78
	17	22	31	81	75	66	77	83	72	79
	18	32	42	70	76	67	87	82	71	89
	19	43	51	60	86	68	97	92	61	88
	29	53	52	50	96	58	98	91	51	78
	28	63	42	41	97	57	99	90	62	69
	27	64	31	40	98	56	89	80	72	59
	26	54	21	30	88	55	78	81	73	49
	25	45	10	20	77	46	69	70	64	39
	34	35	0	21	68	36	59	60	54	29
	33	45	1	31	57	37	49	50	44	19
	23	54	2	42	48	38	39	41	53	9
	12	65	3	51	49	29	38	40	43	8
	13	74	4	62	58	28	37	30	32	7
	14	85	3	63	69	27	47	20	23	6
	25	86	2	64	79	36	56	10	12	5
	24	87	11	54	89	46	66	0	22	4
	34	76	10	45	99	55	65	1	31	3
	35	66	21	44	98	56	74	2	41	12
	36	55	31	53	97	67	85	11	51	13
	37	54	41	52	87	77	84	21	61	14
	27	53	51	52	96	78	94	31	70	15
	26	43	61	42	95	88	93	41	80	16
	25	33	50	32	94	87	83	40	81	17
	24	23	41	22	84	76	82	30	71	18
	34	12	31	11	83	66	91	20	62	28
	45	3	21	10	82	55	90	30	51	38
	46	13	22	20	71	65	80	40	52	48
	47	24	32	30	72	75	70	50	53	49
	36	34	43	41	73	74	60	51	44	39
	35	45	42	31	63	85	50	62	54	29
	25	55	52	21	64	86	40	61	65	19
	14	56	42	10	53	76	30	60	66	9
	5	57	31	0	52	67	20	70	75	8
	6	56	21	1	42	68	10	80	74	7
	15	55	11	1	31	58	20	81	73	16
	26	54	2	10	21	48	30	90	72	27
	25	53	12	20	22	47	41	91	62	37
	24	52	23	30	32	46	51	92	62	28
	33	43	13	41	32	55	61	93	71	17
	34	44	4	51	42	54	70	94	81	18
	35	45	3	61	31	64	80	85	91	29
	36	46	2	71	21	63	90	86	92	38
	26	55	1	81	11	73	91	96	93	49
	25	54	10	82	12	84	92	87	94	59
	14	53	0	83	22	74	93	76	95	69
	4	63	1	72	23	65	94	66	96	78
	3	64	2	62	24	55	95	67	87	77
	12	65	11	51	34	45	96	57	88	68
	22	66	21	50	35	46	87	56	89	58
	23	75	10	60	36	47	77	55	79	48
	24	74	20	70	26	37	68	54	69	38
	25	64	30	80	15	27	57	44	58	39
	14	53	40	90	5	36	56	43	48	29
	13	52	50	81	6	46	47	32	37	19
	4	62	60	71	7	55	57	33	28	9
	3	61	50	62	8	54	67	34	17	18
	2	51	41	62	7	44	76	45	16	29
	12	42	31	63	6	53	75	35	26	38
	23	43	21	73	15	64	85	25	27	49
	24	53	10	84	14	65	86	34	36	59
	13	63	0	85	5	55	95	33	37	69
	4	73	1	94	6	66	96	43	38	78
	5	84	2	93	16	76	97	42	49	88
	6	83	3	93	27	86	98	31	59	89
	15	82	13	83	36	85	99	30	69	79
	25	72	12	83	37	84	89	20	68	78
	26	62	11	72	38	74	88	10	77	69
	27	52	22	62	49	64	87	21	67	58
	36	53	32	51	39	54	76	31	66	48
	37	44	23	61	29	55	75	41	65	47
	28	33	24	70	19	56	86	40	74	46
	27	34	25	80	9	57	95	50	73	45
	26	35	14	90	18	68	96	51	63	54
	16	36	13	91	28	78	97	52	72	64
	17	46	12	81	27	79	98	53	71	63
	8	55	11	70	36	69	99	43	82	73
	7	54	10	60	47	58	89	42	92	83
	6	53	0	50	57	58	79	31	93	84
	15	63	1	51	67	57	69	41	94	85
	25	73	2	62	77	56	58	30	95	86
	14	83	3	61	88	55	48	20	96	87
	4	92	13	71	97	66	37	10	86	76
	5	91	12	82	96	65	27	0	75	67
	6	81	11	72	86	74	16	1	85	68
	7	70	22	62	95	64	26	2	84	78
	16	60	21	51	94	54	36	3	73	89
	26	50	31	52	84	55	47	4	72	98
	25	51	21	53	74	46	57	5	62	97
	24	52	10	44	64	45	67	6	63	87
	23	53	20	33	54	34	68	16	73	77
	22	44	30	32	45	35	69	26	83	88
	21	33	40	43	55	36	59	15	93	78
	20	24	50	42	56	46	49	14	92	79
	21	13	61	51	47	35	38	4	91	69
	22	12	50	41	57	25	28	3	90	59
	23	22	40	31	68	15	18	2	80	49
	24	32	30	42	78	14	8	1	81	38
	34	43	21	52	77	5	9	10	71	28
	44	53	11	62	67	6	19	0	61	17
	54	64	22	51	66	7	29	1	70	8
	45	65	31	50	55	16	39	11	60	9
	35	75	32	40	46	27	49	22	61	18
	25	76	23	30	36	37	48	12	71	19
	26	87	22	20	47	38	58	13	82	29
	27	86	21	10	48	28	69	14	72	39
	17	85	31	20	58	18	79	25	63	49
	7	74	41	30	57	8	89	34	53	59
	6	64	42	41	56	9	99	35	54	69
	15	73	52	51	55	19	98	36	44	79
	25	84	53	62	66	29	97	27	33	89
