	47	83	83	33	84	21	51	98	11	44
	36	72	73	23	74	10	41	88	1	34
	26	62	63	12	64	0	30	77	2	24
	15	51	52	3	53	1	20	67	11	13
	5	41	42	4	43	10	21	56	22	14
	6	30	31	13	32	0	11	46	23	25
	7	20	21	24	33	1	2	35	12	34
	8	10	11	14	44	0	3	45	22	25
	9	21	2	15	54	1	4	55	23	26
	18	22	3	6	65	10	5	66	33	16
	17	23	4	7	75	20	14	76	44	27
	28	13	3	8	85	30	24	86	54	37
	29	12	2	9	95	40	34	87	55	38
	19	11	1	18	96	50	45	97	46	39
	29	10	0	8	86	60	35	98	47	49
	39	20	1	7	75	61	36	89	37	58
	49	30	2	6	74	70	27	78	28	48
	59	40	3	15	64	80	16	68	17	57
	69	50	4	25	73	81	26	77	8	47
	78	60	5	14	83	71	35	88	9	36
	79	61	6	24	82	72	34	87	18	46
	89	62	7	33	91	63	44	76	29	56
	99	52	8	43	90	53	54	67	39	66
	98	51	9	42	80	64	65	57	49	75
	97	41	18	31	70	74	55	58	48	85
	87	30	29	32	60	84	45	59	38	94
	76	21	19	22	50	93	35	69	37	95
	67	11	9	23	41	92	26	79	27	96
	56	12	8	13	31	91	16	89	28	97
	46	3	17	4	21	90	15	99	18	98
	35	2	16	5	10	80	25	89	29	88
	36	1	15	6	0	70	14	78	39	77
	47	11	26	7	10	81	24	68	49	87
	57	22	36	8	20	71	34	67	59	86
	48	32	47	9	30	61	33	66	69	76
	49	43	37	19	40	51	44	65	79	75
	39	52	38	29	50	41	53	54	89	74
	49	63	28	18	60	42	64	55	98	73
	58	72	27	17	70	43	65	45	97	83
	59	71	16	8	80	44	55	46	96	92
	69	81	6	7	90	45	56	35	86	93
	79	82	5	17	91	34	47	26	85	84
	89	92	4	18	81	25	48	27	94	74
	98	93	3	9	70	26	49	37	95	65
	97	84	2	19	61	27	39	48	96	55
	88	85	1	29	62	37	38	49	87	45
	77	94	0	28	52	36	48	59	76	46
	78	95	10	37	42	35	58	69	67	56
	68	96	11	36	31	34	57	79	66	47
	67	97	12	35	21	24	48	89	75	46
	66	98	13	34	11	23	38	99	86	55
	75	88	14	24	2	22	39	89	85	54
	74	87	15	33	1	21	29	78	84	53
	64	86	16	32	0	31	18	68	73	52
	53	75	7	42	10	30	8	67	63	62
	52	66	6	51	20	40	17	57	72	61
	62	67	5	41	30	50	27	56	71	60
	61	77	4	31	40	51	26	46	70	50
	71	76	3	22	30	42	25	36	80	41
	82	87	2	12	21	43	35	47	90	31
	83	96	11	13	22	44	45	37	91	32
	92	95	1	23	12	34	46	28	82	43
	93	85	0	24	3	33	56	17	81	44
	94	74	10	14	4	32	47	7	70	54
	95	64	20	15	5	42	37	6	60	65
	96	73	30	16	14	52	28	7	50	55
	87	83	40	27	25	53	38	8	41	46
	88	82	50	26	35	64	49	9	51	36
	77	81	61	15	45	65	58	19	52	47
	68	80	62	5	34	55	57	29	43	48
	67	90	52	4	44	46	56	38	33	37
	66	91	43	3	53	45	47	39	32	28
	75	92	42	2	63	34	37	49	31	18
	86	93	41	1	73	24	28	59	21	17
	76	94	30	0	84	13	27	69	11	8
	87	95	21	10	85	3	16	78	2	7
	97	86	11	20	75	12	6	79	1	17
	98	76	22	30	66	23	5	89	0	18
	99	67	32	40	56	33	4	88	10	9
	89	57	43	50	47	44	3	77	20	19
	88	48	52	60	37	54	2	68	30	29
	77	38	63	70	28	64	1	58	40	39
	68	49	72	71	18	73	0	48	50	29
	58	59	82	81	8	83	10	47	60	19
	69	49	91	80	7	84	11	36	70	9
	78	38	90	81	6	74	12	26	61	8
	79	37	91	71	5	75	13	15	51	7
	89	36	92	62	4	76	14	25	42	6
	98	26	93	51	3	86	24	35	31	5
	97	27	84	61	2	85	23	45	41	4
	96	16	94	50	1	95	22	34	30	3
	87	17	93	41	0	86	21	24	20	2
	88	8	83	31	10	75	11	23	30	1
	77	9	72	32	21	65	12	22	40	2
	67	19	62	33	20	55	13	23	50	3
	66	18	51	43	30	45	14	24	60	4
	55	28	41	53	40	34	15	25	70	5
	45	29	42	52	50	44	16	26	80	6
	46	39	31	63	60	53	17	27	81	7
	56	49	21	64	70	54	8	28	82	6
	57	48	10	73	80	65	18	29	92	5
	68	58	0	74	81	75	19	39	93	4
	69	59	1	84	82	76	9	49	94	3
	78	58	2	85	91	86	8	38	95	12
	79	48	11	75	90	96	7	37	94	22
	89	47	21	66	80	97	6	36	93	32
	99	46	20	56	70	98	5	35	83	33
	89	55	30	67	71	88	4	34	72	44
	78	45	40	77	61	87	3	24	62	43
	68	34	50	76	51	86	2	13	52	42
	57	33	41	75	62	85	1	23	53	31
	58	43	30	65	63	74	0	12	64	22
	49	52	21	55	73	84	10	3	54	11
	39	62	20	45	83	94	1	4	44	2
	29	72	30	35	92	95	0	14	33	3
	19	71	40	25	82	96	10	15	23	4
	9	81	50	26	91	97	20	16	13	14
	8	90	60	27	92	98	30	7	24	15
	17	80	70	28	93	99	40	6	25	16
	18	81	61	38	94	89	50	5	15	26
	29	71	62	37	95	79	51	4	14	36
	38	72	52	48	96	69	42	3	13	47
	49	63	53	57	97	68	32	12	23	56
	59	64	54	67	98	77	31	22	33	66
	69	65	55	76	99	88	41	11	34	75
	79	74	66	87	89	78	30	21	45	86
	69	85	56	88	98	68	20	10	46	95
	58	84	47	97	99	57	30	1	36	94
	48	93	37	96	89	67	40	2	35	95
	38	83	27	87	78	76	50	3	25	86
	39	73	17	77	68	75	60	4	24	85
	29	64	8	88	69	65	70	5	14	74
	19	53	9	98	59	54	80	6	15	84
	18	52	8	97	49	44	90	7	16	94
	28	43	17	96	39	33	91	6	26	93
	37	42	16	95	29	24	92	5	36	83
	47	31	26	85	19	25	82	4	46	72
	56	21	36	75	9	34	81	13	55	62
	67	10	46	65	8	45	71	23	54	61
	76	0	55	64	7	35	70	32	53	51
	75	1	66	63	6	26	60	43	52	42
	86	2	65	62	5	27	50	44	51	31
	95	3	64	72	4	28	41	33	61	22
	94	12	63	73	13	38	31	24	71	11
	84	23	52	74	14	49	22	25	72	21
	93	33	62	85	15	59	32	35	73	20
	92	44	61	75	16	69	43	26	74	30
	91	34	50	76	27	79	53	36	64	40
	90	35	60	87	28	89	54	37	65	41
	80	26	70	77	38	99	45	48	55	42
	81	27	71	78	49	98	35	57	56	32
	82	17	62	68	58	88	26	47	67	33
	83	8	52	69	57	77	27	46	66	44
	72	18	53	59	47	67	17	35	75	34
	62	28	44	49	56	57	16	25	86	24
	52	38	33	39	46	48	15	14	96	13
	53	29	24	49	45	37	6	5	97	3
	44	19	14	48	34	36	7	4	88	2
	54	9	25	47	33	46	8	3	89	1
	64	18	26	56	32	55	17	2	79	10
	65	28	36	66	42	54	27	1	69	0
	75	37	46	76	43	53	16	11	59	10
	86	36	55	87	52	63	15	12	49	21
	96	26	66	97	51	73	5	22	39	31
	95	35	75	98	41	84	6	23	29	30
	94	45	86	89	50	85	7	32	18	20
	93	54	76	79	61	74	8	43	9	10
	92	64	77	78	62	65	17	52	19	1
	91	53	68	88	71	55	27	42	29	2
	90	52	58	87	70	56	37	31	38	3
	80	51	69	96	60	67	47	21	48	13
	70	41	59	97	50	68	46	20	58	23
	60	40	49	98	61	57	45	10	69	24
	50	30	39	99	62	56	54	1	79	25
	40	20	29	89	72	46	53	2	78	26
	30	10	28	88	82	36	43	3	77	16
	20	1	18	87	83	26	32	13	76	7
	10	2	8	86	73	25	22	24	66	6
	1	3	7	75	64	14	11	34	65	5
	2	4	16	85	63	15	12	44	54	6
	3	5	17	84	52	26	13	33	45	7
	4	6	27	83	42	35	14	23	55	8
	5	7	37	72	31	34	24	12	56	9
	15	8	38	62	21	33	23	11	47	19
	25	9	48	51	22	44	32	10	37	29
	24	18	58	41	31	45	43	0	36	38
	33	17	68	50	30	55	53	1	35	37
	34	16	67	61	40	66	64	2	46	27
	35	26	57	71	50	76	74	3	45	36
	25	15	56	81	61	77	84	4	54	47
	14	6	55	90	71	78	85	5	64	48
	13	7	65	80	81	69	94	4	63	49
	23	8	64	70	91	59	93	3	52	39
	32	9	63	60	92	49	83	12	42	29
	43	19	52	50	82	39	73	22	41	28
	53	29	51	40	72	38	63	32	31	18
	44	28	41	30	62	48	64	43	21	17
	33	37	31	20	51	57	74	52	11	27
	24	36	21	10	61	56	75	42	1	16
	34	46	11	0	71	47	76	41	2	26
