	71	15	26	13	84	20	50	72	42	29
	61	5	16	3	74	10	40	63	32	18
	50	4	6	2	64	0	30	52	22	8
	40	3	5	1	53	10	20	42	11	7
	30	2	4	0	43	21	10	31	12	6
	41	11	3	1	32	22	20	42	23	5
	51	12	2	10	33	21	30	52	24	4
	62	23	3	20	34	31	40	63	14	13
	71	24	4	30	44	32	50	73	25	12
	81	34	14	40	45	33	51	83	35	11
	80	44	24	50	46	43	62	82	36	10
	90	54	33	51	47	52	71	81	27	20
	91	55	34	62	37	63	70	82	28	30
	92	46	44	71	38	73	60	72	17	40
	93	36	45	70	39	84	61	83	18	50
	94	27	46	80	49	85	51	82	9	41
	95	28	36	90	48	75	42	81	19	31
	86	37	27	91	57	65	32	71	29	22
	75	38	17	92	56	55	23	62	39	21
	65	48	18	93	66	54	13	52	49	11
	74	57	9	83	67	64	4	53	58	1
	73	68	19	72	76	63	5	43	59	0
	73	69	29	62	77	52	15	42	49	10
	72	59	38	51	68	53	14	41	39	20
	62	49	28	50	58	44	24	31	29	30
	51	38	27	40	48	33	23	22	18	21
	41	28	16	30	47	34	12	32	8	11
	31	17	6	21	46	25	2	43	7	1
	22	16	15	10	35	26	3	52	8	0
	11	27	5	20	45	36	13	63	9	1
	12	37	4	30	55	47	14	64	19	2
	3	48	13	40	56	57	24	54	29	11
	12	58	23	50	67	68	33	45	39	21
	22	69	32	51	66	78	43	34	49	20
	31	79	42	61	75	88	52	25	59	30
	41	89	51	60	85	87	52	26	69	40
	50	88	61	70	95	96	63	16	78	30
	60	87	71	80	94	97	64	7	77	21
	70	86	81	90	84	98	54	8	76	10
	80	75	82	91	93	99	45	9	67	0
	90	65	92	81	83	89	35	18	56	1
	91	74	82	71	73	88	36	17	46	2
	81	64	72	62	63	77	35	27	55	3
	71	54	72	51	64	76	34	28	65	4
	61	53	62	42	74	86	44	29	66	5
	51	43	62	32	85	75	53	19	67	6
	42	33	52	23	74	66	63	9	57	7
	43	34	51	24	64	67	73	8	47	17
	44	45	41	25	65	77	84	18	37	16
	54	46	30	15	66	88	94	28	38	26
	55	56	21	14	67	78	95	27	48	36
	66	56	10	13	57	68	96	17	58	46
	76	67	0	23	47	69	86	7	49	35
	87	77	1	32	36	59	75	6	39	34
	86	88	11	42	26	49	74	5	29	33
	85	78	22	51	15	39	73	14	19	32
	74	68	31	41	25	49	72	13	9	23
	73	58	30	40	35	59	62	12	18	24
	72	48	20	50	46	69	51	2	28	25
	62	47	21	60	56	79	61	3	37	35
	71	57	10	70	67	89	51	4	48	45
	82	68	0	80	66	88	52	5	38	44
	83	77	10	90	75	98	53	6	29	43
	92	88	20	81	85	97	63	16	19	33
	91	87	30	82	95	96	64	27	9	34
	81	76	41	72	94	86	65	37	8	24
	71	67	51	62	93	75	54	28	17	14
	61	56	52	63	83	74	53	18	27	4
	51	55	42	73	72	64	44	29	36	3
	50	45	32	84	62	65	34	39	46	2
	40	55	33	85	63	66	24	49	35	12
	30	56	23	95	64	67	14	58	26	11
	31	56	12	96	65	77	4	69	15	10
	22	67	3	86	66	88	5	79	25	0
	12	77	2	75	76	78	6	89	35	1
	23	68	11	74	87	69	15	99	46	10
	32	57	21	73	88	59	25	98	56	20
	43	47	30	72	97	49	34	89	55	10
	52	48	41	62	96	38	44	79	54	0
	51	37	41	62	95	28	43	69	53	1
	61	47	42	71	94	38	52	59	64	2
	60	57	31	70	84	49	63	58	65	3
	50	67	22	80	74	39	64	68	66	13
	40	76	12	90	65	29	73	77	75	14
	30	86	13	91	55	19	83	78	85	5
	31	87	24	92	45	29	82	88	95	6
	42	97	33	83	35	38	72	98	96	7
	51	88	32	83	36	48	62	99	86	8
	41	89	43	72	27	57	71	98	76	9
	50	79	52	63	37	67	81	97	66	18
	61	69	53	64	48	56	70	87	55	17
	60	59	44	65	57	46	80	76	45	16
	50	49	34	66	67	36	90	75	35	15
	51	39	25	56	68	26	91	74	45	14
	52	49	24	55	78	16	82	85	54	4
	43	58	23	55	88	27	72	86	64	3
	33	68	32	54	87	37	62	86	74	2
	44	77	22	53	96	47	51	95	84	11
	34	88	21	63	97	57	52	94	93	10
	35	89	20	73	98	68	42	85	92	0
	45	99	30	84	88	77	31	75	91	1
	54	89	40	94	88	67	41	76	81	2
	53	79	50	93	77	66	51	86	70	12
	52	69	61	92	67	65	62	95	60	13
	43	59	71	83	56	54	72	96	61	14
	33	49	82	73	55	53	63	87	62	5
	24	38	83	64	54	43	52	88	51	6
	13	28	73	65	44	53	42	78	41	7
	12	37	64	66	33	54	32	79	31	8
	23	48	74	55	24	65	22	69	21	9
	13	58	85	46	25	75	11	59	31	18
	14	57	84	45	35	86	1	49	42	17
	5	56	83	34	46	87	0	39	52	27
	4	67	72	44	56	88	10	49	63	16
	13	77	62	43	47	78	20	58	64	15
	23	68	51	52	36	89	30	69	65	25
	32	57	50	53	26	98	41	79	66	24
	43	47	40	64	15	97	31	89	67	23
	52	36	30	73	5	96	32	98	57	22
	51	26	21	74	4	95	33	97	47	12
	50	35	22	65	14	85	34	88	36	3
	40	46	12	66	25	86	45	87	37	4
	30	56	23	55	35	76	54	77	38	14
	20	67	32	55	46	66	53	78	29	5
	10	68	42	54	47	75	52	69	38	6
	0	58	51	53	57	74	52	59	48	7
	10	49	61	63	56	84	62	69	37	8
	21	59	60	72	67	85	71	78	28	9
	31	69	70	82	76	86	81	88	18	19
	42	78	80	91	87	86	90	89	17	29
	51	79	81	92	88	87	91	99	27	39
	61	69	71	93	89	96	82	98	36	49
	50	68	62	83	79	95	72	97	46	38
	41	67	52	84	69	94	73	96	56	48
	40	76	43	74	68	85	64	95	66	47
	30	87	44	65	67	75	54	86	55	36
	20	77	33	64	66	76	45	96	46	27
	30	88	32	53	55	67	34	97	35	16
	41	78	42	52	45	77	33	98	26	15
	51	89	42	52	44	68	32	99	25	14
	61	79	31	63	33	57	22	98	24	13
	60	69	21	62	23	47	11	88	34	3
	70	58	10	61	33	48	2	87	35	12
	80	49	1	71	34	38	3	86	46	23
	90	59	2	81	35	48	4	95	56	32
	91	69	3	82	46	57	5	94	67	43
	81	78	13	72	56	68	14	93	66	53
	70	88	23	62	55	77	24	92	65	63
	60	87	32	51	54	76	33	82	64	73
	50	86	43	41	53	75	32	83	74	84
	40	95	52	30	63	85	42	83	65	94
	41	96	51	20	62	86	42	84	66	93
	31	97	61	10	71	87	43	73	67	92
	22	98	70	0	62	88	44	72	57	91
	21	89	80	1	63	78	45	82	47	81
	20	99	90	11	64	79	34	83	37	71
	10	98	91	22	65	69	25	84	28	61
	0	88	82	31	66	58	15	85	17	60
	10	77	72	42	67	49	14	86	7	50
	21	68	62	51	57	39	13	87	16	40
	30	58	63	50	47	49	23	88	27	40
	41	48	64	61	36	38	33	89	37	30
	31	47	65	70	26	29	32	79	28	20
	22	36	66	81	15	18	43	69	17	30
	12	46	67	91	25	8	53	58	7	40
	2	56	57	92	35	18	54	48	16	50
	11	67	56	83	46	29	53	49	26	61
	21	77	55	72	45	39	52	59	35	70
	30	88	54	62	34	49	51	69	36	81
	41	97	53	63	24	59	42	78	27	91
	50	96	44	73	13	69	32	88	37	92
	60	95	34	74	3	78	23	97	38	83
	61	94	24	75	4	88	13	96	39	84
	71	93	14	76	4	87	12	95	49	74
	82	92	5	86	14	96	22	94	58	75
	72	83	6	85	25	95	31	93	68	65
	62	73	15	84	35	94	41	92	67	64
	51	63	25	83	46	95	41	82	76	73
	52	62	34	72	56	96	40	91	75	83
	43	61	33	71	67	97	30	90	74	92
	53	70	44	81	68	88	20	80	73	91
	54	60	45	82	77	98	10	90	63	92
	55	61	46	83	76	89	0	81	52	93
	66	62	47	84	75	79	1	82	53	94
	65	63	56	74	86	69	11	83	64	95
	54	73	55	85	87	68	21	84	53	96
	54	74	55	95	77	57	31	85	43	97
	53	75	54	94	67	68	42	86	44	96
	52	76	53	93	56	78	51	87	45	95
	62	77	52	83	47	88	50	87	46	94
	72	67	63	83	36	98	41	97	35	93
	71	56	73	92	26	99	40	96	25	93
	70	47	83	91	16	89	30	95	24	92
	80	36	82	90	7	79	20	94	13	93
	81	26	91	80	17	69	10	84	14	83
	71	16	92	70	28	58	21	74	25	82
	61	27	93	60	38	68	31	85	35	72
	50	37	83	60	48	78	42	86	46	62
	51	47	72	50	57	88	42	87	56	61
	52	47	62	41	67	77	32	76	56	70
