	75	53	22	8	14	58	38	64	58	47
	65	43	11	9	4	48	28	54	57	46
	55	32	1	18	3	37	17	44	47	35
	45	22	0	19	2	27	16	33	36	25
	34	11	10	29	1	26	6	23	35	14
	24	12	20	39	2	15	5	13	25	4
	14	3	30	49	11	16	6	23	35	5
	4	13	31	48	21	7	15	32	46	6
	5	23	41	47	22	8	26	42	56	16
	6	32	40	57	12	9	27	31	66	17
	7	43	50	67	2	19	28	32	76	8
	16	52	41	68	1	29	38	33	77	9
	15	51	30	69	0	39	49	44	78	19
	25	50	20	79	10	38	59	53	88	29
	35	40	21	89	11	48	58	52	87	18
	26	30	31	88	22	57	48	51	76	17
	16	41	42	87	23	56	37	50	66	27
	6	40	43	86	33	55	37	41	75	36
	5	30	53	85	44	65	27	31	74	46
	14	20	63	84	54	64	16	32	73	56
	24	10	62	83	45	53	6	33	72	66
	34	1	51	82	35	52	5	23	71	67
	25	2	41	81	36	42	14	13	61	68
	15	3	30	70	37	43	4	12	60	69
	26	2	20	80	47	44	5	11	50	78
	36	1	10	90	46	45	15	21	51	77
	27	0	20	91	56	55	26	22	52	67
	16	10	30	92	46	66	35	32	42	57
	6	21	40	93	45	67	34	33	43	58
	7	22	50	94	44	68	24	23	53	49
	8	31	60	95	54	77	13	12	64	39
	9	30	61	94	65	78	14	3	74	29
	19	20	51	93	75	68	25	4	85	28
	29	10	41	92	76	57	15	14	94	37
	28	11	30	91	87	56	16	5	93	47
	17	12	20	90	86	46	7	14	92	48
	16	13	10	81	75	35	6	24	91	38
	27	23	0	71	65	34	5	33	82	49
	37	22	1	62	54	44	4	32	72	59
	38	21	11	63	55	43	13	42	73	69
	39	31	2	52	66	53	23	41	84	79
	49	30	3	51	67	54	32	40	83	89
	48	20	4	61	77	55	31	50	93	88
	37	10	5	70	76	56	41	60	94	97
	27	0	6	80	75	66	30	50	95	96
	16	1	7	90	65	67	20	41	85	87
	26	2	8	91	54	68	10	31	74	76
	36	3	18	92	44	58	0	32	64	86
	47	12	9	83	33	57	1	32	53	85
	46	22	19	84	24	56	2	23	43	74
	35	21	29	73	25	55	11	13	32	64
	26	20	28	72	15	45	10	4	22	65
	16	30	17	82	14	35	0	5	21	75
	6	40	27	81	24	25	1	15	31	66
	7	50	37	90	33	34	2	26	42	56
	8	51	38	80	43	44	3	27	52	47
	18	62	39	70	53	54	4	37	63	36
	9	71	49	61	64	55	14	38	72	46
	19	62	59	60	73	65	5	48	83	45
	18	51	69	50	84	74	6	58	93	35
	17	41	78	61	94	64	7	68	92	25
	27	30	79	70	85	54	16	77	91	14
	37	20	89	81	75	55	26	88	82	13
	38	10	99	90	65	56	36	98	72	3
	39	0	89	80	54	67	37	97	63	12
	29	1	78	70	44	77	38	96	52	2
	28	11	69	71	33	87	48	95	42	3
	17	22	59	72	23	96	49	94	41	4
	7	21	58	63	32	86	39	93	30	5
	6	20	57	62	31	76	29	83	40	15
	16	10	47	71	21	66	28	72	50	25
	27	0	46	81	11	56	18	73	60	24
	26	1	45	90	12	55	8	64	61	23
	35	2	34	91	12	65	9	54	71	13
	25	3	24	92	23	75	19	44	62	14
	15	13	33	82	23	85	29	34	51	4
	6	12	43	83	22	84	38	45	52	5
	7	11	53	93	32	74	37	46	42	14
	8	21	63	92	31	64	47	36	41	24
	9	20	72	91	30	54	48	27	40	33
	19	10	73	90	21	55	49	17	50	43
	18	0	64	80	22	56	59	7	60	53
	17	1	65	70	23	67	69	6	61	54
	16	2	66	81	24	68	79	5	71	55
	6	3	67	82	14	77	89	4	72	46
	15	12	56	83	25	88	98	13	63	36
	26	11	46	92	35	97	99	23	53	37
	36	21	45	91	34	87	89	33	64	28
	37	20	44	90	24	76	78	32	74	17
	48	30	33	80	14	66	69	42	73	8
	37	41	32	70	5	56	58	31	84	9
	27	50	43	60	6	57	48	22	94	18
	16	51	52	61	7	47	38	12	95	19
	17	62	63	71	8	37	28	2	86	29
	18	51	73	81	9	36	27	3	76	39
	29	41	64	90	19	46	26	4	66	49
	39	30	53	91	9	55	25	5	56	59
	38	20	44	82	8	54	15	6	67	69
	37	10	33	72	7	65	14	16	68	79
	27	0	23	73	17	75	13	26	77	89
	28	1	24	74	18	85	12	35	88	98
	29	2	34	84	19	94	11	46	97	99
	39	3	35	93	9	85	21	55	96	89
	38	12	45	92	8	75	31	54	87	78
	37	22	44	91	7	66	42	65	86	69
	27	21	33	90	6	56	32	64	75	58
	16	20	43	80	5	67	22	63	65	48
	6	30	52	70	14	77	23	62	54	57
	5	40	51	60	13	87	12	61	44	47
	14	50	41	70	3	88	11	71	33	37
	13	60	31	81	4	78	10	82	23	38
	24	70	32	90	5	68	20	83	22	28
	25	61	42	91	15	57	30	72	11	18
	14	51	43	92	26	56	40	73	10	9
	4	41	53	83	36	47	50	74	0	8
	5	31	44	72	46	48	60	84	1	7
	6	42	33	73	35	49	70	94	2	16
	15	41	24	83	34	59	80	95	12	26
	25	30	14	82	45	69	81	86	3	36
	35	20	13	91	55	58	71	76	4	46
	45	21	23	90	66	57	62	67	5	56
	55	22	32	80	75	68	63	77	6	47
	46	11	33	70	85	78	53	87	7	37
	36	10	43	71	74	79	54	97	17	27
	26	0	52	62	64	89	45	98	28	16
	15	10	63	61	65	99	34	88	29	6
	14	20	64	70	54	89	25	77	19	5
	24	30	53	81	44	88	35	76	18	4
	23	40	43	90	34	77	46	75	8	3
	22	50	33	91	24	67	56	65	7	2
	21	60	23	92	14	76	66	64	6	11
	10	70	12	93	5	75	65	63	16	1
	0	61	11	84	6	85	64	52	15	2
	1	51	22	74	7	94	73	42	26	3
	2	41	31	84	17	95	72	43	25	13
	3	30	32	83	27	86	82	53	35	14
	4	20	33	92	26	76	71	44	45	15
	5	21	34	91	35	67	62	54	55	25
	6	10	45	90	26	56	51	65	66	24
	7	0	55	80	16	57	41	74	75	23
	8	1	56	70	17	48	30	73	85	12
	9	2	57	60	28	38	20	72	84	11
	19	1	47	50	37	39	10	82	73	22
	29	0	36	40	27	49	21	83	72	31
	28	10	35	50	26	58	30	92	71	42
	27	21	34	61	15	57	40	91	62	52
	16	22	33	70	14	56	50	81	63	43
	6	21	32	80	24	47	60	90	64	53
	15	20	23	70	13	36	61	91	54	44
	14	30	12	71	3	46	51	82	45	34
	24	40	2	72	4	55	52	83	35	25
	13	50	11	63	5	66	42	93	26	15
	3	60	22	52	6	56	43	94	27	16
	4	70	32	53	7	67	33	95	17	26
	5	61	31	63	8	68	44	96	18	36
	6	51	41	62	9	69	53	87	19	37
	7	51	30	71	18	59	64	77	29	48
	8	41	20	81	28	49	54	68	38	58
	18	30	10	90	27	48	45	78	37	57
	17	20	21	80	16	47	46	79	36	56
	7	10	22	70	26	57	55	89	35	66
	6	1	23	60	25	67	65	88	34	75
	15	0	33	50	14	76	74	98	24	85
	5	10	43	40	13	75	73	97	23	84
	4	11	42	50	12	74	83	96	32	93
	13	21	52	61	2	65	92	86	31	94
	23	20	63	71	3	55	91	75	41	95
	12	30	73	81	4	56	90	74	40	86
	2	21	64	82	5	66	80	65	50	76
	3	22	53	72	6	67	70	54	60	87
	4	23	44	63	16	77	61	45	50	88
	5	33	44	52	27	68	62	46	51	78
	6	32	34	53	28	69	71	36	42	79
	16	31	35	63	29	58	81	27	43	89
	17	30	36	72	39	57	91	28	53	99
	8	20	27	71	38	56	92	29	64	98
	9	10	28	81	49	46	93	19	74	97
	18	1	37	90	59	45	94	29	85	96
	17	2	36	91	58	44	95	39	84	86
	7	3	35	92	48	53	85	49	83	75
	6	4	34	82	37	54	84	38	73	66
	15	13	33	72	27	55	74	28	63	56
	25	12	24	62	16	65	64	17	52	47
	14	11	13	61	6	75	63	7	51	36
	4	21	12	70	15	76	62	8	41	26
	3	20	11	80	14	87	61	9	31	25
	4	30	1	90	24	77	70	19	21	34
	5	40	2	81	13	67	80	29	22	35
	6	50	12	71	3	56	90	18	23	46
	16	60	12	82	4	57	91	28	32	45
	26	70	23	83	5	68	92	37	42	44
	27	61	33	93	6	78	82	47	43	53
	28	51	44	94	16	88	72	46	52	54
	38	41	34	95	27	89	73	35	63	55
	37	30	25	94	28	78	84	36	64	66
	48	20	15	93	18	77	85	26	54	65
	57	10	14	92	8	67	86	16	45	74
	47	0	24	91	9	56	96	17	34	85
	36	1	33	90	19	66	97	7	44	94
	26	11	32	80	29	55	88	8	43	95
