	42	95	65	68	10	22	25	42	64	11
	32	85	54	57	20	12	14	31	53	21
	22	74	44	47	30	3	4	41	43	10
	11	64	33	36	40	13	5	50	32	1
	12	53	23	26	41	24	6	51	22	2
	3	43	33	15	42	34	7	52	21	1
	4	44	32	5	31	35	8	62	30	0
	13	34	22	6	41	26	9	61	20	10
	14	35	21	7	50	16	18	60	30	11
	24	26	31	8	40	17	19	70	41	2
	25	16	32	9	50	18	29	71	51	3
	34	6	23	19	61	28	38	72	52	4
	35	7	13	29	70	37	39	73	63	5
	45	8	14	18	71	48	49	83	64	6
	46	17	5	9	72	47	59	82	65	7
	55	27	6	19	62	56	69	81	66	16
	54	37	15	29	51	67	78	80	75	26
	44	47	25	28	42	76	77	90	86	36
	53	46	24	37	43	87	88	91	96	35
	52	55	33	47	32	97	89	92	95	45
	63	56	23	46	22	98	79	93	94	54
	73	66	12	36	11	89	69	84	85	65
	74	67	2	27	1	79	58	83	75	64
	73	57	3	17	0	69	68	72	65	53
	63	48	4	8	10	59	78	71	64	44
	62	38	13	18	20	49	77	61	53	33
	51	39	14	9	21	58	76	60	44	32
	41	29	5	19	30	69	75	50	33	22
	31	28	6	18	40	78	74	61	32	12
	42	37	7	17	50	77	84	70	43	11
	52	47	16	27	60	76	83	81	53	1
	63	46	15	26	70	75	82	91	54	0
	72	35	25	36	81	74	92	90	45	10
	82	34	24	47	80	73	93	91	55	20
	92	44	23	56	70	63	94	81	66	21
	93	33	22	67	71	52	95	90	76	30
	94	23	11	77	62	42	86	91	87	40
	95	22	12	78	51	31	96	92	88	41
	85	32	2	89	61	21	97	93	98	50
	75	43	1	99	60	10	87	94	88	40
	65	53	0	98	70	20	76	95	77	30
	64	54	10	97	71	21	75	86	68	31
	74	45	11	96	72	22	85	87	69	32
	84	46	12	95	83	23	94	88	79	43
	73	47	3	86	82	13	93	78	89	53
	63	57	4	76	91	14	92	77	99	64
	52	48	5	66	81	15	83	67	98	65
	42	38	6	55	80	16	73	57	97	54
	51	29	7	46	90	17	63	48	87	45
	62	18	8	36	91	28	52	38	76	35
	61	9	17	37	82	27	43	39	66	26
	50	19	16	47	71	36	44	49	65	25
	41	29	26	56	62	46	45	59	54	34
	40	39	36	66	63	55	35	58	53	24
	30	49	37	75	72	65	25	69	64	33
	20	58	48	74	83	54	24	68	73	32
	10	57	38	85	84	44	33	78	63	31
	1	67	28	95	94	43	32	79	52	41
	2	77	18	96	93	42	31	89	51	50
	3	88	8	86	92	41	30	99	61	40
	4	78	7	87	91	50	20	98	60	30
	5	79	6	88	81	51	10	97	70	21
	14	89	15	77	80	62	0	96	71	11
	24	99	25	67	90	72	1	95	82	22
	23	98	34	57	91	73	2	85	83	12
	13	97	33	47	82	64	3	75	84	11
	4	96	23	46	71	53	2	76	74	21
	5	86	12	45	62	54	11	67	75	31
	6	87	22	34	72	55	21	57	76	32
	16	77	23	35	73	56	31	47	66	43
	27	68	24	26	64	46	32	36	65	53
	17	69	14	15	63	45	43	37	74	44
	28	59	25	5	52	54	42	48	85	33
	29	49	34	4	51	55	41	58	94	24
	19	39	35	3	61	56	40	57	93	13
	9	29	36	2	50	47	30	67	92	12
	18	19	27	1	40	46	20	76	91	11
	8	29	17	10	30	45	21	86	81	22
	7	38	16	0	31	44	11	95	71	32
	6	37	26	1	42	53	12	94	61	23
	5	47	15	2	43	52	13	93	50	33
	4	57	14	3	32	62	24	92	40	34
	13	67	25	12	22	71	23	91	30	35
	14	76	26	11	21	70	33	81	20	36
	25	75	27	10	31	60	44	80	30	37
	35	85	28	20	41	61	54	90	40	38
	36	84	29	30	51	50	64	91	41	48
	37	73	39	21	42	60	74	82	31	58
	38	83	49	22	52	70	65	72	32	69
	48	93	59	12	63	80	66	71	33	78
	58	94	69	2	72	90	55	61	44	77
	68	95	78	1	73	91	56	60	54	67
	57	96	77	0	64	82	47	50	65	76
	48	87	88	10	74	72	46	41	75	86
	37	97	89	11	84	63	45	51	85	95
	27	98	79	21	83	64	34	42	94	96
	17	89	69	20	92	54	24	32	93	97
	18	79	59	30	91	55	23	31	84	98
	8	69	49	40	81	45	32	22	73	89
	7	59	39	50	71	35	43	12	63	79
	6	49	29	61	62	26	53	3	52	69
	5	39	18	70	72	15	44	4	51	59
	14	29	8	80	82	16	33	13	41	49
	25	18	7	90	91	27	32	24	42	39
	34	8	6	81	92	28	23	33	31	29
	44	7	5	71	83	38	22	43	21	19
	54	6	4	61	93	48	11	53	10	9
	65	5	3	60	94	47	2	64	1	18
	66	4	12	50	95	46	11	74	0	17
	67	3	13	41	96	36	21	75	10	8
	68	2	14	51	97	37	20	66	1	7
	58	12	15	42	98	27	30	56	11	6
	49	23	26	43	89	17	40	47	22	16
	38	32	36	33	78	28	50	57	31	7
	39	42	46	44	68	29	60	48	30	8
	49	52	47	54	57	19	70	37	20	9
	59	63	56	64	48	18	80	38	10	8
	69	73	67	65	58	17	90	49	0	7
	79	74	76	55	68	27	91	39	1	6
	89	65	77	46	67	36	81	29	2	5
	88	55	87	56	66	35	71	19	3	4
	97	45	86	47	75	25	62	9	13	14
	96	35	85	37	74	24	52	18	12	15
	86	25	84	28	64	34	43	8	11	16
	85	15	83	29	53	33	42	7	21	26
	84	6	72	39	43	23	32	16	22	27
	73	5	71	38	33	13	31	17	12	28
	63	4	70	48	24	3	41	18	2	37
	52	14	60	57	25	13	51	19	1	47
	62	15	50	58	35	23	61	9	10	46
	72	26	40	59	36	22	71	8	20	55
	82	16	30	69	27	31	81	7	21	54
	92	6	41	79	17	42	91	8	11	44
	93	5	51	89	28	43	90	18	12	45
	94	4	52	88	29	44	80	19	3	34
	95	13	53	87	39	33	70	9	2	24
	96	14	54	86	49	32	71	8	1	25
	97	15	44	76	59	23	62	7	0	35
	98	26	45	77	69	22	63	6	10	46
	99	35	55	68	79	21	64	5	20	56
	89	46	65	67	78	30	54	4	10	47
	88	36	66	56	68	40	53	3	11	48
	77	37	75	47	67	50	43	12	2	49
	76	38	74	48	56	60	32	13	1	58
	66	49	85	57	55	70	23	14	0	69
	65	39	84	68	45	71	22	25	10	78
	54	29	83	77	44	72	21	35	20	79
	53	28	73	88	33	82	30	46	10	89
	43	18	63	98	23	91	40	47	11	99
	32	17	52	97	12	81	50	37	2	89
	22	8	42	87	13	90	60	38	3	78
	11	9	32	86	24	80	61	39	4	69
	1	19	31	75	34	70	71	49	14	59
	0	29	41	74	25	81	62	48	15	58
	10	38	51	73	26	91	52	47	16	57
	20	37	50	72	27	92	53	36	17	67
	21	28	40	71	16	93	44	35	7	76
	30	18	41	61	6	94	33	45	8	75
	31	9	42	50	5	95	24	55	17	74
	32	19	43	40	4	86	14	56	27	73
	33	29	44	30	13	76	25	67	26	63
	24	39	34	20	23	87	35	66	15	52
	25	49	45	10	12	97	46	75	16	42
	35	59	55	0	2	96	56	74	7	31
	45	69	66	1	3	95	67	64	8	21
	55	68	75	2	4	85	76	53	9	10
	56	67	65	3	5	74	77	43	19	0
	66	57	64	4	15	84	88	32	29	1
	65	47	73	5	25	83	98	22	39	2
	64	48	72	6	35	82	99	11	49	3
	63	58	71	7	45	91	89	1	38	4
	72	69	61	8	46	90	79	0	37	5
	71	78	60	9	55	80	89	10	36	6
	61	68	70	18	54	81	88	20	27	7
	62	77	71	17	64	91	87	21	28	8
	51	76	82	16	63	92	86	30	29	9
	52	66	83	26	62	93	96	31	19	18
	53	65	84	15	72	94	97	41	29	17
	43	54	85	14	83	95	98	40	39	16
	32	53	86	13	93	96	99	50	49	26
	22	43	87	12	94	97	89	51	58	15
	11	32	77	23	95	88	79	42	69	14
	21	33	78	24	86	89	79	31	59	13
	10	34	68	25	87	98	69	30	49	3
	1	44	67	35	77	99	59	20	48	2
	0	45	56	46	76	89	49	10	57	12
	1	55	47	36	75	88	48	11	58	22
	2	56	37	27	74	87	38	21	69	32
	12	47	28	17	65	76	29	31	78	43
	22	57	18	7	66	67	19	32	88	44
	23	48	8	6	55	68	9	43	98	34
	13	38	7	5	54	69	18	44	99	35
	4	37	6	15	64	59	17	53	89	46
	5	36	16	26	73	49	7	63	79	47
	6	27	15	25	72	38	8	62	69	56
	5	16	14	24	71	28	9	61	68	66
	4	17	13	33	70	27	19	60	67	75
	3	18	12	43	80	37	29	50	66	74
	2	8	11	52	81	47	39	41	65	64
	1	7	10	62	82	56	49	40	54	63
