	92	35	98	83	3	21	55	97	90	26
	82	25	89	72	4	10	46	87	81	16
	71	14	78	62	5	0	35	76	70	6
	61	13	68	51	15	1	25	66	60	7
	50	12	57	41	26	2	24	55	70	8
	40	22	47	30	27	11	13	45	80	9
	41	23	36	20	17	21	12	34	90	18
	31	32	26	10	28	22	3	24	91	19
	42	33	15	0	29	11	4	13	92	9
	43	44	5	1	19	10	14	23	93	8
	52	53	6	2	9	20	25	32	84	7
	63	64	16	3	8	30	35	31	74	17
	73	65	26	4	18	40	46	42	84	27
	83	66	35	5	28	50	56	43	84	37
	82	67	46	6	38	51	57	44	83	48
	81	77	56	7	39	42	58	45	82	49
	80	88	67	8	29	43	59	54	81	48
	70	98	77	9	19	52	69	53	71	47
	61	99	88	18	29	63	79	64	72	36
	62	89	78	17	28	73	69	65	83	26
	72	79	68	16	27	74	58	75	92	15
	63	69	57	6	26	85	48	86	91	14
	53	58	47	5	36	95	37	87	90	24
	52	48	46	14	35	96	38	76	80	34
	51	49	45	24	25	87	39	66	81	33
	61	59	54	23	26	76	29	55	82	32
	70	69	44	12	16	66	19	56	71	31
	60	78	34	22	7	67	9	57	62	21
	50	77	24	11	8	68	18	58	72	20
	41	88	25	1	17	69	28	48	83	21
	51	97	26	2	27	79	37	47	82	22
	61	98	15	3	36	89	38	46	81	23
	70	99	6	4	35	88	39	45	80	24
	71	89	5	4	34	87	49	54	90	25
	62	78	14	13	33	86	59	53	91	15
	63	77	24	23	43	85	69	52	92	16
	64	87	33	32	42	84	79	51	93	7
	73	86	43	31	41	94	89	50	83	8
	74	75	32	30	40	95	98	60	72	17
	84	65	22	20	50	96	88	61	82	27
	83	55	23	10	51	97	87	70	81	26
	82	66	24	0	42	98	76	80	81	36
	82	56	25	1	32	88	67	70	71	37
	91	57	26	2	22	87	68	61	62	38
	90	58	16	3	23	86	78	51	52	39
	80	48	6	4	24	85	69	42	53	49
	70	47	7	5	25	74	58	43	44	59
	60	46	8	6	26	64	57	43	45	49
	61	35	9	7	16	53	47	44	54	38
	62	25	18	8	17	63	46	34	64	28
	72	15	19	9	27	73	45	24	65	29
	83	6	18	8	36	84	44	13	75	39
	92	5	17	7	46	93	33	3	85	49
	82	4	27	6	45	84	23	2	85	48
	81	3	36	15	34	94	12	1	84	47
	80	2	26	14	24	95	11	1	83	36
	90	12	15	13	33	96	10	0	82	35
	91	22	14	23	24	97	21	1	81	34
	92	31	13	32	25	98	30	11	71	44
	93	41	12	42	26	89	40	22	70	43
	94	50	23	51	16	88	30	32	60	52
	95	41	33	42	6	87	31	43	61	63
	85	30	44	32	7	86	42	43	70	72
	84	21	54	22	8	76	42	44	80	62
	83	10	45	11	9	66	43	44	90	52
	82	0	35	2	19	56	53	34	91	42
	72	1	25	3	29	57	64	24	81	31
	62	2	26	4	28	47	74	14	71	21
	52	3	16	5	27	36	85	15	61	22
	53	4	17	6	37	46	86	25	51	23
	63	5	18	7	38	55	76	35	61	24
	72	6	8	17	39	65	66	45	70	25
	82	16	9	28	49	75	55	46	80	26
	81	7	19	38	58	85	54	56	90	27
	91	8	29	37	48	84	44	67	80	17
	92	9	28	47	57	73	33	68	70	18
	93	19	37	36	58	83	23	69	60	29
	94	9	38	46	48	72	13	59	50	39
	95	8	49	35	47	62	24	58	40	29
	85	7	38	25	46	71	34	57	30	28
	84	6	37	14	35	82	45	56	20	27
	83	15	36	4	26	82	55	46	30	27
	83	14	47	5	16	81	65	45	41	17
	82	13	48	6	7	80	75	54	51	18
	81	12	58	15	8	70	85	53	61	19
	90	11	68	25	18	60	84	43	50	9
	91	10	77	24	29	61	73	42	40	19
	92	0	78	33	39	62	64	31	30	18
	93	1	68	32	49	63	53	21	20	28
	94	2	57	22	48	52	43	31	10	27
	84	3	47	12	37	42	44	32	21	26
	83	4	36	2	27	43	45	33	31	25
	82	5	26	3	27	53	54	44	41	24
	81	6	25	4	28	64	55	34	51	33
	80	16	35	5	38	74	66	45	61	23
	70	27	46	6	29	85	67	55	61	12
	71	28	56	16	18	86	68	66	62	2
	72	17	67	27	8	76	69	65	63	1
	73	7	77	26	9	87	58	74	64	0
	84	6	88	35	18	96	48	85	53	10
	93	15	78	34	28	95	47	86	52	11
	92	14	68	45	27	94	46	75	51	22
	91	13	57	35	26	93	56	66	61	23
	90	24	67	25	15	92	55	65	70	23
	80	33	66	34	5	91	54	64	70	32
	81	43	55	44	4	90	53	63	60	31
	82	32	45	34	3	80	52	62	50	41
	83	22	46	25	12	81	42	51	40	30
	72	11	36	14	2	82	31	50	41	20
	62	1	37	4	3	83	32	40	30	21
	71	2	27	5	13	84	33	41	20	10
	61	3	26	6	24	85	34	42	21	1
	50	4	16	7	25	75	45	43	31	2
	60	5	17	8	26	66	46	44	42	3
	70	6	18	9	36	55	47	45	51	4
	80	16	19	8	37	46	48	35	61	5
	90	17	29	7	38	36	49	26	70	15
	91	28	39	6	48	37	59	16	80	14
	92	29	49	5	58	47	69	27	81	13
	93	19	59	14	68	56	79	28	71	12
	84	9	69	13	77	66	89	29	72	11
	73	8	78	23	76	75	88	19	83	22
	74	7	68	24	86	85	87	18	82	32
	65	6	57	33	95	94	96	17	91	23
	64	15	47	24	85	93	97	16	90	23
	63	25	36	14	84	92	87	26	80	24
	62	34	46	4	73	82	76	35	70	13
	61	44	56	3	64	91	66	45	60	12
	50	53	67	2	54	90	55	46	70	11
	40	52	77	1	65	80	56	47	81	21
	30	62	88	2	75	80	67	37	71	31
	20	51	98	3	85	81	77	38	72	41
	30	42	89	4	86	82	88	39	83	50
	41	32	99	5	76	82	78	49	93	60
	51	22	98	6	67	83	68	48	94	50
	42	12	89	7	57	84	67	47	85	41
	43	3	78	8	57	74	66	46	75	31
	32	4	68	9	47	65	55	45	85	22
	33	5	57	19	36	64	54	34	84	23
	43	6	47	29	26	63	44	25	83	24
	52	7	36	28	27	73	53	15	82	14
	62	8	35	17	16	72	63	5	81	4
	61	18	45	27	15	83	64	6	80	13
	70	9	44	37	26	84	74	7	90	3
	80	19	53	38	35	85	75	8	91	12
	90	29	63	39	45	95	86	17	92	2
	91	28	52	38	44	96	87	27	93	3
	92	18	42	37	53	97	76	26	94	4
	82	9	31	27	63	98	66	35	95	14
	71	8	21	16	64	99	55	45	85	25
	81	7	22	6	54	89	56	46	84	26
	80	17	23	5	45	88	67	47	83	16
	70	28	24	14	34	87	77	48	82	15
	60	29	25	13	24	86	78	58	81	26
	50	19	35	12	33	85	69	49	80	36
	40	18	46	11	43	94	58	59	70	47
	30	9	56	1	32	93	57	49	60	48
	20	8	66	2	22	92	68	39	50	38
	30	7	65	3	23	82	67	29	40	28
	21	6	74	4	24	71	66	19	41	18
	10	5	64	4	25	61	55	29	31	17
	20	15	53	14	26	62	45	38	42	27
	30	16	43	24	36	72	44	37	51	28
	41	27	32	33	35	73	54	47	61	18
	51	36	22	23	45	74	65	46	70	9
	61	35	22	13	44	85	75	55	80	8
	70	25	23	3	53	84	76	65	90	7
	80	15	24	4	52	83	87	74	91	16
	90	6	25	5	42	93	76	73	92	17
	91	7	26	14	31	94	66	63	82	28
	81	17	27	24	21	95	55	52	71	28
	80	18	37	34	22	96	45	42	62	29
	70	19	48	44	23	86	54	43	63	39
	60	9	58	53	24	85	64	32	52	49
	50	8	69	63	25	74	65	31	51	59
	40	7	78	72	26	75	66	21	41	58
	30	6	68	73	15	76	56	10	31	57
	21	16	68	64	14	77	67	0	32	47
	31	27	57	54	13	88	66	1	42	36
	41	28	47	45	12	89	55	11	51	46
	50	38	37	35	2	88	65	22	61	56
	60	29	48	34	3	87	74	23	70	67
	60	18	49	33	4	86	84	24	80	76
	70	17	38	23	5	85	83	25	90	66
	80	7	28	13	15	84	92	26	91	55
	90	6	27	3	16	83	93	36	82	46
	91	5	37	4	17	72	94	47	71	45
	92	14	48	13	8	62	95	57	81	44
	83	24	58	12	9	52	85	56	80	43
	73	34	69	11	19	53	75	55	70	32
	72	44	79	21	29	64	66	45	61	31
	82	43	78	20	28	74	55	54	62	30
	81	32	68	10	27	85	65	53	52	21
	80	22	57	0	26	95	64	43	63	21
	70	12	47	1	36	96	73	32	72	22
	71	2	56	1	35	97	74	42	82	23
	61	3	67	2	45	98	85	41	91	24
	51	4	77	3	44	99	75	40	90	25
	42	5	88	4	43	89	66	41	80	26
	31	6	87	5	32	88	55	50	81	35
