	31	85	56	13	36	28	2	45	58	65
	21	75	46	4	26	17	1	34	48	54
	10	65	35	5	15	7	0	24	37	44
	11	54	25	6	14	8	1	13	27	33
	22	44	24	7	4	9	2	23	16	32
	12	33	34	8	3	18	11	13	17	42
	22	43	45	9	4	19	21	14	28	41
	31	42	55	18	5	29	20	15	38	30
	32	41	66	28	6	39	10	16	49	40
	23	50	76	38	7	29	0	17	59	30
	12	51	77	48	8	19	1	18	69	21
	2	52	68	47	9	29	11	28	58	10
	3	53	57	46	19	39	22	37	48	20
	4	63	47	35	29	49	31	36	37	30
	5	62	56	26	28	59	42	27	37	40
	6	61	67	15	17	69	51	16	38	50
	7	60	66	25	8	68	41	26	39	40
	16	70	75	24	18	57	31	35	49	30
	15	71	86	33	9	47	32	34	59	21
	14	72	87	44	19	56	43	45	69	10
	13	73	88	54	29	66	52	55	78	0
	12	74	89	64	39	67	53	65	68	1
	22	75	79	63	38	76	43	66	77	2
	21	85	69	52	37	86	42	56	87	3
	30	84	68	43	36	95	51	46	96	4
	40	83	77	33	26	94	62	35	87	5
	50	82	88	23	15	84	61	25	76	6
	60	71	98	13	14	83	70	24	67	16
	50	81	97	12	4	82	80	34	57	27
	41	90	96	11	3	91	70	44	48	28
	31	81	86	22	12	92	61	45	37	17
	32	71	75	21	2	93	51	54	27	8
	42	72	74	20	1	94	41	55	36	7
	52	73	84	10	11	85	30	46	26	6
	53	64	83	10	12	95	20	36	15	5
	44	54	82	11	13	94	21	26	14	4
	33	45	91	12	23	93	22	15	25	3
	34	55	90	2	24	83	31	16	35	13
	45	65	80	1	25	82	32	27	46	14
	55	74	70	0	35	91	43	28	36	15
	65	73	61	10	26	90	42	18	27	16
	66	72	51	20	25	80	41	9	28	17
	56	71	62	10	34	70	40	19	18	8
	46	81	72	11	44	60	50	29	28	7
	35	82	72	12	43	61	41	38	37	6
	25	92	63	13	32	71	30	39	47	5
	14	93	52	13	23	82	20	29	56	15
	4	84	53	14	12	92	10	18	46	26
	3	85	64	24	13	93	0	17	36	27
	2	86	54	33	23	84	1	16	37	28
	11	75	44	34	22	85	10	7	48	38
	21	66	53	45	31	95	20	8	49	39
	30	65	63	55	42	96	10	9	58	29
	40	74	72	46	32	86	0	18	57	19
	50	73	82	36	23	85	1	17	67	29
	51	72	92	26	12	84	2	16	56	28
	42	71	93	15	13	83	3	16	47	27
	32	82	94	6	14	73	4	7	36	37
	23	83	95	5	15	74	13	8	35	38
	24	92	96	14	25	65	12	9	34	48
	33	91	87	4	26	55	11	19	44	49
	43	90	86	3	27	54	22	18	53	59
	52	80	85	12	17	64	31	29	63	69
	62	70	84	11	8	73	41	28	72	58
	71	70	83	22	9	73	30	27	82	48
	62	60	93	12	18	72	20	26	81	37
	51	61	94	13	17	63	10	15	71	27
	41	50	95	14	16	53	11	25	62	28
	31	40	96	5	15	44	12	35	52	29
	22	30	97	6	26	45	2	34	42	39
	11	21	88	7	36	46	1	24	31	38
	10	20	87	8	47	55	0	23	22	49
	11	30	86	9	57	65	1	32	23	59
	12	41	85	19	68	74	2	22	24	58
	3	51	84	29	77	73	11	12	25	48
	4	61	83	28	67	72	21	13	26	37
	5	71	82	27	56	72	30	14	26	37
	15	70	92	16	46	63	41	14	35	36
	6	80	91	17	46	64	51	24	34	47
	7	90	81	18	35	54	61	33	44	57
	17	91	82	8	25	53	71	43	45	68
	16	92	83	9	15	52	62	42	55	78
	16	93	73	19	5	63	51	31	66	79
	15	94	74	29	4	72	42	32	56	69
	14	95	75	28	3	82	31	23	47	58
	13	96	66	27	12	71	22	23	37	48
	24	97	76	26	2	70	11	33	38	49
	34	87	86	15	1	60	10	44	39	59
	45	88	85	25	0	50	20	54	29	69
	55	78	84	14	10	40	21	65	18	68
	66	77	83	13	11	30	31	54	17	67
	56	76	82	12	11	41	32	44	16	57
	46	75	72	3	22	51	23	33	27	47
	35	74	71	4	21	61	24	43	26	36
	25	73	81	5	10	62	34	32	15	37
	14	72	80	6	11	52	45	23	16	28
	5	71	90	7	12	53	55	13	17	38
	6	82	91	8	12	64	65	14	28	48
	15	92	81	9	13	73	54	14	37	58
	16	93	70	19	4	83	44	24	27	48
	26	94	60	29	3	84	33	34	36	37
	35	95	50	28	2	85	43	25	46	47
	45	96	40	27	1	86	42	15	56	57
	55	95	30	26	0	87	31	5	66	68
	65	94	41	15	10	86	22	4	75	69
	54	93	51	14	11	85	12	3	76	79
	44	92	61	13	21	84	23	2	77	89
	33	82	71	24	10	83	32	1	88	78
	34	72	62	25	20	73	43	0	77	68
	35	63	52	15	10	74	53	1	67	58
	36	64	42	6	11	75	54	2	57	48
	27	74	31	7	12	76	45	3	47	37
	16	75	21	17	13	67	34	4	46	38
	15	76	20	18	14	68	24	5	56	39
	26	75	30	8	25	77	23	6	55	49
	27	74	40	9	35	87	22	7	45	59
	28	73	50	18	36	86	31	8	44	69
	38	72	61	19	27	85	42	17	33	79
	37	71	61	29	16	84	32	7	23	69
	36	81	71	38	15	83	22	6	12	58
	35	70	82	37	5	83	21	16	13	48
	34	60	91	36	4	93	30	26	24	57
	25	50	90	47	3	94	40	27	24	48
	15	41	80	46	12	95	30	28	25	49
	6	51	70	56	22	96	20	18	26	38
	7	62	60	66	31	97	10	9	27	28
	16	71	50	55	21	88	11	8	17	18
	15	82	61	45	10	87	1	9	27	19
	14	83	71	34	11	86	0	18	37	29
	13	84	82	24	12	85	1	28	36	39
	23	74	92	33	2	75	11	27	46	49
	32	64	93	43	3	65	22	26	56	59
	42	53	94	52	4	54	31	15	66	58
	51	63	95	62	5	44	41	14	65	48
	61	72	96	71	6	53	50	25	54	37
	70	73	97	62	7	63	60	35	45	27
	71	83	87	52	16	72	50	34	55	36
	62	92	86	43	27	82	41	24	46	35
	52	91	85	33	37	81	30	13	47	34
	43	90	84	24	36	80	20	14	57	44
	32	81	83	13	26	70	10	15	67	53
	23	71	82	14	25	61	11	5	68	64
	12	62	72	4	35	51	11	6	69	54
	13	52	73	3	45	42	21	7	78	44
	24	43	74	2	55	32	22	8	68	33
	34	53	75	1	56	31	12	17	58	23
	25	63	76	0	57	41	2	18	48	24
	15	73	67	10	47	40	1	17	37	25
	6	72	66	11	36	50	2	16	27	26
	5	71	65	12	46	61	3	7	28	35
	14	82	64	13	45	71	4	8	29	34
	15	92	63	23	54	70	5	9	19	44
	26	93	72	22	65	60	6	18	29	53
	27	94	82	31	66	50	7	17	38	63
	37	95	71	21	55	51	16	28	39	73
	38	96	70	10	46	62	15	29	39	64
	37	97	60	11	36	52	14	19	49	54
	27	87	50	12	47	63	13	9	59	45
	16	86	40	2	56	72	24	8	69	35
	15	85	30	1	46	82	33	17	79	25
	14	74	41	0	35	91	44	16	69	24
	13	73	51	10	25	81	53	15	58	33
	12	72	61	11	24	71	63	14	48	32
	3	83	70	22	33	62	64	13	37	31
	4	84	80	23	32	52	54	12	27	21
	5	93	90	24	42	43	44	2	16	22
	6	92	81	34	41	53	45	1	15	23
	7	82	81	35	50	63	55	0	26	24
	8	71	91	36	51	72	65	10	25	24
	17	61	90	47	42	73	75	11	14	13
	16	60	80	57	31	74	76	12	15	3
	16	50	70	67	21	75	66	22	26	4
	15	40	71	68	20	86	55	32	27	5
	6	30	62	57	10	95	54	23	28	15
	7	20	72	47	11	94	44	12	18	26
	8	30	82	36	11	84	33	13	29	27
	18	41	83	46	12	84	23	14	39	28
	19	51	93	56	13	85	24	15	49	29
	9	62	92	55	14	74	34	16	59	38
	8	71	91	54	15	64	45	7	58	39
	17	82	81	44	16	53	35	6	48	49
	27	72	90	33	26	52	25	5	37	59
	36	63	80	23	15	62	24	4	47	58
	35	73	70	12	5	61	13	3	46	48
	34	84	60	2	4	50	14	12	56	37
	33	94	61	1	3	40	15	22	67	27
	23	93	71	11	2	30	6	12	77	17
	32	83	82	21	1	41	7	13	78	16
	43	92	91	30	0	51	8	24	69	26
	52	93	81	20	10	62	18	14	58	36
	42	84	90	20	11	71	17	15	48	47
	31	85	80	10	12	82	16	6	57	46
	21	75	70	11	13	83	26	5	48	35
	10	74	71	12	14	73	25	4	37	45
	11	65	82	13	15	64	34	3	27	35
	12	66	72	23	16	54	44	2	28	26
	22	67	62	33	27	55	53	1	18	26
	32	76	51	24	28	66	63	11	19	36
	33	75	41	14	29	65	52	12	9	37
	44	74	30	15	19	64	42	13	8	28
