	0.185000
	0.266500
	0.351000
	0.422000
	0.480000
	0.500000
	0.509000
	0.508500
	0.516500
	0.523500
	0.536000
	0.555000
	0.571000
	0.588500
	0.600500
	0.600000
	0.604000
	0.617000
	0.630500
	0.626000
	0.632500
	0.649000
	0.667000
	0.690000
	0.697500
	0.700000
	0.696000
	0.701000
	0.694000
	0.691500
	0.684500
	0.670000
	0.662000
	0.668000
	0.671500
	0.668500
	0.665000
	0.649500
	0.636500
	0.637000
	0.634000
	0.621000
	0.605500
	0.603000
	0.591000
	0.580000
	0.565000
	0.561500
	0.561000
	0.558000
	0.553500
	0.570000
	0.588500
	0.595500
	0.598000
	0.606500
	0.617500
	0.622500
	0.637000
	0.658000
	0.659000
	0.667000
	0.677000
	0.681000
	0.672000
	0.672000
	0.672000
	0.678000
	0.678000
	0.678500
	0.674000
	0.686500
	0.685500
	0.688000
	0.694000
	0.683500
	0.673500
	0.665000
	0.649000
	0.662000
	0.666500
	0.657500
	0.648500
	0.651000
	0.650500
	0.659500
	0.662000
	0.666000
	0.666000
	0.677500
	0.670000
	0.669500
	0.687500
	0.686500
	0.684500
	0.696000
	0.690500
	0.691000
	0.693500
	0.700000
	0.705500
	0.691500
	0.680500
	0.683500
	0.678000
	0.669500
	0.667000
	0.664000
	0.666000
	0.659500
	0.637500
	0.630500
	0.643000
	0.639000
	0.637500
	0.620500
	0.614000
	0.628000
	0.630000
	0.615500
	0.620500
	0.626500
	0.629500
	0.640000
	0.642000
	0.648000
	0.655000
	0.678500
	0.695500
	0.702500
	0.696500
	0.690500
	0.685000
	0.682000
	0.680500
	0.679000
	0.679500
	0.683000
	0.687000
	0.691500
	0.678000
	0.677000
	0.677500
	0.674000
	0.670500
	0.671500
	0.687000
	0.704000
	0.697500
	0.678500
	0.664000
	0.660500
	0.663500
	0.671000
	0.668000
	0.661500
	0.646500
	0.629000
	0.610500
	0.587500
	0.574000
	0.566500
	0.568000
	0.570500
	0.576000
	0.580500
	0.579500
	0.575500
	0.592000
	0.614500
	0.629000
	0.641000
	0.650000
	0.653000
	0.642500
	0.653000
	0.670000
	0.666500
	0.668000
	0.674500
	0.681000
	0.692500
	0.699000
	0.692500
	0.683000
	0.681500
	0.679500
	0.674000
	0.672000
	0.662500
	0.661000
	0.655500
	0.665500
	0.679000
	0.683500
	0.677000
	0.679500
	0.683000
	0.686500
	0.691000
