	0.152225
	0.190025
	0.206600
	0.205975
	0.198433
	0.188669
	0.176674
	0.160469
	0.147144
	0.133905
	0.109145
	0.085400
	0.072735
	0.069715
	0.070575
	0.068623
	0.069059
	0.064985
	0.059886
	0.056619
	0.053719
	0.055650
	0.057900
	0.064769
	0.071619
	0.077663
	0.076673
	0.068369
	0.065375
	0.063869
	0.068119
	0.068193
	0.069416
	0.067769
	0.067850
	0.062164
	0.054081
	0.048123
	0.044619
	0.048514
	0.052025
	0.055336
	0.060579
	0.063603
	0.057584
	0.057556
	0.055861
	0.059569
	0.067485
	0.074775
	0.071685
	0.071669
	0.065773
	0.056885
	0.057093
	0.063909
	0.068176
	0.065574
	0.058204
	0.057133
	0.057715
	0.060266
	0.059143
	0.056746
	0.053805
	0.051185
	0.049831
	0.053975
	0.057169
	0.060319
	0.061434
	0.064483
	0.066323
	0.064723
	0.059574
	0.061689
	0.064919
	0.070055
	0.069900
	0.069719
	0.080256
	0.087953
	0.092933
	0.098515
	0.101263
	0.098719
	0.093069
	0.087193
	0.083303
	0.083103
	0.079453
	0.071059
	0.068400
	0.067019
	0.070526
	0.070756
	0.063005
	0.059464
	0.058000
	0.048124
	0.046919
	0.045405
	0.048754
	0.049954
	0.047253
	0.045976
	0.045525
	0.044559
	0.039756
	0.039404
	0.036485
	0.035253
	0.036454
	0.039309
	0.041700
	0.044533
	0.048785
	0.046525
	0.049743
	0.052965
	0.048803
	0.044445
	0.047353
	0.050891
	0.053500
	0.057485
	0.059869
	0.056573
	0.056286
	0.057891
	0.056869
	0.055435
	0.057464
	0.059079
	0.054104
	0.054986
	0.053719
	0.053051
	0.051125
	0.049113
	0.049219
	0.055239
	0.060475
	0.065104
	0.069615
	0.075436
	0.076881
	0.067144
	0.063050
	0.061119
	0.056525
	0.052375
	0.049855
	0.052414
	0.049631
	0.050106
	0.048181
	0.052725
	0.054125
	0.058269
	0.062900
	0.063861
	0.066174
	0.066011
	0.068019
	0.065979
	0.065395
	0.060900
	0.063849
	0.062886
	0.059954
	0.053039
	0.047145
	0.046725
	0.046054
	0.048465
	0.043669
	0.050236
	0.056375
	0.062373
	0.058515
	0.057300
	0.057375
	0.062065
	0.060879
	0.056473
	0.055423
	0.056819
	0.058651
	0.053849
	0.053013
	0.050785
	0.054834
	0.058879
	0.060150
	0.061819
	0.068223
	0.073753
	0.078715
	0.083264
