	0.140425
	0.176173
	0.194819
	0.202844
	0.202969
	0.198773
	0.193911
	0.188815
	0.182231
	0.173856
	0.165025
	0.156554
	0.146345
	0.133761
	0.122541
	0.110313
	0.099653
	0.096600
	0.098650
	0.101074
	0.102366
	0.104519
	0.102475
	0.102571
	0.103683
	0.104355
	0.105674
	0.104761
	0.096750
	0.092451
	0.093641
	0.093533
	0.089115
	0.085819
	0.087623
	0.086599
	0.082969
	0.077585
	0.071175
	0.068971
	0.064693
	0.068043
	0.066351
	0.059919
	0.052551
	0.040875
	0.038321
	0.037074
	0.039766
	0.041761
	0.042039
	0.045235
	0.047450
	0.046835
	0.050653
	0.052315
	0.047809
	0.040385
	0.037115
	0.037319
	0.036043
	0.035931
	0.037739
	0.039424
	0.039369
	0.040559
	0.041945
	0.041623
	0.045893
	0.051196
	0.054191
	0.058514
	0.061950
	0.059700
	0.053600
	0.051123
	0.045819
	0.037025
	0.038450
	0.041273
	0.045050
	0.049283
	0.047763
	0.043931
	0.035881
	0.039561
	0.044824
	0.051085
	0.057369
	0.061993
	0.069371
	0.075919
	0.078849
	0.088436
	0.098104
	0.105554
	0.105776
	0.100431
	0.096391
	0.088519
	0.080875
	0.073705
	0.071411
	0.065515
	0.060745
	0.058255
	0.056063
	0.058241
	0.063619
	0.065236
	0.061869
	0.053719
	0.051746
	0.053875
	0.058184
	0.062234
	0.064595
	0.063314
	0.061899
	0.063236
	0.060405
	0.057675
	0.062535
	0.061969
	0.066794
	0.066303
	0.065065
	0.058069
	0.055545
	0.052763
	0.061011
	0.063726
	0.065069
	0.072443
	0.077141
	0.080384
	0.082349
	0.085614
	0.088286
	0.090305
	0.088346
	0.092925
	0.091001
	0.086789
	0.081719
	0.076969
	0.077661
	0.073983
	0.071045
	0.068600
	0.064889
	0.067139
	0.071394
	0.071953
	0.075519
	0.076369
	0.073643
	0.072100
	0.069249
	0.064165
	0.054811
	0.049511
	0.050419
	0.053291
	0.056264
	0.059829
	0.061033
	0.057041
	0.054450
	0.053525
	0.054963
	0.055314
	0.055186
	0.056575
	0.060225
	0.061453
	0.070219
	0.076773
	0.084965
	0.094123
	0.101891
	0.104464
	0.109685
	0.111395
	0.113339
	0.112969
	0.111319
	0.104175
	0.093015
	0.083495
	0.076709
	0.065273
	0.062913
	0.064475
	0.066359
	0.074565
	0.081584
	0.085519
	0.089469
	0.093469
