	0.175500
	0.257500
	0.335000
	0.417000
	0.468500
	0.479500
	0.497500
	0.518000
	0.541000
	0.551500
	0.568000
	0.585500
	0.609500
	0.625000
	0.640000
	0.652500
	0.673500
	0.683500
	0.686500
	0.675500
	0.664500
	0.670000
	0.675500
	0.678500
	0.681000
	0.687500
	0.686000
	0.677000
	0.671000
	0.659000
	0.653000
	0.650000
	0.641500
	0.640500
	0.639500
	0.632500
	0.617000
	0.614000
	0.620500
	0.635500
	0.647000
	0.646000
	0.663000
	0.671500
	0.685000
	0.690500
	0.700500
	0.686500
	0.682500
	0.664500
	0.656000
	0.640000
	0.650000
	0.655500
	0.663500
	0.676000
	0.684000
	0.688000
	0.692500
	0.691500
	0.689000
	0.680500
	0.683000
	0.681500
	0.679500
	0.688000
	0.674500
	0.678500
	0.664000
	0.660000
	0.669500
	0.689500
	0.697000
	0.703000
	0.704500
	0.704000
	0.708000
	0.707000
	0.715000
	0.724500
	0.732000
	0.735500
	0.718000
	0.702500
	0.692000
	0.691000
	0.681000
	0.676000
	0.679500
	0.690500
	0.683500
	0.673000
	0.670000
	0.665500
	0.658000
	0.655000
	0.656000
	0.647000
	0.648000
	0.653500
	0.667000
	0.662000
	0.671000
	0.660500
	0.642500
	0.657000
	0.663000
	0.672000
	0.681000
	0.689000
	0.668000
	0.660500
	0.662000
	0.654500
	0.659000
	0.662000
	0.661000
	0.659500
	0.651000
	0.662500
	0.670000
	0.685000
	0.691000
	0.688500
	0.671000
	0.664000
	0.652000
	0.641000
	0.634000
	0.625000
	0.627000
	0.635500
	0.650500
	0.656500
	0.676000
	0.669500
	0.673000
	0.671500
	0.662000
	0.654000
	0.638000
	0.628500
	0.630500
	0.632500
	0.632000
	0.640500
	0.660500
	0.676500
	0.681500
	0.687500
	0.682500
	0.698000
	0.701500
	0.705000
	0.703000
	0.690500
	0.673500
	0.686000
	0.690500
	0.692000
	0.696500
	0.699000
	0.702000
	0.707500
	0.714500
	0.718000
	0.727500
	0.732000
	0.710000
	0.697000
	0.692000
	0.695500
	0.697500
	0.699500
	0.696500
	0.685500
	0.684500
	0.685500
	0.681000
	0.682000
	0.697500
	0.694500
	0.705500
	0.707000
	0.702000
	0.701000
	0.687500
	0.683500
	0.690000
	0.692000
	0.702500
	0.707500
	0.704500
	0.704500
	0.707000
	0.708500
	0.714000
	0.710500
	0.705000
	0.697000
