	0.176000
	0.267000
	0.344500
	0.426000
	0.478000
	0.527500
	0.548500
	0.548500
	0.557000
	0.567500
	0.578500
	0.584500
	0.589500
	0.594500
	0.607000
	0.623000
	0.648000
	0.672500
	0.690000
	0.696500
	0.714500
	0.715000
	0.718000
	0.724000
	0.721000
	0.721500
	0.725000
	0.725500
	0.728500
	0.722500
	0.717500
	0.710500
	0.693000
	0.688500
	0.683500
	0.674500
	0.680000
	0.675000
	0.675000
	0.665000
	0.658500
	0.659500
	0.666000
	0.668500
	0.662500
	0.661500
	0.659000
	0.675500
	0.666500
	0.652000
	0.655500
	0.657500
	0.659500
	0.668000
	0.692500
	0.697500
	0.702500
	0.712000
	0.711000
	0.709500
	0.705500
	0.690500
	0.684000
	0.673500
	0.667500
	0.675500
	0.676500
	0.686000
	0.692500
	0.687500
	0.701500
	0.710000
	0.719500
	0.728500
	0.735500
	0.743000
	0.748000
	0.740000
	0.740000
	0.736500
	0.732500
	0.727500
	0.722000
	0.720000
	0.720000
	0.724500
	0.723000
	0.727500
	0.718500
	0.714500
	0.710500
	0.715500
	0.712500
	0.712000
	0.706500
	0.698000
	0.705000
	0.696500
	0.693000
	0.691500
	0.692500
	0.700000
	0.692500
	0.693000
	0.686500
	0.688000
	0.680500
	0.673000
	0.662500
	0.663000
	0.667000
	0.666500
	0.656500
	0.659000
	0.658000
	0.681500
	0.696000
	0.694500
	0.696000
	0.694000
	0.690500
	0.699000
	0.711000
	0.704000
	0.694000
	0.678000
	0.675500
	0.676000
	0.685000
	0.686500
	0.693500
	0.698500
	0.710500
	0.711000
	0.713000
	0.717000
	0.737500
	0.744500
	0.744500
	0.738000
	0.728000
	0.724500
	0.718500
	0.723000
	0.733000
	0.725000
	0.722500
	0.729000
	0.725500
	0.724000
	0.715000
	0.708000
	0.702000
	0.701500
	0.702500
	0.703500
	0.705000
	0.704500
	0.696500
	0.697000
	0.685000
	0.671000
	0.666000
	0.665500
	0.671500
	0.667500
	0.660500
	0.663000
	0.664000
	0.672500
	0.692500
	0.705500
	0.712000
	0.717000
	0.722500
	0.713500
	0.703500
	0.702000
	0.706000
	0.701500
	0.693500
	0.679000
	0.668000
	0.660500
	0.654000
	0.645000
	0.649500
	0.665500
	0.670500
	0.665000
	0.659500
	0.665000
	0.663500
	0.654000
	0.666000
	0.687000
	0.710000
	0.723000
	0.727500
	0.739000
