	0.146815
	0.185025
	0.199569
	0.200993
	0.196759
	0.185844
	0.172493
	0.160735
	0.155075
	0.148669
	0.146565
	0.135045
	0.126469
	0.124164
	0.123153
	0.117184
	0.112353
	0.108171
	0.105719
	0.101614
	0.093814
	0.084845
	0.078911
	0.071145
	0.067169
	0.061664
	0.062801
	0.064853
	0.062773
	0.063669
	0.053904
	0.053743
	0.055656
	0.060451
	0.062494
	0.065973
	0.067313
	0.069404
	0.068383
	0.065916
	0.061900
	0.059219
	0.060041
	0.055325
	0.053169
	0.059219
	0.061333
	0.069900
	0.073925
	0.066015
	0.064519
	0.060385
	0.056685
	0.058835
	0.060250
	0.063919
	0.069113
	0.069666
	0.067093
	0.067825
	0.056749
	0.059805
	0.059935
	0.062794
	0.062125
	0.063863
	0.064059
	0.067525
	0.069916
	0.073023
	0.076855
	0.080954
	0.085293
	0.084454
	0.075161
	0.071713
	0.067469
	0.063071
	0.065474
	0.066839
	0.063469
	0.066969
	0.066099
	0.062533
	0.053219
	0.052211
	0.050681
	0.058319
	0.064269
	0.064325
	0.068823
	0.067921
	0.067803
	0.067819
	0.063303
	0.064383
	0.066225
	0.062100
	0.065705
	0.062983
	0.061583
	0.059825
	0.063873
	0.070143
	0.076196
	0.075069
	0.070611
	0.073461
	0.079000
	0.083045
	0.082805
	0.078315
	0.075439
	0.078050
	0.073500
	0.071654
	0.072326
	0.074365
	0.076013
	0.065945
	0.067750
	0.069635
	0.071825
	0.075600
	0.073055
	0.068119
	0.060099
	0.055483
	0.058449
	0.059134
	0.062383
	0.068076
	0.070773
	0.072376
	0.061800
	0.055035
	0.059045
	0.063081
	0.069631
	0.076903
	0.084885
	0.086116
	0.088461
	0.088836
	0.088025
	0.079439
	0.070435
	0.068113
	0.073606
	0.075986
	0.077633
	0.079181
	0.077571
	0.082925
	0.080425
	0.078044
	0.066873
	0.063519
	0.066556
	0.063635
	0.061831
	0.066225
	0.069656
	0.069131
	0.075484
	0.080834
	0.085023
	0.086213
	0.089381
	0.091106
	0.087300
	0.085229
	0.079123
	0.069900
	0.058653
	0.050756
	0.053549
	0.060225
	0.065536
	0.073950
	0.083659
	0.080145
	0.072769
	0.069655
	0.069636
	0.063975
	0.059205
	0.053919
	0.047003
	0.049919
	0.053241
	0.054225
	0.059004
	0.066525
	0.071135
	0.074683
	0.082841
	0.086575
	0.084493
	0.083265
