	0.141224
	0.183761
	0.203145
	0.206985
	0.199751
	0.190625
	0.180369
	0.170003
	0.162273
	0.153493
	0.143005
	0.129489
	0.115464
	0.101843
	0.093623
	0.089586
	0.085169
	0.087303
	0.094265
	0.084926
	0.085776
	0.080776
	0.081109
	0.067196
	0.061536
	0.050344
	0.049804
	0.053825
	0.055125
	0.052394
	0.044363
	0.044673
	0.049285
	0.055991
	0.063725
	0.069321
	0.071113
	0.069769
	0.071781
	0.068766
	0.068361
	0.068859
	0.064450
	0.061533
	0.067675
	0.073153
	0.072874
	0.068011
	0.069281
	0.073795
	0.071029
	0.068084
	0.065619
	0.064905
	0.064333
	0.056959
	0.044376
	0.035129
	0.039725
	0.042353
	0.047423
	0.052469
	0.057471
	0.059894
	0.062254
	0.060266
	0.059183
	0.055319
	0.057369
	0.057425
	0.057349
	0.049903
	0.045175
	0.045621
	0.045259
	0.048089
	0.050203
	0.055719
	0.062836
	0.064493
	0.063906
	0.066075
	0.066359
	0.072664
	0.078146
	0.083595
	0.092525
	0.097333
	0.101765
	0.103323
	0.106886
	0.109803
	0.108955
	0.109299
	0.105904
	0.103525
	0.094935
	0.080631
	0.064965
	0.059534
	0.049650
	0.053169
	0.052300
	0.052193
	0.051200
	0.049719
	0.048075
	0.045003
	0.050175
	0.052984
	0.051403
	0.049929
	0.054045
	0.049056
	0.054263
	0.056991
	0.062164
	0.062475
	0.058949
	0.060713
	0.063106
	0.065753
	0.064044
	0.064861
	0.061231
	0.059043
	0.055979
	0.057416
	0.066319
	0.074225
	0.082206
	0.087350
	0.091723
	0.096733
	0.093363
	0.091811
	0.085525
	0.087000
	0.082784
	0.081479
	0.083125
	0.087206
	0.082654
	0.071326
	0.067004
	0.067250
	0.061469
	0.061650
	0.058901
	0.048274
	0.046045
	0.039393
	0.039166
	0.038395
	0.037663
	0.042431
	0.047319
	0.053805
	0.061431
	0.065915
	0.064365
	0.069904
	0.072143
	0.068043
	0.068575
	0.069981
	0.072243
	0.067899
	0.055609
	0.052574
	0.052974
	0.053583
	0.051171
	0.045474
	0.046433
	0.045313
	0.048869
	0.054675
	0.052619
	0.049603
	0.052135
	0.052806
	0.055586
	0.053381
	0.047450
	0.045863
	0.050269
	0.053729
	0.057183
	0.056086
	0.051365
	0.050439
	0.045669
	0.046275
	0.048553
	0.054936
	0.058419
	0.063575
	0.061845
	0.055693
