	0.175500
	0.266000
	0.333000
	0.389000
	0.424500
	0.449500
	0.471500
	0.484500
	0.489500
	0.495000
	0.520500
	0.537000
	0.554500
	0.566000
	0.578000
	0.590000
	0.597500
	0.618500
	0.636500
	0.654500
	0.665500
	0.676500
	0.693500
	0.698000
	0.703000
	0.708000
	0.702000
	0.685000
	0.680500
	0.691000
	0.690000
	0.682000
	0.685000
	0.692000
	0.693000
	0.689500
	0.687000
	0.687500
	0.684000
	0.684500
	0.671500
	0.645000
	0.635000
	0.635500
	0.636000
	0.625000
	0.618500
	0.624000
	0.635500
	0.651500
	0.658500
	0.675500
	0.688500
	0.684000
	0.683500
	0.697000
	0.684500
	0.679500
	0.680000
	0.684500
	0.685000
	0.680500
	0.687000
	0.680000
	0.676000
	0.686500
	0.694000
	0.689000
	0.682500
	0.686500
	0.682500
	0.663000
	0.653000
	0.655000
	0.647000
	0.667500
	0.662500
	0.660500
	0.664000
	0.659000
	0.663500
	0.666500
	0.681000
	0.695000
	0.694000
	0.693500
	0.697000
	0.708500
	0.703500
	0.695500
	0.700500
	0.706000
	0.701500
	0.700500
	0.703000
	0.695000
	0.701000
	0.707000
	0.705500
	0.709000
	0.704500
	0.700000
	0.701500
	0.697000
	0.690000
	0.696500
	0.700500
	0.700500
	0.693000
	0.694000
	0.700000
	0.705500
	0.702000
	0.709500
	0.706500
	0.702000
	0.694000
	0.693000
	0.688500
	0.683000
	0.669000
	0.675500
	0.687000
	0.689000
	0.688500
	0.681000
	0.677000
	0.684000
	0.689500
	0.687000
	0.695000
	0.686000
	0.697000
	0.701500
	0.696000
	0.701500
	0.700000
	0.691000
	0.688500
	0.681500
	0.679000
	0.684500
	0.681000
	0.682500
	0.673500
	0.673500
	0.676000
	0.673500
	0.670000
	0.667000
	0.667000
	0.684000
	0.688000
	0.682500
	0.676000
	0.672000
	0.656000
	0.647000
	0.647000
	0.642500
	0.651000
	0.659500
	0.664000
	0.667500
	0.676500
	0.690500
	0.693000
	0.705500
	0.718000
	0.730000
	0.735000
	0.729500
	0.723000
	0.721500
	0.720500
	0.721500
	0.702500
	0.689000
	0.680000
	0.671000
	0.667000
	0.659000
	0.652500
	0.646000
	0.646000
	0.634500
	0.612000
	0.604000
	0.599000
	0.595500
	0.593000
	0.591500
	0.597000
	0.593000
	0.607500
	0.611000
	0.635000
	0.661000
	0.668000
	0.662500
