	0.146025
	0.186325
	0.201551
	0.203996
	0.198994
	0.193136
	0.188693
	0.184616
	0.180719
	0.171263
	0.159926
	0.148065
	0.134981
	0.124225
	0.114016
	0.107593
	0.095335
	0.084663
	0.078383
	0.074129
	0.065914
	0.067575
	0.063369
	0.057765
	0.043763
	0.039219
	0.038266
	0.042611
	0.046585
	0.047356
	0.050336
	0.052019
	0.051755
	0.052819
	0.051885
	0.053786
	0.052449
	0.053300
	0.054434
	0.054963
	0.058533
	0.061665
	0.065844
	0.065081
	0.064065
	0.063564
	0.064319
	0.063125
	0.061413
	0.064391
	0.062223
	0.063446
	0.060945
	0.062354
	0.066369
	0.069469
	0.068123
	0.064965
	0.071269
	0.070150
	0.064586
	0.063403
	0.058225
	0.052403
	0.048253
	0.050531
	0.054725
	0.056999
	0.062335
	0.063019
	0.068523
	0.069219
	0.068619
	0.065865
	0.061823
	0.063845
	0.065895
	0.067641
	0.066705
	0.059843
	0.061415
	0.061101
	0.057856
	0.055685
	0.056169
	0.055850
	0.055534
	0.057463
	0.050925
	0.052495
	0.053769
	0.053443
	0.047369
	0.046509
	0.043044
	0.038169
	0.034125
	0.032319
	0.033883
	0.041519
	0.049196
	0.054903
	0.056879
	0.056503
	0.059579
	0.064659
	0.067174
	0.070400
	0.074735
	0.080953
	0.081161
	0.079109
	0.070835
	0.065619
	0.061069
	0.054150
	0.048293
	0.054483
	0.060943
	0.065063
	0.073883
	0.084719
	0.081593
	0.080073
	0.081355
	0.082053
	0.086964
	0.084091
	0.083025
	0.083075
	0.081383
	0.079050
	0.076896
	0.072505
	0.069569
	0.068443
	0.066705
	0.072106
	0.081275
	0.087841
	0.087541
	0.085285
	0.078963
	0.067855
	0.061119
	0.061165
	0.060671
	0.056505
	0.062633
	0.072869
	0.080214
	0.076665
	0.079256
	0.080245
	0.081599
	0.079375
	0.073999
	0.069836
	0.068483
	0.066135
	0.070701
	0.076319
	0.081675
	0.083253
	0.083825
	0.085344
	0.084071
	0.074161
	0.081569
	0.083556
	0.091049
	0.086264
	0.082104
	0.081063
	0.085385
	0.089694
	0.082350
	0.071953
	0.064613
	0.061425
	0.059300
	0.060314
	0.066854
	0.069593
	0.071954
	0.076659
	0.074623
	0.073273
	0.070933
	0.067775
	0.062234
	0.062425
	0.054385
	0.053113
	0.057329
	0.063771
	0.066219
	0.072365
	0.075850
	0.080743
