	0.185500
	0.258000
	0.335500
	0.392000
	0.437500
	0.480500
	0.521500
	0.528500
	0.537500
	0.552000
	0.567500
	0.580500
	0.586000
	0.588000
	0.591500
	0.599500
	0.605500
	0.603000
	0.616500
	0.625000
	0.649500
	0.665500
	0.681000
	0.691500
	0.698500
	0.703500
	0.714000
	0.717500
	0.722500
	0.728500
	0.733000
	0.727000
	0.721000
	0.714500
	0.711500
	0.705500
	0.714500
	0.731000
	0.726500
	0.730500
	0.723000
	0.718500
	0.708000
	0.704000
	0.700500
	0.697000
	0.694500
	0.689000
	0.694500
	0.683500
	0.673000
	0.672000
	0.676000
	0.678500
	0.681000
	0.676000
	0.687000
	0.695500
	0.708000
	0.711000
	0.712000
	0.703500
	0.705000
	0.705000
	0.690000
	0.687500
	0.675500
	0.667500
	0.669500
	0.661500
	0.651000
	0.645500
	0.649000
	0.642500
	0.632000
	0.616000
	0.598500
	0.591500
	0.592000
	0.607500
	0.615500
	0.617000
	0.616000
	0.615500
	0.625500
	0.629000
	0.647000
	0.661000
	0.661000
	0.670500
	0.676500
	0.693000
	0.706000
	0.707500
	0.705000
	0.706000
	0.720500
	0.717000
	0.708000
	0.701500
	0.709500
	0.718500
	0.712000
	0.701500
	0.700500
	0.714000
	0.720000
	0.718000
	0.713500
	0.722500
	0.724500
	0.722500
	0.720000
	0.716000
	0.712000
	0.715000
	0.717000
	0.721000
	0.717000
	0.724000
	0.711500
	0.707000
	0.704000
	0.703000
	0.702000
	0.715500
	0.720000
	0.714000
	0.711500
	0.711000
	0.698500
	0.695500
	0.708000
	0.713500
	0.718000
	0.705500
	0.696000
	0.683000
	0.681000
	0.686000
	0.689500
	0.693000
	0.683000
	0.683500
	0.687500
	0.690000
	0.687500
	0.701500
	0.712000
	0.712000
	0.717500
	0.719500
	0.721000
	0.712500
	0.706000
	0.700500
	0.685000
	0.672000
	0.668000
	0.664500
	0.676500
	0.682000
	0.689000
	0.689500
	0.680000
	0.675500
	0.670500
	0.672500
	0.679500
	0.677000
	0.668500
	0.675000
	0.675500
	0.659500
	0.658500
	0.655000
	0.650500
	0.657000
	0.660500
	0.654000
	0.658000
	0.667000
	0.680000
	0.680500
	0.683000
	0.689000
	0.693500
	0.694500
	0.698000
	0.686000
	0.680500
	0.675000
	0.676000
	0.674000
	0.666000
	0.660500
	0.653500
	0.655500
	0.668500
	0.681000
