	0.146815
	0.186974
	0.199023
	0.202321
	0.200473
	0.197839
	0.192119
	0.184436
	0.178406
	0.171200
	0.160669
	0.148809
	0.137764
	0.123059
	0.109175
	0.091266
	0.076050
	0.066325
	0.058585
	0.061389
	0.063569
	0.066475
	0.066024
	0.054169
	0.058579
	0.062579
	0.068659
	0.071716
	0.073374
	0.075363
	0.072966
	0.072119
	0.077359
	0.076939
	0.077259
	0.072900
	0.069319
	0.069554
	0.063569
	0.058091
	0.057914
	0.061725
	0.064589
	0.070805
	0.078109
	0.081455
	0.083054
	0.086325
	0.082554
	0.076773
	0.073004
	0.067515
	0.065350
	0.063319
	0.064653
	0.059593
	0.055519
	0.048524
	0.050069
	0.058364
	0.056613
	0.060434
	0.058713
	0.056115
	0.047550
	0.045900
	0.046619
	0.046336
	0.048319
	0.048354
	0.051735
	0.052250
	0.051755
	0.049609
	0.045861
	0.045109
	0.046419
	0.052749
	0.060954
	0.067869
	0.073059
	0.075813
	0.081055
	0.079375
	0.078966
	0.080723
	0.082426
	0.088984
	0.089335
	0.087653
	0.085805
	0.085753
	0.085279
	0.084775
	0.087006
	0.082369
	0.078211
	0.074635
	0.064225
	0.061046
	0.061073
	0.058186
	0.053283
	0.046473
	0.046895
	0.048785
	0.051796
	0.057234
	0.055173
	0.056196
	0.059119
	0.062033
	0.056051
	0.061183
	0.066739
	0.067435
	0.073725
	0.066476
	0.062315
	0.065153
	0.068015
	0.069576
	0.071523
	0.070423
	0.069371
	0.069913
	0.071863
	0.076275
	0.081019
	0.080993
	0.081543
	0.084775
	0.087013
	0.085115
	0.088681
	0.087306
	0.085643
	0.083793
	0.084779
	0.082753
	0.083816
	0.079069
	0.070131
	0.071859
	0.076419
	0.084036
	0.089263
	0.090495
	0.086149
	0.081951
	0.083386
	0.085431
	0.080975
	0.075283
	0.071343
	0.070400
	0.066539
	0.066759
	0.071135
	0.076886
	0.078185
	0.079021
	0.077171
	0.072150
	0.065350
	0.059923
	0.059750
	0.058046
	0.053351
	0.055841
	0.049085
	0.052265
	0.051585
	0.049636
	0.053155
	0.061513
	0.068363
	0.076435
	0.080825
	0.073150
	0.074073
	0.069929
	0.062091
	0.059414
	0.056301
	0.058955
	0.063919
	0.070146
	0.074369
	0.077225
	0.079500
	0.081369
	0.073850
	0.061069
	0.063613
	0.067331
	0.071669
	0.076703
	0.080975
	0.086846
