	0.146075
	0.185825
	0.199253
	0.202556
	0.197493
	0.194541
	0.186563
	0.179815
	0.174141
	0.166311
	0.158455
	0.152784
	0.145656
	0.139009
	0.127849
	0.113166
	0.104819
	0.099673
	0.092300
	0.092850
	0.087155
	0.085019
	0.077173
	0.066869
	0.065350
	0.069004
	0.067850
	0.057603
	0.052475
	0.050765
	0.054336
	0.051736
	0.044054
	0.044004
	0.047391
	0.051963
	0.056165
	0.060553
	0.065919
	0.068374
	0.075603
	0.078269
	0.078343
	0.079881
	0.072159
	0.072733
	0.067954
	0.061863
	0.054433
	0.059696
	0.062895
	0.061015
	0.061443
	0.058939
	0.061873
	0.062673
	0.056669
	0.055244
	0.059325
	0.067086
	0.077201
	0.085535
	0.097421
	0.102025
	0.104821
	0.102875
	0.099093
	0.095991
	0.085185
	0.076569
	0.074359
	0.071255
	0.067533
	0.063904
	0.065811
	0.070625
	0.069826
	0.070774
	0.073945
	0.066609
	0.063103
	0.055269
	0.055334
	0.055405
	0.055834
	0.053983
	0.055869
	0.057184
	0.053129
	0.054119
	0.055529
	0.057475
	0.062329
	0.067425
	0.070491
	0.068236
	0.069396
	0.065304
	0.064469
	0.059875
	0.049791
	0.049673
	0.052675
	0.053200
	0.056696
	0.054349
	0.053423
	0.054023
	0.052796
	0.056305
	0.049455
	0.050349
	0.050373
	0.051599
	0.051700
	0.056314
	0.061543
	0.065666
	0.075431
	0.082575
	0.088186
	0.082653
	0.083905
	0.084534
	0.076150
	0.080746
	0.086623
	0.092345
	0.097751
	0.095069
	0.092041
	0.085213
	0.086349
	0.087675
	0.087264
	0.086343
	0.080116
	0.076165
	0.071745
	0.073029
	0.072301
	0.079073
	0.070843
	0.064569
	0.059875
	0.060363
	0.054295
	0.054925
	0.055995
	0.056696
	0.062900
	0.067939
	0.071825
	0.076074
	0.075795
	0.067391
	0.061200
	0.060975
	0.056319
	0.056169
	0.054703
	0.059864
	0.064794
	0.066295
	0.070703
	0.074063
	0.073014
	0.065269
	0.060101
	0.053714
	0.056241
	0.054791
	0.056714
	0.057825
	0.055775
	0.049633
	0.056081
	0.062374
	0.065725
	0.068193
	0.070969
	0.070304
	0.071193
	0.073636
	0.073285
	0.069600
	0.070071
	0.070424
	0.070475
	0.073019
	0.075600
	0.072613
	0.062969
	0.063200
	0.060225
	0.059586
	0.058019
	0.068469
	0.072594
	0.067813
