	0.195000
	0.285000
	0.370000
	0.425000
	0.492500
	0.550000
	0.560500
	0.560500
	0.551500
	0.545500
	0.547500
	0.557000
	0.570500
	0.581000
	0.589500
	0.594500
	0.586500
	0.594000
	0.599000
	0.622000
	0.618000
	0.617000
	0.610500
	0.605500
	0.624000
	0.639000
	0.647500
	0.662500
	0.680500
	0.689000
	0.697000
	0.700500
	0.680500
	0.659000
	0.637500
	0.616500
	0.599000
	0.588500
	0.586000
	0.581500
	0.586000
	0.592500
	0.604500
	0.621500
	0.639500
	0.655000
	0.658000
	0.676000
	0.686500
	0.667000
	0.666000
	0.676000
	0.702000
	0.722000
	0.721000
	0.720500
	0.713000
	0.707000
	0.699000
	0.688000
	0.672500
	0.659500
	0.657500
	0.663500
	0.668500
	0.669000
	0.663000
	0.651000
	0.647500
	0.657000
	0.664500
	0.663500
	0.677000
	0.690000
	0.707500
	0.712500
	0.701500
	0.714000
	0.708000
	0.699500
	0.685500
	0.668000
	0.660500
	0.660500
	0.665500
	0.667000
	0.670500
	0.677000
	0.666000
	0.668500
	0.681500
	0.695500
	0.702000
	0.723000
	0.722500
	0.720500
	0.704000
	0.697000
	0.700000
	0.689000
	0.688000
	0.694000
	0.700500
	0.704500
	0.697000
	0.699500
	0.696500
	0.685500
	0.679500
	0.668500
	0.662000
	0.667000
	0.666500
	0.674500
	0.679000
	0.683500
	0.688500
	0.707500
	0.717500
	0.719000
	0.718500
	0.715000
	0.717500
	0.710500
	0.709000
	0.705000
	0.708500
	0.697000
	0.688500
	0.687500
	0.684500
	0.692500
	0.686500
	0.692000
	0.680500
	0.672500
	0.657500
	0.644500
	0.643000
	0.648500
	0.656500
	0.651500
	0.642500
	0.646000
	0.630500
	0.622000
	0.607500
	0.609500
	0.626500
	0.640000
	0.638500
	0.651500
	0.647000
	0.637000
	0.641000
	0.648000
	0.643500
	0.652500
	0.661500
	0.655500
	0.658500
	0.664500
	0.670500
	0.672000
	0.664500
	0.667000
	0.656000
	0.660000
	0.666500
	0.655000
	0.653000
	0.655000
	0.656000
	0.655500
	0.663000
	0.664000
	0.675000
	0.688000
	0.691500
	0.693500
	0.693000
	0.702000
	0.706000
	0.710500
	0.716000
	0.714000
	0.718500
	0.724500
	0.722500
	0.720500
	0.716000
	0.702500
	0.704000
	0.695000
	0.680500
	0.670000
	0.667500
	0.665500
	0.668500
	0.669000
