	0.194500
	0.284000
	0.350500
	0.421000
	0.470500
	0.516500
	0.532500
	0.529500
	0.531500
	0.534500
	0.526500
	0.519000
	0.525500
	0.525500
	0.539500
	0.561000
	0.574500
	0.595000
	0.601000
	0.600500
	0.618000
	0.633500
	0.652500
	0.656000
	0.646000
	0.657500
	0.663500
	0.670000
	0.682000
	0.693500
	0.689000
	0.673500
	0.657500
	0.651500
	0.644000
	0.636500
	0.639000
	0.655000
	0.650000
	0.656500
	0.665500
	0.683500
	0.691000
	0.707500
	0.693500
	0.680500
	0.680000
	0.678000
	0.665500
	0.662500
	0.671000
	0.673500
	0.664000
	0.666000
	0.673500
	0.672500
	0.675500
	0.675500
	0.688000
	0.683000
	0.677500
	0.673500
	0.673500
	0.668500
	0.660000
	0.655500
	0.646500
	0.650500
	0.645000
	0.635500
	0.640500
	0.648000
	0.648000
	0.663500
	0.670500
	0.664500
	0.664500
	0.654000
	0.651000
	0.656000
	0.653000
	0.656500
	0.646500
	0.650000
	0.664500
	0.681000
	0.692000
	0.698000
	0.703500
	0.677000
	0.663000
	0.658500
	0.664000
	0.662500
	0.656000
	0.654000
	0.655000
	0.652000
	0.653500
	0.663000
	0.673000
	0.680000
	0.683500
	0.682000
	0.676000
	0.668000
	0.662500
	0.655500
	0.651000
	0.641500
	0.639500
	0.646000
	0.658000
	0.651000
	0.644500
	0.636000
	0.637000
	0.655500
	0.679500
	0.698500
	0.700500
	0.713000
	0.707000
	0.707000
	0.699500
	0.693000
	0.685500
	0.681500
	0.683000
	0.683000
	0.686000
	0.676500
	0.666500
	0.665500
	0.668500
	0.657500
	0.657000
	0.657000
	0.664500
	0.658000
	0.665500
	0.658500
	0.659000
	0.670000
	0.679000
	0.681500
	0.693000
	0.704000
	0.687000
	0.667500
	0.661500
	0.645000
	0.636500
	0.621500
	0.608000
	0.595500
	0.591000
	0.596500
	0.594000
	0.588500
	0.605000
	0.631500
	0.642500
	0.644000
	0.656000
	0.654500
	0.675000
	0.678000
	0.674000
	0.677000
	0.676000
	0.669000
	0.672000
	0.667000
	0.664500
	0.660000
	0.666000
	0.674500
	0.678000
	0.681000
	0.680000
	0.695500
	0.704500
	0.702500
	0.706500
	0.700000
	0.691000
	0.689000
	0.686000
	0.695500
	0.701500
	0.702500
	0.703500
	0.696000
	0.690000
	0.685500
	0.677000
	0.673000
	0.661500
	0.655000
