	0.152225
	0.186974
	0.205593
	0.205575
	0.195333
	0.173936
	0.153734
	0.139855
	0.127631
	0.117066
	0.107639
	0.102944
	0.096163
	0.091314
	0.091196
	0.093953
	0.092469
	0.093815
	0.098904
	0.092869
	0.096263
	0.100529
	0.099869
	0.092746
	0.087015
	0.077373
	0.072023
	0.067203
	0.054900
	0.052965
	0.056264
	0.059013
	0.063436
	0.059123
	0.051719
	0.044813
	0.048169
	0.050291
	0.055984
	0.054805
	0.052194
	0.048505
	0.050203
	0.049943
	0.049383
	0.048950
	0.051565
	0.050319
	0.051996
	0.053625
	0.052314
	0.055314
	0.054500
	0.059739
	0.068556
	0.077296
	0.081569
	0.079453
	0.069443
	0.064906
	0.052435
	0.050899
	0.054405
	0.055101
	0.050663
	0.055465
	0.057943
	0.059419
	0.063506
	0.065743
	0.061713
	0.057184
	0.056155
	0.056319
	0.064469
	0.069771
	0.070795
	0.072763
	0.081415
	0.083241
	0.089386
	0.095453
	0.097794
	0.099835
	0.095900
	0.086965
	0.081671
	0.075893
	0.075585
	0.079874
	0.083803
	0.085729
	0.088191
	0.084700
	0.078915
	0.077109
	0.079623
	0.073394
	0.065265
	0.059119
	0.057319
	0.058215
	0.061400
	0.059875
	0.059036
	0.056384
	0.054063
	0.052899
	0.052791
	0.055806
	0.059819
	0.061144
	0.063724
	0.068024
	0.066971
	0.072323
	0.064235
	0.061819
	0.053169
	0.050149
	0.053714
	0.057575
	0.065574
	0.073211
	0.079715
	0.085769
	0.088444
	0.087395
	0.080269
	0.077069
	0.069643
	0.062231
	0.064444
	0.062235
	0.067175
	0.068469
	0.066269
	0.067603
	0.067800
	0.066125
	0.066375
	0.063234
	0.061119
	0.057546
	0.066295
	0.073425
	0.073016
	0.072119
	0.072163
	0.073075
	0.072763
	0.073456
	0.073969
	0.073594
	0.073025
	0.078923
	0.078324
	0.071519
	0.067035
	0.061585
	0.053673
	0.053829
	0.057106
	0.061383
	0.059419
	0.060569
	0.064955
	0.071774
	0.072561
	0.072504
	0.068753
	0.072243
	0.067219
	0.059251
	0.050003
	0.046576
	0.047965
	0.053269
	0.053725
	0.060525
	0.060325
	0.058105
	0.059214
	0.066186
	0.064315
	0.059819
	0.059100
	0.051329
	0.045585
	0.044635
	0.044753
	0.051583
	0.057503
	0.063233
	0.067825
	0.069985
	0.070409
	0.072813
	0.073971
	0.068944
