	0.185500
	0.275500
	0.342500
	0.390000
	0.432000
	0.451500
	0.467000
	0.491000
	0.507000
	0.530500
	0.539000
	0.548500
	0.570000
	0.589500
	0.590500
	0.592000
	0.591500
	0.602500
	0.618500
	0.635500
	0.642500
	0.650000
	0.656500
	0.667000
	0.686500
	0.688000
	0.706000
	0.689500
	0.684000
	0.675000
	0.680000
	0.681500
	0.677000
	0.690000
	0.703000
	0.701000
	0.693500
	0.701000
	0.708500
	0.704000
	0.700000
	0.695000
	0.695500
	0.692000
	0.684000
	0.677000
	0.673500
	0.689000
	0.690000
	0.701500
	0.693000
	0.679500
	0.675000
	0.664500
	0.651500
	0.648000
	0.648500
	0.638500
	0.638000
	0.646000
	0.644000
	0.645500
	0.637500
	0.631000
	0.629000
	0.622000
	0.630500
	0.649500
	0.670000
	0.681500
	0.677500
	0.680000
	0.680000
	0.672500
	0.669500
	0.673500
	0.676500
	0.691000
	0.697500
	0.687000
	0.677000
	0.667000
	0.652500
	0.641500
	0.624500
	0.620000
	0.601500
	0.594000
	0.583000
	0.580000
	0.581500
	0.597500
	0.610500
	0.636000
	0.664500
	0.688500
	0.688000
	0.697000
	0.683500
	0.675500
	0.670500
	0.665000
	0.663500
	0.671000
	0.674000
	0.676000
	0.666500
	0.660000
	0.655500
	0.643500
	0.630000
	0.622500
	0.628000
	0.640000
	0.643500
	0.645000
	0.640500
	0.652000
	0.650500
	0.664500
	0.670000
	0.668500
	0.674000
	0.683500
	0.669000
	0.674000
	0.667000
	0.651000
	0.646500
	0.637500
	0.631500
	0.638000
	0.657000
	0.666500
	0.660000
	0.678500
	0.693500
	0.682000
	0.681500
	0.687000
	0.680000
	0.684500
	0.681500
	0.686000
	0.680000
	0.676000
	0.658500
	0.658000
	0.669000
	0.676000
	0.672000
	0.682500
	0.687000
	0.698000
	0.719000
	0.721500
	0.719500
	0.718500
	0.709500
	0.709000
	0.705000
	0.693500
	0.688500
	0.689000
	0.700500
	0.706500
	0.715000
	0.714000
	0.714500
	0.722000
	0.733000
	0.736500
	0.742500
	0.739000
	0.736500
	0.732000
	0.732500
	0.720000
	0.711500
	0.692000
	0.685500
	0.698500
	0.698000
	0.707000
	0.715500
	0.721000
	0.716500
	0.711500
	0.708000
	0.701000
	0.701500
	0.699000
	0.685000
	0.661500
	0.652500
	0.649500
	0.660000
	0.669500
	0.668000
	0.669000
