	0.146815
	0.183761
	0.202614
	0.204335
	0.201163
	0.192356
	0.189086
	0.176804
	0.163314
	0.153755
	0.142184
	0.127881
	0.118271
	0.110654
	0.100346
	0.094363
	0.089099
	0.084119
	0.079465
	0.075255
	0.071150
	0.068576
	0.065304
	0.063436
	0.060441
	0.065014
	0.062369
	0.054019
	0.056273
	0.060649
	0.066619
	0.071485
	0.072369
	0.077805
	0.080369
	0.078803
	0.077139
	0.075321
	0.070033
	0.067993
	0.069095
	0.070569
	0.066656
	0.060175
	0.058646
	0.053425
	0.052719
	0.055304
	0.061819
	0.062013
	0.064875
	0.059875
	0.057896
	0.056713
	0.047783
	0.047200
	0.051565
	0.054236
	0.047883
	0.048535
	0.046305
	0.043316
	0.041035
	0.040843
	0.040450
	0.039305
	0.043675
	0.046733
	0.049311
	0.047000
	0.043875
	0.048393
	0.053541
	0.056275
	0.057183
	0.053323
	0.054834
	0.060250
	0.061655
	0.057019
	0.052385
	0.048365
	0.043300
	0.046354
	0.047793
	0.046631
	0.049533
	0.054649
	0.058645
	0.060145
	0.065565
	0.071525
	0.075594
	0.081533
	0.073871
	0.063850
	0.057564
	0.055351
	0.059951
	0.067694
	0.071515
	0.073843
	0.073219
	0.055835
	0.049076
	0.043413
	0.039469
	0.043055
	0.046203
	0.048869
	0.055075
	0.057755
	0.063711
	0.070019
	0.076871
	0.083419
	0.086669
	0.087635
	0.083469
	0.073506
	0.068734
	0.066275
	0.057986
	0.057601
	0.047650
	0.045273
	0.043221
	0.046485
	0.049775
	0.055133
	0.055951
	0.059293
	0.062885
	0.063535
	0.065944
	0.059345
	0.056913
	0.057919
	0.062564
	0.060684
	0.059156
	0.044573
	0.043524
	0.041925
	0.043976
	0.043354
	0.041245
	0.046301
	0.054051
	0.059611
	0.063139
	0.067111
	0.069675
	0.073259
	0.078661
	0.081323
	0.076000
	0.075835
	0.066703
	0.055100
	0.052651
	0.054725
	0.055305
	0.052241
	0.052623
	0.052823
	0.051334
	0.047200
	0.044389
	0.043811
	0.048095
	0.048349
	0.050146
	0.053075
	0.057534
	0.055055
	0.049926
	0.049779
	0.051065
	0.052454
	0.055275
	0.049300
	0.048316
	0.046916
	0.050319
	0.053646
	0.058269
	0.059085
	0.058413
	0.057049
	0.051343
	0.051525
	0.056351
	0.061269
	0.063965
	0.069225
	0.072094
	0.076250
	0.081449
	0.090851
