	0.185500
	0.267000
	0.353000
	0.418000
	0.478000
	0.483000
	0.490500
	0.509500
	0.528500
	0.538000
	0.548500
	0.571500
	0.593000
	0.611000
	0.620000
	0.627500
	0.651500
	0.659000
	0.648500
	0.643500
	0.633500
	0.642000
	0.661500
	0.675000
	0.689000
	0.699000
	0.710000
	0.707000
	0.705000
	0.695500
	0.690500
	0.682500
	0.677000
	0.663000
	0.661000
	0.674500
	0.672500
	0.682000
	0.694500
	0.691500
	0.700500
	0.709000
	0.701000
	0.688000
	0.677000
	0.671000
	0.670000
	0.676000
	0.680000
	0.691000
	0.689500
	0.697500
	0.698500
	0.700500
	0.699500
	0.695500
	0.695500
	0.702000
	0.707500
	0.715500
	0.717500
	0.710500
	0.709000
	0.709500
	0.708500
	0.712500
	0.705000
	0.695500
	0.698000
	0.696000
	0.696500
	0.699500
	0.703500
	0.707500
	0.702000
	0.687000
	0.678500
	0.679000
	0.686500
	0.674500
	0.666000
	0.657500
	0.647000
	0.637500
	0.636000
	0.639500
	0.643000
	0.659500
	0.656500
	0.663000
	0.670500
	0.688500
	0.707000
	0.703500
	0.707000
	0.711500
	0.697000
	0.690500
	0.696500
	0.701000
	0.708500
	0.704500
	0.711000
	0.719500
	0.715000
	0.716000
	0.716000
	0.723500
	0.720000
	0.717500
	0.719500
	0.707000
	0.702000
	0.709000
	0.716000
	0.718000
	0.711000
	0.704000
	0.699500
	0.715000
	0.712500
	0.709500
	0.707500
	0.703500
	0.694000
	0.691000
	0.692500
	0.702000
	0.719000
	0.733500
	0.729500
	0.723500
	0.710500
	0.702500
	0.700000
	0.697000
	0.700000
	0.690000
	0.680500
	0.679000
	0.672500
	0.660000
	0.654000
	0.649000
	0.641000
	0.630000
	0.626500
	0.629500
	0.630500
	0.646000
	0.652000
	0.650000
	0.657000
	0.672500
	0.674000
	0.651500
	0.633000
	0.634500
	0.641000
	0.638000
	0.624500
	0.621000
	0.618000
	0.635500
	0.644000
	0.659500
	0.676000
	0.676000
	0.678500
	0.684000
	0.681500
	0.683000
	0.688500
	0.683500
	0.688000
	0.689500
	0.689000
	0.687000
	0.686500
	0.680500
	0.667500
	0.663500
	0.655000
	0.662500
	0.659000
	0.648500
	0.645000
	0.642500
	0.642500
	0.644000
	0.658000
	0.661500
	0.659500
	0.662000
	0.666000
	0.682000
	0.680500
	0.678500
	0.677500
	0.681500
