	0.176000
	0.267000
	0.326500
	0.392500
	0.445500
	0.486500
	0.518500
	0.561500
	0.580500
	0.603000
	0.625500
	0.652000
	0.677500
	0.692000
	0.696500
	0.710000
	0.717500
	0.722000
	0.725000
	0.716000
	0.707000
	0.691000
	0.682500
	0.679500
	0.672500
	0.679000
	0.675500
	0.671000
	0.672000
	0.687000
	0.694500
	0.706000
	0.712500
	0.713000
	0.710500
	0.714500
	0.716500
	0.719000
	0.715500
	0.720000
	0.722000
	0.717500
	0.711500
	0.700500
	0.696000
	0.698000
	0.705500
	0.707500
	0.703000
	0.693500
	0.688500
	0.691000
	0.684500
	0.695000
	0.677500
	0.656500
	0.648500
	0.655000
	0.664500
	0.679000
	0.688500
	0.700000
	0.710500
	0.720000
	0.714000
	0.705500
	0.700500
	0.700500
	0.687500
	0.679000
	0.692500
	0.696500
	0.701500
	0.692500
	0.703500
	0.705500
	0.713000
	0.711000
	0.715500
	0.710000
	0.709500
	0.718500
	0.726000
	0.719500
	0.718500
	0.707500
	0.700500
	0.705500
	0.692000
	0.676000
	0.669000
	0.658000
	0.648500
	0.642000
	0.635500
	0.639000
	0.643000
	0.651500
	0.658500
	0.662500
	0.664000
	0.650000
	0.646500
	0.644000
	0.646500
	0.649000
	0.660500
	0.671500
	0.661000
	0.656500
	0.668000
	0.679500
	0.689000
	0.690500
	0.684500
	0.683500
	0.679000
	0.668000
	0.667000
	0.658000
	0.642500
	0.629500
	0.625500
	0.621000
	0.627500
	0.648500
	0.663000
	0.660000
	0.660000
	0.664500
	0.668500
	0.670500
	0.676000
	0.679500
	0.703500
	0.700500
	0.715000
	0.725000
	0.735500
	0.735500
	0.738500
	0.728000
	0.716000
	0.704000
	0.700000
	0.701500
	0.692500
	0.690000
	0.684500
	0.688000
	0.695000
	0.701500
	0.707000
	0.710500
	0.706000
	0.701000
	0.685000
	0.661500
	0.641000
	0.624000
	0.617500
	0.608000
	0.595500
	0.587500
	0.589000
	0.598000
	0.616500
	0.638500
	0.638500
	0.646500
	0.647500
	0.646500
	0.647000
	0.655500
	0.662000
	0.660000
	0.662500
	0.666000
	0.662500
	0.669000
	0.670000
	0.675000
	0.682000
	0.684500
	0.682500
	0.670500
	0.670500
	0.667500
	0.653000
	0.659000
	0.679500
	0.688500
	0.689500
	0.681000
	0.668000
	0.664000
	0.660000
	0.669500
	0.671000
	0.666000
