	0.141224
	0.183761
	0.197276
	0.204561
	0.200971
	0.192635
	0.181125
	0.169605
	0.158769
	0.150903
	0.138524
	0.127525
	0.120686
	0.113355
	0.107911
	0.100073
	0.091943
	0.082473
	0.069219
	0.058765
	0.052215
	0.049975
	0.054069
	0.054135
	0.054664
	0.049626
	0.051044
	0.054605
	0.055083
	0.054395
	0.052583
	0.055385
	0.053694
	0.049605
	0.054050
	0.056099
	0.053796
	0.055769
	0.058581
	0.065071
	0.067675
	0.069516
	0.074793
	0.081673
	0.089354
	0.098369
	0.106821
	0.112375
	0.112053
	0.103675
	0.091405
	0.081255
	0.070783
	0.065734
	0.065201
	0.064451
	0.064403
	0.065369
	0.064449
	0.059675
	0.057523
	0.058550
	0.059746
	0.058763
	0.058025
	0.056445
	0.059125
	0.061591
	0.056795
	0.054686
	0.051269
	0.046961
	0.049479
	0.050955
	0.056645
	0.056463
	0.058255
	0.059535
	0.061533
	0.067169
	0.070165
	0.075765
	0.075825
	0.072865
	0.072029
	0.075889
	0.074525
	0.064925
	0.051569
	0.044889
	0.036504
	0.038924
	0.042505
	0.049469
	0.050553
	0.050395
	0.047675
	0.045121
	0.048253
	0.054645
	0.054965
	0.062924
	0.070776
	0.079485
	0.080706
	0.080950
	0.081785
	0.080633
	0.080689
	0.078255
	0.077995
	0.075723
	0.076771
	0.070411
	0.072219
	0.070300
	0.068169
	0.060115
	0.060911
	0.059381
	0.064255
	0.063494
	0.062235
	0.069673
	0.075293
	0.080425
	0.082195
	0.080685
	0.082231
	0.083165
	0.082244
	0.079555
	0.077009
	0.072631
	0.074175
	0.067869
	0.067363
	0.064934
	0.063706
	0.063100
	0.061795
	0.063185
	0.065943
	0.067543
	0.071435
	0.062849
	0.062273
	0.066469
	0.074621
	0.078376
	0.079725
	0.077374
	0.076209
	0.078371
	0.077971
	0.076300
	0.071919
	0.070756
	0.070550
	0.074545
	0.080219
	0.088691
	0.086119
	0.087199
	0.082569
	0.083773
	0.085035
	0.083469
	0.084219
	0.082763
	0.075315
	0.064613
	0.052094
	0.042859
	0.042353
	0.045835
	0.053150
	0.057095
	0.060754
	0.068713
	0.074253
	0.079869
	0.082111
	0.084059
	0.080369
	0.066999
	0.065646
	0.061573
	0.062834
	0.060734
	0.062846
	0.065345
	0.072955
	0.072250
	0.061263
	0.047844
	0.050131
	0.048200
	0.049446
	0.055035
