	0.195000
	0.276000
	0.361500
	0.424500
	0.493500
	0.558000
	0.596000
	0.604500
	0.613000
	0.622000
	0.631000
	0.634000
	0.646500
	0.656000
	0.652000
	0.641500
	0.637500
	0.639500
	0.636000
	0.652500
	0.646500
	0.639000
	0.642500
	0.652000
	0.660500
	0.673500
	0.676500
	0.683500
	0.710000
	0.710500
	0.706000
	0.703500
	0.692000
	0.698500
	0.712500
	0.721500
	0.709000
	0.703000
	0.696000
	0.704500
	0.716000
	0.720500
	0.716500
	0.713500
	0.718500
	0.720000
	0.714500
	0.712500
	0.702000
	0.700500
	0.706000
	0.706000
	0.700000
	0.681000
	0.662000
	0.648000
	0.652500
	0.666500
	0.686500
	0.688000
	0.709500
	0.701000
	0.695500
	0.693000
	0.696500
	0.689500
	0.688500
	0.691000
	0.688000
	0.688500
	0.696500
	0.704000
	0.704500
	0.697500
	0.682500
	0.677000
	0.680500
	0.671500
	0.660500
	0.653000
	0.642000
	0.633500
	0.634000
	0.634500
	0.650000
	0.664500
	0.673000
	0.686500
	0.684500
	0.674000
	0.666500
	0.661000
	0.653000
	0.660000
	0.664500
	0.671000
	0.673500
	0.684000
	0.685500
	0.691000
	0.691000
	0.689500
	0.680000
	0.685000
	0.692000
	0.696000
	0.703500
	0.699000
	0.697000
	0.688000
	0.682500
	0.684000
	0.674000
	0.676000
	0.677000
	0.673500
	0.684500
	0.691000
	0.702500
	0.701000
	0.694000
	0.685000
	0.676000
	0.667000
	0.660500
	0.662500
	0.666000
	0.669500
	0.677500
	0.677500
	0.686500
	0.687000
	0.684000
	0.684500
	0.674500
	0.672500
	0.672500
	0.666500
	0.670000
	0.675000
	0.685000
	0.696000
	0.697500
	0.698000
	0.680500
	0.674500
	0.678000
	0.682500
	0.678500
	0.675500
	0.671500
	0.662000
	0.659000
	0.666000
	0.675000
	0.676500
	0.676000
	0.687500
	0.690500
	0.690500
	0.701500
	0.689000
	0.688000
	0.681500
	0.687500
	0.687500
	0.679500
	0.674000
	0.683000
	0.686000
	0.691500
	0.688500
	0.697500
	0.707000
	0.716500
	0.718000
	0.714500
	0.712500
	0.715000
	0.699500
	0.699500
	0.704500
	0.706000
	0.692000
	0.689500
	0.697500
	0.700000
	0.711000
	0.715500
	0.715500
	0.708500
	0.693500
	0.683500
	0.668500
	0.665000
	0.665500
	0.671000
	0.671500
	0.673000
	0.684000
