	0.195000
	0.285000
	0.352500
	0.416500
	0.461000
	0.479000
	0.504000
	0.529000
	0.551500
	0.567500
	0.586500
	0.613500
	0.643000
	0.661000
	0.679500
	0.693500
	0.705500
	0.709500
	0.719000
	0.707500
	0.701500
	0.695500
	0.694000
	0.699500
	0.724000
	0.708000
	0.697500
	0.702500
	0.717500
	0.727000
	0.720000
	0.716500
	0.710000
	0.706500
	0.711000
	0.711000
	0.709000
	0.694000
	0.680000
	0.684500
	0.684000
	0.689500
	0.683000
	0.681500
	0.672500
	0.668000
	0.671500
	0.683500
	0.694500
	0.703500
	0.702000
	0.711000
	0.722500
	0.728000
	0.730000
	0.728500
	0.718000
	0.727000
	0.725000
	0.718500
	0.720000
	0.715000
	0.716500
	0.721000
	0.726500
	0.734000
	0.729000
	0.730000
	0.712000
	0.699500
	0.698000
	0.700500
	0.710000
	0.708000
	0.706500
	0.703500
	0.702500
	0.693500
	0.691500
	0.692500
	0.695000
	0.694500
	0.686000
	0.691000
	0.691500
	0.696000
	0.700500
	0.689500
	0.683000
	0.676500
	0.666500
	0.669500
	0.678000
	0.671000
	0.667500
	0.663000
	0.655500
	0.654000
	0.658000
	0.656500
	0.656500
	0.670500
	0.666500
	0.674500
	0.672500
	0.682500
	0.687500
	0.686000
	0.682000
	0.681000
	0.674000
	0.665000
	0.666500
	0.658500
	0.668000
	0.673500
	0.678000
	0.684000
	0.680000
	0.688500
	0.697500
	0.706000
	0.717500
	0.710500
	0.700500
	0.697000
	0.703500
	0.701500
	0.693500
	0.692000
	0.681000
	0.670000
	0.661000
	0.657000
	0.653000
	0.634500
	0.617000
	0.611000
	0.606000
	0.615000
	0.627500
	0.639500
	0.658500
	0.671500
	0.677000
	0.662500
	0.655000
	0.655500
	0.657000
	0.665500
	0.658000
	0.649000
	0.651000
	0.651500
	0.647500
	0.652000
	0.655500
	0.670000
	0.675000
	0.675500
	0.674500
	0.675500
	0.665000
	0.676500
	0.687500
	0.687500
	0.688500
	0.695500
	0.693500
	0.694500
	0.703500
	0.697000
	0.695500
	0.683000
	0.671500
	0.667000
	0.664500
	0.666000
	0.651500
	0.648500
	0.651500
	0.661500
	0.664000
	0.666000
	0.669500
	0.672000
	0.678000
	0.687500
	0.678000
	0.687500
	0.691000
	0.689000
	0.696000
	0.689000
	0.696500
	0.705500
	0.704500
	0.693500
	0.696500
	0.704000
