	0.141224
	0.183761
	0.204441
	0.206824
	0.196225
	0.178719
	0.156243
	0.137056
	0.129500
	0.118183
	0.107501
	0.097885
	0.087183
	0.080239
	0.070924
	0.064466
	0.062974
	0.066883
	0.075015
	0.071019
	0.077853
	0.073073
	0.063385
	0.066129
	0.074023
	0.073755
	0.073995
	0.073121
	0.070005
	0.063015
	0.059756
	0.063969
	0.067800
	0.067175
	0.065709
	0.070555
	0.077176
	0.080635
	0.080266
	0.077825
	0.079785
	0.079755
	0.082769
	0.086673
	0.087219
	0.083793
	0.077663
	0.075313
	0.079374
	0.069214
	0.061265
	0.058193
	0.057750
	0.056833
	0.059045
	0.062885
	0.061186
	0.057551
	0.055764
	0.057686
	0.061054
	0.065526
	0.071623
	0.071073
	0.073221
	0.075674
	0.073103
	0.074124
	0.077315
	0.082136
	0.087434
	0.086075
	0.082685
	0.083043
	0.080155
	0.075905
	0.069394
	0.072725
	0.076825
	0.073069
	0.075300
	0.074150
	0.076333
	0.080449
	0.084941
	0.078785
	0.075219
	0.070625
	0.069489
	0.065043
	0.066459
	0.070263
	0.067671
	0.065853
	0.069805
	0.074376
	0.072921
	0.075813
	0.076386
	0.075313
	0.083645
	0.088593
	0.093100
	0.097754
	0.099851
	0.104519
	0.106561
	0.108375
	0.111213
	0.109056
	0.107400
	0.095584
	0.090186
	0.088291
	0.089006
	0.090603
	0.088815
	0.088704
	0.088235
	0.085914
	0.079519
	0.074305
	0.073274
	0.070169
	0.067205
	0.071471
	0.077103
	0.083034
	0.083219
	0.082493
	0.084450
	0.079676
	0.069656
	0.058575
	0.052200
	0.048179
	0.050549
	0.055800
	0.057703
	0.057693
	0.057753
	0.059979
	0.055275
	0.060775
	0.064509
	0.065503
	0.058846
	0.052213
	0.054913
	0.064194
	0.067563
	0.066493
	0.063836
	0.061953
	0.054475
	0.047405
	0.048703
	0.055171
	0.058209
	0.059716
	0.063621
	0.070985
	0.071533
	0.072626
	0.073713
	0.072700
	0.069871
	0.068416
	0.068375
	0.068183
	0.063334
	0.054001
	0.055684
	0.060715
	0.062976
	0.067475
	0.071005
	0.076825
	0.078576
	0.077905
	0.079316
	0.083421
	0.082369
	0.087650
	0.080666
	0.072703
	0.061033
	0.060841
	0.064764
	0.063200
	0.058963
	0.057986
	0.055853
	0.054654
	0.055179
	0.052044
	0.048816
	0.046700
	0.047606
	0.048293
