	0.175500
	0.266000
	0.351500
	0.415000
	0.457500
	0.487500
	0.516000
	0.543000
	0.562500
	0.574500
	0.599500
	0.616000
	0.614000
	0.603500
	0.603000
	0.589000
	0.586500
	0.582000
	0.586000
	0.602000
	0.603500
	0.611000
	0.624000
	0.633500
	0.634500
	0.638000
	0.652000
	0.648500
	0.665500
	0.678000
	0.691500
	0.704500
	0.697500
	0.696000
	0.695500
	0.692500
	0.677000
	0.673000
	0.660500
	0.655000
	0.646000
	0.638500
	0.637000
	0.626000
	0.629500
	0.636500
	0.637500
	0.638500
	0.632000
	0.652500
	0.648000
	0.642500
	0.640500
	0.627500
	0.623500
	0.623000
	0.627000
	0.637000
	0.639500
	0.642500
	0.649000
	0.657500
	0.660500
	0.671500
	0.691000
	0.699500
	0.710000
	0.704500
	0.707500
	0.713500
	0.711000
	0.697500
	0.682500
	0.674000
	0.665500
	0.669500
	0.668000
	0.666500
	0.664000
	0.666500
	0.665000
	0.663500
	0.658500
	0.653500
	0.660000
	0.651500
	0.646500
	0.648000
	0.650000
	0.655500
	0.663000
	0.667000
	0.676500
	0.699500
	0.712500
	0.719500
	0.725500
	0.723500
	0.714000
	0.722500
	0.724000
	0.726000
	0.721500
	0.707500
	0.706000
	0.701500
	0.700500
	0.700000
	0.693500
	0.697500
	0.697500
	0.687500
	0.674500
	0.657000
	0.655000
	0.657000
	0.662500
	0.672000
	0.677000
	0.663500
	0.671000
	0.679500
	0.691500
	0.701000
	0.706500
	0.696000
	0.701000
	0.695000
	0.697000
	0.688000
	0.687000
	0.680500
	0.682000
	0.680000
	0.677000
	0.691500
	0.692000
	0.704500
	0.712500
	0.718000
	0.732000
	0.740000
	0.735500
	0.734000
	0.728000
	0.713500
	0.710000
	0.715000
	0.719500
	0.722000
	0.715000
	0.711000
	0.705000
	0.704500
	0.708000
	0.707000
	0.697500
	0.687500
	0.676500
	0.678000
	0.670000
	0.662000
	0.657000
	0.645500
	0.648500
	0.659500
	0.661000
	0.672000
	0.684000
	0.689000
	0.683000
	0.688000
	0.681000
	0.685500
	0.697500
	0.707500
	0.711500
	0.702000
	0.686000
	0.668500
	0.652000
	0.636000
	0.628000
	0.635000
	0.631500
	0.629500
	0.640000
	0.658500
	0.671500
	0.678500
	0.667000
	0.649500
	0.635000
	0.640500
	0.639000
	0.639500
	0.625000
	0.617500
	0.626500
	0.638500
