	0.152225
	0.190025
	0.205593
	0.206769
	0.199009
	0.186085
	0.175163
	0.162569
	0.151349
	0.142999
	0.135619
	0.126700
	0.125285
	0.124845
	0.121751
	0.119075
	0.113373
	0.109465
	0.097831
	0.086773
	0.079843
	0.085625
	0.082103
	0.077876
	0.077965
	0.074300
	0.080503
	0.076329
	0.075061
	0.073416
	0.072275
	0.068909
	0.065461
	0.066600
	0.066455
	0.070304
	0.071203
	0.071744
	0.071169
	0.069156
	0.070969
	0.065565
	0.063356
	0.067366
	0.068733
	0.069569
	0.067206
	0.066979
	0.060275
	0.054669
	0.049269
	0.045423
	0.041850
	0.038816
	0.041219
	0.044865
	0.044693
	0.045725
	0.050843
	0.054753
	0.057783
	0.057704
	0.061294
	0.062893
	0.062193
	0.061175
	0.060396
	0.060855
	0.061201
	0.060895
	0.055963
	0.059896
	0.054250
	0.050789
	0.044675
	0.042221
	0.046476
	0.050213
	0.056284
	0.060103
	0.062193
	0.064654
	0.070013
	0.078089
	0.075509
	0.072386
	0.067123
	0.058769
	0.053985
	0.052336
	0.048503
	0.052805
	0.056635
	0.057315
	0.062324
	0.069483
	0.076291
	0.080234
	0.084069
	0.092773
	0.102531
	0.104665
	0.099961
	0.096055
	0.095941
	0.087850
	0.080553
	0.072326
	0.069623
	0.065655
	0.061744
	0.058856
	0.058611
	0.063925
	0.069041
	0.067919
	0.070245
	0.073444
	0.072663
	0.070175
	0.063381
	0.062385
	0.059525
	0.053619
	0.052305
	0.054595
	0.054891
	0.055334
	0.046393
	0.047464
	0.047419
	0.045979
	0.047615
	0.049106
	0.053764
	0.055419
	0.050033
	0.044374
	0.042324
	0.046475
	0.048803
	0.052525
	0.053241
	0.056713
	0.064653
	0.067333
	0.073121
	0.074526
	0.069085
	0.063785
	0.064794
	0.066845
	0.067719
	0.064075
	0.072225
	0.080815
	0.086819
	0.094875
	0.098521
	0.100425
	0.100324
	0.094293
	0.091604
	0.091261
	0.090465
	0.088183
	0.088513
	0.077719
	0.082334
	0.083779
	0.087344
	0.087900
	0.084599
	0.086195
	0.088019
	0.083335
	0.077883
	0.074125
	0.060565
	0.057185
	0.058691
	0.055934
	0.053225
	0.053914
	0.055113
	0.059153
	0.061269
	0.061296
	0.060201
	0.057229
	0.054300
	0.053629
	0.045245
	0.042809
	0.038073
	0.042235
	0.044603
	0.045131
	0.048886
	0.051705
