	0.141224
	0.183761
	0.203145
	0.206261
	0.196325
	0.182715
	0.172913
	0.164683
	0.157069
	0.145465
	0.134645
	0.122991
	0.112025
	0.103459
	0.097773
	0.093219
	0.096315
	0.095193
	0.093885
	0.094389
	0.089485
	0.085496
	0.083399
	0.076611
	0.068415
	0.067343
	0.063929
	0.065583
	0.066711
	0.067675
	0.064153
	0.059396
	0.058105
	0.059933
	0.063121
	0.065863
	0.073494
	0.075743
	0.079545
	0.079869
	0.078734
	0.081734
	0.080464
	0.081731
	0.081703
	0.081955
	0.084144
	0.077659
	0.067103
	0.063664
	0.060523
	0.065656
	0.068625
	0.073843
	0.071475
	0.070255
	0.075245
	0.066211
	0.060419
	0.058775
	0.058175
	0.061074
	0.063459
	0.066889
	0.064265
	0.063033
	0.063195
	0.056169
	0.050703
	0.045969
	0.045639
	0.045619
	0.048179
	0.053623
	0.055891
	0.058884
	0.057525
	0.058225
	0.057563
	0.054729
	0.055885
	0.053943
	0.053169
	0.058891
	0.063149
	0.067903
	0.062825
	0.060300
	0.064250
	0.066125
	0.062045
	0.066359
	0.069626
	0.075531
	0.081135
	0.082625
	0.081975
	0.081503
	0.082165
	0.081159
	0.077405
	0.078361
	0.079226
	0.080823
	0.081063
	0.081165
	0.077256
	0.080391
	0.078613
	0.076469
	0.070735
	0.068629
	0.073533
	0.073425
	0.075113
	0.073225
	0.071203
	0.066941
	0.065119
	0.063119
	0.056843
	0.052893
	0.052245
	0.051550
	0.050219
	0.053125
	0.058555
	0.058353
	0.055751
	0.060036
	0.063513
	0.069315
	0.071186
	0.079029
	0.085566
	0.084200
	0.082975
	0.081025
	0.088635
	0.086773
	0.078544
	0.064485
	0.061803
	0.068919
	0.073835
	0.068821
	0.071223
	0.070945
	0.070361
	0.073024
	0.076275
	0.079419
	0.084636
	0.084234
	0.081746
	0.080225
	0.080051
	0.085373
	0.088173
	0.087919
	0.083931
	0.085303
	0.085369
	0.090313
	0.092055
	0.091093
	0.080319
	0.082346
	0.083919
	0.079855
	0.074134
	0.075691
	0.072769
	0.066106
	0.060846
	0.062725
	0.067661
	0.062650
	0.064593
	0.063043
	0.056536
	0.058403
	0.061333
	0.068319
	0.063819
	0.053785
	0.041959
	0.037204
	0.036945
	0.040421
	0.044144
	0.044943
	0.044569
	0.051669
	0.056266
	0.063754
	0.068135
	0.072306
	0.073343
	0.080369
