	0.175500
	0.266500
	0.335000
	0.408000
	0.467500
	0.515500
	0.533500
	0.543500
	0.547500
	0.568500
	0.578500
	0.583000
	0.593000
	0.598000
	0.601000
	0.610000
	0.618500
	0.633500
	0.637000
	0.642000
	0.649500
	0.670500
	0.678000
	0.694500
	0.694000
	0.692500
	0.693000
	0.695500
	0.695000
	0.706000
	0.703500
	0.709500
	0.713000
	0.710000
	0.703000
	0.703000
	0.697500
	0.692000
	0.686000
	0.682500
	0.681000
	0.682500
	0.686000
	0.683500
	0.674500
	0.667000
	0.652000
	0.641500
	0.652500
	0.672500
	0.676000
	0.683500
	0.694000
	0.701500
	0.706500
	0.720000
	0.721000
	0.713000
	0.717000
	0.710500
	0.710000
	0.706500
	0.705500
	0.704000
	0.696500
	0.678500
	0.657500
	0.646500
	0.634000
	0.625500
	0.627000
	0.642500
	0.654000
	0.657000
	0.653500
	0.662500
	0.665500
	0.662000
	0.665500
	0.671500
	0.668500
	0.672000
	0.678000
	0.683500
	0.693000
	0.692500
	0.685500
	0.679000
	0.669000
	0.660000
	0.654500
	0.651500
	0.645500
	0.638500
	0.638000
	0.646000
	0.667500
	0.672500
	0.680000
	0.695500
	0.708000
	0.721000
	0.716000
	0.707500
	0.708500
	0.709000
	0.700500
	0.691000
	0.680500
	0.673500
	0.667500
	0.663000
	0.669500
	0.678000
	0.676500
	0.676000
	0.666500
	0.670000
	0.678500
	0.681000
	0.689500
	0.690000
	0.703000
	0.698500
	0.687500
	0.681500
	0.669000
	0.662500
	0.664000
	0.673500
	0.670000
	0.667000
	0.668500
	0.666500
	0.661000
	0.654000
	0.668500
	0.660000
	0.655500
	0.654000
	0.662500
	0.660000
	0.653500
	0.649000
	0.662000
	0.662500
	0.674500
	0.679000
	0.687000
	0.689500
	0.687500
	0.678000
	0.674000
	0.664000
	0.665000
	0.661000
	0.661500
	0.667000
	0.678500
	0.689500
	0.698500
	0.711500
	0.713000
	0.716500
	0.719500
	0.722500
	0.722000
	0.715000
	0.711500
	0.710000
	0.702500
	0.693500
	0.694000
	0.700000
	0.705000
	0.718000
	0.721000
	0.726000
	0.721000
	0.719500
	0.718500
	0.714000
	0.714000
	0.716500
	0.700000
	0.679500
	0.661000
	0.653000
	0.647500
	0.652000
	0.664000
	0.672000
	0.686500
	0.698000
	0.711500
	0.717000
	0.722000
	0.727500
	0.725000
	0.720000
