	0.146815
	0.183761
	0.204441
	0.207176
	0.198266
	0.188861
	0.181985
	0.170235
	0.158913
	0.154156
	0.149823
	0.135563
	0.124851
	0.109679
	0.101550
	0.095769
	0.081573
	0.073819
	0.076823
	0.081033
	0.089653
	0.090336
	0.080843
	0.076625
	0.068829
	0.063149
	0.055400
	0.054651
	0.054625
	0.059355
	0.057335
	0.059619
	0.059921
	0.066831
	0.071779
	0.067925
	0.071969
	0.071176
	0.066645
	0.064603
	0.058525
	0.048119
	0.050349
	0.054806
	0.058071
	0.062659
	0.066300
	0.064224
	0.063600
	0.061319
	0.060515
	0.055919
	0.054373
	0.055925
	0.056425
	0.056205
	0.055505
	0.053846
	0.051469
	0.045585
	0.047069
	0.049365
	0.050519
	0.050685
	0.050153
	0.049469
	0.051675
	0.058005
	0.060046
	0.063434
	0.061763
	0.059125
	0.059363
	0.056169
	0.056046
	0.061231
	0.062313
	0.062959
	0.062243
	0.070325
	0.078044
	0.083019
	0.085241
	0.090519
	0.091654
	0.094615
	0.095651
	0.090685
	0.092783
	0.086681
	0.081655
	0.072943
	0.059451
	0.054113
	0.048751
	0.044693
	0.046141
	0.049435
	0.050413
	0.051299
	0.048103
	0.050805
	0.049579
	0.046095
	0.046825
	0.046244
	0.045794
	0.042373
	0.042300
	0.042319
	0.041695
	0.046501
	0.050846
	0.051769
	0.051294
	0.050576
	0.052829
	0.053884
	0.056225
	0.050675
	0.055019
	0.056585
	0.055319
	0.056663
	0.061914
	0.066069
	0.064069
	0.060446
	0.051789
	0.040803
	0.042255
	0.045823
	0.049965
	0.054469
	0.052850
	0.054841
	0.055000
	0.061500
	0.065995
	0.070359
	0.074769
	0.081050
	0.085584
	0.088349
	0.093769
	0.097400
	0.099673
	0.101805
	0.102295
	0.095384
	0.092196
	0.092750
	0.088551
	0.080119
	0.076074
	0.086023
	0.095511
	0.101085
	0.101019
	0.102806
	0.105525
	0.106509
	0.107976
	0.103315
	0.098064
	0.087985
	0.077774
	0.074024
	0.072363
	0.066944
	0.066133
	0.064661
	0.059793
	0.062103
	0.061106
	0.063615
	0.058379
	0.059031
	0.061143
	0.065645
	0.072819
	0.079693
	0.085725
	0.083769
	0.084269
	0.088223
	0.090175
	0.090669
	0.091619
	0.090414
	0.084636
	0.079293
	0.082885
	0.083456
	0.080594
	0.071276
	0.070545
	0.070063
	0.068319
	0.065783
