	0.194500
	0.284000
	0.359000
	0.422000
	0.479500
	0.502500
	0.527000
	0.548000
	0.567500
	0.586000
	0.604500
	0.616500
	0.635500
	0.640000
	0.660000
	0.677500
	0.687500
	0.688500
	0.692000
	0.679000
	0.680000
	0.686500
	0.690000
	0.690500
	0.676500
	0.671000
	0.657500
	0.646500
	0.646500
	0.648000
	0.641500
	0.637000
	0.637000
	0.637500
	0.646000
	0.655000
	0.656000
	0.665500
	0.666000
	0.673000
	0.683000
	0.681500
	0.684500
	0.697500
	0.680500
	0.675500
	0.680500
	0.680500
	0.677500
	0.678500
	0.687000
	0.677500
	0.679500
	0.677500
	0.675000
	0.668000
	0.653000
	0.642000
	0.632000
	0.625000
	0.635000
	0.643000
	0.652000
	0.652500
	0.647000
	0.643000
	0.645000
	0.646000
	0.663000
	0.661000
	0.657000
	0.659500
	0.668000
	0.678500
	0.677500
	0.678500
	0.679500
	0.668000
	0.655500
	0.652500
	0.666500
	0.672500
	0.673500
	0.675500
	0.677000
	0.674500
	0.677500
	0.668000
	0.669000
	0.674500
	0.670500
	0.679000
	0.694500
	0.704000
	0.697000
	0.691500
	0.685500
	0.685000
	0.687000
	0.691000
	0.695500
	0.697000
	0.697500
	0.692000
	0.684000
	0.676500
	0.676500
	0.673000
	0.665500
	0.667000
	0.673500
	0.673000
	0.672500
	0.673000
	0.676500
	0.663500
	0.667000
	0.673500
	0.664000
	0.654500
	0.651000
	0.638500
	0.643000
	0.645500
	0.661000
	0.657000
	0.659500
	0.660500
	0.685500
	0.686000
	0.681500
	0.676000
	0.667000
	0.663000
	0.658000
	0.661500
	0.652000
	0.658000
	0.649500
	0.649500
	0.640000
	0.647000
	0.639500
	0.645000
	0.655000
	0.646500
	0.655500
	0.671000
	0.677500
	0.672500
	0.686000
	0.683500
	0.666500
	0.673500
	0.681500
	0.684000
	0.683500
	0.675000
	0.677000
	0.676000
	0.684500
	0.684500
	0.695500
	0.694000
	0.681000
	0.678000
	0.676000
	0.676000
	0.677500
	0.679500
	0.672000
	0.669000
	0.668000
	0.667500
	0.661500
	0.660500
	0.657500
	0.661000
	0.661500
	0.658500
	0.645500
	0.648500
	0.650500
	0.650500
	0.646500
	0.641500
	0.644000
	0.643000
	0.642000
	0.644500
	0.650500
	0.653500
	0.662500
	0.665000
	0.652000
	0.645500
	0.648000
	0.645000
	0.651000
	0.645500
