	0.146815
	0.183761
	0.202614
	0.202773
	0.199999
	0.196505
	0.192550
	0.183689
	0.172169
	0.158519
	0.142833
	0.126195
	0.109654
	0.086824
	0.071801
	0.061991
	0.063563
	0.070483
	0.078595
	0.084911
	0.084174
	0.081245
	0.077871
	0.073319
	0.070950
	0.070109
	0.069209
	0.067839
	0.065773
	0.060745
	0.059044
	0.059979
	0.062835
	0.062269
	0.062605
	0.064714
	0.069903
	0.072825
	0.071133
	0.069029
	0.061569
	0.053923
	0.053614
	0.058293
	0.061869
	0.058665
	0.053125
	0.056800
	0.061435
	0.068815
	0.073993
	0.081374
	0.092335
	0.099919
	0.104155
	0.105625
	0.108525
	0.101550
	0.086083
	0.072929
	0.068175
	0.062323
	0.061869
	0.062203
	0.060484
	0.060851
	0.063914
	0.066105
	0.063099
	0.059775
	0.058219
	0.057475
	0.060269
	0.063000
	0.065523
	0.066774
	0.071794
	0.068816
	0.063615
	0.065419
	0.067013
	0.065750
	0.066925
	0.069700
	0.074550
	0.073150
	0.068163
	0.065605
	0.066263
	0.073681
	0.080351
	0.080346
	0.085355
	0.087656
	0.087689
	0.080191
	0.076913
	0.074719
	0.070945
	0.072194
	0.075383
	0.082334
	0.082969
	0.085549
	0.082385
	0.086785
	0.079075
	0.070836
	0.065903
	0.055314
	0.051469
	0.045255
	0.042871
	0.041733
	0.043150
	0.037644
	0.041725
	0.044509
	0.050249
	0.051784
	0.059495
	0.064224
	0.066703
	0.073441
	0.078096
	0.081399
	0.088136
	0.091595
	0.094396
	0.094800
	0.095533
	0.093700
	0.096103
	0.096733
	0.085649
	0.077365
	0.077019
	0.077093
	0.073174
	0.070355
	0.064793
	0.066343
	0.061613
	0.061569
	0.058453
	0.058550
	0.058801
	0.058050
	0.053805
	0.053669
	0.053391
	0.050296
	0.056825
	0.051869
	0.052054
	0.060445
	0.062524
	0.068725
	0.075565
	0.082851
	0.090084
	0.088785
	0.086824
	0.073369
	0.068141
	0.061895
	0.061525
	0.063375
	0.059384
	0.057134
	0.052969
	0.052023
	0.047414
	0.051683
	0.054765
	0.054753
	0.062209
	0.065695
	0.073603
	0.081015
	0.086569
	0.089575
	0.094583
	0.091864
	0.087275
	0.081799
	0.074765
	0.064674
	0.068019
	0.067825
	0.075656
	0.085141
	0.092323
	0.095673
	0.096163
	0.091154
	0.080525
	0.070815
	0.068381
	0.072495
