	0.152225
	0.190025
	0.206600
	0.205269
	0.201195
	0.193045
	0.184544
	0.175119
	0.167131
	0.156815
	0.141869
	0.127913
	0.117895
	0.111725
	0.106629
	0.101575
	0.095629
	0.086425
	0.082275
	0.084485
	0.084989
	0.087674
	0.091919
	0.090923
	0.088823
	0.088750
	0.090703
	0.088215
	0.079425
	0.077273
	0.079369
	0.083185
	0.083993
	0.083925
	0.095453
	0.105264
	0.113526
	0.118926
	0.125101
	0.128929
	0.131953
	0.130566
	0.128969
	0.120694
	0.104103
	0.091979
	0.082423
	0.070033
	0.060273
	0.062144
	0.069376
	0.076084
	0.081134
	0.083593
	0.086376
	0.087729
	0.091851
	0.089205
	0.084439
	0.081109
	0.070079
	0.062205
	0.064193
	0.064665
	0.059853
	0.060235
	0.060019
	0.061636
	0.058463
	0.060301
	0.063385
	0.063775
	0.070963
	0.071716
	0.074021
	0.068169
	0.064100
	0.054415
	0.054269
	0.056149
	0.059319
	0.060631
	0.055801
	0.051434
	0.054603
	0.056735
	0.061081
	0.062231
	0.066109
	0.072150
	0.076893
	0.080219
	0.078353
	0.074635
	0.078863
	0.079699
	0.079799
	0.073169
	0.069969
	0.071689
	0.071925
	0.063903
	0.063819
	0.064653
	0.060019
	0.052064
	0.051345
	0.051645
	0.050884
	0.052700
	0.054085
	0.059916
	0.061824
	0.064033
	0.064825
	0.057931
	0.054313
	0.057386
	0.057783
	0.059843
	0.063809
	0.066045
	0.063804
	0.064715
	0.062133
	0.062086
	0.059923
	0.055543
	0.049759
	0.045469
	0.043371
	0.049835
	0.044665
	0.047869
	0.049519
	0.053801
	0.058916
	0.062639
	0.068081
	0.072329
	0.079200
	0.084250
	0.083685
	0.076545
	0.073474
	0.076359
	0.078154
	0.078544
	0.077574
	0.075416
	0.069365
	0.070344
	0.073811
	0.080784
	0.087884
	0.095656
	0.104675
	0.108445
	0.108366
	0.105109
	0.097341
	0.085331
	0.075126
	0.071153
	0.071553
	0.077283
	0.085669
	0.091609
	0.092479
	0.076025
	0.064883
	0.052156
	0.047704
	0.052619
	0.051501
	0.054823
	0.057325
	0.055634
	0.051403
	0.051869
	0.054519
	0.053154
	0.054686
	0.051069
	0.053405
	0.054114
	0.053865
	0.058923
	0.063763
	0.069079
	0.069869
	0.072854
	0.062925
	0.054251
	0.058649
	0.062101
	0.066056
	0.063083
	0.054486
	0.050751
