	0.140475
	0.182594
	0.201851
	0.205223
	0.194235
	0.179319
	0.172724
	0.167505
	0.160344
	0.150805
	0.142711
	0.128893
	0.119245
	0.103861
	0.094214
	0.092025
	0.093243
	0.089613
	0.084515
	0.078894
	0.074011
	0.076243
	0.073965
	0.068069
	0.067069
	0.068369
	0.072975
	0.079193
	0.087311
	0.091323
	0.084250
	0.085653
	0.092116
	0.096421
	0.094835
	0.098763
	0.102355
	0.097874
	0.094866
	0.093775
	0.096416
	0.098716
	0.101069
	0.100185
	0.100094
	0.101543
	0.093696
	0.084269
	0.072244
	0.069289
	0.073924
	0.072845
	0.065093
	0.053405
	0.058285
	0.064271
	0.072469
	0.074394
	0.071750
	0.071071
	0.071431
	0.067673
	0.065221
	0.069179
	0.075349
	0.075883
	0.072115
	0.070275
	0.071369
	0.072085
	0.073586
	0.077649
	0.078869
	0.078900
	0.072919
	0.076463
	0.079186
	0.080219
	0.089153
	0.095489
	0.095195
	0.097119
	0.103281
	0.108991
	0.113131
	0.113113
	0.101096
	0.097536
	0.085824
	0.076231
	0.076225
	0.072485
	0.070593
	0.071555
	0.077194
	0.083214
	0.090095
	0.093281
	0.093783
	0.095833
	0.101413
	0.101643
	0.093155
	0.081924
	0.077323
	0.080365
	0.080193
	0.083325
	0.079613
	0.082046
	0.083234
	0.082595
	0.084563
	0.084041
	0.084805
	0.084203
	0.079225
	0.078866
	0.073816
	0.066593
	0.069343
	0.065051
	0.057625
	0.049819
	0.052146
	0.056013
	0.058750
	0.061246
	0.060699
	0.062341
	0.056445
	0.053555
	0.049769
	0.050499
	0.055833
	0.060356
	0.063483
	0.068513
	0.066026
	0.066285
	0.064879
	0.059250
	0.055414
	0.056125
	0.061436
	0.057599
	0.054646
	0.051350
	0.055803
	0.061393
	0.060965
	0.060813
	0.064794
	0.062519
	0.062681
	0.071051
	0.076969
	0.071859
	0.069255
	0.069469
	0.066144
	0.065665
	0.070173
	0.078654
	0.085243
	0.083835
	0.080569
	0.077019
	0.072826
	0.072226
	0.071600
	0.069724
	0.065525
	0.062685
	0.055200
	0.050450
	0.044289
	0.045209
	0.040735
	0.038025
	0.040021
	0.039023
	0.034773
	0.036826
	0.040119
	0.043555
	0.044500
	0.046814
	0.047175
	0.052883
	0.058943
	0.063553
	0.066409
	0.062943
	0.069324
	0.074719
	0.077725
	0.075125
	0.070883
	0.065671
