	0.140425
	0.179051
	0.199594
	0.202445
	0.198273
	0.195269
	0.188969
	0.182783
	0.175664
	0.170004
	0.156395
	0.141265
	0.128785
	0.115324
	0.105079
	0.089886
	0.073316
	0.060769
	0.057711
	0.053509
	0.061769
	0.066446
	0.071796
	0.078436
	0.086089
	0.094525
	0.099974
	0.100259
	0.103611
	0.105356
	0.109435
	0.100479
	0.100665
	0.095601
	0.089923
	0.084069
	0.079793
	0.077319
	0.069254
	0.065675
	0.062669
	0.058323
	0.053251
	0.053603
	0.049150
	0.042845
	0.042313
	0.040461
	0.046383
	0.051246
	0.054023
	0.054419
	0.053369
	0.058686
	0.060686
	0.060319
	0.060015
	0.062154
	0.065509
	0.064109
	0.065111
	0.065511
	0.068774
	0.071421
	0.063319
	0.053436
	0.044816
	0.045615
	0.044554
	0.051145
	0.052169
	0.054841
	0.057475
	0.060045
	0.060975
	0.064291
	0.064069
	0.066553
	0.072311
	0.076866
	0.079975
	0.081925
	0.085111
	0.084655
	0.075031
	0.063363
	0.054801
	0.048769
	0.052133
	0.055699
	0.063915
	0.072225
	0.073713
	0.069203
	0.059364
	0.054441
	0.047435
	0.046076
	0.051351
	0.057805
	0.056825
	0.053975
	0.058633
	0.062653
	0.061015
	0.065295
	0.073994
	0.077385
	0.076423
	0.069333
	0.060869
	0.049816
	0.053750
	0.055519
	0.051469
	0.050949
	0.051863
	0.055003
	0.056143
	0.063333
	0.066919
	0.074784
	0.080691
	0.081119
	0.076055
	0.070089
	0.067300
	0.065393
	0.061546
	0.053835
	0.054493
	0.053853
	0.055823
	0.054049
	0.050946
	0.050096
	0.053619
	0.060425
	0.066706
	0.068485
	0.069019
	0.068443
	0.067683
	0.071436
	0.075399
	0.077591
	0.078819
	0.085199
	0.089750
	0.089446
	0.075769
	0.077919
	0.075045
	0.072374
	0.069823
	0.070425
	0.075626
	0.075750
	0.077626
	0.072669
	0.072216
	0.066179
	0.059095
	0.059455
	0.061275
	0.065119
	0.066753
	0.061919
	0.060336
	0.057651
	0.052473
	0.052823
	0.057151
	0.054423
	0.058313
	0.058025
	0.063835
	0.063903
	0.061603
	0.067239
	0.071053
	0.067013
	0.062079
	0.059419
	0.061163
	0.064565
	0.071125
	0.074319
	0.081141
	0.082105
	0.075655
	0.075963
	0.077755
	0.079721
	0.082765
	0.086319
	0.082726
	0.078474
	0.075909
	0.076836
