	0.152225
	0.190025
	0.205079
	0.205903
	0.198675
	0.191819
	0.181305
	0.173564
	0.166119
	0.160824
	0.154164
	0.141975
	0.130825
	0.122383
	0.113151
	0.105166
	0.092323
	0.077321
	0.070125
	0.067724
	0.067519
	0.066616
	0.069550
	0.070469
	0.075419
	0.079469
	0.082019
	0.081709
	0.075381
	0.068975
	0.056785
	0.040225
	0.039969
	0.041955
	0.043221
	0.045325
	0.044019
	0.042525
	0.042975
	0.045439
	0.048479
	0.052791
	0.056925
	0.056563
	0.057163
	0.058913
	0.060334
	0.055919
	0.048125
	0.048463
	0.047389
	0.047711
	0.050344
	0.054875
	0.053569
	0.051435
	0.049745
	0.042500
	0.040719
	0.041519
	0.041966
	0.042095
	0.041916
	0.039103
	0.041239
	0.041500
	0.040350
	0.040289
	0.041369
	0.046979
	0.053446
	0.059141
	0.062913
	0.069301
	0.071585
	0.066946
	0.059165
	0.059250
	0.057785
	0.054019
	0.051869
	0.055673
	0.057169
	0.064975
	0.072344
	0.081095
	0.088279
	0.097733
	0.098683
	0.090306
	0.075415
	0.066165
	0.057449
	0.055969
	0.059093
	0.061161
	0.062253
	0.064211
	0.066703
	0.066354
	0.068094
	0.066703
	0.064439
	0.063911
	0.065039
	0.068703
	0.069944
	0.071665
	0.064445
	0.053500
	0.060005
	0.050469
	0.056351
	0.056936
	0.063953
	0.062853
	0.065533
	0.066553
	0.061453
	0.062793
	0.062434
	0.057264
	0.051335
	0.045105
	0.048603
	0.054150
	0.061171
	0.066283
	0.066765
	0.070079
	0.073269
	0.075875
	0.074804
	0.074869
	0.071713
	0.071416
	0.068295
	0.060863
	0.052815
	0.050019
	0.046725
	0.046219
	0.046869
	0.048679
	0.050914
	0.052283
	0.048919
	0.047166
	0.044721
	0.047505
	0.048226
	0.052665
	0.058983
	0.063884
	0.068763
	0.070259
	0.073650
	0.076215
	0.072073
	0.066835
	0.065700
	0.056769
	0.050494
	0.042121
	0.046204
	0.050163
	0.055775
	0.058919
	0.066325
	0.073516
	0.080579
	0.083669
	0.080254
	0.076725
	0.074633
	0.064973
	0.064575
	0.059975
	0.063500
	0.063969
	0.061443
	0.060169
	0.059675
	0.064265
	0.062745
	0.057556
	0.057135
	0.054256
	0.052736
	0.050869
	0.058283
	0.065611
	0.074155
	0.075455
	0.076523
	0.079509
	0.084969
	0.083665
	0.080663
	0.074174
