	0.146025
	0.186325
	0.203919
	0.205575
	0.197269
	0.190375
	0.185085
	0.177800
	0.172141
	0.164219
	0.157493
	0.150834
	0.143976
	0.139403
	0.130795
	0.124133
	0.114409
	0.108325
	0.095369
	0.080311
	0.069245
	0.064315
	0.064955
	0.070126
	0.076169
	0.077836
	0.080925
	0.085585
	0.088405
	0.089865
	0.091043
	0.088986
	0.079150
	0.077625
	0.066869
	0.068075
	0.071769
	0.074065
	0.073899
	0.069063
	0.064800
	0.068883
	0.070450
	0.073699
	0.073951
	0.079973
	0.080675
	0.083941
	0.082425
	0.073024
	0.073163
	0.073519
	0.071344
	0.073085
	0.075451
	0.073893
	0.074744
	0.073369
	0.074705
	0.072331
	0.063441
	0.055919
	0.055091
	0.055625
	0.053691
	0.056995
	0.061256
	0.060815
	0.061229
	0.065769
	0.061650
	0.064625
	0.066019
	0.067225
	0.063741
	0.062065
	0.059461
	0.056553
	0.054115
	0.057719
	0.053305
	0.055591
	0.055705
	0.045809
	0.041621
	0.040163
	0.043983
	0.047569
	0.056671
	0.066650
	0.077996
	0.083746
	0.083045
	0.084819
	0.089296
	0.083554
	0.080361
	0.085700
	0.086965
	0.083939
	0.079374
	0.077673
	0.079323
	0.072103
	0.065014
	0.058125
	0.055699
	0.051549
	0.050113
	0.056669
	0.060211
	0.063350
	0.064089
	0.068871
	0.073509
	0.079094
	0.084869
	0.084793
	0.082244
	0.084654
	0.080975
	0.075756
	0.071669
	0.072169
	0.077800
	0.076495
	0.069100
	0.058799
	0.052535
	0.046775
	0.053319
	0.061096
	0.068343
	0.072485
	0.070599
	0.058656
	0.052779
	0.046993
	0.051805
	0.054801
	0.061821
	0.069235
	0.071109
	0.074059
	0.074225
	0.078295
	0.080264
	0.084755
	0.088155
	0.087731
	0.090489
	0.091895
	0.087675
	0.079450
	0.070495
	0.061941
	0.056893
	0.049169
	0.042616
	0.045053
	0.048050
	0.053125
	0.051575
	0.053350
	0.053155
	0.049513
	0.052486
	0.052541
	0.054235
	0.054795
	0.056463
	0.060719
	0.064669
	0.058533
	0.059073
	0.064484
	0.070179
	0.069853
	0.060750
	0.056365
	0.054111
	0.050671
	0.050369
	0.050813
	0.046339
	0.048155
	0.051356
	0.053065
	0.050865
	0.045759
	0.046605
	0.041516
	0.043415
	0.047683
	0.053819
	0.051543
	0.040355
	0.038800
	0.040671
	0.044061
