	0.145285
	0.185175
	0.200786
	0.204354
	0.195033
	0.178653
	0.167473
	0.154203
	0.148464
	0.142155
	0.131905
	0.129711
	0.126233
	0.121846
	0.111623
	0.101995
	0.089825
	0.080866
	0.077721
	0.073961
	0.072535
	0.064095
	0.069783
	0.066589
	0.069550
	0.064735
	0.055795
	0.054636
	0.058634
	0.052919
	0.056869
	0.052273
	0.046100
	0.046693
	0.052033
	0.047109
	0.047623
	0.050295
	0.043623
	0.043076
	0.039404
	0.045333
	0.049503
	0.055523
	0.058769
	0.061350
	0.066583
	0.074003
	0.078469
	0.083299
	0.084249
	0.083069
	0.081575
	0.077559
	0.077663
	0.070669
	0.065625
	0.064525
	0.067231
	0.074600
	0.078169
	0.076849
	0.078634
	0.080183
	0.077561
	0.078093
	0.081233
	0.080835
	0.077833
	0.083623
	0.086464
	0.086291
	0.086969
	0.079113
	0.074245
	0.071261
	0.066731
	0.059764
	0.057764
	0.061804
	0.062635
	0.065773
	0.066674
	0.069076
	0.067259
	0.065513
	0.064875
	0.068794
	0.076319
	0.080023
	0.077050
	0.073115
	0.070619
	0.072119
	0.069773
	0.073244
	0.073206
	0.073975
	0.073609
	0.072045
	0.070893
	0.064183
	0.063931
	0.062819
	0.060515
	0.057596
	0.045575
	0.045293
	0.042719
	0.045633
	0.053636
	0.061500
	0.065274
	0.069765
	0.070033
	0.080081
	0.087469
	0.087213
	0.095711
	0.102056
	0.105519
	0.103615
	0.103085
	0.102555
	0.101511
	0.100119
	0.099439
	0.094744
	0.090393
	0.085119
	0.072325
	0.065054
	0.061795
	0.063971
	0.059219
	0.060669
	0.065116
	0.065363
	0.066235
	0.065019
	0.055501
	0.053179
	0.051179
	0.051635
	0.053125
	0.058351
	0.060429
	0.065325
	0.072229
	0.079325
	0.079369
	0.074245
	0.067745
	0.068983
	0.067185
	0.063653
	0.063013
	0.052500
	0.044375
	0.047846
	0.050383
	0.055004
	0.062033
	0.064883
	0.068569
	0.073779
	0.072283
	0.071211
	0.064925
	0.058029
	0.061193
	0.066565
	0.073116
	0.076021
	0.072700
	0.074715
	0.079315
	0.078569
	0.082369
	0.081904
	0.084965
	0.087043
	0.091055
	0.097454
	0.100574
	0.101344
	0.092469
	0.083289
	0.076123
	0.073345
	0.064249
	0.055343
	0.053386
	0.051663
	0.048845
	0.044543
	0.048555
	0.051505
	0.057025
	0.064455
