	0.195000
	0.285000
	0.370000
	0.425000
	0.468500
	0.492500
	0.524000
	0.562500
	0.584000
	0.604500
	0.644500
	0.680000
	0.690500
	0.685500
	0.675500
	0.676500
	0.679000
	0.684500
	0.692000
	0.697500
	0.702500
	0.690000
	0.680000
	0.667500
	0.652500
	0.646500
	0.651500
	0.667500
	0.675500
	0.672500
	0.652500
	0.663500
	0.672000
	0.682500
	0.690000
	0.706000
	0.713000
	0.723500
	0.722500
	0.706000
	0.699500
	0.692000
	0.689000
	0.683500
	0.696000
	0.688000
	0.683000
	0.672500
	0.659500
	0.650500
	0.659500
	0.662500
	0.676500
	0.690500
	0.688500
	0.671000
	0.668000
	0.674000
	0.686000
	0.681500
	0.685500
	0.678000
	0.686500
	0.698000
	0.704500
	0.709500
	0.713000
	0.699500
	0.692500
	0.692500
	0.696000
	0.681500
	0.676500
	0.676500
	0.676000
	0.669000
	0.659000
	0.654500
	0.650000
	0.652500
	0.638000
	0.641500
	0.643500
	0.639500
	0.628500
	0.637500
	0.652500
	0.663500
	0.666500
	0.658500
	0.658500
	0.671000
	0.680000
	0.682500
	0.682000
	0.688000
	0.704500
	0.706000
	0.710000
	0.726000
	0.722500
	0.720500
	0.714000
	0.714000
	0.716500
	0.718000
	0.724500
	0.729000
	0.738000
	0.736000
	0.740500
	0.741500
	0.736000
	0.729000
	0.720000
	0.718500
	0.715500
	0.724500
	0.713500
	0.710500
	0.716500
	0.719500
	0.708500
	0.703000
	0.700000
	0.690500
	0.692500
	0.701500
	0.708000
	0.703000
	0.709000
	0.709500
	0.706000
	0.711000
	0.714000
	0.708000
	0.709000
	0.707000
	0.700500
	0.703500
	0.697500
	0.681000
	0.675000
	0.664000
	0.660500
	0.658000
	0.663000
	0.684000
	0.690000
	0.687500
	0.695000
	0.700500
	0.704500
	0.706000
	0.713000
	0.712000
	0.713000
	0.700500
	0.700500
	0.697500
	0.690000
	0.683000
	0.674000
	0.683000
	0.682500
	0.689000
	0.694500
	0.700000
	0.701000
	0.708000
	0.714000
	0.719000
	0.719500
	0.715000
	0.714000
	0.710500
	0.717500
	0.708000
	0.700500
	0.698500
	0.710500
	0.710000
	0.705000
	0.689500
	0.689000
	0.698500
	0.698500
	0.697500
	0.693000
	0.699000
	0.703500
	0.709500
	0.696000
	0.689000
	0.690000
	0.687500
	0.676500
	0.666500
	0.660500
	0.656000
