	0.146815
	0.183761
	0.204441
	0.205444
	0.198003
	0.189935
	0.184033
	0.174951
	0.169394
	0.162263
	0.156800
	0.152065
	0.145463
	0.140643
	0.135266
	0.125675
	0.115116
	0.105356
	0.089700
	0.073949
	0.053424
	0.042111
	0.043059
	0.044559
	0.046975
	0.048993
	0.049865
	0.045405
	0.042873
	0.044845
	0.047206
	0.050875
	0.055019
	0.061703
	0.068825
	0.076650
	0.085175
	0.087333
	0.088219
	0.091705
	0.094273
	0.091769
	0.082865
	0.078769
	0.072704
	0.072969
	0.072826
	0.073163
	0.070255
	0.076094
	0.071266
	0.076464
	0.083401
	0.088969
	0.086079
	0.081863
	0.075334
	0.072993
	0.071285
	0.067094
	0.066816
	0.066233
	0.069325
	0.071476
	0.071613
	0.076053
	0.074693
	0.072359
	0.071093
	0.064745
	0.063469
	0.057014
	0.052991
	0.053646
	0.056706
	0.056595
	0.054684
	0.055541
	0.059284
	0.065811
	0.068333
	0.068393
	0.067706
	0.066381
	0.067625
	0.070373
	0.067711
	0.066215
	0.069631
	0.073383
	0.077663
	0.081604
	0.085343
	0.090891
	0.095400
	0.101736
	0.105685
	0.106485
	0.107719
	0.106661
	0.105739
	0.099205
	0.091369
	0.080424
	0.076683
	0.062405
	0.054145
	0.046873
	0.045923
	0.046205
	0.052753
	0.060699
	0.061395
	0.053255
	0.051463
	0.053319
	0.057023
	0.055784
	0.051565
	0.045176
	0.049405
	0.053450
	0.059319
	0.057695
	0.060554
	0.061526
	0.064766
	0.065574
	0.060203
	0.064523
	0.068715
	0.069075
	0.067411
	0.066450
	0.058445
	0.051254
	0.051901
	0.051765
	0.050776
	0.047175
	0.048659
	0.046426
	0.041703
	0.045621
	0.053381
	0.060645
	0.066091
	0.069519
	0.070703
	0.065183
	0.061546
	0.060575
	0.061614
	0.066053
	0.067750
	0.064919
	0.061569
	0.061346
	0.060515
	0.061931
	0.067453
	0.068906
	0.072361
	0.069275
	0.067219
	0.060091
	0.056019
	0.053499
	0.053019
	0.055725
	0.056935
	0.055465
	0.054425
	0.054646
	0.051183
	0.057555
	0.063650
	0.070169
	0.066153
	0.060096
	0.053719
	0.049976
	0.044274
	0.043943
	0.047941
	0.054703
	0.059881
	0.065025
	0.065769
	0.062975
	0.056000
	0.064895
	0.064944
	0.069071
	0.070266
	0.072369
	0.074919
	0.077383
	0.075873
	0.072274
