	0.185500
	0.276000
	0.353000
	0.409500
	0.454500
	0.478000
	0.495000
	0.525000
	0.561500
	0.580500
	0.598500
	0.605500
	0.617500
	0.632500
	0.650000
	0.667000
	0.674500
	0.680500
	0.694000
	0.694500
	0.700500
	0.707500
	0.699000
	0.702000
	0.685000
	0.686000
	0.689000
	0.696000
	0.699000
	0.697000
	0.695500
	0.703500
	0.707000
	0.699000
	0.687500
	0.675000
	0.666000
	0.649000
	0.638500
	0.633000
	0.639000
	0.656000
	0.662000
	0.665500
	0.690000
	0.697000
	0.699000
	0.702000
	0.707000
	0.715500
	0.730500
	0.720000
	0.707000
	0.690000
	0.685500
	0.668000
	0.667000
	0.686500
	0.686500
	0.690000
	0.699500
	0.699500
	0.710000
	0.719000
	0.702500
	0.704000
	0.697000
	0.697000
	0.692500
	0.700000
	0.699000
	0.701000
	0.708500
	0.711000
	0.714000
	0.705500
	0.700000
	0.691500
	0.690000
	0.697500
	0.704500
	0.711500
	0.702500
	0.704000
	0.700000
	0.706500
	0.692000
	0.686000
	0.669500
	0.656500
	0.675500
	0.667500
	0.659500
	0.660000
	0.667500
	0.678500
	0.673500
	0.683000
	0.697000
	0.707500
	0.698500
	0.690500
	0.696000
	0.700000
	0.703500
	0.703500
	0.700000
	0.701000
	0.713000
	0.719000
	0.706000
	0.694000
	0.693000
	0.686000
	0.675000
	0.670500
	0.679000
	0.688000
	0.681500
	0.679000
	0.668500
	0.663500
	0.662000
	0.648000
	0.655500
	0.661000
	0.661500
	0.672000
	0.698500
	0.697500
	0.686500
	0.682000
	0.681000
	0.673000
	0.668000
	0.663000
	0.670500
	0.663000
	0.664500
	0.653500
	0.649500
	0.650500
	0.649000
	0.644500
	0.645000
	0.652000
	0.653000
	0.659500
	0.674000
	0.683000
	0.679500
	0.688000
	0.696000
	0.698000
	0.686500
	0.690000
	0.701000
	0.698500
	0.702500
	0.690000
	0.692500
	0.694500
	0.680000
	0.670500
	0.656000
	0.645500
	0.642500
	0.634000
	0.625500
	0.619500
	0.610500
	0.595500
	0.586500
	0.570500
	0.576000
	0.578500
	0.573000
	0.590000
	0.584500
	0.593500
	0.598500
	0.607500
	0.623000
	0.639000
	0.655000
	0.672500
	0.678500
	0.691500
	0.692000
	0.701000
	0.699000
	0.691000
	0.702000
	0.690500
	0.678000
	0.673000
	0.667500
	0.686500
	0.693000
	0.707000
