	0.185000
	0.266500
	0.326000
	0.373000
	0.425500
	0.453500
	0.473500
	0.503000
	0.528500
	0.540500
	0.566000
	0.595500
	0.617500
	0.625000
	0.627500
	0.634000
	0.654000
	0.658000
	0.667500
	0.677500
	0.675500
	0.678000
	0.686000
	0.681000
	0.688000
	0.685000
	0.681000
	0.681000
	0.685500
	0.691500
	0.709000
	0.708000
	0.711500
	0.717500
	0.722500
	0.722000
	0.732500
	0.733000
	0.731000
	0.726500
	0.726500
	0.722500
	0.715000
	0.710000
	0.699500
	0.689000
	0.688500
	0.689500
	0.684000
	0.672500
	0.653500
	0.641000
	0.642500
	0.653000
	0.655000
	0.668000
	0.674500
	0.672500
	0.678500
	0.668000
	0.673500
	0.676000
	0.688500
	0.701500
	0.712500
	0.714500
	0.733500
	0.728000
	0.729500
	0.736500
	0.735500
	0.732000
	0.735500
	0.725500
	0.720500
	0.717000
	0.716000
	0.717000
	0.729000
	0.722500
	0.715000
	0.699000
	0.690500
	0.685000
	0.683500
	0.680000
	0.673000
	0.672000
	0.676500
	0.683000
	0.684000
	0.692000
	0.696500
	0.706000
	0.721500
	0.740500
	0.756500
	0.740000
	0.745000
	0.738500
	0.729500
	0.719000
	0.716000
	0.709000
	0.706500
	0.708500
	0.706000
	0.703500
	0.708000
	0.717000
	0.718500
	0.728000
	0.730500
	0.724500
	0.707500
	0.699000
	0.697500
	0.699000
	0.699500
	0.694500
	0.686000
	0.679000
	0.682500
	0.697500
	0.705500
	0.720500
	0.716000
	0.710000
	0.710000
	0.706500
	0.691500
	0.691500
	0.691500
	0.689000
	0.691500
	0.683000
	0.671000
	0.671000
	0.672000
	0.672500
	0.673500
	0.665500
	0.664500
	0.659000
	0.645500
	0.636500
	0.634000
	0.637500
	0.641500
	0.649500
	0.666000
	0.680500
	0.686000
	0.694000
	0.695500
	0.697000
	0.698500
	0.699000
	0.690000
	0.692500
	0.684500
	0.680500
	0.680000
	0.685500
	0.688000
	0.701000
	0.710000
	0.715500
	0.715000
	0.705500
	0.702500
	0.693000
	0.677500
	0.680500
	0.687000
	0.683000
	0.682500
	0.688500
	0.681500
	0.671000
	0.663500
	0.664500
	0.664000
	0.665500
	0.658000
	0.656000
	0.648500
	0.655000
	0.653500
	0.652000
	0.661000
	0.672000
	0.702500
	0.716500
	0.727000
	0.714000
	0.705000
	0.698500
	0.687500
	0.672000
