	0.146000
	0.237000
	0.314500
	0.378500
	0.422500
	0.470000
	0.463000
	0.451500
	0.437500
	0.443500
	0.452000
	0.469000
	0.483000
	0.497500
	0.505500
	0.508000
	0.521000
	0.523000
	0.532000
	0.537500
	0.570000
	0.582000
	0.592000
	0.605500
	0.605500
	0.600500
	0.607000
	0.615500
	0.625000
	0.638000
	0.642500
	0.652500
	0.653000
	0.649000
	0.653500
	0.649500
	0.638000
	0.635000
	0.636500
	0.647500
	0.654500
	0.667500
	0.684000
	0.686500
	0.693500
	0.707500
	0.718000
	0.727500
	0.724500
	0.725000
	0.726000
	0.719000
	0.732000
	0.728500
	0.719500
	0.712500
	0.706500
	0.716500
	0.709000
	0.705500
	0.696000
	0.689000
	0.685000
	0.673500
	0.669000
	0.666500
	0.663000
	0.652500
	0.651000
	0.652500
	0.658000
	0.665500
	0.677000
	0.668000
	0.652500
	0.642500
	0.637000
	0.629500
	0.629000
	0.643500
	0.650000
	0.662500
	0.678000
	0.675000
	0.671000
	0.663000
	0.661000
	0.658000
	0.646000
	0.658500
	0.677500
	0.683000
	0.692500
	0.684000
	0.678000
	0.692500
	0.706000
	0.709500
	0.711500
	0.707500
	0.710000
	0.694000
	0.697000
	0.697500
	0.694500
	0.688500
	0.697000
	0.701000
	0.695000
	0.695000
	0.713500
	0.698000
	0.695500
	0.698000
	0.693500
	0.692500
	0.687500
	0.686500
	0.683000
	0.689500
	0.694000
	0.694000
	0.698000
	0.695000
	0.696500
	0.688500
	0.685000
	0.686000
	0.684500
	0.691000
	0.698000
	0.685000
	0.675500
	0.669500
	0.675500
	0.683000
	0.681000
	0.673500
	0.662500
	0.662000
	0.662500
	0.645000
	0.639500
	0.631000
	0.623000
	0.617000
	0.616000
	0.622000
	0.632500
	0.643000
	0.642000
	0.647000
	0.637000
	0.621500
	0.612500
	0.613000
	0.609500
	0.616500
	0.618500
	0.616000
	0.621000
	0.621000
	0.623500
	0.614000
	0.607000
	0.619500
	0.652000
	0.667500
	0.678500
	0.674500
	0.675000
	0.671000
	0.676500
	0.681000
	0.688500
	0.697000
	0.683000
	0.683500
	0.691500
	0.686000
	0.677000
	0.673000
	0.676000
	0.677000
	0.678000
	0.672000
	0.676500
	0.675000
	0.675500
	0.676000
	0.680500
	0.680000
	0.676000
	0.677500
	0.693000
	0.695500
	0.695000
	0.697500
	0.709000
	0.711000
