	0.146815
	0.183761
	0.201165
	0.204769
	0.202163
	0.193555
	0.178153
	0.162395
	0.150794
	0.137525
	0.121915
	0.108965
	0.095451
	0.084425
	0.068863
	0.058686
	0.046474
	0.044225
	0.045259
	0.046804
	0.046693
	0.043121
	0.040195
	0.042675
	0.044116
	0.045183
	0.042916
	0.044915
	0.044619
	0.046829
	0.052346
	0.048291
	0.052895
	0.057419
	0.056469
	0.058069
	0.062405
	0.068744
	0.074945
	0.081119
	0.082500
	0.083314
	0.083315
	0.085065
	0.086419
	0.086215
	0.085711
	0.083513
	0.080313
	0.070134
	0.060805
	0.058825
	0.061665
	0.064065
	0.060233
	0.059265
	0.060669
	0.062045
	0.072234
	0.084134
	0.087725
	0.088415
	0.083166
	0.075226
	0.074155
	0.067743
	0.065169
	0.065463
	0.066873
	0.071953
	0.076961
	0.077650
	0.080043
	0.084945
	0.083775
	0.084399
	0.083783
	0.082635
	0.083423
	0.088965
	0.094164
	0.101521
	0.110271
	0.113219
	0.112533
	0.108826
	0.099600
	0.094905
	0.093569
	0.092625
	0.092936
	0.079975
	0.074696
	0.066625
	0.059085
	0.048400
	0.052419
	0.047663
	0.036163
	0.032019
	0.033929
	0.037939
	0.042071
	0.049931
	0.051965
	0.053529
	0.050519
	0.048523
	0.047471
	0.040154
	0.039309
	0.043311
	0.045444
	0.049600
	0.053741
	0.057603
	0.066471
	0.071424
	0.075905
	0.073655
	0.068314
	0.060800
	0.049605
	0.044621
	0.046865
	0.051423
	0.051814
	0.050855
	0.047741
	0.053753
	0.056269
	0.060506
	0.059965
	0.060819
	0.061403
	0.059344
	0.064589
	0.070150
	0.068915
	0.065375
	0.064805
	0.054903
	0.051535
	0.051619
	0.043250
	0.045154
	0.045943
	0.049035
	0.052141
	0.055673
	0.059036
	0.064424
	0.065776
	0.059723
	0.060425
	0.064345
	0.061521
	0.067426
	0.067966
	0.068089
	0.066553
	0.069075
	0.069716
	0.070089
	0.067561
	0.066879
	0.057564
	0.052219
	0.059119
	0.061939
	0.066333
	0.072474
	0.078071
	0.085986
	0.090605
	0.091135
	0.091869
	0.092839
	0.090500
	0.088445
	0.081719
	0.076203
	0.077545
	0.082646
	0.086573
	0.084175
	0.085241
	0.085669
	0.085966
	0.080525
	0.072001
	0.073261
	0.069375
	0.066203
	0.066205
	0.070326
	0.063403
	0.055363
	0.057483
	0.056973
