	0.146815
	0.183761
	0.200625
	0.204849
	0.198450
	0.188153
	0.174050
	0.163650
	0.151154
	0.146303
	0.141513
	0.137950
	0.138955
	0.132726
	0.127673
	0.127035
	0.124451
	0.119650
	0.121133
	0.119569
	0.117446
	0.113819
	0.110581
	0.100893
	0.095491
	0.086794
	0.076765
	0.068175
	0.059565
	0.055000
	0.052850
	0.053905
	0.051625
	0.052425
	0.051263
	0.058385
	0.065400
	0.068745
	0.069145
	0.068825
	0.068006
	0.061951
	0.066039
	0.066744
	0.068575
	0.062785
	0.052599
	0.048106
	0.052313
	0.049269
	0.045815
	0.049119
	0.049346
	0.052501
	0.055683
	0.060776
	0.066725
	0.074869
	0.079550
	0.078675
	0.077199
	0.075499
	0.083315
	0.083675
	0.080531
	0.084043
	0.082624
	0.073825
	0.069406
	0.065529
	0.064331
	0.062315
	0.059063
	0.066031
	0.070443
	0.070835
	0.069669
	0.071776
	0.071366
	0.068369
	0.067783
	0.059375
	0.053886
	0.052885
	0.053575
	0.057034
	0.058446
	0.058333
	0.054669
	0.056036
	0.056863
	0.063550
	0.065283
	0.071709
	0.072226
	0.070993
	0.064925
	0.058400
	0.050569
	0.049439
	0.051383
	0.051850
	0.050929
	0.051515
	0.050469
	0.052369
	0.054655
	0.052605
	0.051369
	0.052573
	0.054586
	0.052605
	0.049919
	0.049229
	0.053363
	0.058745
	0.059625
	0.060941
	0.065215
	0.063275
	0.060333
	0.058375
	0.055286
	0.049653
	0.051753
	0.051995
	0.049524
	0.047525
	0.044913
	0.043219
	0.045944
	0.050701
	0.053986
	0.056599
	0.055414
	0.057046
	0.057705
	0.061134
	0.054665
	0.048503
	0.048135
	0.052834
	0.058293
	0.063454
	0.068461
	0.067085
	0.059155
	0.060841
	0.061864
	0.064763
	0.058454
	0.052889
	0.052439
	0.046324
	0.052079
	0.057869
	0.059675
	0.066169
	0.070024
	0.077154
	0.082684
	0.088119
	0.087606
	0.087011
	0.083315
	0.084306
	0.085689
	0.088673
	0.086175
	0.081203
	0.086275
	0.092919
	0.096861
	0.099726
	0.095153
	0.096105
	0.096989
	0.097143
	0.096406
	0.094213
	0.089453
	0.076269
	0.063525
	0.058465
	0.054135
	0.047383
	0.048469
	0.046433
	0.045559
	0.045255
	0.053013
	0.059875
	0.066654
	0.069243
	0.074055
	0.074914
	0.079675
	0.076750
	0.081091
	0.084283
