	0.185000
	0.266000
	0.342000
	0.405000
	0.454000
	0.482000
	0.500500
	0.508000
	0.518500
	0.531500
	0.552500
	0.564500
	0.590000
	0.599000
	0.633500
	0.645500
	0.656000
	0.662000
	0.664500
	0.663500
	0.649500
	0.645000
	0.645000
	0.644000
	0.633500
	0.633500
	0.629500
	0.614500
	0.613500
	0.616000
	0.615500
	0.620000
	0.620500
	0.631500
	0.646000
	0.652500
	0.651500
	0.654000
	0.661000
	0.656500
	0.659000
	0.664500
	0.678000
	0.693000
	0.703000
	0.696500
	0.688000
	0.669500
	0.660500
	0.679500
	0.692500
	0.700500
	0.699500
	0.696000
	0.693000
	0.688000
	0.690500
	0.687000
	0.679000
	0.677500
	0.673500
	0.682500
	0.685000
	0.687500
	0.706000
	0.702500
	0.700000
	0.692000
	0.694000
	0.701500
	0.699000
	0.695000
	0.688500
	0.673500
	0.668500
	0.668500
	0.669500
	0.677000
	0.677500
	0.677000
	0.662500
	0.659500
	0.663000
	0.664500
	0.669500
	0.670000
	0.666000
	0.665000
	0.673000
	0.683500
	0.695000
	0.688500
	0.680500
	0.676500
	0.662500
	0.660000
	0.656500
	0.648000
	0.645500
	0.655000
	0.645500
	0.655500
	0.651000
	0.667500
	0.671500
	0.674500
	0.685000
	0.681000
	0.688500
	0.695500
	0.701000
	0.704000
	0.712500
	0.719000
	0.711500
	0.714500
	0.715000
	0.718000
	0.718000
	0.712000
	0.702500
	0.689500
	0.684500
	0.683500
	0.678500
	0.682500
	0.686500
	0.680500
	0.668500
	0.672000
	0.691500
	0.707000
	0.707500
	0.707500
	0.701000
	0.704500
	0.693500
	0.690000
	0.694500
	0.704000
	0.707500
	0.710000
	0.712000
	0.696500
	0.678000
	0.672000
	0.675500
	0.668500
	0.672500
	0.682000
	0.691500
	0.690000
	0.681500
	0.678500
	0.686500
	0.690000
	0.684500
	0.689000
	0.698000
	0.697500
	0.696500
	0.709500
	0.698000
	0.693000
	0.695500
	0.699500
	0.715500
	0.718500
	0.721500
	0.724000
	0.719500
	0.708500
	0.701000
	0.687500
	0.682000
	0.677500
	0.675000
	0.672500
	0.673000
	0.677500
	0.672000
	0.671000
	0.664500
	0.652000
	0.650500
	0.658000
	0.667000
	0.677500
	0.687500
	0.679500
	0.681500
	0.681000
	0.681500
	0.691000
	0.699500
	0.705000
	0.706000
	0.710000
	0.698000
	0.693000
