	0.185000
	0.275000
	0.333500
	0.388000
	0.438500
	0.453000
	0.478500
	0.485500
	0.503000
	0.517000
	0.529500
	0.546000
	0.562000
	0.579000
	0.601000
	0.622000
	0.632500
	0.648500
	0.660000
	0.650000
	0.654500
	0.657500
	0.676500
	0.687500
	0.690000
	0.686000
	0.690000
	0.708500
	0.715000
	0.714500
	0.708000
	0.708000
	0.714000
	0.714000
	0.703000
	0.696500
	0.685500
	0.683500
	0.672500
	0.676000
	0.666500
	0.662500
	0.663500
	0.663000
	0.679000
	0.681500
	0.686000
	0.696500
	0.706500
	0.702000
	0.694500
	0.689500
	0.686500
	0.681000
	0.676500
	0.676500
	0.682500
	0.684000
	0.674500
	0.658000
	0.643000
	0.634500
	0.623000
	0.624500
	0.623000
	0.625500
	0.638500
	0.647000
	0.665500
	0.682500
	0.679000
	0.679500
	0.681500
	0.686000
	0.683000
	0.675000
	0.682000
	0.674000
	0.669500
	0.679000
	0.691500
	0.712500
	0.704000
	0.704500
	0.704000
	0.706500
	0.707500
	0.704000
	0.711000
	0.702500
	0.689000
	0.675500
	0.661000
	0.655000
	0.653000
	0.658000
	0.652000
	0.664000
	0.672500
	0.685000
	0.703000
	0.698500
	0.695000
	0.700000
	0.698000
	0.701000
	0.701500
	0.701500
	0.702000
	0.695500
	0.704500
	0.701000
	0.698500
	0.701000
	0.700000
	0.694000
	0.688500
	0.678000
	0.663000
	0.645000
	0.642000
	0.658500
	0.654500
	0.654000
	0.660000
	0.652000
	0.648500
	0.644500
	0.643000
	0.647500
	0.653000
	0.653500
	0.649000
	0.650500
	0.656000
	0.663500
	0.678000
	0.685500
	0.694500
	0.689000
	0.693000
	0.676500
	0.688500
	0.697500
	0.699500
	0.696500
	0.705500
	0.705000
	0.705500
	0.702000
	0.690000
	0.681000
	0.675000
	0.674000
	0.680500
	0.697000
	0.700000
	0.699500
	0.712500
	0.712500
	0.708500
	0.694000
	0.684000
	0.680500
	0.658500
	0.653500
	0.656000
	0.672500
	0.693000
	0.706000
	0.697000
	0.697000
	0.694000
	0.699500
	0.699500
	0.706500
	0.687000
	0.674000
	0.665000
	0.661500
	0.662500
	0.664000
	0.661500
	0.658000
	0.665500
	0.670000
	0.673000
	0.674000
	0.674500
	0.672500
	0.670000
	0.678500
	0.697500
	0.690000
	0.695000
	0.692000
	0.692500
	0.677500
	0.684000
	0.696500
