	0.152225
	0.188744
	0.203635
	0.201093
	0.197893
	0.191859
	0.185501
	0.177413
	0.171215
	0.171194
	0.170894
	0.169683
	0.167759
	0.162983
	0.160263
	0.157950
	0.156409
	0.154553
	0.147464
	0.144654
	0.130849
	0.124556
	0.118675
	0.108185
	0.099606
	0.091483
	0.083181
	0.067850
	0.053804
	0.051869
	0.052913
	0.051719
	0.053919
	0.056843
	0.050055
	0.053403
	0.057683
	0.063575
	0.064724
	0.069583
	0.076349
	0.077636
	0.086069
	0.090613
	0.093744
	0.092873
	0.090344
	0.087700
	0.089494
	0.092251
	0.092814
	0.084123
	0.076169
	0.075343
	0.072951
	0.069019
	0.063673
	0.058105
	0.053533
	0.056919
	0.056913
	0.054996
	0.055601
	0.059853
	0.062676
	0.066166
	0.071921
	0.066774
	0.065473
	0.062503
	0.063115
	0.071819
	0.082643
	0.085401
	0.092236
	0.093845
	0.097469
	0.105924
	0.098543
	0.099919
	0.101500
	0.101874
	0.102195
	0.099954
	0.089219
	0.091923
	0.090895
	0.085319
	0.083601
	0.078013
	0.077243
	0.076303
	0.071675
	0.072611
	0.076303
	0.078475
	0.079619
	0.068016
	0.068524
	0.072485
	0.077250
	0.082864
	0.084743
	0.082600
	0.083029
	0.085111
	0.085915
	0.087995
	0.090815
	0.092534
	0.089745
	0.085851
	0.088205
	0.092775
	0.093353
	0.089575
	0.091219
	0.091284
	0.084686
	0.077835
	0.074869
	0.069393
	0.065003
	0.068714
	0.071769
	0.074250
	0.083273
	0.090219
	0.097701
	0.102015
	0.101313
	0.097363
	0.088969
	0.081471
	0.068413
	0.059369
	0.061935
	0.065033
	0.071676
	0.075669
	0.078503
	0.077165
	0.076495
	0.061379
	0.061219
	0.052653
	0.043433
	0.042965
	0.043750
	0.047395
	0.053745
	0.060043
	0.064815
	0.062175
	0.055764
	0.057884
	0.062275
	0.065305
	0.066916
	0.070316
	0.074573
	0.079985
	0.085719
	0.081369
	0.080019
	0.081593
	0.083019
	0.082963
	0.082146
	0.082025
	0.083463
	0.087625
	0.088651
	0.085375
	0.080553
	0.087384
	0.095743
	0.101035
	0.103271
	0.099661
	0.092995
	0.092895
	0.092425
	0.097425
	0.096399
	0.095705
	0.091579
	0.083569
	0.081003
	0.082929
	0.079686
	0.081673
	0.085743
	0.092159
	0.094905
	0.092345
	0.087811
	0.087369
	0.084804
	0.086435
