	0.140425
	0.183103
	0.200625
	0.205303
	0.201625
	0.193045
	0.187279
	0.178613
	0.170269
	0.161833
	0.153855
	0.147143
	0.135521
	0.124015
	0.116625
	0.108919
	0.096869
	0.091486
	0.087151
	0.081973
	0.076631
	0.065245
	0.053176
	0.040066
	0.046051
	0.049773
	0.055385
	0.062553
	0.065675
	0.066559
	0.069766
	0.072819
	0.065541
	0.063049
	0.059499
	0.051450
	0.057049
	0.058814
	0.060885
	0.064019
	0.064369
	0.067925
	0.073919
	0.078429
	0.082783
	0.085419
	0.085493
	0.075313
	0.067581
	0.062751
	0.057849
	0.056564
	0.053891
	0.057106
	0.063271
	0.071704
	0.079164
	0.083045
	0.080281
	0.076189
	0.079901
	0.086563
	0.086623
	0.085813
	0.083841
	0.086869
	0.084779
	0.085683
	0.090534
	0.091173
	0.087786
	0.089135
	0.087169
	0.083300
	0.082769
	0.078864
	0.080296
	0.079955
	0.075759
	0.069375
	0.062425
	0.062334
	0.058475
	0.055646
	0.053400
	0.050363
	0.047573
	0.046599
	0.048299
	0.047569
	0.050163
	0.056019
	0.059103
	0.059014
	0.065924
	0.070809
	0.071573
	0.072861
	0.072994
	0.080019
	0.081369
	0.087793
	0.090369
	0.094011
	0.096924
	0.097669
	0.090893
	0.082569
	0.083165
	0.080100
	0.078625
	0.073269
	0.068285
	0.063699
	0.058054
	0.054156
	0.057451
	0.053829
	0.052765
	0.055325
	0.056034
	0.061643
	0.068894
	0.074973
	0.077205
	0.079133
	0.078115
	0.073050
	0.069315
	0.063763
	0.058383
	0.053469
	0.057775
	0.060185
	0.061419
	0.064769
	0.066115
	0.063075
	0.064686
	0.065253
	0.065995
	0.063944
	0.061129
	0.061793
	0.061256
	0.056605
	0.059850
	0.062444
	0.065824
	0.065724
	0.065073
	0.069186
	0.067515
	0.069139
	0.073065
	0.075915
	0.076389
	0.073725
	0.075366
	0.080509
	0.085881
	0.085825
	0.081074
	0.069413
	0.056035
	0.054486
	0.060214
	0.065335
	0.070059
	0.074724
	0.076609
	0.076124
	0.076811
	0.072141
	0.067275
	0.071856
	0.069779
	0.070289
	0.064725
	0.067026
	0.070409
	0.066826
	0.064793
	0.065985
	0.068919
	0.065655
	0.067793
	0.068826
	0.067895
	0.070859
	0.076500
	0.081505
	0.082655
	0.082233
	0.083575
	0.088715
	0.087561
	0.092025
	0.094913
	0.095245
