	0.194000
	0.273500
	0.331000
	0.372000
	0.400500
	0.417000
	0.434500
	0.450500
	0.473000
	0.481000
	0.491000
	0.513500
	0.535500
	0.561500
	0.585000
	0.605500
	0.612500
	0.622000
	0.639500
	0.658500
	0.657500
	0.673500
	0.683500
	0.685000
	0.677500
	0.679500
	0.681500
	0.678000
	0.675500
	0.672000
	0.675500
	0.670500
	0.668000
	0.678500
	0.686000
	0.687500
	0.681500
	0.674500
	0.665500
	0.670000
	0.676500
	0.679000
	0.684500
	0.680000
	0.677000
	0.679500
	0.689000
	0.696500
	0.687000
	0.683000
	0.673500
	0.673500
	0.670500
	0.671000
	0.664000
	0.658500
	0.660000
	0.657500
	0.659500
	0.673000
	0.669000
	0.669500
	0.680000
	0.696500
	0.707500
	0.717000
	0.717000
	0.711500
	0.715000
	0.718500
	0.720000
	0.718500
	0.715000
	0.707500
	0.712000
	0.715500
	0.710500
	0.715000
	0.714000
	0.712000
	0.715500
	0.709000
	0.710000
	0.706000
	0.702000
	0.714500
	0.701000
	0.697500
	0.687000
	0.695500
	0.686000
	0.680500
	0.679000
	0.676000
	0.688000
	0.682500
	0.682000
	0.682000
	0.679500
	0.669500
	0.663500
	0.670000
	0.674000
	0.687000
	0.693500
	0.684000
	0.672500
	0.662500
	0.661500
	0.664500
	0.670000
	0.672000
	0.679500
	0.684500
	0.680000
	0.680500
	0.679500
	0.684000
	0.688500
	0.694500
	0.706500
	0.711000
	0.720500
	0.711000
	0.708500
	0.695500
	0.696000
	0.693500
	0.699500
	0.695500
	0.673500
	0.659000
	0.648500
	0.649500
	0.641500
	0.641500
	0.641500
	0.649500
	0.668000
	0.683000
	0.693000
	0.695500
	0.689000
	0.688000
	0.691000
	0.688000
	0.697500
	0.690000
	0.681000
	0.681500
	0.688500
	0.688000
	0.684500
	0.682500
	0.682500
	0.678000
	0.676500
	0.671500
	0.676000
	0.668000
	0.672000
	0.678000
	0.677000
	0.681500
	0.669000
	0.654500
	0.645500
	0.640500
	0.634000
	0.637000
	0.639000
	0.633500
	0.641000
	0.643000
	0.648000
	0.652000
	0.655000
	0.663000
	0.664500
	0.658500
	0.656000
	0.656500
	0.642500
	0.646500
	0.660000
	0.672000
	0.678000
	0.675500
	0.687500
	0.686500
	0.674000
	0.659500
	0.651500
	0.659500
	0.675000
	0.682000
	0.696000
	0.701500
	0.700500
	0.700500
