	0.141224
	0.183761
	0.202614
	0.204373
	0.199236
	0.189553
	0.173455
	0.158575
	0.151593
	0.146363
	0.139779
	0.134399
	0.131445
	0.123469
	0.113206
	0.106771
	0.099303
	0.088333
	0.078405
	0.075176
	0.074261
	0.070174
	0.067825
	0.063066
	0.061769
	0.065719
	0.066421
	0.071069
	0.073961
	0.071500
	0.061769
	0.060775
	0.063013
	0.062333
	0.056413
	0.056773
	0.055383
	0.050819
	0.053225
	0.055119
	0.058493
	0.061459
	0.062363
	0.068306
	0.074105
	0.078125
	0.083783
	0.088644
	0.095821
	0.098875
	0.098475
	0.092413
	0.088499
	0.086225
	0.078076
	0.073074
	0.068923
	0.071469
	0.073726
	0.074521
	0.074554
	0.067346
	0.063600
	0.059446
	0.063165
	0.067473
	0.064926
	0.062803
	0.066613
	0.066971
	0.068800
	0.068469
	0.066025
	0.058700
	0.056915
	0.052396
	0.056953
	0.060456
	0.064475
	0.068203
	0.070499
	0.070600
	0.071479
	0.074635
	0.071505
	0.070519
	0.066025
	0.063596
	0.061683
	0.059919
	0.058225
	0.059225
	0.055905
	0.045963
	0.045744
	0.049969
	0.053425
	0.060381
	0.065889
	0.070925
	0.073374
	0.081503
	0.082313
	0.074300
	0.067941
	0.058950
	0.052885
	0.049836
	0.055800
	0.057969
	0.056834
	0.053555
	0.055591
	0.053814
	0.055405
	0.056019
	0.060875
	0.063541
	0.059255
	0.056519
	0.052304
	0.054041
	0.059750
	0.064169
	0.071765
	0.081173
	0.085879
	0.080985
	0.080106
	0.084229
	0.087251
	0.090069
	0.088215
	0.086803
	0.089965
	0.090781
	0.092556
	0.099025
	0.102699
	0.100319
	0.097183
	0.092793
	0.086113
	0.083174
	0.072861
	0.069643
	0.069185
	0.065569
	0.065635
	0.065501
	0.068769
	0.073519
	0.069583
	0.066003
	0.064964
	0.063034
	0.059955
	0.060125
	0.062800
	0.065231
	0.057805
	0.058195
	0.060034
	0.062433
	0.063919
	0.065431
	0.072366
	0.077829
	0.081453
	0.080461
	0.080733
	0.078624
	0.075563
	0.078075
	0.079025
	0.077966
	0.080624
	0.071885
	0.056133
	0.050619
	0.051153
	0.057399
	0.050783
	0.044715
	0.048886
	0.045183
	0.040313
	0.038419
	0.038859
	0.041900
	0.045419
	0.054869
	0.063803
	0.071135
	0.079395
	0.080093
	0.087534
	0.081521
	0.076855
	0.075485
