	0.140425
	0.183103
	0.200625
	0.205686
	0.197719
	0.183285
	0.169103
	0.158333
	0.151519
	0.141383
	0.132413
	0.127861
	0.124651
	0.124196
	0.122899
	0.121750
	0.120383
	0.114203
	0.113581
	0.107386
	0.104075
	0.089255
	0.081966
	0.073845
	0.072864
	0.071519
	0.060251
	0.059055
	0.060375
	0.056664
	0.057063
	0.054935
	0.051681
	0.051050
	0.055141
	0.052191
	0.054469
	0.058336
	0.064354
	0.068569
	0.072139
	0.072819
	0.070254
	0.069353
	0.074875
	0.078261
	0.082996
	0.093553
	0.094119
	0.086219
	0.085824
	0.081353
	0.075964
	0.069923
	0.066133
	0.053450
	0.046459
	0.045081
	0.044311
	0.048065
	0.051350
	0.054783
	0.054545
	0.054234
	0.054663
	0.059663
	0.066419
	0.072263
	0.080844
	0.091025
	0.095321
	0.091819
	0.086084
	0.081201
	0.081963
	0.077219
	0.074085
	0.077456
	0.074185
	0.070463
	0.073683
	0.073666
	0.069666
	0.065503
	0.060851
	0.061519
	0.060465
	0.062209
	0.066339
	0.071800
	0.074505
	0.075973
	0.076805
	0.080743
	0.083056
	0.082234
	0.077219
	0.076519
	0.076300
	0.069305
	0.060436
	0.050109
	0.051994
	0.055869
	0.054403
	0.057169
	0.063475
	0.068569
	0.073245
	0.076673
	0.079169
	0.081831
	0.081095
	0.080916
	0.082973
	0.086124
	0.088103
	0.087150
	0.081963
	0.075939
	0.069615
	0.067950
	0.060341
	0.060273
	0.064769
	0.061783
	0.068789
	0.073519
	0.074204
	0.068323
	0.071050
	0.073911
	0.072183
	0.072303
	0.073529
	0.077884
	0.071783
	0.074150
	0.077595
	0.080434
	0.077069
	0.080000
	0.084413
	0.087449
	0.083856
	0.085169
	0.081475
	0.076609
	0.069481
	0.062715
	0.067869
	0.069616
	0.070724
	0.080004
	0.079975
	0.083679
	0.082043
	0.077311
	0.074413
	0.069865
	0.067873
	0.058393
	0.050931
	0.046053
	0.043995
	0.040569
	0.041566
	0.046025
	0.049543
	0.052400
	0.054369
	0.056433
	0.057364
	0.058300
	0.059675
	0.051626
	0.049309
	0.044424
	0.045559
	0.046795
	0.048883
	0.050504
	0.049054
	0.047303
	0.053200
	0.061655
	0.070929
	0.079191
	0.088019
	0.092646
	0.090504
	0.083916
	0.074543
	0.065446
	0.057143
	0.050611
	0.045716
	0.041619
	0.041875
	0.045150
