	0.176000
	0.267000
	0.344500
	0.408500
	0.445000
	0.477500
	0.491500
	0.502500
	0.510000
	0.520000
	0.531500
	0.542000
	0.545000
	0.547000
	0.557500
	0.576000
	0.595500
	0.608000
	0.614500
	0.626500
	0.627000
	0.651000
	0.659000
	0.666000
	0.663000
	0.661000
	0.674000
	0.678000
	0.694500
	0.697500
	0.699500
	0.714000
	0.728000
	0.721500
	0.717500
	0.707000
	0.705500
	0.705000
	0.694000
	0.698500
	0.700500
	0.691000
	0.675000
	0.675500
	0.690000
	0.682500
	0.672500
	0.662500
	0.661500
	0.660000
	0.660000
	0.667500
	0.678000
	0.677500
	0.666000
	0.659500
	0.660500
	0.670000
	0.682000
	0.678000
	0.673000
	0.680500
	0.677500
	0.673500
	0.675500
	0.687000
	0.701000
	0.711000
	0.716000
	0.718500
	0.699500
	0.698500
	0.688500
	0.685500
	0.680000
	0.683000
	0.690000
	0.698000
	0.703500
	0.702000
	0.694000
	0.691500
	0.689500
	0.699500
	0.692000
	0.688000
	0.684500
	0.683000
	0.691500
	0.689500
	0.687000
	0.693500
	0.702000
	0.700000
	0.697500
	0.695000
	0.692500
	0.693500
	0.688500
	0.692000
	0.693500
	0.694000
	0.687000
	0.690000
	0.682500
	0.682500
	0.694500
	0.705000
	0.691000
	0.697000
	0.696000
	0.705000
	0.711000
	0.714500
	0.710000
	0.702500
	0.706500
	0.702000
	0.696500
	0.695000
	0.691500
	0.690500
	0.680000
	0.677500
	0.671000
	0.672000
	0.676500
	0.675500
	0.670000
	0.653000
	0.651000
	0.646500
	0.653000
	0.654000
	0.652000
	0.662500
	0.671000
	0.688000
	0.682000
	0.686000
	0.683500
	0.684500
	0.681000
	0.666500
	0.661500
	0.655500
	0.653000
	0.652000
	0.660000
	0.672000
	0.676500
	0.688000
	0.702000
	0.683500
	0.676000
	0.659500
	0.647000
	0.638500
	0.637000
	0.641000
	0.642000
	0.641500
	0.641000
	0.637500
	0.638000
	0.653000
	0.665000
	0.672500
	0.674500
	0.674500
	0.682500
	0.692500
	0.691000
	0.697500
	0.694500
	0.698500
	0.712500
	0.715500
	0.727000
	0.722500
	0.710500
	0.708500
	0.703500
	0.714000
	0.719500
	0.732000
	0.736000
	0.743500
	0.744000
	0.742000
	0.726500
	0.715000
	0.714000
	0.719000
	0.715000
	0.708500
	0.699000
	0.688000
	0.682500
	0.678500
