	0.175500
	0.257500
	0.335000
	0.390000
	0.432500
	0.472500
	0.498000
	0.520500
	0.524000
	0.521500
	0.513500
	0.523000
	0.538000
	0.553000
	0.583000
	0.602500
	0.614500
	0.631000
	0.633000
	0.639000
	0.637500
	0.637000
	0.633500
	0.629500
	0.629000
	0.622000
	0.629500
	0.635500
	0.647000
	0.657500
	0.664500
	0.670500
	0.658000
	0.656000
	0.654500
	0.669000
	0.663500
	0.678000
	0.691500
	0.694500
	0.693000
	0.696000
	0.684500
	0.684000
	0.692500
	0.694500
	0.690000
	0.691500
	0.685500
	0.677000
	0.659000
	0.658500
	0.649000
	0.649500
	0.670000
	0.675000
	0.669000
	0.667500
	0.650000
	0.640500
	0.633500
	0.622500
	0.620500
	0.619500
	0.628500
	0.631000
	0.630500
	0.625000
	0.620000
	0.628000
	0.646000
	0.656500
	0.669000
	0.668500
	0.675500
	0.681000
	0.669500
	0.659500
	0.650500
	0.644500
	0.641000
	0.630500
	0.629000
	0.625500
	0.622000
	0.625000
	0.629000
	0.642000
	0.653000
	0.650000
	0.650500
	0.656500
	0.660000
	0.667000
	0.680000
	0.681500
	0.696500
	0.690500
	0.680000
	0.679000
	0.673000
	0.660000
	0.659500
	0.661000
	0.658000
	0.638000
	0.622500
	0.622500
	0.624000
	0.610500
	0.610500
	0.618500
	0.639000
	0.656000
	0.661500
	0.673000
	0.681500
	0.681000
	0.674000
	0.683000
	0.680500
	0.672500
	0.671500
	0.651500
	0.646000
	0.632000
	0.631000
	0.634000
	0.644000
	0.658500
	0.659000
	0.680500
	0.688500
	0.694000
	0.690000
	0.688500
	0.676500
	0.662000
	0.646500
	0.628500
	0.627000
	0.635500
	0.636500
	0.644000
	0.657500
	0.660500
	0.666000
	0.660500
	0.663000
	0.668500
	0.662000
	0.646000
	0.629500
	0.617500
	0.618000
	0.618000
	0.622000
	0.629500
	0.629000
	0.633500
	0.635000
	0.648500
	0.663500
	0.677000
	0.681000
	0.678000
	0.679000
	0.687000
	0.683000
	0.678000
	0.672000
	0.667500
	0.658000
	0.648000
	0.649500
	0.646000
	0.671000
	0.676500
	0.668500
	0.666000
	0.656500
	0.648500
	0.650000
	0.658000
	0.660000
	0.662500
	0.662000
	0.670500
	0.668000
	0.655000
	0.647500
	0.651500
	0.655500
	0.661000
	0.674500
	0.680500
	0.678500
	0.675500
	0.660000
	0.648500
