	0.185500
	0.267000
	0.335500
	0.382500
	0.404500
	0.422500
	0.442000
	0.471500
	0.506000
	0.545500
	0.579500
	0.618500
	0.653500
	0.685500
	0.707000
	0.700000
	0.677000
	0.662500
	0.670500
	0.672000
	0.660500
	0.655000
	0.664000
	0.666000
	0.671000
	0.672000
	0.667500
	0.675500
	0.675000
	0.677000
	0.673000
	0.665500
	0.654500
	0.654000
	0.648000
	0.655000
	0.671000
	0.675500
	0.663500
	0.648000
	0.649500
	0.647000
	0.649000
	0.646500
	0.639000
	0.646000
	0.650500
	0.661500
	0.665000
	0.653000
	0.642500
	0.630000
	0.640500
	0.645500
	0.663500
	0.666000
	0.672500
	0.677500
	0.678000
	0.665000
	0.661000
	0.651000
	0.638500
	0.628000
	0.630000
	0.621000
	0.626000
	0.639000
	0.648500
	0.652000
	0.661500
	0.665000
	0.669000
	0.671500
	0.676500
	0.683000
	0.688500
	0.690000
	0.681000
	0.665000
	0.662500
	0.650000
	0.642500
	0.637000
	0.635500
	0.634500
	0.633500
	0.639000
	0.656500
	0.674500
	0.694000
	0.708000
	0.706500
	0.700500
	0.705000
	0.704500
	0.697000
	0.698500
	0.715500
	0.721000
	0.715500
	0.713000
	0.716500
	0.706500
	0.702000
	0.690000
	0.675000
	0.669500
	0.666500
	0.659500
	0.657000
	0.666000
	0.664500
	0.662000
	0.659000
	0.662000
	0.658500
	0.646500
	0.639500
	0.637000
	0.639500
	0.648500
	0.640500
	0.637500
	0.650000
	0.662000
	0.677500
	0.695500
	0.710000
	0.698500
	0.695000
	0.698000
	0.695000
	0.678500
	0.662000
	0.653500
	0.652500
	0.654000
	0.663500
	0.676500
	0.662500
	0.654000
	0.646500
	0.651000
	0.645500
	0.653500
	0.660000
	0.668500
	0.663000
	0.658000
	0.650500
	0.648500
	0.656000
	0.666000
	0.672000
	0.672000
	0.673000
	0.674000
	0.681500
	0.699000
	0.692500
	0.700000
	0.701500
	0.708000
	0.715000
	0.719000
	0.720500
	0.712000
	0.702500
	0.697000
	0.700000
	0.683000
	0.665500
	0.656000
	0.651000
	0.645500
	0.646500
	0.655000
	0.671500
	0.682000
	0.702000
	0.702500
	0.685000
	0.671500
	0.673500
	0.670000
	0.668500
	0.669000
	0.668500
	0.666500
	0.680500
	0.682000
	0.684000
	0.686000
	0.671000
	0.671500
	0.670000
	0.661500
	0.655000
	0.650500
