	0.134694
	0.178533
	0.199353
	0.204746
	0.201023
	0.190625
	0.171800
	0.165045
	0.155751
	0.147685
	0.139284
	0.132475
	0.123039
	0.115769
	0.110495
	0.104054
	0.100500
	0.098631
	0.097025
	0.095039
	0.095619
	0.097019
	0.086319
	0.081055
	0.088075
	0.088025
	0.091353
	0.094339
	0.088544
	0.089239
	0.091225
	0.096053
	0.095975
	0.086564
	0.082796
	0.085069
	0.084725
	0.081525
	0.080949
	0.078446
	0.081069
	0.080229
	0.081326
	0.086100
	0.090519
	0.092283
	0.090875
	0.086669
	0.079609
	0.077176
	0.076669
	0.068855
	0.066475
	0.061766
	0.062671
	0.069379
	0.077364
	0.082943
	0.087924
	0.092363
	0.085781
	0.083101
	0.083646
	0.078775
	0.077894
	0.081863
	0.084546
	0.085096
	0.080086
	0.080525
	0.081869
	0.083569
	0.077949
	0.073296
	0.062304
	0.069813
	0.069106
	0.075019
	0.070163
	0.075203
	0.081525
	0.080875
	0.079673
	0.078446
	0.073964
	0.072925
	0.078829
	0.079856
	0.083719
	0.089469
	0.095825
	0.096273
	0.096900
	0.099109
	0.101194
	0.104511
	0.101573
	0.100869
	0.108419
	0.106525
	0.107069
	0.105369
	0.096806
	0.087550
	0.084304
	0.082069
	0.076289
	0.072726
	0.065535
	0.057819
	0.060469
	0.067975
	0.069075
	0.070019
	0.076776
	0.083664
	0.087299
	0.085213
	0.079493
	0.075853
	0.065206
	0.051401
	0.055964
	0.057163
	0.056223
	0.054623
	0.057749
	0.063139
	0.066574
	0.072176
	0.073415
	0.074075
	0.069553
	0.063966
	0.057581
	0.056843
	0.062566
	0.071793
	0.075305
	0.072644
	0.073739
	0.074503
	0.068019
	0.066874
	0.070869
	0.078200
	0.085969
	0.089119
	0.091956
	0.091145
	0.092295
	0.093933
	0.090214
	0.084419
	0.083100
	0.076574
	0.067006
	0.071083
	0.067800
	0.058233
	0.053025
	0.052646
	0.055605
	0.052700
	0.055701
	0.058806
	0.062471
	0.063766
	0.069069
	0.076383
	0.082849
	0.087669
	0.096919
	0.098134
	0.097123
	0.100403
	0.102754
	0.104656
	0.103265
	0.102300
	0.099684
	0.097525
	0.096041
	0.095434
	0.092984
	0.092873
	0.094206
	0.091569
	0.087229
	0.084325
	0.080719
	0.075931
	0.079313
	0.079625
	0.084996
	0.086814
	0.092183
	0.100825
	0.096206
	0.089400
