	0.146025
	0.186325
	0.201551
	0.205253
	0.199901
	0.192483
	0.185425
	0.177600
	0.171183
	0.164474
	0.156406
	0.143476
	0.128863
	0.115954
	0.103409
	0.096503
	0.091803
	0.088325
	0.087033
	0.081423
	0.072943
	0.064749
	0.049345
	0.037215
	0.033164
	0.034656
	0.034069
	0.039003
	0.044623
	0.047950
	0.050215
	0.053293
	0.056286
	0.055393
	0.058925
	0.063369
	0.068031
	0.067793
	0.071189
	0.070471
	0.073000
	0.075271
	0.074769
	0.068393
	0.059425
	0.050839
	0.055305
	0.053236
	0.050685
	0.055725
	0.060769
	0.063924
	0.069225
	0.068675
	0.062016
	0.065221
	0.067105
	0.068845
	0.069105
	0.070624
	0.070105
	0.065619
	0.059253
	0.057304
	0.047033
	0.044466
	0.045575
	0.051269
	0.051753
	0.051769
	0.042623
	0.042300
	0.040855
	0.046683
	0.052886
	0.059289
	0.067085
	0.075103
	0.081595
	0.079559
	0.070165
	0.060395
	0.059003
	0.055811
	0.057319
	0.063525
	0.070483
	0.076050
	0.077044
	0.080624
	0.082263
	0.078516
	0.073723
	0.074916
	0.075269
	0.068313
	0.062479
	0.057719
	0.056496
	0.057163
	0.057819
	0.056999
	0.057934
	0.063093
	0.071219
	0.071871
	0.066865
	0.065869
	0.057456
	0.050213
	0.046425
	0.044316
	0.043763
	0.043739
	0.045859
	0.048689
	0.050981
	0.054445
	0.053435
	0.053313
	0.056475
	0.058936
	0.058729
	0.066303
	0.074976
	0.085663
	0.096643
	0.102369
	0.106403
	0.104905
	0.099905
	0.094141
	0.084019
	0.071425
	0.068121
	0.069931
	0.073425
	0.079653
	0.082554
	0.079169
	0.077666
	0.075273
	0.076426
	0.077533
	0.074424
	0.070633
	0.060356
	0.060215
	0.059519
	0.059496
	0.060969
	0.059395
	0.055235
	0.048483
	0.045774
	0.046045
	0.051865
	0.052679
	0.049394
	0.051250
	0.056799
	0.056969
	0.055641
	0.059834
	0.058755
	0.058784
	0.059750
	0.068459
	0.075715
	0.076556
	0.074136
	0.070365
	0.076145
	0.072426
	0.076144
	0.076425
	0.073919
	0.073223
	0.068473
	0.062150
	0.063905
	0.065054
	0.063003
	0.059773
	0.045816
	0.045983
	0.047981
	0.051749
	0.057943
	0.063426
	0.068923
	0.074100
	0.076769
	0.083723
	0.089519
	0.090503
	0.090701
	0.090599
	0.092586
	0.090805
