	0.195000
	0.276000
	0.343500
	0.365000
	0.403000
	0.447000
	0.456000
	0.482000
	0.516000
	0.542500
	0.550000
	0.565000
	0.578000
	0.591000
	0.607500
	0.620000
	0.631000
	0.633000
	0.639000
	0.659000
	0.661000
	0.665000
	0.655500
	0.654000
	0.639000
	0.637500
	0.645500
	0.652500
	0.662500
	0.684500
	0.694500
	0.679000
	0.672000
	0.665500
	0.662000
	0.665500
	0.673500
	0.669000
	0.672000
	0.684000
	0.693000
	0.688000
	0.675000
	0.659000
	0.645500
	0.639000
	0.633000
	0.621500
	0.613000
	0.618000
	0.623500
	0.621500
	0.632000
	0.645000
	0.662500
	0.672000
	0.676500
	0.670500
	0.675000
	0.683500
	0.690500
	0.680500
	0.673000
	0.654000
	0.646000
	0.642000
	0.643000
	0.641000
	0.642500
	0.648000
	0.661500
	0.659500
	0.662000
	0.672000
	0.694500
	0.700500
	0.707000
	0.704500
	0.705000
	0.697500
	0.691500
	0.693000
	0.675000
	0.670500
	0.681000
	0.691500
	0.705500
	0.724500
	0.742500
	0.729500
	0.734500
	0.741000
	0.737500
	0.738500
	0.737000
	0.729000
	0.733500
	0.724500
	0.723500
	0.714500
	0.707000
	0.705500
	0.697000
	0.690500
	0.691000
	0.713000
	0.718500
	0.701000
	0.697500
	0.688500
	0.689500
	0.682500
	0.682000
	0.680000
	0.686500
	0.692500
	0.697000
	0.704500
	0.698500
	0.693000
	0.696500
	0.703500
	0.702000
	0.705500
	0.717500
	0.713000
	0.705500
	0.684000
	0.664500
	0.650000
	0.640000
	0.639000
	0.640000
	0.652000
	0.654500
	0.657500
	0.666000
	0.672500
	0.669000
	0.674000
	0.688500
	0.689000
	0.685000
	0.680500
	0.674500
	0.677500
	0.671000
	0.648000
	0.637500
	0.629000
	0.618000
	0.622000
	0.639000
	0.652000
	0.663500
	0.667000
	0.667000
	0.659000
	0.673500
	0.705500
	0.720000
	0.720000
	0.725000
	0.715000
	0.702000
	0.692000
	0.682000
	0.674500
	0.679000
	0.686000
	0.690000
	0.691500
	0.695000
	0.686500
	0.693500
	0.684500
	0.681500
	0.684000
	0.685500
	0.683000
	0.696500
	0.708000
	0.702000
	0.702000
	0.709000
	0.720500
	0.725000
	0.723500
	0.723000
	0.708500
	0.699500
	0.698000
	0.709500
	0.707500
	0.712500
	0.704000
	0.689000
	0.676000
	0.662500
	0.660000
