	0.175500
	0.266000
	0.336000
	0.409000
	0.461000
	0.503500
	0.526000
	0.547500
	0.560500
	0.569000
	0.577500
	0.586500
	0.604000
	0.617000
	0.632500
	0.634500
	0.640000
	0.647500
	0.650000
	0.666000
	0.680500
	0.699500
	0.705500
	0.695000
	0.700000
	0.705500
	0.704500
	0.706500
	0.698500
	0.686500
	0.684000
	0.678500
	0.668500
	0.663000
	0.653000
	0.641500
	0.633500
	0.620500
	0.609500
	0.612000
	0.607000
	0.611500
	0.622500
	0.627000
	0.635000
	0.651000
	0.668500
	0.666500
	0.663500
	0.660000
	0.664500
	0.672500
	0.662500
	0.651500
	0.649500
	0.652000
	0.657000
	0.667000
	0.671000
	0.676500
	0.671000
	0.670000
	0.653500
	0.646000
	0.649000
	0.674500
	0.681000
	0.688500
	0.691500
	0.679000
	0.669500
	0.673000
	0.677000
	0.676500
	0.674500
	0.666000
	0.666000
	0.670500
	0.675500
	0.679000
	0.679500
	0.673000
	0.672500
	0.683500
	0.670000
	0.659000
	0.650000
	0.639000
	0.623500
	0.624000
	0.618500
	0.617500
	0.617000
	0.614000
	0.602500
	0.598500
	0.587500
	0.578000
	0.580000
	0.594000
	0.616000
	0.644500
	0.661500
	0.673500
	0.679500
	0.690000
	0.687500
	0.689500
	0.677500
	0.670500
	0.662000
	0.653500
	0.650500
	0.654000
	0.670000
	0.678500
	0.675000
	0.674000
	0.686500
	0.693500
	0.699000
	0.705000
	0.693500
	0.700000
	0.695000
	0.692000
	0.692500
	0.685500
	0.686500
	0.685500
	0.695500
	0.696000
	0.702000
	0.698500
	0.702500
	0.695000
	0.686500
	0.685000
	0.686000
	0.687000
	0.695000
	0.706000
	0.708500
	0.720500
	0.725000
	0.714500
	0.715500
	0.717000
	0.719500
	0.709000
	0.700500
	0.700500
	0.709000
	0.714000
	0.704000
	0.695500
	0.694500
	0.697000
	0.706500
	0.719000
	0.707500
	0.704000
	0.710500
	0.709000
	0.713500
	0.717500
	0.722500
	0.722500
	0.724000
	0.708000
	0.689500
	0.685000
	0.678500
	0.675000
	0.673000
	0.676500
	0.677000
	0.678000
	0.683000
	0.685500
	0.690500
	0.691000
	0.694500
	0.703500
	0.701000
	0.693500
	0.695500
	0.691500
	0.689000
	0.688500
	0.683000
	0.690000
	0.688000
	0.681000
	0.670500
	0.661000
	0.636500
	0.619000
	0.614000
	0.605500
