	0.152225
	0.190025
	0.203919
	0.206769
	0.196665
	0.184061
	0.173053
	0.162105
	0.149774
	0.137263
	0.120769
	0.103691
	0.082159
	0.065923
	0.054175
	0.041211
	0.038153
	0.042771
	0.049203
	0.055399
	0.060796
	0.066435
	0.065669
	0.063873
	0.060801
	0.059053
	0.061945
	0.056719
	0.055964
	0.058246
	0.057100
	0.058449
	0.059369
	0.068473
	0.068459
	0.068874
	0.067950
	0.066625
	0.066269
	0.064219
	0.064519
	0.064051
	0.065836
	0.064836
	0.064865
	0.065543
	0.065965
	0.068403
	0.068353
	0.063091
	0.058119
	0.058069
	0.054733
	0.057193
	0.063269
	0.068183
	0.072355
	0.073195
	0.073219
	0.071645
	0.064669
	0.063355
	0.063969
	0.063850
	0.060583
	0.058193
	0.055393
	0.044309
	0.038425
	0.037825
	0.040776
	0.045355
	0.052244
	0.054424
	0.064456
	0.071869
	0.078345
	0.082869
	0.084619
	0.084619
	0.078663
	0.066231
	0.057945
	0.067413
	0.074225
	0.082251
	0.088725
	0.094025
	0.096093
	0.099824
	0.104744
	0.111091
	0.112950
	0.112719
	0.098461
	0.090345
	0.080765
	0.079619
	0.065443
	0.069685
	0.076919
	0.081836
	0.085081
	0.081771
	0.078023
	0.069215
	0.066759
	0.065563
	0.060973
	0.061424
	0.061219
	0.062454
	0.061683
	0.060319
	0.056719
	0.060699
	0.061464
	0.066083
	0.067039
	0.069769
	0.070971
	0.070581
	0.066725
	0.058386
	0.051359
	0.051019
	0.051669
	0.055875
	0.057164
	0.056419
	0.053864
	0.051585
	0.051453
	0.046571
	0.039051
	0.037493
	0.037304
	0.037745
	0.042511
	0.048791
	0.056975
	0.064774
	0.070419
	0.074385
	0.074893
	0.074843
	0.075464
	0.078375
	0.076973
	0.077733
	0.081064
	0.081983
	0.081351
	0.078014
	0.079255
	0.082651
	0.079806
	0.076719
	0.076926
	0.078461
	0.077153
	0.066515
	0.058491
	0.055973
	0.059369
	0.061100
	0.064755
	0.063324
	0.067611
	0.071153
	0.067623
	0.071161
	0.068789
	0.071035
	0.075869
	0.079669
	0.081883
	0.083033
	0.085285
	0.084863
	0.082550
	0.080424
	0.073881
	0.074819
	0.074285
	0.069384
	0.069949
	0.064125
	0.063995
	0.065073
	0.064505
	0.064625
	0.061283
	0.066196
	0.071249
	0.071025
	0.075146
	0.066054
	0.046781
	0.042389
