	0.146075
	0.183103
	0.202299
	0.203566
	0.193600
	0.182100
	0.171319
	0.163453
	0.160403
	0.157773
	0.153304
	0.145775
	0.138909
	0.132443
	0.127075
	0.123000
	0.118034
	0.108111
	0.099795
	0.102274
	0.101119
	0.094699
	0.086161
	0.073050
	0.064719
	0.060050
	0.059334
	0.054949
	0.056014
	0.055753
	0.058135
	0.063100
	0.070456
	0.069726
	0.068313
	0.070433
	0.073575
	0.080275
	0.084543
	0.084931
	0.087244
	0.091009
	0.098595
	0.099191
	0.106819
	0.116050
	0.121375
	0.120993
	0.123329
	0.126986
	0.134063
	0.135150
	0.130343
	0.128855
	0.127746
	0.123083
	0.119619
	0.117719
	0.108731
	0.095086
	0.091219
	0.084011
	0.076771
	0.066889
	0.071016
	0.069316
	0.067066
	0.067866
	0.068816
	0.073663
	0.075274
	0.071543
	0.068115
	0.060856
	0.057814
	0.061303
	0.065823
	0.069175
	0.076649
	0.075606
	0.073303
	0.078269
	0.082723
	0.078899
	0.077775
	0.074935
	0.073606
	0.074994
	0.072294
	0.066669
	0.067900
	0.067995
	0.062969
	0.062893
	0.064335
	0.054884
	0.058085
	0.058769
	0.057833
	0.050350
	0.047595
	0.051203
	0.056845
	0.058453
	0.062566
	0.064645
	0.066911
	0.070304
	0.072094
	0.071485
	0.079369
	0.084545
	0.083751
	0.087229
	0.092269
	0.095805
	0.099804
	0.098966
	0.096100
	0.102785
	0.102755
	0.102973
	0.102155
	0.101200
	0.099936
	0.096096
	0.089475
	0.076063
	0.062255
	0.054019
	0.051563
	0.052835
	0.054875
	0.056526
	0.057995
	0.061309
	0.064255
	0.064661
	0.066681
	0.064403
	0.072266
	0.073871
	0.072119
	0.073774
	0.075405
	0.074113
	0.061781
	0.048334
	0.043569
	0.051513
	0.060204
	0.064165
	0.065093
	0.065309
	0.066576
	0.069493
	0.077513
	0.084609
	0.094715
	0.101969
	0.106924
	0.112203
	0.114676
	0.116655
	0.117624
	0.116645
	0.117205
	0.118025
	0.113936
	0.104965
	0.101059
	0.093619
	0.085300
	0.084991
	0.087069
	0.081841
	0.075450
	0.077653
	0.080426
	0.081375
	0.076189
	0.063519
	0.055899
	0.058969
	0.064111
	0.064133
	0.065905
	0.064974
	0.064216
	0.067969
	0.070179
	0.074445
	0.073035
	0.068809
	0.063103
	0.069021
	0.069505
	0.070111
	0.068843
	0.066769
