	0.146025
	0.179719
	0.201165
	0.206985
	0.200269
	0.190275
	0.180103
	0.172854
	0.167116
	0.161800
	0.154694
	0.150834
	0.140844
	0.133969
	0.127393
	0.125043
	0.124069
	0.122419
	0.123100
	0.119063
	0.113443
	0.106833
	0.103353
	0.101101
	0.097479
	0.097369
	0.096225
	0.094375
	0.093819
	0.086769
	0.090891
	0.092475
	0.092005
	0.092591
	0.091105
	0.089500
	0.085381
	0.079926
	0.080569
	0.085375
	0.084913
	0.082550
	0.077473
	0.076609
	0.075669
	0.074475
	0.074625
	0.076275
	0.074850
	0.075683
	0.074356
	0.075781
	0.073963
	0.070073
	0.057153
	0.045111
	0.048611
	0.046675
	0.044589
	0.046311
	0.049681
	0.049111
	0.042424
	0.044766
	0.048311
	0.049119
	0.045633
	0.051251
	0.049265
	0.048811
	0.047989
	0.051983
	0.057519
	0.059873
	0.061391
	0.057019
	0.058799
	0.054914
	0.054645
	0.054351
	0.051619
	0.056696
	0.064165
	0.069511
	0.073339
	0.075013
	0.072303
	0.071384
	0.068249
	0.064713
	0.065455
	0.062253
	0.055069
	0.051709
	0.045545
	0.050925
	0.051933
	0.056511
	0.056854
	0.060744
	0.065819
	0.067469
	0.065201
	0.063255
	0.065336
	0.065486
	0.064813
	0.059099
	0.050006
	0.048703
	0.044945
	0.049036
	0.055005
	0.059193
	0.064645
	0.072874
	0.078545
	0.086095
	0.093806
	0.098125
	0.101406
	0.105669
	0.107265
	0.110504
	0.114069
	0.116089
	0.115525
	0.113104
	0.107783
	0.100119
	0.094199
	0.091669
	0.092093
	0.083855
	0.072545
	0.067581
	0.070793
	0.071815
	0.074573
	0.074800
	0.070673
	0.064829
	0.064750
	0.060846
	0.059196
	0.059413
	0.062013
	0.060725
	0.065085
	0.067976
	0.069875
	0.060875
	0.060150
	0.062285
	0.064001
	0.061200
	0.056301
	0.055951
	0.056363
	0.062183
	0.066535
	0.062933
	0.064936
	0.058714
	0.053756
	0.052906
	0.049426
	0.046116
	0.043533
	0.046631
	0.045453
	0.044969
	0.049619
	0.051965
	0.048795
	0.048450
	0.049945
	0.050894
	0.052536
	0.054434
	0.051900
	0.049825
	0.051485
	0.052969
	0.049375
	0.042433
	0.042845
	0.046000
	0.050435
	0.047975
	0.048744
	0.050703
	0.049550
	0.042959
	0.047000
	0.046765
	0.050249
	0.051700
	0.051345
	0.052275
