	0.185000
	0.266000
	0.342500
	0.423000
	0.482500
	0.537000
	0.572500
	0.573500
	0.586500
	0.589000
	0.595000
	0.605000
	0.618000
	0.628000
	0.634500
	0.647500
	0.653500
	0.665000
	0.671500
	0.677000
	0.677500
	0.664500
	0.659500
	0.655500
	0.654500
	0.648000
	0.645500
	0.654000
	0.661500
	0.667500
	0.677500
	0.665500
	0.666000
	0.664000
	0.660000
	0.660000
	0.657500
	0.663500
	0.671000
	0.673500
	0.673000
	0.649500
	0.647000
	0.655500
	0.671500
	0.675000
	0.679500
	0.675000
	0.667000
	0.674000
	0.679500
	0.674000
	0.674500
	0.685500
	0.692000
	0.703000
	0.686000
	0.679500
	0.675000
	0.677000
	0.686500
	0.691000
	0.686500
	0.687500
	0.692000
	0.703000
	0.682500
	0.674000
	0.674500
	0.676500
	0.686000
	0.691500
	0.693000
	0.695000
	0.697000
	0.685500
	0.686000
	0.691000
	0.682000
	0.676000
	0.673000
	0.672500
	0.682500
	0.677000
	0.662000
	0.658500
	0.663000
	0.662000
	0.655000
	0.649000
	0.647500
	0.650500
	0.653500
	0.669000
	0.680500
	0.688000
	0.705500
	0.703500
	0.717000
	0.713000
	0.714000
	0.711500
	0.704500
	0.687000
	0.668000
	0.658000
	0.659500
	0.647000
	0.654000
	0.652500
	0.656500
	0.670500
	0.678000
	0.680500
	0.674500
	0.667500
	0.661000
	0.664500
	0.658000
	0.662500
	0.671000
	0.676000
	0.690500
	0.685500
	0.682000
	0.677500
	0.661000
	0.646000
	0.646500
	0.650500
	0.671500
	0.684000
	0.693500
	0.689000
	0.694500
	0.680500
	0.674500
	0.672500
	0.678000
	0.679000
	0.684000
	0.683500
	0.693500
	0.685000
	0.676000
	0.669000
	0.674000
	0.684000
	0.697000
	0.695500
	0.689500
	0.675000
	0.653500
	0.631000
	0.647500
	0.634500
	0.638500
	0.630000
	0.627500
	0.608000
	0.594000
	0.595500
	0.598000
	0.600000
	0.613500
	0.622000
	0.633000
	0.654000
	0.652000
	0.648500
	0.647000
	0.648000
	0.649500
	0.664000
	0.667000
	0.672500
	0.675000
	0.686000
	0.693000
	0.696000
	0.700500
	0.710500
	0.707500
	0.695500
	0.684500
	0.680500
	0.675500
	0.673500
	0.670000
	0.671000
	0.670500
	0.676500
	0.675500
	0.677500
	0.672500
	0.669500
	0.689000
	0.688500
	0.683000
	0.692000
