	0.185500
	0.267000
	0.335000
	0.399000
	0.450000
	0.491500
	0.520000
	0.520000
	0.536000
	0.541500
	0.546500
	0.550000
	0.554500
	0.568000
	0.576500
	0.584500
	0.593000
	0.600000
	0.593500
	0.597500
	0.598000
	0.607500
	0.613000
	0.636500
	0.647000
	0.666000
	0.685500
	0.705000
	0.714500
	0.720000
	0.710000
	0.704500
	0.705000
	0.699500
	0.696500
	0.684500
	0.670000
	0.669500
	0.680500
	0.685000
	0.688000
	0.693000
	0.681000
	0.684000
	0.675500
	0.684500
	0.699000
	0.712000
	0.703500
	0.712500
	0.714500
	0.709000
	0.702000
	0.693000
	0.681500
	0.668000
	0.665000
	0.652500
	0.650000
	0.649500
	0.651000
	0.651000
	0.639500
	0.649500
	0.663000
	0.663500
	0.674000
	0.685000
	0.688000
	0.689000
	0.687000
	0.689500
	0.696500
	0.687000
	0.686500
	0.684500
	0.692500
	0.682000
	0.678000
	0.677500
	0.681500
	0.699500
	0.708000
	0.709500
	0.705000
	0.704000
	0.702000
	0.706500
	0.709000
	0.708000
	0.703500
	0.690000
	0.681500
	0.679000
	0.682000
	0.688500
	0.700500
	0.710000
	0.722500
	0.719000
	0.718500
	0.710000
	0.711000
	0.714500
	0.712500
	0.709000
	0.704500
	0.704500
	0.702500
	0.701500
	0.692000
	0.695500
	0.702500
	0.711000
	0.703500
	0.694500
	0.700500
	0.697000
	0.685500
	0.685000
	0.693500
	0.700500
	0.708000
	0.716500
	0.716500
	0.719500
	0.724000
	0.724500
	0.721500
	0.717500
	0.716000
	0.707000
	0.708000
	0.701000
	0.706000
	0.702000
	0.704500
	0.696000
	0.710500
	0.716500
	0.709500
	0.696000
	0.688500
	0.686000
	0.683000
	0.690500
	0.704500
	0.703000
	0.706000
	0.703500
	0.714000
	0.719000
	0.719000
	0.726000
	0.711000
	0.697500
	0.695000
	0.682500
	0.674000
	0.664000
	0.654000
	0.641000
	0.638000
	0.633000
	0.639500
	0.638000
	0.631000
	0.626500
	0.624500
	0.633500
	0.624500
	0.617500
	0.617000
	0.618000
	0.633500
	0.629500
	0.631000
	0.636500
	0.638000
	0.646500
	0.658500
	0.682500
	0.705000
	0.710500
	0.715500
	0.718500
	0.712500
	0.718500
	0.721000
	0.720500
	0.696500
	0.675500
	0.664000
	0.661500
	0.654500
	0.656000
	0.650500
	0.660000
	0.653000
	0.656500
