	0.139725
	0.181425
	0.197976
	0.200519
	0.199016
	0.190405
	0.178239
	0.167129
	0.156245
	0.142919
	0.125615
	0.110525
	0.101500
	0.098585
	0.092564
	0.088346
	0.086351
	0.081759
	0.080725
	0.070469
	0.067783
	0.058399
	0.060956
	0.069073
	0.073775
	0.066800
	0.062899
	0.060775
	0.059425
	0.060949
	0.064041
	0.070056
	0.070754
	0.066950
	0.066965
	0.060955
	0.060549
	0.060399
	0.059146
	0.055056
	0.049676
	0.045266
	0.048935
	0.042925
	0.044374
	0.048525
	0.053851
	0.055625
	0.059675
	0.061705
	0.063719
	0.060250
	0.057875
	0.057493
	0.061771
	0.061566
	0.064700
	0.067871
	0.068211
	0.069200
	0.068125
	0.066175
	0.070066
	0.076356
	0.071723
	0.068543
	0.066953
	0.061305
	0.059795
	0.061023
	0.059625
	0.054175
	0.054645
	0.051675
	0.052233
	0.056411
	0.060525
	0.064559
	0.068053
	0.071481
	0.070075
	0.067825
	0.073516
	0.073653
	0.071936
	0.068719
	0.052050
	0.047524
	0.038400
	0.037775
	0.042281
	0.045591
	0.050569
	0.053604
	0.055126
	0.055704
	0.058895
	0.060724
	0.065739
	0.066309
	0.073425
	0.079425
	0.082005
	0.078153
	0.067943
	0.055419
	0.056396
	0.046653
	0.048625
	0.046529
	0.043951
	0.050183
	0.051235
	0.060423
	0.062819
	0.064423
	0.066950
	0.069394
	0.074855
	0.078729
	0.085475
	0.091994
	0.095505
	0.097325
	0.095559
	0.091629
	0.082585
	0.074745
	0.077459
	0.072735
	0.068465
	0.068119
	0.062846
	0.058536
	0.054729
	0.051693
	0.050129
	0.045233
	0.041324
	0.042245
	0.046494
	0.049415
	0.057575
	0.063545
	0.059473
	0.064631
	0.060615
	0.051753
	0.049186
	0.055749
	0.059169
	0.062865
	0.066229
	0.074663
	0.076673
	0.079711
	0.079243
	0.081951
	0.084851
	0.087149
	0.088696
	0.086805
	0.087825
	0.089773
	0.085384
	0.088375
	0.084669
	0.070133
	0.063319
	0.054715
	0.051093
	0.052356
	0.060541
	0.065643
	0.070205
	0.076569
	0.087596
	0.089323
	0.092579
	0.096343
	0.097919
	0.098519
	0.098269
	0.096291
	0.090755
	0.081904
	0.070723
	0.066143
	0.060491
	0.054705
	0.048143
	0.052763
	0.056365
	0.058819
	0.063383
	0.071339
	0.075336
	0.080073
	0.076381
	0.076476
