	0.141224
	0.183761
	0.200625
	0.205253
	0.201163
	0.187823
	0.173500
	0.162825
	0.144633
	0.123071
	0.107533
	0.089159
	0.070614
	0.059635
	0.052319
	0.049459
	0.048254
	0.052623
	0.056793
	0.058255
	0.054976
	0.057119
	0.063119
	0.064845
	0.062853
	0.066039
	0.066019
	0.062096
	0.046175
	0.049726
	0.049833
	0.046669
	0.044071
	0.045954
	0.043124
	0.041875
	0.041409
	0.047601
	0.050069
	0.048476
	0.046995
	0.046145
	0.043876
	0.044135
	0.044185
	0.044011
	0.046915
	0.048506
	0.047569
	0.046719
	0.051619
	0.056045
	0.060503
	0.065806
	0.062714
	0.058863
	0.062184
	0.060955
	0.066211
	0.063069
	0.069700
	0.070755
	0.068271
	0.067673
	0.072645
	0.076854
	0.076843
	0.077964
	0.073735
	0.073619
	0.064343
	0.054813
	0.057684
	0.059485
	0.059893
	0.059825
	0.059335
	0.060445
	0.062389
	0.066754
	0.071614
	0.077923
	0.084599
	0.088984
	0.071719
	0.068045
	0.062041
	0.055265
	0.054356
	0.059613
	0.058025
	0.065443
	0.066443
	0.072724
	0.075869
	0.077095
	0.074726
	0.071754
	0.073074
	0.073244
	0.076756
	0.073316
	0.070874
	0.077505
	0.085801
	0.091943
	0.102119
	0.107653
	0.110575
	0.116369
	0.112223
	0.104283
	0.098795
	0.092269
	0.089319
	0.088933
	0.083075
	0.076819
	0.077873
	0.080705
	0.076119
	0.068291
	0.061141
	0.056891
	0.059099
	0.059664
	0.060995
	0.059625
	0.058893
	0.053783
	0.050633
	0.055193
	0.058765
	0.056850
	0.056281
	0.047725
	0.037450
	0.036831
	0.039523
	0.042179
	0.047419
	0.048201
	0.052241
	0.057355
	0.056125
	0.051593
	0.051965
	0.053536
	0.052083
	0.057701
	0.061635
	0.064500
	0.065651
	0.057269
	0.058135
	0.058564
	0.053615
	0.049594
	0.053285
	0.055483
	0.057663
	0.058851
	0.057125
	0.057825
	0.052733
	0.055650
	0.060515
	0.064911
	0.066413
	0.069175
	0.070019
	0.073424
	0.070673
	0.069911
	0.068336
	0.065119
	0.063469
	0.062575
	0.054153
	0.055396
	0.058491
	0.061299
	0.055054
	0.059619
	0.061969
	0.067985
	0.072365
	0.078171
	0.082271
	0.089081
	0.095425
	0.095805
	0.086273
	0.078293
	0.072426
	0.068204
	0.066969
	0.066583
	0.062500
	0.055586
