	0.146815
	0.183761
	0.201165
	0.204119
	0.202905
	0.197819
	0.193736
	0.189563
	0.180814
	0.166605
	0.153205
	0.133683
	0.111313
	0.087265
	0.066751
	0.062450
	0.069321
	0.074919
	0.068505
	0.069416
	0.071965
	0.079025
	0.081154
	0.084644
	0.084759
	0.083866
	0.083069
	0.077525
	0.074025
	0.070921
	0.073171
	0.078135
	0.082555
	0.085934
	0.088846
	0.088025
	0.079709
	0.072125
	0.073893
	0.078146
	0.077075
	0.081741
	0.081599
	0.083313
	0.089029
	0.091534
	0.090375
	0.085843
	0.084975
	0.089841
	0.094269
	0.100600
	0.097035
	0.096705
	0.088043
	0.081694
	0.075269
	0.068619
	0.064916
	0.069275
	0.068829
	0.073099
	0.080543
	0.085966
	0.086300
	0.091859
	0.094224
	0.091379
	0.086723
	0.085596
	0.083243
	0.081875
	0.077239
	0.072513
	0.068323
	0.067011
	0.062793
	0.064000
	0.066389
	0.074625
	0.079269
	0.087650
	0.095269
	0.098381
	0.102165
	0.107385
	0.108303
	0.106029
	0.094933
	0.083175
	0.067664
	0.055186
	0.050433
	0.052225
	0.048025
	0.049505
	0.053491
	0.055073
	0.048635
	0.048509
	0.050935
	0.051631
	0.049403
	0.050833
	0.055496
	0.062750
	0.068925
	0.074095
	0.075953
	0.077285
	0.078001
	0.070794
	0.070665
	0.073856
	0.078319
	0.080556
	0.086103
	0.093863
	0.099565
	0.103881
	0.105515
	0.104223
	0.104035
	0.105269
	0.097250
	0.090306
	0.081519
	0.068355
	0.057700
	0.058373
	0.059875
	0.060346
	0.060675
	0.067663
	0.076106
	0.081863
	0.085969
	0.088284
	0.084443
	0.074773
	0.078219
	0.080684
	0.083913
	0.085299
	0.093355
	0.088263
	0.085150
	0.083183
	0.087481
	0.089936
	0.092825
	0.094023
	0.087514
	0.077694
	0.072416
	0.070516
	0.069621
	0.070624
	0.070383
	0.062999
	0.061819
	0.058400
	0.057723
	0.056236
	0.052325
	0.049389
	0.047255
	0.049606
	0.054619
	0.057941
	0.055050
	0.059311
	0.065585
	0.074364
	0.077699
	0.084255
	0.084963
	0.085325
	0.078813
	0.074626
	0.063446
	0.057719
	0.062925
	0.069063
	0.066123
	0.070950
	0.072733
	0.072739
	0.069883
	0.070853
	0.067645
	0.064476
	0.062294
	0.058604
	0.061859
	0.062463
	0.066300
	0.071243
	0.075025
	0.081375
