	0.151495
	0.188894
	0.202075
	0.203109
	0.194155
	0.179453
	0.165819
	0.162255
	0.160533
	0.155535
	0.152173
	0.147839
	0.149425
	0.150475
	0.141615
	0.135979
	0.130675
	0.123175
	0.116649
	0.113225
	0.105726
	0.094853
	0.086869
	0.083714
	0.085934
	0.081919
	0.081093
	0.079500
	0.072676
	0.062633
	0.062729
	0.067273
	0.074869
	0.082223
	0.085864
	0.090343
	0.089329
	0.080425
	0.082600
	0.085433
	0.079785
	0.071553
	0.063469
	0.051869
	0.056783
	0.063345
	0.065000
	0.066816
	0.072485
	0.074619
	0.071559
	0.069823
	0.074054
	0.072344
	0.067323
	0.066919
	0.067075
	0.071575
	0.067556
	0.066011
	0.068669
	0.066323
	0.065573
	0.065483
	0.071000
	0.073845
	0.078763
	0.077575
	0.078875
	0.083815
	0.083935
	0.081546
	0.083946
	0.079243
	0.077705
	0.079965
	0.080415
	0.082584
	0.086449
	0.085814
	0.088441
	0.088833
	0.091063
	0.091800
	0.086815
	0.077689
	0.066436
	0.060096
	0.056313
	0.061471
	0.063781
	0.072053
	0.069604
	0.076019
	0.078314
	0.079734
	0.082825
	0.085746
	0.087263
	0.085081
	0.082121
	0.077450
	0.072353
	0.067926
	0.066474
	0.065076
	0.066519
	0.064645
	0.065949
	0.071603
	0.074265
	0.076884
	0.073486
	0.076649
	0.077995
	0.080704
	0.081331
	0.076745
	0.070005
	0.057523
	0.054225
	0.047431
	0.048801
	0.049201
	0.050475
	0.054801
	0.056665
	0.060883
	0.062111
	0.061961
	0.063004
	0.066573
	0.072103
	0.073485
	0.074583
	0.082519
	0.084101
	0.083351
	0.080415
	0.084036
	0.079385
	0.079903
	0.083519
	0.080700
	0.077709
	0.075783
	0.065551
	0.056234
	0.061331
	0.070569
	0.077743
	0.085325
	0.090193
	0.095713
	0.101036
	0.107205
	0.114819
	0.113913
	0.112914
	0.113893
	0.105625
	0.092583
	0.083869
	0.081064
	0.076014
	0.078955
	0.068525
	0.066966
	0.070324
	0.068271
	0.070474
	0.075239
	0.074766
	0.078611
	0.082065
	0.083300
	0.080694
	0.076725
	0.074616
	0.071139
	0.071450
	0.062005
	0.055405
	0.054619
	0.053383
	0.056150
	0.059919
	0.058379
	0.061854
	0.059855
	0.056623
	0.053369
	0.054613
	0.056484
	0.059350
	0.060765
	0.069871
	0.069421
	0.072993
	0.071575
