	0.185500
	0.276000
	0.352000
	0.416000
	0.484000
	0.530500
	0.565000
	0.581000
	0.575500
	0.574500
	0.567500
	0.580000
	0.590000
	0.607500
	0.617000
	0.630500
	0.642500
	0.649000
	0.640000
	0.653000
	0.663000
	0.677500
	0.674000
	0.681000
	0.689500
	0.693500
	0.680500
	0.691500
	0.675500
	0.664000
	0.660000
	0.663500
	0.661500
	0.655500
	0.647000
	0.652000
	0.655000
	0.676500
	0.676500
	0.666500
	0.660500
	0.652500
	0.654000
	0.655000
	0.658500
	0.663000
	0.654000
	0.661000
	0.670500
	0.675500
	0.681000
	0.689000
	0.699500
	0.701500
	0.702500
	0.706500
	0.710000
	0.709500
	0.700000
	0.694500
	0.683500
	0.676000
	0.673500
	0.670500
	0.688500
	0.690000
	0.688000
	0.678500
	0.677500
	0.676500
	0.680000
	0.673500
	0.672500
	0.661000
	0.649500
	0.642000
	0.628500
	0.615000
	0.607000
	0.590000
	0.570500
	0.557500
	0.568500
	0.573500
	0.586000
	0.611500
	0.623500
	0.623500
	0.634500
	0.649000
	0.648000
	0.633500
	0.630500
	0.639000
	0.652500
	0.678500
	0.703000
	0.706500
	0.705500
	0.690500
	0.685000
	0.680500
	0.677500
	0.676000
	0.675000
	0.681000
	0.681000
	0.676500
	0.679000
	0.682000
	0.684500
	0.684500
	0.669500
	0.661500
	0.662500
	0.665500
	0.673500
	0.668500
	0.660000
	0.666000
	0.678000
	0.688000
	0.698000
	0.688000
	0.695000
	0.697500
	0.693500
	0.688000
	0.681500
	0.677000
	0.680500
	0.677000
	0.669500
	0.660000
	0.661000
	0.650500
	0.645000
	0.645500
	0.633500
	0.633500
	0.630500
	0.630000
	0.629500
	0.614500
	0.608000
	0.610500
	0.622500
	0.637000
	0.651500
	0.672500
	0.687500
	0.687000
	0.689000
	0.692000
	0.695000
	0.683000
	0.674000
	0.669500
	0.664500
	0.661000
	0.657500
	0.642000
	0.634500
	0.634000
	0.631000
	0.648500
	0.660000
	0.676000
	0.683000
	0.669000
	0.669500
	0.665000
	0.658000
	0.656500
	0.658500
	0.673000
	0.664500
	0.665500
	0.667000
	0.654500
	0.655000
	0.639000
	0.629000
	0.625000
	0.623000
	0.617500
	0.605500
	0.606500
	0.625000
	0.638500
	0.643000
	0.648000
	0.654500
	0.656000
	0.666500
	0.670000
	0.676500
	0.669000
	0.677500
	0.688000
