	0.185000
	0.275500
	0.343500
	0.398000
	0.425500
	0.453000
	0.487500
	0.510000
	0.540000
	0.564000
	0.584000
	0.601500
	0.614000
	0.624000
	0.639500
	0.662000
	0.665000
	0.664500
	0.662000
	0.658500
	0.659000
	0.663000
	0.661000
	0.672000
	0.683000
	0.691500
	0.706000
	0.719500
	0.708500
	0.704500
	0.699000
	0.698000
	0.696000
	0.686500
	0.680000
	0.679000
	0.683000
	0.692500
	0.699000
	0.689000
	0.679500
	0.686000
	0.680500
	0.684000
	0.691500
	0.687000
	0.695000
	0.698000
	0.708500
	0.712500
	0.722000
	0.722500
	0.725000
	0.720500
	0.707000
	0.702500
	0.687000
	0.685500
	0.696000
	0.698500
	0.692500
	0.693500
	0.701500
	0.701500
	0.710500
	0.721000
	0.698500
	0.694500
	0.690500
	0.689000
	0.679000
	0.683000
	0.679500
	0.690000
	0.696000
	0.706000
	0.713000
	0.714500
	0.698500
	0.685500
	0.684500
	0.677500
	0.670000
	0.667000
	0.661500
	0.659000
	0.654000
	0.651500
	0.651000
	0.652000
	0.664500
	0.678500
	0.665500
	0.655500
	0.661500
	0.661500
	0.647500
	0.638500
	0.618500
	0.614500
	0.617500
	0.624000
	0.626500
	0.634500
	0.623500
	0.623000
	0.618500
	0.620000
	0.622000
	0.615000
	0.625000
	0.633000
	0.635000
	0.641500
	0.646500
	0.640500
	0.644500
	0.653000
	0.670000
	0.681000
	0.678500
	0.688000
	0.680000
	0.680000
	0.681000
	0.689500
	0.693000
	0.694000
	0.695500
	0.694000
	0.696500
	0.688500
	0.682500
	0.684500
	0.693500
	0.697000
	0.702000
	0.691500
	0.690000
	0.691000
	0.694000
	0.701500
	0.711000
	0.712500
	0.716500
	0.714500
	0.714500
	0.727500
	0.725000
	0.719000
	0.715500
	0.714500
	0.717500
	0.723000
	0.731500
	0.744500
	0.735500
	0.736500
	0.736000
	0.733000
	0.721500
	0.721500
	0.715500
	0.702500
	0.692000
	0.672500
	0.654500
	0.645500
	0.640500
	0.632000
	0.628500
	0.628000
	0.641500
	0.668000
	0.696000
	0.710000
	0.709500
	0.723000
	0.725000
	0.707500
	0.698500
	0.686500
	0.687500
	0.691000
	0.692000
	0.680000
	0.686000
	0.667000
	0.653500
	0.654000
	0.639000
	0.629000
	0.616000
	0.586000
	0.571500
	0.566000
	0.572000
	0.584000
	0.601500
	0.606500
