	0.156000
	0.248000
	0.317500
	0.391500
	0.444000
	0.486000
	0.508500
	0.510500
	0.524000
	0.544500
	0.565500
	0.587500
	0.603500
	0.604500
	0.614500
	0.638000
	0.655500
	0.655000
	0.647500
	0.644500
	0.638500
	0.637000
	0.631500
	0.627000
	0.629500
	0.640500
	0.654500
	0.669500
	0.672000
	0.669500
	0.681000
	0.678500
	0.687000
	0.700500
	0.716000
	0.732000
	0.726000
	0.721500
	0.726500
	0.731500
	0.719000
	0.711000
	0.711500
	0.706500
	0.703000
	0.708500
	0.711500
	0.715000
	0.708000
	0.697500
	0.698500
	0.698500
	0.696500
	0.699000
	0.695000
	0.694500
	0.705500
	0.717000
	0.720500
	0.728000
	0.718500
	0.710500
	0.709500
	0.697500
	0.688500
	0.686500
	0.681000
	0.684000
	0.685000
	0.687500
	0.684000
	0.691000
	0.692500
	0.697500
	0.703000
	0.722500
	0.710000
	0.698500
	0.688000
	0.682500
	0.676500
	0.661500
	0.654500
	0.645500
	0.635500
	0.627000
	0.632500
	0.643500
	0.651000
	0.670500
	0.679000
	0.693000
	0.695500
	0.704000
	0.699000
	0.683000
	0.681000
	0.688000
	0.704500
	0.708000
	0.690000
	0.680000
	0.681000
	0.680500
	0.688000
	0.699500
	0.695000
	0.704500
	0.712500
	0.713000
	0.716500
	0.719500
	0.707000
	0.701000
	0.695500
	0.697500
	0.682000
	0.691500
	0.693500
	0.689500
	0.682000
	0.681500
	0.673500
	0.674000
	0.672500
	0.664000
	0.662500
	0.650000
	0.651500
	0.660500
	0.679500
	0.685500
	0.683500
	0.672500
	0.663500
	0.669000
	0.674000
	0.680500
	0.686500
	0.674000
	0.663500
	0.658500
	0.667000
	0.660000
	0.649500
	0.639500
	0.646500
	0.648000
	0.652500
	0.664500
	0.674500
	0.675500
	0.679000
	0.686500
	0.691000
	0.692000
	0.691000
	0.684000
	0.688500
	0.691500
	0.684500
	0.685500
	0.682000
	0.679000
	0.680500
	0.692500
	0.703500
	0.705000
	0.696500
	0.699000
	0.704500
	0.701500
	0.702500
	0.709500
	0.709500
	0.707500
	0.703000
	0.711500
	0.727000
	0.711000
	0.711500
	0.697500
	0.676500
	0.670500
	0.677500
	0.678500
	0.674500
	0.673000
	0.671500
	0.684500
	0.685000
	0.682000
	0.689500
	0.694500
	0.699000
	0.692500
	0.686500
	0.692000
	0.689000
	0.678000
