	0.150764
	0.184023
	0.197483
	0.202119
	0.197125
	0.186471
	0.182289
	0.176245
	0.172215
	0.163600
	0.153543
	0.141226
	0.132414
	0.121653
	0.108869
	0.100263
	0.093899
	0.089745
	0.088434
	0.086906
	0.091764
	0.087133
	0.087415
	0.088853
	0.090283
	0.094325
	0.090285
	0.082109
	0.070319
	0.069411
	0.067021
	0.067124
	0.071943
	0.077196
	0.081953
	0.089624
	0.098203
	0.106469
	0.114545
	0.123614
	0.127669
	0.135351
	0.145635
	0.148555
	0.149566
	0.142234
	0.130379
	0.126094
	0.120373
	0.113409
	0.107276
	0.098225
	0.088869
	0.076975
	0.069294
	0.063785
	0.060875
	0.056734
	0.052499
	0.050851
	0.058785
	0.069406
	0.074275
	0.078449
	0.083269
	0.089089
	0.093513
	0.093969
	0.085695
	0.081326
	0.074400
	0.067304
	0.057999
	0.050835
	0.047843
	0.047984
	0.051195
	0.055519
	0.058193
	0.059619
	0.049635
	0.045565
	0.047195
	0.050013
	0.051650
	0.054553
	0.057403
	0.065129
	0.068253
	0.071285
	0.071376
	0.074885
	0.078635
	0.073319
	0.071585
	0.069544
	0.066889
	0.066716
	0.063025
	0.061431
	0.064521
	0.071331
	0.076619
	0.082434
	0.087263
	0.093025
	0.097769
	0.097869
	0.099875
	0.098373
	0.097021
	0.101025
	0.102735
	0.100950
	0.094203
	0.099609
	0.096795
	0.094826
	0.088946
	0.090025
	0.087885
	0.081421
	0.076513
	0.078119
	0.075175
	0.081294
	0.088669
	0.096165
	0.100194
	0.100925
	0.088115
	0.075354
	0.069019
	0.073816
	0.074965
	0.078543
	0.074663
	0.076553
	0.077126
	0.070509
	0.070239
	0.073133
	0.071445
	0.072001
	0.072365
	0.074833
	0.077603
	0.079145
	0.076753
	0.082250
	0.086913
	0.086053
	0.087845
	0.085635
	0.086555
	0.089486
	0.094766
	0.098953
	0.103169
	0.103531
	0.095613
	0.089913
	0.083685
	0.079055
	0.077043
	0.072475
	0.073806
	0.074254
	0.074083
	0.073119
	0.076679
	0.079465
	0.072716
	0.066269
	0.051301
	0.048869
	0.051675
	0.057149
	0.063789
	0.065616
	0.069223
	0.073050
	0.076643
	0.076406
	0.072381
	0.070245
	0.066971
	0.067395
	0.067233
	0.071385
	0.080825
	0.091175
	0.098176
	0.109014
	0.114535
	0.111866
	0.105504
	0.099945
	0.090381
	0.096805
