	0.185000
	0.248500
	0.335500
	0.417500
	0.479000
	0.512000
	0.533000
	0.536500
	0.532000
	0.543000
	0.563500
	0.568500
	0.593000
	0.609500
	0.616000
	0.627000
	0.643000
	0.655500
	0.662000
	0.655500
	0.658000
	0.659500
	0.667000
	0.675500
	0.682000
	0.687500
	0.686000
	0.692000
	0.684500
	0.673000
	0.669500
	0.669500
	0.658000
	0.655500
	0.653500
	0.655000
	0.649500
	0.647500
	0.641000
	0.641500
	0.632500
	0.633000
	0.620500
	0.629500
	0.647000
	0.683000
	0.687500
	0.697500
	0.686500
	0.681500
	0.676500
	0.671000
	0.671500
	0.669000
	0.670500
	0.673500
	0.680000
	0.696000
	0.702000
	0.707000
	0.716000
	0.707500
	0.696500
	0.692000
	0.686500
	0.689000
	0.690500
	0.699000
	0.702500
	0.696500
	0.689000
	0.680500
	0.680500
	0.678000
	0.686000
	0.690000
	0.703500
	0.706500
	0.710500
	0.711500
	0.719000
	0.723000
	0.718000
	0.708500
	0.708000
	0.707500
	0.713500
	0.709000
	0.704500
	0.698000
	0.695500
	0.692000
	0.691500
	0.690000
	0.690500
	0.689000
	0.686000
	0.674000
	0.674500
	0.682000
	0.684000
	0.680000
	0.687500
	0.679000
	0.677500
	0.678000
	0.678500
	0.691000
	0.701000
	0.701000
	0.690500
	0.690000
	0.687000
	0.686000
	0.666000
	0.653500
	0.653500
	0.646000
	0.643000
	0.649500
	0.651500
	0.665000
	0.671000
	0.680000
	0.695000
	0.695500
	0.687000
	0.689000
	0.695000
	0.693500
	0.685500
	0.684000
	0.692500
	0.690500
	0.688000
	0.690000
	0.695000
	0.688500
	0.687000
	0.673500
	0.665500
	0.662500
	0.669000
	0.667000
	0.672500
	0.679000
	0.687500
	0.692500
	0.691000
	0.695000
	0.697000
	0.707000
	0.702000
	0.702000
	0.707000
	0.703000
	0.700500
	0.699500
	0.701500
	0.698000
	0.689500
	0.688500
	0.708500
	0.712000
	0.710000
	0.717000
	0.723500
	0.716500
	0.703000
	0.697500
	0.692500
	0.677500
	0.675500
	0.688500
	0.702000
	0.708000
	0.706000
	0.714500
	0.719500
	0.729500
	0.735000
	0.728000
	0.726000
	0.711500
	0.710500
	0.716500
	0.718000
	0.717000
	0.722000
	0.721000
	0.704000
	0.695000
	0.692500
	0.675000
	0.661000
	0.660000
	0.670000
	0.677000
	0.676000
	0.683000
