	0.195000
	0.285000
	0.352000
	0.406000
	0.456500
	0.496000
	0.535000
	0.552500
	0.557500
	0.572000
	0.587000
	0.606000
	0.620500
	0.630500
	0.647000
	0.658000
	0.667500
	0.669500
	0.672500
	0.670500
	0.675000
	0.673500
	0.688500
	0.690500
	0.697500
	0.691000
	0.689500
	0.700500
	0.707000
	0.705500
	0.705500
	0.710500
	0.706500
	0.701000
	0.695500
	0.699000
	0.703500
	0.705000
	0.704000
	0.700500
	0.695000
	0.680500
	0.670000
	0.678500
	0.698000
	0.715500
	0.713500
	0.723000
	0.721500
	0.717500
	0.715500
	0.718000
	0.714500
	0.716000
	0.708000
	0.706000
	0.713500
	0.713500
	0.698500
	0.675000
	0.672500
	0.663000
	0.654500
	0.653000
	0.656500
	0.659500
	0.661500
	0.648500
	0.640000
	0.642500
	0.646000
	0.651500
	0.656000
	0.665000
	0.671500
	0.686000
	0.697500
	0.710500
	0.720500
	0.726000
	0.724500
	0.714000
	0.711500
	0.702000
	0.694500
	0.690500
	0.683500
	0.685000
	0.686000
	0.689000
	0.676500
	0.672000
	0.678500
	0.680000
	0.686000
	0.696000
	0.698000
	0.696500
	0.697000
	0.691500
	0.679500
	0.675000
	0.679000
	0.690500
	0.705000
	0.705000
	0.718000
	0.711500
	0.705000
	0.696000
	0.687000
	0.680000
	0.672500
	0.663500
	0.664000
	0.660000
	0.673500
	0.686000
	0.705500
	0.713000
	0.719000
	0.711500
	0.719000
	0.723000
	0.731000
	0.733000
	0.732000
	0.728500
	0.725000
	0.724000
	0.722000
	0.709500
	0.705500
	0.711500
	0.726500
	0.729500
	0.728000
	0.721000
	0.708000
	0.696500
	0.696500
	0.699500
	0.702500
	0.682500
	0.668500
	0.649500
	0.636000
	0.625000
	0.618500
	0.610000
	0.613000
	0.624500
	0.639000
	0.647500
	0.657000
	0.658500
	0.658500
	0.660500
	0.649500
	0.647000
	0.644500
	0.637000
	0.631500
	0.649000
	0.669500
	0.665000
	0.658000
	0.650000
	0.642000
	0.628500
	0.609000
	0.604000
	0.599000
	0.602500
	0.608000
	0.611000
	0.610000
	0.613000
	0.638500
	0.653500
	0.677500
	0.672000
	0.671000
	0.655500
	0.663000
	0.668000
	0.668000
	0.665000
	0.670000
	0.687000
	0.703500
	0.716000
	0.717000
	0.710500
	0.706000
	0.704000
	0.692500
	0.673500
	0.659500
	0.648000
