	0.185000
	0.275500
	0.343000
	0.390500
	0.435500
	0.470500
	0.490500
	0.498500
	0.498500
	0.508500
	0.529500
	0.546500
	0.563500
	0.581500
	0.603000
	0.620000
	0.639000
	0.652000
	0.662500
	0.674500
	0.670000
	0.669000
	0.666000
	0.671000
	0.681000
	0.692500
	0.695500
	0.717000
	0.729000
	0.732500
	0.722500
	0.719000
	0.711000
	0.706000
	0.702500
	0.696000
	0.697000
	0.686500
	0.680500
	0.676000
	0.677000
	0.666000
	0.664500
	0.657000
	0.664000
	0.675500
	0.691000
	0.704000
	0.704500
	0.720500
	0.718500
	0.708500
	0.712500
	0.712000
	0.708500
	0.711000
	0.708500
	0.711000
	0.702500
	0.691500
	0.693000
	0.704500
	0.713000
	0.715000
	0.715500
	0.709500
	0.707500
	0.711000
	0.709000
	0.712500
	0.708500
	0.707000
	0.711500
	0.698000
	0.695500
	0.682500
	0.674000
	0.669500
	0.668500
	0.670000
	0.679000
	0.674500
	0.668000
	0.667500
	0.665000
	0.662000
	0.668500
	0.671000
	0.679500
	0.679500
	0.679000
	0.673000
	0.680000
	0.691000
	0.705500
	0.711500
	0.719500
	0.719000
	0.710500
	0.708500
	0.713500
	0.718000
	0.724500
	0.735500
	0.729000
	0.731500
	0.734500
	0.730000
	0.724000
	0.724500
	0.721000
	0.720000
	0.709500
	0.704000
	0.702000
	0.700500
	0.709500
	0.710000
	0.709500
	0.710000
	0.705000
	0.701000
	0.713000
	0.713000
	0.702000
	0.700500
	0.689000
	0.684500
	0.692500
	0.683000
	0.669500
	0.669500
	0.679000
	0.688500
	0.695000
	0.702500
	0.699000
	0.682000
	0.680000
	0.673000
	0.665500
	0.665000
	0.669000
	0.674000
	0.688500
	0.694500
	0.686500
	0.690000
	0.688500
	0.681000
	0.676000
	0.672500
	0.664000
	0.656500
	0.661000
	0.669000
	0.682500
	0.693000
	0.696500
	0.695000
	0.695500
	0.696500
	0.692500
	0.697000
	0.679500
	0.680000
	0.675500
	0.675000
	0.689000
	0.695000
	0.690500
	0.703000
	0.712000
	0.722000
	0.727000
	0.725500
	0.721500
	0.713500
	0.701000
	0.690500
	0.692500
	0.687000
	0.686000
	0.695000
	0.698000
	0.694500
	0.701500
	0.693500
	0.692500
	0.685000
	0.686000
	0.687000
	0.673500
	0.673500
	0.682000
	0.683000
	0.681000
	0.698500
	0.692500
	0.695500
