	0.175500
	0.265000
	0.323500
	0.370500
	0.413500
	0.437000
	0.448500
	0.452500
	0.447500
	0.453000
	0.464500
	0.493500
	0.515500
	0.540500
	0.554500
	0.576000
	0.594000
	0.615000
	0.639000
	0.641500
	0.646500
	0.657000
	0.686000
	0.687500
	0.693000
	0.699000
	0.698500
	0.688500
	0.680000
	0.672000
	0.674500
	0.684000
	0.696500
	0.700500
	0.700500
	0.702000
	0.701000
	0.699500
	0.705000
	0.711000
	0.713500
	0.732000
	0.726000
	0.714500
	0.709000
	0.698500
	0.695500
	0.690500
	0.682000
	0.675000
	0.679500
	0.685000
	0.692000
	0.708000
	0.715500
	0.708000
	0.694500
	0.682500
	0.670000
	0.666000
	0.659000
	0.652500
	0.643500
	0.627500
	0.629000
	0.635500
	0.635000
	0.624000
	0.617000
	0.619500
	0.626000
	0.642000
	0.656500
	0.662500
	0.658000
	0.665000
	0.667500
	0.672500
	0.678500
	0.679000
	0.679500
	0.684500
	0.690000
	0.692000
	0.684000
	0.688500
	0.688500
	0.695000
	0.689000
	0.692500
	0.686500
	0.678000
	0.670000
	0.660500
	0.658000
	0.658000
	0.647000
	0.646500
	0.648000
	0.656500
	0.660000
	0.665500
	0.668000
	0.673500
	0.671500
	0.668500
	0.674000
	0.691500
	0.701000
	0.688500
	0.682500
	0.675000
	0.664000
	0.667000
	0.669000
	0.665000
	0.661500
	0.661000
	0.663000
	0.668000
	0.678500
	0.690000
	0.692000
	0.684500
	0.675500
	0.658500
	0.643500
	0.638000
	0.628500
	0.624000
	0.617000
	0.625000
	0.615000
	0.610000
	0.610000
	0.627500
	0.646500
	0.665000
	0.661000
	0.661500
	0.645500
	0.639000
	0.641000
	0.644000
	0.646000
	0.638500
	0.644000
	0.644000
	0.645000
	0.636500
	0.638500
	0.649500
	0.654500
	0.663500
	0.667500
	0.673000
	0.674000
	0.694000
	0.698000
	0.689500
	0.685500
	0.677000
	0.671500
	0.671000
	0.669000
	0.659500
	0.664000
	0.646000
	0.623500
	0.615500
	0.603500
	0.595500
	0.592000
	0.598000
	0.596000
	0.610000
	0.628500
	0.645000
	0.653000
	0.661000
	0.670000
	0.676000
	0.693500
	0.720000
	0.734000
	0.736000
	0.720500
	0.707500
	0.692500
	0.693000
	0.692000
	0.680500
	0.682000
	0.685000
	0.691500
	0.700500
	0.711000
	0.706000
	0.708000
	0.711500
