	0.146815
	0.186974
	0.204441
	0.206985
	0.201855
	0.192316
	0.184675
	0.171975
	0.155743
	0.143045
	0.134973
	0.129145
	0.123669
	0.117569
	0.108800
	0.098711
	0.090825
	0.085095
	0.075014
	0.071045
	0.064125
	0.060219
	0.062749
	0.061846
	0.064325
	0.065304
	0.064829
	0.062934
	0.064249
	0.064341
	0.064355
	0.057663
	0.053451
	0.055599
	0.058719
	0.064375
	0.068644
	0.074899
	0.080743
	0.087661
	0.089029
	0.085764
	0.082306
	0.081385
	0.067800
	0.063941
	0.065349
	0.064846
	0.063201
	0.056635
	0.050395
	0.053100
	0.057951
	0.059800
	0.059765
	0.066426
	0.065511
	0.056743
	0.059343
	0.062450
	0.062875
	0.066375
	0.064800
	0.055989
	0.059819
	0.058734
	0.060991
	0.065641
	0.070219
	0.068750
	0.067649
	0.066049
	0.058553
	0.054529
	0.049954
	0.051395
	0.054150
	0.058603
	0.061300
	0.060469
	0.057505
	0.054943
	0.059869
	0.060584
	0.059550
	0.054983
	0.061436
	0.064004
	0.072395
	0.076533
	0.064075
	0.072769
	0.082035
	0.087500
	0.086269
	0.079963
	0.081823
	0.078961
	0.070641
	0.060519
	0.063473
	0.063635
	0.061684
	0.058600
	0.059563
	0.056713
	0.058450
	0.059599
	0.053681
	0.050039
	0.051514
	0.054814
	0.058101
	0.061454
	0.066925
	0.073205
	0.071309
	0.069056
	0.071233
	0.074559
	0.077483
	0.082943
	0.080556
	0.082796
	0.081245
	0.079879
	0.083093
	0.081016
	0.067773
	0.068719
	0.072393
	0.071476
	0.073389
	0.077321
	0.079826
	0.081081
	0.076905
	0.078881
	0.079215
	0.081413
	0.082075
	0.083175
	0.090899
	0.095345
	0.094375
	0.091846
	0.092991
	0.090035
	0.084424
	0.072661
	0.072355
	0.067756
	0.062884
	0.061496
	0.063643
	0.061100
	0.054699
	0.058373
	0.056969
	0.062000
	0.059719
	0.060295
	0.065850
	0.070105
	0.078164
	0.083755
	0.088469
	0.092894
	0.096225
	0.095745
	0.099615
	0.104005
	0.107293
	0.113255
	0.111824
	0.115213
	0.122671
	0.122200
	0.127335
	0.126833
	0.127173
	0.126219
	0.122071
	0.115229
	0.104675
	0.092619
	0.081113
	0.072103
	0.071986
	0.067149
	0.062499
	0.060369
	0.053196
	0.058935
	0.063166
	0.071321
	0.077369
	0.068343
	0.068651
	0.061951
