	0.156500
	0.247500
	0.316000
	0.363000
	0.379500
	0.401500
	0.438500
	0.472500
	0.508000
	0.530000
	0.555500
	0.576000
	0.586000
	0.597500
	0.612000
	0.610000
	0.608000
	0.616500
	0.629500
	0.636000
	0.641500
	0.645000
	0.656500
	0.664500
	0.667500
	0.680500
	0.682500
	0.674500
	0.667500
	0.654000
	0.648500
	0.661500
	0.679000
	0.681500
	0.678000
	0.669000
	0.669000
	0.651500
	0.633000
	0.617000
	0.613000
	0.602500
	0.606000
	0.605000
	0.599500
	0.595000
	0.598000
	0.602000
	0.608500
	0.612500
	0.625000
	0.633500
	0.636000
	0.643500
	0.661000
	0.658500
	0.658500
	0.660000
	0.656000
	0.669000
	0.671000
	0.677000
	0.690500
	0.717000
	0.723500
	0.715500
	0.705500
	0.692500
	0.695000
	0.696500
	0.704000
	0.703000
	0.711000
	0.709500
	0.696000
	0.696000
	0.698500
	0.695000
	0.701500
	0.698000
	0.692500
	0.686500
	0.675000
	0.684500
	0.690500
	0.691500
	0.687500
	0.695500
	0.699500
	0.705000
	0.707000
	0.714500
	0.724500
	0.710500
	0.710000
	0.706500
	0.711000
	0.708000
	0.710000
	0.708000
	0.711500
	0.717000
	0.710500
	0.695500
	0.695000
	0.686500
	0.682000
	0.665500
	0.648000
	0.633500
	0.621500
	0.621500
	0.611000
	0.630500
	0.643000
	0.640000
	0.637000
	0.633000
	0.640000
	0.638000
	0.646500
	0.639000
	0.648500
	0.661000
	0.659000
	0.660500
	0.655000
	0.656000
	0.653500
	0.650000
	0.643000
	0.648000
	0.648000
	0.654500
	0.648000
	0.650000
	0.655500
	0.658000
	0.652500
	0.655000
	0.664500
	0.679500
	0.671500
	0.648500
	0.641000
	0.628500
	0.628500
	0.635000
	0.635000
	0.633000
	0.636000
	0.641500
	0.655000
	0.665500
	0.678000
	0.679500
	0.691500
	0.688500
	0.696500
	0.690500
	0.671000
	0.653000
	0.629000
	0.618500
	0.617500
	0.607500
	0.604500
	0.603000
	0.612500
	0.617000
	0.627500
	0.633500
	0.629500
	0.633500
	0.642000
	0.657000
	0.674000
	0.685000
	0.680000
	0.676000
	0.676500
	0.671000
	0.663500
	0.652000
	0.651500
	0.658000
	0.659500
	0.657500
	0.651000
	0.662500
	0.669500
	0.663000
	0.673000
	0.680000
	0.692500
	0.707500
	0.712000
	0.709000
	0.706000
	0.709500
