	0.176000
	0.267000
	0.344500
	0.409500
	0.443000
	0.475500
	0.487500
	0.508500
	0.523500
	0.536500
	0.554500
	0.581000
	0.606000
	0.636500
	0.651500
	0.658000
	0.667500
	0.666500
	0.660500
	0.682000
	0.682000
	0.682000
	0.679000
	0.702000
	0.708000
	0.716000
	0.714000
	0.705000
	0.705000
	0.716000
	0.728500
	0.723500
	0.715500
	0.697000
	0.685000
	0.677000
	0.671500
	0.667500
	0.663000
	0.672000
	0.683000
	0.679000
	0.690000
	0.693500
	0.675000
	0.666500
	0.674000
	0.683000
	0.687000
	0.680500
	0.689000
	0.696000
	0.702500
	0.704500
	0.706500
	0.721000
	0.732000
	0.739000
	0.725000
	0.716500
	0.701500
	0.691000
	0.673000
	0.666000
	0.664000
	0.672000
	0.681500
	0.691000
	0.692500
	0.695000
	0.699000
	0.716500
	0.725500
	0.723000
	0.721000
	0.719000
	0.716500
	0.707500
	0.692000
	0.688500
	0.688000
	0.675500
	0.671000
	0.656000
	0.648000
	0.630500
	0.624500
	0.618500
	0.610500
	0.601500
	0.592000
	0.583500
	0.595500
	0.601000
	0.614000
	0.615000
	0.634500
	0.663000
	0.685500
	0.696000
	0.710000
	0.702500
	0.710000
	0.711500
	0.710000
	0.712500
	0.715000
	0.716500
	0.705000
	0.704000
	0.708500
	0.711000
	0.705500
	0.712000
	0.703500
	0.703000
	0.694000
	0.695000
	0.701000
	0.696500
	0.688000
	0.683500
	0.684000
	0.683000
	0.687000
	0.688500
	0.689000
	0.678000
	0.662500
	0.650500
	0.638000
	0.630000
	0.623500
	0.618500
	0.628500
	0.633000
	0.645000
	0.640000
	0.654000
	0.661000
	0.665000
	0.662000
	0.664000
	0.682000
	0.686000
	0.690000
	0.702500
	0.700000
	0.707000
	0.726000
	0.730500
	0.736500
	0.728000
	0.730500
	0.728500
	0.713000
	0.702500
	0.695500
	0.687000
	0.685500
	0.689500
	0.686000
	0.686500
	0.688500
	0.685000
	0.687000
	0.686500
	0.699000
	0.721000
	0.726000
	0.724000
	0.718500
	0.723000
	0.726000
	0.718500
	0.721500
	0.712500
	0.700500
	0.702500
	0.708500
	0.709500
	0.712000
	0.708000
	0.713000
	0.720000
	0.721500
	0.717500
	0.711000
	0.706500
	0.708000
	0.714500
	0.719000
	0.722500
	0.724500
	0.716500
	0.708000
	0.702500
	0.699500
	0.705500
	0.711500
