	0.140425
	0.176173
	0.193636
	0.197576
	0.200593
	0.199186
	0.196519
	0.189176
	0.176019
	0.159579
	0.142665
	0.126185
	0.116785
	0.115425
	0.115891
	0.112396
	0.112096
	0.111634
	0.111985
	0.106344
	0.102013
	0.092639
	0.086006
	0.087259
	0.094103
	0.101499
	0.102846
	0.104273
	0.102505
	0.100544
	0.099406
	0.098953
	0.103499
	0.102303
	0.099461
	0.099121
	0.098923
	0.093993
	0.095903
	0.097069
	0.095635
	0.091401
	0.096756
	0.102100
	0.100345
	0.094849
	0.088719
	0.083263
	0.075065
	0.067964
	0.058373
	0.058850
	0.059184
	0.067495
	0.071673
	0.077693
	0.085523
	0.087075
	0.093393
	0.090225
	0.083413
	0.082936
	0.079303
	0.081299
	0.085834
	0.088249
	0.088903
	0.087219
	0.089519
	0.091341
	0.094591
	0.094325
	0.092875
	0.086805
	0.081665
	0.068211
	0.058841
	0.053769
	0.052565
	0.051369
	0.046633
	0.049825
	0.054019
	0.054083
	0.057625
	0.058519
	0.062809
	0.072364
	0.081125
	0.090505
	0.100379
	0.099346
	0.093715
	0.087606
	0.090586
	0.083263
	0.083985
	0.085983
	0.088913
	0.087045
	0.086856
	0.087716
	0.086250
	0.079769
	0.078375
	0.073345
	0.068166
	0.072994
	0.075331
	0.070371
	0.071519
	0.065354
	0.072919
	0.072350
	0.066924
	0.064939
	0.074235
	0.078569
	0.080705
	0.081425
	0.075915
	0.075685
	0.079900
	0.078283
	0.080773
	0.083084
	0.080019
	0.083714
	0.084675
	0.090046
	0.096491
	0.095413
	0.094799
	0.092175
	0.089699
	0.086150
	0.082186
	0.082295
	0.083696
	0.083573
	0.084655
	0.091535
	0.091481
	0.092005
	0.091725
	0.098094
	0.098323
	0.089651
	0.084150
	0.083619
	0.080579
	0.077119
	0.075373
	0.072939
	0.066079
	0.066569
	0.074159
	0.076343
	0.083664
	0.089831
	0.095161
	0.098269
	0.090401
	0.085369
	0.079649
	0.081014
	0.075901
	0.080179
	0.082786
	0.086369
	0.088475
	0.086263
	0.081456
	0.077685
	0.074219
	0.069324
	0.070925
	0.066325
	0.070759
	0.080116
	0.082019
	0.074683
	0.071455
	0.069469
	0.070619
	0.074769
	0.070119
	0.061899
	0.060296
	0.058799
	0.061369
	0.064835
	0.070569
	0.073054
	0.077389
	0.069900
	0.068911
	0.068875
	0.071256
	0.076500
