	0.175000
	0.257000
	0.317000
	0.366000
	0.429000
	0.471000
	0.503000
	0.535000
	0.560500
	0.589000
	0.622500
	0.648000
	0.674500
	0.692000
	0.703500
	0.718000
	0.707000
	0.702500
	0.696500
	0.690500
	0.688500
	0.694500
	0.696500
	0.695500
	0.701000
	0.699000
	0.710000
	0.717500
	0.721000
	0.717500
	0.712500
	0.714500
	0.710000
	0.711000
	0.709000
	0.701500
	0.696000
	0.696000
	0.684500
	0.680000
	0.685000
	0.689500
	0.700500
	0.713000
	0.712000
	0.708000
	0.697500
	0.693000
	0.692000
	0.681500
	0.665000
	0.662500
	0.666000
	0.658000
	0.658000
	0.658000
	0.669500
	0.658000
	0.664500
	0.660500
	0.658000
	0.662000
	0.666000
	0.674000
	0.683500
	0.682500
	0.667500
	0.659000
	0.643000
	0.630500
	0.625000
	0.613500
	0.617500
	0.629500
	0.629000
	0.648500
	0.667500
	0.675000
	0.679000
	0.659500
	0.659000
	0.658500
	0.667500
	0.676000
	0.671000
	0.668000
	0.660500
	0.668500
	0.667500
	0.679000
	0.682000
	0.675500
	0.670500
	0.673000
	0.685000
	0.695500
	0.710000
	0.704500
	0.700500
	0.703500
	0.712000
	0.717500
	0.705500
	0.691500
	0.690000
	0.674000
	0.666000
	0.670000
	0.655500
	0.669500
	0.690000
	0.685500
	0.680000
	0.678500
	0.683000
	0.680000
	0.686000
	0.691500
	0.701500
	0.711000
	0.717000
	0.724000
	0.732500
	0.734000
	0.735500
	0.730000
	0.723000
	0.722000
	0.716000
	0.702500
	0.688000
	0.681000
	0.681000
	0.691000
	0.702000
	0.708000
	0.717000
	0.723000
	0.734000
	0.741000
	0.750000
	0.741500
	0.731000
	0.736000
	0.731000
	0.725000
	0.721000
	0.715000
	0.709500
	0.711500
	0.716000
	0.715500
	0.719500
	0.711000
	0.704000
	0.702000
	0.696500
	0.688000
	0.683500
	0.672000
	0.670500
	0.678000
	0.678500
	0.679000
	0.674500
	0.681500
	0.674500
	0.683000
	0.693000
	0.703000
	0.719000
	0.719500
	0.714500
	0.703500
	0.697000
	0.682500
	0.662000
	0.656500
	0.652000
	0.649000
	0.653000
	0.656500
	0.664500
	0.672000
	0.670500
	0.671500
	0.683500
	0.696500
	0.709500
	0.730000
	0.734500
	0.723500
	0.717000
	0.711500
	0.708000
	0.710500
	0.710500
	0.707000
	0.702000
	0.697500
