	0.185500
	0.266000
	0.342000
	0.404500
	0.444500
	0.442000
	0.448000
	0.446500
	0.447500
	0.460000
	0.485500
	0.514500
	0.544500
	0.562000
	0.586000
	0.614000
	0.625500
	0.622000
	0.613000
	0.620500
	0.621000
	0.632000
	0.640500
	0.651000
	0.657500
	0.673500
	0.673500
	0.691000
	0.697000
	0.701000
	0.700500
	0.697500
	0.696000
	0.693500
	0.693000
	0.672500
	0.674500
	0.679000
	0.673500
	0.675000
	0.675000
	0.675500
	0.672500
	0.666500
	0.655500
	0.651500
	0.648000
	0.652500
	0.655000
	0.653000
	0.653500
	0.650500
	0.670500
	0.682500
	0.684000
	0.686500
	0.690000
	0.690000
	0.690000
	0.701000
	0.703500
	0.702000
	0.695000
	0.689000
	0.681000
	0.661500
	0.656000
	0.641500
	0.632000
	0.631500
	0.637000
	0.646000
	0.652000
	0.656000
	0.654000
	0.645000
	0.644500
	0.643000
	0.652500
	0.670000
	0.678000
	0.679000
	0.672000
	0.675000
	0.680000
	0.694500
	0.694500
	0.686000
	0.666500
	0.650000
	0.643500
	0.649000
	0.656000
	0.668000
	0.667500
	0.666000
	0.677000
	0.674000
	0.676000
	0.685500
	0.701500
	0.698000
	0.701000
	0.698000
	0.688000
	0.689000
	0.690500
	0.690500
	0.693500
	0.705000
	0.705500
	0.706000
	0.723500
	0.728500
	0.721000
	0.724500
	0.721000
	0.710000
	0.711500
	0.707000
	0.708000
	0.700500
	0.685500
	0.680500
	0.673000
	0.665500
	0.660500
	0.656500
	0.645000
	0.637000
	0.629500
	0.635000
	0.631500
	0.618000
	0.605000
	0.594000
	0.581000
	0.580500
	0.578000
	0.575500
	0.582500
	0.591500
	0.599000
	0.605500
	0.616000
	0.629000
	0.644000
	0.652000
	0.651000
	0.641500
	0.631000
	0.628500
	0.622000
	0.627000
	0.638000
	0.655000
	0.659500
	0.665000
	0.667500
	0.670000
	0.698500
	0.716000
	0.710500
	0.707000
	0.703500
	0.704500
	0.694000
	0.698000
	0.696500
	0.695000
	0.700000
	0.705500
	0.711000
	0.712500
	0.714000
	0.702500
	0.701500
	0.691500
	0.682000
	0.689500
	0.693000
	0.708500
	0.710000
	0.710500
	0.708500
	0.708000
	0.709000
	0.707500
	0.717000
	0.713500
	0.712500
	0.715000
	0.721500
	0.715500
	0.701500
	0.704000
	0.692000
	0.684500
	0.687500
	0.690000
