	0.134644
	0.176173
	0.201165
	0.206569
	0.199855
	0.187723
	0.176069
	0.168419
	0.164064
	0.162735
	0.162475
	0.157521
	0.152583
	0.145669
	0.140315
	0.132903
	0.122241
	0.115001
	0.109015
	0.104075
	0.094000
	0.083483
	0.071929
	0.064655
	0.062845
	0.063493
	0.061454
	0.065909
	0.069574
	0.069126
	0.069869
	0.065201
	0.065296
	0.062455
	0.068146
	0.071564
	0.073914
	0.070523
	0.061054
	0.061353
	0.057050
	0.060700
	0.056413
	0.065006
	0.067203
	0.072516
	0.071973
	0.072319
	0.072459
	0.075833
	0.075805
	0.071436
	0.055604
	0.050505
	0.045925
	0.048100
	0.043309
	0.046219
	0.045189
	0.042513
	0.044909
	0.043350
	0.041971
	0.040976
	0.042394
	0.038706
	0.041916
	0.047769
	0.053685
	0.059869
	0.057186
	0.049355
	0.039683
	0.037723
	0.042685
	0.050825
	0.057616
	0.062525
	0.063645
	0.061969
	0.057823
	0.050936
	0.055214
	0.057551
	0.062515
	0.065000
	0.066395
	0.062319
	0.059395
	0.051569
	0.048569
	0.052299
	0.058315
	0.059465
	0.058636
	0.061850
	0.059064
	0.062443
	0.064861
	0.063675
	0.058175
	0.054775
	0.058955
	0.064319
	0.068085
	0.071926
	0.069335
	0.067283
	0.059675
	0.056369
	0.053335
	0.052983
	0.057934
	0.063885
	0.069516
	0.066669
	0.062533
	0.067126
	0.070269
	0.067926
	0.061585
	0.056683
	0.062989
	0.065976
	0.066763
	0.067333
	0.070133
	0.075495
	0.081169
	0.086544
	0.084300
	0.089531
	0.089993
	0.088825
	0.088819
	0.085975
	0.085933
	0.083723
	0.083416
	0.081775
	0.080675
	0.080419
	0.076715
	0.073253
	0.072943
	0.071335
	0.073665
	0.074931
	0.066884
	0.067395
	0.067693
	0.066869
	0.067881
	0.073145
	0.072100
	0.070476
	0.070166
	0.070155
	0.067604
	0.065435
	0.058549
	0.056136
	0.048723
	0.046913
	0.043119
	0.044416
	0.045771
	0.048481
	0.048053
	0.051445
	0.054019
	0.057634
	0.064761
	0.069171
	0.073789
	0.078956
	0.077133
	0.071895
	0.068981
	0.073321
	0.079493
	0.084543
	0.083815
	0.078545
	0.074925
	0.073509
	0.067089
	0.058379
	0.061533
	0.067665
	0.069365
	0.072335
	0.075589
	0.076124
	0.079789
	0.068285
	0.065185
	0.061219
	0.066055
	0.066875
