	0.146815
	0.186974
	0.204441
	0.205903
	0.201113
	0.191581
	0.178811
	0.164734
	0.153750
	0.141714
	0.128661
	0.118211
	0.104250
	0.093815
	0.088000
	0.082981
	0.079094
	0.079085
	0.077100
	0.073925
	0.073769
	0.075139
	0.073395
	0.068095
	0.071845
	0.068459
	0.068305
	0.071844
	0.075394
	0.076269
	0.073693
	0.063634
	0.058263
	0.059525
	0.053575
	0.055455
	0.058056
	0.062035
	0.062269
	0.066245
	0.067074
	0.069924
	0.069524
	0.072045
	0.064781
	0.064679
	0.062055
	0.059625
	0.051283
	0.057993
	0.063871
	0.069793
	0.079125
	0.086123
	0.092883
	0.092453
	0.093195
	0.092823
	0.093193
	0.091319
	0.087139
	0.079566
	0.071019
	0.064350
	0.059555
	0.050751
	0.056875
	0.052356
	0.041061
	0.034364
	0.033665
	0.034969
	0.035911
	0.034703
	0.037225
	0.039655
	0.040066
	0.041669
	0.043833
	0.045981
	0.048355
	0.052553
	0.057209
	0.062925
	0.065150
	0.067669
	0.069781
	0.062624
	0.062945
	0.067869
	0.073415
	0.076075
	0.079885
	0.073873
	0.074121
	0.072375
	0.062069
	0.063350
	0.063050
	0.060583
	0.058534
	0.060259
	0.068686
	0.079119
	0.086869
	0.095543
	0.099669
	0.101343
	0.100023
	0.102359
	0.100873
	0.099655
	0.093501
	0.085881
	0.077273
	0.070333
	0.067461
	0.064743
	0.054755
	0.056849
	0.053951
	0.054083
	0.052415
	0.051225
	0.055886
	0.060819
	0.060914
	0.054676
	0.046950
	0.041469
	0.036833
	0.032775
	0.039025
	0.046265
	0.050475
	0.058265
	0.062373
	0.062616
	0.060939
	0.055013
	0.058483
	0.051001
	0.054675
	0.058801
	0.062165
	0.066133
	0.070009
	0.071739
	0.072339
	0.070109
	0.069663
	0.061635
	0.057193
	0.059176
	0.062589
	0.068973
	0.071563
	0.072909
	0.077625
	0.075715
	0.075119
	0.073015
	0.064286
	0.054875
	0.051975
	0.060213
	0.066481
	0.069045
	0.078615
	0.084645
	0.093733
	0.099469
	0.103325
	0.103816
	0.106969
	0.104235
	0.103113
	0.099451
	0.090045
	0.086153
	0.085545
	0.075621
	0.067095
	0.063289
	0.067126
	0.071829
	0.079355
	0.083219
	0.089679
	0.085246
	0.083664
	0.076421
	0.060813
	0.063481
	0.062200
	0.063250
	0.063843
	0.068743
	0.072915
	0.070199
