	0.185500
	0.276000
	0.353000
	0.408500
	0.444500
	0.453000
	0.461000
	0.493000
	0.511000
	0.519500
	0.539500
	0.548500
	0.552500
	0.570500
	0.586000
	0.619500
	0.644500
	0.659500
	0.656500
	0.657000
	0.659000
	0.656000
	0.654500
	0.658000
	0.673500
	0.675000
	0.661500
	0.653000
	0.652500
	0.661000
	0.668000
	0.670000
	0.680000
	0.690000
	0.695500
	0.689000
	0.687000
	0.700500
	0.697000
	0.709000
	0.716000
	0.707500
	0.697500
	0.687000
	0.684000
	0.687000
	0.680500
	0.672000
	0.675000
	0.660000
	0.652500
	0.645000
	0.638500
	0.647500
	0.650500
	0.667000
	0.684000
	0.687500
	0.693500
	0.707000
	0.702500
	0.700500
	0.704000
	0.710500
	0.730500
	0.728000
	0.715000
	0.706000
	0.694500
	0.690500
	0.681500
	0.675500
	0.676000
	0.677000
	0.669500
	0.660000
	0.657500
	0.648000
	0.648500
	0.662000
	0.669500
	0.672000
	0.672500
	0.663500
	0.650500
	0.644000
	0.652500
	0.664000
	0.677000
	0.695500
	0.690500
	0.688500
	0.702500
	0.698500
	0.701500
	0.701500
	0.706000
	0.705000
	0.708500
	0.725000
	0.737500
	0.736500
	0.718500
	0.697500
	0.678500
	0.670500
	0.670500
	0.670000
	0.668500
	0.667500
	0.661000
	0.652500
	0.661000
	0.686000
	0.694000
	0.711500
	0.694500
	0.697000
	0.696000
	0.692000
	0.687500
	0.679500
	0.676500
	0.678500
	0.680500
	0.674500
	0.671500
	0.673500
	0.673000
	0.683500
	0.664000
	0.648000
	0.639500
	0.642500
	0.644500
	0.637000
	0.633500
	0.633500
	0.655000
	0.677000
	0.696500
	0.698000
	0.701000
	0.683500
	0.677000
	0.670500
	0.672000
	0.681000
	0.691500
	0.697500
	0.714000
	0.725500
	0.725500
	0.716000
	0.707000
	0.712000
	0.706500
	0.700500
	0.698500
	0.679500
	0.671000
	0.674000
	0.677500
	0.684000
	0.686500
	0.698500
	0.693000
	0.689500
	0.687500
	0.685500
	0.683000
	0.681500
	0.684000
	0.683000
	0.682500
	0.681000
	0.673500
	0.672000
	0.670500
	0.672500
	0.678500
	0.674500
	0.679500
	0.681000
	0.685500
	0.680000
	0.678000
	0.682000
	0.680500
	0.683000
	0.691500
	0.698500
	0.706000
	0.720000
	0.717000
	0.703000
	0.693000
	0.694500
	0.704500
	0.708500
