	0.166500
	0.249000
	0.318000
	0.348000
	0.377000
	0.414500
	0.433000
	0.440000
	0.444500
	0.458000
	0.477500
	0.502000
	0.520500
	0.540000
	0.550500
	0.563500
	0.575000
	0.594500
	0.619500
	0.646000
	0.674500
	0.704500
	0.717000
	0.723000
	0.710500
	0.700500
	0.692000
	0.686000
	0.673000
	0.659500
	0.654000
	0.658000
	0.653000
	0.668500
	0.687000
	0.710000
	0.713000
	0.720000
	0.701000
	0.693000
	0.685000
	0.667500
	0.663500
	0.668500
	0.680000
	0.695500
	0.713000
	0.719500
	0.714000
	0.723500
	0.723000
	0.728000
	0.736000
	0.734000
	0.726000
	0.719000
	0.714500
	0.711000
	0.707500
	0.711000
	0.709500
	0.702000
	0.698500
	0.695500
	0.688500
	0.688000
	0.679500
	0.667000
	0.656500
	0.656500
	0.641500
	0.626500
	0.623500
	0.626500
	0.641000
	0.644500
	0.657000
	0.655500
	0.681000
	0.703500
	0.716500
	0.706500
	0.696000
	0.697500
	0.715000
	0.711500
	0.713500
	0.713500
	0.716000
	0.706500
	0.708500
	0.696500
	0.694500
	0.687500
	0.686500
	0.684000
	0.677500
	0.673500
	0.663000
	0.657000
	0.641000
	0.625000
	0.620500
	0.630500
	0.637500
	0.636500
	0.632000
	0.650000
	0.658500
	0.666500
	0.671000
	0.670500
	0.678500
	0.687000
	0.696500
	0.698000
	0.690000
	0.705500
	0.699500
	0.691000
	0.687000
	0.691500
	0.697500
	0.710500
	0.715500
	0.733000
	0.742500
	0.739000
	0.733000
	0.728500
	0.723000
	0.715000
	0.695500
	0.687500
	0.673000
	0.671000
	0.673000
	0.677000
	0.683500
	0.696500
	0.699000
	0.707500
	0.684000
	0.678500
	0.679500
	0.679500
	0.681000
	0.679000
	0.685500
	0.682500
	0.696500
	0.697000
	0.701500
	0.694500
	0.680500
	0.678000
	0.679000
	0.676500
	0.674500
	0.682000
	0.687500
	0.688000
	0.688500
	0.698000
	0.694000
	0.686000
	0.684000
	0.688000
	0.690000
	0.702500
	0.709000
	0.714500
	0.720000
	0.724500
	0.735500
	0.725000
	0.711500
	0.713500
	0.700000
	0.701500
	0.727500
	0.723000
	0.708500
	0.708000
	0.717500
	0.719000
	0.726000
	0.731000
	0.736500
	0.724500
	0.718500
	0.704000
	0.704000
	0.704000
	0.701500
	0.693500
	0.679500
	0.671500
	0.673500
	0.665000
