	0.134644
	0.172465
	0.199571
	0.206119
	0.202495
	0.188393
	0.174345
	0.161819
	0.148715
	0.136384
	0.126375
	0.126701
	0.128115
	0.127411
	0.131800
	0.132071
	0.133675
	0.135700
	0.142111
	0.146454
	0.147313
	0.140701
	0.131564
	0.121121
	0.109715
	0.098401
	0.091901
	0.087663
	0.086055
	0.085815
	0.082326
	0.078324
	0.074095
	0.072004
	0.069943
	0.070313
	0.070939
	0.072826
	0.070765
	0.074081
	0.071463
	0.071369
	0.058626
	0.051105
	0.047613
	0.046169
	0.041319
	0.044659
	0.048521
	0.047173
	0.048019
	0.051074
	0.051816
	0.055635
	0.059691
	0.064956
	0.063865
	0.062743
	0.059619
	0.058146
	0.053801
	0.052443
	0.048326
	0.048915
	0.046595
	0.049125
	0.052093
	0.053079
	0.055296
	0.057169
	0.063763
	0.071935
	0.079219
	0.087204
	0.089583
	0.094121
	0.098674
	0.101419
	0.099244
	0.091655
	0.090625
	0.086331
	0.086993
	0.091373
	0.093019
	0.094963
	0.094873
	0.088091
	0.089529
	0.093655
	0.090615
	0.082603
	0.076085
	0.067000
	0.070094
	0.074600
	0.077375
	0.077369
	0.083095
	0.088569
	0.088200
	0.092675
	0.096683
	0.093269
	0.091923
	0.089983
	0.086785
	0.091991
	0.089675
	0.084425
	0.082873
	0.082625
	0.074809
	0.073683
	0.074966
	0.072003
	0.068144
	0.067889
	0.068474
	0.073225
	0.076393
	0.083469
	0.090600
	0.089933
	0.084315
	0.081676
	0.081495
	0.081539
	0.076326
	0.074435
	0.071069
	0.064423
	0.062719
	0.059319
	0.064669
	0.067319
	0.067253
	0.070254
	0.075074
	0.074575
	0.078000
	0.073500
	0.069526
	0.066766
	0.063600
	0.057849
	0.059429
	0.058785
	0.063055
	0.066623
	0.068089
	0.068715
	0.065785
	0.068113
	0.067611
	0.073524
	0.076755
	0.083539
	0.084905
	0.089115
	0.091343
	0.095506
	0.096951
	0.097241
	0.092765
	0.083009
	0.074165
	0.061245
	0.057925
	0.050619
	0.049673
	0.053619
	0.061109
	0.068121
	0.072446
	0.074234
	0.077253
	0.081379
	0.081475
	0.082333
	0.085475
	0.088841
	0.089269
	0.094475
	0.100935
	0.100826
	0.101369
	0.107244
	0.103083
	0.097914
	0.099314
	0.097799
	0.097450
	0.095561
	0.089174
	0.080394
	0.070569
	0.059803
	0.056849
	0.050019
