	0.195000
	0.285000
	0.352000
	0.415000
	0.449500
	0.467000
	0.473500
	0.486000
	0.490000
	0.510000
	0.531500
	0.553500
	0.569500
	0.580000
	0.585500
	0.604000
	0.623500
	0.639000
	0.650500
	0.644500
	0.640000
	0.635500
	0.635000
	0.634000
	0.638500
	0.646500
	0.645500
	0.640500
	0.640500
	0.652000
	0.652500
	0.644000
	0.644500
	0.644000
	0.641000
	0.639500
	0.646500
	0.641500
	0.641500
	0.646500
	0.652500
	0.668000
	0.679500
	0.675000
	0.675000
	0.678500
	0.680500
	0.674000
	0.678000
	0.671500
	0.674000
	0.667000
	0.661000
	0.662000
	0.660000
	0.648500
	0.655000
	0.655000
	0.640000
	0.630500
	0.637000
	0.629000
	0.633500
	0.647500
	0.652000
	0.661500
	0.665000
	0.666500
	0.670000
	0.680000
	0.704000
	0.702000
	0.697500
	0.705500
	0.704500
	0.706000
	0.687000
	0.684500
	0.695500
	0.700000
	0.704000
	0.692000
	0.695500
	0.703500
	0.702500
	0.709000
	0.707500
	0.711000
	0.709000
	0.720000
	0.723000
	0.720500
	0.709500
	0.704500
	0.705500
	0.701500
	0.709500
	0.707000
	0.703500
	0.702500
	0.685000
	0.676500
	0.661500
	0.667000
	0.654500
	0.651500
	0.652500
	0.656500
	0.657000
	0.660500
	0.657500
	0.657000
	0.654500
	0.653500
	0.660000
	0.669500
	0.673000
	0.672500
	0.676500
	0.669500
	0.675500
	0.688500
	0.687500
	0.672000
	0.670000
	0.680500
	0.667500
	0.658000
	0.655000
	0.652500
	0.658500
	0.669500
	0.667000
	0.676500
	0.679000
	0.681000
	0.684000
	0.679000
	0.682000
	0.686000
	0.685000
	0.695000
	0.696000
	0.697500
	0.695500
	0.700000
	0.718500
	0.717000
	0.707000
	0.705500
	0.705000
	0.700500
	0.693000
	0.683000
	0.677000
	0.670000
	0.674500
	0.682000
	0.687500
	0.683000
	0.676500
	0.681000
	0.671500
	0.671500
	0.676500
	0.691000
	0.708000
	0.706000
	0.697500
	0.689500
	0.683000
	0.679500
	0.660500
	0.655000
	0.655000
	0.649500
	0.644500
	0.642500
	0.645000
	0.657500
	0.671500
	0.669000
	0.672000
	0.680000
	0.683500
	0.707500
	0.727000
	0.724000
	0.726500
	0.719000
	0.713000
	0.708500
	0.706500
	0.708500
	0.706000
	0.708000
	0.692500
	0.687500
	0.687500
	0.682000
