	0.194000
	0.273500
	0.331500
	0.402500
	0.445000
	0.473000
	0.481000
	0.494500
	0.510500
	0.540000
	0.561500
	0.582000
	0.594000
	0.616500
	0.637500
	0.646500
	0.651000
	0.655500
	0.654000
	0.662000
	0.656000
	0.668500
	0.660500
	0.658500
	0.656500
	0.650500
	0.659500
	0.671000
	0.687500
	0.683000
	0.677000
	0.674000
	0.661500
	0.648000
	0.633500
	0.624000
	0.616500
	0.591000
	0.569500
	0.556000
	0.559000
	0.557000
	0.559500
	0.570500
	0.572000
	0.596000
	0.611000
	0.616000
	0.623500
	0.629000
	0.632000
	0.650500
	0.662500
	0.674500
	0.684000
	0.690500
	0.695000
	0.696000
	0.701000
	0.707000
	0.684500
	0.662000
	0.655000
	0.649000
	0.637500
	0.631000
	0.628500
	0.637500
	0.655500
	0.668000
	0.680000
	0.686000
	0.701000
	0.709500
	0.711500
	0.704000
	0.694500
	0.687500
	0.688500
	0.691000
	0.709500
	0.714500
	0.705500
	0.703500
	0.700000
	0.691500
	0.683500
	0.661000
	0.658500
	0.659500
	0.668000
	0.665500
	0.665500
	0.682500
	0.684500
	0.684000
	0.681000
	0.678000
	0.685000
	0.687000
	0.677000
	0.663000
	0.659000
	0.646000
	0.628500
	0.625000
	0.627500
	0.627500
	0.625000
	0.626500
	0.627000
	0.615000
	0.615500
	0.620000
	0.633500
	0.621000
	0.630500
	0.632000
	0.652000
	0.649500
	0.659500
	0.673000
	0.678500
	0.677500
	0.675500
	0.666000
	0.652500
	0.635500
	0.634000
	0.635000
	0.660500
	0.686000
	0.687500
	0.678000
	0.664500
	0.663500
	0.671500
	0.666500
	0.668000
	0.671000
	0.669000
	0.656500
	0.655500
	0.657000
	0.664500
	0.668500
	0.666500
	0.669500
	0.666500
	0.660000
	0.653500
	0.658500
	0.655500
	0.659500
	0.654500
	0.642000
	0.628000
	0.616500
	0.607500
	0.613000
	0.628500
	0.646500
	0.665500
	0.670500
	0.663500
	0.665000
	0.662000
	0.664000
	0.656500
	0.662500
	0.661000
	0.664500
	0.678000
	0.687500
	0.707000
	0.707500
	0.705000
	0.699000
	0.681000
	0.678000
	0.676500
	0.670000
	0.661500
	0.662000
	0.663000
	0.669500
	0.677000
	0.669500
	0.668500
	0.659500
	0.635000
	0.624500
	0.618000
	0.606000
	0.609500
	0.622000
	0.636000
	0.644500
	0.663000
	0.654500
