	0.176000
	0.267000
	0.335000
	0.400000
	0.433000
	0.460000
	0.470000
	0.484000
	0.486000
	0.499500
	0.508500
	0.517500
	0.531000
	0.549000
	0.570000
	0.594000
	0.607500
	0.623500
	0.633500
	0.648000
	0.649500
	0.629000
	0.623000
	0.623500
	0.626000
	0.645500
	0.667500
	0.688000
	0.698000
	0.692500
	0.673000
	0.654500
	0.644000
	0.637000
	0.634000
	0.644000
	0.647000
	0.656500
	0.663500
	0.672500
	0.685500
	0.686500
	0.691000
	0.695500
	0.675500
	0.675500
	0.687000
	0.690000
	0.693000
	0.704500
	0.710000
	0.701000
	0.700000
	0.696000
	0.697500
	0.703000
	0.705500
	0.705000
	0.710000
	0.713500
	0.725000
	0.723500
	0.719500
	0.716500
	0.715500
	0.710500
	0.701500
	0.703000
	0.699000
	0.703500
	0.698500
	0.704000
	0.700500
	0.691000
	0.680500
	0.670500
	0.676000
	0.678500
	0.675000
	0.679500
	0.686000
	0.696000
	0.699500
	0.700000
	0.702000
	0.700000
	0.710500
	0.709500
	0.697500
	0.687500
	0.672000
	0.661000
	0.664500
	0.666000
	0.667500
	0.671000
	0.676500
	0.678500
	0.666500
	0.659500
	0.651500
	0.656000
	0.642500
	0.633500
	0.639500
	0.641500
	0.653000
	0.652500
	0.666000
	0.677500
	0.682000
	0.689500
	0.690000
	0.690500
	0.697000
	0.705000
	0.721500
	0.717000
	0.721000
	0.725500
	0.734500
	0.742500
	0.741500
	0.746500
	0.747500
	0.745500
	0.739500
	0.739000
	0.739500
	0.729500
	0.720000
	0.721500
	0.714000
	0.716000
	0.705000
	0.700000
	0.692500
	0.687000
	0.674500
	0.678500
	0.688000
	0.693500
	0.704000
	0.689500
	0.677500
	0.671500
	0.687000
	0.695500
	0.700500
	0.717000
	0.727500
	0.731500
	0.728500
	0.734500
	0.737000
	0.731500
	0.730000
	0.723500
	0.722000
	0.723000
	0.718500
	0.714500
	0.710000
	0.710500
	0.698000
	0.687000
	0.678000
	0.675000
	0.679500
	0.678000
	0.676000
	0.669500
	0.673500
	0.690500
	0.703000
	0.707500
	0.703000
	0.707000
	0.707500
	0.707500
	0.711500
	0.709500
	0.707000
	0.706000
	0.700500
	0.704000
	0.715000
	0.715500
	0.714500
	0.712500
	0.722000
	0.728000
	0.733000
	0.732000
	0.732500
	0.720500
	0.706500
	0.699500
	0.693000
	0.687000
