	0.141224
	0.183761
	0.203869
	0.205975
	0.196725
	0.185686
	0.174933
	0.163000
	0.150333
	0.138059
	0.130953
	0.124550
	0.122866
	0.117924
	0.120083
	0.119943
	0.119473
	0.119995
	0.120350
	0.119684
	0.120099
	0.114365
	0.110425
	0.110433
	0.112551
	0.115469
	0.121005
	0.111975
	0.107529
	0.099516
	0.093753
	0.089519
	0.083214
	0.078504
	0.076195
	0.061691
	0.062351
	0.052251
	0.048731
	0.052625
	0.057629
	0.060493
	0.061006
	0.056445
	0.060383
	0.060491
	0.056850
	0.054201
	0.052075
	0.051369
	0.058275
	0.063374
	0.068069
	0.072055
	0.076506
	0.076619
	0.077053
	0.081289
	0.087123
	0.088094
	0.087393
	0.087465
	0.089265
	0.085719
	0.086651
	0.081946
	0.079035
	0.078499
	0.076641
	0.074775
	0.078200
	0.077745
	0.077950
	0.072555
	0.068045
	0.072864
	0.079869
	0.077600
	0.080123
	0.082399
	0.076813
	0.079741
	0.077185
	0.068385
	0.063179
	0.057696
	0.055775
	0.051665
	0.050236
	0.053025
	0.059285
	0.064694
	0.070659
	0.075525
	0.076703
	0.078405
	0.079099
	0.082243
	0.077569
	0.073425
	0.071869
	0.071573
	0.069019
	0.072605
	0.071591
	0.075433
	0.079995
	0.084769
	0.088975
	0.085025
	0.075933
	0.061169
	0.061754
	0.064016
	0.069344
	0.066255
	0.064905
	0.059005
	0.062371
	0.071109
	0.068145
	0.062364
	0.054164
	0.048600
	0.045119
	0.046000
	0.041824
	0.036275
	0.039044
	0.042935
	0.050273
	0.055381
	0.060969
	0.064725
	0.067574
	0.070759
	0.072563
	0.076565
	0.077444
	0.079081
	0.079526
	0.081711
	0.079071
	0.077059
	0.076326
	0.065419
	0.064029
	0.061804
	0.058481
	0.059115
	0.057950
	0.061800
	0.066715
	0.074013
	0.077283
	0.080979
	0.080781
	0.080631
	0.076645
	0.074313
	0.071966
	0.066685
	0.064975
	0.060179
	0.062683
	0.066005
	0.071743
	0.083149
	0.087296
	0.088914
	0.086244
	0.080119
	0.072061
	0.069515
	0.062769
	0.065335
	0.068224
	0.068771
	0.072585
	0.066275
	0.062769
	0.060243
	0.057069
	0.055396
	0.056534
	0.063250
	0.068675
	0.075443
	0.083015
	0.091875
	0.097789
	0.104719
	0.111246
	0.110099
	0.111696
	0.112391
	0.109406
	0.106293
	0.108455
	0.114453
