	0.152225
	0.190025
	0.203869
	0.205575
	0.194719
	0.180409
	0.167919
	0.153363
	0.142633
	0.132619
	0.124983
	0.108924
	0.095895
	0.087746
	0.080325
	0.075919
	0.077393
	0.080791
	0.084434
	0.084641
	0.089395
	0.084385
	0.085483
	0.082301
	0.075223
	0.066586
	0.058723
	0.056446
	0.060514
	0.053000
	0.046575
	0.048905
	0.052619
	0.055984
	0.051973
	0.055186
	0.057181
	0.060493
	0.061731
	0.056469
	0.049969
	0.053175
	0.060650
	0.067795
	0.070925
	0.069875
	0.073119
	0.075211
	0.075200
	0.083506
	0.089425
	0.087606
	0.083413
	0.079971
	0.076404
	0.073019
	0.069919
	0.069919
	0.066819
	0.063019
	0.062505
	0.065746
	0.066250
	0.062963
	0.060251
	0.055936
	0.051165
	0.047679
	0.051250
	0.053375
	0.057879
	0.063675
	0.061241
	0.058299
	0.061046
	0.061063
	0.053675
	0.056529
	0.060481
	0.061619
	0.054541
	0.054805
	0.059469
	0.059246
	0.058019
	0.054536
	0.054825
	0.053995
	0.058426
	0.053085
	0.054485
	0.063925
	0.069025
	0.075119
	0.084264
	0.085391
	0.080969
	0.082281
	0.086253
	0.083925
	0.073576
	0.055605
	0.061925
	0.061833
	0.063413
	0.064926
	0.070995
	0.079755
	0.087093
	0.090319
	0.095105
	0.093103
	0.075243
	0.063473
	0.060683
	0.057735
	0.063805
	0.062314
	0.059569
	0.063343
	0.068253
	0.062635
	0.063575
	0.065166
	0.066775
	0.071301
	0.073836
	0.080319
	0.088815
	0.091169
	0.093715
	0.099169
	0.106900
	0.109911
	0.109081
	0.110716
	0.108306
	0.107619
	0.105365
	0.107519
	0.108326
	0.105045
	0.094815
	0.086316
	0.079606
	0.075165
	0.067749
	0.058050
	0.051743
	0.050406
	0.055423
	0.065543
	0.071923
	0.069503
	0.065181
	0.062915
	0.067523
	0.066021
	0.064174
	0.069503
	0.072045
	0.076683
	0.082989
	0.095196
	0.106406
	0.111439
	0.116373
	0.122469
	0.128503
	0.129493
	0.131059
	0.127181
	0.129914
	0.114113
	0.102825
	0.090804
	0.083473
	0.080423
	0.082011
	0.074573
	0.069866
	0.065225
	0.060679
	0.059831
	0.062383
	0.054906
	0.056815
	0.057375
	0.060153
	0.061475
	0.064585
	0.066525
	0.063871
	0.067726
	0.073119
	0.079033
	0.086725
	0.089579
	0.087909
	0.078893
