	0.145285
	0.184524
	0.201125
	0.202756
	0.193845
	0.177269
	0.164013
	0.155319
	0.147641
	0.143554
	0.132061
	0.123800
	0.113323
	0.107765
	0.099200
	0.096783
	0.094055
	0.096909
	0.097925
	0.104461
	0.108876
	0.106871
	0.100285
	0.091696
	0.084969
	0.082165
	0.078373
	0.073944
	0.064275
	0.054464
	0.053046
	0.052945
	0.058850
	0.063261
	0.073161
	0.078533
	0.080119
	0.081941
	0.081405
	0.081464
	0.081165
	0.078715
	0.078706
	0.074209
	0.074800
	0.074275
	0.079119
	0.075224
	0.075873
	0.070639
	0.069695
	0.073443
	0.076045
	0.076514
	0.079705
	0.085473
	0.088715
	0.088269
	0.095416
	0.096803
	0.098269
	0.093174
	0.091161
	0.093445
	0.091653
	0.093445
	0.087514
	0.078700
	0.066485
	0.058925
	0.062563
	0.067081
	0.070253
	0.073391
	0.076473
	0.077019
	0.076355
	0.071683
	0.070719
	0.066975
	0.062500
	0.056519
	0.054865
	0.057750
	0.057593
	0.060435
	0.060319
	0.060713
	0.063515
	0.064606
	0.068085
	0.064615
	0.069271
	0.075343
	0.078251
	0.085025
	0.085223
	0.070755
	0.065181
	0.066253
	0.061106
	0.055569
	0.059675
	0.057431
	0.054735
	0.059333
	0.055019
	0.053675
	0.048834
	0.053725
	0.058205
	0.065485
	0.074869
	0.078335
	0.079453
	0.070295
	0.072861
	0.080741
	0.086181
	0.089665
	0.092350
	0.089596
	0.079211
	0.072473
	0.063393
	0.064595
	0.065919
	0.070226
	0.070244
	0.072615
	0.075719
	0.079919
	0.088293
	0.096373
	0.102900
	0.107065
	0.113363
	0.115669
	0.118384
	0.119625
	0.121833
	0.116525
	0.115885
	0.116345
	0.111725
	0.100469
	0.092634
	0.074253
	0.060825
	0.056649
	0.056784
	0.062100
	0.070400
	0.074853
	0.080623
	0.085399
	0.085601
	0.085669
	0.086301
	0.083014
	0.079385
	0.079441
	0.080605
	0.080645
	0.081714
	0.080764
	0.086625
	0.084951
	0.085173
	0.082225
	0.085199
	0.078329
	0.075204
	0.077955
	0.077369
	0.076536
	0.082850
	0.087613
	0.095145
	0.093825
	0.083019
	0.069239
	0.060393
	0.057429
	0.057381
	0.063183
	0.066033
	0.069943
	0.068500
	0.065516
	0.066939
	0.066353
	0.063000
	0.058369
	0.063145
	0.062825
	0.064011
	0.062081
	0.065803
	0.067573
