	0.140425
	0.181785
	0.201925
	0.203491
	0.197443
	0.192433
	0.185453
	0.174119
	0.163971
	0.152850
	0.147225
	0.133063
	0.122641
	0.112966
	0.103593
	0.094299
	0.091969
	0.089095
	0.086153
	0.085825
	0.088236
	0.086453
	0.086286
	0.085719
	0.085750
	0.088075
	0.090541
	0.089201
	0.086700
	0.079724
	0.077963
	0.069119
	0.066753
	0.057795
	0.052550
	0.052313
	0.056976
	0.061900
	0.065725
	0.074655
	0.085003
	0.083769
	0.086233
	0.081156
	0.083885
	0.081219
	0.078535
	0.073566
	0.072113
	0.068619
	0.069195
	0.064325
	0.069775
	0.073923
	0.072519
	0.074500
	0.073816
	0.075383
	0.070275
	0.072613
	0.075085
	0.075119
	0.078575
	0.084849
	0.078983
	0.077500
	0.067754
	0.063801
	0.061369
	0.062683
	0.065035
	0.068375
	0.063064
	0.062395
	0.060925
	0.062995
	0.055500
	0.055336
	0.055065
	0.055875
	0.055295
	0.060359
	0.063566
	0.064705
	0.068213
	0.060100
	0.062016
	0.063269
	0.067061
	0.072000
	0.072753
	0.075269
	0.076461
	0.077704
	0.074433
	0.073500
	0.075516
	0.069643
	0.057425
	0.056296
	0.056734
	0.060004
	0.064875
	0.059531
	0.064966
	0.067474
	0.071931
	0.077233
	0.081746
	0.084663
	0.085175
	0.084750
	0.085891
	0.095145
	0.095675
	0.094395
	0.084800
	0.074329
	0.072635
	0.070915
	0.076461
	0.078215
	0.076603
	0.071759
	0.073526
	0.067966
	0.069483
	0.072681
	0.079953
	0.079353
	0.077761
	0.076519
	0.074975
	0.074800
	0.067615
	0.067606
	0.059975
	0.055219
	0.057999
	0.059963
	0.058905
	0.055369
	0.048533
	0.053664
	0.058050
	0.068069
	0.071321
	0.076625
	0.082684
	0.083155
	0.086199
	0.089683
	0.097494
	0.094725
	0.096313
	0.091086
	0.090886
	0.079519
	0.074921
	0.071905
	0.072831
	0.073404
	0.067971
	0.074819
	0.075094
	0.075304
	0.076519
	0.077836
	0.076385
	0.068371
	0.057554
	0.061413
	0.060089
	0.060803
	0.067150
	0.073025
	0.079205
	0.084995
	0.081614
	0.077161
	0.076759
	0.076505
	0.080704
	0.076745
	0.078135
	0.075621
	0.084943
	0.085651
	0.085819
	0.084906
	0.079116
	0.070043
	0.067506
	0.072571
	0.077619
	0.077803
	0.080425
	0.080793
	0.078351
	0.071165
