	0.139625
	0.179051
	0.196161
	0.202371
	0.202250
	0.194563
	0.183119
	0.171924
	0.161246
	0.152419
	0.148063
	0.139706
	0.134625
	0.129593
	0.120425
	0.107363
	0.097813
	0.090265
	0.088900
	0.079263
	0.069455
	0.061143
	0.063054
	0.061764
	0.058996
	0.059386
	0.059525
	0.058834
	0.055846
	0.056299
	0.059905
	0.061285
	0.059665
	0.063083
	0.054723
	0.053813
	0.052799
	0.053946
	0.053793
	0.050353
	0.053269
	0.058049
	0.061846
	0.067969
	0.072876
	0.070506
	0.066515
	0.064075
	0.064061
	0.066100
	0.067519
	0.065045
	0.066403
	0.068153
	0.069611
	0.075144
	0.073926
	0.072044
	0.073653
	0.076336
	0.081663
	0.083573
	0.084219
	0.083375
	0.079874
	0.079224
	0.081071
	0.082200
	0.084993
	0.086846
	0.090225
	0.089519
	0.088354
	0.082871
	0.071199
	0.067949
	0.062806
	0.058504
	0.057650
	0.054769
	0.056925
	0.051104
	0.048544
	0.047685
	0.047550
	0.050365
	0.050811
	0.046255
	0.047103
	0.046553
	0.050113
	0.049671
	0.046525
	0.042024
	0.035261
	0.038771
	0.043519
	0.047845
	0.052786
	0.057793
	0.064825
	0.066916
	0.073743
	0.080325
	0.082946
	0.083396
	0.086113
	0.082000
	0.082773
	0.080775
	0.078985
	0.078901
	0.076529
	0.076111
	0.077345
	0.071894
	0.073365
	0.076939
	0.079575
	0.082171
	0.083863
	0.078986
	0.065583
	0.059750
	0.047295
	0.046035
	0.047855
	0.049699
	0.050146
	0.050483
	0.050706
	0.048594
	0.050319
	0.048694
	0.048835
	0.048244
	0.051793
	0.050069
	0.049479
	0.053046
	0.050133
	0.048633
	0.050123
	0.054731
	0.057415
	0.059294
	0.061669
	0.062975
	0.073069
	0.082244
	0.090353
	0.092691
	0.098165
	0.100365
	0.101635
	0.096503
	0.094654
	0.091015
	0.087743
	0.081893
	0.075393
	0.074555
	0.074799
	0.078211
	0.075835
	0.082466
	0.092683
	0.101701
	0.100223
	0.087701
	0.078824
	0.082753
	0.083685
	0.074221
	0.065713
	0.059644
	0.062211
	0.071515
	0.081545
	0.082199
	0.088913
	0.089599
	0.093246
	0.092705
	0.091083
	0.093925
	0.091899
	0.092025
	0.078075
	0.069719
	0.074153
	0.079469
	0.076619
	0.070669
	0.071024
	0.068825
	0.067321
	0.072200
	0.077885
	0.081143
