	0.166000
	0.256000
	0.340500
	0.420000
	0.470500
	0.491000
	0.509500
	0.509500
	0.519500
	0.530500
	0.552000
	0.575000
	0.592000
	0.602500
	0.624000
	0.650500
	0.666500
	0.680000
	0.671000
	0.659000
	0.654500
	0.653000
	0.653000
	0.660000
	0.650000
	0.636000
	0.636500
	0.638500
	0.651000
	0.661000
	0.665000
	0.663500
	0.667500
	0.661500
	0.666000
	0.653000
	0.650500
	0.656500
	0.667500
	0.669500
	0.664000
	0.652000
	0.647500
	0.647500
	0.648500
	0.649500
	0.649500
	0.642000
	0.637500
	0.629000
	0.625500
	0.646000
	0.653500
	0.666500
	0.658500
	0.661500
	0.671000
	0.680500
	0.675500
	0.667000
	0.665500
	0.665500
	0.671500
	0.675500
	0.669500
	0.661000
	0.665000
	0.679500
	0.685500
	0.676500
	0.685000
	0.674000
	0.665500
	0.653500
	0.648500
	0.640000
	0.633000
	0.626500
	0.629500
	0.646000
	0.660500
	0.681000
	0.691500
	0.699500
	0.698500
	0.697000
	0.700500
	0.700000
	0.698000
	0.695000
	0.683000
	0.674500
	0.663500
	0.648500
	0.641500
	0.629500
	0.627500
	0.634500
	0.652000
	0.666000
	0.662000
	0.665500
	0.666500
	0.662000
	0.669500
	0.675000
	0.687000
	0.683000
	0.671500
	0.667500
	0.672500
	0.684500
	0.681000
	0.679000
	0.677000
	0.678500
	0.677000
	0.676000
	0.680500
	0.679000
	0.688000
	0.698000
	0.692500
	0.681500
	0.665500
	0.655000
	0.643500
	0.659500
	0.680000
	0.694000
	0.707000
	0.717500
	0.724000
	0.734500
	0.740000
	0.731500
	0.724000
	0.718000
	0.719500
	0.712500
	0.703000
	0.697000
	0.688000
	0.695500
	0.688000
	0.674000
	0.679000
	0.681000
	0.704500
	0.708500
	0.713500
	0.713500
	0.693500
	0.689000
	0.692000
	0.682500
	0.685500
	0.671500
	0.655000
	0.653500
	0.658000
	0.662000
	0.655000
	0.660500
	0.661500
	0.658500
	0.679500
	0.682000
	0.676500
	0.655000
	0.655500
	0.669000
	0.670500
	0.671000
	0.680500
	0.684500
	0.685500
	0.697000
	0.701000
	0.706000
	0.703500
	0.687500
	0.683500
	0.680000
	0.682000
	0.682000
	0.675000
	0.678000
	0.685000
	0.692500
	0.700500
	0.685000
	0.664000
	0.648500
	0.642000
	0.638000
	0.651500
	0.667500
	0.673500
	0.677500
