	0.152225
	0.190025
	0.205079
	0.205494
	0.199286
	0.191094
	0.183213
	0.175085
	0.167019
	0.162245
	0.158125
	0.147425
	0.137175
	0.125765
	0.119414
	0.113445
	0.103125
	0.098493
	0.090679
	0.079275
	0.067755
	0.057785
	0.051511
	0.044673
	0.041071
	0.038823
	0.040119
	0.044400
	0.048125
	0.049701
	0.054655
	0.060561
	0.065100
	0.070505
	0.066364
	0.058269
	0.055669
	0.053163
	0.046839
	0.039769
	0.042326
	0.048411
	0.052386
	0.057296
	0.062731
	0.059095
	0.055119
	0.054273
	0.056269
	0.053753
	0.051391
	0.056795
	0.062206
	0.064669
	0.069763
	0.071604
	0.071464
	0.069299
	0.066825
	0.068736
	0.075873
	0.076275
	0.074416
	0.072425
	0.070185
	0.068451
	0.064219
	0.061641
	0.056414
	0.058451
	0.060034
	0.057519
	0.055850
	0.047623
	0.043069
	0.046173
	0.050289
	0.051233
	0.051895
	0.052311
	0.047969
	0.051253
	0.055255
	0.054395
	0.052151
	0.043645
	0.040200
	0.044419
	0.048519
	0.050841
	0.053725
	0.052935
	0.055115
	0.053419
	0.051523
	0.051975
	0.054735
	0.048645
	0.048685
	0.056075
	0.060575
	0.063036
	0.063383
	0.065235
	0.068594
	0.066519
	0.064241
	0.059925
	0.057069
	0.058173
	0.063483
	0.065600
	0.071843
	0.067485
	0.057305
	0.047515
	0.043513
	0.043673
	0.041933
	0.038303
	0.038571
	0.042350
	0.044483
	0.048181
	0.054101
	0.056775
	0.057863
	0.060731
	0.062515
	0.067911
	0.073459
	0.074419
	0.079453
	0.077959
	0.083294
	0.073795
	0.068569
	0.067311
	0.064465
	0.059935
	0.054996
	0.051975
	0.050491
	0.050255
	0.055579
	0.062019
	0.070113
	0.074950
	0.081519
	0.083571
	0.079550
	0.074015
	0.067423
	0.066363
	0.067001
	0.067435
	0.061399
	0.063153
	0.068731
	0.064881
	0.067344
	0.061805
	0.058125
	0.061185
	0.063604
	0.065485
	0.064383
	0.066209
	0.069625
	0.071916
	0.072900
	0.077724
	0.080159
	0.079005
	0.073059
	0.071059
	0.068989
	0.072013
	0.067656
	0.059249
	0.057649
	0.055184
	0.052365
	0.051065
	0.053341
	0.050564
	0.049636
	0.057135
	0.064471
	0.069955
	0.073239
	0.067963
	0.068564
	0.071836
	0.074435
	0.076723
	0.077075
	0.076466
	0.071645
	0.064704
