	0.146815
	0.186974
	0.203346
	0.204115
	0.197419
	0.188085
	0.175613
	0.160325
	0.147895
	0.136969
	0.129225
	0.118185
	0.107219
	0.100306
	0.091319
	0.092673
	0.092353
	0.094169
	0.097119
	0.094773
	0.088115
	0.074006
	0.055883
	0.054775
	0.053841
	0.062639
	0.065783
	0.068059
	0.068366
	0.067161
	0.066069
	0.058301
	0.053095
	0.052235
	0.052303
	0.051635
	0.047073
	0.045919
	0.043024
	0.044366
	0.046585
	0.043926
	0.038319
	0.042725
	0.044083
	0.041325
	0.041761
	0.048005
	0.051373
	0.054014
	0.058785
	0.063905
	0.069883
	0.070773
	0.078553
	0.088636
	0.095594
	0.092375
	0.085383
	0.089364
	0.084765
	0.083061
	0.086404
	0.082275
	0.077843
	0.076055
	0.068669
	0.059111
	0.046475
	0.039723
	0.038025
	0.039455
	0.042785
	0.047019
	0.049895
	0.050791
	0.051991
	0.049883
	0.056486
	0.059683
	0.068866
	0.069725
	0.078954
	0.085855
	0.090263
	0.088401
	0.079239
	0.071409
	0.069271
	0.065043
	0.061395
	0.051001
	0.050423
	0.049975
	0.050564
	0.055595
	0.059285
	0.067500
	0.073893
	0.072516
	0.074500
	0.076376
	0.077574
	0.081775
	0.080600
	0.077125
	0.078109
	0.072621
	0.076661
	0.077183
	0.081361
	0.082245
	0.081783
	0.080950
	0.076221
	0.075493
	0.072451
	0.069269
	0.065526
	0.060065
	0.062785
	0.069605
	0.071825
	0.078239
	0.080311
	0.080183
	0.076955
	0.068286
	0.064051
	0.051786
	0.043835
	0.042779
	0.047596
	0.053275
	0.055355
	0.059245
	0.060445
	0.061393
	0.057699
	0.056150
	0.059883
	0.066674
	0.074575
	0.071321
	0.068344
	0.066269
	0.058629
	0.053061
	0.051804
	0.049853
	0.047319
	0.047336
	0.053113
	0.056645
	0.056629
	0.062816
	0.070944
	0.075645
	0.083319
	0.081881
	0.082509
	0.077345
	0.065895
	0.053181
	0.051586
	0.059375
	0.062534
	0.063405
	0.065050
	0.069069
	0.074029
	0.074994
	0.076269
	0.074375
	0.073950
	0.074361
	0.064569
	0.054764
	0.051683
	0.053133
	0.050335
	0.049286
	0.051569
	0.055665
	0.054853
	0.056513
	0.056963
	0.059774
	0.064424
	0.066674
	0.067213
	0.061044
	0.055986
	0.062143
	0.066511
	0.069035
	0.062584
	0.050593
	0.043016
	0.044825
