	0.133885
	0.171243
	0.193419
	0.202971
	0.201335
	0.195683
	0.187919
	0.180543
	0.173975
	0.165795
	0.156581
	0.151450
	0.141819
	0.133995
	0.125223
	0.119644
	0.110755
	0.107275
	0.100963
	0.093900
	0.092856
	0.094844
	0.096633
	0.094774
	0.098083
	0.101666
	0.102450
	0.099103
	0.097195
	0.088365
	0.075075
	0.071013
	0.067813
	0.065471
	0.065421
	0.068659
	0.073603
	0.070123
	0.069471
	0.074506
	0.076483
	0.078419
	0.082686
	0.085050
	0.077934
	0.080523
	0.082533
	0.079013
	0.078900
	0.079175
	0.082600
	0.089195
	0.097093
	0.101131
	0.104506
	0.098939
	0.095519
	0.085773
	0.078043
	0.070026
	0.066616
	0.067374
	0.068439
	0.063014
	0.058725
	0.053406
	0.055969
	0.056246
	0.057601
	0.060951
	0.064415
	0.068509
	0.064804
	0.064665
	0.068094
	0.063819
	0.065835
	0.070835
	0.074316
	0.079045
	0.087675
	0.082369
	0.077975
	0.074400
	0.068383
	0.060323
	0.057534
	0.061663
	0.064445
	0.066856
	0.065375
	0.061823
	0.058465
	0.054319
	0.056851
	0.058449
	0.061051
	0.064793
	0.066811
	0.066865
	0.062223
	0.056773
	0.053425
	0.055149
	0.054191
	0.053584
	0.054819
	0.055123
	0.058146
	0.057586
	0.054943
	0.051095
	0.046719
	0.047944
	0.046619
	0.049375
	0.052991
	0.049806
	0.043775
	0.047183
	0.051064
	0.047426
	0.048754
	0.052251
	0.056075
	0.058625
	0.061796
	0.061041
	0.065365
	0.070150
	0.074119
	0.082769
	0.087369
	0.091921
	0.090203
	0.089223
	0.089664
	0.089869
	0.085263
	0.085435
	0.086906
	0.084633
	0.080619
	0.089546
	0.088275
	0.082239
	0.079325
	0.082923
	0.079021
	0.074971
	0.076255
	0.080926
	0.073439
	0.069375
	0.067250
	0.068531
	0.073833
	0.080234
	0.080569
	0.078669
	0.074526
	0.068666
	0.062044
	0.047873
	0.045023
	0.046963
	0.053779
	0.056035
	0.062189
	0.065463
	0.071156
	0.067013
	0.066594
	0.066544
	0.067069
	0.066375
	0.065905
	0.064004
	0.063695
	0.066809
	0.072850
	0.077500
	0.073019
	0.066135
	0.061049
	0.052231
	0.054736
	0.057634
	0.055401
	0.046761
	0.047703
	0.053969
	0.054591
	0.055473
	0.056591
	0.058605
	0.063503
	0.066939
	0.072200
	0.078344
