	0.146815
	0.186974
	0.204465
	0.204283
	0.196485
	0.185513
	0.172075
	0.159119
	0.151184
	0.146236
	0.140921
	0.135154
	0.130119
	0.121664
	0.116369
	0.109795
	0.112025
	0.114475
	0.114143
	0.108316
	0.104025
	0.101179
	0.099441
	0.098975
	0.093565
	0.078919
	0.071079
	0.064496
	0.070829
	0.067019
	0.066075
	0.053201
	0.055795
	0.057905
	0.061200
	0.061683
	0.057619
	0.058625
	0.064589
	0.070975
	0.070669
	0.070525
	0.067659
	0.073403
	0.068119
	0.067923
	0.067171
	0.065469
	0.063621
	0.067375
	0.069785
	0.067619
	0.073573
	0.078801
	0.081005
	0.080613
	0.081503
	0.072371
	0.071525
	0.072719
	0.068616
	0.061045
	0.059415
	0.059704
	0.062544
	0.063965
	0.056696
	0.059654
	0.064095
	0.072269
	0.080113
	0.088293
	0.098009
	0.100015
	0.103924
	0.105289
	0.096575
	0.084171
	0.070743
	0.057714
	0.055954
	0.059385
	0.059454
	0.064476
	0.062403
	0.059975
	0.059036
	0.060150
	0.057613
	0.050394
	0.051143
	0.059175
	0.064073
	0.062363
	0.055665
	0.058673
	0.060669
	0.053719
	0.056150
	0.055419
	0.059545
	0.060905
	0.068741
	0.075956
	0.087305
	0.097553
	0.104661
	0.110419
	0.103893
	0.105233
	0.104856
	0.103045
	0.096850
	0.088289
	0.076865
	0.069065
	0.066743
	0.058473
	0.051414
	0.051514
	0.050896
	0.052901
	0.053953
	0.058413
	0.056919
	0.059069
	0.056825
	0.051925
	0.047429
	0.047245
	0.049064
	0.049993
	0.047295
	0.045469
	0.047153
	0.051783
	0.055019
	0.059399
	0.058500
	0.063494
	0.068600
	0.070700
	0.068333
	0.058505
	0.061631
	0.061959
	0.067219
	0.061265
	0.063201
	0.062265
	0.062244
	0.058043
	0.059179
	0.058615
	0.059669
	0.063385
	0.061794
	0.061275
	0.065923
	0.068033
	0.068035
	0.067181
	0.066925
	0.058063
	0.057235
	0.052469
	0.052519
	0.051665
	0.055181
	0.054575
	0.056595
	0.060269
	0.065950
	0.064425
	0.067905
	0.071815
	0.073871
	0.076735
	0.073275
	0.069483
	0.067019
	0.066356
	0.067319
	0.062599
	0.061813
	0.064251
	0.061313
	0.061791
	0.055984
	0.052705
	0.057573
	0.063219
	0.071655
	0.077303
	0.082306
	0.084233
	0.085155
	0.085945
	0.079083
	0.069564
