	0.152225
	0.190025
	0.206600
	0.205975
	0.194619
	0.176300
	0.163465
	0.153315
	0.145923
	0.141355
	0.135669
	0.129001
	0.120055
	0.114589
	0.111765
	0.108045
	0.104543
	0.100514
	0.097799
	0.089816
	0.090176
	0.093311
	0.097165
	0.103695
	0.102024
	0.100079
	0.093269
	0.084719
	0.073795
	0.065429
	0.056541
	0.049525
	0.058295
	0.068019
	0.076419
	0.087203
	0.100999
	0.114093
	0.124254
	0.132083
	0.137254
	0.139269
	0.135355
	0.122913
	0.108515
	0.096025
	0.087536
	0.074324
	0.064693
	0.070361
	0.075494
	0.073174
	0.060496
	0.046966
	0.046409
	0.046055
	0.046281
	0.048351
	0.052549
	0.058406
	0.064969
	0.070935
	0.072069
	0.070093
	0.068933
	0.069939
	0.073381
	0.079599
	0.081119
	0.078651
	0.075265
	0.076443
	0.073021
	0.069250
	0.060169
	0.054269
	0.057323
	0.046854
	0.046036
	0.050025
	0.054665
	0.063776
	0.069715
	0.073765
	0.076885
	0.077311
	0.074305
	0.069271
	0.074494
	0.076433
	0.070333
	0.064755
	0.063446
	0.050871
	0.054669
	0.051155
	0.055684
	0.059541
	0.056600
	0.057829
	0.057556
	0.059214
	0.059525
	0.055955
	0.053891
	0.049775
	0.052113
	0.055765
	0.060105
	0.069583
	0.077956
	0.080561
	0.083753
	0.077725
	0.074459
	0.070703
	0.068693
	0.061269
	0.054119
	0.050639
	0.049683
	0.049175
	0.045919
	0.049815
	0.051569
	0.053275
	0.050153
	0.056341
	0.059693
	0.062919
	0.062935
	0.061369
	0.064193
	0.060686
	0.065345
	0.073219
	0.079869
	0.086495
	0.085501
	0.079623
	0.077033
	0.080123
	0.082269
	0.077184
	0.086795
	0.094016
	0.103069
	0.108935
	0.104273
	0.098250
	0.094743
	0.082023
	0.076891
	0.076631
	0.073919
	0.071796
	0.077233
	0.074819
	0.071393
	0.076295
	0.080603
	0.079815
	0.076855
	0.073666
	0.075865
	0.069011
	0.073814
	0.072950
	0.065203
	0.073075
	0.078691
	0.084225
	0.086564
	0.088345
	0.081881
	0.081454
	0.077725
	0.065906
	0.057903
	0.055783
	0.058251
	0.054946
	0.051764
	0.049815
	0.049344
	0.049404
	0.044933
	0.043775
	0.043069
	0.043705
	0.042794
	0.045619
	0.045034
	0.048225
	0.054345
	0.060950
	0.065969
	0.069985
	0.070683
	0.069389
