	0.140425
	0.176173
	0.197276
	0.204775
	0.201219
	0.198215
	0.195715
	0.188019
	0.180369
	0.174096
	0.165450
	0.156636
	0.147619
	0.137826
	0.127825
	0.115933
	0.105859
	0.094849
	0.077639
	0.073545
	0.070475
	0.065805
	0.057964
	0.052665
	0.051129
	0.051265
	0.049413
	0.049623
	0.050816
	0.051289
	0.053585
	0.053619
	0.051593
	0.050679
	0.055705
	0.055935
	0.055811
	0.058033
	0.060009
	0.060421
	0.051409
	0.042481
	0.037700
	0.029705
	0.032745
	0.035921
	0.039719
	0.042426
	0.046403
	0.050513
	0.054719
	0.060106
	0.067175
	0.070416
	0.077165
	0.070323
	0.069819
	0.073834
	0.077291
	0.085955
	0.094654
	0.104055
	0.110513
	0.115350
	0.121399
	0.121675
	0.120746
	0.117334
	0.115501
	0.112269
	0.106303
	0.099436
	0.087064
	0.084819
	0.084719
	0.082700
	0.084519
	0.084895
	0.086196
	0.094354
	0.098575
	0.104416
	0.109874
	0.108003
	0.103315
	0.095101
	0.097231
	0.094175
	0.080213
	0.070329
	0.071253
	0.074100
	0.070483
	0.069893
	0.070745
	0.077219
	0.084214
	0.083819
	0.081450
	0.080663
	0.072985
	0.070636
	0.071311
	0.068715
	0.063299
	0.057064
	0.052865
	0.052500
	0.055363
	0.055764
	0.058069
	0.061983
	0.066979
	0.068231
	0.068769
	0.074169
	0.075466
	0.073671
	0.067474
	0.061683
	0.065079
	0.071055
	0.079345
	0.083291
	0.087049
	0.088986
	0.085511
	0.079423
	0.073033
	0.062575
	0.063284
	0.068619
	0.064093
	0.068475
	0.070533
	0.077801
	0.079914
	0.079469
	0.080385
	0.080919
	0.075771
	0.074495
	0.075523
	0.075619
	0.063301
	0.053686
	0.048433
	0.043623
	0.043425
	0.045089
	0.047900
	0.047450
	0.051863
	0.056234
	0.060919
	0.061879
	0.067669
	0.076083
	0.083575
	0.089969
	0.092769
	0.088754
	0.085495
	0.084099
	0.082996
	0.082696
	0.080613
	0.080903
	0.081326
	0.078069
	0.078466
	0.069261
	0.067975
	0.068569
	0.074573
	0.071745
	0.066035
	0.067881
	0.067653
	0.065446
	0.064575
	0.057573
	0.052855
	0.050323
	0.051541
	0.050825
	0.055846
	0.060141
	0.064875
	0.069800
	0.071569
	0.074513
	0.080313
	0.083066
	0.085159
	0.084166
	0.078759
	0.077183
	0.074963
	0.072073
