	0.146815
	0.180386
	0.201165
	0.205686
	0.202469
	0.193745
	0.180863
	0.172913
	0.166969
	0.158046
	0.150069
	0.141295
	0.135854
	0.131006
	0.127303
	0.124475
	0.120745
	0.120091
	0.115203
	0.110475
	0.099975
	0.090935
	0.081689
	0.073503
	0.068673
	0.064963
	0.058204
	0.055069
	0.050419
	0.042663
	0.042511
	0.043471
	0.047659
	0.049965
	0.054143
	0.056645
	0.051815
	0.042539
	0.044873
	0.043445
	0.046271
	0.046133
	0.051486
	0.055934
	0.061075
	0.061891
	0.060095
	0.061279
	0.058445
	0.063053
	0.067971
	0.073466
	0.073874
	0.072113
	0.072889
	0.076024
	0.075231
	0.069755
	0.062786
	0.059529
	0.055606
	0.058263
	0.057675
	0.057075
	0.063800
	0.070169
	0.076825
	0.084069
	0.084395
	0.086593
	0.087749
	0.086255
	0.085299
	0.089019
	0.093626
	0.100994
	0.108273
	0.110453
	0.111236
	0.105069
	0.101235
	0.100211
	0.101444
	0.101885
	0.098275
	0.097359
	0.089841
	0.087029
	0.089929
	0.086955
	0.083123
	0.074101
	0.064414
	0.060769
	0.064125
	0.064064
	0.053105
	0.051961
	0.055486
	0.059773
	0.059235
	0.051283
	0.054406
	0.057223
	0.059025
	0.051404
	0.047300
	0.047476
	0.049293
	0.046119
	0.044925
	0.044719
	0.043000
	0.043294
	0.046906
	0.048325
	0.048561
	0.047659
	0.046261
	0.040674
	0.044043
	0.045801
	0.048684
	0.052041
	0.054796
	0.051585
	0.049350
	0.052754
	0.054643
	0.056229
	0.063073
	0.066705
	0.059586
	0.056893
	0.053926
	0.057945
	0.058134
	0.063361
	0.064039
	0.059904
	0.055565
	0.054101
	0.058811
	0.060903
	0.057019
	0.055350
	0.057969
	0.055573
	0.051356
	0.051156
	0.049569
	0.050895
	0.047359
	0.050869
	0.054064
	0.054675
	0.058325
	0.064816
	0.065426
	0.068265
	0.066723
	0.065576
	0.067129
	0.068315
	0.068850
	0.070875
	0.072455
	0.074069
	0.073555
	0.076871
	0.079683
	0.073825
	0.068525
	0.072435
	0.071653
	0.073175
	0.077325
	0.076751
	0.076265
	0.080134
	0.080636
	0.079661
	0.076150
	0.075845
	0.073261
	0.072029
	0.068033
	0.064045
	0.058496
	0.062054
	0.064145
	0.068575
	0.070124
	0.072724
	0.078094
	0.080565
	0.081913
	0.079545
	0.076183
	0.069439
