	0.135453
	0.180386
	0.201704
	0.206599
	0.199400
	0.180835
	0.169843
	0.162700
	0.156271
	0.154723
	0.153721
	0.148483
	0.145564
	0.136059
	0.124686
	0.105715
	0.087275
	0.079625
	0.066869
	0.063425
	0.065254
	0.066979
	0.069643
	0.060923
	0.061574
	0.065854
	0.067275
	0.072736
	0.075019
	0.074035
	0.073254
	0.074526
	0.074171
	0.074274
	0.067885
	0.063269
	0.057550
	0.058086
	0.059344
	0.059494
	0.052369
	0.053795
	0.061639
	0.066685
	0.069744
	0.071345
	0.068955
	0.069883
	0.067115
	0.063449
	0.057285
	0.050653
	0.049635
	0.052653
	0.056404
	0.059189
	0.058756
	0.059364
	0.062223
	0.062899
	0.059269
	0.053600
	0.048344
	0.044709
	0.041925
	0.044466
	0.041509
	0.043323
	0.048454
	0.052964
	0.056405
	0.061395
	0.062184
	0.064345
	0.069243
	0.070781
	0.069300
	0.063663
	0.057569
	0.054753
	0.055675
	0.054375
	0.050591
	0.047769
	0.050843
	0.054863
	0.059774
	0.058761
	0.061585
	0.061945
	0.063414
	0.065769
	0.064975
	0.070909
	0.075100
	0.069145
	0.054606
	0.052415
	0.051283
	0.055373
	0.057984
	0.060251
	0.059664
	0.063063
	0.060214
	0.056461
	0.056444
	0.048769
	0.049805
	0.047695
	0.051803
	0.053165
	0.052895
	0.059234
	0.065969
	0.061523
	0.063534
	0.064099
	0.063746
	0.061841
	0.053653
	0.054325
	0.057469
	0.055969
	0.051051
	0.051754
	0.057441
	0.057746
	0.054086
	0.056086
	0.055686
	0.059341
	0.061299
	0.062019
	0.067064
	0.066723
	0.062636
	0.056704
	0.056919
	0.055094
	0.054925
	0.052163
	0.048171
	0.045669
	0.043025
	0.044375
	0.046471
	0.043371
	0.044425
	0.043645
	0.034769
	0.031064
	0.036063
	0.040226
	0.045633
	0.050575
	0.054041
	0.055299
	0.054305
	0.058141
	0.058773
	0.055015
	0.049969
	0.051931
	0.058533
	0.056093
	0.056254
	0.057651
	0.060341
	0.058650
	0.061475
	0.061395
	0.061283
	0.058369
	0.056419
	0.063305
	0.068669
	0.071731
	0.071854
	0.067565
	0.066445
	0.068719
	0.069633
	0.068163
	0.066463
	0.061923
	0.059446
	0.057099
	0.049986
	0.048541
	0.046383
	0.050945
	0.055379
	0.058281
	0.061265
	0.070066
	0.075850
	0.079903
	0.085649
	0.082369
