	0.152225
	0.190025
	0.205079
	0.204723
	0.193719
	0.175723
	0.161276
	0.144619
	0.121966
	0.110843
	0.099849
	0.085053
	0.074759
	0.065203
	0.055655
	0.051134
	0.054249
	0.054001
	0.048511
	0.046803
	0.047604
	0.054314
	0.062025
	0.069825
	0.068371
	0.068224
	0.062153
	0.055849
	0.052549
	0.057106
	0.062823
	0.070094
	0.071303
	0.075979
	0.077519
	0.081534
	0.083995
	0.083979
	0.073069
	0.060645
	0.050376
	0.047469
	0.044644
	0.048485
	0.046475
	0.049106
	0.054149
	0.059833
	0.061451
	0.059373
	0.055441
	0.054719
	0.051556
	0.051543
	0.049831
	0.054491
	0.059263
	0.058424
	0.061925
	0.068069
	0.071016
	0.074139
	0.074900
	0.076713
	0.079611
	0.073211
	0.066196
	0.062495
	0.059114
	0.055835
	0.052279
	0.061013
	0.065416
	0.069250
	0.075675
	0.080415
	0.080019
	0.077371
	0.072625
	0.070119
	0.071079
	0.065725
	0.063425
	0.064449
	0.061775
	0.069543
	0.067650
	0.060349
	0.059973
	0.061900
	0.062269
	0.065233
	0.065926
	0.065825
	0.062243
	0.052884
	0.050136
	0.051334
	0.052891
	0.061705
	0.063300
	0.070269
	0.068663
	0.062894
	0.060906
	0.061845
	0.066611
	0.073323
	0.079750
	0.087945
	0.093873
	0.093919
	0.090011
	0.083869
	0.070819
	0.064905
	0.063191
	0.064469
	0.065869
	0.066803
	0.066756
	0.065751
	0.062400
	0.055429
	0.049469
	0.049984
	0.051750
	0.057561
	0.063389
	0.069283
	0.073905
	0.074575
	0.072295
	0.074539
	0.074073
	0.070219
	0.062646
	0.057751
	0.056845
	0.055575
	0.064223
	0.066369
	0.075549
	0.083614
	0.089565
	0.096235
	0.098836
	0.090931
	0.079895
	0.068046
	0.051803
	0.055969
	0.051200
	0.055811
	0.060555
	0.063553
	0.072456
	0.077573
	0.080999
	0.087144
	0.096513
	0.102309
	0.107326
	0.107975
	0.103700
	0.100475
	0.092153
	0.083144
	0.075075
	0.069303
	0.060919
	0.059485
	0.062663
	0.066473
	0.064516
	0.070965
	0.075451
	0.085364
	0.095493
	0.095745
	0.096475
	0.096199
	0.094436
	0.090155
	0.090955
	0.088083
	0.080406
	0.078153
	0.076715
	0.074044
	0.070006
	0.064795
	0.062105
	0.058914
	0.050925
	0.052201
	0.053626
	0.054625
	0.060883
	0.067799
