	0.141224
	0.183761
	0.199023
	0.206169
	0.201855
	0.191143
	0.179133
	0.159093
	0.145545
	0.133291
	0.120225
	0.103396
	0.085619
	0.072036
	0.064463
	0.058350
	0.051119
	0.045316
	0.040075
	0.043744
	0.051151
	0.057419
	0.064219
	0.065605
	0.067819
	0.065309
	0.066075
	0.070859
	0.072166
	0.063331
	0.064545
	0.057964
	0.053269
	0.050531
	0.052215
	0.050915
	0.049903
	0.047839
	0.048035
	0.046500
	0.043516
	0.045619
	0.049793
	0.053275
	0.057134
	0.059996
	0.055545
	0.055519
	0.055891
	0.059983
	0.062243
	0.060669
	0.065535
	0.057575
	0.061469
	0.068933
	0.077173
	0.078075
	0.079315
	0.077259
	0.072443
	0.063700
	0.053815
	0.045850
	0.043204
	0.045295
	0.045875
	0.048125
	0.055619
	0.061509
	0.057369
	0.053963
	0.051723
	0.054969
	0.050213
	0.053195
	0.049931
	0.051129
	0.049485
	0.048700
	0.050685
	0.047933
	0.043274
	0.045445
	0.046633
	0.051719
	0.054025
	0.050695
	0.057486
	0.064824
	0.071339
	0.077036
	0.084073
	0.085086
	0.089315
	0.091279
	0.093801
	0.089223
	0.086503
	0.083219
	0.079254
	0.086150
	0.087513
	0.087264
	0.087763
	0.086549
	0.082415
	0.078413
	0.081529
	0.084783
	0.080926
	0.076355
	0.071279
	0.069235
	0.069385
	0.068653
	0.070009
	0.076576
	0.070511
	0.073286
	0.078419
	0.086855
	0.090225
	0.096109
	0.097769
	0.092673
	0.088881
	0.091750
	0.091400
	0.085915
	0.084933
	0.082205
	0.079724
	0.077955
	0.064213
	0.066975
	0.060375
	0.053175
	0.043165
	0.040965
	0.039043
	0.041816
	0.042794
	0.047084
	0.046150
	0.045073
	0.050369
	0.053000
	0.057285
	0.059156
	0.057875
	0.052473
	0.052401
	0.049365
	0.050414
	0.051349
	0.054275
	0.062593
	0.071219
	0.080974
	0.090969
	0.096836
	0.104805
	0.110819
	0.115979
	0.116746
	0.112853
	0.104143
	0.102943
	0.098763
	0.095769
	0.095113
	0.094291
	0.086745
	0.081856
	0.081950
	0.083669
	0.083794
	0.082219
	0.075489
	0.076600
	0.078325
	0.076576
	0.072635
	0.067519
	0.067255
	0.064855
	0.066369
	0.072491
	0.069419
	0.064805
	0.063793
	0.063565
	0.066689
	0.070376
	0.073704
	0.076900
	0.070295
	0.064709
	0.066344
