	0.166000
	0.257500
	0.335500
	0.401000
	0.444500
	0.488000
	0.501500
	0.539500
	0.564000
	0.579500
	0.582000
	0.592500
	0.617500
	0.634500
	0.649000
	0.652500
	0.671500
	0.666500
	0.681500
	0.681000
	0.683500
	0.667500
	0.671000
	0.659500
	0.660500
	0.664500
	0.663500
	0.652500
	0.656000
	0.646500
	0.641000
	0.645000
	0.657500
	0.664500
	0.666500
	0.678000
	0.694500
	0.682000
	0.673500
	0.669000
	0.674500
	0.667500
	0.656000
	0.650500
	0.657000
	0.646000
	0.625000
	0.618500
	0.615500
	0.618000
	0.630000
	0.639000
	0.632500
	0.636000
	0.631000
	0.653000
	0.665000
	0.682500
	0.686000
	0.684500
	0.681500
	0.686500
	0.691500
	0.692000
	0.696000
	0.696000
	0.696500
	0.699000
	0.705000
	0.706500
	0.699000
	0.693000
	0.693000
	0.695500
	0.691000
	0.682000
	0.669000
	0.667500
	0.661500
	0.660000
	0.664000
	0.668500
	0.667000
	0.666500
	0.652500
	0.642500
	0.640500
	0.652500
	0.649000
	0.642000
	0.640000
	0.663500
	0.673000
	0.669000
	0.661500
	0.652500
	0.647000
	0.652000
	0.653000
	0.664500
	0.671500
	0.676500
	0.685500
	0.687000
	0.686000
	0.686000
	0.677000
	0.673000
	0.658500
	0.645000
	0.638500
	0.643500
	0.639000
	0.646500
	0.647000
	0.655500
	0.659000
	0.668000
	0.673500
	0.671000
	0.681500
	0.676000
	0.667500
	0.654000
	0.638500
	0.624000
	0.622500
	0.627500
	0.632500
	0.633500
	0.642500
	0.650000
	0.650000
	0.642000
	0.640500
	0.658500
	0.678500
	0.686500
	0.671000
	0.665000
	0.668500
	0.669500
	0.684000
	0.683000
	0.675000
	0.669500
	0.678500
	0.684000
	0.682000
	0.673000
	0.676000
	0.677500
	0.694000
	0.702000
	0.707000
	0.698500
	0.684500
	0.674000
	0.667000
	0.656000
	0.651500
	0.661500
	0.664500
	0.650000
	0.640000
	0.637000
	0.638500
	0.655500
	0.673000
	0.670000
	0.679500
	0.676000
	0.682500
	0.695000
	0.712000
	0.708000
	0.696500
	0.686500
	0.680000
	0.678000
	0.679500
	0.677000
	0.670500
	0.670000
	0.671500
	0.663500
	0.646000
	0.639500
	0.644000
	0.650500
	0.654500
	0.655000
	0.654000
	0.650500
	0.643000
	0.646000
	0.655000
	0.670500
	0.677500
	0.679000
