	0.146815
	0.183761
	0.198474
	0.201819
	0.198619
	0.192121
	0.187419
	0.180864
	0.176471
	0.171734
	0.162800
	0.150693
	0.132350
	0.114724
	0.095675
	0.079925
	0.073155
	0.071263
	0.067325
	0.072205
	0.067443
	0.066665
	0.068861
	0.068463
	0.066189
	0.069519
	0.078625
	0.084403
	0.089075
	0.088669
	0.090061
	0.090643
	0.091495
	0.087353
	0.080275
	0.078173
	0.073069
	0.067981
	0.065756
	0.073419
	0.077705
	0.078406
	0.075250
	0.073315
	0.076425
	0.084901
	0.092700
	0.101325
	0.098015
	0.094219
	0.084605
	0.079845
	0.076525
	0.065400
	0.060963
	0.056350
	0.057449
	0.052619
	0.056850
	0.059929
	0.059356
	0.063044
	0.069954
	0.075101
	0.082275
	0.080245
	0.081700
	0.086325
	0.088829
	0.092443
	0.084936
	0.083853
	0.085119
	0.086345
	0.081903
	0.069200
	0.063204
	0.060393
	0.057553
	0.057925
	0.059711
	0.053495
	0.050923
	0.046935
	0.044315
	0.045936
	0.048455
	0.055656
	0.060324
	0.065694
	0.065225
	0.068063
	0.069733
	0.070385
	0.075414
	0.082133
	0.080163
	0.071100
	0.074449
	0.069933
	0.067619
	0.072734
	0.081365
	0.080499
	0.077825
	0.078775
	0.080925
	0.075093
	0.067721
	0.066613
	0.063145
	0.063159
	0.057883
	0.058574
	0.064329
	0.069623
	0.067756
	0.065316
	0.070755
	0.063769
	0.060665
	0.059753
	0.055714
	0.060365
	0.064066
	0.068125
	0.064389
	0.064806
	0.063219
	0.063345
	0.067450
	0.074113
	0.083745
	0.085196
	0.082401
	0.084591
	0.085841
	0.088225
	0.092455
	0.097719
	0.093369
	0.094615
	0.091535
	0.083026
	0.077375
	0.073489
	0.067819
	0.065491
	0.061625
	0.054675
	0.051276
	0.043200
	0.050519
	0.057755
	0.062313
	0.065853
	0.064364
	0.060369
	0.056623
	0.059755
	0.060164
	0.062833
	0.059795
	0.062085
	0.064269
	0.073319
	0.072283
	0.077175
	0.078503
	0.072823
	0.068755
	0.068075
	0.065811
	0.057069
	0.060001
	0.056549
	0.042911
	0.045243
	0.051613
	0.060583
	0.058941
	0.057491
	0.054501
	0.048543
	0.052796
	0.059543
	0.065225
	0.065469
	0.066935
	0.067085
	0.065856
	0.069745
	0.067685
	0.070694
	0.070345
	0.077069
	0.079879
	0.076603
	0.075444
	0.072074
