	0.184500
	0.256500
	0.324000
	0.380000
	0.424000
	0.438500
	0.452500
	0.474000
	0.485500
	0.518000
	0.538000
	0.561000
	0.581000
	0.595000
	0.616000
	0.632000
	0.646500
	0.661500
	0.665500
	0.668000
	0.668000
	0.676500
	0.697000
	0.696500
	0.688000
	0.683500
	0.685000
	0.675500
	0.662500
	0.661000
	0.671000
	0.698000
	0.697500
	0.701500
	0.704500
	0.698000
	0.700000
	0.693500
	0.685500
	0.683500
	0.682500
	0.683500
	0.707500
	0.715000
	0.719500
	0.717500
	0.712000
	0.708000
	0.712500
	0.706500
	0.695000
	0.690000
	0.684500
	0.688000
	0.693000
	0.702000
	0.713000
	0.729500
	0.733000
	0.722500
	0.717000
	0.705500
	0.703000
	0.706000
	0.704000
	0.704500
	0.706000
	0.701000
	0.693500
	0.696500
	0.703000
	0.709000
	0.705500
	0.699000
	0.695500
	0.686500
	0.673500
	0.674000
	0.675500
	0.673500
	0.683500
	0.691000
	0.699500
	0.695500
	0.685000
	0.679500
	0.670000
	0.660500
	0.660000
	0.644500
	0.640500
	0.643500
	0.653500
	0.659000
	0.659000
	0.662000
	0.665000
	0.666000
	0.660500
	0.671000
	0.670500
	0.674500
	0.679500
	0.694000
	0.701500
	0.707000
	0.703000
	0.694000
	0.684000
	0.678000
	0.669000
	0.658000
	0.651500
	0.649000
	0.652500
	0.651500
	0.651000
	0.661500
	0.668500
	0.656000
	0.650000
	0.655500
	0.661500
	0.652000
	0.630500
	0.618000
	0.619500
	0.618500
	0.622500
	0.618500
	0.623500
	0.629500
	0.650000
	0.669000
	0.681500
	0.681500
	0.676000
	0.684000
	0.680500
	0.688000
	0.683000
	0.680500
	0.671000
	0.668000
	0.672000
	0.665000
	0.668500
	0.680500
	0.692500
	0.697500
	0.703500
	0.700000
	0.706500
	0.705500
	0.687000
	0.681000
	0.672500
	0.671000
	0.669000
	0.662000
	0.665500
	0.665000
	0.666000
	0.673000
	0.680500
	0.669000
	0.647000
	0.636000
	0.636000
	0.636500
	0.636000
	0.639500
	0.642500
	0.648000
	0.653500
	0.665000
	0.660500
	0.670000
	0.693500
	0.699000
	0.704500
	0.686500
	0.679500
	0.671000
	0.670500
	0.668000
	0.669500
	0.683500
	0.677500
	0.666000
	0.657000
	0.659000
	0.663500
	0.667500
	0.672000
	0.675500
	0.685500
	0.694000
	0.707500
	0.702500
