	0.184500
	0.274000
	0.349500
	0.412000
	0.469500
	0.512500
	0.528500
	0.537500
	0.553000
	0.564000
	0.583000
	0.590000
	0.601500
	0.610500
	0.620000
	0.618500
	0.620500
	0.621000
	0.624500
	0.617000
	0.618000
	0.623000
	0.634500
	0.652000
	0.662500
	0.664500
	0.676500
	0.684000
	0.699500
	0.706000
	0.698000
	0.694500
	0.690000
	0.683000
	0.667000
	0.656500
	0.659000
	0.653000
	0.654500
	0.656000
	0.660500
	0.664500
	0.662000
	0.671000
	0.670000
	0.674500
	0.672500
	0.676000
	0.673500
	0.681000
	0.680500
	0.661500
	0.655500
	0.656000
	0.654500
	0.648500
	0.639500
	0.637500
	0.622000
	0.616500
	0.617500
	0.624000
	0.633000
	0.630500
	0.641500
	0.644500
	0.656000
	0.670000
	0.690500
	0.695000
	0.678500
	0.663000
	0.658500
	0.653000
	0.651500
	0.652500
	0.654500
	0.668500
	0.667500
	0.675500
	0.680000
	0.687500
	0.689500
	0.690000
	0.688500
	0.690500
	0.692500
	0.696500
	0.689500
	0.688000
	0.684500
	0.685500
	0.673000
	0.663500
	0.657000
	0.645000
	0.648500
	0.679500
	0.687000
	0.683500
	0.688000
	0.697500
	0.685000
	0.687000
	0.690500
	0.681500
	0.692500
	0.699500
	0.704000
	0.695000
	0.695500
	0.684500
	0.667500
	0.665500
	0.658500
	0.669500
	0.667000
	0.647000
	0.637000
	0.639500
	0.640000
	0.648000
	0.667000
	0.673500
	0.686500
	0.680500
	0.677500
	0.668000
	0.666000
	0.660500
	0.657500
	0.642500
	0.636500
	0.626500
	0.620000
	0.610500
	0.603500
	0.597500
	0.596000
	0.605000
	0.606500
	0.615000
	0.615500
	0.619500
	0.625500
	0.641000
	0.654000
	0.683500
	0.700500
	0.699000
	0.696000
	0.680000
	0.670000
	0.658500
	0.651500
	0.651000
	0.657000
	0.659000
	0.657000
	0.656000
	0.659500
	0.653000
	0.645500
	0.644500
	0.644000
	0.644000
	0.635000
	0.643000
	0.651500
	0.655000
	0.649000
	0.661000
	0.664000
	0.654500
	0.652500
	0.658000
	0.650000
	0.653500
	0.644500
	0.650500
	0.662500
	0.681000
	0.686500
	0.689000
	0.687000
	0.668500
	0.668500
	0.661500
	0.670000
	0.678000
	0.681000
	0.683500
	0.690000
	0.692500
	0.680500
	0.685000
	0.683000
	0.687000
	0.683500
	0.676500
