	0.140475
	0.182594
	0.198711
	0.202606
	0.198489
	0.190539
	0.183576
	0.177115
	0.175296
	0.170594
	0.166641
	0.159723
	0.147519
	0.133174
	0.121569
	0.114175
	0.107050
	0.106276
	0.101643
	0.095123
	0.087685
	0.088103
	0.085426
	0.079659
	0.066549
	0.061505
	0.061295
	0.058446
	0.057484
	0.058950
	0.062063
	0.059883
	0.060263
	0.062166
	0.065824
	0.065319
	0.070100
	0.070345
	0.075855
	0.079063
	0.084303
	0.087484
	0.085641
	0.079281
	0.080219
	0.088950
	0.096841
	0.106879
	0.111659
	0.119575
	0.118139
	0.117519
	0.110661
	0.100264
	0.089696
	0.091250
	0.088329
	0.086594
	0.086381
	0.076813
	0.077501
	0.072045
	0.075969
	0.076893
	0.081015
	0.081379
	0.081425
	0.078543
	0.078306
	0.076411
	0.066505
	0.064225
	0.070835
	0.072965
	0.074543
	0.078636
	0.075096
	0.074206
	0.075275
	0.066983
	0.066103
	0.068113
	0.068476
	0.070966
	0.070215
	0.072535
	0.069664
	0.070643
	0.063875
	0.055904
	0.048023
	0.051715
	0.050315
	0.054373
	0.055134
	0.062151
	0.063753
	0.060675
	0.060056
	0.058985
	0.061519
	0.064844
	0.059633
	0.063103
	0.064833
	0.062493
	0.054206
	0.052815
	0.056165
	0.062674
	0.065613
	0.067815
	0.067550
	0.062426
	0.056735
	0.062269
	0.065319
	0.071614
	0.072725
	0.078834
	0.077784
	0.078873
	0.076279
	0.076575
	0.071909
	0.062713
	0.056975
	0.054196
	0.055369
	0.059724
	0.066264
	0.069434
	0.073693
	0.080019
	0.079735
	0.079036
	0.085900
	0.091694
	0.091525
	0.087646
	0.080319
	0.070059
	0.070095
	0.062469
	0.056746
	0.052949
	0.052846
	0.058143
	0.066463
	0.073535
	0.081763
	0.089001
	0.094789
	0.095816
	0.098725
	0.098271
	0.095604
	0.095143
	0.092083
	0.091781
	0.090419
	0.084949
	0.080705
	0.074906
	0.077414
	0.072965
	0.073124
	0.067286
	0.059205
	0.053853
	0.051681
	0.051994
	0.050213
	0.046350
	0.033686
	0.030265
	0.032083
	0.035175
	0.042106
	0.047525
	0.052323
	0.057931
	0.060695
	0.064521
	0.067673
	0.066661
	0.068959
	0.074994
	0.073316
	0.074209
	0.072153
	0.071703
	0.071905
	0.069269
	0.069159
	0.071569
	0.078300
	0.085550
	0.078194
	0.073489
