	0.195000
	0.276000
	0.361500
	0.433500
	0.476500
	0.518000
	0.552000
	0.580000
	0.600000
	0.611500
	0.627000
	0.638500
	0.650500
	0.670000
	0.668000
	0.674000
	0.692000
	0.701000
	0.699000
	0.704000
	0.700500
	0.708000
	0.719000
	0.718000
	0.719500
	0.707500
	0.713500
	0.718000
	0.707500
	0.692500
	0.683000
	0.663500
	0.651000
	0.644000
	0.645000
	0.652000
	0.659000
	0.665500
	0.671500
	0.686000
	0.703000
	0.706000
	0.708500
	0.722000
	0.718500
	0.717000
	0.720500
	0.719000
	0.720500
	0.718000
	0.721000
	0.726500
	0.732000
	0.729500
	0.731000
	0.721500
	0.711500
	0.707500
	0.703000
	0.710500
	0.701000
	0.689500
	0.687000
	0.669000
	0.662500
	0.658500
	0.660500
	0.653000
	0.657000
	0.646500
	0.639500
	0.642500
	0.644500
	0.644000
	0.649500
	0.651000
	0.650000
	0.651500
	0.660000
	0.664500
	0.670500
	0.678500
	0.687500
	0.691000
	0.684000
	0.670500
	0.664500
	0.660500
	0.656500
	0.660500
	0.662000
	0.670500
	0.691000
	0.694000
	0.693000
	0.677000
	0.659000
	0.641500
	0.633000
	0.643500
	0.650000
	0.647500
	0.635500
	0.626000
	0.624000
	0.601500
	0.587000
	0.583000
	0.597000
	0.620500
	0.628000
	0.627500
	0.634500
	0.634500
	0.640000
	0.658000
	0.670000
	0.678500
	0.694500
	0.693500
	0.704500
	0.688000
	0.681500
	0.673000
	0.676000
	0.679500
	0.686000
	0.695500
	0.695000
	0.696000
	0.707000
	0.711000
	0.713500
	0.710500
	0.706000
	0.697500
	0.694000
	0.688000
	0.689500
	0.698500
	0.700000
	0.684000
	0.672500
	0.667000
	0.672500
	0.680500
	0.695500
	0.698000
	0.710000
	0.722500
	0.735000
	0.741000
	0.731500
	0.719000
	0.706000
	0.705500
	0.703500
	0.700500
	0.699500
	0.684500
	0.681500
	0.688500
	0.695500
	0.701000
	0.701500
	0.693500
	0.689500
	0.698500
	0.700500
	0.690500
	0.691000
	0.690500
	0.691000
	0.691000
	0.702500
	0.720500
	0.725000
	0.729500
	0.732500
	0.729500
	0.722000
	0.718500
	0.719500
	0.718000
	0.714000
	0.708500
	0.701500
	0.703000
	0.715000
	0.719000
	0.723000
	0.713500
	0.707000
	0.705000
	0.695500
	0.683000
	0.685500
	0.685000
	0.689000
	0.695000
