	0.127864
	0.170406
	0.196925
	0.203969
	0.200951
	0.193719
	0.178421
	0.164275
	0.156161
	0.146576
	0.134443
	0.129079
	0.125425
	0.122783
	0.116173
	0.108793
	0.101001
	0.089419
	0.084269
	0.079695
	0.078416
	0.071165
	0.063293
	0.060433
	0.059819
	0.060131
	0.061381
	0.066683
	0.066485
	0.063635
	0.058591
	0.058545
	0.059919
	0.063954
	0.063639
	0.065423
	0.068873
	0.073071
	0.073769
	0.070169
	0.064915
	0.058136
	0.052575
	0.058525
	0.060973
	0.058896
	0.055325
	0.055691
	0.056636
	0.050551
	0.050956
	0.052731
	0.060373
	0.066219
	0.073235
	0.075519
	0.077219
	0.079369
	0.080875
	0.087969
	0.088950
	0.083564
	0.082350
	0.084800
	0.084019
	0.086995
	0.086269
	0.084325
	0.083051
	0.083145
	0.084899
	0.079000
	0.079265
	0.078644
	0.080606
	0.089586
	0.080431
	0.074705
	0.074615
	0.073969
	0.076886
	0.076381
	0.073329
	0.074825
	0.082529
	0.083069
	0.085633
	0.086695
	0.093544
	0.094250
	0.095625
	0.095863
	0.099035
	0.106045
	0.115650
	0.126954
	0.133861
	0.139955
	0.138355
	0.136275
	0.128923
	0.123785
	0.117635
	0.107855
	0.088673
	0.075911
	0.064025
	0.057525
	0.052025
	0.058219
	0.065405
	0.060785
	0.056419
	0.051900
	0.050041
	0.051275
	0.051275
	0.052125
	0.058443
	0.060493
	0.067519
	0.073163
	0.075633
	0.073676
	0.063769
	0.063535
	0.057591
	0.051596
	0.054525
	0.056415
	0.060945
	0.066123
	0.068119
	0.068133
	0.072651
	0.076754
	0.082569
	0.085703
	0.085781
	0.084605
	0.085069
	0.085133
	0.080394
	0.070253
	0.064969
	0.064293
	0.061631
	0.061761
	0.068075
	0.077750
	0.088053
	0.092433
	0.098133
	0.106019
	0.108619
	0.111619
	0.108275
	0.113346
	0.115583
	0.116335
	0.120975
	0.130069
	0.131450
	0.133185
	0.132334
	0.125756
	0.110434
	0.096615
	0.079843
	0.063569
	0.052045
	0.049815
	0.042559
	0.045383
	0.049554
	0.051769
	0.055675
	0.059495
	0.059445
	0.059784
	0.061791
	0.061323
	0.049411
	0.051715
	0.052763
	0.053683
	0.055241
	0.052951
	0.052069
	0.053525
	0.055929
	0.055686
	0.058119
	0.054346
	0.058175
	0.062685
	0.068259
	0.069969
	0.071869
	0.072179
