	0.146025
	0.186325
	0.203396
	0.205494
	0.200419
	0.192433
	0.183823
	0.174175
	0.164735
	0.160119
	0.151186
	0.142223
	0.135426
	0.129450
	0.123075
	0.122013
	0.121143
	0.121756
	0.121279
	0.122469
	0.122225
	0.121919
	0.118419
	0.116800
	0.118361
	0.123004
	0.120664
	0.118046
	0.108400
	0.099793
	0.086929
	0.067556
	0.074506
	0.078869
	0.080769
	0.085026
	0.091373
	0.092675
	0.091813
	0.089821
	0.092153
	0.101250
	0.108545
	0.108335
	0.105374
	0.101329
	0.096419
	0.088475
	0.087713
	0.085019
	0.076819
	0.067450
	0.064805
	0.063974
	0.067025
	0.064789
	0.069726
	0.071400
	0.078635
	0.079893
	0.083225
	0.086319
	0.086591
	0.089741
	0.087755
	0.082144
	0.075721
	0.070211
	0.061769
	0.053104
	0.052193
	0.052593
	0.049295
	0.048223
	0.050345
	0.053154
	0.056091
	0.054850
	0.059605
	0.059675
	0.064111
	0.067624
	0.070115
	0.069221
	0.068155
	0.065819
	0.063103
	0.064726
	0.069775
	0.073281
	0.073615
	0.076419
	0.066575
	0.067123
	0.071769
	0.072675
	0.074165
	0.075235
	0.079846
	0.086299
	0.084704
	0.080473
	0.077603
	0.071503
	0.063929
	0.057975
	0.065015
	0.071153
	0.073725
	0.081866
	0.091085
	0.095669
	0.101834
	0.108836
	0.113755
	0.112250
	0.108713
	0.098741
	0.086076
	0.078444
	0.069699
	0.064603
	0.054555
	0.041481
	0.031946
	0.031850
	0.032469
	0.033049
	0.035883
	0.037093
	0.040125
	0.045650
	0.046395
	0.052583
	0.057265
	0.058445
	0.060319
	0.061819
	0.059469
	0.059815
	0.055863
	0.057619
	0.057769
	0.054895
	0.059706
	0.065621
	0.068225
	0.071674
	0.076500
	0.074825
	0.074163
	0.073111
	0.073785
	0.076274
	0.080345
	0.085769
	0.087304
	0.088286
	0.089501
	0.090523
	0.089199
	0.088795
	0.080889
	0.073035
	0.072119
	0.073963
	0.066169
	0.062950
	0.057163
	0.054135
	0.055325
	0.056804
	0.057853
	0.065650
	0.073875
	0.083851
	0.091401
	0.088600
	0.081305
	0.068899
	0.062395
	0.055043
	0.057395
	0.056546
	0.055900
	0.056103
	0.048300
	0.042416
	0.037176
	0.038916
	0.044645
	0.050849
	0.054723
	0.059805
	0.060684
	0.067344
	0.069871
	0.076425
	0.082319
	0.091625
