	0.185000
	0.266500
	0.335500
	0.409000
	0.461500
	0.476000
	0.497500
	0.501500
	0.497500
	0.495500
	0.492000
	0.493500
	0.505000
	0.520500
	0.541500
	0.549000
	0.552500
	0.560000
	0.576500
	0.586500
	0.596000
	0.599500
	0.609500
	0.632500
	0.667500
	0.689500
	0.692500
	0.701000
	0.702000
	0.708000
	0.705500
	0.704000
	0.703500
	0.710000
	0.719000
	0.723000
	0.722000
	0.728000
	0.720500
	0.723000
	0.711500
	0.706000
	0.700000
	0.698000
	0.692000
	0.683000
	0.669000
	0.655000
	0.648500
	0.647500
	0.662500
	0.668500
	0.676000
	0.679500
	0.693500
	0.685000
	0.693000
	0.692500
	0.695500
	0.704000
	0.709500
	0.704000
	0.700500
	0.693500
	0.681500
	0.674000
	0.663500
	0.662000
	0.653000
	0.665000
	0.665000
	0.663000
	0.662000
	0.664000
	0.658500
	0.658000
	0.649000
	0.645000
	0.632500
	0.629000
	0.628000
	0.645000
	0.659500
	0.660000
	0.654500
	0.646500
	0.645500
	0.642500
	0.650500
	0.658500
	0.659000
	0.662500
	0.671000
	0.678500
	0.670500
	0.681500
	0.688000
	0.688000
	0.685000
	0.680000
	0.676000
	0.673500
	0.678000
	0.684500
	0.694000
	0.707000
	0.707500
	0.701500
	0.699500
	0.705500
	0.691500
	0.696500
	0.695000
	0.685500
	0.680000
	0.676500
	0.671000
	0.665500
	0.661500
	0.675000
	0.677500
	0.695000
	0.708500
	0.706500
	0.695000
	0.702000
	0.696500
	0.689500
	0.694500
	0.695500
	0.693500
	0.704500
	0.705000
	0.696500
	0.687500
	0.685000
	0.683000
	0.680500
	0.683000
	0.682500
	0.688500
	0.698000
	0.689500
	0.695500
	0.691500
	0.695500
	0.696500
	0.704500
	0.706500
	0.711000
	0.706000
	0.699500
	0.701500
	0.704000
	0.704500
	0.718000
	0.720500
	0.725500
	0.722500
	0.712500
	0.712000
	0.716000
	0.724000
	0.731500
	0.742500
	0.741500
	0.729500
	0.729500
	0.723500
	0.708500
	0.710000
	0.700500
	0.715500
	0.716500
	0.721000
	0.722000
	0.720500
	0.718500
	0.719000
	0.716000
	0.723000
	0.735500
	0.727000
	0.719500
	0.714000
	0.705500
	0.694000
	0.679000
	0.672000
	0.663500
	0.663000
	0.661500
	0.659000
	0.657500
	0.657000
	0.658000
	0.657500
	0.668500
	0.671000
	0.664500
