	0.185500
	0.258000
	0.335500
	0.408000
	0.460000
	0.507000
	0.551500
	0.557500
	0.570000
	0.565000
	0.557500
	0.571500
	0.586000
	0.599500
	0.607500
	0.612500
	0.615500
	0.612500
	0.621000
	0.618500
	0.600500
	0.596500
	0.597500
	0.607000
	0.628000
	0.634000
	0.647500
	0.664000
	0.655000
	0.653500
	0.657500
	0.670500
	0.676000
	0.682500
	0.688000
	0.692500
	0.694500
	0.710500
	0.718500
	0.713500
	0.711000
	0.695000
	0.683000
	0.673500
	0.663500
	0.675000
	0.665500
	0.660000
	0.656500
	0.641500
	0.625000
	0.632000
	0.648500
	0.655500
	0.654500
	0.648000
	0.647500
	0.660500
	0.654000
	0.657000
	0.664000
	0.682500
	0.674500
	0.679500
	0.681000
	0.684500
	0.684000
	0.699000
	0.698000
	0.702500
	0.703500
	0.709000
	0.709000
	0.703500
	0.709500
	0.703500
	0.705000
	0.721500
	0.716000
	0.720000
	0.703500
	0.695500
	0.693000
	0.687500
	0.673500
	0.662500
	0.657000
	0.653500
	0.656500
	0.662500
	0.659000
	0.652000
	0.647000
	0.651000
	0.651000
	0.652500
	0.656500
	0.650500
	0.644500
	0.652000
	0.663500
	0.669000
	0.673500
	0.663000
	0.655500
	0.660500
	0.656500
	0.673500
	0.675000
	0.686500
	0.693500
	0.686500
	0.679500
	0.668500
	0.663000
	0.668000
	0.671500
	0.669000
	0.659500
	0.669000
	0.663000
	0.646000
	0.631500
	0.629500
	0.638000
	0.645000
	0.666000
	0.659500
	0.657500
	0.651500
	0.653000
	0.668000
	0.665000
	0.666000
	0.672500
	0.664500
	0.665500
	0.672000
	0.672500
	0.673000
	0.681500
	0.693500
	0.708500
	0.708500
	0.698500
	0.693500
	0.683000
	0.674500
	0.665500
	0.670000
	0.669500
	0.687000
	0.685000
	0.676500
	0.672000
	0.680000
	0.689000
	0.698500
	0.717500
	0.726500
	0.725500
	0.727000
	0.721000
	0.713500
	0.714500
	0.709500
	0.706000
	0.705000
	0.710000
	0.723000
	0.717500
	0.709500
	0.704500
	0.706000
	0.700500
	0.691000
	0.681000
	0.669000
	0.670000
	0.674000
	0.676500
	0.663000
	0.668500
	0.674500
	0.694000
	0.701000
	0.681500
	0.665500
	0.651000
	0.642000
	0.622000
	0.642500
	0.645000
	0.647500
	0.656500
	0.660500
	0.657500
	0.651000
	0.651000
	0.658500
