	0.185500
	0.274500
	0.341000
	0.386500
	0.429000
	0.466000
	0.511500
	0.540500
	0.545000
	0.557500
	0.564500
	0.580500
	0.587500
	0.594000
	0.591500
	0.604000
	0.616500
	0.623000
	0.627500
	0.644000
	0.656000
	0.669500
	0.683000
	0.694500
	0.691000
	0.694000
	0.693000
	0.691500
	0.698500
	0.702500
	0.714000
	0.711500
	0.712000
	0.693000
	0.684000
	0.676500
	0.671500
	0.664000
	0.668500
	0.678000
	0.690000
	0.702500
	0.697000
	0.699500
	0.702500
	0.692500
	0.693500
	0.680000
	0.675500
	0.689500
	0.691000
	0.690500
	0.690500
	0.684500
	0.680000
	0.677500
	0.671500
	0.678000
	0.688500
	0.685000
	0.699000
	0.695500
	0.690500
	0.684000
	0.685000
	0.678500
	0.679000
	0.675500
	0.678000
	0.673500
	0.670500
	0.664000
	0.661500
	0.664000
	0.683000
	0.678500
	0.677500
	0.677000
	0.676000
	0.681000
	0.691000
	0.692500
	0.701000
	0.706500
	0.722500
	0.717000
	0.713000
	0.697500
	0.687500
	0.685000
	0.673500
	0.677000
	0.683500
	0.682500
	0.691500
	0.681500
	0.675500
	0.690000
	0.695500
	0.706500
	0.706500
	0.699500
	0.676500
	0.661500
	0.652000
	0.659000
	0.667000
	0.667000
	0.650000
	0.644500
	0.654500
	0.664500
	0.669000
	0.660000
	0.660000
	0.664000
	0.668000
	0.660500
	0.653500
	0.669500
	0.670000
	0.659500
	0.655000
	0.660000
	0.670500
	0.682500
	0.699000
	0.706500
	0.701000
	0.696000
	0.693500
	0.682000
	0.673500
	0.668000
	0.690000
	0.690500
	0.669500
	0.663000
	0.637000
	0.616500
	0.609500
	0.622000
	0.633000
	0.642000
	0.650500
	0.669000
	0.684500
	0.678500
	0.662000
	0.658000
	0.656500
	0.663000
	0.677000
	0.674500
	0.675500
	0.684000
	0.698500
	0.697500
	0.688000
	0.690500
	0.687000
	0.674500
	0.662000
	0.663000
	0.654000
	0.646000
	0.648500
	0.646500
	0.637000
	0.638000
	0.650000
	0.661000
	0.673500
	0.690000
	0.708500
	0.712000
	0.701000
	0.695000
	0.692000
	0.680000
	0.671000
	0.680500
	0.691000
	0.695500
	0.692000
	0.705000
	0.704500
	0.709000
	0.716500
	0.712500
	0.703000
	0.699500
	0.686000
	0.675000
	0.665500
	0.668500
	0.653000
	0.650500
	0.661500
	0.664500
