	0.185500
	0.276000
	0.326500
	0.373000
	0.401500
	0.431000
	0.457500
	0.492000
	0.512000
	0.530000
	0.552500
	0.571000
	0.594000
	0.621000
	0.645000
	0.672000
	0.690000
	0.695000
	0.690500
	0.681000
	0.677500
	0.674500
	0.674000
	0.697500
	0.689000
	0.689000
	0.679000
	0.678000
	0.674000
	0.671500
	0.678000
	0.682500
	0.671000
	0.669000
	0.671000
	0.680000
	0.687500
	0.686000
	0.692500
	0.697000
	0.694000
	0.685000
	0.681000
	0.679500
	0.671000
	0.670500
	0.664000
	0.655000
	0.664000
	0.676500
	0.686000
	0.689500
	0.700000
	0.707500
	0.708500
	0.713500
	0.717500
	0.724000
	0.712500
	0.694000
	0.696500
	0.696000
	0.703500
	0.710500
	0.720000
	0.720000
	0.712500
	0.708000
	0.709000
	0.714000
	0.715500
	0.720000
	0.720500
	0.721000
	0.717000
	0.721000
	0.712500
	0.699000
	0.686000
	0.672500
	0.671000
	0.671500
	0.670500
	0.675500
	0.678000
	0.673500
	0.668000
	0.654000
	0.659500
	0.666500
	0.670500
	0.666500
	0.661000
	0.665000
	0.662000
	0.677500
	0.683000
	0.690500
	0.705000
	0.702000
	0.701500
	0.708000
	0.718500
	0.726500
	0.719500
	0.715500
	0.702000
	0.696000
	0.701500
	0.702000
	0.691000
	0.681500
	0.693000
	0.681500
	0.669000
	0.665500
	0.665000
	0.682000
	0.685500
	0.683500
	0.685500
	0.682000
	0.676500
	0.673500
	0.677000
	0.678500
	0.671500
	0.665000
	0.657500
	0.661500
	0.663500
	0.655000
	0.653500
	0.664500
	0.663000
	0.662000
	0.663500
	0.661500
	0.661000
	0.666500
	0.672000
	0.677500
	0.687000
	0.679000
	0.672500
	0.658000
	0.646500
	0.644500
	0.651000
	0.657000
	0.658000
	0.663000
	0.675500
	0.681500
	0.686500
	0.680000
	0.681000
	0.671000
	0.665500
	0.658000
	0.665500
	0.673000
	0.677000
	0.690000
	0.700000
	0.701500
	0.700000
	0.702000
	0.707000
	0.703000
	0.709500
	0.710500
	0.709500
	0.708000
	0.695500
	0.678500
	0.671500
	0.659500
	0.649500
	0.670000
	0.673500
	0.689000
	0.703000
	0.694000
	0.693000
	0.679500
	0.659000
	0.648000
	0.647500
	0.649500
	0.650000
	0.657500
	0.670000
	0.692500
	0.678500
	0.663000
	0.657500
	0.641500
	0.645000
	0.648000
