	0.140475
	0.182594
	0.201704
	0.206469
	0.199679
	0.188863
	0.177474
	0.165619
	0.155165
	0.144089
	0.135069
	0.128043
	0.117584
	0.108761
	0.098619
	0.097885
	0.093600
	0.090119
	0.093400
	0.087094
	0.080045
	0.067225
	0.059195
	0.061025
	0.055900
	0.050245
	0.050255
	0.052183
	0.054923
	0.059443
	0.057894
	0.060563
	0.066283
	0.070331
	0.076741
	0.081053
	0.083803
	0.090255
	0.098885
	0.103106
	0.110601
	0.112593
	0.105469
	0.101621
	0.095675
	0.088299
	0.079733
	0.081053
	0.083493
	0.081250
	0.075715
	0.067369
	0.069269
	0.077023
	0.083075
	0.087746
	0.089401
	0.085761
	0.083259
	0.081073
	0.085859
	0.077100
	0.078063
	0.080484
	0.080199
	0.065875
	0.066139
	0.063193
	0.063503
	0.072909
	0.078995
	0.078621
	0.077221
	0.080073
	0.080225
	0.080444
	0.076344
	0.069405
	0.066475
	0.062209
	0.063205
	0.063171
	0.062669
	0.057753
	0.061600
	0.065519
	0.070000
	0.078979
	0.088823
	0.094574
	0.098633
	0.099319
	0.102461
	0.110804
	0.117169
	0.118773
	0.123069
	0.126166
	0.129900
	0.128364
	0.116244
	0.098045
	0.086743
	0.078673
	0.070055
	0.062950
	0.059969
	0.058365
	0.061319
	0.064355
	0.071306
	0.079663
	0.081825
	0.083584
	0.077550
	0.075963
	0.076975
	0.077174
	0.070993
	0.066933
	0.060999
	0.059425
	0.066383
	0.061150
	0.064525
	0.064086
	0.062769
	0.067465
	0.069443
	0.069315
	0.064805
	0.062934
	0.055596
	0.055023
	0.048319
	0.047125
	0.050943
	0.055875
	0.058054
	0.058781
	0.056225
	0.048764
	0.049053
	0.041205
	0.041625
	0.045415
	0.046485
	0.046011
	0.042645
	0.046619
	0.049375
	0.052225
	0.050569
	0.047104
	0.051884
	0.059655
	0.064995
	0.065591
	0.057883
	0.045739
	0.050019
	0.051984
	0.048015
	0.049169
	0.046793
	0.047419
	0.044719
	0.045819
	0.046924
	0.051236
	0.057015
	0.059725
	0.066663
	0.072175
	0.078021
	0.080923
	0.080921
	0.080666
	0.073361
	0.068765
	0.065435
	0.065269
	0.066045
	0.062663
	0.063099
	0.067633
	0.065955
	0.065003
	0.065079
	0.065643
	0.067811
	0.062150
	0.064606
	0.065389
	0.068705
	0.072979
	0.082643
	0.092139
	0.097254
	0.103245
