	0.141224
	0.183761
	0.200625
	0.204119
	0.201795
	0.194319
	0.184775
	0.175561
	0.170319
	0.168785
	0.165005
	0.156875
	0.147069
	0.138706
	0.130685
	0.124451
	0.115444
	0.105953
	0.096034
	0.083413
	0.073689
	0.076035
	0.083313
	0.078154
	0.071074
	0.068003
	0.058325
	0.057584
	0.056799
	0.051534
	0.050575
	0.053195
	0.052551
	0.057454
	0.060303
	0.065771
	0.072423
	0.073055
	0.073924
	0.070561
	0.073855
	0.075619
	0.078223
	0.076455
	0.070629
	0.068619
	0.066604
	0.060669
	0.058900
	0.066055
	0.068825
	0.073283
	0.069883
	0.062463
	0.060463
	0.058824
	0.063615
	0.069146
	0.076595
	0.075014
	0.070444
	0.065426
	0.062069
	0.059875
	0.052906
	0.056025
	0.060863
	0.064651
	0.061599
	0.059034
	0.050743
	0.047819
	0.044169
	0.045373
	0.048500
	0.048241
	0.050933
	0.057076
	0.062569
	0.070756
	0.075991
	0.078105
	0.084734
	0.091154
	0.095711
	0.099563
	0.096831
	0.095726
	0.095063
	0.095159
	0.094243
	0.092935
	0.085245
	0.076869
	0.070539
	0.071569
	0.066643
	0.057201
	0.052015
	0.058605
	0.060191
	0.059775
	0.056133
	0.058225
	0.058941
	0.062081
	0.066825
	0.068975
	0.071059
	0.073689
	0.078765
	0.082984
	0.085499
	0.084519
	0.079893
	0.072773
	0.072566
	0.075044
	0.070974
	0.070183
	0.066581
	0.062491
	0.059419
	0.060203
	0.059915
	0.063515
	0.061715
	0.058750
	0.056900
	0.064074
	0.066489
	0.068069
	0.069706
	0.074519
	0.080655
	0.081415
	0.082969
	0.078724
	0.074069
	0.066534
	0.052221
	0.037965
	0.040419
	0.043853
	0.046593
	0.048985
	0.053785
	0.060755
	0.068389
	0.075755
	0.080226
	0.081229
	0.073975
	0.063225
	0.060899
	0.057083
	0.056923
	0.065119
	0.073463
	0.080325
	0.081485
	0.083015
	0.091150
	0.100993
	0.101835
	0.097905
	0.094775
	0.093955
	0.087373
	0.080813
	0.079823
	0.079161
	0.079319
	0.078583
	0.075459
	0.073185
	0.064014
	0.058256
	0.051753
	0.055633
	0.060823
	0.065585
	0.067335
	0.069443
	0.072105
	0.076273
	0.081469
	0.088019
	0.091135
	0.091985
	0.088839
	0.088455
	0.079203
	0.074800
	0.075294
	0.074089
	0.076944
	0.083825
	0.085791
	0.083319
