	0.152225
	0.186974
	0.203919
	0.205325
	0.198151
	0.192025
	0.188675
	0.190425
	0.185981
	0.177505
	0.165824
	0.156063
	0.145969
	0.134834
	0.121625
	0.109333
	0.103176
	0.096869
	0.089099
	0.085546
	0.083246
	0.083250
	0.083634
	0.074643
	0.076685
	0.082205
	0.083564
	0.087099
	0.085069
	0.070669
	0.061369
	0.061450
	0.068526
	0.076150
	0.073943
	0.076363
	0.073565
	0.070165
	0.074675
	0.075783
	0.080373
	0.081950
	0.080305
	0.082786
	0.083200
	0.081205
	0.073385
	0.069333
	0.070906
	0.071493
	0.066034
	0.060925
	0.051756
	0.044475
	0.049875
	0.057891
	0.063081
	0.066689
	0.064443
	0.069300
	0.068153
	0.061693
	0.061329
	0.054491
	0.059189
	0.063553
	0.065376
	0.074581
	0.077111
	0.076533
	0.078629
	0.079919
	0.082569
	0.083881
	0.085209
	0.084471
	0.081211
	0.079679
	0.076151
	0.069446
	0.061995
	0.054194
	0.044773
	0.038975
	0.037161
	0.040473
	0.043155
	0.046869
	0.045974
	0.046916
	0.047224
	0.049973
	0.054169
	0.056954
	0.053789
	0.055231
	0.059619
	0.062801
	0.063856
	0.058605
	0.055925
	0.059069
	0.062425
	0.063083
	0.056164
	0.049979
	0.051733
	0.053050
	0.061369
	0.067909
	0.072016
	0.078343
	0.088919
	0.094173
	0.097019
	0.091826
	0.083205
	0.072769
	0.073325
	0.067945
	0.060475
	0.054823
	0.053705
	0.059215
	0.062469
	0.059843
	0.058729
	0.061393
	0.065011
	0.066719
	0.064515
	0.064615
	0.066365
	0.064201
	0.063149
	0.061925
	0.056750
	0.053550
	0.055645
	0.051315
	0.045263
	0.044055
	0.046725
	0.049843
	0.051936
	0.054091
	0.054223
	0.049004
	0.046165
	0.052869
	0.060613
	0.066111
	0.076031
	0.078735
	0.070369
	0.062800
	0.063119
	0.064715
	0.062054
	0.060954
	0.060335
	0.064873
	0.066073
	0.069095
	0.073035
	0.074905
	0.077975
	0.081900
	0.081784
	0.076395
	0.075213
	0.070954
	0.057725
	0.059093
	0.061175
	0.063755
	0.070781
	0.078933
	0.085699
	0.090013
	0.094969
	0.098619
	0.104725
	0.104569
	0.104749
	0.102175
	0.104899
	0.098206
	0.086633
	0.077036
	0.065785
	0.053021
	0.041206
	0.042045
	0.046721
	0.053593
	0.051754
	0.047245
	0.042321
	0.042695
