	0.185500
	0.276000
	0.352500
	0.416500
	0.441000
	0.452000
	0.478000
	0.516000
	0.543500
	0.561000
	0.573500
	0.582000
	0.593000
	0.589000
	0.603000
	0.604000
	0.618500
	0.628000
	0.634500
	0.647500
	0.658000
	0.653000
	0.640000
	0.640500
	0.633000
	0.651500
	0.656000
	0.668500
	0.670500
	0.680000
	0.700000
	0.700000
	0.692000
	0.686500
	0.687000
	0.685500
	0.688500
	0.694000
	0.704500
	0.703500
	0.708000
	0.712500
	0.713000
	0.712500
	0.708000
	0.714500
	0.707000
	0.690500
	0.674000
	0.667000
	0.667000
	0.662000
	0.665500
	0.680000
	0.694000
	0.707000
	0.711000
	0.717000
	0.709000
	0.708000
	0.714500
	0.701000
	0.703500
	0.716000
	0.719500
	0.719500
	0.710500
	0.697000
	0.690500
	0.699500
	0.696000
	0.698500
	0.694500
	0.692000
	0.690500
	0.694000
	0.692000
	0.692500
	0.694000
	0.688500
	0.689500
	0.696000
	0.691000
	0.688500
	0.687500
	0.696500
	0.703500
	0.686000
	0.672000
	0.655500
	0.635000
	0.637000
	0.640000
	0.646000
	0.658500
	0.663000
	0.662500
	0.668000
	0.687500
	0.694000
	0.693500
	0.707500
	0.708500
	0.708500
	0.705500
	0.710500
	0.706500
	0.709000
	0.708000
	0.699000
	0.698500
	0.691500
	0.691500
	0.701500
	0.709500
	0.712500
	0.711000
	0.702500
	0.698000
	0.707000
	0.714000
	0.727500
	0.729000
	0.732500
	0.723500
	0.724000
	0.731500
	0.729000
	0.726000
	0.726500
	0.707000
	0.696500
	0.696500
	0.692000
	0.692000
	0.684000
	0.683000
	0.691000
	0.688500
	0.691500
	0.692500
	0.711000
	0.723000
	0.731500
	0.738000
	0.725500
	0.715000
	0.721500
	0.721000
	0.720500
	0.713000
	0.708000
	0.705500
	0.710500
	0.711000
	0.717500
	0.721000
	0.720000
	0.726500
	0.722500
	0.724000
	0.720500
	0.712500
	0.705500
	0.704500
	0.691000
	0.679500
	0.671500
	0.662000
	0.648000
	0.648000
	0.642500
	0.638500
	0.636500
	0.648500
	0.650500
	0.669000
	0.692000
	0.701500
	0.711000
	0.724500
	0.718000
	0.725000
	0.730000
	0.732500
	0.731500
	0.728000
	0.724000
	0.720000
	0.715000
	0.708000
	0.712500
	0.708000
	0.709000
	0.704000
	0.702500
	0.684500
	0.675000
	0.672000
	0.674000
