	0.151495
	0.187611
	0.203453
	0.204289
	0.192843
	0.175553
	0.161704
	0.147459
	0.138093
	0.130096
	0.126605
	0.121793
	0.100803
	0.083305
	0.069200
	0.058813
	0.058293
	0.059693
	0.062503
	0.070850
	0.078965
	0.084203
	0.084469
	0.078613
	0.073225
	0.070421
	0.070113
	0.058281
	0.059411
	0.067561
	0.069615
	0.074893
	0.073285
	0.080725
	0.087564
	0.094853
	0.096906
	0.096994
	0.096724
	0.097875
	0.099624
	0.099311
	0.103595
	0.108425
	0.111139
	0.111645
	0.114224
	0.105035
	0.097705
	0.082519
	0.072355
	0.070211
	0.078384
	0.076856
	0.074915
	0.081650
	0.083469
	0.084269
	0.081275
	0.072866
	0.071974
	0.076383
	0.082043
	0.081986
	0.081675
	0.084991
	0.083186
	0.086350
	0.088384
	0.082795
	0.078954
	0.077835
	0.072900
	0.070526
	0.074729
	0.083123
	0.084505
	0.083796
	0.089685
	0.084400
	0.088149
	0.085419
	0.081400
	0.072650
	0.072193
	0.077223
	0.081805
	0.076019
	0.072315
	0.073769
	0.075979
	0.082251
	0.083553
	0.081029
	0.081043
	0.075324
	0.074521
	0.070011
	0.066054
	0.069121
	0.067389
	0.070475
	0.074271
	0.076305
	0.081011
	0.088013
	0.093819
	0.093319
	0.101950
	0.105785
	0.108184
	0.111103
	0.106676
	0.105125
	0.103579
	0.102205
	0.093135
	0.083116
	0.071543
	0.065050
	0.068591
	0.070556
	0.068054
	0.070359
	0.065400
	0.058425
	0.053203
	0.046863
	0.045863
	0.050769
	0.057296
	0.062501
	0.068565
	0.072283
	0.070669
	0.069655
	0.068016
	0.067516
	0.067189
	0.062421
	0.067609
	0.065063
	0.066125
	0.065703
	0.068375
	0.065061
	0.060823
	0.059971
	0.057944
	0.059019
	0.060426
	0.063966
	0.067026
	0.070131
	0.075965
	0.073483
	0.066225
	0.060986
	0.061993
	0.060625
	0.060439
	0.067265
	0.067975
	0.075053
	0.079843
	0.080653
	0.077834
	0.076493
	0.074025
	0.073003
	0.066785
	0.065885
	0.070123
	0.062129
	0.053473
	0.057785
	0.059189
	0.065619
	0.068585
	0.067203
	0.068733
	0.067473
	0.060753
	0.059879
	0.057855
	0.053219
	0.052014
	0.053684
	0.057569
	0.058881
	0.058185
	0.061135
	0.066483
	0.073950
	0.071495
	0.069045
	0.071950
	0.075525
	0.077563
	0.076453
