	0.127914
	0.167355
	0.191349
	0.201975
	0.202593
	0.200776
	0.195213
	0.184844
	0.171629
	0.158821
	0.146069
	0.134000
	0.123963
	0.117746
	0.110761
	0.104316
	0.094051
	0.085669
	0.084905
	0.085100
	0.087269
	0.089111
	0.090061
	0.088903
	0.087933
	0.086651
	0.086201
	0.084251
	0.084775
	0.079550
	0.074613
	0.079701
	0.085651
	0.083405
	0.081314
	0.077935
	0.070939
	0.069915
	0.075325
	0.079983
	0.084819
	0.084096
	0.082334
	0.076611
	0.067824
	0.057593
	0.051853
	0.055265
	0.055675
	0.061771
	0.068589
	0.072321
	0.064033
	0.059196
	0.055119
	0.051825
	0.053553
	0.059155
	0.060164
	0.055549
	0.054214
	0.054683
	0.061065
	0.064845
	0.067713
	0.065595
	0.068769
	0.067979
	0.067629
	0.069086
	0.070851
	0.067719
	0.063226
	0.066695
	0.067525
	0.073466
	0.075655
	0.069794
	0.063805
	0.061505
	0.057973
	0.051325
	0.050629
	0.052551
	0.050219
	0.052675
	0.056669
	0.058950
	0.060275
	0.060613
	0.061769
	0.064969
	0.062373
	0.047426
	0.044225
	0.044006
	0.050575
	0.059106
	0.065965
	0.071813
	0.070553
	0.071573
	0.077923
	0.073544
	0.068253
	0.059150
	0.058123
	0.058499
	0.049065
	0.047469
	0.048353
	0.045919
	0.050234
	0.054584
	0.059035
	0.062306
	0.069359
	0.072169
	0.078453
	0.077069
	0.082369
	0.084879
	0.084400
	0.076061
	0.065415
	0.057275
	0.052915
	0.048865
	0.051979
	0.053265
	0.053765
	0.056319
	0.057819
	0.060855
	0.058286
	0.054493
	0.051255
	0.053375
	0.053653
	0.060223
	0.062125
	0.063734
	0.070050
	0.068825
	0.068275
	0.071565
	0.070485
	0.055511
	0.060783
	0.062804
	0.068743
	0.073175
	0.074114
	0.074819
	0.076486
	0.076744
	0.078143
	0.079911
	0.074259
	0.069769
	0.069893
	0.065806
	0.064911
	0.071644
	0.076801
	0.079405
	0.084119
	0.086119
	0.087023
	0.088641
	0.083793
	0.080676
	0.080885
	0.078044
	0.078893
	0.075779
	0.077746
	0.080085
	0.087525
	0.092526
	0.089423
	0.090109
	0.091556
	0.095014
	0.089619
	0.083526
	0.081771
	0.079369
	0.074875
	0.071305
	0.068031
	0.068569
	0.064761
	0.064526
	0.064044
	0.063695
	0.068469
	0.069063
	0.071174
	0.078800
