	0.185500
	0.249000
	0.309000
	0.358000
	0.361000
	0.388000
	0.431000
	0.451000
	0.481500
	0.508500
	0.531500
	0.558500
	0.586500
	0.618500
	0.638500
	0.662500
	0.665500
	0.669000
	0.668500
	0.657000
	0.650500
	0.651500
	0.659500
	0.677000
	0.695500
	0.684000
	0.681000
	0.694500
	0.685500
	0.679000
	0.664000
	0.651500
	0.652500
	0.652500
	0.653500
	0.644500
	0.644000
	0.653000
	0.653500
	0.646000
	0.644500
	0.653500
	0.658000
	0.660500
	0.673000
	0.680500
	0.691500
	0.696000
	0.684500
	0.683500
	0.688000
	0.689500
	0.703000
	0.705500
	0.703000
	0.705000
	0.705000
	0.696500
	0.696500
	0.696000
	0.697000
	0.693500
	0.690500
	0.693500
	0.686500
	0.683000
	0.677000
	0.677500
	0.676500
	0.685000
	0.689500
	0.696500
	0.683000
	0.675000
	0.670000
	0.662500
	0.660000
	0.645000
	0.643000
	0.642000
	0.647000
	0.660500
	0.683000
	0.698000
	0.696000
	0.705000
	0.685000
	0.670000
	0.670500
	0.669500
	0.681000
	0.673500
	0.659000
	0.651500
	0.662000
	0.668500
	0.678000
	0.680000
	0.673500
	0.673500
	0.668500
	0.665500
	0.664000
	0.662500
	0.661500
	0.661000
	0.673500
	0.674500
	0.677000
	0.686500
	0.693000
	0.687500
	0.670000
	0.658500
	0.659000
	0.664500
	0.665000
	0.652500
	0.651500
	0.639000
	0.631500
	0.631500
	0.635000
	0.632500
	0.645500
	0.661000
	0.664500
	0.682000
	0.706000
	0.716000
	0.712000
	0.698000
	0.694000
	0.699000
	0.698500
	0.692000
	0.693000
	0.696000
	0.686500
	0.678000
	0.670000
	0.669500
	0.666000
	0.677000
	0.671500
	0.667000
	0.679000
	0.679000
	0.677500
	0.674500
	0.672500
	0.670500
	0.687500
	0.689000
	0.691500
	0.707000
	0.703500
	0.703000
	0.705500
	0.710000
	0.703000
	0.708000
	0.711000
	0.703500
	0.701500
	0.690000
	0.683500
	0.672000
	0.661500
	0.663000
	0.656500
	0.651500
	0.660000
	0.672500
	0.689000
	0.701000
	0.711000
	0.725500
	0.733000
	0.738500
	0.750000
	0.757000
	0.743500
	0.734500
	0.718000
	0.711000
	0.711500
	0.714000
	0.708500
	0.700500
	0.708500
	0.706500
	0.704000
	0.693500
	0.697000
	0.703500
	0.701500
	0.693500
	0.694000
	0.688000
