	0.176000
	0.267000
	0.326500
	0.382500
	0.401000
	0.405500
	0.417000
	0.439000
	0.475500
	0.508000
	0.542500
	0.572000
	0.578000
	0.593000
	0.594500
	0.587000
	0.585500
	0.591500
	0.593000
	0.588500
	0.599000
	0.620500
	0.633000
	0.637500
	0.638000
	0.645500
	0.657000
	0.659500
	0.666000
	0.673000
	0.687500
	0.687500
	0.684000
	0.683500
	0.682500
	0.684500
	0.689500
	0.698000
	0.714000
	0.732000
	0.717000
	0.708500
	0.698000
	0.692000
	0.690500
	0.688000
	0.695500
	0.695500
	0.699500
	0.703500
	0.696000
	0.689500
	0.698000
	0.703000
	0.720000
	0.716500
	0.695500
	0.678000
	0.674000
	0.667500
	0.655000
	0.636500
	0.620000
	0.614500
	0.606500
	0.609000
	0.623500
	0.634500
	0.655500
	0.665500
	0.667000
	0.661500
	0.666000
	0.680500
	0.688500
	0.688500
	0.712000
	0.726500
	0.715000
	0.704000
	0.695500
	0.696000
	0.693500
	0.711000
	0.713500
	0.723500
	0.725000
	0.731000
	0.741500
	0.733000
	0.726000
	0.714000
	0.703000
	0.696000
	0.698500
	0.680500
	0.671000
	0.665500
	0.657500
	0.656500
	0.657500
	0.660500
	0.661000
	0.663500
	0.668500
	0.673000
	0.669500
	0.669000
	0.671000
	0.671500
	0.671000
	0.678500
	0.682500
	0.682500
	0.687000
	0.692500
	0.678000
	0.674500
	0.682000
	0.682500
	0.687500
	0.682000
	0.695000
	0.701500
	0.706000
	0.688500
	0.672500
	0.669500
	0.675500
	0.667000
	0.665500
	0.672500
	0.670000
	0.677000
	0.682500
	0.694000
	0.703500
	0.698500
	0.685000
	0.668500
	0.666000
	0.659500
	0.663500
	0.664500
	0.657000
	0.653500
	0.666000
	0.672500
	0.664500
	0.661000
	0.650000
	0.630500
	0.626500
	0.629500
	0.623000
	0.616500
	0.624000
	0.624000
	0.624500
	0.628500
	0.640500
	0.646000
	0.639000
	0.643500
	0.656500
	0.644000
	0.641000
	0.635000
	0.621000
	0.611500
	0.615000
	0.619000
	0.617500
	0.622500
	0.636000
	0.643500
	0.649500
	0.649500
	0.664500
	0.686000
	0.701000
	0.707000
	0.713000
	0.705000
	0.703500
	0.695000
	0.693500
	0.696500
	0.693000
	0.705500
	0.704500
	0.699500
	0.704500
	0.697500
	0.709000
	0.700500
	0.696000
	0.694500
	0.683000
	0.674000
