	0.195000
	0.285000
	0.361000
	0.423500
	0.491000
	0.548500
	0.568000
	0.597500
	0.628000
	0.638500
	0.649000
	0.666500
	0.679000
	0.691500
	0.704500
	0.704000
	0.701000
	0.707000
	0.717000
	0.716500
	0.714000
	0.694000
	0.675500
	0.665000
	0.673000
	0.674000
	0.683500
	0.699000
	0.699000
	0.688000
	0.676500
	0.666000
	0.666500
	0.661000
	0.659000
	0.654000
	0.655500
	0.661000
	0.687500
	0.705500
	0.718000
	0.717500
	0.716000
	0.709500
	0.715000
	0.712000
	0.701000
	0.693500
	0.693000
	0.701500
	0.703000
	0.702500
	0.712000
	0.711500
	0.713000
	0.697000
	0.678500
	0.676000
	0.675500
	0.667500
	0.672000
	0.669000
	0.670000
	0.671500
	0.667000
	0.683000
	0.698000
	0.694500
	0.694000
	0.690500
	0.689000
	0.678500
	0.672000
	0.670000
	0.665000
	0.660500
	0.659000
	0.673000
	0.685000
	0.692500
	0.689000
	0.699500
	0.700500
	0.699000
	0.699500
	0.686500
	0.690000
	0.701000
	0.701500
	0.700000
	0.691000
	0.681500
	0.682000
	0.685000
	0.688500
	0.704000
	0.708000
	0.704000
	0.703000
	0.679500
	0.680000
	0.667500
	0.671500
	0.684000
	0.688000
	0.680500
	0.667000
	0.651500
	0.650000
	0.644500
	0.648500
	0.652500
	0.667000
	0.682500
	0.692500
	0.695500
	0.697000
	0.692500
	0.682500
	0.683500
	0.688000
	0.693000
	0.700000
	0.711000
	0.717500
	0.704000
	0.690000
	0.683000
	0.681000
	0.681500
	0.670500
	0.665000
	0.669500
	0.669000
	0.673500
	0.682500
	0.698000
	0.707000
	0.705500
	0.695000
	0.676500
	0.667500
	0.649000
	0.644000
	0.639500
	0.634500
	0.642000
	0.663000
	0.680500
	0.698000
	0.716500
	0.702500
	0.700000
	0.683000
	0.670500
	0.666500
	0.662000
	0.651500
	0.649000
	0.634000
	0.621500
	0.621000
	0.618000
	0.625500
	0.640000
	0.645000
	0.658500
	0.666000
	0.675000
	0.683500
	0.697500
	0.684500
	0.678500
	0.676500
	0.672000
	0.660500
	0.657000
	0.644000
	0.636500
	0.644500
	0.649500
	0.649000
	0.658000
	0.670500
	0.670500
	0.681500
	0.688000
	0.691500
	0.685500
	0.684000
	0.688000
	0.694500
	0.695500
	0.694000
	0.705000
	0.693000
	0.682000
	0.675500
	0.656500
	0.651000
