	0.152225
	0.190025
	0.206600
	0.205353
	0.192525
	0.175743
	0.166491
	0.163864
	0.157546
	0.148354
	0.137025
	0.124914
	0.111973
	0.098186
	0.081654
	0.070366
	0.058401
	0.053881
	0.057250
	0.061829
	0.069845
	0.078139
	0.090013
	0.096089
	0.101523
	0.100569
	0.094304
	0.087045
	0.081711
	0.083723
	0.080525
	0.077216
	0.078394
	0.076433
	0.070813
	0.063443
	0.056723
	0.051056
	0.049381
	0.051543
	0.049894
	0.045124
	0.045389
	0.049500
	0.050885
	0.049056
	0.050314
	0.051753
	0.056051
	0.062176
	0.069119
	0.073013
	0.080231
	0.078809
	0.079416
	0.076515
	0.072019
	0.080924
	0.073481
	0.070515
	0.069803
	0.068069
	0.072945
	0.077835
	0.084734
	0.089941
	0.093869
	0.092745
	0.090941
	0.087575
	0.077839
	0.079369
	0.084499
	0.086414
	0.080619
	0.073705
	0.070839
	0.066863
	0.070000
	0.075315
	0.075850
	0.077829
	0.076556
	0.076029
	0.076669
	0.073369
	0.073314
	0.070783
	0.079075
	0.086894
	0.087119
	0.086794
	0.086564
	0.089441
	0.095414
	0.093249
	0.091825
	0.090763
	0.087573
	0.079153
	0.077519
	0.080643
	0.083269
	0.083669
	0.082754
	0.077174
	0.073935
	0.066549
	0.067285
	0.068393
	0.068833
	0.066165
	0.061195
	0.063506
	0.061546
	0.061955
	0.064364
	0.059773
	0.052603
	0.051769
	0.048644
	0.051429
	0.054819
	0.057701
	0.061575
	0.063024
	0.070965
	0.076879
	0.085219
	0.091641
	0.092541
	0.096854
	0.096999
	0.096356
	0.090923
	0.076699
	0.054719
	0.049159
	0.051173
	0.049053
	0.049043
	0.050935
	0.052600
	0.056841
	0.056299
	0.056755
	0.059169
	0.065475
	0.067966
	0.071126
	0.074819
	0.079535
	0.083214
	0.084614
	0.083946
	0.086284
	0.086951
	0.086105
	0.088165
	0.076851
	0.066025
	0.070454
	0.079575
	0.081384
	0.082749
	0.086841
	0.094125
	0.097103
	0.097785
	0.090935
	0.076826
	0.076566
	0.068581
	0.055719
	0.055225
	0.056295
	0.057911
	0.062723
	0.069485
	0.073899
	0.076675
	0.084754
	0.092683
	0.094533
	0.094304
	0.085736
	0.080975
	0.083443
	0.084003
	0.083986
	0.084579
	0.079524
	0.076555
	0.075773
	0.076925
	0.080235
	0.087314
	0.084469
	0.084669
	0.085423
