	0.175000
	0.257000
	0.343500
	0.416000
	0.458500
	0.475500
	0.504500
	0.531000
	0.555500
	0.578500
	0.600000
	0.615500
	0.633500
	0.650000
	0.668500
	0.678000
	0.690500
	0.696500
	0.691000
	0.680000
	0.689000
	0.695500
	0.710500
	0.708000
	0.713000
	0.723000
	0.725500
	0.713500
	0.705500
	0.702000
	0.715500
	0.722000
	0.735000
	0.736500
	0.742500
	0.739500
	0.729000
	0.718000
	0.711500
	0.699000
	0.685000
	0.683500
	0.686000
	0.686000
	0.683000
	0.689500
	0.681500
	0.674500
	0.667500
	0.673000
	0.682500
	0.685500
	0.689000
	0.675000
	0.665500
	0.670000
	0.684500
	0.680500
	0.688000
	0.695000
	0.709500
	0.695000
	0.678000
	0.673500
	0.668500
	0.663000
	0.654500
	0.647500
	0.655000
	0.673500
	0.678000
	0.683500
	0.676000
	0.673000
	0.658500
	0.656500
	0.655000
	0.658500
	0.662500
	0.672500
	0.686000
	0.681000
	0.677500
	0.688000
	0.685500
	0.678500
	0.672000
	0.664500
	0.663500
	0.665500
	0.664500
	0.660500
	0.656500
	0.657000
	0.663500
	0.679500
	0.685000
	0.697000
	0.703500
	0.699500
	0.697000
	0.693000
	0.701500
	0.694000
	0.692000
	0.691000
	0.704500
	0.701500
	0.706500
	0.710000
	0.717500
	0.712500
	0.705500
	0.699500
	0.685500
	0.668000
	0.653500
	0.643000
	0.635500
	0.629000
	0.621000
	0.626000
	0.640500
	0.663000
	0.683500
	0.696000
	0.702000
	0.704000
	0.702000
	0.701000
	0.706000
	0.692500
	0.682500
	0.679500
	0.681500
	0.685500
	0.694500
	0.709000
	0.706500
	0.694500
	0.689000
	0.685500
	0.682500
	0.681500
	0.676500
	0.679000
	0.680000
	0.695500
	0.693000
	0.694500
	0.690000
	0.668500
	0.658000
	0.657000
	0.654500
	0.647000
	0.645000
	0.651000
	0.653000
	0.648500
	0.657000
	0.665500
	0.670500
	0.692000
	0.716000
	0.714500
	0.718000
	0.715500
	0.706000
	0.697000
	0.686500
	0.687000
	0.694000
	0.695500
	0.693500
	0.707000
	0.711000
	0.705000
	0.702500
	0.693500
	0.682500
	0.673500
	0.671000
	0.661000
	0.651500
	0.650000
	0.660000
	0.678000
	0.687500
	0.695000
	0.696500
	0.701000
	0.704500
	0.709500
	0.714500
	0.711000
	0.719000
	0.724500
	0.726000
	0.723000
