	0.176000
	0.267000
	0.326000
	0.363500
	0.400000
	0.433500
	0.454500
	0.471000
	0.486000
	0.491500
	0.510500
	0.533000
	0.553000
	0.575000
	0.597000
	0.597000
	0.592000
	0.580000
	0.580000
	0.580000
	0.579500
	0.581000
	0.575500
	0.565000
	0.572500
	0.586500
	0.611500
	0.624000
	0.622500
	0.621500
	0.607000
	0.607500
	0.611500
	0.609500
	0.618000
	0.627500
	0.635000
	0.639500
	0.649000
	0.659000
	0.664500
	0.671000
	0.687000
	0.681000
	0.671000
	0.670500
	0.666500
	0.663500
	0.657000
	0.660000
	0.670500
	0.682000
	0.682500
	0.697500
	0.704000
	0.711000
	0.711500
	0.722000
	0.716500
	0.696000
	0.673500
	0.669000
	0.663500
	0.654500
	0.651500
	0.648000
	0.649000
	0.656500
	0.649000
	0.650500
	0.635000
	0.616000
	0.611000
	0.596500
	0.584500
	0.595000
	0.599000
	0.605500
	0.616000
	0.626000
	0.630000
	0.635000
	0.641500
	0.652500
	0.650500
	0.654000
	0.661000
	0.662000
	0.669000
	0.667000
	0.670000
	0.664500
	0.674000
	0.679500
	0.675500
	0.687000
	0.700000
	0.685500
	0.691000
	0.685000
	0.683000
	0.674500
	0.658500
	0.652000
	0.653500
	0.652000
	0.653000
	0.652500
	0.644500
	0.648000
	0.647000
	0.655500
	0.671000
	0.671500
	0.670500
	0.675500
	0.674000
	0.682500
	0.692500
	0.696500
	0.704500
	0.698500
	0.685500
	0.684000
	0.685000
	0.681500
	0.661000
	0.649000
	0.643000
	0.639000
	0.643000
	0.632500
	0.622000
	0.633000
	0.651000
	0.667500
	0.671500
	0.666500
	0.667000
	0.658000
	0.655500
	0.656500
	0.671500
	0.676000
	0.682500
	0.675000
	0.657500
	0.656000
	0.655000
	0.662500
	0.676000
	0.686000
	0.697000
	0.693500
	0.688500
	0.688000
	0.698000
	0.697000
	0.690500
	0.674000
	0.659500
	0.648500
	0.648500
	0.651000
	0.650000
	0.642500
	0.638000
	0.641000
	0.644000
	0.643000
	0.643000
	0.659500
	0.655500
	0.657500
	0.661500
	0.668500
	0.669500
	0.671000
	0.670500
	0.667500
	0.668500
	0.667000
	0.678500
	0.694000
	0.692000
	0.699000
	0.702500
	0.707500
	0.706000
	0.702500
	0.711500
	0.710000
	0.725500
	0.721000
	0.720500
	0.710500
	0.716000
	0.714500
	0.713000
	0.712500
