	0.146815
	0.182444
	0.200586
	0.203005
	0.195145
	0.188236
	0.187146
	0.182013
	0.179869
	0.174400
	0.170515
	0.160065
	0.148945
	0.138706
	0.129604
	0.113204
	0.104025
	0.103616
	0.105981
	0.102105
	0.101809
	0.098726
	0.096735
	0.091249
	0.087569
	0.084023
	0.084573
	0.074119
	0.070541
	0.065999
	0.060675
	0.061719
	0.062984
	0.062183
	0.062251
	0.071219
	0.069625
	0.070609
	0.076673
	0.075375
	0.077275
	0.075625
	0.075369
	0.078603
	0.078345
	0.079973
	0.080496
	0.079869
	0.082575
	0.084491
	0.089813
	0.089625
	0.080905
	0.072069
	0.062994
	0.056243
	0.054400
	0.052600
	0.051600
	0.047049
	0.047713
	0.050496
	0.055975
	0.059729
	0.063739
	0.073643
	0.075164
	0.081753
	0.089426
	0.095483
	0.095731
	0.090884
	0.083746
	0.079664
	0.077184
	0.077725
	0.076795
	0.082401
	0.080919
	0.073400
	0.068466
	0.068009
	0.070616
	0.068525
	0.068100
	0.061695
	0.057195
	0.058404
	0.068003
	0.077000
	0.082883
	0.086249
	0.085314
	0.080226
	0.077719
	0.077544
	0.073421
	0.075324
	0.074624
	0.068515
	0.058473
	0.057996
	0.057399
	0.058496
	0.062556
	0.059579
	0.057835
	0.056035
	0.054583
	0.054925
	0.059645
	0.062064
	0.048173
	0.043063
	0.044709
	0.040075
	0.042659
	0.044800
	0.045443
	0.049401
	0.052486
	0.059225
	0.067665
	0.074195
	0.079471
	0.088385
	0.093115
	0.095733
	0.098675
	0.102131
	0.105005
	0.101125
	0.098833
	0.105476
	0.109025
	0.114514
	0.119089
	0.121745
	0.126266
	0.128775
	0.129769
	0.127753
	0.122149
	0.120195
	0.117694
	0.112409
	0.107864
	0.102746
	0.101549
	0.106003
	0.107889
	0.109263
	0.111016
	0.105971
	0.101456
	0.093225
	0.085885
	0.080725
	0.079669
	0.079800
	0.063973
	0.054794
	0.052015
	0.051701
	0.052713
	0.050955
	0.057314
	0.059046
	0.062963
	0.061975
	0.061000
	0.054945
	0.051629
	0.049819
	0.049704
	0.053019
	0.053623
	0.056203
	0.062476
	0.062615
	0.064951
	0.056553
	0.059300
	0.059715
	0.057853
	0.055786
	0.054369
	0.053019
	0.046511
	0.049443
	0.051669
	0.050875
	0.045663
	0.049335
	0.055573
	0.055334
	0.058486
	0.061635
	0.063019
	0.061900
