	0.140425
	0.179719
	0.200575
	0.203850
	0.198719
	0.189219
	0.180696
	0.170055
	0.162174
	0.158163
	0.158193
	0.155521
	0.149256
	0.144891
	0.130911
	0.122019
	0.115465
	0.104889
	0.100411
	0.094529
	0.093319
	0.089681
	0.086903
	0.088905
	0.092959
	0.095616
	0.094605
	0.092665
	0.091141
	0.081719
	0.072065
	0.067355
	0.068986
	0.073414
	0.078555
	0.076539
	0.080943
	0.078216
	0.073353
	0.070495
	0.069901
	0.065284
	0.066735
	0.064894
	0.060769
	0.061695
	0.058450
	0.055853
	0.058015
	0.065871
	0.075569
	0.078203
	0.081549
	0.083325
	0.074050
	0.068475
	0.071089
	0.073719
	0.080100
	0.086435
	0.091353
	0.095519
	0.096405
	0.095645
	0.092613
	0.093939
	0.097095
	0.098275
	0.100450
	0.101116
	0.096134
	0.088033
	0.080839
	0.080783
	0.072175
	0.061939
	0.062895
	0.065185
	0.071575
	0.074645
	0.075369
	0.075895
	0.082209
	0.088825
	0.094916
	0.098925
	0.100859
	0.096736
	0.090241
	0.088700
	0.088675
	0.086433
	0.084900
	0.080961
	0.072550
	0.070233
	0.061663
	0.061435
	0.063650
	0.063509
	0.068821
	0.075400
	0.075585
	0.075629
	0.080586
	0.089106
	0.098269
	0.101419
	0.103574
	0.106065
	0.105965
	0.104533
	0.091229
	0.081614
	0.077543
	0.072921
	0.065933
	0.066039
	0.067024
	0.059061
	0.059695
	0.064319
	0.063513
	0.072223
	0.077234
	0.086176
	0.087389
	0.091044
	0.094664
	0.092553
	0.092069
	0.077845
	0.069193
	0.065864
	0.068850
	0.072393
	0.072723
	0.077856
	0.083913
	0.090263
	0.098021
	0.096865
	0.098843
	0.097464
	0.095569
	0.093365
	0.086194
	0.081315
	0.075731
	0.071183
	0.073106
	0.081834
	0.088455
	0.093519
	0.099776
	0.104676
	0.111116
	0.112155
	0.110259
	0.103503
	0.101325
	0.095723
	0.085493
	0.074271
	0.070039
	0.070216
	0.066159
	0.062681
	0.064611
	0.067366
	0.071266
	0.073069
	0.075286
	0.078596
	0.083175
	0.085684
	0.073259
	0.066973
	0.068683
	0.066794
	0.072033
	0.079423
	0.084550
	0.081686
	0.081200
	0.079769
	0.076756
	0.069905
	0.068576
	0.069425
	0.075069
	0.075073
	0.078995
	0.077529
	0.072125
	0.069495
	0.068813
	0.068975
	0.075500
	0.082923
