	0.166000
	0.248500
	0.327000
	0.375000
	0.421500
	0.467500
	0.508500
	0.541500
	0.549000
	0.563000
	0.576000
	0.596000
	0.607500
	0.625000
	0.647000
	0.666000
	0.685500
	0.696000
	0.710000
	0.710000
	0.704500
	0.698000
	0.688500
	0.682500
	0.670500
	0.670000
	0.669000
	0.679500
	0.688500
	0.694000
	0.697500
	0.698500
	0.699000
	0.699000
	0.705000
	0.711000
	0.713500
	0.719500
	0.716500
	0.714500
	0.709500
	0.700000
	0.694000
	0.691000
	0.690000
	0.698500
	0.710000
	0.704000
	0.708500
	0.700000
	0.701000
	0.704000
	0.707500
	0.712500
	0.721500
	0.716500
	0.724500
	0.723500
	0.719500
	0.713500
	0.704500
	0.694500
	0.686500
	0.691500
	0.692500
	0.692500
	0.694000
	0.695500
	0.694000
	0.696500
	0.711500
	0.714000
	0.711500
	0.712000
	0.704000
	0.697000
	0.685000
	0.685500
	0.690500
	0.680000
	0.672000
	0.664000
	0.665500
	0.663500
	0.659500
	0.669500
	0.677000
	0.686500
	0.682500
	0.669000
	0.656000
	0.643500
	0.634500
	0.624000
	0.622000
	0.629000
	0.640500
	0.660000
	0.684500
	0.689000
	0.697000
	0.725500
	0.727000
	0.730500
	0.734000
	0.729000
	0.725000
	0.712000
	0.709000
	0.706500
	0.707000
	0.701500
	0.689500
	0.690000
	0.687500
	0.691000
	0.689500
	0.695500
	0.699000
	0.698500
	0.698500
	0.694500
	0.691000
	0.684500
	0.676500
	0.670500
	0.671000
	0.677500
	0.691000
	0.691000
	0.685000
	0.681000
	0.692500
	0.692500
	0.689500
	0.676500
	0.663500
	0.652000
	0.635500
	0.627500
	0.630000
	0.638500
	0.649000
	0.651000
	0.664500
	0.670500
	0.677000
	0.682500
	0.682000
	0.688000
	0.679000
	0.676500
	0.682000
	0.676000
	0.689500
	0.705500
	0.717500
	0.708500
	0.694500
	0.699000
	0.693000
	0.682000
	0.661000
	0.660000
	0.665500
	0.670500
	0.682000
	0.684500
	0.676500
	0.670000
	0.675000
	0.690500
	0.711500
	0.714500
	0.715500
	0.708000
	0.705500
	0.707000
	0.707500
	0.712000
	0.712000
	0.717500
	0.707000
	0.700000
	0.691500
	0.687500
	0.681500
	0.675000
	0.667500
	0.670000
	0.673000
	0.671000
	0.663000
	0.670500
	0.676500
	0.665500
	0.654500
	0.660500
	0.661000
	0.659500
