	0.141224
	0.183761
	0.203145
	0.206824
	0.198266
	0.183619
	0.170273
	0.159923
	0.148801
	0.139069
	0.129613
	0.124485
	0.116115
	0.112045
	0.109351
	0.105521
	0.094446
	0.081569
	0.072950
	0.067663
	0.057165
	0.053925
	0.052676
	0.046474
	0.045059
	0.046413
	0.046075
	0.045775
	0.042363
	0.045419
	0.045669
	0.049965
	0.057151
	0.060143
	0.063503
	0.068025
	0.065100
	0.068825
	0.070925
	0.074675
	0.075653
	0.076685
	0.075244
	0.076433
	0.076769
	0.074893
	0.075819
	0.068875
	0.071403
	0.080496
	0.081945
	0.085569
	0.085835
	0.081776
	0.068369
	0.062269
	0.060469
	0.056706
	0.053179
	0.052935
	0.052895
	0.061285
	0.065894
	0.069473
	0.071119
	0.070175
	0.072723
	0.072004
	0.073319
	0.075369
	0.068023
	0.062650
	0.055795
	0.047063
	0.041215
	0.035401
	0.032446
	0.033050
	0.033800
	0.034643
	0.037469
	0.039219
	0.040166
	0.040100
	0.040250
	0.040425
	0.042721
	0.042869
	0.047633
	0.049265
	0.052715
	0.053285
	0.049469
	0.049206
	0.053183
	0.057046
	0.052225
	0.055313
	0.059601
	0.062303
	0.063719
	0.058650
	0.060669
	0.057051
	0.059193
	0.059156
	0.062795
	0.064671
	0.070019
	0.072231
	0.073511
	0.077153
	0.079883
	0.081169
	0.082686
	0.075933
	0.066984
	0.065845
	0.061634
	0.056964
	0.059585
	0.057099
	0.051029
	0.055084
	0.060464
	0.068366
	0.071575
	0.075674
	0.071975
	0.068893
	0.066983
	0.063673
	0.056165
	0.055479
	0.055281
	0.053911
	0.040569
	0.035795
	0.034945
	0.036506
	0.040466
	0.043975
	0.048133
	0.044721
	0.039611
	0.043175
	0.046469
	0.043509
	0.044725
	0.043224
	0.045975
	0.047236
	0.049446
	0.048923
	0.048519
	0.049513
	0.051375
	0.051305
	0.053163
	0.054191
	0.060425
	0.067459
	0.073744
	0.078035
	0.077263
	0.075219
	0.077415
	0.079131
	0.082604
	0.080619
	0.068069
	0.056845
	0.051206
	0.049261
	0.047719
	0.049593
	0.053813
	0.056696
	0.055164
	0.059023
	0.063633
	0.071059
	0.073076
	0.077665
	0.085084
	0.092775
	0.094325
	0.088135
	0.085255
	0.087625
	0.091785
	0.090975
	0.089543
	0.093934
	0.088444
	0.077931
	0.065050
	0.054921
	0.046269
	0.033829
