	0.195000
	0.276000
	0.326000
	0.382500
	0.418500
	0.469500
	0.496000
	0.507000
	0.519500
	0.541000
	0.565500
	0.597500
	0.622500
	0.620500
	0.634000
	0.660500
	0.671500
	0.680500
	0.704500
	0.720500
	0.724500
	0.733500
	0.719000
	0.713500
	0.713500
	0.718500
	0.716500
	0.713500
	0.710000
	0.713500
	0.709500
	0.704000
	0.689000
	0.673000
	0.662000
	0.653000
	0.652500
	0.657500
	0.666000
	0.660000
	0.656000
	0.653500
	0.656000
	0.660500
	0.649500
	0.652000
	0.632500
	0.618500
	0.601000
	0.601000
	0.599000
	0.604500
	0.617500
	0.623000
	0.626000
	0.635000
	0.621500
	0.606500
	0.592500
	0.590500
	0.595000
	0.598500
	0.613000
	0.610000
	0.612000
	0.616000
	0.621000
	0.613000
	0.614500
	0.619500
	0.626000
	0.635000
	0.644500
	0.650500
	0.645500
	0.646000
	0.658000
	0.660000
	0.675500
	0.677000
	0.660500
	0.670000
	0.678000
	0.692000
	0.689000
	0.672500
	0.678500
	0.675500
	0.671000
	0.678500
	0.674000
	0.676000
	0.693000
	0.696500
	0.712000
	0.728500
	0.731000
	0.727000
	0.723500
	0.723000
	0.710000
	0.707000
	0.713500
	0.706500
	0.708000
	0.705500
	0.706000
	0.704500
	0.694000
	0.689500
	0.675000
	0.666500
	0.667500
	0.670500
	0.677000
	0.673500
	0.664000
	0.653000
	0.634000
	0.634000
	0.622000
	0.611500
	0.604500
	0.603500
	0.604500
	0.594500
	0.578000
	0.573500
	0.587500
	0.592000
	0.591000
	0.585500
	0.586000
	0.582500
	0.589500
	0.613500
	0.624000
	0.626000
	0.622000
	0.619500
	0.640000
	0.649500
	0.656500
	0.660500
	0.666000
	0.675000
	0.669500
	0.662000
	0.664000
	0.660000
	0.655500
	0.649000
	0.634000
	0.623000
	0.632000
	0.634500
	0.645000
	0.658500
	0.672500
	0.668500
	0.670000
	0.687500
	0.690000
	0.709000
	0.710000
	0.702500
	0.707000
	0.703500
	0.694500
	0.680000
	0.678000
	0.681000
	0.682000
	0.681000
	0.676500
	0.666500
	0.659000
	0.654500
	0.642000
	0.636000
	0.641500
	0.650500
	0.659500
	0.669500
	0.682500
	0.697000
	0.691000
	0.690500
	0.687500
	0.681500
	0.679000
	0.690500
	0.693000
	0.702500
	0.706500
	0.708500
	0.700000
	0.709500
	0.720000
	0.724000
