	0.185000
	0.266500
	0.343500
	0.382000
	0.428500
	0.466000
	0.494500
	0.543500
	0.580000
	0.616500
	0.643500
	0.671500
	0.690500
	0.711000
	0.719500
	0.705000
	0.698500
	0.696500
	0.692500
	0.689500
	0.695500
	0.706000
	0.715000
	0.725500
	0.715000
	0.704500
	0.716000
	0.723000
	0.718500
	0.715000
	0.706000
	0.699000
	0.690000
	0.681000
	0.686000
	0.685500
	0.687000
	0.690500
	0.681500
	0.671500
	0.672500
	0.686000
	0.692000
	0.690000
	0.685500
	0.690500
	0.696000
	0.702500
	0.690000
	0.679000
	0.676500
	0.687500
	0.699000
	0.697000
	0.710000
	0.716000
	0.719000
	0.729500
	0.732500
	0.734000
	0.729500
	0.723500
	0.715500
	0.715000
	0.712500
	0.703000
	0.696500
	0.699500
	0.709500
	0.727000
	0.728500
	0.731500
	0.724500
	0.715000
	0.703000
	0.695000
	0.694500
	0.691500
	0.694000
	0.698000
	0.695500
	0.692000
	0.702500
	0.713000
	0.712500
	0.716000
	0.732000
	0.729500
	0.722500
	0.716000
	0.710500
	0.704500
	0.702500
	0.700500
	0.703500
	0.718500
	0.728500
	0.727500
	0.733000
	0.724000
	0.716000
	0.713000
	0.713000
	0.706500
	0.693000
	0.686000
	0.681500
	0.685500
	0.692000
	0.688000
	0.689500
	0.688500
	0.698000
	0.697000
	0.695000
	0.691000
	0.697500
	0.700500
	0.697000
	0.688500
	0.686000
	0.705500
	0.702000
	0.701500
	0.705500
	0.705500
	0.712000
	0.703000
	0.701500
	0.694000
	0.686500
	0.683500
	0.678500
	0.682500
	0.668000
	0.658500
	0.654500
	0.650500
	0.644500
	0.639000
	0.639000
	0.644000
	0.653500
	0.661500
	0.659500
	0.670500
	0.677500
	0.684000
	0.695000
	0.700000
	0.696000
	0.698500
	0.699000
	0.695500
	0.695500
	0.698500
	0.703500
	0.702500
	0.709500
	0.711000
	0.705000
	0.696000
	0.690500
	0.693500
	0.693500
	0.694500
	0.689500
	0.678500
	0.681500
	0.684500
	0.686500
	0.693500
	0.700000
	0.697000
	0.687000
	0.678000
	0.680000
	0.687500
	0.702000
	0.704500
	0.698500
	0.701500
	0.702500
	0.703000
	0.704500
	0.714000
	0.702000
	0.683000
	0.660000
	0.654000
	0.658500
	0.643500
	0.634500
	0.634000
	0.630500
	0.636500
	0.656000
	0.673000
	0.678500
	0.676000
