	0.195000
	0.276000
	0.335000
	0.374000
	0.402000
	0.444000
	0.462000
	0.476000
	0.496500
	0.519000
	0.538500
	0.557500
	0.576500
	0.589500
	0.601500
	0.605500
	0.621000
	0.638000
	0.643000
	0.643000
	0.637500
	0.631000
	0.627500
	0.629000
	0.635000
	0.649500
	0.661000
	0.659500
	0.663000
	0.655500
	0.656000
	0.665500
	0.685000
	0.684500
	0.680500
	0.681500
	0.673500
	0.661000
	0.674000
	0.688500
	0.694500
	0.697500
	0.692500
	0.682500
	0.672500
	0.666500
	0.666500
	0.682000
	0.700500
	0.706000
	0.710000
	0.713000
	0.718000
	0.723500
	0.721000
	0.724000
	0.723500
	0.723500
	0.739500
	0.741000
	0.747500
	0.744500
	0.741000
	0.730500
	0.725000
	0.720500
	0.719500
	0.715000
	0.706000
	0.696500
	0.687500
	0.687000
	0.680500
	0.689500
	0.682500
	0.695000
	0.719500
	0.716000
	0.704000
	0.706000
	0.700000
	0.700000
	0.703500
	0.706000
	0.710500
	0.700000
	0.704500
	0.707000
	0.697000
	0.695000
	0.698500
	0.693500
	0.677500
	0.671500
	0.670500
	0.657500
	0.654000
	0.650000
	0.640000
	0.614500
	0.601500
	0.588000
	0.594000
	0.594000
	0.592000
	0.584500
	0.583000
	0.591500
	0.599500
	0.616000
	0.623000
	0.636500
	0.652000
	0.646000
	0.652500
	0.656000
	0.649500
	0.659000
	0.665000
	0.663000
	0.666000
	0.676000
	0.683000
	0.696000
	0.693500
	0.689500
	0.673500
	0.669000
	0.662500
	0.657000
	0.660500
	0.660000
	0.665500
	0.677500
	0.700000
	0.702500
	0.691500
	0.686500
	0.684500
	0.679000
	0.683500
	0.689500
	0.701500
	0.704500
	0.708500
	0.713500
	0.708500
	0.698000
	0.690000
	0.687500
	0.683500
	0.669000
	0.658500
	0.649000
	0.645500
	0.648000
	0.642000
	0.645500
	0.656000
	0.657500
	0.660500
	0.662000
	0.666500
	0.672000
	0.672000
	0.670500
	0.675000
	0.679000
	0.691500
	0.689000
	0.681000
	0.684000
	0.686000
	0.690500
	0.691000
	0.691000
	0.701500
	0.696500
	0.693500
	0.690000
	0.696000
	0.696000
	0.699500
	0.705500
	0.710000
	0.705500
	0.703000
	0.701000
	0.694500
	0.694000
	0.694000
	0.692000
	0.695500
	0.700500
	0.713000
	0.729000
	0.719000
	0.700500
	0.686000
	0.683000
