	0.146815
	0.180386
	0.191575
	0.196045
	0.199345
	0.199875
	0.191353
	0.176656
	0.163633
	0.154850
	0.151014
	0.144769
	0.134854
	0.123914
	0.111150
	0.099391
	0.085773
	0.073681
	0.063569
	0.059249
	0.055584
	0.062729
	0.069871
	0.063606
	0.058446
	0.056269
	0.055923
	0.055855
	0.063711
	0.072024
	0.073323
	0.069471
	0.070069
	0.075085
	0.077369
	0.078719
	0.073739
	0.069023
	0.065411
	0.068103
	0.073155
	0.081243
	0.083436
	0.091119
	0.093443
	0.097711
	0.098775
	0.092384
	0.086289
	0.086679
	0.076845
	0.063191
	0.054579
	0.048189
	0.051919
	0.051029
	0.058236
	0.066575
	0.062111
	0.059654
	0.055125
	0.052319
	0.057186
	0.060969
	0.064225
	0.069895
	0.069593
	0.062823
	0.058075
	0.056284
	0.057564
	0.061733
	0.055139
	0.044255
	0.043013
	0.043969
	0.044625
	0.044966
	0.038354
	0.039533
	0.041225
	0.043583
	0.051134
	0.058864
	0.064154
	0.070066
	0.070774
	0.074255
	0.069961
	0.069543
	0.057484
	0.056619
	0.058345
	0.062666
	0.065483
	0.065935
	0.065305
	0.061969
	0.061050
	0.059600
	0.054745
	0.058153
	0.057669
	0.062119
	0.069869
	0.074663
	0.078819
	0.081125
	0.088665
	0.092429
	0.092004
	0.090569
	0.082773
	0.074505
	0.068616
	0.065921
	0.063775
	0.058473
	0.062733
	0.071846
	0.078175
	0.082975
	0.086619
	0.085919
	0.090104
	0.094113
	0.093500
	0.097059
	0.097869
	0.089713
	0.089950
	0.079055
	0.066306
	0.060715
	0.064075
	0.062075
	0.060875
	0.064419
	0.063669
	0.059969
	0.056293
	0.054294
	0.057163
	0.066405
	0.070106
	0.077689
	0.084873
	0.088061
	0.094971
	0.094735
	0.088163
	0.080700
	0.074239
	0.076404
	0.075345
	0.080984
	0.076469
	0.070819
	0.067369
	0.059469
	0.056313
	0.064344
	0.065669
	0.063283
	0.064486
	0.062914
	0.062434
	0.060375
	0.062115
	0.059276
	0.061139
	0.060811
	0.064453
	0.073550
	0.077415
	0.079029
	0.081796
	0.080553
	0.075283
	0.065113
	0.060774
	0.058725
	0.066561
	0.071895
	0.077850
	0.086743
	0.085891
	0.085996
	0.088219
	0.085919
	0.084345
	0.077864
	0.074663
	0.078815
	0.080575
	0.076993
	0.075831
	0.076053
	0.081393
	0.084533
