	0.141224
	0.183761
	0.200625
	0.205750
	0.198811
	0.193200
	0.188150
	0.179794
	0.171254
	0.164875
	0.161453
	0.157769
	0.151489
	0.142949
	0.133450
	0.123414
	0.113219
	0.104573
	0.097903
	0.091646
	0.088975
	0.093109
	0.095071
	0.095573
	0.097074
	0.094105
	0.085769
	0.077056
	0.066546
	0.059919
	0.063621
	0.068505
	0.074414
	0.079231
	0.083444
	0.082364
	0.083391
	0.082433
	0.083543
	0.082769
	0.079115
	0.074843
	0.067219
	0.062905
	0.068725
	0.073375
	0.069431
	0.063600
	0.060851
	0.057455
	0.050900
	0.055999
	0.058650
	0.060184
	0.061519
	0.061191
	0.059595
	0.059575
	0.057150
	0.055143
	0.045575
	0.042773
	0.042545
	0.042453
	0.042985
	0.043415
	0.047273
	0.048641
	0.051849
	0.050463
	0.051723
	0.047584
	0.049125
	0.053219
	0.060195
	0.066855
	0.066274
	0.065513
	0.065725
	0.065855
	0.062854
	0.058384
	0.058675
	0.059100
	0.057846
	0.059250
	0.051165
	0.049085
	0.052769
	0.059669
	0.067366
	0.074279
	0.077415
	0.075144
	0.070619
	0.066459
	0.065223
	0.067863
	0.070653
	0.075485
	0.080873
	0.081064
	0.087519
	0.092603
	0.086065
	0.086703
	0.085241
	0.090769
	0.085994
	0.081469
	0.079726
	0.072765
	0.071400
	0.071835
	0.067441
	0.060075
	0.048213
	0.050211
	0.049159
	0.046475
	0.042035
	0.037669
	0.037903
	0.033713
	0.030519
	0.031305
	0.032065
	0.033379
	0.034115
	0.036205
	0.039400
	0.039113
	0.043404
	0.043544
	0.049925
	0.051050
	0.051419
	0.056531
	0.062625
	0.066163
	0.064706
	0.063683
	0.056884
	0.060115
	0.065069
	0.069213
	0.065781
	0.062905
	0.060375
	0.051311
	0.046019
	0.042333
	0.042713
	0.040835
	0.038181
	0.040333
	0.041750
	0.044673
	0.047216
	0.046621
	0.049683
	0.051365
	0.054600
	0.056965
	0.063396
	0.069481
	0.073966
	0.077275
	0.076705
	0.077916
	0.073924
	0.078395
	0.076273
	0.067735
	0.059691
	0.054419
	0.054091
	0.050151
	0.050769
	0.052669
	0.051893
	0.052635
	0.055601
	0.057064
	0.059175
	0.056584
	0.049375
	0.044835
	0.044365
	0.046669
	0.044816
	0.043766
	0.043561
	0.042076
	0.040319
	0.044055
	0.047333
	0.050425
	0.053201
	0.057731
