	0.139625
	0.179051
	0.202083
	0.205494
	0.198053
	0.190875
	0.184355
	0.175139
	0.164095
	0.151963
	0.138950
	0.129085
	0.115353
	0.101750
	0.088983
	0.081016
	0.072035
	0.065713
	0.070169
	0.078300
	0.073279
	0.071355
	0.058915
	0.056886
	0.053781
	0.048021
	0.045025
	0.046293
	0.048845
	0.049446
	0.042935
	0.043916
	0.039825
	0.040143
	0.038669
	0.034665
	0.037709
	0.042626
	0.046593
	0.051849
	0.055125
	0.059603
	0.062654
	0.067504
	0.068711
	0.066915
	0.071333
	0.073775
	0.075219
	0.073721
	0.067519
	0.065615
	0.062279
	0.068125
	0.072835
	0.076050
	0.072535
	0.072395
	0.069506
	0.067025
	0.057685
	0.059125
	0.066216
	0.071373
	0.077883
	0.080131
	0.083355
	0.086969
	0.080275
	0.072473
	0.065766
	0.058453
	0.060524
	0.063271
	0.070253
	0.077183
	0.078925
	0.077053
	0.080519
	0.080619
	0.073804
	0.072039
	0.069719
	0.064056
	0.062715
	0.062413
	0.063666
	0.070065
	0.074443
	0.075235
	0.078815
	0.083315
	0.088683
	0.091501
	0.089543
	0.080455
	0.073475
	0.059841
	0.051413
	0.053275
	0.054391
	0.060501
	0.056323
	0.056164
	0.058336
	0.060269
	0.059355
	0.061523
	0.058483
	0.052850
	0.046569
	0.044819
	0.046095
	0.047875
	0.054665
	0.064326
	0.072213
	0.080751
	0.088815
	0.100459
	0.108059
	0.111874
	0.108285
	0.096831
	0.083903
	0.071534
	0.063996
	0.058984
	0.057846
	0.058849
	0.053564
	0.056719
	0.060719
	0.064155
	0.067333
	0.070365
	0.069245
	0.059369
	0.057733
	0.060445
	0.065979
	0.065415
	0.068769
	0.069933
	0.074823
	0.073609
	0.073950
	0.065155
	0.062301
	0.059495
	0.061650
	0.068683
	0.074936
	0.075801
	0.076705
	0.080491
	0.081875
	0.083649
	0.085141
	0.087373
	0.088551
	0.085835
	0.084405
	0.070786
	0.054594
	0.051765
	0.044476
	0.045435
	0.048464
	0.053941
	0.060893
	0.063831
	0.061364
	0.059255
	0.061033
	0.054551
	0.052929
	0.052575
	0.051619
	0.050083
	0.053319
	0.058173
	0.061159
	0.067729
	0.071173
	0.077000
	0.082150
	0.079416
	0.077619
	0.074925
	0.070913
	0.068149
	0.064055
	0.056885
	0.054165
	0.054679
	0.050639
	0.046625
	0.043624
	0.039921
