	0.185500
	0.267000
	0.318000
	0.357500
	0.394500
	0.440500
	0.476000
	0.510000
	0.540500
	0.571500
	0.595500
	0.605500
	0.618500
	0.635000
	0.649500
	0.644500
	0.644500
	0.643500
	0.639500
	0.635500
	0.631500
	0.639000
	0.642000
	0.657000
	0.657500
	0.643000
	0.637500
	0.634000
	0.633500
	0.641000
	0.647000
	0.662000
	0.667000
	0.658500
	0.668000
	0.666000
	0.669000
	0.671500
	0.680000
	0.696500
	0.692500
	0.688000
	0.694500
	0.700000
	0.718000
	0.736500
	0.741500
	0.738000
	0.725000
	0.714500
	0.695000
	0.686000
	0.683500
	0.682500
	0.683500
	0.697000
	0.704500
	0.683500
	0.685000
	0.681500
	0.694000
	0.694000
	0.696000
	0.702500
	0.710000
	0.701500
	0.697500
	0.697500
	0.704500
	0.712000
	0.694500
	0.683000
	0.683500
	0.679500
	0.669500
	0.652500
	0.653000
	0.647500
	0.648500
	0.653000
	0.648000
	0.647500
	0.648000
	0.647500
	0.644000
	0.648000
	0.641500
	0.634500
	0.640500
	0.647000
	0.653000
	0.652500
	0.664000
	0.672500
	0.670000
	0.657000
	0.654500
	0.637500
	0.625000
	0.628500
	0.628500
	0.641000
	0.652000
	0.658500
	0.666000
	0.676000
	0.677500
	0.679500
	0.674500
	0.667500
	0.671000
	0.675000
	0.690500
	0.698000
	0.691500
	0.695000
	0.686000
	0.689000
	0.685500
	0.685000
	0.687000
	0.689500
	0.688000
	0.691500
	0.694500
	0.708000
	0.723000
	0.729000
	0.739500
	0.745500
	0.742000
	0.735000
	0.729500
	0.729000
	0.729500
	0.718500
	0.717000
	0.710500
	0.710500
	0.712500
	0.708000
	0.715500
	0.711000
	0.700500
	0.687500
	0.662500
	0.657000
	0.659500
	0.663000
	0.665500
	0.672500
	0.685500
	0.690500
	0.702500
	0.706000
	0.709500
	0.714500
	0.709500
	0.709000
	0.711000
	0.714000
	0.706500
	0.705000
	0.715000
	0.723000
	0.720500
	0.713000
	0.706000
	0.698500
	0.692500
	0.692000
	0.693500
	0.694000
	0.699500
	0.705500
	0.703500
	0.694500
	0.694500
	0.691500
	0.667500
	0.661500
	0.668000
	0.674500
	0.669500
	0.669000
	0.677500
	0.691500
	0.704500
	0.707000
	0.703000
	0.698000
	0.704000
	0.711500
	0.716000
	0.712500
	0.704000
	0.693500
	0.691500
	0.686000
	0.676500
