	0.140425
	0.183103
	0.202614
	0.206425
	0.194096
	0.180453
	0.171493
	0.162455
	0.156515
	0.143765
	0.129934
	0.113071
	0.096749
	0.083769
	0.070725
	0.069913
	0.068525
	0.071766
	0.071971
	0.072024
	0.068876
	0.066429
	0.058991
	0.054481
	0.052131
	0.047761
	0.043345
	0.048214
	0.054969
	0.060169
	0.069283
	0.076843
	0.083179
	0.086095
	0.085831
	0.082919
	0.072819
	0.060373
	0.059919
	0.058149
	0.059223
	0.054404
	0.056204
	0.056519
	0.045376
	0.040625
	0.040889
	0.042650
	0.043075
	0.048376
	0.044209
	0.046603
	0.051714
	0.056379
	0.059053
	0.059515
	0.060881
	0.061803
	0.061043
	0.057941
	0.061135
	0.066894
	0.069439
	0.071794
	0.072543
	0.065249
	0.059569
	0.057286
	0.053519
	0.058791
	0.057096
	0.057964
	0.058455
	0.061831
	0.058123
	0.053134
	0.052003
	0.052919
	0.051385
	0.048569
	0.050495
	0.054415
	0.053025
	0.051519
	0.047724
	0.038405
	0.037476
	0.039323
	0.038150
	0.042574
	0.045153
	0.044594
	0.047035
	0.053499
	0.059195
	0.064281
	0.071419
	0.075725
	0.076389
	0.078889
	0.074135
	0.064473
	0.058803
	0.056093
	0.050174
	0.045955
	0.042144
	0.035286
	0.036981
	0.039061
	0.042719
	0.042924
	0.046355
	0.049931
	0.053025
	0.053975
	0.053473
	0.050765
	0.049315
	0.050869
	0.045745
	0.047483
	0.051769
	0.050675
	0.051119
	0.046671
	0.043165
	0.041403
	0.043774
	0.045433
	0.046344
	0.046775
	0.050194
	0.042311
	0.043359
	0.049700
	0.053600
	0.059513
	0.065785
	0.067535
	0.065925
	0.067381
	0.066815
	0.069519
	0.069569
	0.070856
	0.068103
	0.064345
	0.056450
	0.054750
	0.046359
	0.051006
	0.054605
	0.059713
	0.057825
	0.062234
	0.064005
	0.062225
	0.067295
	0.059041
	0.057753
	0.063734
	0.063563
	0.070623
	0.073426
	0.074986
	0.075784
	0.072769
	0.072219
	0.069144
	0.074319
	0.075465
	0.078733
	0.081951
	0.076906
	0.075735
	0.071873
	0.068971
	0.066376
	0.068871
	0.076225
	0.081706
	0.085736
	0.088996
	0.090734
	0.091514
	0.086605
	0.091763
	0.087431
	0.080166
	0.072806
	0.066983
	0.061373
	0.058513
	0.054346
	0.055783
	0.057143
	0.059803
	0.063219
	0.065913
