	0.152225
	0.189385
	0.202923
	0.204483
	0.199153
	0.191926
	0.183723
	0.175763
	0.170175
	0.166169
	0.162506
	0.158569
	0.153750
	0.146124
	0.131023
	0.118845
	0.108050
	0.096175
	0.086895
	0.077915
	0.070319
	0.062951
	0.062381
	0.065245
	0.071269
	0.076419
	0.079404
	0.082869
	0.078421
	0.074593
	0.074835
	0.070165
	0.066933
	0.060999
	0.061555
	0.067275
	0.069369
	0.075009
	0.079194
	0.078343
	0.078425
	0.080593
	0.081425
	0.078825
	0.073306
	0.066599
	0.061191
	0.066129
	0.064926
	0.066523
	0.068075
	0.064883
	0.064521
	0.062524
	0.064409
	0.063319
	0.068809
	0.066725
	0.065409
	0.059995
	0.055944
	0.058971
	0.065551
	0.071405
	0.076424
	0.087284
	0.090203
	0.091450
	0.088233
	0.095493
	0.103986
	0.108765
	0.105725
	0.104394
	0.098206
	0.098485
	0.101663
	0.096225
	0.101100
	0.103159
	0.107469
	0.096823
	0.094293
	0.086511
	0.079716
	0.077809
	0.071700
	0.062375
	0.058269
	0.054569
	0.054833
	0.048500
	0.043303
	0.048795
	0.053146
	0.056751
	0.054275
	0.054219
	0.055919
	0.054773
	0.052975
	0.049543
	0.046745
	0.050095
	0.056900
	0.062345
	0.065109
	0.068435
	0.073643
	0.078519
	0.072845
	0.070319
	0.073831
	0.066255
	0.064206
	0.065205
	0.069044
	0.076750
	0.079225
	0.078464
	0.078025
	0.071585
	0.066041
	0.068443
	0.070644
	0.061853
	0.059655
	0.054273
	0.057719
	0.059735
	0.060769
	0.059465
	0.067083
	0.065283
	0.056200
	0.060043
	0.062389
	0.065074
	0.065945
	0.070743
	0.078419
	0.081696
	0.089719
	0.097785
	0.095505
	0.087069
	0.090123
	0.093625
	0.094106
	0.096165
	0.094119
	0.087933
	0.078253
	0.082823
	0.085105
	0.083535
	0.083004
	0.079900
	0.078023
	0.080126
	0.085096
	0.088941
	0.091415
	0.095300
	0.096189
	0.098266
	0.102355
	0.107273
	0.113285
	0.112299
	0.108706
	0.100450
	0.089303
	0.081399
	0.079363
	0.081784
	0.084185
	0.084895
	0.085633
	0.089695
	0.085919
	0.079550
	0.069839
	0.066675
	0.060459
	0.060016
	0.066993
	0.068019
	0.070319
	0.070143
	0.075453
	0.078703
	0.077095
	0.074459
	0.067619
	0.054855
	0.053369
	0.053095
	0.059941
	0.067769
