	0.185000
	0.257500
	0.335500
	0.409500
	0.452500
	0.495000
	0.508500
	0.514000
	0.522000
	0.530000
	0.534000
	0.546000
	0.566000
	0.577500
	0.586500
	0.588500
	0.592500
	0.592500
	0.590000
	0.603500
	0.611500
	0.631500
	0.641500
	0.643000
	0.639000
	0.641000
	0.645000
	0.650500
	0.659000
	0.667500
	0.653000
	0.650500
	0.645500
	0.647000
	0.654500
	0.660000
	0.663000
	0.682000
	0.682500
	0.675000
	0.678500
	0.680000
	0.676500
	0.671000
	0.672500
	0.674500
	0.675000
	0.675000
	0.680000
	0.681500
	0.688000
	0.687000
	0.696500
	0.701500
	0.716500
	0.733000
	0.717000
	0.715000
	0.719000
	0.717000
	0.713000
	0.717000
	0.724000
	0.722000
	0.717000
	0.717500
	0.718500
	0.707000
	0.714500
	0.717000
	0.719000
	0.706500
	0.697500
	0.698500
	0.697000
	0.707500
	0.699000
	0.706000
	0.705500
	0.707000
	0.712500
	0.702000
	0.689500
	0.683000
	0.681000
	0.678500
	0.691500
	0.696000
	0.701000
	0.703500
	0.704500
	0.708500
	0.717500
	0.721000
	0.719500
	0.700500
	0.693500
	0.683000
	0.686000
	0.684000
	0.682500
	0.687500
	0.693000
	0.695500
	0.692000
	0.692000
	0.696500
	0.701000
	0.712000
	0.716500
	0.719500
	0.708000
	0.695500
	0.688500
	0.680500
	0.676000
	0.669500
	0.655500
	0.638000
	0.625000
	0.612000
	0.607500
	0.614500
	0.614000
	0.617500
	0.619000
	0.625000
	0.636000
	0.643500
	0.647500
	0.649000
	0.642500
	0.638500
	0.645500
	0.655500
	0.663000
	0.661500
	0.664500
	0.651500
	0.660000
	0.676500
	0.689000
	0.690000
	0.702000
	0.702000
	0.703500
	0.703500
	0.699500
	0.684500
	0.682000
	0.685000
	0.705000
	0.700000
	0.690500
	0.693000
	0.700000
	0.707000
	0.707000
	0.703500
	0.693500
	0.684500
	0.693500
	0.692000
	0.706000
	0.712000
	0.712000
	0.718000
	0.722000
	0.718500
	0.713000
	0.716500
	0.717500
	0.712500
	0.710500
	0.719500
	0.720000
	0.719500
	0.716000
	0.708000
	0.704000
	0.710000
	0.715000
	0.715500
	0.717500
	0.724500
	0.731500
	0.730500
	0.720000
	0.709500
	0.715000
	0.716000
	0.716500
	0.720000
	0.729000
	0.710000
	0.710500
	0.701000
	0.700000
	0.705500
	0.705000
