	0.127864
	0.175496
	0.196719
	0.205253
	0.200764
	0.191104
	0.180453
	0.170965
	0.162574
	0.151995
	0.141085
	0.130319
	0.122963
	0.116605
	0.108115
	0.093606
	0.082445
	0.079475
	0.081569
	0.083745
	0.087093
	0.089931
	0.090983
	0.095521
	0.098205
	0.093885
	0.091205
	0.085545
	0.086166
	0.085845
	0.077239
	0.075813
	0.070931
	0.063525
	0.052594
	0.038726
	0.041774
	0.045263
	0.044823
	0.041633
	0.045089
	0.046329
	0.044843
	0.048583
	0.051991
	0.048903
	0.048893
	0.046025
	0.049786
	0.057619
	0.057723
	0.060323
	0.061513
	0.059399
	0.059175
	0.058145
	0.055045
	0.049911
	0.049955
	0.046516
	0.050833
	0.054665
	0.053835
	0.058969
	0.062593
	0.062193
	0.062489
	0.064494
	0.067125
	0.065919
	0.067994
	0.068119
	0.066119
	0.063569
	0.058891
	0.046369
	0.051550
	0.055323
	0.060556
	0.063469
	0.066573
	0.070193
	0.074755
	0.082305
	0.089165
	0.096321
	0.098919
	0.097833
	0.097699
	0.089655
	0.081259
	0.069301
	0.062105
	0.057034
	0.056349
	0.058561
	0.057939
	0.057606
	0.051105
	0.050686
	0.053100
	0.056900
	0.059689
	0.062545
	0.060556
	0.059725
	0.062025
	0.058555
	0.053119
	0.049531
	0.046753
	0.044595
	0.048101
	0.050849
	0.053405
	0.053119
	0.056226
	0.056603
	0.056033
	0.058165
	0.062426
	0.066233
	0.073873
	0.076174
	0.075169
	0.077954
	0.076619
	0.084900
	0.086573
	0.079065
	0.069905
	0.068215
	0.068853
	0.073519
	0.075143
	0.071189
	0.068024
	0.067995
	0.066743
	0.074324
	0.081143
	0.087403
	0.087661
	0.088800
	0.091975
	0.096165
	0.096663
	0.096046
	0.092719
	0.087515
	0.079425
	0.077775
	0.072859
	0.065193
	0.063519
	0.063886
	0.061169
	0.062944
	0.060743
	0.063203
	0.067785
	0.069815
	0.074176
	0.078809
	0.079795
	0.071719
	0.064313
	0.062325
	0.063063
	0.058799
	0.053705
	0.055623
	0.055869
	0.052135
	0.052335
	0.052569
	0.054991
	0.051243
	0.040771
	0.045279
	0.045843
	0.051269
	0.059623
	0.066105
	0.065969
	0.068263
	0.074175
	0.078421
	0.078263
	0.074135
	0.070325
	0.071676
	0.070065
	0.065745
	0.060249
	0.059819
	0.064693
	0.060186
	0.059579
	0.062766
