	0.175500
	0.248500
	0.318000
	0.375500
	0.402500
	0.414500
	0.435500
	0.459000
	0.482500
	0.498000
	0.520000
	0.542000
	0.562500
	0.582000
	0.600500
	0.618500
	0.629000
	0.651000
	0.681000
	0.680500
	0.685000
	0.695500
	0.706000
	0.714500
	0.711000
	0.710500
	0.721500
	0.723500
	0.722000
	0.719000
	0.709500
	0.707500
	0.711500
	0.711000
	0.704500
	0.709500
	0.717000
	0.718500
	0.721000
	0.723000
	0.729000
	0.737000
	0.740000
	0.745500
	0.730500
	0.723000
	0.717500
	0.718000
	0.708500
	0.703500
	0.692500
	0.688000
	0.675500
	0.672000
	0.660500
	0.673500
	0.667500
	0.654000
	0.647000
	0.629500
	0.614000
	0.595500
	0.596500
	0.600000
	0.599000
	0.595000
	0.598000
	0.596000
	0.607000
	0.622500
	0.633500
	0.642000
	0.656000
	0.652500
	0.637500
	0.640000
	0.642500
	0.644500
	0.648000
	0.636000
	0.635000
	0.628000
	0.626000
	0.633500
	0.635500
	0.643000
	0.637000
	0.650500
	0.671500
	0.689000
	0.683500
	0.680000
	0.681500
	0.688500
	0.680500
	0.667500
	0.656000
	0.662500
	0.670000
	0.678500
	0.690500
	0.692000
	0.683000
	0.689500
	0.701000
	0.706000
	0.710500
	0.710000
	0.703500
	0.706000
	0.702500
	0.693500
	0.689000
	0.687000
	0.682500
	0.672500
	0.672000
	0.673000
	0.676000
	0.668500
	0.661000
	0.654500
	0.644500
	0.647000
	0.651000
	0.658000
	0.667000
	0.676500
	0.681500
	0.700500
	0.696000
	0.682500
	0.686500
	0.675500
	0.668500
	0.657000
	0.656000
	0.657500
	0.665500
	0.672500
	0.677000
	0.680500
	0.673500
	0.672500
	0.693000
	0.708000
	0.718500
	0.726500
	0.725000
	0.719000
	0.710000
	0.710000
	0.703500
	0.696000
	0.691000
	0.689000
	0.677500
	0.668500
	0.665000
	0.659000
	0.657500
	0.664000
	0.655500
	0.651000
	0.652000
	0.652000
	0.653500
	0.658500
	0.668000
	0.672500
	0.672000
	0.683000
	0.685000
	0.682500
	0.676500
	0.680500
	0.690500
	0.687000
	0.691500
	0.698000
	0.695000
	0.701500
	0.704500
	0.701500
	0.703000
	0.705000
	0.702000
	0.697000
	0.685000
	0.680000
	0.677500
	0.671500
	0.671500
	0.672000
	0.671000
	0.672000
	0.671000
	0.668500
	0.671500
	0.676500
