	0.195000
	0.285000
	0.352500
	0.399000
	0.428000
	0.445500
	0.465500
	0.508500
	0.551000
	0.581000
	0.608500
	0.630500
	0.641000
	0.652000
	0.667000
	0.680000
	0.681000
	0.680500
	0.690000
	0.687000
	0.695500
	0.699500
	0.689500
	0.685000
	0.686000
	0.682500
	0.684000
	0.680000
	0.686000
	0.701000
	0.708000
	0.713500
	0.697500
	0.685500
	0.677500
	0.675500
	0.676000
	0.678500
	0.680500
	0.678500
	0.671500
	0.674000
	0.666500
	0.656000
	0.668500
	0.668000
	0.670500
	0.675500
	0.699000
	0.709000
	0.697000
	0.689500
	0.683000
	0.677500
	0.673500
	0.685500
	0.689000
	0.703500
	0.701500
	0.706000
	0.715000
	0.712500
	0.714500
	0.706000
	0.689000
	0.676500
	0.663000
	0.671500
	0.694000
	0.708500
	0.714000
	0.708000
	0.723500
	0.718500
	0.713000
	0.707500
	0.718500
	0.713000
	0.705000
	0.704500
	0.712000
	0.708500
	0.703000
	0.702500
	0.703500
	0.704500
	0.707500
	0.707500
	0.713500
	0.709000
	0.708500
	0.702500
	0.692500
	0.682000
	0.662000
	0.648000
	0.627500
	0.620000
	0.621500
	0.625000
	0.618000
	0.610500
	0.598500
	0.589500
	0.577000
	0.573000
	0.558500
	0.555500
	0.557500
	0.560500
	0.556500
	0.553000
	0.569500
	0.571500
	0.570500
	0.561500
	0.558500
	0.561000
	0.569000
	0.578000
	0.595500
	0.623000
	0.651000
	0.664500
	0.661000
	0.658000
	0.638500
	0.628500
	0.625000
	0.629500
	0.621000
	0.624000
	0.620500
	0.616000
	0.618500
	0.618000
	0.622000
	0.627500
	0.638500
	0.640500
	0.664500
	0.681000
	0.706000
	0.716500
	0.714000
	0.705000
	0.710500
	0.693000
	0.686500
	0.679000
	0.677500
	0.687500
	0.697500
	0.695000
	0.692000
	0.695000
	0.701000
	0.696000
	0.693000
	0.685000
	0.677500
	0.672500
	0.665500
	0.655000
	0.660000
	0.671500
	0.688000
	0.692000
	0.691000
	0.694000
	0.694500
	0.683500
	0.677500
	0.674500
	0.673000
	0.681000
	0.679500
	0.683500
	0.684000
	0.686500
	0.686500
	0.681500
	0.667500
	0.658000
	0.643500
	0.629500
	0.624500
	0.623500
	0.643000
	0.658500
	0.654500
	0.641000
	0.624000
	0.608000
	0.590500
	0.585500
	0.574500
	0.575500
	0.582000
	0.589000
