	0.146815
	0.183761
	0.202033
	0.203419
	0.198824
	0.193425
	0.187585
	0.181935
	0.177935
	0.170769
	0.160650
	0.145324
	0.133045
	0.126201
	0.119599
	0.115179
	0.105900
	0.102544
	0.096325
	0.095950
	0.094800
	0.096706
	0.100513
	0.101226
	0.096816
	0.096533
	0.096126
	0.097211
	0.099004
	0.097549
	0.102143
	0.096514
	0.092296
	0.090869
	0.093763
	0.093069
	0.086750
	0.081913
	0.078919
	0.066475
	0.068055
	0.070100
	0.070819
	0.055779
	0.044675
	0.046695
	0.050593
	0.051681
	0.057041
	0.062446
	0.066373
	0.069769
	0.070900
	0.074795
	0.075709
	0.076263
	0.079225
	0.080345
	0.077075
	0.070275
	0.071155
	0.070349
	0.072656
	0.076725
	0.080616
	0.081523
	0.079363
	0.074774
	0.069871
	0.074855
	0.076995
	0.075155
	0.075003
	0.073739
	0.073905
	0.069905
	0.071009
	0.074869
	0.074809
	0.073616
	0.064236
	0.056695
	0.047189
	0.045853
	0.048431
	0.050956
	0.052119
	0.053225
	0.063400
	0.070066
	0.074539
	0.078603
	0.072716
	0.070644
	0.067775
	0.066126
	0.066145
	0.071600
	0.077343
	0.083023
	0.080283
	0.077881
	0.078139
	0.074466
	0.072119
	0.071509
	0.068253
	0.069265
	0.071143
	0.073816
	0.065754
	0.070700
	0.074563
	0.070665
	0.059525
	0.040775
	0.042293
	0.043825
	0.047051
	0.052235
	0.055755
	0.057405
	0.060675
	0.063173
	0.058351
	0.058641
	0.051569
	0.047444
	0.046433
	0.048906
	0.049015
	0.045875
	0.043685
	0.044125
	0.048355
	0.052119
	0.054531
	0.056775
	0.056319
	0.060135
	0.061039
	0.062073
	0.063573
	0.063375
	0.063250
	0.065605
	0.066719
	0.070123
	0.069425
	0.070775
	0.074183
	0.075305
	0.072274
	0.067150
	0.069374
	0.068233
	0.076850
	0.086625
	0.095331
	0.102369
	0.103971
	0.105900
	0.106619
	0.107043
	0.106665
	0.110865
	0.113703
	0.116383
	0.114705
	0.108436
	0.109633
	0.105871
	0.102293
	0.100919
	0.094101
	0.091593
	0.087194
	0.080595
	0.076309
	0.075126
	0.072423
	0.076005
	0.073755
	0.071285
	0.076583
	0.075223
	0.078126
	0.078406
	0.074275
	0.059506
	0.066321
	0.066326
	0.068671
	0.072895
	0.079285
	0.083115
	0.085295
	0.086800
	0.091525
	0.095245
