	0.185500
	0.267000
	0.344000
	0.390500
	0.453500
	0.488000
	0.492000
	0.536000
	0.556000
	0.570500
	0.596000
	0.613000
	0.627000
	0.636000
	0.648000
	0.646500
	0.651000
	0.652500
	0.660500
	0.670500
	0.680000
	0.682000
	0.686000
	0.692000
	0.697000
	0.694000
	0.697500
	0.707500
	0.701500
	0.699000
	0.691000
	0.684500
	0.691000
	0.679500
	0.677500
	0.683500
	0.681000
	0.673000
	0.681500
	0.688500
	0.680500
	0.677500
	0.688000
	0.699500
	0.698000
	0.705000
	0.709000
	0.714000
	0.702500
	0.703500
	0.695000
	0.700500
	0.702000
	0.703500
	0.718500
	0.720000
	0.714500
	0.708000
	0.718500
	0.715500
	0.720500
	0.728000
	0.734500
	0.736500
	0.730000
	0.729500
	0.725000
	0.718500
	0.717000
	0.720000
	0.725000
	0.713500
	0.703000
	0.700500
	0.693500
	0.701500
	0.704000
	0.700000
	0.695500
	0.707500
	0.715500
	0.714500
	0.720000
	0.714000
	0.711500
	0.713000
	0.706500
	0.699000
	0.694500
	0.694500
	0.685500
	0.675500
	0.666000
	0.656500
	0.673000
	0.690000
	0.694000
	0.693000
	0.693000
	0.684000
	0.685500
	0.686500
	0.687500
	0.709500
	0.718000
	0.721500
	0.727500
	0.720500
	0.716500
	0.712500
	0.699500
	0.695500
	0.683000
	0.677500
	0.677000
	0.662500
	0.662500
	0.665500
	0.672500
	0.688000
	0.696000
	0.699500
	0.708000
	0.707000
	0.720000
	0.723500
	0.723000
	0.715500
	0.705000
	0.693500
	0.693000
	0.686500
	0.684500
	0.684500
	0.684000
	0.694500
	0.696500
	0.697500
	0.694000
	0.704000
	0.712000
	0.726500
	0.724000
	0.725000
	0.718000
	0.714000
	0.719500
	0.707000
	0.693000
	0.683000
	0.681000
	0.683000
	0.675500
	0.671000
	0.667000
	0.673500
	0.690000
	0.684500
	0.691500
	0.710000
	0.707000
	0.699500
	0.695500
	0.697000
	0.698500
	0.698500
	0.704000
	0.710000
	0.719000
	0.717000
	0.705500
	0.701000
	0.702000
	0.699500
	0.696000
	0.704500
	0.718000
	0.711000
	0.710500
	0.714000
	0.715000
	0.720000
	0.722000
	0.722000
	0.709000
	0.702000
	0.691000
	0.690500
	0.696500
	0.701000
	0.711500
	0.699500
	0.693000
	0.687500
	0.689500
	0.675000
	0.666000
	0.660000
	0.651000
	0.643000
