	0.140475
	0.182594
	0.203173
	0.206469
	0.198525
	0.186199
	0.170465
	0.156446
	0.148869
	0.139886
	0.132904
	0.127863
	0.125143
	0.113704
	0.106759
	0.098836
	0.095869
	0.083435
	0.082895
	0.075433
	0.067974
	0.063471
	0.064944
	0.072564
	0.080765
	0.085569
	0.088889
	0.091739
	0.090729
	0.083135
	0.079723
	0.066119
	0.055159
	0.056245
	0.051324
	0.052654
	0.055169
	0.057375
	0.062436
	0.063365
	0.062050
	0.057013
	0.058499
	0.061919
	0.067326
	0.068700
	0.066659
	0.064633
	0.065811
	0.065425
	0.071674
	0.077369
	0.079369
	0.085279
	0.086953
	0.090131
	0.075019
	0.071063
	0.060545
	0.053869
	0.043063
	0.043169
	0.046573
	0.054235
	0.056813
	0.060323
	0.066721
	0.064815
	0.066050
	0.064315
	0.063154
	0.067825
	0.072761
	0.075043
	0.080301
	0.081143
	0.084135
	0.082254
	0.080969
	0.080529
	0.079531
	0.079469
	0.080714
	0.078269
	0.077365
	0.076944
	0.076035
	0.076919
	0.077493
	0.074505
	0.076669
	0.086705
	0.091750
	0.093675
	0.096045
	0.094335
	0.091725
	0.092369
	0.101069
	0.102974
	0.100539
	0.094865
	0.095600
	0.091575
	0.093905
	0.091433
	0.089181
	0.087979
	0.091823
	0.096000
	0.096744
	0.100293
	0.103819
	0.106296
	0.103636
	0.095035
	0.089605
	0.090053
	0.093461
	0.093816
	0.092913
	0.083784
	0.080495
	0.080919
	0.083225
	0.079436
	0.079503
	0.079936
	0.080286
	0.077506
	0.074803
	0.073055
	0.074553
	0.069983
	0.069400
	0.068861
	0.065263
	0.061169
	0.058656
	0.063159
	0.065659
	0.068633
	0.066305
	0.067250
	0.070561
	0.068023
	0.070733
	0.068473
	0.065494
	0.063601
	0.059413
	0.062025
	0.069093
	0.075894
	0.074233
	0.068799
	0.062391
	0.067269
	0.069136
	0.075969
	0.076363
	0.077763
	0.075504
	0.070755
	0.063025
	0.061453
	0.066479
	0.062301
	0.065081
	0.067369
	0.068419
	0.066796
	0.061086
	0.062755
	0.066469
	0.063225
	0.064035
	0.067126
	0.072123
	0.065204
	0.065153
	0.068724
	0.069273
	0.075493
	0.079015
	0.080326
	0.077209
	0.078013
	0.072150
	0.073219
	0.075819
	0.073019
	0.071165
	0.073216
	0.074871
	0.069469
	0.061575
	0.059555
	0.067724
	0.076761
