	0.151495
	0.188894
	0.202125
	0.204354
	0.198003
	0.182219
	0.168100
	0.155835
	0.147063
	0.138603
	0.126273
	0.117565
	0.109621
	0.106750
	0.101483
	0.095591
	0.094149
	0.084571
	0.072263
	0.069199
	0.070119
	0.075025
	0.080193
	0.081406
	0.086196
	0.092015
	0.090796
	0.089991
	0.079769
	0.075703
	0.077619
	0.081149
	0.084119
	0.088025
	0.091619
	0.095265
	0.100269
	0.101754
	0.096533
	0.088484
	0.079369
	0.068455
	0.071103
	0.075845
	0.076643
	0.075481
	0.073266
	0.072905
	0.080651
	0.088085
	0.095983
	0.094495
	0.092573
	0.087669
	0.079525
	0.073759
	0.070273
	0.073233
	0.076414
	0.080976
	0.085150
	0.083623
	0.089619
	0.099946
	0.107734
	0.112875
	0.114751
	0.110063
	0.107526
	0.104765
	0.100941
	0.091343
	0.087439
	0.086445
	0.075083
	0.072474
	0.063035
	0.066024
	0.067174
	0.065694
	0.061865
	0.061785
	0.060396
	0.052843
	0.053513
	0.050925
	0.051365
	0.054066
	0.056325
	0.064025
	0.061819
	0.062833
	0.053284
	0.048235
	0.048750
	0.051553
	0.054064
	0.053849
	0.049815
	0.039273
	0.040435
	0.046291
	0.050564
	0.052619
	0.056765
	0.061293
	0.060433
	0.057741
	0.058453
	0.058813
	0.064845
	0.067526
	0.066750
	0.066189
	0.069375
	0.071089
	0.067719
	0.067625
	0.072645
	0.064515
	0.059096
	0.056673
	0.051775
	0.052619
	0.051229
	0.051669
	0.056499
	0.061083
	0.063653
	0.064645
	0.066765
	0.069175
	0.067104
	0.067613
	0.070900
	0.077353
	0.081734
	0.087595
	0.095429
	0.097041
	0.094015
	0.086255
	0.078825
	0.071813
	0.063681
	0.058519
	0.059150
	0.059926
	0.067321
	0.067609
	0.070316
	0.072766
	0.078100
	0.081106
	0.079809
	0.074665
	0.070615
	0.069645
	0.067391
	0.065800
	0.069275
	0.072165
	0.074419
	0.074495
	0.076096
	0.077099
	0.079901
	0.080261
	0.081169
	0.081554
	0.079676
	0.075724
	0.074024
	0.072075
	0.073571
	0.079050
	0.077319
	0.063323
	0.057619
	0.059664
	0.061046
	0.057073
	0.057186
	0.051313
	0.050035
	0.053054
	0.057215
	0.055795
	0.053434
	0.048783
	0.049769
	0.053273
	0.057155
	0.060205
	0.067015
	0.074666
	0.069419
	0.066129
	0.065250
	0.071376
