	0.152225
	0.183761
	0.204441
	0.206325
	0.195514
	0.173101
	0.157625
	0.139325
	0.129384
	0.122436
	0.115249
	0.107150
	0.100476
	0.096895
	0.088355
	0.074731
	0.068335
	0.058506
	0.063069
	0.067319
	0.073119
	0.071596
	0.066269
	0.069414
	0.072563
	0.073285
	0.068876
	0.067121
	0.072885
	0.075586
	0.081534
	0.087161
	0.094475
	0.092071
	0.093623
	0.097900
	0.101143
	0.104425
	0.108235
	0.103994
	0.101036
	0.096575
	0.086339
	0.069684
	0.066755
	0.062449
	0.059014
	0.061441
	0.064783
	0.066916
	0.073331
	0.068105
	0.070113
	0.066759
	0.063883
	0.064583
	0.065409
	0.072953
	0.073255
	0.071716
	0.060700
	0.052395
	0.054941
	0.054713
	0.057981
	0.062469
	0.066553
	0.072800
	0.078304
	0.085724
	0.096969
	0.105219
	0.108783
	0.110469
	0.105153
	0.098000
	0.100214
	0.105775
	0.111301
	0.112419
	0.111633
	0.105419
	0.097851
	0.087969
	0.078806
	0.068119
	0.062521
	0.058469
	0.052739
	0.055521
	0.062003
	0.071533
	0.080200
	0.085679
	0.085753
	0.085419
	0.088809
	0.086139
	0.090721
	0.093711
	0.099065
	0.098539
	0.093763
	0.094495
	0.094793
	0.094089
	0.097623
	0.096423
	0.100833
	0.100544
	0.103486
	0.102800
	0.105565
	0.098350
	0.093173
	0.084935
	0.080006
	0.078634
	0.085169
	0.088433
	0.095013
	0.097565
	0.099469
	0.095481
	0.096415
	0.093450
	0.090525
	0.084143
	0.085331
	0.084969
	0.081893
	0.082465
	0.073066
	0.066813
	0.066866
	0.068711
	0.073650
	0.077379
	0.080769
	0.081639
	0.069419
	0.065954
	0.059445
	0.055941
	0.043161
	0.043415
	0.046634
	0.046464
	0.044650
	0.046436
	0.050913
	0.052919
	0.054691
	0.060869
	0.066931
	0.069765
	0.059136
	0.050105
	0.040863
	0.040475
	0.044735
	0.048845
	0.050973
	0.055519
	0.061165
	0.065975
	0.071473
	0.070621
	0.074573
	0.066945
	0.057795
	0.060645
	0.056769
	0.054999
	0.056369
	0.063365
	0.064106
	0.065606
	0.067611
	0.065475
	0.066226
	0.067400
	0.067624
	0.069905
	0.061406
	0.056419
	0.056969
	0.060959
	0.059245
	0.062725
	0.066869
	0.069275
	0.074045
	0.076219
	0.075285
	0.071171
	0.070869
	0.074946
	0.079319
	0.082219
