	0.145285
	0.185175
	0.202649
	0.204849
	0.200325
	0.191619
	0.179819
	0.167719
	0.158150
	0.146953
	0.135675
	0.130173
	0.125623
	0.120869
	0.116369
	0.109300
	0.106031
	0.103819
	0.095301
	0.090343
	0.089843
	0.086754
	0.083635
	0.080223
	0.077653
	0.073665
	0.067884
	0.063173
	0.068955
	0.069451
	0.067956
	0.070995
	0.077659
	0.081926
	0.075150
	0.076195
	0.077225
	0.078200
	0.071019
	0.067500
	0.066069
	0.065993
	0.060069
	0.054463
	0.053119
	0.055941
	0.057791
	0.052981
	0.054535
	0.054863
	0.051846
	0.049641
	0.052591
	0.052469
	0.053363
	0.054013
	0.058033
	0.058401
	0.064156
	0.064633
	0.067341
	0.063934
	0.059619
	0.057013
	0.048850
	0.046051
	0.045319
	0.050163
	0.053119
	0.057693
	0.053175
	0.045176
	0.047769
	0.049625
	0.047479
	0.047794
	0.044563
	0.044009
	0.045116
	0.042205
	0.045754
	0.050375
	0.056754
	0.064273
	0.069819
	0.077133
	0.081634
	0.084446
	0.087069
	0.086573
	0.084469
	0.086915
	0.088629
	0.088735
	0.093203
	0.092265
	0.091183
	0.084185
	0.080263
	0.063806
	0.058001
	0.062915
	0.065524
	0.069403
	0.078496
	0.085373
	0.085745
	0.088906
	0.084299
	0.078986
	0.077269
	0.077625
	0.077835
	0.076693
	0.085416
	0.084043
	0.086615
	0.089186
	0.092493
	0.086751
	0.077066
	0.076145
	0.073473
	0.066435
	0.062093
	0.057401
	0.062400
	0.066866
	0.062719
	0.069966
	0.073133
	0.078234
	0.083985
	0.085573
	0.085273
	0.088019
	0.084044
	0.087369
	0.086369
	0.091165
	0.092669
	0.089350
	0.082926
	0.073743
	0.065625
	0.055365
	0.047273
	0.046994
	0.044533
	0.046785
	0.045311
	0.046543
	0.051913
	0.058413
	0.059725
	0.055323
	0.053135
	0.048625
	0.048793
	0.052775
	0.056846
	0.066203
	0.069059
	0.072894
	0.070673
	0.070133
	0.069759
	0.068375
	0.064361
	0.067675
	0.069123
	0.070059
	0.076905
	0.082143
	0.089326
	0.094753
	0.094006
	0.091635
	0.086775
	0.086399
	0.085634
	0.090619
	0.092659
	0.090734
	0.086391
	0.079825
	0.074413
	0.070303
	0.068054
	0.063665
	0.060369
	0.054825
	0.057073
	0.062069
	0.066483
	0.063735
	0.060600
	0.061101
	0.066859
	0.074169
