	0.185500
	0.267000
	0.344000
	0.373500
	0.401000
	0.420500
	0.440000
	0.481000
	0.522500
	0.552500
	0.581500
	0.605500
	0.636000
	0.674000
	0.693000
	0.703000
	0.696500
	0.681500
	0.669500
	0.667000
	0.676000
	0.680500
	0.673000
	0.672500
	0.670000
	0.671000
	0.671000
	0.669000
	0.673500
	0.680500
	0.684000
	0.689000
	0.690500
	0.692500
	0.695500
	0.694000
	0.683500
	0.674500
	0.681500
	0.689000
	0.697500
	0.698500
	0.694000
	0.688500
	0.682500
	0.689500
	0.699500
	0.680000
	0.659500
	0.639500
	0.636500
	0.626000
	0.615500
	0.617500
	0.620500
	0.625500
	0.625500
	0.640000
	0.668500
	0.689000
	0.695000
	0.701500
	0.697500
	0.691500
	0.696000
	0.693000
	0.694000
	0.695500
	0.701000
	0.705000
	0.702500
	0.699500
	0.691000
	0.680000
	0.676500
	0.676000
	0.666000
	0.678000
	0.689500
	0.687500
	0.678500
	0.680000
	0.675500
	0.670000
	0.670000
	0.670000
	0.671500
	0.679500
	0.678500
	0.663000
	0.657000
	0.652000
	0.645500
	0.638000
	0.631000
	0.647000
	0.653500
	0.659000
	0.669500
	0.666000
	0.656500
	0.646000
	0.647500
	0.649000
	0.665500
	0.665500
	0.685000
	0.692000
	0.691500
	0.706000
	0.712500
	0.720500
	0.727000
	0.731500
	0.730000
	0.734000
	0.725500
	0.721000
	0.701000
	0.696000
	0.680500
	0.674000
	0.666500
	0.653000
	0.652000
	0.649000
	0.642000
	0.644500
	0.648000
	0.650000
	0.643500
	0.640000
	0.633500
	0.631500
	0.649000
	0.664500
	0.667500
	0.663500
	0.674000
	0.679500
	0.688500
	0.686500
	0.696500
	0.697500
	0.708500
	0.710000
	0.707000
	0.700000
	0.704500
	0.702500
	0.697000
	0.698000
	0.685000
	0.692500
	0.686000
	0.669500
	0.674000
	0.665000
	0.660500
	0.657000
	0.654000
	0.665500
	0.676000
	0.697500
	0.697000
	0.705500
	0.705000
	0.699500
	0.704000
	0.704000
	0.707500
	0.701500
	0.706000
	0.693500
	0.685500
	0.683500
	0.671000
	0.669500
	0.666500
	0.660500
	0.657500
	0.649500
	0.643500
	0.644000
	0.649500
	0.651000
	0.660500
	0.674000
	0.672500
	0.674500
	0.662000
	0.653000
	0.648500
	0.648500
	0.653500
	0.664000
	0.674500
	0.689500
	0.687000
	0.680500
