	0.175500
	0.266500
	0.352500
	0.433000
	0.492000
	0.541000
	0.575500
	0.568500
	0.557500
	0.552000
	0.551000
	0.556000
	0.566500
	0.581500
	0.606000
	0.622500
	0.650500
	0.671000
	0.697500
	0.690500
	0.677000
	0.671000
	0.658500
	0.655500
	0.666000
	0.680000
	0.696500
	0.700000
	0.711500
	0.714500
	0.704000
	0.691000
	0.692000
	0.694500
	0.692000
	0.689000
	0.694500
	0.683500
	0.676500
	0.670500
	0.682000
	0.677000
	0.687500
	0.684000
	0.688500
	0.683500
	0.682500
	0.671000
	0.669500
	0.661500
	0.653000
	0.655000
	0.652500
	0.653000
	0.661000
	0.679000
	0.680500
	0.678000
	0.684500
	0.690500
	0.697000
	0.706000
	0.704000
	0.696500
	0.701500
	0.692500
	0.684500
	0.677000
	0.666000
	0.671000
	0.668500
	0.659500
	0.655500
	0.659500
	0.653500
	0.656500
	0.668000
	0.677000
	0.685500
	0.692000
	0.689000
	0.692500
	0.706000
	0.714000
	0.715000
	0.729000
	0.720500
	0.718500
	0.712500
	0.705500
	0.693000
	0.692000
	0.699000
	0.690500
	0.695500
	0.700000
	0.707000
	0.719500
	0.713500
	0.704500
	0.686000
	0.674500
	0.660000
	0.648500
	0.640500
	0.637500
	0.631000
	0.628500
	0.646000
	0.663000
	0.670000
	0.680000
	0.664500
	0.656500
	0.650500
	0.646500
	0.650500
	0.651000
	0.652000
	0.645000
	0.635000
	0.632500
	0.638500
	0.642000
	0.640000
	0.643500
	0.647000
	0.637500
	0.635000
	0.643500
	0.654500
	0.658000
	0.657000
	0.651500
	0.657000
	0.667500
	0.677000
	0.674500
	0.677000
	0.694000
	0.715000
	0.724000
	0.712000
	0.682000
	0.677000
	0.678500
	0.674000
	0.662000
	0.661000
	0.663000
	0.670500
	0.664500
	0.675000
	0.681000
	0.668000
	0.668000
	0.666500
	0.665000
	0.665000
	0.650500
	0.649500
	0.647500
	0.650000
	0.660500
	0.677000
	0.677000
	0.667500
	0.658500
	0.660000
	0.660500
	0.661500
	0.650500
	0.643500
	0.638500
	0.624000
	0.619500
	0.626000
	0.620500
	0.619000
	0.613500
	0.613000
	0.606000
	0.617500
	0.620500
	0.634500
	0.620500
	0.624000
	0.629000
	0.637500
	0.649500
	0.656500
	0.661500
	0.665000
	0.665000
	0.670000
	0.680500
	0.685000
	0.682000
	0.702500
	0.704500
