	0.146815
	0.186325
	0.201601
	0.204014
	0.197094
	0.186041
	0.179051
	0.171841
	0.167163
	0.165493
	0.159806
	0.149883
	0.140474
	0.132004
	0.118286
	0.101003
	0.091686
	0.083214
	0.075850
	0.078333
	0.077915
	0.079925
	0.082871
	0.086505
	0.085133
	0.077563
	0.070325
	0.074300
	0.079511
	0.077593
	0.078119
	0.073384
	0.074053
	0.070769
	0.071901
	0.078475
	0.082893
	0.084643
	0.086665
	0.092681
	0.092485
	0.094459
	0.095523
	0.095600
	0.095119
	0.090779
	0.083053
	0.081403
	0.075850
	0.073866
	0.071156
	0.071800
	0.071193
	0.064451
	0.062564
	0.060650
	0.058835
	0.060704
	0.055146
	0.051769
	0.045329
	0.049245
	0.054246
	0.056225
	0.058750
	0.056555
	0.055573
	0.049754
	0.048300
	0.049894
	0.052075
	0.052115
	0.056491
	0.062196
	0.060163
	0.059505
	0.063139
	0.066919
	0.069343
	0.066461
	0.060385
	0.058933
	0.055555
	0.056713
	0.062181
	0.062704
	0.063789
	0.071159
	0.074315
	0.082523
	0.081263
	0.078986
	0.075239
	0.072825
	0.074919
	0.075575
	0.076566
	0.077871
	0.072261
	0.061351
	0.056991
	0.054014
	0.056604
	0.058339
	0.056793
	0.059076
	0.057963
	0.063650
	0.067913
	0.067433
	0.064131
	0.067063
	0.073325
	0.075225
	0.074824
	0.072503
	0.077924
	0.072426
	0.075009
	0.072316
	0.066419
	0.061699
	0.064969
	0.070094
	0.067081
	0.065711
	0.062595
	0.054929
	0.050373
	0.051949
	0.051349
	0.052949
	0.050999
	0.052613
	0.059821
	0.063800
	0.068315
	0.072429
	0.079041
	0.081735
	0.082700
	0.082083
	0.077004
	0.081091
	0.079299
	0.080599
	0.077823
	0.076825
	0.077249
	0.071615
	0.073654
	0.068425
	0.071905
	0.071559
	0.070809
	0.073700
	0.082069
	0.087755
	0.084593
	0.087394
	0.082659
	0.075395
	0.066336
	0.068021
	0.066976
	0.070695
	0.074375
	0.074129
	0.069025
	0.072661
	0.077519
	0.083919
	0.084153
	0.081266
	0.067819
	0.057963
	0.050891
	0.059450
	0.058869
	0.052000
	0.048453
	0.052295
	0.047803
	0.049335
	0.053075
	0.047643
	0.047693
	0.049119
	0.045745
	0.040275
	0.040676
	0.048346
	0.055693
	0.063819
	0.071425
	0.076869
	0.079619
	0.075655
	0.070865
	0.061625
