	0.185500
	0.276000
	0.344500
	0.391500
	0.426500
	0.442000
	0.463500
	0.469500
	0.476000
	0.497500
	0.513000
	0.537000
	0.555500
	0.584500
	0.593500
	0.597000
	0.598000
	0.607500
	0.597500
	0.590000
	0.596000
	0.600000
	0.613000
	0.646500
	0.668500
	0.687500
	0.698000
	0.703500
	0.717000
	0.705500
	0.701500
	0.700000
	0.692000
	0.690000
	0.685000
	0.682000
	0.685000
	0.690500
	0.696500
	0.717000
	0.719500
	0.721500
	0.710500
	0.701000
	0.703000
	0.708000
	0.706500
	0.713000
	0.719000
	0.714000
	0.709000
	0.720000
	0.700500
	0.696500
	0.702000
	0.699000
	0.698000
	0.690000
	0.705500
	0.712000
	0.709000
	0.704000
	0.697500
	0.690500
	0.688500
	0.700500
	0.714000
	0.726000
	0.727500
	0.736500
	0.729500
	0.733500
	0.730500
	0.729000
	0.727000
	0.727500
	0.713500
	0.709500
	0.706500
	0.700000
	0.692000
	0.690500
	0.690000
	0.689000
	0.687500
	0.687000
	0.675500
	0.668000
	0.659500
	0.661000
	0.660500
	0.665000
	0.675000
	0.686000
	0.694000
	0.704000
	0.718000
	0.722500
	0.725500
	0.725000
	0.717000
	0.711500
	0.711500
	0.706500
	0.696500
	0.678500
	0.672000
	0.661500
	0.656500
	0.661500
	0.664500
	0.659500
	0.657000
	0.661000
	0.649000
	0.638000
	0.632500
	0.638500
	0.638000
	0.638000
	0.626000
	0.623000
	0.618000
	0.630000
	0.641000
	0.643000
	0.654500
	0.659000
	0.660000
	0.660500
	0.666500
	0.673500
	0.677000
	0.682500
	0.684500
	0.673000
	0.678500
	0.675000
	0.675500
	0.687000
	0.687500
	0.677500
	0.666500
	0.667000
	0.660500
	0.663000
	0.666000
	0.683000
	0.707000
	0.723000
	0.734500
	0.737000
	0.743500
	0.730000
	0.722000
	0.703500
	0.684000
	0.672000
	0.665000
	0.662500
	0.668000
	0.671000
	0.670500
	0.665000
	0.673000
	0.686500
	0.699000
	0.710500
	0.709000
	0.698500
	0.693500
	0.701500
	0.710500
	0.714500
	0.708500
	0.710500
	0.714000
	0.714000
	0.701500
	0.692000
	0.686000
	0.682000
	0.688000
	0.687500
	0.674000
	0.679000
	0.700000
	0.709500
	0.713500
	0.718000
	0.725000
	0.723500
	0.728500
	0.730000
	0.737000
	0.735500
	0.733500
	0.736500
	0.736000
	0.730000
