	0.139625
	0.179051
	0.192200
	0.200499
	0.202905
	0.196664
	0.186616
	0.177285
	0.169333
	0.163499
	0.158184
	0.151819
	0.148661
	0.149094
	0.149105
	0.143679
	0.140683
	0.138653
	0.135675
	0.131815
	0.123184
	0.114645
	0.104169
	0.085055
	0.071719
	0.064051
	0.059441
	0.054245
	0.052363
	0.056623
	0.063053
	0.062765
	0.063564
	0.061533
	0.052089
	0.049550
	0.050469
	0.047069
	0.044913
	0.045619
	0.049445
	0.044419
	0.046204
	0.049069
	0.052469
	0.058033
	0.058803
	0.066003
	0.071819
	0.068783
	0.059501
	0.053623
	0.053055
	0.056903
	0.060219
	0.062215
	0.065011
	0.067759
	0.067209
	0.073350
	0.073723
	0.066506
	0.071279
	0.071886
	0.067275
	0.060045
	0.049109
	0.040344
	0.036569
	0.036569
	0.039913
	0.043394
	0.046585
	0.049069
	0.050663
	0.052325
	0.051093
	0.051931
	0.050361
	0.044574
	0.036725
	0.038445
	0.040769
	0.043311
	0.048869
	0.052163
	0.054984
	0.053885
	0.051153
	0.043426
	0.047243
	0.051055
	0.055169
	0.063609
	0.072665
	0.080284
	0.083836
	0.078471
	0.069635
	0.061964
	0.057345
	0.054205
	0.056875
	0.055865
	0.054936
	0.057869
	0.054975
	0.054049
	0.052441
	0.048836
	0.048769
	0.045504
	0.045819
	0.052041
	0.061104
	0.069316
	0.074221
	0.075759
	0.076513
	0.075155
	0.073809
	0.071671
	0.075836
	0.080699
	0.079686
	0.079511
	0.081994
	0.081233
	0.078166
	0.076555
	0.076224
	0.077554
	0.081314
	0.084456
	0.086769
	0.092215
	0.096894
	0.099611
	0.102271
	0.105069
	0.106995
	0.103486
	0.102249
	0.099855
	0.097169
	0.081989
	0.076869
	0.076775
	0.075923
	0.073483
	0.067986
	0.064125
	0.054769
	0.048611
	0.051695
	0.055175
	0.057369
	0.060154
	0.057864
	0.057164
	0.048519
	0.051913
	0.050555
	0.050614
	0.053065
	0.054885
	0.054629
	0.056586
	0.060093
	0.063519
	0.068313
	0.072519
	0.078395
	0.088824
	0.097385
	0.103931
	0.106205
	0.101083
	0.086825
	0.082529
	0.078475
	0.067263
	0.052605
	0.049129
	0.046731
	0.048829
	0.051319
	0.055184
	0.053100
	0.050419
	0.048586
	0.046919
	0.048245
	0.041661
	0.041503
	0.044056
	0.046485
	0.049864
	0.050743
	0.055955
