	0.185000
	0.266000
	0.351500
	0.405000
	0.445000
	0.472500
	0.494000
	0.517000
	0.540500
	0.569000
	0.594000
	0.627500
	0.642000
	0.659000
	0.661000
	0.666500
	0.675000
	0.671000
	0.674000
	0.687500
	0.689500
	0.689000
	0.690500
	0.696500
	0.697500
	0.700000
	0.696000
	0.690000
	0.686000
	0.682500
	0.677000
	0.674000
	0.681500
	0.690500
	0.690500
	0.692000
	0.680000
	0.681500
	0.686500
	0.697500
	0.700500
	0.712000
	0.709000
	0.704500
	0.709000
	0.708000
	0.698500
	0.697500
	0.696500
	0.692000
	0.685500
	0.670000
	0.665000
	0.654000
	0.654000
	0.644000
	0.626500
	0.619000
	0.612500
	0.626000
	0.648000
	0.658500
	0.662000
	0.659000
	0.657500
	0.665500
	0.684000
	0.702000
	0.701000
	0.705500
	0.710000
	0.709000
	0.706500
	0.702500
	0.693000
	0.689000
	0.686000
	0.685000
	0.689500
	0.680000
	0.680500
	0.683500
	0.686500
	0.692500
	0.690000
	0.689500
	0.680000
	0.678000
	0.664500
	0.663000
	0.680500
	0.683500
	0.680000
	0.681500
	0.665500
	0.639000
	0.632000
	0.636500
	0.639500
	0.631000
	0.628500
	0.626000
	0.631000
	0.654500
	0.667500
	0.679000
	0.680000
	0.679500
	0.682500
	0.669500
	0.669000
	0.656500
	0.646000
	0.642500
	0.644000
	0.644000
	0.654000
	0.660000
	0.662500
	0.655000
	0.655500
	0.659000
	0.650500
	0.649500
	0.656000
	0.653000
	0.659500
	0.657500
	0.659000
	0.671500
	0.670000
	0.674500
	0.670000
	0.653500
	0.643000
	0.638000
	0.639500
	0.653000
	0.655500
	0.661000
	0.655000
	0.656000
	0.661000
	0.667500
	0.669500
	0.666000
	0.664000
	0.652000
	0.643000
	0.635500
	0.633000
	0.624000
	0.618500
	0.612500
	0.622000
	0.634500
	0.650500
	0.674000
	0.689000
	0.699500
	0.702500
	0.693500
	0.699500
	0.707000
	0.703500
	0.711500
	0.719000
	0.718500
	0.718000
	0.709000
	0.715500
	0.704500
	0.705500
	0.700500
	0.702000
	0.688500
	0.687000
	0.682000
	0.693500
	0.692500
	0.687000
	0.675000
	0.662500
	0.652500
	0.647000
	0.646500
	0.654000
	0.657000
	0.662000
	0.662500
	0.669500
	0.682000
	0.685000
	0.679500
	0.678000
	0.679500
	0.681000
	0.666000
	0.655500
	0.650000
