	0.140475
	0.181275
	0.201175
	0.202245
	0.195206
	0.183869
	0.172355
	0.159501
	0.152684
	0.146185
	0.137919
	0.130044
	0.118325
	0.110544
	0.102675
	0.090241
	0.079065
	0.071166
	0.067139
	0.071083
	0.080151
	0.083819
	0.090375
	0.095606
	0.093263
	0.088481
	0.082225
	0.082600
	0.079871
	0.074269
	0.070673
	0.062803
	0.058950
	0.057505
	0.055931
	0.056506
	0.058315
	0.055345
	0.056186
	0.058679
	0.061904
	0.069016
	0.070826
	0.064673
	0.062799
	0.054206
	0.050535
	0.042259
	0.043979
	0.052185
	0.058425
	0.061275
	0.061426
	0.064650
	0.068271
	0.069309
	0.070193
	0.072236
	0.072529
	0.074569
	0.075369
	0.069525
	0.073069
	0.072316
	0.075021
	0.075425
	0.077763
	0.079839
	0.075075
	0.070353
	0.072666
	0.068775
	0.067225
	0.068750
	0.067905
	0.065443
	0.063419
	0.061673
	0.059773
	0.064103
	0.065469
	0.064063
	0.066306
	0.063785
	0.069595
	0.073883
	0.077621
	0.085339
	0.083985
	0.083649
	0.076200
	0.071313
	0.071319
	0.069894
	0.070076
	0.069373
	0.067553
	0.060845
	0.058299
	0.060755
	0.065704
	0.070166
	0.072273
	0.063865
	0.054245
	0.049773
	0.050169
	0.052805
	0.060976
	0.062571
	0.065175
	0.067945
	0.063800
	0.064511
	0.064735
	0.056850
	0.048143
	0.050405
	0.049369
	0.051045
	0.054501
	0.056693
	0.052825
	0.050114
	0.050336
	0.048661
	0.047716
	0.049855
	0.051675
	0.050603
	0.057013
	0.059536
	0.064894
	0.070024
	0.071655
	0.078963
	0.086775
	0.089834
	0.089841
	0.085286
	0.076955
	0.066819
	0.055284
	0.056693
	0.062323
	0.068050
	0.071719
	0.078989
	0.087216
	0.091683
	0.094771
	0.097775
	0.099313
	0.102533
	0.106404
	0.103325
	0.109039
	0.111073
	0.113319
	0.105884
	0.091419
	0.070246
	0.058194
	0.057041
	0.048819
	0.043644
	0.046245
	0.049913
	0.058194
	0.064055
	0.056449
	0.061185
	0.064131
	0.067825
	0.062895
	0.060419
	0.066186
	0.065435
	0.067653
	0.066493
	0.065813
	0.064219
	0.061913
	0.056669
	0.050986
	0.051195
	0.054505
	0.053114
	0.051575
	0.052636
	0.052703
	0.052019
	0.054053
	0.059335
	0.063505
	0.064774
	0.060211
	0.055519
	0.060521
	0.066125
