	0.152225
	0.186325
	0.202349
	0.203954
	0.195825
	0.189525
	0.182046
	0.180595
	0.171164
	0.161173
	0.158381
	0.155599
	0.144394
	0.128250
	0.114716
	0.097775
	0.078823
	0.064585
	0.062344
	0.063276
	0.062144
	0.068219
	0.068569
	0.065081
	0.063765
	0.056823
	0.056175
	0.054400
	0.056446
	0.058175
	0.062314
	0.066433
	0.067564
	0.068714
	0.065134
	0.061396
	0.064414
	0.062969
	0.058150
	0.053201
	0.049643
	0.049981
	0.051379
	0.050715
	0.054519
	0.048519
	0.046731
	0.046211
	0.049619
	0.056715
	0.060293
	0.065295
	0.064604
	0.070250
	0.071750
	0.071465
	0.062741
	0.054393
	0.044723
	0.043211
	0.049534
	0.053329
	0.055739
	0.059475
	0.060125
	0.058516
	0.061073
	0.064121
	0.066871
	0.068663
	0.063153
	0.059513
	0.054813
	0.061611
	0.059601
	0.058400
	0.057596
	0.062875
	0.061713
	0.056545
	0.053000
	0.051631
	0.050131
	0.054099
	0.055005
	0.059465
	0.065945
	0.070924
	0.075489
	0.071876
	0.071273
	0.066445
	0.060611
	0.060213
	0.057353
	0.062519
	0.068085
	0.073755
	0.080733
	0.079745
	0.077291
	0.079925
	0.078333
	0.079369
	0.072741
	0.066350
	0.063119
	0.069585
	0.069089
	0.065725
	0.065824
	0.066859
	0.065766
	0.068443
	0.074941
	0.082765
	0.092869
	0.102286
	0.105400
	0.108350
	0.109569
	0.109175
	0.109574
	0.108733
	0.099205
	0.094153
	0.094286
	0.082473
	0.076689
	0.077023
	0.071059
	0.067343
	0.061136
	0.056455
	0.056893
	0.057954
	0.063521
	0.066059
	0.062600
	0.060493
	0.062035
	0.060829
	0.056275
	0.052825
	0.056323
	0.057634
	0.056806
	0.065089
	0.076305
	0.082579
	0.088654
	0.089831
	0.094721
	0.098205
	0.104861
	0.106774
	0.103945
	0.098501
	0.091125
	0.084383
	0.073693
	0.074794
	0.076809
	0.074545
	0.073553
	0.073375
	0.072171
	0.069821
	0.067424
	0.064219
	0.057000
	0.057684
	0.056591
	0.061026
	0.065609
	0.066306
	0.067901
	0.065675
	0.065769
	0.063854
	0.061185
	0.060566
	0.064144
	0.069429
	0.074146
	0.076850
	0.086543
	0.087705
	0.090901
	0.088591
	0.086519
	0.081881
	0.079726
	0.081951
	0.077566
	0.077163
	0.072109
	0.069303
	0.069811
	0.068856
