	0.146815
	0.186974
	0.203145
	0.205203
	0.200573
	0.193036
	0.183743
	0.177395
	0.172124
	0.164619
	0.158681
	0.150831
	0.140395
	0.124685
	0.114083
	0.109641
	0.108296
	0.104819
	0.104869
	0.108300
	0.111534
	0.113500
	0.113281
	0.101113
	0.088483
	0.071669
	0.061496
	0.056563
	0.046211
	0.051895
	0.053923
	0.057600
	0.062486
	0.067400
	0.073675
	0.076926
	0.074825
	0.072035
	0.067213
	0.050911
	0.046645
	0.045413
	0.051865
	0.055799
	0.058441
	0.056486
	0.057833
	0.053431
	0.050289
	0.054054
	0.053219
	0.044000
	0.050575
	0.052513
	0.052446
	0.055049
	0.054746
	0.057250
	0.050345
	0.046756
	0.044169
	0.044584
	0.050069
	0.057235
	0.064343
	0.061675
	0.053454
	0.046074
	0.042519
	0.037243
	0.039755
	0.038553
	0.042095
	0.043809
	0.042471
	0.038319
	0.042993
	0.045485
	0.048083
	0.050750
	0.055936
	0.061985
	0.066300
	0.067679
	0.065219
	0.062031
	0.071575
	0.078126
	0.084635
	0.088129
	0.089565
	0.087675
	0.081675
	0.074154
	0.068514
	0.062684
	0.053426
	0.047619
	0.043775
	0.041175
	0.041011
	0.043293
	0.045443
	0.046033
	0.049863
	0.055613
	0.057966
	0.062243
	0.067583
	0.069443
	0.072115
	0.074585
	0.074601
	0.074429
	0.079599
	0.083156
	0.084119
	0.083243
	0.081556
	0.083406
	0.091024
	0.093821
	0.096326
	0.099250
	0.097119
	0.094651
	0.088705
	0.088819
	0.088100
	0.089765
	0.088203
	0.085423
	0.081171
	0.077069
	0.072785
	0.077821
	0.074913
	0.073725
	0.075475
	0.066881
	0.064369
	0.067019
	0.069003
	0.068261
	0.072615
	0.076481
	0.080444
	0.074361
	0.061951
	0.053221
	0.042035
	0.039931
	0.035383
	0.040200
	0.044316
	0.046913
	0.055294
	0.059066
	0.064225
	0.068569
	0.069276
	0.071509
	0.070455
	0.071075
	0.071821
	0.069093
	0.065499
	0.057465
	0.055019
	0.057873
	0.059883
	0.057973
	0.052865
	0.051165
	0.055203
	0.054815
	0.050204
	0.051854
	0.056423
	0.060986
	0.062854
	0.064826
	0.062906
	0.066819
	0.073124
	0.072259
	0.062850
	0.057235
	0.054193
	0.051826
	0.047225
	0.047823
	0.046813
	0.046300
	0.042231
	0.041265
	0.041403
	0.038293
	0.037454
	0.040200
