	0.176000
	0.267000
	0.344000
	0.398500
	0.442000
	0.483500
	0.529500
	0.545000
	0.536500
	0.528500
	0.539000
	0.551000
	0.569500
	0.592500
	0.612000
	0.627000
	0.641500
	0.656500
	0.670500
	0.668000
	0.667000
	0.676000
	0.675500
	0.678000
	0.677500
	0.667500
	0.673000
	0.662500
	0.667000
	0.680000
	0.697500
	0.695000
	0.678500
	0.681500
	0.696500
	0.701500
	0.706500
	0.709000
	0.699500
	0.697500
	0.686500
	0.679000
	0.678500
	0.662000
	0.654500
	0.649500
	0.643500
	0.634000
	0.627000
	0.625000
	0.635000
	0.646500
	0.651000
	0.655000
	0.668000
	0.674000
	0.673500
	0.667500
	0.668000
	0.677000
	0.686000
	0.698000
	0.700000
	0.702000
	0.689500
	0.676500
	0.682000
	0.683500
	0.678500
	0.673000
	0.670000
	0.672500
	0.675500
	0.690000
	0.689500
	0.698000
	0.691500
	0.688000
	0.675000
	0.666500
	0.651000
	0.650000
	0.661000
	0.665500
	0.679500
	0.687500
	0.700500
	0.698000
	0.693500
	0.692500
	0.699500
	0.700500
	0.704500
	0.721500
	0.716000
	0.709000
	0.699500
	0.687000
	0.681000
	0.675000
	0.674000
	0.666500
	0.671500
	0.690000
	0.697000
	0.700000
	0.709500
	0.708000
	0.700000
	0.692500
	0.696000
	0.704500
	0.703000
	0.706000
	0.704500
	0.707500
	0.700500
	0.697000
	0.704500
	0.707500
	0.714000
	0.703000
	0.680000
	0.672500
	0.660500
	0.648500
	0.639000
	0.640500
	0.638000
	0.639000
	0.643000
	0.647500
	0.660500
	0.666500
	0.664500
	0.663000
	0.662000
	0.655000
	0.651000
	0.652500
	0.656500
	0.661500
	0.671500
	0.674000
	0.683000
	0.688500
	0.684500
	0.687500
	0.684500
	0.693000
	0.682500
	0.672500
	0.681500
	0.691500
	0.694000
	0.696000
	0.704500
	0.699500
	0.690000
	0.687000
	0.704500
	0.705500
	0.704000
	0.693500
	0.692500
	0.687000
	0.672000
	0.661000
	0.658500
	0.667000
	0.668500
	0.674000
	0.678500
	0.675500
	0.674500
	0.678000
	0.676000
	0.690500
	0.706500
	0.712500
	0.708500
	0.699000
	0.706500
	0.714500
	0.708000
	0.718500
	0.728500
	0.727500
	0.721000
	0.710000
	0.697500
	0.677500
	0.666500
	0.659500
	0.655500
	0.663500
	0.654000
	0.673000
	0.679500
	0.684500
