	0.135453
	0.176849
	0.197276
	0.199446
	0.199271
	0.198265
	0.193711
	0.187550
	0.180395
	0.174336
	0.171719
	0.166046
	0.162305
	0.156500
	0.149925
	0.144143
	0.139475
	0.133845
	0.124845
	0.111684
	0.095725
	0.075555
	0.062661
	0.055121
	0.058915
	0.059575
	0.059936
	0.061854
	0.068621
	0.076285
	0.079284
	0.074786
	0.079591
	0.076433
	0.068031
	0.055050
	0.052531
	0.044950
	0.051649
	0.056001
	0.059625
	0.065419
	0.066993
	0.071933
	0.072850
	0.070205
	0.061581
	0.059695
	0.063954
	0.058923
	0.054521
	0.046366
	0.037304
	0.033644
	0.036024
	0.040389
	0.043815
	0.047679
	0.052869
	0.051229
	0.052335
	0.054846
	0.057723
	0.058355
	0.058943
	0.058406
	0.063255
	0.068661
	0.076783
	0.084083
	0.092853
	0.101173
	0.105723
	0.106723
	0.102969
	0.095545
	0.084801
	0.086245
	0.071239
	0.058563
	0.051003
	0.055283
	0.063084
	0.064519
	0.054175
	0.055693
	0.053793
	0.054393
	0.053994
	0.059033
	0.057903
	0.060363
	0.061495
	0.066019
	0.066793
	0.063894
	0.063219
	0.059923
	0.061481
	0.064901
	0.074519
	0.086225
	0.095255
	0.095895
	0.096669
	0.099893
	0.102076
	0.093800
	0.089303
	0.083453
	0.079809
	0.076805
	0.073863
	0.070331
	0.066263
	0.061746
	0.064150
	0.050545
	0.049125
	0.051319
	0.053931
	0.056903
	0.059519
	0.056365
	0.052435
	0.042661
	0.036919
	0.034779
	0.036511
	0.039113
	0.041871
	0.043425
	0.049905
	0.055719
	0.064521
	0.069659
	0.075971
	0.072421
	0.069953
	0.062113
	0.058099
	0.049519
	0.056044
	0.057463
	0.060105
	0.059555
	0.060089
	0.063109
	0.065465
	0.065869
	0.060713
	0.061591
	0.059073
	0.060445
	0.065545
	0.068816
	0.069259
	0.067773
	0.070725
	0.063876
	0.058319
	0.057406
	0.056593
	0.055996
	0.058814
	0.064454
	0.066894
	0.068106
	0.069650
	0.065869
	0.060319
	0.055615
	0.047950
	0.044525
	0.040615
	0.045025
	0.050843
	0.052493
	0.057850
	0.058923
	0.040669
	0.044221
	0.048103
	0.050536
	0.048619
	0.048339
	0.046924
	0.043539
	0.036893
	0.040825
	0.043533
	0.049034
	0.051034
	0.050534
	0.049473
	0.053683
	0.061355
	0.069663
	0.071473
	0.072525
