	0.185500
	0.267000
	0.335500
	0.391000
	0.428500
	0.470500
	0.516500
	0.555500
	0.566000
	0.585000
	0.614500
	0.635500
	0.657000
	0.674500
	0.696500
	0.708000
	0.724000
	0.725500
	0.721000
	0.714000
	0.713500
	0.723000
	0.730500
	0.725000
	0.722000
	0.718500
	0.722000
	0.714500
	0.717500
	0.711000
	0.698000
	0.703000
	0.694500
	0.692500
	0.692500
	0.687500
	0.679500
	0.666000
	0.655500
	0.647500
	0.650000
	0.656000
	0.660500
	0.660500
	0.659000
	0.664500
	0.667000
	0.671500
	0.678500
	0.696000
	0.704500
	0.699500
	0.689500
	0.685500
	0.693500
	0.685500
	0.677500
	0.669500
	0.654000
	0.646000
	0.650500
	0.660500
	0.672000
	0.682000
	0.679500
	0.686500
	0.682500
	0.678500
	0.673500
	0.666500
	0.667000
	0.670000
	0.663500
	0.655500
	0.650500
	0.649000
	0.643500
	0.634500
	0.626500
	0.610500
	0.594000
	0.577000
	0.573000
	0.577500
	0.593500
	0.618000
	0.640000
	0.645500
	0.647500
	0.650500
	0.658000
	0.685000
	0.698000
	0.700500
	0.709500
	0.720000
	0.717500
	0.728500
	0.746500
	0.747500
	0.739000
	0.731000
	0.723000
	0.713000
	0.714500
	0.711000
	0.717500
	0.723500
	0.727000
	0.736000
	0.729000
	0.717000
	0.716000
	0.710000
	0.703000
	0.691500
	0.673000
	0.674000
	0.670500
	0.679500
	0.694000
	0.710000
	0.729500
	0.727000
	0.714500
	0.701500
	0.694000
	0.695500
	0.703000
	0.691500
	0.691000
	0.688000
	0.685500
	0.682500
	0.683500
	0.684000
	0.681000
	0.680000
	0.689500
	0.695000
	0.695500
	0.708500
	0.709500
	0.709000
	0.720000
	0.714000
	0.713500
	0.709500
	0.703000
	0.701500
	0.692000
	0.676000
	0.668000
	0.673500
	0.675000
	0.669500
	0.677000
	0.668000
	0.672000
	0.681000
	0.683500
	0.675000
	0.678000
	0.681000
	0.683000
	0.689000
	0.706000
	0.707500
	0.687500
	0.681000
	0.681500
	0.676000
	0.673000
	0.658000
	0.645500
	0.640500
	0.637500
	0.631000
	0.640000
	0.644500
	0.657500
	0.666500
	0.669500
	0.652000
	0.648500
	0.649500
	0.647000
	0.657500
	0.672000
	0.685000
	0.693000
	0.683000
	0.685000
	0.683500
	0.679500
	0.682000
	0.691500
	0.703500
	0.693500
	0.698500
