	0.185000
	0.266500
	0.344000
	0.400000
	0.453000
	0.502500
	0.525500
	0.546500
	0.568500
	0.579500
	0.591000
	0.595500
	0.605500
	0.632500
	0.649000
	0.650000
	0.645000
	0.640500
	0.644000
	0.654500
	0.670500
	0.679500
	0.687500
	0.687000
	0.697500
	0.697000
	0.696000
	0.681500
	0.679500
	0.663500
	0.661000
	0.658500
	0.653500
	0.656000
	0.653000
	0.649000
	0.650500
	0.649000
	0.656500
	0.666000
	0.668500
	0.676500
	0.680500
	0.672500
	0.675000
	0.677500
	0.676000
	0.683500
	0.686500
	0.682500
	0.665000
	0.651000
	0.644000
	0.646000
	0.642500
	0.645500
	0.648500
	0.653500
	0.661000
	0.670500
	0.680500
	0.693000
	0.696500
	0.691000
	0.670500
	0.660500
	0.666000
	0.668000
	0.670000
	0.678000
	0.676000
	0.682000
	0.689000
	0.697000
	0.696000
	0.701000
	0.703500
	0.712000
	0.729000
	0.732000
	0.734500
	0.726000
	0.721000
	0.715500
	0.710000
	0.717000
	0.711000
	0.700500
	0.691000
	0.690500
	0.689000
	0.688500
	0.680500
	0.670000
	0.677000
	0.684500
	0.683000
	0.680500
	0.677500
	0.680000
	0.690000
	0.693000
	0.684000
	0.685500
	0.681000
	0.684000
	0.679500
	0.679000
	0.677000
	0.686500
	0.683000
	0.676500
	0.681000
	0.679000
	0.677000
	0.692000
	0.691500
	0.684000
	0.675500
	0.665500
	0.660500
	0.662000
	0.665000
	0.659000
	0.654000
	0.646000
	0.642500
	0.641000
	0.636000
	0.642000
	0.647000
	0.660500
	0.673500
	0.678500
	0.687000
	0.688000
	0.696500
	0.698500
	0.705500
	0.702000
	0.720500
	0.735500
	0.738000
	0.729500
	0.731000
	0.723500
	0.714500
	0.708500
	0.710000
	0.721000
	0.725000
	0.720500
	0.711500
	0.696500
	0.686500
	0.678000
	0.661000
	0.642000
	0.641500
	0.640500
	0.633000
	0.638000
	0.635000
	0.632500
	0.621500
	0.614000
	0.607500
	0.611000
	0.615000
	0.612000
	0.615500
	0.622000
	0.626500
	0.641500
	0.651000
	0.663500
	0.675000
	0.689000
	0.692500
	0.690000
	0.699000
	0.704000
	0.717000
	0.713500
	0.725000
	0.722000
	0.714000
	0.711000
	0.705000
	0.692000
	0.684000
	0.675000
	0.673500
	0.669500
	0.679500
	0.681500
	0.687000
	0.688000
	0.684500
	0.686000
