	0.139675
	0.181935
	0.198119
	0.199495
	0.197591
	0.197391
	0.199823
	0.193094
	0.183896
	0.173683
	0.167931
	0.158703
	0.150309
	0.138869
	0.131163
	0.119356
	0.111313
	0.106025
	0.100875
	0.100425
	0.106850
	0.102174
	0.096019
	0.090886
	0.091291
	0.085815
	0.069494
	0.064136
	0.065685
	0.068845
	0.071271
	0.074674
	0.071683
	0.068465
	0.057575
	0.056646
	0.056025
	0.058050
	0.064043
	0.064354
	0.070774
	0.077519
	0.084225
	0.084606
	0.084219
	0.085391
	0.085846
	0.083775
	0.087103
	0.088055
	0.091025
	0.093569
	0.087019
	0.077875
	0.081669
	0.081355
	0.073976
	0.074116
	0.079981
	0.086346
	0.089181
	0.088175
	0.091319
	0.093824
	0.097821
	0.097163
	0.097625
	0.095294
	0.094053
	0.091251
	0.091756
	0.086904
	0.084950
	0.080094
	0.075774
	0.078155
	0.074700
	0.077369
	0.071721
	0.079444
	0.080285
	0.077394
	0.068039
	0.065500
	0.064116
	0.064369
	0.066515
	0.064089
	0.063025
	0.063369
	0.061875
	0.059855
	0.065325
	0.076383
	0.082551
	0.081689
	0.073811
	0.066884
	0.059875
	0.057375
	0.059319
	0.057835
	0.057856
	0.058253
	0.056864
	0.056025
	0.050769
	0.048475
	0.043556
	0.039943
	0.045941
	0.051585
	0.055993
	0.060625
	0.064415
	0.072450
	0.078214
	0.082691
	0.086391
	0.089663
	0.085351
	0.079045
	0.068576
	0.062895
	0.057145
	0.058069
	0.058821
	0.065869
	0.066709
	0.060883
	0.060006
	0.061453
	0.057139
	0.056174
	0.058755
	0.064735
	0.065769
	0.070169
	0.072723
	0.072869
	0.070105
	0.068916
	0.060133
	0.057691
	0.059119
	0.049055
	0.053864
	0.058269
	0.063775
	0.062295
	0.070119
	0.073521
	0.069219
	0.070619
	0.070593
	0.061605
	0.055749
	0.055669
	0.063856
	0.070055
	0.071183
	0.071319
	0.065314
	0.073666
	0.064879
	0.059049
	0.059346
	0.062213
	0.064653
	0.063713
	0.056384
	0.052849
	0.057603
	0.059621
	0.058224
	0.061559
	0.061716
	0.071059
	0.074519
	0.080064
	0.079834
	0.083019
	0.087936
	0.092883
	0.094755
	0.090253
	0.091073
	0.090723
	0.083945
	0.077969
	0.074281
	0.072061
	0.067075
	0.064965
	0.061605
	0.056473
	0.053699
	0.057063
	0.057235
	0.056286
