	0.175000
	0.257000
	0.317000
	0.373000
	0.420000
	0.471500
	0.502500
	0.524000
	0.548000
	0.562500
	0.571500
	0.588000
	0.600500
	0.611500
	0.624500
	0.646500
	0.653500
	0.664500
	0.660000
	0.671500
	0.679500
	0.688500
	0.686000
	0.694000
	0.702000
	0.692000
	0.695000
	0.696000
	0.702000
	0.701000
	0.695500
	0.690500
	0.689500
	0.681500
	0.698500
	0.696500
	0.699000
	0.702000
	0.711500
	0.716500
	0.707500
	0.701000
	0.698000
	0.687500
	0.682000
	0.688000
	0.685500
	0.685000
	0.683000
	0.680000
	0.672500
	0.669500
	0.666500
	0.666500
	0.667000
	0.666000
	0.668000
	0.666000
	0.666500
	0.658000
	0.653500
	0.648500
	0.657500
	0.665000
	0.676000
	0.676000
	0.673000
	0.670000
	0.661500
	0.652000
	0.649500
	0.652500
	0.664000
	0.677000
	0.699000
	0.701000
	0.712000
	0.714000
	0.710000
	0.707500
	0.705000
	0.714000
	0.716000
	0.709500
	0.710000
	0.710500
	0.717000
	0.729500
	0.733500
	0.733500
	0.728500
	0.727000
	0.725500
	0.726000
	0.733000
	0.727000
	0.717500
	0.705500
	0.692000
	0.686500
	0.674500
	0.678000
	0.663500
	0.650500
	0.648000
	0.648000
	0.646500
	0.650000
	0.648500
	0.655000
	0.665500
	0.657000
	0.661000
	0.667000
	0.669500
	0.684000
	0.685500
	0.681000
	0.675500
	0.673000
	0.678500
	0.692000
	0.706500
	0.710000
	0.719500
	0.715500
	0.704500
	0.699000
	0.702000
	0.706500
	0.712000
	0.716000
	0.709000
	0.716000
	0.709500
	0.716000
	0.713500
	0.709000
	0.711000
	0.702000
	0.706500
	0.706500
	0.701500
	0.687000
	0.685500
	0.684000
	0.677500
	0.674500
	0.652500
	0.634000
	0.633500
	0.647000
	0.639500
	0.635500
	0.640500
	0.658500
	0.664000
	0.664500
	0.661500
	0.661500
	0.661500
	0.654500
	0.649000
	0.633000
	0.634500
	0.622000
	0.606500
	0.607000
	0.623500
	0.657000
	0.676000
	0.666500
	0.659500
	0.673000
	0.678500
	0.684000
	0.683000
	0.664500
	0.644500
	0.649000
	0.646500
	0.649000
	0.648000
	0.654500
	0.656500
	0.649500
	0.651000
	0.650500
	0.675000
	0.682500
	0.666500
	0.652500
	0.662500
	0.677500
	0.676000
	0.675500
	0.677000
	0.670000
	0.659500
	0.661500
