	0.194500
	0.283000
	0.366500
	0.431000
	0.488500
	0.533500
	0.564000
	0.579000
	0.586500
	0.598000
	0.604500
	0.613500
	0.641500
	0.670500
	0.690000
	0.696500
	0.688500
	0.686500
	0.683500
	0.670000
	0.664500
	0.658500
	0.657500
	0.671500
	0.675000
	0.677000
	0.671500
	0.687000
	0.683000
	0.667000
	0.664500
	0.661500
	0.665500
	0.655000
	0.644000
	0.633500
	0.638000
	0.634000
	0.626000
	0.625000
	0.626000
	0.633000
	0.630500
	0.625000
	0.631000
	0.630500
	0.626000
	0.640500
	0.645500
	0.667500
	0.670500
	0.667000
	0.654000
	0.662000
	0.664500
	0.660000
	0.657500
	0.659000
	0.665000
	0.678000
	0.676000
	0.668500
	0.663500
	0.658000
	0.655000
	0.653000
	0.658000
	0.650000
	0.646000
	0.655500
	0.664000
	0.659500
	0.660000
	0.668000
	0.661000
	0.648500
	0.645500
	0.648000
	0.640500
	0.650000
	0.649000
	0.657500
	0.660000
	0.670000
	0.661500
	0.648500
	0.645500
	0.657500
	0.664500
	0.657500
	0.661000
	0.657000
	0.658500
	0.661000
	0.661500
	0.676000
	0.677000
	0.683000
	0.686000
	0.677000
	0.681000
	0.675000
	0.673000
	0.670500
	0.667000
	0.653500
	0.641000
	0.641000
	0.620000
	0.609500
	0.604000
	0.608500
	0.618000
	0.625500
	0.639000
	0.645500
	0.665500
	0.678000
	0.688500
	0.700000
	0.697000
	0.688000
	0.686000
	0.679000
	0.690000
	0.700500
	0.708500
	0.721500
	0.721500
	0.712500
	0.698000
	0.693000
	0.685500
	0.681500
	0.672500
	0.670500
	0.672000
	0.678000
	0.681000
	0.677000
	0.671000
	0.671500
	0.665000
	0.666500
	0.665000
	0.667000
	0.673500
	0.673000
	0.684000
	0.682500
	0.682000
	0.672000
	0.668000
	0.663000
	0.660500
	0.668500
	0.685000
	0.692000
	0.686500
	0.685000
	0.681000
	0.660500
	0.650500
	0.641500
	0.638500
	0.641500
	0.654000
	0.661500
	0.665000
	0.666500
	0.684500
	0.684500
	0.673500
	0.689000
	0.698500
	0.684500
	0.681000
	0.672500
	0.659500
	0.666500
	0.668500
	0.676500
	0.683500
	0.689000
	0.695500
	0.702500
	0.706000
	0.704000
	0.692500
	0.687000
	0.690500
	0.690500
	0.681500
	0.670000
	0.669500
	0.669500
	0.660000
	0.650500
	0.653500
	0.658500
