	0.134644
	0.179719
	0.198474
	0.204335
	0.200001
	0.194769
	0.189469
	0.182225
	0.172271
	0.160883
	0.150175
	0.141776
	0.126365
	0.113995
	0.100669
	0.088861
	0.076006
	0.074139
	0.067931
	0.055263
	0.053505
	0.048385
	0.051963
	0.058779
	0.059765
	0.065885
	0.069589
	0.071335
	0.064625
	0.059133
	0.061425
	0.058855
	0.057705
	0.054834
	0.054279
	0.053375
	0.051645
	0.050819
	0.053069
	0.054496
	0.055941
	0.056056
	0.054800
	0.048959
	0.053603
	0.055246
	0.056893
	0.059585
	0.057864
	0.055733
	0.051676
	0.044226
	0.043395
	0.037543
	0.040616
	0.044463
	0.048893
	0.053749
	0.058446
	0.064231
	0.072059
	0.074606
	0.078569
	0.076715
	0.071274
	0.067375
	0.074115
	0.072023
	0.067561
	0.068145
	0.069875
	0.074303
	0.074665
	0.064545
	0.064873
	0.064325
	0.066016
	0.065909
	0.067603
	0.072395
	0.063541
	0.055519
	0.050695
	0.048319
	0.049469
	0.046364
	0.049263
	0.048113
	0.048913
	0.052869
	0.056565
	0.058233
	0.061571
	0.063519
	0.066315
	0.068193
	0.066145
	0.064225
	0.071581
	0.072139
	0.068421
	0.065759
	0.062225
	0.058283
	0.058035
	0.059915
	0.059193
	0.057085
	0.057425
	0.058616
	0.058889
	0.063005
	0.066609
	0.071316
	0.075719
	0.080515
	0.082085
	0.084964
	0.086399
	0.087736
	0.089675
	0.093300
	0.091823
	0.084419
	0.079064
	0.071691
	0.076775
	0.081389
	0.085516
	0.094655
	0.095355
	0.097785
	0.098953
	0.097599
	0.087303
	0.077771
	0.060741
	0.055896
	0.051441
	0.051969
	0.054301
	0.056193
	0.057554
	0.061395
	0.063773
	0.065573
	0.061385
	0.059219
	0.060133
	0.060535
	0.065754
	0.068325
	0.066700
	0.069671
	0.069521
	0.069424
	0.073189
	0.077253
	0.077515
	0.083484
	0.083056
	0.087650
	0.091950
	0.092073
	0.094786
	0.096435
	0.095233
	0.091319
	0.086044
	0.081573
	0.080966
	0.077179
	0.077665
	0.078765
	0.069284
	0.060129
	0.050619
	0.042059
	0.046071
	0.046869
	0.047175
	0.042609
	0.042925
	0.043875
	0.042619
	0.044419
	0.046139
	0.047454
	0.051195
	0.054045
	0.055625
	0.051343
	0.049135
	0.046250
	0.045925
	0.044561
	0.043933
	0.044856
	0.048213
	0.052975
