	0.185500
	0.275000
	0.359000
	0.429000
	0.471000
	0.492000
	0.487500
	0.481500
	0.499000
	0.511500
	0.530000
	0.550000
	0.575000
	0.595000
	0.617500
	0.643500
	0.649000
	0.661000
	0.647000
	0.640500
	0.638500
	0.641000
	0.642000
	0.638000
	0.633000
	0.630500
	0.623500
	0.625000
	0.635000
	0.639000
	0.633000
	0.619500
	0.614000
	0.621000
	0.631000
	0.644000
	0.651000
	0.645000
	0.636500
	0.640500
	0.630000
	0.628500
	0.632500
	0.640500
	0.663500
	0.675000
	0.692500
	0.689500
	0.687500
	0.698000
	0.691500
	0.687500
	0.672000
	0.662500
	0.665500
	0.655500
	0.662500
	0.665000
	0.658000
	0.657500
	0.645000
	0.640000
	0.638500
	0.658000
	0.656000
	0.656000
	0.643000
	0.631000
	0.633500
	0.636500
	0.648500
	0.650500
	0.654000
	0.663000
	0.670500
	0.687000
	0.702500
	0.703500
	0.705000
	0.707500
	0.715000
	0.722500
	0.718000
	0.712000
	0.708000
	0.703000
	0.702000
	0.697000
	0.691000
	0.692000
	0.696000
	0.705000
	0.710000
	0.723000
	0.716000
	0.734000
	0.727000
	0.720500
	0.719000
	0.725000
	0.718000
	0.711000
	0.705500
	0.696500
	0.696000
	0.682000
	0.684500
	0.681500
	0.677000
	0.680000
	0.675000
	0.669000
	0.666000
	0.665000
	0.663500
	0.652500
	0.644000
	0.634000
	0.626000
	0.636000
	0.645000
	0.655000
	0.660500
	0.661500
	0.650500
	0.653500
	0.652500
	0.659000
	0.665000
	0.683000
	0.694000
	0.692500
	0.684500
	0.686500
	0.687000
	0.682000
	0.678000
	0.672500
	0.667500
	0.662000
	0.659000
	0.668000
	0.674500
	0.686500
	0.678000
	0.680500
	0.685500
	0.685000
	0.681500
	0.671500
	0.669500
	0.667000
	0.664000
	0.676000
	0.676000
	0.680500
	0.667000
	0.663000
	0.654500
	0.671000
	0.671000
	0.676000
	0.684000
	0.693500
	0.704500
	0.711000
	0.708000
	0.707500
	0.705000
	0.699500
	0.684500
	0.672500
	0.670000
	0.670500
	0.674000
	0.674500
	0.681000
	0.680500
	0.688500
	0.693000
	0.669000
	0.656500
	0.658000
	0.653000
	0.655000
	0.652500
	0.653000
	0.659000
	0.656000
	0.649000
	0.648500
	0.651000
	0.669500
	0.677500
	0.675000
	0.673000
	0.671000
	0.671500
	0.672000
	0.675000
