	0.166000
	0.239500
	0.327000
	0.392500
	0.455500
	0.513500
	0.544500
	0.567500
	0.589500
	0.596000
	0.605000
	0.593000
	0.585500
	0.583000
	0.580000
	0.577000
	0.574500
	0.570000
	0.567000
	0.564000
	0.571500
	0.593000
	0.606000
	0.623000
	0.635500
	0.643000
	0.643000
	0.646500
	0.654500
	0.660500
	0.668000
	0.674000
	0.680500
	0.686000
	0.688500
	0.678500
	0.681000
	0.682000
	0.689500
	0.687000
	0.696500
	0.697500
	0.718000
	0.729500
	0.728500
	0.727500
	0.732500
	0.729000
	0.723000
	0.726500
	0.727500
	0.724000
	0.722000
	0.715500
	0.703000
	0.688000
	0.685500
	0.688500
	0.692500
	0.702000
	0.707000
	0.711500
	0.718000
	0.714500
	0.719500
	0.715000
	0.711500
	0.711000
	0.702000
	0.692500
	0.671500
	0.659500
	0.647500
	0.636000
	0.631500
	0.627000
	0.626000
	0.622500
	0.634000
	0.645500
	0.655000
	0.663000
	0.661500
	0.651500
	0.652500
	0.646500
	0.648500
	0.653000
	0.639000
	0.629500
	0.639500
	0.658500
	0.665500
	0.680000
	0.666000
	0.660000
	0.655000
	0.652500
	0.644500
	0.647500
	0.650000
	0.649500
	0.643500
	0.652500
	0.651500
	0.656500
	0.659500
	0.647000
	0.650500
	0.665000
	0.673500
	0.675500
	0.679000
	0.681500
	0.678000
	0.683500
	0.684000
	0.681000
	0.676000
	0.665000
	0.661500
	0.652500
	0.650000
	0.656500
	0.664500
	0.668000
	0.669500
	0.669000
	0.682000
	0.684500
	0.691000
	0.698500
	0.697500
	0.697500
	0.691000
	0.691000
	0.691500
	0.686000
	0.676000
	0.675500
	0.670000
	0.670000
	0.668000
	0.678000
	0.690000
	0.701000
	0.689000
	0.684500
	0.679500
	0.673500
	0.669000
	0.660500
	0.659500
	0.646500
	0.633000
	0.624000
	0.620500
	0.619000
	0.629500
	0.635500
	0.636500
	0.638000
	0.643000
	0.653000
	0.664500
	0.679000
	0.689500
	0.705500
	0.699500
	0.702500
	0.698500
	0.692500
	0.679000
	0.673000
	0.652000
	0.646000
	0.641500
	0.639000
	0.650500
	0.656500
	0.650500
	0.647000
	0.647500
	0.645000
	0.634500
	0.632000
	0.632500
	0.616000
	0.631500
	0.644000
	0.644000
	0.651000
	0.660000
	0.667000
	0.674000
	0.684000
	0.697500
	0.708500
	0.701000
	0.709000
