	0.195000
	0.285000
	0.352500
	0.416500
	0.433500
	0.462500
	0.476000
	0.491000
	0.491000
	0.483500
	0.489500
	0.518500
	0.538000
	0.546000
	0.562500
	0.571500
	0.587500
	0.600000
	0.615000
	0.624500
	0.632500
	0.631500
	0.631000
	0.634500
	0.631000
	0.639000
	0.645500
	0.649000
	0.655500
	0.658000
	0.669500
	0.685500
	0.697000
	0.706500
	0.699500
	0.700500
	0.703000
	0.703500
	0.715500
	0.721500
	0.714000
	0.709000
	0.702500
	0.698500
	0.693500
	0.695000
	0.691500
	0.700500
	0.697000
	0.697000
	0.708500
	0.713000
	0.722000
	0.717000
	0.715000
	0.710500
	0.699500
	0.687000
	0.682500
	0.676000
	0.677000
	0.673000
	0.676500
	0.667500
	0.669500
	0.671000
	0.670500
	0.663500
	0.669000
	0.674500
	0.672000
	0.675000
	0.680500
	0.683500
	0.673500
	0.663500
	0.662000
	0.671500
	0.666000
	0.660500
	0.673000
	0.666000
	0.673500
	0.681500
	0.683500
	0.691500
	0.700000
	0.712000
	0.701500
	0.697000
	0.689500
	0.691500
	0.696500
	0.692500
	0.682500
	0.695000
	0.695000
	0.694000
	0.689000
	0.676500
	0.663500
	0.663500
	0.656000
	0.657500
	0.658500
	0.661000
	0.653000
	0.659000
	0.674000
	0.693000
	0.710500
	0.697000
	0.688500
	0.675500
	0.669500
	0.665000
	0.666500
	0.673000
	0.662000
	0.665500
	0.669000
	0.674500
	0.647500
	0.649000
	0.647500
	0.653500
	0.656500
	0.663500
	0.667500
	0.682000
	0.671000
	0.670000
	0.657000
	0.640500
	0.641000
	0.644500
	0.637500
	0.620000
	0.607500
	0.603000
	0.598500
	0.603000
	0.616500
	0.624500
	0.636000
	0.634500
	0.649000
	0.649500
	0.641500
	0.649000
	0.650500
	0.658500
	0.668000
	0.684500
	0.702000
	0.702000
	0.717000
	0.721000
	0.716000
	0.714500
	0.716000
	0.709500
	0.712000
	0.707500
	0.706000
	0.707000
	0.703500
	0.694500
	0.686000
	0.676000
	0.676500
	0.665500
	0.667000
	0.675000
	0.687000
	0.699000
	0.709500
	0.699000
	0.687500
	0.687500
	0.685000
	0.682500
	0.698000
	0.689000
	0.679500
	0.676500
	0.676000
	0.679000
	0.680000
	0.681000
	0.694500
	0.702500
	0.710000
	0.702000
	0.700500
	0.690500
	0.690000
	0.686000
	0.694500
	0.693000
