	0.195000
	0.285000
	0.361000
	0.416000
	0.442000
	0.466000
	0.471500
	0.484500
	0.497500
	0.505500
	0.525000
	0.555000
	0.575500
	0.589500
	0.594000
	0.605500
	0.625000
	0.638500
	0.661000
	0.685000
	0.704500
	0.715500
	0.717000
	0.723500
	0.727000
	0.726500
	0.717500
	0.710000
	0.705000
	0.707000
	0.695500
	0.683000
	0.680000
	0.679500
	0.694000
	0.707500
	0.712500
	0.721500
	0.731000
	0.737500
	0.732000
	0.717000
	0.708000
	0.698000
	0.687000
	0.694500
	0.702500
	0.701500
	0.691000
	0.691500
	0.697000
	0.694500
	0.688000
	0.682500
	0.678500
	0.686000
	0.694000
	0.701000
	0.700500
	0.692000
	0.673500
	0.675000
	0.678000
	0.685000
	0.690500
	0.693000
	0.692500
	0.697000
	0.706000
	0.707000
	0.704000
	0.707500
	0.710000
	0.723500
	0.727500
	0.723500
	0.719000
	0.718500
	0.719500
	0.717000
	0.722500
	0.716500
	0.704500
	0.705500
	0.707000
	0.719500
	0.720000
	0.702500
	0.692500
	0.697000
	0.699500
	0.709500
	0.710500
	0.717500
	0.726500
	0.725000
	0.715500
	0.719500
	0.715500
	0.700500
	0.695000
	0.692000
	0.693500
	0.690500
	0.684000
	0.691000
	0.697000
	0.699500
	0.702500
	0.701500
	0.693500
	0.690000
	0.688500
	0.690500
	0.704500
	0.714500
	0.721500
	0.726500
	0.731500
	0.733500
	0.727000
	0.720000
	0.718500
	0.713000
	0.707000
	0.700500
	0.696500
	0.687000
	0.689500
	0.683000
	0.679000
	0.677500
	0.666500
	0.671000
	0.666000
	0.680500
	0.682500
	0.683000
	0.685500
	0.690500
	0.702000
	0.705000
	0.703000
	0.695500
	0.689000
	0.677500
	0.671500
	0.670000
	0.667500
	0.673000
	0.680000
	0.689500
	0.698500
	0.696500
	0.693000
	0.690500
	0.699000
	0.691500
	0.687000
	0.687000
	0.684000
	0.679500
	0.675500
	0.665500
	0.664000
	0.665500
	0.668500
	0.671000
	0.674500
	0.672000
	0.680000
	0.676000
	0.671000
	0.670500
	0.679000
	0.679000
	0.681000
	0.678500
	0.688000
	0.701000
	0.699000
	0.704000
	0.710500
	0.710500
	0.703000
	0.706000
	0.708000
	0.690500
	0.677000
	0.679500
	0.681000
	0.696500
	0.694000
	0.692000
	0.684500
	0.673500
	0.675500
	0.678000
	0.680500
	0.686000
