	0.140475
	0.182594
	0.203173
	0.205125
	0.198269
	0.187219
	0.178244
	0.163151
	0.150669
	0.140625
	0.124925
	0.111744
	0.106104
	0.104213
	0.102841
	0.105029
	0.106993
	0.109176
	0.112204
	0.109896
	0.113063
	0.110979
	0.107424
	0.102703
	0.099685
	0.095906
	0.085446
	0.087023
	0.081435
	0.074966
	0.065653
	0.056705
	0.059319
	0.057384
	0.053855
	0.052669
	0.055171
	0.057921
	0.065065
	0.072575
	0.076834
	0.084193
	0.089081
	0.093774
	0.094305
	0.093243
	0.088619
	0.087143
	0.083776
	0.070819
	0.069996
	0.071769
	0.075885
	0.088069
	0.095073
	0.102771
	0.106771
	0.103781
	0.101465
	0.096469
	0.092899
	0.091569
	0.094065
	0.092163
	0.083919
	0.073425
	0.062950
	0.058755
	0.056369
	0.049043
	0.045329
	0.052319
	0.058019
	0.064574
	0.071535
	0.066895
	0.072626
	0.074953
	0.073304
	0.071503
	0.073875
	0.071893
	0.074703
	0.080263
	0.077850
	0.080023
	0.081263
	0.079946
	0.083300
	0.082545
	0.077731
	0.073961
	0.072123
	0.060975
	0.053919
	0.047245
	0.042225
	0.043923
	0.050104
	0.048769
	0.047074
	0.045574
	0.045263
	0.051869
	0.049614
	0.050573
	0.050825
	0.049600
	0.052983
	0.052519
	0.050819
	0.059169
	0.068525
	0.077751
	0.081775
	0.082101
	0.078869
	0.076866
	0.075821
	0.077393
	0.075459
	0.070255
	0.061453
	0.051599
	0.047633
	0.051084
	0.048049
	0.052025
	0.051791
	0.056656
	0.056431
	0.059095
	0.059276
	0.064100
	0.067071
	0.061853
	0.063636
	0.058305
	0.049719
	0.047376
	0.040826
	0.033850
	0.037765
	0.038894
	0.040616
	0.048393
	0.051050
	0.049375
	0.046295
	0.040666
	0.038875
	0.041829
	0.046825
	0.048805
	0.047986
	0.049301
	0.053569
	0.056669
	0.062423
	0.064066
	0.070100
	0.074556
	0.078401
	0.082555
	0.081173
	0.074835
	0.072829
	0.066716
	0.061094
	0.060779
	0.064211
	0.062206
	0.068089
	0.067665
	0.064719
	0.058719
	0.052943
	0.053996
	0.059704
	0.068183
	0.075296
	0.085754
	0.095766
	0.099425
	0.103783
	0.107555
	0.104250
	0.093503
	0.078413
	0.065613
	0.065211
	0.070425
	0.076475
	0.075285
	0.079679
	0.080465
	0.083425
	0.087619
	0.085773
	0.082143
