	0.185500
	0.276000
	0.361500
	0.425000
	0.469000
	0.501500
	0.538000
	0.558000
	0.570500
	0.578500
	0.584500
	0.590000
	0.587000
	0.587000
	0.582500
	0.572500
	0.570500
	0.572500
	0.575000
	0.587500
	0.608500
	0.636000
	0.660500
	0.680500
	0.695500
	0.700000
	0.706000
	0.699000
	0.698500
	0.699500
	0.700000
	0.703500
	0.703000
	0.710000
	0.717500
	0.722000
	0.718000
	0.710000
	0.711500
	0.706500
	0.710000
	0.713500
	0.710500
	0.709000
	0.699000
	0.698000
	0.695000
	0.678500
	0.676500
	0.662000
	0.669000
	0.677000
	0.685500
	0.692000
	0.691500
	0.696500
	0.702000
	0.700500
	0.685500
	0.670000
	0.660000
	0.653000
	0.642500
	0.646500
	0.652000
	0.653000
	0.658000
	0.662500
	0.669000
	0.681000
	0.689000
	0.684500
	0.693500
	0.702500
	0.693500
	0.677500
	0.669500
	0.664500
	0.666500
	0.654500
	0.648000
	0.643500
	0.648500
	0.656000
	0.670000
	0.674500
	0.678000
	0.687500
	0.686500
	0.693000
	0.691000
	0.683500
	0.682000
	0.676500
	0.669000
	0.664500
	0.659000
	0.669000
	0.672500
	0.667500
	0.662500
	0.660500
	0.653000
	0.651000
	0.642000
	0.635000
	0.633500
	0.638000
	0.643000
	0.650000
	0.659000
	0.654500
	0.665000
	0.668500
	0.664500
	0.661000
	0.657000
	0.668500
	0.671500
	0.685500
	0.690000
	0.692500
	0.685500
	0.686000
	0.673500
	0.681500
	0.684000
	0.690000
	0.692500
	0.697000
	0.705500
	0.717500
	0.705500
	0.690000
	0.685500
	0.700500
	0.708000
	0.715000
	0.711000
	0.712500
	0.715000
	0.713500
	0.710500
	0.709500
	0.713000
	0.712500
	0.722000
	0.716500
	0.717000
	0.709000
	0.709500
	0.702500
	0.693000
	0.696500
	0.700500
	0.694500
	0.689500
	0.679500
	0.678000
	0.676000
	0.670000
	0.674000
	0.677000
	0.678500
	0.662500
	0.653500
	0.650500
	0.648000
	0.652000
	0.655500
	0.654500
	0.656500
	0.655500
	0.658000
	0.654000
	0.660000
	0.663500
	0.674500
	0.676500
	0.678000
	0.677000
	0.684000
	0.693500
	0.707000
	0.712000
	0.710500
	0.702500
	0.707500
	0.709000
	0.718000
	0.713500
	0.715000
	0.711000
	0.711000
	0.712500
	0.716000
	0.714000
	0.717000
	0.714000
	0.711500
