	0.139625
	0.181785
	0.199003
	0.204583
	0.197603
	0.190965
	0.185273
	0.177919
	0.172119
	0.161045
	0.150069
	0.135384
	0.118695
	0.105435
	0.100556
	0.095149
	0.091563
	0.089495
	0.088285
	0.088751
	0.082219
	0.076719
	0.070319
	0.070139
	0.067385
	0.068885
	0.070801
	0.071419
	0.067314
	0.060869
	0.055263
	0.053136
	0.056441
	0.053869
	0.057773
	0.059883
	0.057973
	0.061619
	0.065536
	0.068406
	0.067463
	0.060835
	0.060681
	0.063839
	0.065505
	0.056623
	0.053755
	0.050043
	0.047625
	0.040963
	0.042325
	0.046833
	0.053219
	0.060169
	0.067311
	0.071953
	0.074019
	0.072725
	0.072535
	0.071153
	0.075293
	0.074039
	0.070645
	0.065551
	0.063875
	0.060095
	0.063635
	0.067350
	0.064894
	0.067674
	0.072425
	0.077626
	0.074243
	0.072229
	0.071825
	0.074005
	0.078646
	0.080399
	0.081113
	0.088835
	0.092015
	0.086449
	0.087055
	0.091891
	0.096275
	0.096903
	0.100194
	0.104025
	0.107069
	0.108750
	0.106481
	0.098196
	0.092263
	0.085743
	0.079450
	0.080075
	0.078945
	0.072825
	0.068325
	0.063166
	0.068939
	0.071833
	0.069216
	0.067423
	0.066416
	0.067519
	0.061236
	0.062315
	0.069839
	0.071725
	0.074545
	0.079050
	0.076615
	0.077644
	0.078469
	0.078433
	0.081793
	0.078279
	0.079369
	0.082091
	0.074725
	0.073133
	0.071650
	0.070671
	0.065444
	0.063185
	0.062379
	0.065811
	0.072889
	0.070735
	0.071963
	0.075259
	0.077623
	0.077669
	0.074239
	0.064669
	0.062434
	0.059175
	0.059705
	0.065166
	0.062355
	0.064505
	0.061613
	0.055061
	0.062675
	0.065693
	0.070503
	0.071706
	0.076091
	0.079746
	0.080941
	0.081500
	0.074554
	0.070515
	0.068881
	0.075736
	0.074589
	0.070463
	0.065553
	0.058603
	0.056886
	0.058400
	0.059944
	0.059563
	0.064851
	0.071850
	0.068035
	0.066124
	0.062343
	0.059219
	0.054519
	0.056275
	0.060045
	0.063369
	0.068263
	0.073355
	0.082069
	0.089063
	0.090391
	0.080400
	0.075125
	0.068221
	0.071461
	0.071219
	0.064726
	0.061625
	0.061805
	0.068733
	0.073255
	0.072569
	0.073271
	0.077705
	0.077773
	0.078009
	0.074113
	0.068363
	0.066855
	0.063124
	0.065175
	0.059743
