	0.185000
	0.266500
	0.352500
	0.400000
	0.410000
	0.418000
	0.423000
	0.419000
	0.425000
	0.442000
	0.464500
	0.491500
	0.525000
	0.540000
	0.562000
	0.582000
	0.595000
	0.600000
	0.605000
	0.600000
	0.602500
	0.621000
	0.640500
	0.652000
	0.663000
	0.662500
	0.665000
	0.674000
	0.672000
	0.674500
	0.684500
	0.703500
	0.708000
	0.710000
	0.715000
	0.717500
	0.702000
	0.695000
	0.691000
	0.690000
	0.686500
	0.685000
	0.683000
	0.687000
	0.670500
	0.669500
	0.683500
	0.692000
	0.702000
	0.709500
	0.714000
	0.723000
	0.726500
	0.729000
	0.725500
	0.737500
	0.746000
	0.745500
	0.737000
	0.727500
	0.715000
	0.709500
	0.699500
	0.698000
	0.696500
	0.705000
	0.699000
	0.693000
	0.692000
	0.704000
	0.709500
	0.710500
	0.719500
	0.730000
	0.741500
	0.735000
	0.733500
	0.734500
	0.735000
	0.718000
	0.704500
	0.689500
	0.679500
	0.677000
	0.681500
	0.686500
	0.689500
	0.690500
	0.686500
	0.679000
	0.676500
	0.676000
	0.670500
	0.680500
	0.690500
	0.693000
	0.691000
	0.690000
	0.694000
	0.706500
	0.724500
	0.737500
	0.740000
	0.731500
	0.725000
	0.727500
	0.734000
	0.733000
	0.732500
	0.723500
	0.715000
	0.717000
	0.711000
	0.711500
	0.710500
	0.711500
	0.716500
	0.723000
	0.726500
	0.721500
	0.722000
	0.722000
	0.707500
	0.699500
	0.697000
	0.702500
	0.700000
	0.694000
	0.693000
	0.694500
	0.695000
	0.690500
	0.672000
	0.660500
	0.654500
	0.650000
	0.647000
	0.661000
	0.649000
	0.651000
	0.666000
	0.669500
	0.675000
	0.677500
	0.684000
	0.683500
	0.679500
	0.681500
	0.685500
	0.686500
	0.687000
	0.693500
	0.693000
	0.685000
	0.683500
	0.677500
	0.662000
	0.656500
	0.653000
	0.645000
	0.650500
	0.660500
	0.662500
	0.671500
	0.676500
	0.672500
	0.677000
	0.680000
	0.675000
	0.661500
	0.675000
	0.677500
	0.678000
	0.662500
	0.647500
	0.641000
	0.627000
	0.634000
	0.637000
	0.654500
	0.661500
	0.655000
	0.659500
	0.663000
	0.660000
	0.644500
	0.652500
	0.664500
	0.672500
	0.671500
	0.679500
	0.687500
	0.688500
	0.665000
	0.650000
	0.639000
	0.632500
	0.630000
	0.633000
	0.624000
