	0.152225
	0.190025
	0.203919
	0.204849
	0.201816
	0.195805
	0.191435
	0.181403
	0.167849
	0.152589
	0.135703
	0.121795
	0.110619
	0.100896
	0.090611
	0.081600
	0.077039
	0.074695
	0.070700
	0.069581
	0.062905
	0.056975
	0.056515
	0.057625
	0.057954
	0.059169
	0.061394
	0.065000
	0.067354
	0.060699
	0.054786
	0.046793
	0.047919
	0.054465
	0.059319
	0.064925
	0.067174
	0.070863
	0.071345
	0.076763
	0.083063
	0.084624
	0.085453
	0.086964
	0.080433
	0.079226
	0.075905
	0.071925
	0.058749
	0.055269
	0.059441
	0.062065
	0.064611
	0.066319
	0.069173
	0.064115
	0.061279
	0.050413
	0.050123
	0.049614
	0.048925
	0.050319
	0.050465
	0.051764
	0.060629
	0.069273
	0.079031
	0.075663
	0.068164
	0.061403
	0.055904
	0.059436
	0.048523
	0.052433
	0.057181
	0.062919
	0.057433
	0.056931
	0.056525
	0.053605
	0.045056
	0.043253
	0.044341
	0.045319
	0.048313
	0.048755
	0.049269
	0.049519
	0.047043
	0.048569
	0.048753
	0.051869
	0.054519
	0.056526
	0.062306
	0.069896
	0.080469
	0.085750
	0.089863
	0.094175
	0.097376
	0.102915
	0.110673
	0.118615
	0.127671
	0.129321
	0.133503
	0.133995
	0.129469
	0.129365
	0.128833
	0.128991
	0.123095
	0.120813
	0.121055
	0.120343
	0.117953
	0.119779
	0.121939
	0.123766
	0.120805
	0.112721
	0.097199
	0.086465
	0.084729
	0.084136
	0.091643
	0.097363
	0.097575
	0.095055
	0.094909
	0.098274
	0.099755
	0.100194
	0.103083
	0.104226
	0.105966
	0.103269
	0.102793
	0.105235
	0.096215
	0.085539
	0.069364
	0.058053
	0.057104
	0.056475
	0.051215
	0.057451
	0.059993
	0.063309
	0.065119
	0.063669
	0.059269
	0.057275
	0.057586
	0.055225
	0.054199
	0.054334
	0.057201
	0.063125
	0.070819
	0.074619
	0.078735
	0.085725
	0.085450
	0.077013
	0.066056
	0.062386
	0.060119
	0.054764
	0.050545
	0.056603
	0.062219
	0.066375
	0.069421
	0.070089
	0.070255
	0.066803
	0.063444
	0.058893
	0.058643
	0.062483
	0.069769
	0.075036
	0.081133
	0.090905
	0.098275
	0.104373
	0.096751
	0.088203
	0.089355
	0.091669
	0.098424
	0.106386
	0.112885
	0.115815
	0.119625
	0.124425
	0.125826
	0.124629
