	0.165500
	0.238500
	0.307500
	0.373000
	0.409500
	0.443500
	0.457500
	0.461500
	0.475000
	0.494500
	0.513000
	0.530000
	0.547500
	0.555500
	0.573500
	0.584000
	0.595500
	0.595000
	0.603500
	0.610000
	0.612000
	0.616000
	0.618500
	0.626000
	0.631500
	0.628000
	0.630000
	0.641500
	0.644500
	0.660500
	0.674500
	0.671500
	0.671500
	0.673000
	0.673000
	0.671000
	0.666500
	0.673500
	0.673000
	0.662000
	0.656500
	0.647500
	0.642000
	0.640000
	0.654000
	0.648500
	0.643500
	0.653500
	0.650000
	0.649500
	0.640000
	0.619500
	0.613500
	0.613000
	0.612000
	0.631000
	0.637500
	0.648500
	0.663500
	0.668000
	0.672000
	0.676000
	0.681000
	0.694000
	0.705000
	0.712000
	0.697500
	0.698000
	0.693000
	0.693000
	0.685500
	0.679000
	0.686000
	0.685500
	0.684000
	0.692500
	0.690500
	0.684500
	0.678000
	0.669500
	0.655000
	0.662500
	0.674500
	0.690000
	0.693500
	0.701500
	0.704000
	0.696500
	0.694500
	0.688000
	0.695000
	0.701500
	0.710500
	0.709000
	0.707000
	0.701000
	0.693000
	0.686500
	0.683000
	0.689500
	0.701500
	0.701500
	0.700500
	0.699000
	0.703000
	0.704000
	0.702500
	0.701500
	0.702000
	0.708000
	0.713500
	0.719500
	0.722500
	0.716000
	0.709000
	0.705000
	0.703000
	0.712000
	0.715000
	0.706500
	0.706000
	0.718000
	0.714000
	0.707000
	0.705000
	0.700500
	0.698000
	0.697000
	0.685500
	0.670000
	0.659000
	0.647500
	0.637500
	0.627000
	0.641500
	0.648500
	0.644000
	0.642500
	0.653500
	0.659500
	0.662000
	0.656500
	0.662500
	0.648000
	0.655000
	0.669000
	0.675500
	0.673500
	0.673000
	0.677000
	0.670500
	0.668000
	0.681000
	0.685000
	0.680000
	0.663000
	0.656500
	0.654000
	0.657500
	0.659000
	0.668000
	0.678000
	0.684000
	0.698500
	0.698500
	0.696500
	0.689000
	0.690500
	0.681000
	0.671500
	0.662000
	0.671500
	0.666000
	0.666000
	0.672500
	0.675000
	0.679500
	0.686000
	0.694500
	0.679000
	0.670000
	0.670000
	0.677500
	0.690500
	0.701000
	0.713000
	0.708000
	0.704000
	0.707000
	0.717000
	0.708500
	0.697500
	0.703000
	0.701500
	0.697000
	0.695500
	0.691500
	0.681000
	0.670000
	0.666000
