	0.166500
	0.258000
	0.336000
	0.401000
	0.470000
	0.534500
	0.536500
	0.530000
	0.523000
	0.523500
	0.527000
	0.543500
	0.556000
	0.579000
	0.608000
	0.635500
	0.665000
	0.665000
	0.677500
	0.674500
	0.664000
	0.661000
	0.661500
	0.676500
	0.676000
	0.664000
	0.665000
	0.658000
	0.652500
	0.659500
	0.664000
	0.668000
	0.673000
	0.674000
	0.690500
	0.697500
	0.700000
	0.692000
	0.684000
	0.684000
	0.692500
	0.680500
	0.669000
	0.665500
	0.666000
	0.669500
	0.679500
	0.681500
	0.689500
	0.699000
	0.709500
	0.716500
	0.709500
	0.691500
	0.686000
	0.681000
	0.688000
	0.694000
	0.698500
	0.699000
	0.707500
	0.710000
	0.716000
	0.721000
	0.725000
	0.722000
	0.729000
	0.726500
	0.714000
	0.706000
	0.695500
	0.694500
	0.696000
	0.694500
	0.686500
	0.687000
	0.690000
	0.703500
	0.709000
	0.708500
	0.700500
	0.700500
	0.697000
	0.697500
	0.688500
	0.678500
	0.674000
	0.683000
	0.684500
	0.694500
	0.694000
	0.691000
	0.685000
	0.679000
	0.680000
	0.694500
	0.712000
	0.710500
	0.706500
	0.698500
	0.696000
	0.693000
	0.694000
	0.696500
	0.706000
	0.717000
	0.716000
	0.727500
	0.720500
	0.719500
	0.708500
	0.710500
	0.705500
	0.696000
	0.687500
	0.698500
	0.696000
	0.699000
	0.698000
	0.703000
	0.708500
	0.700500
	0.692500
	0.697500
	0.707000
	0.714000
	0.703000
	0.702000
	0.708000
	0.708000
	0.708000
	0.697000
	0.699000
	0.702500
	0.694000
	0.698500
	0.708000
	0.714000
	0.709000
	0.716000
	0.715000
	0.721500
	0.727000
	0.722500
	0.725500
	0.725000
	0.723000
	0.723000
	0.725500
	0.730500
	0.742500
	0.744000
	0.728500
	0.718000
	0.706500
	0.700500
	0.697000
	0.699000
	0.704500
	0.697000
	0.698500
	0.710500
	0.712500
	0.713000
	0.706500
	0.711500
	0.714000
	0.707000
	0.697000
	0.700000
	0.699500
	0.705500
	0.706500
	0.709000
	0.707500
	0.695500
	0.692500
	0.687000
	0.686000
	0.689500
	0.694500
	0.692500
	0.693500
	0.696500
	0.696500
	0.698500
	0.698000
	0.699000
	0.708000
	0.703000
	0.706500
	0.694500
	0.689000
	0.687000
	0.685500
	0.678000
	0.670000
	0.666500
	0.649000
	0.652500
