	0.146075
	0.182594
	0.198225
	0.205369
	0.200594
	0.191994
	0.183615
	0.177986
	0.172500
	0.162900
	0.151474
	0.145279
	0.137685
	0.132139
	0.127585
	0.120145
	0.109074
	0.097545
	0.093723
	0.095349
	0.094549
	0.091906
	0.089309
	0.083369
	0.077781
	0.065691
	0.054103
	0.055103
	0.057373
	0.055671
	0.059295
	0.063125
	0.062809
	0.064223
	0.067689
	0.064394
	0.070889
	0.078863
	0.081785
	0.084563
	0.084785
	0.088346
	0.092923
	0.096784
	0.100163
	0.098776
	0.091345
	0.087716
	0.088324
	0.089039
	0.084216
	0.087300
	0.096635
	0.099561
	0.105845
	0.109516
	0.107766
	0.106695
	0.106271
	0.105239
	0.096193
	0.090775
	0.084581
	0.079675
	0.072285
	0.071725
	0.073116
	0.076025
	0.079324
	0.076231
	0.073435
	0.066346
	0.062899
	0.054365
	0.053655
	0.058714
	0.060403
	0.065426
	0.065406
	0.071959
	0.068625
	0.063964
	0.061275
	0.061641
	0.063594
	0.063450
	0.064924
	0.061894
	0.060765
	0.065025
	0.065633
	0.067869
	0.070569
	0.074675
	0.081343
	0.086471
	0.092571
	0.095300
	0.095675
	0.098159
	0.096813
	0.099474
	0.098223
	0.095869
	0.096569
	0.095975
	0.092114
	0.093446
	0.083203
	0.082344
	0.082481
	0.081950
	0.073859
	0.068666
	0.061454
	0.056769
	0.056829
	0.052295
	0.049496
	0.047273
	0.048491
	0.050084
	0.052013
	0.054986
	0.058819
	0.063245
	0.059569
	0.057000
	0.050779
	0.048619
	0.052296
	0.055413
	0.059619
	0.063961
	0.060081
	0.065339
	0.071733
	0.076153
	0.074906
	0.077250
	0.074565
	0.071771
	0.064186
	0.056114
	0.057254
	0.055815
	0.052836
	0.057809
	0.061105
	0.066401
	0.074850
	0.084523
	0.090645
	0.092655
	0.087969
	0.086505
	0.081525
	0.076700
	0.080946
	0.087593
	0.094173
	0.099526
	0.102353
	0.105244
	0.109183
	0.113775
	0.113829
	0.104726
	0.097869
	0.084343
	0.080803
	0.081081
	0.072773
	0.070169
	0.062314
	0.057775
	0.058175
	0.056296
	0.050799
	0.052601
	0.051346
	0.048545
	0.048215
	0.052323
	0.053825
	0.059314
	0.055546
	0.058496
	0.061864
	0.056184
	0.059269
	0.063650
	0.064435
	0.059265
	0.057046
	0.057549
	0.063015
	0.066983
	0.068200
	0.064475
