	0.166500
	0.249000
	0.309500
	0.366000
	0.411000
	0.444500
	0.462500
	0.481000
	0.493500
	0.516500
	0.538500
	0.568000
	0.597500
	0.623000
	0.645000
	0.657000
	0.681500
	0.685500
	0.681000
	0.680000
	0.696000
	0.694000
	0.678000
	0.665500
	0.662500
	0.666500
	0.678000
	0.695500
	0.704000
	0.707500
	0.701500
	0.712500
	0.719500
	0.717500
	0.717000
	0.723500
	0.716000
	0.715500
	0.717000
	0.723000
	0.716000
	0.704500
	0.690000
	0.682500
	0.681500
	0.693000
	0.695500
	0.694500
	0.690500
	0.666500
	0.661000
	0.668000
	0.675000
	0.668500
	0.665500
	0.672000
	0.682000
	0.682000
	0.683500
	0.695000
	0.700500
	0.707000
	0.707500
	0.700000
	0.699500
	0.701000
	0.714500
	0.724500
	0.719000
	0.724000
	0.714000
	0.696000
	0.678000
	0.676000
	0.675500
	0.667500
	0.658500
	0.665000
	0.675000
	0.698500
	0.706500
	0.717000
	0.723000
	0.717500
	0.716500
	0.709500
	0.705000
	0.701500
	0.695500
	0.695500
	0.693500
	0.696000
	0.695500
	0.695000
	0.681500
	0.669000
	0.670000
	0.671000
	0.671000
	0.686500
	0.701000
	0.712000
	0.722000
	0.730500
	0.730500
	0.730500
	0.735000
	0.721000
	0.713000
	0.701500
	0.695000
	0.690000
	0.693500
	0.696500
	0.690000
	0.686000
	0.686500
	0.689500
	0.689500
	0.698500
	0.686500
	0.673000
	0.668500
	0.667000
	0.676500
	0.686500
	0.687000
	0.696000
	0.698000
	0.691000
	0.694500
	0.692500
	0.706500
	0.710000
	0.706000
	0.691000
	0.678500
	0.669000
	0.674500
	0.668000
	0.665500
	0.661500
	0.664000
	0.653000
	0.648000
	0.650500
	0.662000
	0.676500
	0.675000
	0.682500
	0.682000
	0.694000
	0.692000
	0.689000
	0.697000
	0.698000
	0.689000
	0.690500
	0.693000
	0.693000
	0.698500
	0.705500
	0.707500
	0.700000
	0.702500
	0.711000
	0.703500
	0.694500
	0.686000
	0.685500
	0.686500
	0.696500
	0.706000
	0.699500
	0.693000
	0.699500
	0.707500
	0.715500
	0.726000
	0.730000
	0.724500
	0.711500
	0.703000
	0.697500
	0.687500
	0.676500
	0.665000
	0.657000
	0.656500
	0.661000
	0.665000
	0.659500
	0.678000
	0.688500
	0.685500
	0.678500
	0.674500
	0.677000
	0.680500
	0.691500
