	0.195000
	0.276000
	0.352500
	0.424500
	0.475000
	0.513500
	0.536000
	0.536000
	0.535500
	0.557500
	0.582500
	0.604500
	0.617500
	0.628500
	0.641000
	0.656500
	0.667000
	0.676500
	0.680500
	0.677500
	0.684000
	0.683000
	0.674000
	0.683000
	0.697500
	0.706000
	0.702500
	0.703500
	0.697000
	0.696000
	0.692500
	0.699500
	0.706500
	0.700000
	0.695000
	0.688000
	0.690000
	0.679500
	0.673500
	0.673000
	0.676500
	0.685000
	0.689500
	0.699000
	0.699000
	0.704500
	0.691000
	0.684000
	0.680000
	0.671000
	0.670000
	0.664000
	0.669500
	0.674000
	0.677000
	0.687000
	0.698500
	0.716000
	0.723500
	0.726000
	0.730500
	0.735000
	0.726500
	0.712000
	0.704500
	0.705000
	0.701000
	0.703500
	0.705000
	0.694500
	0.684500
	0.685000
	0.680000
	0.689500
	0.695500
	0.693500
	0.690000
	0.689500
	0.691000
	0.702000
	0.689500
	0.691000
	0.688500
	0.690500
	0.684000
	0.671000
	0.667000
	0.656500
	0.661500
	0.672000
	0.683000
	0.687000
	0.691500
	0.695500
	0.691500
	0.691500
	0.695000
	0.697000
	0.697500
	0.707000
	0.701000
	0.699500
	0.694500
	0.694000
	0.692000
	0.708000
	0.710500
	0.717000
	0.727000
	0.737500
	0.735500
	0.725500
	0.718500
	0.704500
	0.697000
	0.701500
	0.694500
	0.685000
	0.687000
	0.686000
	0.687500
	0.682000
	0.678500
	0.680000
	0.678000
	0.670000
	0.673000
	0.688500
	0.706500
	0.694000
	0.686500
	0.688500
	0.687500
	0.684000
	0.686500
	0.689000
	0.686000
	0.685000
	0.676000
	0.690500
	0.689500
	0.694500
	0.695500
	0.699000
	0.714000
	0.720500
	0.727000
	0.710500
	0.709000
	0.715500
	0.714500
	0.706000
	0.705000
	0.697500
	0.695500
	0.696000
	0.699000
	0.698000
	0.705000
	0.705000
	0.702000
	0.710000
	0.690500
	0.695500
	0.697500
	0.704500
	0.708000
	0.718500
	0.715000
	0.723500
	0.725500
	0.733500
	0.730000
	0.714500
	0.697000
	0.674000
	0.649500
	0.634500
	0.623000
	0.615000
	0.611500
	0.616500
	0.617000
	0.629500
	0.637000
	0.638000
	0.633500
	0.630000
	0.639500
	0.632500
	0.630500
	0.623000
	0.616500
	0.614000
	0.612500
	0.631000
	0.637500
	0.649000
	0.662500
	0.689500
