	0.185000
	0.257500
	0.335000
	0.399000
	0.442500
	0.486000
	0.531500
	0.550000
	0.549500
	0.547500
	0.558000
	0.565000
	0.579000
	0.601000
	0.619500
	0.648000
	0.666000
	0.683000
	0.696000
	0.702500
	0.691000
	0.683000
	0.672500
	0.665000
	0.658500
	0.672500
	0.680000
	0.679000
	0.692000
	0.702000
	0.715000
	0.723000
	0.722000
	0.726500
	0.724000
	0.721000
	0.722000
	0.727500
	0.726000
	0.724500
	0.718500
	0.712500
	0.719000
	0.713500
	0.703000
	0.693000
	0.692000
	0.687500
	0.684000
	0.670500
	0.654000
	0.641000
	0.623500
	0.611000
	0.598000
	0.590500
	0.586500
	0.594000
	0.595500
	0.596500
	0.602500
	0.623000
	0.632500
	0.644000
	0.657500
	0.667500
	0.676500
	0.701000
	0.705500
	0.701000
	0.699500
	0.700500
	0.704500
	0.703000
	0.697000
	0.692000
	0.689500
	0.683000
	0.668500
	0.658500
	0.664500
	0.681000
	0.686500
	0.703000
	0.706000
	0.706000
	0.698500
	0.699500
	0.705000
	0.697000
	0.688500
	0.690000
	0.696000
	0.699000
	0.701500
	0.691000
	0.692500
	0.688000
	0.689500
	0.682500
	0.677000
	0.677500
	0.684000
	0.680500
	0.671000
	0.673500
	0.659500
	0.655000
	0.652500
	0.667500
	0.676500
	0.683500
	0.688000
	0.690500
	0.690000
	0.691500
	0.698000
	0.703500
	0.699500
	0.701500
	0.710000
	0.709000
	0.713500
	0.718000
	0.713500
	0.710000
	0.712500
	0.710500
	0.710500
	0.704000
	0.710000
	0.712000
	0.710500
	0.709500
	0.706500
	0.711500
	0.706500
	0.708000
	0.709500
	0.711000
	0.700500
	0.705000
	0.714000
	0.717000
	0.717500
	0.730000
	0.733000
	0.735500
	0.729500
	0.729500
	0.727500
	0.720500
	0.716000
	0.711000
	0.708500
	0.693000
	0.680000
	0.677500
	0.666500
	0.671500
	0.684500
	0.684000
	0.684500
	0.685000
	0.674000
	0.665500
	0.664000
	0.654000
	0.639000
	0.632500
	0.636000
	0.638500
	0.648500
	0.650500
	0.647000
	0.652000
	0.646500
	0.649500
	0.658000
	0.648500
	0.633500
	0.629000
	0.630000
	0.630000
	0.639500
	0.654000
	0.657000
	0.659500
	0.666500
	0.674500
	0.683500
	0.680500
	0.666500
	0.660500
	0.657000
	0.664000
	0.667000
	0.675000
	0.666000
	0.672000
