	0.194500
	0.274500
	0.359000
	0.413000
	0.459500
	0.516000
	0.536000
	0.533000
	0.526000
	0.526500
	0.537000
	0.545000
	0.546500
	0.560000
	0.579000
	0.590500
	0.601000
	0.599000
	0.607500
	0.620500
	0.632000
	0.654500
	0.660500
	0.656500
	0.642500
	0.634500
	0.651500
	0.667500
	0.671500
	0.666000
	0.678000
	0.684500
	0.691500
	0.697500
	0.693500
	0.699500
	0.698500
	0.703000
	0.708500
	0.703500
	0.700000
	0.695000
	0.694000
	0.688500
	0.683500
	0.681000
	0.671000
	0.661500
	0.662000
	0.665500
	0.664000
	0.664500
	0.667500
	0.664500
	0.648000
	0.644500
	0.644000
	0.653000
	0.664500
	0.675500
	0.691500
	0.707500
	0.719500
	0.717500
	0.716500
	0.694500
	0.694500
	0.684500
	0.668500
	0.651500
	0.645000
	0.649500
	0.654500
	0.658500
	0.665000
	0.666000
	0.665000
	0.670500
	0.682000
	0.668000
	0.661000
	0.676500
	0.678500
	0.679500
	0.683500
	0.689000
	0.689000
	0.670500
	0.659500
	0.649000
	0.658000
	0.664000
	0.674000
	0.680500
	0.684000
	0.672000
	0.671000
	0.667000
	0.680500
	0.692000
	0.687500
	0.695000
	0.701500
	0.695500
	0.693500
	0.690000
	0.686000
	0.689000
	0.676500
	0.669000
	0.663000
	0.653000
	0.651000
	0.647000
	0.642000
	0.647500
	0.656000
	0.657500
	0.658500
	0.646500
	0.639000
	0.628500
	0.629000
	0.634500
	0.644500
	0.670500
	0.677500
	0.678000
	0.671000
	0.678000
	0.677500
	0.681000
	0.681000
	0.691000
	0.698000
	0.701000
	0.706500
	0.706000
	0.697500
	0.687500
	0.672500
	0.664000
	0.659000
	0.671500
	0.664000
	0.669500
	0.674500
	0.673000
	0.666000
	0.668000
	0.674000
	0.684500
	0.683000
	0.685500
	0.692500
	0.692500
	0.683500
	0.681000
	0.684000
	0.687000
	0.688000
	0.684500
	0.677000
	0.677000
	0.677000
	0.676500
	0.663500
	0.665500
	0.661000
	0.671500
	0.680000
	0.687500
	0.683500
	0.687500
	0.676000
	0.665500
	0.657500
	0.668500
	0.674500
	0.667500
	0.661500
	0.647500
	0.643000
	0.644000
	0.642000
	0.648000
	0.642000
	0.643000
	0.650500
	0.657500
	0.656500
	0.656000
	0.650000
	0.653500
	0.664500
	0.675000
	0.687000
	0.681500
	0.670000
	0.656000
