	0.140425
	0.183103
	0.202083
	0.204335
	0.201071
	0.193145
	0.183136
	0.174094
	0.164736
	0.159835
	0.153445
	0.148549
	0.144085
	0.141665
	0.141569
	0.141125
	0.139126
	0.136675
	0.135233
	0.137019
	0.132719
	0.126761
	0.113811
	0.105419
	0.102636
	0.094475
	0.084215
	0.079593
	0.076094
	0.074823
	0.063225
	0.058769
	0.059103
	0.059856
	0.059550
	0.058293
	0.061085
	0.064715
	0.065693
	0.069483
	0.064650
	0.060191
	0.054775
	0.055283
	0.060844
	0.069469
	0.073755
	0.075853
	0.074829
	0.067963
	0.066096
	0.059355
	0.054995
	0.050684
	0.050369
	0.057415
	0.062621
	0.063213
	0.063133
	0.064344
	0.057655
	0.053450
	0.047279
	0.054906
	0.063000
	0.065789
	0.071304
	0.072066
	0.068715
	0.067881
	0.057333
	0.050519
	0.038486
	0.034600
	0.036963
	0.039900
	0.043154
	0.045404
	0.044294
	0.048095
	0.053775
	0.055051
	0.057701
	0.057119
	0.055834
	0.057919
	0.062825
	0.064375
	0.064350
	0.065969
	0.065793
	0.067735
	0.073225
	0.076466
	0.077565
	0.082054
	0.082744
	0.079366
	0.080289
	0.080359
	0.079145
	0.077753
	0.077969
	0.078175
	0.079326
	0.073425
	0.071255
	0.071524
	0.073569
	0.071600
	0.070119
	0.067015
	0.067154
	0.067535
	0.071111
	0.067703
	0.075839
	0.071163
	0.071526
	0.076069
	0.076535
	0.076935
	0.080353
	0.083891
	0.086300
	0.087939
	0.085955
	0.085716
	0.088239
	0.084624
	0.077494
	0.068719
	0.059675
	0.052114
	0.048635
	0.053096
	0.061924
	0.069085
	0.072379
	0.079955
	0.089255
	0.089105
	0.094949
	0.093953
	0.095179
	0.091525
	0.083671
	0.079861
	0.077193
	0.068625
	0.062099
	0.053593
	0.047375
	0.044266
	0.045666
	0.047811
	0.054346
	0.048369
	0.053145
	0.055834
	0.057845
	0.054486
	0.054931
	0.051533
	0.051156
	0.057684
	0.062133
	0.061644
	0.059704
	0.058405
	0.058645
	0.059719
	0.052783
	0.053863
	0.051784
	0.048703
	0.049719
	0.047869
	0.052964
	0.060555
	0.060366
	0.065429
	0.074241
	0.082575
	0.087055
	0.090965
	0.097369
	0.091534
	0.081176
	0.074909
	0.067653
	0.056593
	0.047124
	0.045219
	0.044213
	0.046776
	0.051956
	0.056595
	0.062669
	0.066961
