	0.176000
	0.266000
	0.351000
	0.422000
	0.464000
	0.504500
	0.522000
	0.533500
	0.556000
	0.572000
	0.590500
	0.606000
	0.611500
	0.622500
	0.642000
	0.647500
	0.657000
	0.644500
	0.644000
	0.638500
	0.638500
	0.631000
	0.650000
	0.653000
	0.663500
	0.672000
	0.674000
	0.667500
	0.674500
	0.673500
	0.682000
	0.689500
	0.680500
	0.666500
	0.655000
	0.652000
	0.656500
	0.651500
	0.648000
	0.650500
	0.634000
	0.625000
	0.619000
	0.621000
	0.629000
	0.630500
	0.643000
	0.666000
	0.672000
	0.676500
	0.671500
	0.665000
	0.664000
	0.675500
	0.669500
	0.665500
	0.668000
	0.675500
	0.687500
	0.688500
	0.685000
	0.681500
	0.685500
	0.689000
	0.680500
	0.670500
	0.658500
	0.658000
	0.661500
	0.651000
	0.653000
	0.655500
	0.661000
	0.661500
	0.673000
	0.673000
	0.669500
	0.677500
	0.677000
	0.668000
	0.660000
	0.664000
	0.666500
	0.673000
	0.662000
	0.665000
	0.666000
	0.667500
	0.686000
	0.693000
	0.689500
	0.683000
	0.683000
	0.675500
	0.686500
	0.682000
	0.681000
	0.669000
	0.658500
	0.649500
	0.639500
	0.630500
	0.624000
	0.643000
	0.655500
	0.672000
	0.664500
	0.661500
	0.665500
	0.676000
	0.679500
	0.674500
	0.675500
	0.684500
	0.691000
	0.705500
	0.719500
	0.728500
	0.723000
	0.710500
	0.705000
	0.698500
	0.700500
	0.698000
	0.702500
	0.700000
	0.706000
	0.710000
	0.708000
	0.712000
	0.717000
	0.721000
	0.717500
	0.709500
	0.695000
	0.687000
	0.691000
	0.683000
	0.677000
	0.688000
	0.681500
	0.671500
	0.667000
	0.674500
	0.680000
	0.696500
	0.708500
	0.707000
	0.700500
	0.696500
	0.687500
	0.688500
	0.686000
	0.669500
	0.654500
	0.648500
	0.642500
	0.635000
	0.638000
	0.637500
	0.639000
	0.641000
	0.635500
	0.625000
	0.614500
	0.617000
	0.613000
	0.612500
	0.617500
	0.614500
	0.609500
	0.610000
	0.624000
	0.641500
	0.645000
	0.644500
	0.637000
	0.637500
	0.652000
	0.662000
	0.663000
	0.673000
	0.670500
	0.658000
	0.651500
	0.662500
	0.663000
	0.665500
	0.665000
	0.664000
	0.663500
	0.662000
	0.664000
	0.663000
	0.654500
	0.650500
	0.648500
	0.641500
	0.636000
	0.651000
