	0.185500
	0.267000
	0.326000
	0.372500
	0.407500
	0.423000
	0.441000
	0.456000
	0.473000
	0.504000
	0.530000
	0.561500
	0.590000
	0.624000
	0.655000
	0.675500
	0.679500
	0.678500
	0.685000
	0.679500
	0.688500
	0.689500
	0.683000
	0.678500
	0.681000
	0.667500
	0.645000
	0.633500
	0.624500
	0.632500
	0.633000
	0.636500
	0.644500
	0.658500
	0.675000
	0.676500
	0.682500
	0.687000
	0.688000
	0.659000
	0.654500
	0.662000
	0.660000
	0.664500
	0.655000
	0.643000
	0.630000
	0.625000
	0.639500
	0.657500
	0.670500
	0.669500
	0.675000
	0.690000
	0.696500
	0.700000
	0.701000
	0.707500
	0.690000
	0.689000
	0.688000
	0.684000
	0.664000
	0.657000
	0.650500
	0.655500
	0.650000
	0.645000
	0.639000
	0.638500
	0.658000
	0.658500
	0.647500
	0.644500
	0.658500
	0.680000
	0.686000
	0.688500
	0.691500
	0.685000
	0.683000
	0.694500
	0.701500
	0.709500
	0.714500
	0.708000
	0.704500
	0.688000
	0.676000
	0.666000
	0.674500
	0.671500
	0.668500
	0.665500
	0.656000
	0.643500
	0.646500
	0.660000
	0.649000
	0.656500
	0.659000
	0.646000
	0.635500
	0.651000
	0.655000
	0.655000
	0.655000
	0.661500
	0.677000
	0.678500
	0.680500
	0.679000
	0.681500
	0.674000
	0.661000
	0.651500
	0.662000
	0.678000
	0.670500
	0.682500
	0.689500
	0.683500
	0.694000
	0.685500
	0.678000
	0.674500
	0.681000
	0.688000
	0.692500
	0.694500
	0.690000
	0.678500
	0.655500
	0.652000
	0.657000
	0.647000
	0.647000
	0.649500
	0.645500
	0.642500
	0.657500
	0.660500
	0.659500
	0.668000
	0.675500
	0.681000
	0.692500
	0.697000
	0.705000
	0.715000
	0.718000
	0.730000
	0.712500
	0.704500
	0.696500
	0.691500
	0.694000
	0.697500
	0.701500
	0.695500
	0.694000
	0.693500
	0.694500
	0.684500
	0.687500
	0.667500
	0.668500
	0.665000
	0.666500
	0.676500
	0.670500
	0.674500
	0.683000
	0.697500
	0.693000
	0.699000
	0.717000
	0.711500
	0.703500
	0.693500
	0.697000
	0.703000
	0.707000
	0.713500
	0.702000
	0.688500
	0.685000
	0.687500
	0.684500
	0.684500
	0.688000
	0.680500
	0.684500
	0.684000
	0.680500
	0.662500
	0.661000
	0.666500
	0.666000
	0.676000
