	0.185500
	0.276000
	0.335500
	0.401000
	0.456500
	0.489500
	0.505000
	0.512500
	0.539500
	0.561500
	0.575500
	0.590000
	0.617500
	0.642000
	0.663000
	0.674500
	0.676500
	0.677500
	0.687000
	0.677500
	0.674500
	0.669500
	0.664000
	0.659500
	0.663000
	0.663500
	0.654500
	0.638500
	0.640000
	0.632500
	0.627500
	0.615000
	0.599000
	0.588500
	0.601500
	0.608500
	0.622000
	0.632500
	0.641000
	0.660000
	0.665500
	0.667500
	0.660500
	0.663500
	0.672500
	0.678500
	0.674500
	0.680500
	0.695500
	0.719000
	0.719500
	0.723500
	0.720000
	0.722500
	0.720500
	0.718500
	0.718000
	0.725500
	0.727000
	0.719000
	0.718000
	0.719000
	0.719500
	0.724500
	0.723000
	0.719500
	0.718500
	0.721500
	0.719500
	0.708000
	0.695000
	0.678500
	0.674500
	0.676500
	0.683500
	0.691000
	0.699000
	0.700000
	0.704500
	0.710500
	0.714000
	0.702500
	0.701000
	0.694000
	0.682000
	0.687000
	0.686000
	0.677500
	0.671500
	0.672500
	0.666000
	0.662500
	0.670500
	0.696500
	0.721000
	0.735500
	0.739500
	0.737000
	0.732500
	0.727000
	0.730500
	0.734000
	0.737000
	0.732500
	0.726500
	0.721000
	0.719000
	0.717000
	0.717500
	0.724000
	0.722000
	0.726500
	0.727500
	0.732500
	0.738500
	0.732000
	0.725500
	0.720000
	0.712000
	0.711500
	0.712000
	0.704500
	0.696500
	0.699500
	0.703000
	0.710000
	0.702000
	0.698000
	0.714500
	0.718500
	0.735500
	0.744000
	0.738000
	0.726500
	0.720000
	0.721000
	0.722500
	0.724500
	0.720500
	0.724500
	0.730000
	0.735500
	0.735000
	0.732000
	0.717500
	0.704000
	0.700000
	0.697000
	0.692500
	0.698000
	0.702000
	0.710500
	0.714000
	0.708500
	0.691500
	0.677500
	0.677500
	0.667500
	0.656500
	0.651000
	0.641000
	0.639000
	0.643000
	0.650000
	0.659000
	0.664000
	0.668000
	0.687000
	0.680000
	0.673500
	0.680000
	0.690000
	0.699000
	0.708500
	0.706500
	0.707000
	0.703500
	0.696000
	0.686500
	0.675500
	0.668500
	0.663000
	0.668000
	0.657500
	0.665000
	0.666000
	0.672000
	0.676500
	0.683000
	0.682000
	0.678000
	0.675500
	0.689000
	0.686500
	0.692500
	0.697500
	0.703000
	0.703500
	0.697500
	0.688000
