	0.185500
	0.267000
	0.344000
	0.400000
	0.462000
	0.511500
	0.531000
	0.533000
	0.531500
	0.536000
	0.539000
	0.548000
	0.561000
	0.570500
	0.592500
	0.615000
	0.631500
	0.640500
	0.638000
	0.644000
	0.654000
	0.658000
	0.670000
	0.685000
	0.682500
	0.682500
	0.696500
	0.700000
	0.700500
	0.699000
	0.703000
	0.695000
	0.693000
	0.679500
	0.679500
	0.674500
	0.671500
	0.677000
	0.683500
	0.673500
	0.685500
	0.685500
	0.698000
	0.710000
	0.703500
	0.699000
	0.689500
	0.678500
	0.677500
	0.683000
	0.691500
	0.692500
	0.688000
	0.678000
	0.678000
	0.690500
	0.698500
	0.703000
	0.703500
	0.707000
	0.705000
	0.711500
	0.716500
	0.717500
	0.711000
	0.703000
	0.693500
	0.691500
	0.700500
	0.693500
	0.687000
	0.686000
	0.681500
	0.673500
	0.674000
	0.665500
	0.666500
	0.672000
	0.678500
	0.677500
	0.675000
	0.669500
	0.668000
	0.669500
	0.669000
	0.666500
	0.669500
	0.682500
	0.681500
	0.682500
	0.670500
	0.670500
	0.680500
	0.696500
	0.702000
	0.703500
	0.705500
	0.700000
	0.706000
	0.702000
	0.704000
	0.704500
	0.698000
	0.703500
	0.703000
	0.693000
	0.685000
	0.675000
	0.675000
	0.682000
	0.681000
	0.697000
	0.701500
	0.713000
	0.715500
	0.707500
	0.708000
	0.714500
	0.722000
	0.719500
	0.714500
	0.712000
	0.707500
	0.717000
	0.724000
	0.724500
	0.722500
	0.718500
	0.720500
	0.707500
	0.696000
	0.691500
	0.692000
	0.702500
	0.704500
	0.704000
	0.706000
	0.698500
	0.695000
	0.689500
	0.688500
	0.683500
	0.680000
	0.681000
	0.692500
	0.693000
	0.708500
	0.708000
	0.702000
	0.696000
	0.682000
	0.672000
	0.666500
	0.661000
	0.657500
	0.657000
	0.661000
	0.659000
	0.658000
	0.657500
	0.666500
	0.657500
	0.659000
	0.664000
	0.665500
	0.659000
	0.655000
	0.650500
	0.657000
	0.668000
	0.661000
	0.660000
	0.682500
	0.700500
	0.714000
	0.710000
	0.699500
	0.702000
	0.699000
	0.700000
	0.704000
	0.708000
	0.688000
	0.682000
	0.678000
	0.679500
	0.666000
	0.656000
	0.644000
	0.632000
	0.632000
	0.633000
	0.631500
	0.629500
	0.632000
	0.625500
	0.617000
	0.597500
	0.584000
	0.572000
