	0.166500
	0.258000
	0.327500
	0.401500
	0.470500
	0.504500
	0.536500
	0.560000
	0.591500
	0.621000
	0.644500
	0.665000
	0.689000
	0.705000
	0.721000
	0.728500
	0.725500
	0.720000
	0.715000
	0.701000
	0.695000
	0.694000
	0.712000
	0.715000
	0.715000
	0.716000
	0.717500
	0.708000
	0.705500
	0.705000
	0.694500
	0.687000
	0.676000
	0.672000
	0.669000
	0.670000
	0.669500
	0.667500
	0.655500
	0.652500
	0.648000
	0.645000
	0.652000
	0.662500
	0.671500
	0.683000
	0.702500
	0.691000
	0.685000
	0.687000
	0.676500
	0.679000
	0.667500
	0.661000
	0.660000
	0.643500
	0.645000
	0.653500
	0.671000
	0.674500
	0.669000
	0.657000
	0.643000
	0.645000
	0.645500
	0.651500
	0.663000
	0.678500
	0.686000
	0.690500
	0.694500
	0.699500
	0.703500
	0.718000
	0.726500
	0.712000
	0.710500
	0.707500
	0.708500
	0.708500
	0.701500
	0.692000
	0.684500
	0.680500
	0.682000
	0.687500
	0.688000
	0.684500
	0.683000
	0.689000
	0.700500
	0.713000
	0.720500
	0.719500
	0.716000
	0.695500
	0.689500
	0.681500
	0.683000
	0.683500
	0.681500
	0.679000
	0.685500
	0.690500
	0.690000
	0.670000
	0.663000
	0.662500
	0.653000
	0.664000
	0.674000
	0.675000
	0.685000
	0.703500
	0.703000
	0.705500
	0.698500
	0.693000
	0.683000
	0.687500
	0.692000
	0.694000
	0.694000
	0.682500
	0.683500
	0.695500
	0.689500
	0.696000
	0.702500
	0.695000
	0.699500
	0.710000
	0.715000
	0.712500
	0.699000
	0.689000
	0.688000
	0.673000
	0.664000
	0.659500
	0.670500
	0.686000
	0.694000
	0.705500
	0.714000
	0.713500
	0.697000
	0.690000
	0.686000
	0.694500
	0.713000
	0.720000
	0.715000
	0.712500
	0.721000
	0.724000
	0.712000
	0.713500
	0.703500
	0.704500
	0.700500
	0.692500
	0.690500
	0.706500
	0.703500
	0.698000
	0.689000
	0.680000
	0.672500
	0.663500
	0.660500
	0.664000
	0.664500
	0.660500
	0.663000
	0.676000
	0.678000
	0.682500
	0.687500
	0.698000
	0.692500
	0.692500
	0.696000
	0.698500
	0.706500
	0.702500
	0.698500
	0.698000
	0.703000
	0.715000
	0.719000
	0.723000
	0.718000
	0.713000
	0.711000
	0.726000
	0.718500
	0.710500
	0.705500
	0.705000
