	0.176000
	0.267000
	0.352500
	0.425000
	0.475500
	0.508000
	0.531500
	0.540000
	0.556500
	0.571000
	0.583500
	0.580000
	0.578000
	0.576000
	0.581500
	0.588500
	0.601500
	0.594500
	0.600000
	0.604000
	0.601000
	0.610500
	0.624500
	0.606500
	0.593000
	0.587500
	0.579500
	0.595000
	0.611000
	0.628000
	0.633500
	0.642500
	0.656000
	0.664000
	0.669500
	0.697000
	0.693000
	0.707000
	0.713000
	0.699500
	0.689000
	0.688500
	0.688000
	0.694500
	0.693500
	0.697000
	0.700000
	0.707000
	0.705000
	0.702500
	0.685000
	0.674000
	0.659000
	0.645500
	0.638000
	0.637500
	0.633500
	0.631000
	0.623500
	0.634000
	0.636500
	0.639500
	0.635500
	0.642500
	0.643000
	0.652000
	0.659500
	0.651000
	0.647000
	0.649500
	0.650000
	0.655500
	0.660000
	0.670500
	0.669500
	0.656000
	0.641000
	0.650000
	0.651500
	0.651000
	0.653500
	0.653000
	0.665500
	0.684500
	0.689000
	0.702000
	0.705000
	0.710500
	0.708000
	0.699500
	0.690500
	0.684000
	0.671000
	0.665000
	0.658500
	0.654500
	0.649000
	0.638500
	0.641000
	0.645000
	0.647500
	0.651500
	0.659000
	0.654500
	0.653000
	0.643500
	0.630500
	0.632500
	0.635000
	0.650500
	0.668500
	0.692500
	0.686000
	0.678000
	0.666000
	0.670500
	0.670500
	0.679500
	0.677000
	0.671000
	0.680500
	0.694000
	0.706000
	0.720000
	0.727500
	0.720000
	0.724000
	0.725000
	0.716000
	0.709500
	0.698500
	0.687000
	0.677500
	0.675000
	0.676000
	0.671000
	0.671500
	0.664500
	0.666000
	0.663000
	0.668000
	0.667000
	0.673000
	0.671000
	0.668000
	0.687500
	0.689000
	0.686000
	0.687000
	0.685500
	0.690000
	0.680000
	0.664500
	0.653500
	0.656500
	0.661000
	0.663000
	0.663000
	0.669500
	0.671500
	0.678000
	0.684500
	0.685000
	0.689000
	0.681500
	0.679500
	0.663500
	0.651000
	0.652000
	0.656000
	0.666000
	0.672500
	0.683000
	0.685500
	0.691000
	0.684500
	0.676000
	0.673000
	0.665500
	0.675000
	0.682500
	0.688500
	0.697500
	0.698000
	0.696000
	0.680000
	0.674500
	0.663500
	0.639500
	0.625500
	0.619000
	0.607500
	0.598000
	0.601000
	0.598000
	0.603000
	0.612000
	0.611500
	0.604500
	0.591500
