	0.146025
	0.183103
	0.202083
	0.205325
	0.201145
	0.192466
	0.183369
	0.176073
	0.170883
	0.160169
	0.151535
	0.134391
	0.110864
	0.099246
	0.094986
	0.083125
	0.069751
	0.061925
	0.057633
	0.052831
	0.046919
	0.045124
	0.042674
	0.042883
	0.045165
	0.044976
	0.046676
	0.045759
	0.044813
	0.043875
	0.046189
	0.048669
	0.051703
	0.050800
	0.050000
	0.051195
	0.058005
	0.060864
	0.054064
	0.053529
	0.057099
	0.058733
	0.056425
	0.058819
	0.060081
	0.064719
	0.067075
	0.063285
	0.067971
	0.071611
	0.073754
	0.075693
	0.071421
	0.072826
	0.073450
	0.071926
	0.070815
	0.071675
	0.071550
	0.072344
	0.070369
	0.070324
	0.068324
	0.066585
	0.064800
	0.060334
	0.055573
	0.057775
	0.060169
	0.061233
	0.062503
	0.059536
	0.062393
	0.069219
	0.069119
	0.066335
	0.065135
	0.065769
	0.061091
	0.055619
	0.056005
	0.061025
	0.064926
	0.069874
	0.071266
	0.071495
	0.076306
	0.082113
	0.087873
	0.088763
	0.087700
	0.091015
	0.098505
	0.104000
	0.100805
	0.095869
	0.090844
	0.081133
	0.071286
	0.061291
	0.057491
	0.053296
	0.058469
	0.061926
	0.064309
	0.067875
	0.075395
	0.081693
	0.084231
	0.087834
	0.085933
	0.078319
	0.078283
	0.077834
	0.082203
	0.091524
	0.100100
	0.102539
	0.108954
	0.107453
	0.109191
	0.097836
	0.087605
	0.072615
	0.065636
	0.072624
	0.073773
	0.073174
	0.077103
	0.078805
	0.078065
	0.074669
	0.077556
	0.083299
	0.081025
	0.081235
	0.072725
	0.071839
	0.068281
	0.059805
	0.058201
	0.053149
	0.056743
	0.059245
	0.060985
	0.065209
	0.065426
	0.065653
	0.064514
	0.060963
	0.056345
	0.057634
	0.057605
	0.059243
	0.061453
	0.061921
	0.067309
	0.073185
	0.077635
	0.075433
	0.074566
	0.073024
	0.070845
	0.069004
	0.074823
	0.071750
	0.076643
	0.079503
	0.082500
	0.083106
	0.079071
	0.072513
	0.066144
	0.052445
	0.041973
	0.038239
	0.039773
	0.039176
	0.036893
	0.035129
	0.035565
	0.038521
	0.041400
	0.044115
	0.046343
	0.045983
	0.044316
	0.048819
	0.052996
	0.056733
	0.057433
	0.054599
	0.052225
	0.049935
	0.053919
	0.056900
	0.061645
	0.057213
	0.059634
	0.061305
