	0.152225
	0.190025
	0.203919
	0.205903
	0.199779
	0.192709
	0.183484
	0.173509
	0.161423
	0.152469
	0.139493
	0.123743
	0.107451
	0.093879
	0.081755
	0.073933
	0.064845
	0.059335
	0.051639
	0.051619
	0.055673
	0.062455
	0.066014
	0.066125
	0.050174
	0.053536
	0.059069
	0.060419
	0.055469
	0.047471
	0.047100
	0.050653
	0.053450
	0.054733
	0.051179
	0.051879
	0.051319
	0.054514
	0.062350
	0.063835
	0.065294
	0.064565
	0.066811
	0.068583
	0.075869
	0.082076
	0.084563
	0.079253
	0.073545
	0.065063
	0.064946
	0.058329
	0.052069
	0.048866
	0.046450
	0.042663
	0.046676
	0.041571
	0.040075
	0.042683
	0.044200
	0.049175
	0.051303
	0.051409
	0.048423
	0.044494
	0.045159
	0.039200
	0.044706
	0.051225
	0.052796
	0.055025
	0.048350
	0.049886
	0.050183
	0.052663
	0.056269
	0.062783
	0.063903
	0.063569
	0.061425
	0.060895
	0.063954
	0.063119
	0.063853
	0.063134
	0.062425
	0.064365
	0.064411
	0.066723
	0.074353
	0.075595
	0.071916
	0.075809
	0.078169
	0.082731
	0.083995
	0.083934
	0.078736
	0.077933
	0.076533
	0.070605
	0.070453
	0.062925
	0.066869
	0.064069
	0.062869
	0.065754
	0.069826
	0.067789
	0.070374
	0.074675
	0.076453
	0.078253
	0.077276
	0.076573
	0.074766
	0.070844
	0.068400
	0.065793
	0.058919
	0.052514
	0.045169
	0.045715
	0.049775
	0.050291
	0.045913
	0.048023
	0.052633
	0.055086
	0.059789
	0.065400
	0.071729
	0.077051
	0.083491
	0.090285
	0.097961
	0.105679
	0.113064
	0.114425
	0.112969
	0.105965
	0.095503
	0.089463
	0.085371
	0.090119
	0.088925
	0.086645
	0.085501
	0.080535
	0.081786
	0.088299
	0.090049
	0.087523
	0.090219
	0.088546
	0.088895
	0.083300
	0.077275
	0.071375
	0.072275
	0.073475
	0.082025
	0.078173
	0.077269
	0.074969
	0.073493
	0.070555
	0.068833
	0.065695
	0.056513
	0.057691
	0.057105
	0.061761
	0.066213
	0.069461
	0.069465
	0.068394
	0.074723
	0.079023
	0.079373
	0.076443
	0.079204
	0.081744
	0.080695
	0.076116
	0.069516
	0.064969
	0.070816
	0.069669
	0.071069
	0.071229
	0.067484
	0.070779
	0.067363
	0.062395
	0.063555
	0.065633
	0.062863
	0.060134
