	0.146815
	0.186974
	0.204441
	0.206103
	0.201095
	0.194591
	0.188129
	0.179001
	0.172929
	0.167845
	0.162215
	0.157573
	0.152319
	0.149255
	0.143704
	0.128745
	0.113995
	0.100735
	0.097183
	0.095451
	0.092069
	0.090714
	0.086105
	0.082336
	0.072823
	0.070725
	0.073593
	0.075941
	0.077969
	0.074329
	0.070926
	0.070150
	0.067050
	0.062400
	0.061155
	0.061229
	0.059581
	0.055175
	0.056591
	0.053769
	0.048794
	0.053919
	0.059169
	0.064681
	0.064244
	0.060981
	0.060795
	0.063166
	0.061475
	0.069800
	0.074619
	0.079675
	0.085543
	0.085519
	0.089875
	0.085811
	0.079644
	0.074819
	0.070583
	0.059551
	0.056669
	0.055325
	0.053084
	0.049065
	0.038295
	0.036916
	0.040875
	0.044564
	0.049745
	0.054335
	0.059333
	0.066475
	0.070574
	0.070871
	0.075545
	0.077250
	0.079469
	0.087396
	0.088823
	0.082756
	0.079295
	0.079316
	0.081819
	0.081093
	0.082875
	0.085364
	0.084169
	0.082954
	0.078971
	0.066555
	0.064885
	0.063193
	0.054869
	0.056573
	0.057173
	0.059023
	0.059014
	0.058725
	0.060753
	0.052575
	0.042919
	0.040893
	0.047933
	0.056519
	0.066113
	0.072855
	0.073105
	0.074450
	0.079083
	0.081869
	0.082479
	0.086219
	0.084129
	0.071154
	0.066014
	0.051893
	0.056645
	0.052841
	0.054884
	0.057536
	0.060369
	0.063555
	0.065973
	0.065613
	0.065095
	0.068325
	0.071713
	0.068773
	0.071771
	0.065803
	0.075904
	0.083496
	0.088915
	0.090269
	0.091995
	0.097481
	0.098853
	0.101653
	0.092975
	0.080721
	0.064963
	0.059496
	0.053299
	0.058953
	0.061921
	0.064455
	0.066566
	0.064539
	0.062053
	0.063719
	0.056904
	0.050675
	0.047425
	0.045344
	0.048951
	0.045356
	0.048883
	0.053175
	0.053573
	0.058405
	0.063109
	0.066374
	0.067519
	0.064994
	0.064143
	0.057023
	0.060051
	0.057965
	0.057269
	0.058915
	0.060811
	0.065833
	0.067794
	0.067711
	0.065969
	0.068139
	0.073023
	0.076066
	0.077705
	0.077969
	0.075813
	0.080375
	0.076305
	0.074189
	0.071215
	0.070750
	0.074416
	0.073926
	0.074495
	0.073311
	0.068703
	0.064273
	0.057964
	0.049100
	0.049861
	0.054591
	0.061851
	0.063995
	0.061005
	0.060853
