	0.175000
	0.265000
	0.332000
	0.377500
	0.422000
	0.470500
	0.519000
	0.539000
	0.569500
	0.587500
	0.614500
	0.625500
	0.630000
	0.634500
	0.644000
	0.652000
	0.657000
	0.671000
	0.675500
	0.691000
	0.693500
	0.701000
	0.688000
	0.673500
	0.675000
	0.690000
	0.699000
	0.700500
	0.699500
	0.699000
	0.697000
	0.688000
	0.686000
	0.690000
	0.689500
	0.695500
	0.699000
	0.701000
	0.702000
	0.712000
	0.718000
	0.722000
	0.715500
	0.725500
	0.724000
	0.715000
	0.707000
	0.699500
	0.699500
	0.695500
	0.687500
	0.690000
	0.695000
	0.688500
	0.677000
	0.678000
	0.680000
	0.673000
	0.667000
	0.670000
	0.675000
	0.674500
	0.672000
	0.662000
	0.676500
	0.686500
	0.691500
	0.695500
	0.694500
	0.698500
	0.699500
	0.705000
	0.694500
	0.700500
	0.693500
	0.683000
	0.675000
	0.671000
	0.666500
	0.663000
	0.675000
	0.685000
	0.678000
	0.683500
	0.692000
	0.697500
	0.720000
	0.724000
	0.730000
	0.725500
	0.713000
	0.703000
	0.692500
	0.686000
	0.682000
	0.686000
	0.680500
	0.676000
	0.669000
	0.671000
	0.655000
	0.650500
	0.654500
	0.666500
	0.688500
	0.709000
	0.702000
	0.716500
	0.715000
	0.711000
	0.707000
	0.693500
	0.690500
	0.673500
	0.672500
	0.676500
	0.670000
	0.666000
	0.654500
	0.639000
	0.625000
	0.616000
	0.620500
	0.625000
	0.629000
	0.639000
	0.659500
	0.669500
	0.671000
	0.684500
	0.689500
	0.692500
	0.698000
	0.708000
	0.711000
	0.713500
	0.711000
	0.718500
	0.724000
	0.719500
	0.716000
	0.714500
	0.700500
	0.694500
	0.698500
	0.687000
	0.689500
	0.708500
	0.708000
	0.699000
	0.697500
	0.689500
	0.689000
	0.671500
	0.673500
	0.667000
	0.663500
	0.657000
	0.657000
	0.651000
	0.648000
	0.654500
	0.650500
	0.648500
	0.654000
	0.650500
	0.662500
	0.681500
	0.691000
	0.710500
	0.711500
	0.712000
	0.697000
	0.686500
	0.679500
	0.667500
	0.648000
	0.648500
	0.639000
	0.636500
	0.641000
	0.641000
	0.637500
	0.647000
	0.654500
	0.664000
	0.676500
	0.688500
	0.697000
	0.704500
	0.713500
	0.703500
	0.689500
	0.682500
	0.681500
	0.669000
	0.658000
	0.651500
	0.663000
	0.668000
