	0.152225
	0.190025
	0.206600
	0.205174
	0.197053
	0.185956
	0.176946
	0.165063
	0.156103
	0.145734
	0.132750
	0.121749
	0.110526
	0.095719
	0.086319
	0.084755
	0.085049
	0.090331
	0.093026
	0.092153
	0.093211
	0.095895
	0.093169
	0.084435
	0.084793
	0.083729
	0.088473
	0.088599
	0.089099
	0.083785
	0.078003
	0.071006
	0.067456
	0.063619
	0.064254
	0.067285
	0.070324
	0.068153
	0.065264
	0.058353
	0.053635
	0.042055
	0.043274
	0.047383
	0.050533
	0.055435
	0.061021
	0.062745
	0.063394
	0.061893
	0.061685
	0.065711
	0.068459
	0.068711
	0.071169
	0.064391
	0.055854
	0.047873
	0.041645
	0.043325
	0.043324
	0.050434
	0.055569
	0.061023
	0.067703
	0.076373
	0.085346
	0.087193
	0.081625
	0.075225
	0.072931
	0.060869
	0.054469
	0.050009
	0.048316
	0.050035
	0.048175
	0.049399
	0.052645
	0.054075
	0.057975
	0.058933
	0.059443
	0.065325
	0.068245
	0.070263
	0.073221
	0.070145
	0.067915
	0.068103
	0.064714
	0.067454
	0.072413
	0.072474
	0.072124
	0.075721
	0.077431
	0.079050
	0.089895
	0.100385
	0.103169
	0.111129
	0.117705
	0.125565
	0.129963
	0.128673
	0.125964
	0.119255
	0.119350
	0.120793
	0.122266
	0.125794
	0.128094
	0.123571
	0.114645
	0.109463
	0.105771
	0.104383
	0.097014
	0.091599
	0.086151
	0.081111
	0.082550
	0.069726
	0.065795
	0.066275
	0.067963
	0.070819
	0.069513
	0.072439
	0.072243
	0.063186
	0.050013
	0.043115
	0.040085
	0.043913
	0.047529
	0.051584
	0.057065
	0.065025
	0.068969
	0.072771
	0.077226
	0.081026
	0.079921
	0.069406
	0.056201
	0.054596
	0.054333
	0.061563
	0.065016
	0.071654
	0.076451
	0.078350
	0.075715
	0.081469
	0.084125
	0.079365
	0.074275
	0.072421
	0.071759
	0.067019
	0.069976
	0.063864
	0.062350
	0.057655
	0.059633
	0.061169
	0.059151
	0.058395
	0.057335
	0.060656
	0.059823
	0.059545
	0.064925
	0.069744
	0.067353
	0.062583
	0.059723
	0.059626
	0.062425
	0.067833
	0.066575
	0.068054
	0.071615
	0.079745
	0.089143
	0.086991
	0.088219
	0.089433
	0.087183
	0.083379
	0.084969
	0.085475
	0.085985
	0.090111
	0.090719
	0.091825
	0.091134
	0.088185
