	0.175500
	0.266500
	0.344000
	0.425500
	0.502000
	0.533500
	0.538500
	0.554500
	0.564500
	0.585500
	0.604000
	0.627000
	0.649000
	0.667500
	0.685000
	0.678500
	0.675000
	0.672000
	0.673000
	0.674000
	0.682000
	0.689000
	0.703000
	0.713000
	0.713000
	0.717000
	0.719500
	0.706000
	0.687500
	0.682500
	0.668500
	0.661500
	0.661000
	0.655500
	0.663000
	0.672500
	0.692500
	0.701500
	0.697500
	0.699000
	0.701500
	0.714000
	0.714000
	0.717500
	0.732000
	0.735000
	0.731000
	0.730000
	0.725500
	0.718000
	0.721000
	0.708500
	0.694000
	0.689000
	0.691500
	0.689500
	0.687000
	0.683500
	0.686500
	0.697000
	0.690500
	0.684000
	0.681000
	0.684000
	0.686500
	0.699000
	0.702500
	0.708000
	0.709000
	0.697000
	0.698000
	0.694000
	0.695500
	0.687000
	0.701500
	0.704000
	0.708500
	0.707500
	0.715500
	0.722500
	0.719500
	0.714500
	0.715000
	0.717500
	0.724000
	0.729500
	0.732000
	0.726500
	0.730000
	0.724000
	0.716500
	0.716000
	0.709500
	0.701000
	0.694500
	0.687000
	0.677500
	0.675500
	0.681000
	0.681000
	0.684500
	0.698500
	0.708500
	0.713500
	0.724000
	0.729500
	0.734000
	0.742000
	0.737000
	0.733000
	0.727500
	0.726000
	0.720500
	0.713000
	0.700500
	0.700500
	0.701500
	0.710500
	0.714500
	0.712500
	0.719500
	0.718500
	0.712500
	0.715000
	0.717500
	0.727000
	0.735500
	0.733500
	0.724000
	0.718500
	0.716000
	0.715000
	0.716000
	0.733000
	0.729000
	0.720000
	0.710000
	0.696500
	0.684500
	0.684500
	0.685000
	0.687000
	0.689500
	0.691000
	0.692500
	0.688000
	0.691500
	0.694500
	0.710000
	0.710000
	0.721000
	0.712000
	0.704500
	0.696500
	0.700500
	0.696000
	0.695500
	0.699500
	0.694500
	0.703000
	0.708500
	0.696000
	0.696500
	0.673500
	0.668000
	0.658000
	0.654000
	0.659000
	0.662500
	0.666000
	0.657500
	0.660500
	0.656500
	0.657000
	0.662000
	0.665500
	0.673500
	0.677000
	0.682000
	0.673000
	0.665000
	0.662000
	0.658000
	0.652000
	0.646000
	0.644000
	0.654500
	0.646500
	0.663000
	0.678000
	0.688000
	0.693500
	0.698500
	0.696500
	0.702000
	0.693500
	0.686500
	0.683500
	0.672500
	0.671500
