	0.194500
	0.284000
	0.342000
	0.388000
	0.434000
	0.482000
	0.504500
	0.532000
	0.561500
	0.589500
	0.598500
	0.610000
	0.623500
	0.645000
	0.663500
	0.668000
	0.671000
	0.686000
	0.701500
	0.703500
	0.712000
	0.718500
	0.713000
	0.708000
	0.694000
	0.676500
	0.664500
	0.640500
	0.624000
	0.621000
	0.607500
	0.595500
	0.588500
	0.591500
	0.615000
	0.623000
	0.641500
	0.646000
	0.644500
	0.652500
	0.657000
	0.662500
	0.666000
	0.669000
	0.665500
	0.668000
	0.664500
	0.658000
	0.652500
	0.646500
	0.652000
	0.669000
	0.681500
	0.693000
	0.707000
	0.716000
	0.717000
	0.705000
	0.698000
	0.676500
	0.653500
	0.647000
	0.642000
	0.639000
	0.629000
	0.635500
	0.641500
	0.637000
	0.640000
	0.644500
	0.648000
	0.659500
	0.672500
	0.690500
	0.688500
	0.682500
	0.673000
	0.665000
	0.661500
	0.653000
	0.650000
	0.649500
	0.650000
	0.658500
	0.666000
	0.688000
	0.657500
	0.642500
	0.629000
	0.639000
	0.634000
	0.626500
	0.627500
	0.627000
	0.625000
	0.625000
	0.618500
	0.604000
	0.593500
	0.596000
	0.586000
	0.571000
	0.552500
	0.557000
	0.562500
	0.573500
	0.587500
	0.598000
	0.611500
	0.611500
	0.611000
	0.614000
	0.618000
	0.618500
	0.639000
	0.651500
	0.653000
	0.654000
	0.659000
	0.660500
	0.653500
	0.655000
	0.666500
	0.664000
	0.665500
	0.667500
	0.678500
	0.682500
	0.694000
	0.703500
	0.717500
	0.721000
	0.711500
	0.712500
	0.711000
	0.723000
	0.721000
	0.719500
	0.723500
	0.721000
	0.722000
	0.714000
	0.711500
	0.708000
	0.710500
	0.713500
	0.711000
	0.706500
	0.704500
	0.698000
	0.695500
	0.695000
	0.701000
	0.698500
	0.700000
	0.708500
	0.705000
	0.691000
	0.685500
	0.674000
	0.674000
	0.671000
	0.667500
	0.671000
	0.681000
	0.687500
	0.676500
	0.681500
	0.678500
	0.675500
	0.683500
	0.686500
	0.695000
	0.693000
	0.696500
	0.696500
	0.692000
	0.691000
	0.694000
	0.684000
	0.673500
	0.671000
	0.668500
	0.672500
	0.670000
	0.681500
	0.697500
	0.695500
	0.696000
	0.695000
	0.688500
	0.696000
	0.705000
	0.712500
	0.707000
	0.700000
	0.703000
	0.697000
	0.694500
	0.683500
