	0.146025
	0.185675
	0.201825
	0.202655
	0.197446
	0.188000
	0.178901
	0.174669
	0.172265
	0.163875
	0.156903
	0.143661
	0.133519
	0.123403
	0.120513
	0.115969
	0.108569
	0.097119
	0.083126
	0.065803
	0.057619
	0.042704
	0.039465
	0.043150
	0.044779
	0.044686
	0.047525
	0.045546
	0.052594
	0.062089
	0.070183
	0.075575
	0.076649
	0.074055
	0.072554
	0.074365
	0.079985
	0.078821
	0.072994
	0.065829
	0.057525
	0.055551
	0.052863
	0.059350
	0.060974
	0.063716
	0.068175
	0.070525
	0.076339
	0.079203
	0.077214
	0.080801
	0.085844
	0.089259
	0.093445
	0.092800
	0.093853
	0.093936
	0.092119
	0.086575
	0.079344
	0.074109
	0.071479
	0.064919
	0.062334
	0.063619
	0.067674
	0.074935
	0.080079
	0.077361
	0.074524
	0.072900
	0.071969
	0.067933
	0.067145
	0.060996
	0.060063
	0.064423
	0.066166
	0.065225
	0.065619
	0.063921
	0.072793
	0.079835
	0.087614
	0.089633
	0.095669
	0.086900
	0.080219
	0.076131
	0.070795
	0.066434
	0.057413
	0.055449
	0.049741
	0.049133
	0.054064
	0.061489
	0.067424
	0.067216
	0.067453
	0.068581
	0.071519
	0.070395
	0.069016
	0.067503
	0.062675
	0.059275
	0.057750
	0.059569
	0.065875
	0.066515
	0.068194
	0.072061
	0.076569
	0.079293
	0.085275
	0.088875
	0.088800
	0.090661
	0.091781
	0.094716
	0.096126
	0.097611
	0.096995
	0.097296
	0.098375
	0.094399
	0.086285
	0.080854
	0.076529
	0.081255
	0.087606
	0.083536
	0.075005
	0.075350
	0.074483
	0.072905
	0.075505
	0.077643
	0.076085
	0.074743
	0.078675
	0.078451
	0.083805
	0.085175
	0.091219
	0.092235
	0.096819
	0.099206
	0.100169
	0.099961
	0.097343
	0.091375
	0.086135
	0.080494
	0.078315
	0.077019
	0.069126
	0.065635
	0.065555
	0.065945
	0.068355
	0.071350
	0.078545
	0.079903
	0.084955
	0.089621
	0.087185
	0.086415
	0.085553
	0.084585
	0.086943
	0.085939
	0.081756
	0.079856
	0.079285
	0.081916
	0.079719
	0.082400
	0.085374
	0.087273
	0.093300
	0.095803
	0.101651
	0.108413
	0.110634
	0.112919
	0.115169
	0.110339
	0.106289
	0.098869
	0.096929
	0.089546
	0.091375
	0.095441
	0.088819
	0.083419
	0.079903
	0.077683
