	0.195000
	0.285000
	0.352500
	0.424500
	0.482500
	0.521000
	0.542500
	0.571500
	0.581500
	0.591000
	0.606500
	0.626000
	0.644500
	0.652000
	0.665000
	0.662500
	0.661500
	0.653000
	0.646000
	0.647000
	0.644500
	0.659500
	0.656500
	0.657000
	0.676500
	0.692000
	0.701500
	0.702000
	0.694000
	0.710000
	0.715000
	0.704500
	0.697500
	0.696000
	0.701500
	0.692000
	0.687000
	0.686500
	0.687000
	0.697500
	0.707500
	0.699500
	0.690000
	0.680500
	0.675000
	0.675500
	0.672500
	0.667000
	0.670000
	0.662000
	0.655000
	0.662000
	0.671500
	0.677000
	0.686000
	0.687500
	0.687500
	0.682500
	0.682500
	0.692500
	0.695500
	0.698000
	0.700000
	0.703500
	0.707000
	0.708000
	0.714500
	0.711000
	0.700000
	0.695000
	0.689000
	0.685000
	0.697000
	0.701000
	0.698000
	0.696500
	0.700500
	0.689000
	0.687000
	0.691000
	0.697000
	0.695500
	0.692500
	0.698000
	0.702500
	0.708000
	0.700500
	0.694500
	0.682000
	0.690500
	0.690500
	0.674500
	0.665000
	0.659000
	0.644000
	0.647000
	0.659000
	0.663000
	0.658500
	0.665000
	0.682000
	0.704500
	0.685000
	0.681500
	0.671500
	0.668000
	0.655500
	0.645500
	0.638500
	0.642500
	0.645500
	0.658500
	0.686500
	0.701500
	0.706500
	0.709500
	0.695500
	0.694000
	0.692500
	0.688500
	0.683500
	0.684500
	0.675000
	0.672000
	0.665000
	0.657000
	0.658000
	0.647500
	0.639500
	0.641000
	0.635500
	0.637500
	0.630000
	0.633000
	0.637000
	0.628000
	0.638000
	0.632500
	0.635500
	0.632500
	0.632000
	0.644500
	0.660500
	0.678000
	0.688000
	0.689500
	0.699000
	0.710000
	0.713500
	0.712000
	0.701500
	0.686500
	0.673500
	0.683500
	0.687000
	0.685500
	0.676500
	0.677000
	0.676000
	0.666500
	0.655500
	0.643500
	0.631000
	0.602000
	0.588000
	0.581000
	0.576500
	0.572500
	0.566500
	0.563500
	0.571000
	0.587000
	0.594000
	0.628500
	0.645000
	0.664000
	0.673500
	0.673500
	0.667000
	0.676500
	0.678000
	0.685000
	0.689000
	0.687000
	0.681500
	0.688000
	0.685500
	0.675500
	0.666500
	0.665000
	0.659500
	0.665000
	0.677000
	0.668000
	0.659000
	0.656500
	0.650500
	0.661000
	0.671000
	0.688500
