	18	69	33	91	41	12	68	73	94	3
	8	58	23	81	31	11	67	63	84	4
	7	48	12	70	21	1	56	52	73	5
	6	37	2	60	10	0	46	42	63	14
	5	27	1	50	20	10	35	31	52	13
	4	16	11	40	30	21	25	22	42	23
	3	6	12	41	31	10	14	32	43	24
	13	5	23	42	22	0	15	33	44	34
	14	4	24	43	11	1	26	32	45	35
	25	3	34	53	2	10	36	31	54	46
	26	12	44	64	11	20	47	21	55	56
	36	23	45	65	10	30	57	22	66	67
	47	24	54	74	20	40	68	32	75	76
	57	25	55	85	30	50	77	42	86	87
	68	26	65	95	40	51	78	52	96	88
	69	36	66	94	50	61	79	53	97	89
	59	47	75	93	60	62	78	54	88	98
	49	57	74	83	70	71	77	45	87	99
	38	68	85	72	80	82	67	55	76	89
	28	58	86	73	90	92	56	65	66	79
	29	49	76	84	91	93	46	64	75	69
	18	38	87	74	82	94	45	73	85	59
	8	28	96	65	72	95	44	63	86	49
	7	17	97	54	62	85	33	52	76	38
	16	27	98	44	51	84	43	42	77	28
	6	37	99	34	41	83	32	31	78	29
	5	48	89	35	30	72	23	21	69	19
	15	47	79	25	20	63	13	11	58	9
	14	46	69	24	10	52	4	1	48	18
	5	35	58	13	0	43	3	2	37	8
	6	34	48	12	1	33	4	11	27	7
	16	44	37	22	10	23	5	21	17	8
	26	53	27	31	20	32	6	30	28	9
	36	54	37	42	10	43	7	40	38	19
	47	45	48	51	0	53	8	50	39	29
	57	55	49	61	1	64	9	60	38	18
	67	56	59	70	2	74	19	50	28	17
	68	66	69	81	3	75	29	41	27	16
	77	65	78	71	4	86	28	30	26	15
	88	54	89	82	5	87	17	21	35	25
	97	44	98	92	6	96	16	11	46	34
	87	33	99	91	15	95	26	2	55	24
	76	23	89	90	25	94	35	3	56	14
	67	13	79	80	34	93	45	4	57	5
	66	14	69	70	44	92	46	3	58	6
	65	5	59	61	43	82	36	12	48	7
	54	6	49	62	52	71	37	22	47	8
	44	7	48	72	63	81	38	31	56	9
	33	8	57	73	53	91	39	32	66	18
	43	17	68	83	64	90	29	42	75	19
	52	27	77	84	73	80	28	51	85	9
	62	16	78	74	72	70	37	61	86	18
	71	15	88	65	82	60	36	50	96	28
	81	26	97	54	91	61	35	40	87	27
	90	25	98	55	92	71	45	41	76	17
	80	24	99	46	93	82	34	30	67	7
	70	33	89	47	94	92	44	20	56	6
	60	32	79	48	85	93	43	10	57	5
	50	22	69	58	74	94	42	0	68	4
	40	31	59	49	75	85	41	1	77	3
	30	21	69	38	86	95	51	11	78	12
	20	10	79	39	96	94	52	2	88	23
	21	0	89	29	87	84	63	3	97	13
	22	1	88	18	76	83	53	4	98	14
	23	2	77	9	66	73	64	5	99	15
	13	3	76	8	65	72	54	6	89	16
	4	12	66	7	55	62	45	15	78	27
	5	11	67	6	46	61	35	26	68	37
	14	10	56	16	36	71	25	27	57	38
	24	20	46	17	37	81	34	28	47	39
	33	30	36	18	48	91	44	38	57	29
	32	41	37	19	58	90	43	49	68	39
	42	51	38	9	59	80	52	48	69	29
	31	62	28	8	49	70	63	47	79	19
	21	61	27	7	39	60	72	56	89	9
	22	50	26	6	29	70	71	66	88	8
	23	40	25	15	19	81	82	75	87	7
	13	30	24	14	9	91	92	74	86	6
	3	31	34	4	8	90	93	85	75	15
	2	21	45	5	7	80	94	95	65	25
	1	22	54	6	16	70	84	96	64	24
	0	23	53	15	17	60	83	97	63	33
	10	13	44	26	18	50	73	98	62	34
	11	3	43	35	28	40	64	99	61	45
	12	2	32	46	37	30	53	89	50	55
	22	1	42	36	47	21	54	78	60	56
	32	0	41	27	57	20	65	77	70	67
	43	10	51	16	68	30	55	76	71	66
	53	20	52	7	77	41	45	87	72	75
	54	30	62	8	88	42	44	86	73	74
	64	41	72	9	97	43	33	75	84	85
	74	42	73	19	96	32	24	65	93	94
	84	31	83	29	86	23	14	55	92	95
	93	22	82	38	76	24	4	46	91	85
	92	23	81	48	67	14	5	35	90	74
	82	24	80	49	56	25	6	26	91	64
	71	13	70	58	46	15	7	27	81	63
	61	3	60	57	35	16	8	17	90	52
	50	2	70	56	25	7	9	18	91	42
	40	11	80	66	14	8	19	29	92	31
	30	12	90	65	4	9	18	38	83	21
	20	22	91	54	3	8	28	39	72	10
	21	32	92	53	2	17	38	49	63	0
	11	33	83	43	1	28	48	58	52	10
	12	34	72	44	2	38	37	59	51	20
	13	35	63	45	3	29	36	69	50	30
	23	46	52	55	4	19	47	78	60	41
	22	56	42	66	5	9	57	79	61	51
	32	67	43	76	6	18	68	89	62	50
	33	77	53	87	7	8	69	88	71	40
	24	78	44	86	16	17	79	97	82	30
	34	89	33	75	26	27	69	96	81	31
	45	98	23	74	36	28	58	86	70	22
	54	97	12	64	47	37	49	75	80	21
	65	96	11	73	57	48	39	74	90	10
	55	86	1	84	67	49	29	85	91	0
	46	95	2	93	56	59	19	94	92	10
	35	96	3	83	66	69	9	84	82	20
	25	87	4	72	76	68	18	73	71	30
	15	77	5	63	75	67	8	64	61	41
	14	88	6	52	65	57	7	53	50	51
	13	78	16	42	64	58	17	43	60	62
	24	79	26	32	63	48	27	44	70	71
	33	89	36	31	62	38	28	34	81	82
	32	99	37	22	61	39	29	45	80	91
	23	98	38	12	50	49	19	54	90	92
	13	97	48	11	40	59	9	65	91	93
	3	96	47	21	30	69	18	66	92	94
	2	86	46	10	20	78	8	76	93	85
	11	75	45	0	30	88	7	87	94	74
	21	65	44	1	41	77	6	97	85	84
	10	55	43	2	51	68	5	98	95	83
	0	46	32	3	52	67	14	89	96	72
	1	36	22	4	53	56	13	79	87	73
	2	26	12	5	54	47	24	69	77	63
	3	16	23	15	45	46	25	68	67	64
	4	17	24	6	55	35	34	57	56	53
	5	27	33	7	65	36	44	58	66	52
	15	28	43	17	64	37	53	48	76	51
	25	29	42	18	73	38	63	49	86	41
	35	39	31	19	72	37	62	59	75	50
	26	49	30	9	83	47	71	69	74	60
	16	59	40	8	82	46	70	78	64	61
	6	69	50	7	71	45	81	88	63	51
	5	78	41	17	62	44	80	97	72	52
	14	88	42	27	61	33	90	98	73	43
	13	89	32	36	60	23	91	99	84	53
	12	79	22	47	70	24	92	98	93	54
	11	69	21	48	80	34	83	97	94	55
	10	68	20	38	90	25	82	96	85	56
	0	77	30	39	91	15	71	86	95	67
	1	87	31	49	92	26	61	76	94	57
	2	88	41	58	93	27	51	66	84	48
	3	78	40	59	83	36	50	65	74	37
	4	89	30	69	82	35	60	75	64	28
	5	99	21	78	71	46	70	85	63	18
	15	98	22	88	81	45	80	86	72	29
	25	97	23	77	90	44	70	96	83	19
	24	87	33	68	91	43	61	95	82	9
	34	77	32	67	92	52	62	94	71	8
	35	76	42	56	93	63	51	84	72	7
	36	66	31	46	83	73	41	74	82	16
	37	55	30	45	92	64	40	65	81	6
	28	54	20	44	91	53	50	75	80	5
	18	65	10	43	81	52	60	85	70	4
	8	75	11	42	90	51	61	86	71	3
	7	76	12	32	91	62	50	96	72	2
	6	87	13	31	82	63	41	97	73	1
	16	88	14	21	71	64	30	98	84	0
	17	89	15	11	61	74	20	99	85	10
	27	79	26	22	51	75	21	98	86	1
	36	69	25	23	42	76	31	97	96	2
	47	58	24	13	43	87	32	88	95	3
	48	49	33	4	44	77	23	78	94	12
	38	39	34	5	45	68	22	79	93	11
	29	49	35	6	46	57	21	69	83	10
	19	59	36	7	47	48	30	58	82	0
	9	69	37	8	56	38	40	68	92	1
	18	78	28	17	67	29	50	77	91	2
	19	89	27	16	66	39	60	76	90	3
	9	99	26	15	55	49	70	86	80	4
	8	98	25	14	54	58	81	95	90	5
	7	97	24	13	53	68	71	94	91	6
	17	96	23	12	52	67	62	93	82	16
	28	95	32	22	63	56	72	83	71	27
	38	94	42	31	73	55	62	84	61	36
	39	85	52	41	64	54	51	74	50	46
	49	75	43	30	65	44	42	84	40	55
	58	76	33	20	66	34	32	93	50	45
	68	87	24	10	67	35	23	92	60	46
	57	88	25	11	77	26	13	82	70	47
	48	78	15	21	76	16	3	91	80	37
	38	79	5	22	86	6	2	81	90	28
	29	69	4	23	96	7	11	71	91	18
	19	59	3	33	97	8	10	72	92	9
	18	49	2	34	98	17	20	63	83	8
	28	48	11	35	89	27	21	53	72	7
	37	47	1	36	79	26	30	43	63	16
	38	56	0	46	69	25	40	33	53	15
	39	55	10	45	59	14	50	34	43	5
