	32	8	14	97	88	47	70	30	41	8
	22	9	4	87	77	36	61	21	31	7
	11	18	3	76	67	26	51	10	42	6
	1	17	2	66	56	15	52	0	43	5
	11	16	12	55	46	14	53	10	33	4
	22	6	13	45	35	24	44	20	23	3
	32	5	14	34	25	33	54	30	12	2
	31	15	4	44	26	43	64	40	11	1
	30	16	3	54	27	42	63	50	21	0
	40	7	2	64	28	41	62	51	20	10
	50	8	1	63	29	31	71	61	30	11
	60	9	0	62	38	22	72	70	21	12
	50	19	10	52	39	23	73	80	11	13
	51	29	20	53	49	24	74	81	12	14
	52	28	30	44	48	25	65	82	13	15
	53	38	40	45	57	26	75	72	23	16
	54	39	50	55	58	27	85	73	24	7
	65	49	60	56	59	28	84	74	25	8
	75	48	70	57	69	29	83	64	26	9
	85	37	71	68	79	38	92	63	27	19
	84	47	62	69	78	39	91	52	36	29
	83	46	61	58	88	49	90	43	35	18
	92	45	51	59	77	48	80	32	34	17
	91	44	42	69	67	47	70	23	33	16
	90	43	32	68	66	36	61	22	24	6
	80	53	31	67	65	46	71	21	14	5
	70	54	41	66	74	35	62	11	4	15
	61	55	30	65	73	34	63	2	3	25
	71	56	20	75	64	45	52	1	12	26
	62	57	10	76	53	55	42	0	13	27
	63	48	21	77	43	66	31	1	23	28
	64	37	22	87	32	67	41	11	33	38
	53	47	12	86	42	76	40	2	34	29
	43	36	13	95	51	75	50	3	25	19
	32	46	23	94	61	85	60	4	15	9
	33	45	24	93	70	84	50	5	26	8
	34	44	25	83	81	73	41	15	27	7
	35	54	14	72	82	74	30	16	28	17
	26	65	13	71	92	64	20	6	18	8
	16	55	12	62	91	63	10	5	29	9
	7	56	11	52	90	53	1	14	39	19
	8	57	21	42	80	43	0	13	49	29
	9	58	31	41	70	32	10	12	59	39
	18	69	22	40	71	23	21	11	49	38
	19	78	12	50	62	24	30	2	48	37
	29	79	3	51	63	33	40	1	47	36
	39	89	4	61	64	34	50	0	46	35
	49	88	5	60	54	45	41	10	55	26
	58	97	15	70	44	35	42	20	66	25
	59	98	16	80	53	36	52	30	67	14
	69	99	7	90	43	27	62	40	68	13
	78	89	17	91	32	16	72	50	77	23
	79	88	28	92	31	6	73	51	87	22
	69	97	18	93	21	5	84	61	76	11
	58	96	8	94	20	14	85	60	75	1
	57	86	9	95	10	13	74	70	65	0
	56	75	19	85	11	23	64	80	55	1
	47	76	29	74	2	32	63	81	46	10
	37	66	39	65	12	42	52	82	36	21
	27	56	49	64	3	43	51	71	26	30
	16	57	58	63	4	33	61	62	15	40
	6	48	59	52	5	24	50	72	14	41
	7	38	69	43	15	34	60	83	25	31
	8	37	79	32	26	45	70	92	35	22
	9	47	89	33	36	54	80	91	46	12
	18	56	98	24	27	44	90	81	55	2
	17	67	99	34	28	53	91	82	54	3
	16	68	89	45	29	64	92	71	65	4
	6	77	78	46	19	73	93	62	75	5
	15	87	88	35	9	83	84	52	86	14
	25	97	98	26	8	72	94	53	96	13
	24	87	99	36	7	71	95	43	86	23
	33	76	89	37	16	62	85	44	75	22
	32	66	79	48	6	52	74	54	65	11
	42	56	69	49	5	43	64	55	75	1
	51	57	58	59	4	53	63	45	86	0
	61	48	68	49	13	54	73	34	96	10
	50	38	67	39	23	55	83	35	97	20
	40	29	77	49	22	56	82	36	88	21
	30	19	78	58	31	57	81	37	98	11
	41	9	89	68	32	47	70	48	99	12
	42	8	79	67	33	46	61	38	98	2
	52	7	69	77	34	45	50	29	97	3
	63	17	58	78	25	44	40	19	87	4
	64	18	48	88	14	43	30	9	76	5
	74	28	38	97	15	52	20	8	66	6
	75	27	39	96	26	62	10	7	65	16
	85	36	49	95	35	72	0	17	54	15
	84	37	59	94	46	82	1	18	45	25
	93	47	69	85	55	81	2	29	44	24
	83	56	68	86	66	70	3	39	43	13
	72	67	77	87	76	80	12	49	53	23
	71	57	78	88	75	90	22	59	52	32
	70	58	89	98	74	91	21	69	62	42
	80	48	99	97	73	92	31	78	71	52
	81	38	89	96	72	83	41	88	70	43
	82	28	79	95	71	93	42	97	60	44
	91	27	69	94	61	84	43	96	50	53
	90	26	68	85	51	74	33	95	40	54
	80	25	67	86	41	64	34	96	30	55
	70	14	66	76	31	53	35	87	20	56
	60	4	65	77	21	44	36	88	10	46
	50	5	64	78	11	33	37	98	0	45
	40	6	63	89	1	23	47	99	10	44
	30	7	62	79	2	12	57	98	20	53
	41	8	51	69	3	13	58	97	21	63
	42	9	52	59	4	14	49	96	22	64
	32	19	43	58	5	15	39	95	12	65
	33	18	44	48	6	16	29	94	2	75
	34	17	45	38	7	26	28	93	3	74
	24	27	35	37	8	25	18	92	4	73
	23	26	36	47	9	14	19	82	5	72
	22	15	46	56	18	13	29	71	6	62
	31	16	55	67	17	23	39	61	7	51
	21	27	54	68	28	22	49	50	8	52
	11	37	53	77	38	12	59	40	9	42
	1	47	64	76	49	2	69	30	19	31
	0	56	73	75	59	3	68	20	29	21
	10	55	72	74	69	4	67	30	39	11
	1	54	71	73	68	5	66	41	49	22
	2	53	81	72	67	15	55	51	59	32
	3	64	70	71	56	6	45	62	69	43
	4	65	60	82	46	7	34	63	68	53
	5	66	50	83	55	8	24	52	67	44
	15	75	40	84	45	9	23	42	76	33
	6	74	30	85	44	18	13	31	77	32
	7	73	20	86	43	17	3	21	78	22
	16	63	10	87	42	27	4	11	79	12
	26	52	1	88	31	28	5	2	89	3
	36	43	0	97	21	29	6	12	98	4
	37	32	10	96	11	38	7	13	99	5
	47	22	20	95	12	39	8	4	89	6
	46	23	30	94	3	49	9	5	78	7
	35	13	41	93	4	48	18	6	69	8
	25	14	51	92	5	47	17	7	58	9
	34	24	61	91	15	46	16	6	48	19
	45	33	70	90	26	35	27	5	37	29
	54	44	80	81	36	25	28	4	38	39
	64	53	70	71	37	14	29	3	49	38
	65	63	60	72	47	13	18	2	59	48
	55	62	50	82	57	12	8	1	69	58
	56	52	40	83	68	2	7	0	79	49
	57	42	30	84	67	1	17	10	89	39
	47	31	21	74	66	11	16	20	88	29
	46	32	22	65	75	12	6	30	77	18
	35	43	23	54	76	3	5	41	67	8
	25	33	24	45	86	4	14	51	68	7
	15	34	13	46	85	5	24	61	78	17
	26	45	12	35	95	6	23	71	69	16
	27	44	2	36	96	7	32	82	59	17
	28	53	1	37	87	8	42	83	49	18
	38	64	0	48	97	9	41	73	39	19
	29	63	10	58	98	18	51	72	49	9
	28	62	20	57	99	17	61	71	59	8
	27	52	30	56	89	16	70	81	69	7
	26	43	41	55	78	15	80	91	79	6
	25	33	51	66	88	14	90	92	89	5
	34	24	61	75	77	13	91	93	98	4
	45	23	70	85	67	3	92	94	97	5
	55	22	71	86	56	2	93	95	96	6
	66	11	72	76	57	1	94	85	87	7
	65	10	62	75	47	0	84	74	88	8
	54	20	52	86	46	1	83	64	78	9
	44	21	53	96	35	2	82	73	68	19
	43	31	63	97	36	12	72	83	58	29
	32	30	73	88	37	13	71	92	48	38
	22	40	84	78	28	14	81	91	49	39
	11	50	93	68	18	15	80	90	59	29
	21	60	92	58	17	16	70	81	69	19
	31	61	91	57	27	26	71	82	79	9
	42	51	90	67	36	25	62	72	89	8
	41	52	80	77	47	34	63	83	99	17
	30	53	70	76	56	44	64	73	98	16
	20	54	61	66	67	33	65	74	97	27
	10	45	51	55	68	24	75	85	87	26
	1	46	42	56	78	23	86	95	77	15
	2	35	32	57	88	12	87	94	76	14
	3	26	33	48	89	13	96	84	66	25
	4	36	24	37	79	14	97	93	55	34
	5	47	23	38	69	15	98	92	45	44
	6	56	22	39	59	16	89	91	54	43
	7	66	11	49	58	17	79	90	53	52
	8	75	21	48	68	28	69	80	63	62
	9	74	31	47	67	37	78	70	72	71
	19	85	41	56	66	27	77	60	82	81
	29	86	40	55	65	26	67	50	83	91
	38	87	30	54	64	35	66	61	73	92
	28	88	20	44	74	34	65	51	84	83
	37	78	10	43	75	45	55	42	85	93
	36	68	0	32	86	46	56	52	95	94
	47	58	1	33	76	35	57	53	96	84
	48	59	2	24	87	25	67	63	97	73
	49	69	12	13	88	14	76	62	98	72
	59	79	3	4	89	5	75	71	99	82
	58	78	2	13	88	15	85	70	98	81
	69	77	11	23	87	6	95	80	97	90
	79	67	22	32	86	16	94	70	96	91
	89	66	21	31	75	17	84	60	95	92
	88	65	30	41	74	18	93	50	85	83
	87	54	40	51	64	8	94	61	84	73
