	1	43	66	91	81	15	89	37	54	1
	2	32	55	82	71	6	78	27	44	0
	3	22	45	72	61	7	68	16	33	10
	4	11	34	62	50	8	57	17	23	20
	5	1	24	51	40	9	47	18	12	21
	6	0	13	41	30	19	36	28	2	11
	7	10	3	31	20	29	26	38	1	22
	8	21	2	32	30	39	15	48	11	23
	9	31	12	42	40	49	5	47	22	13
	18	41	3	52	50	48	4	46	32	14
	17	51	2	53	60	47	5	35	43	25
	16	52	1	63	70	46	6	45	44	34
	27	62	0	64	80	56	7	54	33	24
	28	71	10	65	90	67	8	55	23	13
	29	70	20	74	91	76	9	56	12	3
	38	80	30	73	92	77	19	67	2	4
	37	90	40	83	93	87	29	66	1	5
	48	91	50	84	94	86	28	75	0	6
	49	92	60	85	95	96	27	74	10	16
	58	83	70	86	94	97	37	64	20	26
	59	73	80	96	93	88	36	53	30	15
	69	64	81	97	92	89	26	43	40	14
	78	54	71	88	82	79	15	33	50	25
	68	44	61	89	72	69	5	24	60	35
	57	33	62	98	63	58	4	23	70	45
	47	32	51	99	53	48	13	12	80	54
	36	22	42	89	43	38	3	2	90	44
	26	11	31	79	32	39	4	1	91	34
	15	10	21	69	22	29	14	0	92	33
	6	20	30	68	23	19	25	1	83	32
	7	10	41	57	24	9	35	2	72	42
	17	11	40	47	14	8	34	12	62	52
	18	22	50	36	15	9	45	23	71	63
	28	31	60	26	6	19	46	24	81	73
	27	41	70	15	7	29	55	34	82	84
	16	40	80	5	8	28	56	25	91	74
	26	50	90	4	9	27	67	14	92	65
	35	60	91	13	18	37	66	24	93	55
	34	70	92	3	17	47	75	33	84	54
	45	80	83	2	16	46	76	43	74	64
	55	90	84	1	27	56	77	52	75	53
	65	91	73	0	28	66	87	51	76	44
	64	92	74	10	29	67	86	50	75	45
	63	82	85	21	38	77	95	40	66	46
	72	71	94	31	37	78	96	30	67	47
	62	61	93	32	48	88	97	20	68	57
	51	50	92	42	49	98	87	10	58	56
	41	40	82	43	59	89	76	11	69	55
	30	50	72	44	49	79	66	12	78	54
	20	60	62	33	39	89	56	22	77	53
	10	70	51	23	29	99	57	32	76	52
	11	81	41	24	19	98	48	31	87	63
	12	80	40	25	9	88	38	21	86	73
	22	90	30	15	8	87	39	20	75	83
	23	91	31	6	7	76	49	10	65	84
	24	92	42	5	17	75	58	1	54	74
	25	93	43	4	18	65	59	2	53	64
	14	94	44	13	28	66	69	3	52	63
	15	85	34	12	27	67	79	2	62	72
	26	75	24	11	36	77	89	1	71	82
	35	76	13	21	46	68	98	0	70	81
	34	67	3	31	45	57	99	10	80	90
	44	56	2	42	55	47	89	21	70	91
	53	66	1	43	54	37	78	31	60	92
	52	65	0	33	64	38	68	42	61	93
	62	74	10	32	63	48	67	51	50	94
	61	73	11	22	72	58	77	41	40	85
	71	83	12	23	82	59	87	30	50	95
	70	84	13	24	81	69	76	20	60	96
	80	93	4	25	90	78	66	10	61	97
	81	92	5	14	91	79	55	11	51	98
	82	83	6	15	90	89	45	22	42	99
	72	73	16	26	80	88	34	32	31	98
	63	64	7	27	70	87	24	33	21	97
	53	54	8	37	61	86	23	44	30	96
	43	65	9	38	51	75	13	45	40	95
	52	74	19	29	42	85	4	35	41	94
	62	84	18	39	32	86	5	25	50	93
	71	83	17	49	23	76	6	14	60	92
	81	82	28	48	12	67	7	4	70	91
	90	72	27	47	2	57	8	3	80	92
	81	73	36	46	1	56	9	13	70	93
	71	63	35	55	0	66	18	24	61	94
	72	64	25	45	10	65	17	34	51	95
	73	54	15	44	20	75	16	33	41	86
	63	53	26	43	21	74	6	32	31	87
	52	64	27	42	11	85	5	22	30	77
	51	74	37	31	12	84	14	23	40	68
	41	65	38	22	3	83	4	13	50	58
	31	66	29	11	2	82	5	24	60	59
	22	76	19	1	12	91	15	25	70	69
	21	77	9	0	23	90	26	35	80	78
	10	88	8	1	24	81	27	36	70	79
	20	89	7	2	25	71	37	47	61	69
	30	98	6	3	26	62	38	48	51	68
	40	97	5	13	27	72	29	58	42	67
	50	96	14	24	37	73	19	59	31	57
	60	95	25	34	38	63	9	69	22	48
	70	94	35	45	29	53	8	68	11	49
	80	93	36	46	39	54	7	77	12	58
	90	83	47	56	49	55	17	67	23	59
	91	82	48	57	38	66	28	76	13	69
	81	92	37	58	29	65	18	87	3	78
	71	93	28	49	19	75	9	88	2	89
	61	84	17	39	18	86	8	97	1	98
	62	73	16	29	28	87	7	96	0	99
	63	72	15	38	27	77	6	95	10	89
	52	83	26	48	16	68	5	85	20	79
	42	82	25	47	17	57	4	74	21	69
	32	91	14	36	8	56	3	84	30	68
	23	90	4	26	9	46	12	83	40	57
	22	80	3	15	19	45	11	82	41	48
	21	70	12	16	18	44	1	91	50	37
	10	60	11	6	28	33	0	81	61	27
	20	50	1	5	38	23	10	70	51	36
	30	40	2	4	49	12	21	60	52	35
	31	41	3	13	59	22	11	50	42	34
	32	51	4	24	58	23	1	61	43	33
	42	62	14	25	69	12	0	71	53	44
	51	63	15	26	78	2	10	72	64	54
	62	73	16	27	77	1	20	83	65	55
	71	74	7	17	67	0	21	92	66	56
	72	65	8	18	76	10	30	93	75	47
	73	54	9	29	86	20	40	94	85	57
	64	45	19	39	87	21	50	95	84	68
	53	46	29	49	88	30	61	96	83	58
	54	47	39	48	97	40	62	87	82	59
	55	37	38	57	98	50	63	77	91	69
	65	28	29	67	89	61	52	68	90	79
	66	27	18	56	99	62	42	69	80	78
	75	36	17	46	98	63	32	58	81	88
	74	35	16	45	97	53	43	49	70	87
	84	34	6	44	96	54	33	38	60	76
	83	24	5	53	86	64	23	37	50	66
	82	13	4	52	75	74	22	28	40	55
	81	3	14	51	76	84	31	27	30	56
	70	12	25	41	77	83	21	36	20	46
	60	11	15	31	68	82	10	35	30	45
	50	2	26	42	58	81	1	34	40	44
	61	3	27	32	49	70	0	24	41	33
	71	4	37	43	48	80	10	13	42	23
	72	14	47	53	38	90	21	12	52	22
	73	15	57	63	39	91	20	11	62	31
	64	25	67	53	29	92	30	1	51	41
	65	26	56	54	19	93	40	2	50	42
	66	16	55	45	9	94	41	3	60	32
	75	7	46	35	8	85	42	4	70	33
	86	17	36	25	18	95	32	14	80	34
	87	28	26	15	29	96	33	5	90	44
	88	27	16	6	38	97	24	4	91	43
	78	37	7	5	49	98	13	3	92	52
	69	48	8	4	59	89	23	12	93	62
	79	58	9	13	49	78	22	11	94	61
	89	68	19	24	39	77	21	10	85	60
	99	57	18	23	29	76	20	0	86	70
	98	47	17	12	28	67	30	1	75	80
	88	56	27	22	38	57	31	2	74	90
	77	55	36	32	37	48	41	3	84	91
	68	65	47	43	28	49	51	4	83	82
	58	74	57	52	18	59	61	14	72	81
	69	84	67	62	8	49	60	25	71	70
	78	83	76	63	7	39	50	35	82	80
	79	73	66	64	6	29	40	45	92	90
	89	74	65	53	5	19	30	54	93	91
	99	85	75	44	4	9	21	55	94	92
	98	95	86	34	13	8	11	46	84	93
	97	96	87	33	3	7	1	56	83	94
	88	86	77	24	2	6	0	47	72	95
	78	76	68	13	1	5	10	48	62	85
	69	77	57	23	11	4	20	49	51	74
	58	88	56	12	22	3	30	59	50	64
	57	78	46	2	31	13	41	49	40	53
	67	68	36	1	42	14	51	39	50	44
	66	69	26	0	32	15	52	29	61	33
	65	79	16	10	43	25	63	19	70	34
	64	89	17	20	52	35	73	9	81	45
	53	99	27	30	63	46	74	8	71	55
	54	98	37	31	72	47	75	7	82	66
	45	97	38	32	83	48	86	6	91	76
	35	87	28	42	92	58	96	5	90	77
	26	88	18	41	91	59	95	4	80	78
	15	89	29	51	90	49	94	3	70	68
	14	79	39	50	80	38	93	2	60	58
	25	69	29	40	70	37	92	1	61	48
	34	58	19	30	81	36	82	0	62	57
	24	59	9	21	71	26	72	10	52	56
	13	49	8	11	62	15	73	20	43	67
	3	38	7	12	52	6	84	30	44	66
	4	28	16	23	43	5	85	31	34	65
	14	17	27	22	44	15	74	32	24	54
	25	18	37	21	33	16	65	43	23	45
	35	29	47	10	34	17	54	53	13	46
	36	39	48	1	45	27	64	63	3	55
	47	49	57	2	54	28	73	72	12	56
	37	48	68	11	64	18	83	82	22	67
	38	58	77	21	73	29	93	91	31	76
	39	68	87	20	84	19	94	90	42	75
	49	77	86	30	85	9	95	80	41	74
	58	76	75	40	84	8	96	70	51	65
	68	66	86	50	83	7	97	60	61	55
