	32	98	3	81	66	56	66	42	81	23
	22	88	2	70	55	47	65	41	71	12
	11	77	1	60	45	36	54	30	61	13
	10	67	0	50	34	26	44	20	51	14
	21	56	1	40	24	15	33	30	41	5
	31	46	2	50	13	6	23	20	42	4
	32	35	3	61	12	7	22	10	43	14
	33	25	2	62	11	8	21	1	52	5
	34	14	3	63	10	9	20	0	53	6
	25	4	13	64	21	18	30	1	54	7
	14	5	24	73	31	17	40	2	65	8
	15	6	23	72	41	16	50	3	74	9
	26	7	22	83	51	27	61	4	73	19
	36	17	21	84	52	28	62	14	63	29
	37	18	30	85	42	38	71	25	53	39
	48	19	40	86	43	49	82	35	44	29
	57	9	50	76	33	58	91	46	45	28
	68	8	61	67	34	59	92	56	55	27
	69	7	62	66	25	49	93	47	54	16
	78	6	52	75	35	38	84	36	64	15
	79	5	53	65	26	28	85	27	74	25
	89	4	63	55	16	18	94	17	73	24
	88	3	72	46	7	29	95	8	83	23
	77	12	71	47	6	39	96	9	82	22
	87	11	70	36	5	49	97	19	81	32
	86	10	80	26	4	48	98	29	90	31
	76	0	70	15	13	37	99	39	91	21
	67	1	60	5	12	47	89	49	92	11
	57	2	50	6	3	46	78	48	93	22
	58	12	41	16	4	45	68	37	94	23
	59	13	31	7	14	54	69	47	95	33
	49	24	32	8	15	64	79	46	96	44
	38	33	23	9	25	65	89	45	87	54
	37	43	22	18	34	66	88	55	77	53
	47	42	21	17	44	56	97	46	76	52
	36	51	20	27	53	67	98	35	66	62
	26	61	30	28	43	57	99	34	75	63
	25	71	40	29	42	48	89	24	74	73
	14	72	50	19	41	58	78	13	84	83
	4	82	51	9	31	68	69	3	85	92
	5	81	52	8	32	77	59	2	86	91
	15	80	62	7	23	87	49	1	95	90
	6	70	63	16	12	86	39	10	94	81
	5	60	64	17	11	75	29	20	93	71
	14	50	54	18	10	74	28	30	92	62
	24	40	45	19	0	73	38	41	82	52
	23	30	35	9	1	63	37	31	81	43
	32	21	26	8	2	52	47	22	70	44
	33	11	16	7	3	42	46	12	80	34
	24	2	27	6	13	31	45	23	90	35
	25	3	37	5	4	21	54	32	91	36
	35	12	48	15	14	10	64	42	92	47
	45	22	57	25	24	0	65	51	83	56
	54	31	67	35	34	1	55	61	73	66
	53	42	77	46	45	2	65	70	64	76
	63	51	87	47	55	3	75	80	74	86
	72	61	88	36	56	4	85	90	84	96
	71	70	97	27	47	5	95	91	94	87
	62	60	98	37	36	6	96	92	93	77
	52	50	89	38	26	7	97	82	83	78
	43	40	79	48	16	8	88	72	73	68
	32	41	69	57	17	9	78	63	64	58
	33	30	59	67	28	18	68	62	54	49
	44	20	58	66	38	29	77	71	45	39
	34	10	68	65	37	19	76	81	46	49
	24	0	67	54	47	9	66	70	36	48
	14	1	56	44	57	8	65	60	35	58
	5	11	55	43	68	7	54	50	25	69
	6	21	45	32	78	16	53	40	14	79
	15	22	34	31	89	27	52	30	13	69
	25	23	24	42	99	36	51	41	12	59
	35	33	13	43	98	46	61	50	2	49
	26	44	12	53	97	47	62	60	3	38
	16	54	11	64	87	37	72	70	4	28
	17	65	10	74	86	48	83	80	5	18
	8	75	20	85	95	57	84	90	6	29
	9	86	30	94	96	67	93	91	7	39
	19	76	40	95	97	77	92	82	17	49
	29	66	50	96	88	68	83	71	27	48
	39	56	51	97	77	58	73	81	26	57
	49	55	42	88	76	69	63	70	36	47
	48	45	52	77	66	78	62	61	46	37
	38	34	43	87	67	79	72	60	35	28
	29	24	32	86	56	89	82	50	25	18
	19	14	22	75	46	99	91	41	15	8
	9	13	21	74	36	98	90	31	16	7
	8	23	11	73	26	97	80	30	6	17
	18	32	1	63	27	87	81	20	5	28
	29	22	0	52	37	86	71	10	4	38
	39	11	1	42	47	75	70	21	13	49
	38	2	10	31	57	65	60	30	23	59
	48	3	21	41	68	55	50	40	22	69
	58	12	31	51	78	45	61	30	32	79
	59	13	42	62	89	34	71	20	33	69
	49	4	51	72	98	44	82	10	43	68
	39	5	61	83	99	53	92	0	52	77
	29	6	62	84	89	54	93	1	51	87
	19	7	72	85	88	64	94	2	50	86
	9	8	83	95	87	74	84	3	60	96
	18	17	73	86	97	75	93	12	70	87
	28	16	64	76	98	66	92	13	80	77
	27	15	54	67	99	56	91	24	90	78
	36	25	65	57	89	46	81	33	80	79
	35	34	66	47	88	55	71	43	70	69
	26	24	75	46	87	45	82	44	61	58
	16	14	85	35	96	34	72	53	62	49
	6	13	94	25	95	24	73	63	52	39
	5	23	93	26	86	33	74	64	42	29
	14	22	92	16	76	32	85	54	41	18
	24	11	91	6	77	31	94	65	40	8
	23	21	81	5	68	41	84	75	30	7
	22	31	70	4	57	51	83	85	20	6
	12	42	60	3	47	50	93	94	10	5
	2	51	61	13	37	40	92	95	0	4
	1	62	71	14	38	30	91	96	10	3
	11	72	82	15	48	20	90	97	21	2
	22	83	92	25	49	30	80	98	31	12
	32	84	93	35	39	41	81	89	42	23
	43	74	94	36	29	51	70	78	52	33
	44	64	85	37	19	61	60	68	53	34
	54	65	74	38	9	71	50	58	63	45
	55	66	75	28	8	82	40	48	73	46
	56	67	76	17	7	72	30	37	83	36
	57	68	77	27	16	62	20	28	92	47
	58	69	78	26	6	51	10	18	91	48
	59	79	88	15	5	50	0	29	90	38
	49	89	87	14	4	40	1	39	80	37
	48	88	86	24	13	30	2	29	81	36
	37	87	95	25	3	20	11	19	70	26
	36	86	96	35	2	10	21	9	60	16
	46	85	97	34	1	0	22	8	50	7
	45	84	98	33	11	10	12	17	40	6
	34	73	99	23	21	20	13	27	30	5
	33	63	89	32	31	10	4	28	41	15
	43	62	78	42	22	1	5	18	51	14
	52	61	68	31	12	2	6	29	50	24
	53	71	67	22	3	11	16	38	60	25
	44	82	66	23	4	21	17	48	70	26
	54	83	65	24	5	30	27	47	71	35
	64	93	74	14	6	40	28	46	82	45
	63	94	84	15	7	50	18	55	83	44
	73	95	85	16	8	61	29	54	72	43
	74	86	75	7	9	71	38	44	62	32
	65	76	66	8	19	81	49	43	51	31
	55	77	56	9	18	91	58	32	41	42
	46	88	47	8	17	92	57	22	30	52
	36	87	48	7	27	82	68	21	20	53
	37	96	38	6	28	83	69	10	30	64
	47	97	39	5	29	93	79	0	40	65
	56	98	49	4	19	94	89	1	50	75
	67	99	59	13	9	95	78	2	60	76
	77	89	69	12	18	85	88	3	70	87
	68	79	78	11	17	75	97	4	80	86
	58	69	88	22	16	74	96	14	81	76
	57	59	97	23	26	84	95	25	90	66
	48	49	96	33	35	73	94	34	91	55
	37	38	95	24	45	63	93	44	92	54
	27	28	94	13	46	72	83	43	82	53
	26	18	93	3	36	62	84	32	71	63
	15	19	92	2	47	61	85	31	70	52
	6	9	91	1	56	51	75	41	60	42
	7	8	81	10	67	50	66	30	61	43
	17	18	71	21	77	40	65	20	62	33
	16	29	72	11	87	30	64	10	63	24
	27	39	73	12	86	20	74	0	53	13
	37	49	83	22	76	21	84	1	44	4
	47	58	82	23	75	31	94	2	33	5
	56	68	92	32	65	42	95	12	34	15
	67	77	93	43	64	52	86	22	25	6
	76	87	94	53	74	51	96	23	15	7
	75	88	95	54	73	41	97	33	5	8
	65	98	86	55	63	50	96	34	6	9
	74	89	85	45	52	60	87	25	7	18
	64	78	84	34	42	70	77	15	8	17
	63	69	73	25	31	80	68	5	9	16
	62	59	72	14	21	90	57	4	19	27
	51	49	71	24	10	91	48	3	29	37
	41	38	70	13	0	82	47	2	39	28
	50	37	80	3	1	83	46	11	29	18
	60	36	90	2	10	73	35	12	19	8
	70	26	91	11	20	74	45	22	9	7
	80	25	81	21	30	75	54	32	8	6
	90	14	82	31	41	66	55	43	7	15
	91	24	83	32	40	65	56	44	6	5
	82	13	92	43	50	64	67	53	16	4
	72	3	93	33	51	63	76	52	17	14
	62	2	94	23	61	73	86	42	27	25
	71	1	95	24	60	84	85	31	28	34
	70	0	96	13	50	74	75	22	38	45
	60	10	97	3	41	65	66	23	48	54
	50	11	88	2	42	55	56	33	58	44
	41	12	98	1	31	46	57	32	68	43
	30	22	99	0	21	47	67	23	77	53
	20	11	89	10	31	57	76	24	87	64
	30	2	78	1	42	58	86	14	88	63
	40	3	69	0	43	68	96	15	97	72
	50	4	59	10	53	67	95	16	98	83
	51	5	49	21	64	66	94	17	99	82
	52	15	39	31	63	75	93	27	89	81
	62	16	29	42	72	86	83	28	79	80
