	75	54	10	48	67	78	78	59	68	62
	65	44	0	37	56	88	89	49	57	51
	54	33	1	27	46	87	98	38	47	41
	44	23	2	16	35	76	97	28	36	30
	33	12	3	6	25	66	87	17	26	20
	23	13	4	5	14	55	76	7	15	10
	22	24	3	6	25	45	66	8	16	0
	21	34	2	7	35	44	55	9	17	1
	20	33	11	8	45	43	46	18	28	10
	30	32	12	9	54	42	56	19	29	0
	31	22	13	18	64	41	67	9	39	1
	21	11	24	17	63	40	77	8	49	2
	10	12	34	27	52	50	68	7	58	3
	0	13	45	37	42	60	69	16	59	4
	1	14	55	48	31	61	79	27	49	5
	2	15	66	57	21	70	78	37	38	6
	12	16	76	47	20	71	89	36	28	7
	13	17	86	46	30	81	99	26	29	8
	4	18	87	55	40	80	98	15	19	9
	5	28	88	65	41	90	97	14	29	8
	6	27	77	64	50	91	96	24	39	7
	16	36	67	53	51	82	95	23	49	17
	27	47	57	43	61	72	85	33	58	28
	37	46	56	52	60	62	74	44	68	38
	48	35	55	63	70	51	64	54	69	39
	58	26	45	73	71	42	65	53	59	49
	57	25	35	83	62	32	75	43	69	38
	56	34	36	84	72	31	66	33	79	29
	67	24	37	93	73	30	76	23	78	18
	77	13	48	92	74	20	86	22	89	9
	78	3	38	91	65	21	87	31	99	19
	79	2	28	81	54	11	88	41	98	29
	89	1	17	70	44	10	97	40	99	39
	78	0	8	60	33	20	96	50	98	49
	68	10	7	61	23	30	95	51	97	58
	57	20	6	71	12	40	94	62	96	59
	47	30	15	82	2	41	84	72	95	69
	46	31	14	83	1	50	73	63	94	79
	55	42	13	93	0	60	74	52	84	89
	54	43	3	92	10	61	85	53	94	88
	44	32	2	91	11	70	75	64	95	97
	45	33	12	90	21	71	65	74	86	96
	35	44	22	80	20	81	66	73	75	87
	26	45	21	70	30	82	56	72	76	77
	15	35	31	60	40	83	67	62	86	78
	5	26	32	50	41	84	76	51	85	68
	4	15	42	61	31	93	77	52	94	67
	14	5	43	71	22	92	88	63	95	57
	25	6	44	81	23	91	98	53	96	48
	24	7	34	90	33	82	99	54	97	37
	13	8	45	80	32	72	89	55	98	27
	3	9	46	70	31	63	79	56	88	16
	2	18	36	60	21	52	69	66	87	6
	1	17	27	50	10	42	58	67	86	5
	0	28	37	40	11	32	48	76	75	4
	1	29	38	30	12	23	49	77	65	3
	11	39	48	31	22	24	59	78	64	13
	21	49	47	41	32	14	69	79	74	4
	20	59	57	51	43	15	68	89	73	5
	30	69	56	62	44	26	67	99	72	6
	40	78	55	61	54	36	66	98	83	7
	50	68	65	71	64	46	75	97	84	8
	60	57	74	81	73	55	85	96	94	9
	70	47	84	91	83	54	95	87	93	18
	80	56	85	92	82	64	96	88	94	17
	90	66	95	91	72	65	97	77	93	28
	81	75	96	82	63	74	98	68	92	29
	71	76	97	72	53	73	99	57	83	38
	62	67	98	63	52	84	89	47	93	39
	51	77	88	64	42	85	78	46	94	49
	41	87	97	54	31	95	79	35	84	48
	30	86	96	45	22	85	69	25	74	37
	21	75	95	34	23	94	58	14	64	27
	10	65	85	25	33	93	48	4	53	16
	0	55	75	35	34	92	37	3	52	26
	1	45	65	36	24	91	27	2	42	15
	11	34	55	46	13	90	17	12	31	14
	22	24	56	47	23	80	7	3	21	5
	32	33	57	48	13	70	6	4	20	15
	43	44	68	38	14	61	16	5	30	25
	53	54	67	28	24	51	26	6	40	35
	63	64	66	18	33	41	27	7	50	46
	72	73	76	8	32	42	28	17	60	56
	82	83	77	9	43	52	29	16	70	66
	91	92	78	19	44	62	39	15	81	76
	90	93	89	29	54	71	49	25	80	67
	81	94	99	39	64	82	59	34	70	68
	91	84	98	49	73	72	69	44	61	57
	92	74	88	59	63	83	68	43	51	47
	93	85	87	69	53	82	67	52	41	48
	94	86	97	68	54	71	66	51	31	38
	85	76	96	67	65	61	75	41	21	28
	86	77	95	66	55	51	74	31	10	18
	76	78	94	56	45	41	64	21	0	8
	77	79	84	46	35	31	73	10	1	9
	78	89	83	36	26	21	72	11	2	19
	88	99	82	37	27	22	62	12	3	29
	98	89	71	47	28	23	61	13	4	39
	97	79	70	48	38	24	51	14	5	49
	87	69	60	58	29	33	41	15	6	59
	96	68	50	57	18	32	30	26	7	49
	95	67	40	56	17	42	20	35	8	39
	94	66	30	55	16	43	10	36	9	29
	84	65	20	54	26	44	0	27	19	18
	73	64	10	53	25	34	1	37	29	28
	72	63	11	52	14	45	2	47	38	17
	62	64	12	51	4	46	3	57	48	7
	71	74	13	50	5	47	2	68	58	6
	70	75	4	40	15	37	1	67	69	16
	60	85	5	30	26	28	0	66	78	27
	50	86	6	20	35	38	10	65	77	36
	40	76	7	21	25	48	11	54	87	46
	30	67	8	31	24	58	22	44	88	56
	41	66	9	32	23	69	12	33	89	55
	42	65	18	43	13	78	3	34	99	54
	52	64	17	53	14	77	4	45	98	44
	63	73	16	54	5	76	3	35	97	33
	72	83	15	45	6	75	2	26	96	24
	82	92	25	34	7	74	1	27	95	13
	81	91	24	33	8	64	0	37	94	14
	80	90	23	32	9	53	10	38	93	4
	70	81	22	31	19	52	20	49	83	3
	61	71	11	21	29	42	30	39	82	2
	51	62	1	10	28	31	40	38	72	12
	50	52	0	20	18	21	41	48	73	13
	60	42	10	30	17	22	31	57	84	14
	70	43	20	40	16	12	32	58	74	5
	80	44	30	50	26	13	33	59	75	6
	90	54	40	60	36	14	34	69	85	7
	91	55	50	70	47	5	35	79	86	8
	92	46	51	80	48	6	36	78	76	9
	93	47	61	90	57	7	27	68	77	19
	84	56	60	91	67	8	28	58	87	29
	74	66	70	92	77	9	37	49	88	38
	75	65	71	93	76	19	47	39	89	48
	85	64	62	84	86	18	56	29	99	57
	95	63	52	94	96	17	66	28	98	67
	86	73	53	93	97	16	65	27	88	76
	87	83	43	92	96	15	64	26	78	77
	88	82	42	91	95	25	63	35	69	68
	78	81	41	90	85	24	53	45	59	58
	69	80	31	91	74	23	52	44	49	48
	59	70	21	92	64	22	51	53	39	38
	58	61	11	93	63	12	62	52	29	28
	68	50	1	84	72	2	71	42	18	17
	57	41	0	74	73	3	82	31	8	16
	47	30	10	75	83	4	92	21	7	15
	46	20	11	66	93	13	91	22	16	5
	45	10	12	55	94	14	81	32	6	4
	34	0	3	54	95	25	90	33	5	13
	35	1	2	65	86	26	80	43	4	24
	36	11	12	64	75	27	70	44	3	33
	37	21	23	53	66	28	60	54	13	32
	48	31	22	52	55	38	50	45	24	42
	49	41	11	51	56	39	40	35	33	43
	59	30	10	61	67	29	50	36	34	44
	69	20	0	62	76	19	60	37	35	45
	79	10	1	63	87	9	70	27	36	46
	89	21	2	72	97	8	71	26	47	56
	98	22	3	73	96	7	82	15	48	67
	88	12	4	84	95	6	83	16	49	76
	77	2	14	85	94	5	93	17	59	87
	78	3	25	74	84	15	92	18	69	96
	68	4	24	65	73	26	91	28	58	97
	57	14	13	75	64	35	81	38	48	98
	56	5	23	86	65	46	90	39	37	99
	66	6	32	76	75	55	80	29	36	89
	67	7	31	87	85	54	70	19	35	78
	77	17	42	97	95	53	61	9	25	68
	88	18	52	98	96	43	51	8	14	69
	89	28	62	99	97	33	41	7	5	79
	78	37	63	98	88	34	40	16	4	69
	68	36	72	97	87	44	30	27	3	59
	58	35	71	96	86	45	20	26	2	49
	48	25	82	95	75	46	10	15	1	38
	37	24	83	94	74	47	11	14	0	28
	27	13	93	84	73	57	21	4	1	29
	26	12	92	85	64	56	22	3	11	39
	15	23	91	86	65	55	32	2	10	49
	25	33	81	76	66	54	31	1	20	59
	24	43	90	67	75	53	42	0	30	69
	13	52	80	77	74	63	51	10	31	79
	12	62	70	78	73	72	50	20	32	89
	2	61	60	88	83	71	41	30	23	99
	1	50	70	98	92	82	40	21	33	89
	0	51	71	97	93	91	30	11	43	79
	10	42	82	87	94	81	21	12	53	69
	11	32	72	96	95	90	22	13	63	68
	12	23	73	86	85	80	31	14	64	58
	3	33	84	76	75	70	41	5	65	48
	4	34	94	66	74	60	50	6	55	38
	5	44	95	56	84	61	40	7	45	28
	6	54	96	46	83	62	30	8	35	17
	7	53	87	36	92	63	20	9	26	16
	8	52	77	37	91	72	10	18	27	15
	17	43	67	47	90	83	1	19	28	25
	16	42	68	57	80	84	2	29	38	24
	15	51	78	58	70	74	3	39	49	13
	25	41	88	59	60	85	12	38	48	23
	24	40	89	69	50	94	11	37	47	32
