	52	83	17	66	71	82	41	43	38	83
	51	73	7	55	61	91	30	32	28	84
	41	63	6	45	50	90	20	22	17	74
	30	52	5	34	40	80	10	11	7	64
	20	42	4	24	50	70	0	1	6	53
	10	31	3	13	60	61	0	2	5	43
	21	22	12	14	70	62	1	11	4	32
	30	23	13	15	81	63	10	2	3	33
	41	24	14	25	71	64	20	1	4	44
	51	34	5	26	62	54	30	10	3	45
	52	35	6	36	72	65	41	20	12	46
	53	25	16	37	82	75	51	30	11	47
	44	15	26	48	92	76	62	41	10	56
	33	14	27	57	93	67	72	51	20	66
	23	13	37	58	94	68	71	62	30	55
	32	12	47	59	85	69	70	52	41	54
	42	11	48	49	74	78	60	63	51	53
	52	10	38	39	64	77	61	73	50	43
	62	20	28	29	65	87	71	83	40	44
	72	21	18	19	75	86	82	84	30	34
	83	31	8	9	76	96	92	93	41	24
	73	22	17	18	66	97	91	94	42	25
	74	23	7	28	56	88	90	95	52	35
	65	24	6	27	46	89	80	86	43	45
	75	25	5	36	47	79	81	87	53	55
	86	15	4	26	57	69	70	77	63	54
	87	5	3	16	67	58	60	68	73	53
	77	4	12	7	76	59	50	78	74	63
	88	3	2	6	66	49	40	89	65	62
	98	13	1	5	55	48	30	99	54	61
	97	14	0	4	56	37	21	89	64	50
	96	25	10	3	46	38	22	79	53	40
	95	34	11	12	35	39	31	69	52	30
	85	33	21	22	45	29	32	59	62	20
	84	44	10	23	54	19	42	49	51	30
	83	43	1	24	64	9	41	48	61	40
	72	52	2	25	53	8	50	37	71	30
	82	51	3	15	63	7	60	38	81	31
	92	41	13	26	72	6	70	39	91	22
	93	42	23	27	71	5	80	29	90	11
	94	31	32	28	82	4	81	19	91	2
	95	30	33	29	83	3	70	9	92	1
	86	40	24	18	93	2	61	8	82	0
	75	50	25	17	94	1	62	7	72	10
	74	60	15	16	95	11	51	6	73	20
	65	70	5	26	86	12	42	7	84	21
	66	71	4	36	75	23	31	8	85	30
	67	72	14	47	76	24	32	9	94	40
	57	62	13	56	77	34	23	19	93	41
	68	63	3	55	78	35	22	29	92	50
	58	73	2	46	88	36	11	38	91	60
	69	74	1	45	89	37	10	49	90	70
	79	65	0	44	98	48	20	58	80	71
	89	55	10	54	97	47	21	68	81	62
	88	66	11	64	96	57	30	69	71	52
	87	75	12	53	95	68	40	59	62	43
	97	86	23	63	94	69	50	49	51	32
	98	87	33	72	93	59	60	39	52	42
	99	77	24	83	92	49	70	29	63	31
	89	68	25	82	91	39	61	28	72	41
	78	58	15	81	90	29	62	27	73	30
	77	48	16	70	80	28	52	17	84	20
	76	37	6	61	81	18	43	7	85	21
	86	28	5	60	71	8	33	17	75	22
	96	18	4	50	61	9	34	27	66	11
	87	19	14	41	62	8	25	26	67	2
	88	29	13	31	52	7	35	36	57	3
	97	38	12	22	43	16	46	47	48	4
	98	49	23	32	33	26	56	37	58	5
	99	59	24	42	44	35	67	28	69	15
	89	49	25	51	45	34	76	17	79	26
	78	39	14	62	46	33	66	16	69	36
	68	29	13	63	56	43	65	15	58	47
	77	28	3	73	67	53	74	6	57	48
	76	37	2	84	66	54	85	7	56	38
	75	27	1	94	55	64	95	8	46	49
	65	17	0	93	54	73	96	18	35	59
	64	28	10	83	53	74	86	9	45	69
	63	29	20	92	52	84	87	19	54	79
	62	39	30	82	51	83	77	18	53	89
	72	49	40	91	42	73	68	8	52	88
	71	59	50	90	41	74	58	7	43	87
	70	69	60	80	31	85	48	16	32	76
	81	79	61	90	21	86	47	15	22	75
	82	89	62	91	11	96	46	14	12	66
	92	88	63	81	2	97	55	13	23	67
	93	98	64	71	3	87	54	4	24	68
	94	99	65	61	12	77	44	5	34	78
	85	89	66	62	22	76	33	6	25	69
	86	78	56	63	32	75	43	15	26	58
	95	77	57	64	42	74	52	16	36	48
	96	67	47	53	51	84	62	27	37	38
	97	57	46	44	41	83	72	28	36	29
	98	47	35	33	30	73	82	17	26	19
	99	36	45	23	20	63	91	18	25	9
	89	26	55	12	10	53	90	8	14	19
	79	15	54	2	1	44	80	7	13	29
	69	5	65	11	0	34	70	6	12	39
	58	14	66	21	10	25	60	16	3	49
	59	13	67	31	20	24	50	27	4	48
	69	23	68	22	30	33	40	28	5	57
	78	32	77	11	31	43	41	38	15	56
	88	42	87	1	21	52	51	39	16	47
	97	43	76	2	11	62	61	49	27	37
	96	53	75	12	10	71	70	59	28	38
	86	64	85	3	0	81	80	69	17	29
	95	65	94	4	1	82	90	79	18	19
	96	66	93	5	2	92	91	89	9	29
	87	76	84	15	12	83	81	88	8	39
	77	67	74	16	3	72	71	98	7	49
	68	56	64	26	4	73	62	99	6	58
	57	46	63	25	5	84	52	89	15	48
	56	35	53	34	14	85	43	78	16	47
	46	45	44	24	13	75	33	68	27	36
	55	54	34	23	12	65	32	58	37	26
	66	64	24	22	11	74	31	48	28	15
	76	73	14	21	10	84	30	37	38	25
	86	83	13	20	0	94	40	47	29	35
	95	82	23	30	1	93	50	57	18	45
	94	91	22	40	2	92	60	67	17	54
	93	90	31	50	3	83	61	66	8	55
	84	80	30	41	4	72	62	75	9	65
	85	70	21	51	5	71	52	86	19	74
	95	81	11	42	6	82	63	96	29	64
	94	91	1	43	16	92	53	97	28	73
	93	90	0	33	27	83	44	87	38	72
	84	80	10	34	28	82	45	88	39	62
	73	70	20	25	18	71	46	98	49	52
	63	60	30	15	9	62	56	99	59	42
	53	61	40	6	8	52	47	89	69	43
	44	62	50	7	17	51	36	79	78	33
	34	72	41	16	28	42	27	69	77	32
	25	83	31	26	29	52	37	68	76	23
	24	92	32	35	19	63	48	77	67	12
	14	91	33	45	18	64	49	87	56	3
	13	81	34	54	9	65	39	86	46	4
	23	90	25	55	8	66	29	75	36	5
	22	80	14	46	17	56	19	85	26	15
	31	70	24	47	28	57	18	74	35	6
	21	71	23	37	38	48	9	84	45	7
	11	62	22	36	49	58	8	94	54	17
	2	52	12	27	59	69	18	95	55	16
	1	42	3	26	58	78	29	96	65	15
	0	31	4	25	68	88	38	97	74	5
	10	21	13	24	78	98	37	87	75	14
	20	30	23	33	88	99	47	76	85	15
	10	40	32	43	97	89	57	67	86	6
	11	50	42	53	96	79	68	77	87	7
	22	60	52	44	95	69	58	78	88	8
	32	61	62	45	94	59	48	89	98	18
	43	51	72	35	84	49	38	99	97	29
	44	41	73	34	83	39	28	98	96	19
	54	31	63	25	82	29	17	97	95	9
	64	22	53	15	92	28	27	96	94	8
	65	11	52	6	93	37	36	95	84	17
	66	2	51	7	83	47	46	94	74	28
	67	12	41	17	72	56	35	93	64	27
	76	3	31	16	63	55	34	83	53	36
	75	4	21	26	52	45	33	72	44	46
	74	5	20	36	51	35	24	62	43	47
	85	6	30	37	41	25	14	71	52	57
	86	7	40	48	42	15	4	70	51	68
	87	8	50	57	32	5	3	80	61	77
	88	9	60	68	23	4	2	81	70	78
	89	18	61	69	12	3	1	90	71	79
	99	17	62	58	2	13	0	91	82	78
	98	16	52	59	1	24	10	92	83	77
	97	15	63	49	11	25	21	93	73	67
	96	26	64	38	22	34	31	84	74	66
	95	27	54	28	32	44	30	85	75	65
	94	36	55	29	33	53	40	86	76	66
	93	46	56	19	34	43	50	87	77	67
	83	45	47	9	25	33	60	88	68	57
	72	35	37	8	26	32	61	89	69	48
	62	36	28	7	15	22	70	79	58	49
	52	47	29	6	14	11	71	69	59	39
	53	37	19	15	5	1	62	78	49	38
	54	27	9	16	4	0	52	77	48	28
	55	17	8	26	3	10	53	76	57	18
	45	7	9	25	12	21	44	75	56	29
	34	6	19	24	23	20	33	74	55	39
	35	15	29	13	22	30	43	73	54	38
	46	25	28	14	21	31	42	72	53	48
	56	35	37	5	11	41	51	62	43	57
	66	46	48	4	2	40	50	63	42	67
	65	56	57	3	1	30	60	64	41	76
	54	66	67	2	0	20	61	53	31	75
	55	65	76	1	10	21	70	52	32	74
	45	64	75	11	20	22	80	62	23	84
	44	73	74	12	30	31	81	61	24	85
	33	84	65	23	40	42	82	50	25	95
	32	85	54	24	41	52	91	60	15	96
	31	86	44	25	51	63	90	70	16	97
	42	87	45	15	52	64	80	81	27	98
	43	88	34	16	62	65	70	71	28	89
	53	78	25	27	72	66	61	82	29	79
	63	68	15	36	83	67	50	92	39	69
	62	58	5	47	84	77	40	93	38	59
	71	49	4	37	85	76	30	94	48	69
	70	39	3	28	86	75	21	95	57	78
