	78	84	12	84	62	44	86	29	63	65
	68	73	2	74	51	34	75	19	53	55
	57	63	1	64	41	24	65	9	43	45
	47	52	0	53	30	13	54	8	32	34
	36	42	10	43	20	3	44	7	22	24
	26	31	11	32	21	2	33	6	12	13
	15	22	1	23	30	3	24	5	2	4
	14	11	0	13	40	12	25	6	3	5
	15	10	1	24	50	22	34	16	2	4
	26	20	11	33	60	31	35	17	3	13
	27	30	21	44	61	41	46	28	12	24
	37	40	31	45	70	50	56	38	22	34
	48	41	42	35	71	60	66	39	32	25
	49	51	52	46	81	61	67	29	43	26
	58	62	63	56	80	70	77	18	53	16
	59	71	72	66	90	60	87	19	64	17
	69	70	82	67	91	50	88	9	74	27
	79	80	92	77	81	40	97	8	85	28
	89	90	93	87	71	30	96	7	94	37
	88	91	83	76	61	20	95	6	84	38
	77	92	73	86	50	10	85	5	74	39
	67	83	63	75	40	0	94	4	65	29
	56	73	52	66	30	1	93	3	55	18
	57	64	42	76	20	2	92	12	54	9
	68	53	31	87	10	11	82	23	44	8
	78	43	21	97	0	22	81	33	34	7
	69	32	30	98	1	23	70	24	45	6
	58	42	41	99	2	13	60	14	35	15
	48	51	50	89	3	4	61	25	36	26
	47	62	40	78	12	5	71	35	46	16
	37	72	30	68	11	15	82	34	55	17
	27	83	20	57	10	16	91	44	65	28
	26	84	21	47	0	17	90	54	74	38
	35	85	31	36	1	28	80	65	75	49
	34	95	22	46	2	38	81	66	76	59
	44	96	23	55	3	49	70	67	87	69
	54	97	33	65	13	59	60	77	88	79
	64	98	44	74	24	69	50	68	89	78
	63	99	45	84	25	58	40	57	88	77
	62	89	35	93	15	48	30	56	87	76
	51	79	25	94	6	47	20	46	86	75
	41	78	15	85	7	36	10	45	95	74
	40	68	5	84	8	26	0	35	96	73
	50	57	6	83	9	25	1	34	97	63
	60	56	7	92	18	24	2	33	98	52
	61	47	8	91	17	23	3	43	99	53
	70	37	9	81	16	12	4	32	89	44
	80	27	19	90	26	11	5	22	79	54
	70	28	29	91	36	1	6	21	69	55
	71	38	39	82	46	0	7	10	58	66
	72	48	49	83	55	1	8	20	57	67
	63	47	58	93	54	2	9	30	68	77
	52	36	59	94	53	3	18	31	78	88
	42	46	69	95	43	4	17	41	89	87
	51	55	78	96	32	5	16	40	98	76
	62	66	77	97	22	6	15	50	99	75
	61	65	88	98	11	7	14	51	89	86
	60	64	87	97	1	8	13	52	79	85
	70	74	76	96	0	9	24	63	69	94
	81	85	75	86	10	19	34	64	58	93
	80	84	66	95	20	29	44	65	57	83
	90	73	56	94	21	28	54	55	47	92
	91	63	67	84	30	27	45	46	37	82
	81	62	68	73	31	26	35	47	38	71
	70	72	78	63	41	25	36	37	39	61
	60	83	77	53	40	15	27	38	49	50
	61	93	88	44	30	5	17	48	59	51
	62	94	89	33	20	4	18	58	69	52
	72	85	99	23	10	3	8	68	78	53
	83	74	98	12	11	2	7	67	77	44
	93	65	97	22	1	3	16	76	88	33
	94	54	87	32	0	13	15	86	89	23
	95	44	96	42	10	14	25	85	79	24
	86	33	97	43	21	5	34	74	69	13
	75	32	98	52	22	6	45	64	59	4
	74	31	89	63	11	7	55	53	49	5
	64	41	79	73	2	17	66	54	39	6
	65	40	69	84	12	28	67	55	29	7
	66	50	59	83	3	37	68	56	19	17
	67	60	49	92	4	47	69	57	9	28
	68	70	39	91	5	46	58	48	18	38
	78	80	29	90	6	45	59	37	8	28
	79	81	19	91	7	34	49	36	17	27
	89	82	9	92	16	35	38	46	18	26
	99	71	8	93	15	25	39	55	28	36
	98	61	7	94	14	24	29	54	38	47
	88	51	16	85	13	23	19	44	48	56
	77	62	26	95	12	33	9	43	47	55
	76	72	35	96	22	32	8	42	46	54
	87	63	25	97	31	23	7	41	45	44
	86	52	15	98	30	24	16	40	34	33
	75	42	14	89	20	25	6	50	35	43
	74	31	4	78	10	26	5	51	36	53
	73	30	3	69	0	27	15	61	37	64
	84	20	2	59	1	17	26	60	28	65
	83	10	11	49	0	18	27	70	38	66
	82	21	12	58	1	29	37	71	39	67
	81	22	13	57	2	19	28	62	49	68
	80	12	23	48	3	9	17	72	58	77
	90	11	32	47	4	8	18	63	69	88
	91	10	33	56	14	7	29	52	79	87
	92	20	44	55	15	16	38	42	89	96
	93	30	53	46	25	6	48	32	99	95
	94	41	64	45	34	5	57	22	98	85
	84	50	65	54	44	4	58	11	88	86
	74	60	75	55	43	13	68	1	77	76
	73	61	66	56	52	24	78	0	67	87
	72	70	65	47	51	33	69	10	57	97
	62	71	64	36	50	32	59	20	48	96
	63	82	73	35	60	42	49	21	37	95
	52	83	84	26	61	41	39	31	36	94
	42	92	93	27	62	40	29	30	46	85
	43	91	84	28	63	50	19	20	45	86
	32	81	85	17	72	51	9	10	34	75
	31	80	74	18	71	61	8	11	24	76
	21	90	65	29	81	70	7	2	13	77
	22	91	54	38	82	60	6	3	12	78
	23	92	53	48	83	50	5	4	11	69
	33	93	43	58	73	41	14	13	1	59
	44	84	52	68	74	42	15	23	0	49
	45	85	62	67	75	51	16	33	10	39
	55	86	63	56	76	61	26	44	20	29
	66	87	64	47	77	71	25	53	30	28
	75	88	73	57	78	82	35	54	41	37
	86	89	83	48	69	92	36	55	51	47
	87	79	93	38	58	91	27	66	50	46
	88	69	94	49	48	81	17	76	60	45
	89	58	95	59	37	80	18	67	61	34
	98	68	96	69	36	70	19	56	62	24
	97	67	87	78	35	60	9	47	71	23
	88	66	76	77	25	50	8	37	70	32
	89	65	75	68	14	40	7	36	80	42
	99	54	74	57	4	30	6	26	81	41
	98	45	84	56	3	20	5	15	82	31
	97	34	85	46	2	10	4	14	72	21
	96	24	86	35	1	0	3	13	63	11
	95	23	87	25	2	10	12	14	52	22
	94	33	77	26	11	20	3	15	42	32
	93	43	68	16	22	30	4	6	51	31
	83	52	57	27	21	40	5	7	61	41
	72	62	56	28	30	50	6	17	71	51
	73	63	46	29	40	60	16	18	70	42
	64	53	35	39	50	61	27	19	80	32
	65	44	25	38	41	71	28	9	90	23
	55	54	14	48	42	81	37	8	91	24
	46	45	15	49	32	82	47	7	92	34
	36	35	16	58	23	83	57	6	93	33
	26	25	27	59	13	73	67	5	84	43
	15	14	17	69	4	64	76	6	74	52
	16	5	18	79	3	53	87	7	65	51
	17	6	29	78	2	44	77	8	55	62
	18	7	39	88	1	54	68	9	46	71
	29	17	49	89	0	55	57	19	35	81
	39	18	58	99	10	46	56	9	25	80
	49	28	59	98	11	36	66	8	15	90
	38	37	69	97	12	35	75	7	5	91
	48	47	78	96	22	34	85	16	4	82
	57	56	79	86	31	24	95	27	3	92
	67	66	89	76	21	13	94	28	2	93
	77	65	88	87	20	3	84	38	1	83
	68	64	98	97	30	2	73	49	0	72
	58	63	99	96	40	1	74	59	10	62
	69	52	89	95	50	11	75	49	20	61
	78	42	79	94	60	12	85	39	21	70
	77	31	89	93	50	22	86	29	11	71
	76	21	88	92	41	32	87	19	2	81
	66	20	97	91	42	23	96	18	3	80
	55	30	98	81	32	33	95	17	4	90
	45	40	99	82	43	44	94	8	14	91
	54	41	89	83	53	34	93	9	25	92
	65	50	78	84	64	35	94	19	26	82
	74	51	68	73	63	46	85	29	15	72
	75	61	57	83	62	36	86	28	6	71
	76	60	47	92	52	37	87	27	7	70
	67	50	48	91	42	38	77	16	17	80
	56	40	58	81	31	49	68	26	18	90
	46	30	59	82	22	39	69	25	8	91
	35	31	49	72	12	29	79	24	9	92
	25	22	39	63	13	18	89	23	19	93
	14	12	29	52	3	28	88	32	9	84
	4	11	38	42	2	27	97	33	8	85
	3	1	37	31	12	26	96	43	7	75
	13	0	36	22	23	25	95	44	6	86
	24	10	35	21	32	14	94	45	5	76
	33	20	34	30	43	15	93	55	4	66
	44	10	25	41	53	16	83	56	3	65
	54	11	15	51	64	17	73	46	2	74
	55	1	5	61	63	18	72	47	12	84
	66	0	6	62	52	19	71	57	22	85
	65	10	7	51	42	29	70	67	32	75
	64	21	16	50	31	38	60	77	23	86
	63	30	17	40	41	37	61	78	13	87
	62	20	8	50	42	36	71	68	14	77
	72	10	9	61	43	47	81	58	15	88
	82	11	18	71	33	57	80	48	16	98
	81	2	19	70	23	56	90	49	17	99
	91	3	29	80	13	46	81	59	18	89
	92	4	39	70	14	35	82	69	28	79
	93	5	49	60	15	26	83	78	38	89
	94	6	48	50	25	27	73	77	37	88
