	83	89	36	86	41	63	42	55	48	3
	72	78	27	75	30	52	31	45	37	2
	62	68	16	65	20	42	21	34	28	1
	51	57	6	54	10	31	11	24	17	0
	41	47	5	44	21	22	1	13	7	10
	30	36	4	33	20	12	2	3	6	11
	40	26	14	23	10	13	1	4	5	22
	50	15	25	32	0	24	11	3	6	31
	60	16	35	43	10	34	22	2	7	41
	61	27	46	53	21	45	23	1	8	40
	70	37	56	64	31	55	32	0	9	50
	71	38	66	73	42	65	33	10	18	60
	81	29	67	72	43	64	44	20	19	61
	80	39	76	62	53	73	54	30	9	70
	90	49	77	61	64	72	65	40	8	71
	91	58	88	51	73	82	66	50	17	81
	92	59	97	52	74	83	67	41	28	70
	93	69	96	63	75	84	68	42	27	60
	94	79	95	53	66	74	77	52	36	50
	85	89	86	54	67	75	88	43	35	51
	84	98	87	55	56	65	97	44	46	52
	73	99	76	45	57	64	96	34	47	63
	72	89	66	35	48	53	95	24	37	62
	71	78	56	26	49	44	94	13	38	61
	81	68	57	15	58	34	84	12	39	70
	80	69	67	5	59	24	73	3	29	60
	90	79	77	4	49	13	63	2	18	50
	91	89	88	14	39	12	52	11	19	40
	82	98	87	25	29	22	51	21	9	30
	83	97	96	35	18	23	41	31	8	20
	92	88	95	36	17	32	42	22	7	10
	93	78	94	37	16	33	43	11	6	0
	84	68	85	38	15	44	53	1	5	10
	74	57	75	29	14	54	64	2	4	21
	65	47	86	18	13	55	73	3	5	30
	66	36	76	8	24	46	72	12	6	40
	56	27	67	7	33	45	62	23	16	50
	46	28	57	17	43	35	61	32	26	60
	47	37	48	18	53	34	71	31	25	70
	36	38	58	19	54	24	81	30	15	80
	26	49	59	9	65	13	90	40	14	70
	25	39	69	8	55	3	91	50	4	61
	34	29	79	7	45	2	82	51	5	62
	44	19	89	6	46	1	83	52	15	63
	33	9	99	16	56	0	92	42	26	53
	24	18	98	27	66	10	93	41	36	44
	14	8	97	37	75	20	94	31	47	34
	15	7	87	48	85	21	95	22	57	25
	5	6	77	49	84	11	96	12	58	35
	4	16	88	59	74	2	87	23	69	46
	3	27	78	49	64	1	86	33	79	56
	2	17	68	39	63	0	76	44	89	66
	11	28	67	38	52	10	75	53	99	65
	22	29	76	37	43	20	74	54	98	64
	23	19	86	36	32	30	84	55	97	73
	13	9	75	46	42	40	83	45	96	72
	24	18	74	47	51	50	82	34	86	71
	14	8	64	57	61	60	81	25	76	70
	15	7	63	67	62	50	80	26	66	71
	6	16	53	68	52	41	90	35	56	72
	5	27	44	58	43	31	91	36	55	73
	4	17	45	48	33	21	92	47	65	84
	3	28	55	49	24	11	93	56	75	94
	12	38	65	59	13	1	83	46	85	95
	2	48	54	69	23	0	82	35	86	96
	1	47	64	78	22	10	81	34	87	97
	11	57	73	77	31	20	70	33	88	98
	22	67	84	76	41	30	60	32	89	99
	23	66	85	75	42	40	50	31	79	98
	24	56	74	65	51	41	61	21	69	97
	14	46	64	55	62	30	71	10	68	96
	25	35	63	45	52	21	72	0	57	95
	15	26	53	44	43	10	83	1	67	94
	6	16	54	34	33	11	92	2	76	84
	7	27	65	24	32	12	91	3	66	83
	8	37	75	13	22	23	90	4	56	82
	9	36	86	14	31	33	80	5	47	81
	18	46	95	15	42	44	70	6	48	71
	19	55	94	26	41	54	60	7	58	61
	29	45	93	16	50	64	70	8	49	51
	39	35	92	7	40	73	81	9	38	62
	29	25	91	8	30	83	82	18	28	63
	19	14	90	17	20	72	71	9	27	73
	18	4	80	16	21	62	61	8	37	74
	17	5	70	15	10	52	60	7	36	85
	27	6	81	26	0	43	50	16	46	84
	37	15	82	36	1	53	40	17	55	94
	47	25	92	46	2	44	30	28	45	95
	57	34	93	56	11	33	20	37	54	96
	68	24	84	67	12	32	21	47	65	87
	69	13	74	77	3	22	10	57	66	88
	78	23	85	76	4	21	0	68	67	89
	79	32	75	86	14	20	1	58	56	98
	69	22	65	95	5	10	2	59	55	97
	68	31	64	94	6	0	11	49	45	96
	57	42	63	93	7	1	12	48	34	86
	56	41	72	83	8	2	3	38	24	75
	55	50	71	73	9	11	13	39	23	65
	45	60	61	84	19	22	14	29	33	64
	34	70	51	74	18	23	4	28	43	63
	24	80	62	85	17	13	5	27	42	72
	14	90	52	86	16	4	6	26	31	73
	5	91	43	96	15	3	7	35	41	84
	14	81	53	97	25	12	8	36	51	74
	24	82	44	98	35	2	9	46	61	85
	33	92	45	89	34	1	19	47	60	95
	43	93	54	79	25	10	29	37	70	96
	42	84	55	69	26	21	38	48	71	87
	31	73	66	58	27	30	49	57	62	77
	41	74	76	59	37	40	39	67	52	88
	50	85	87	69	47	30	29	77	53	89
	51	75	88	78	57	20	18	68	44	99
	52	66	97	89	56	10	28	58	54	98
	53	65	96	79	46	0	17	48	64	88
	63	55	86	69	36	1	27	38	73	87
	72	46	75	58	35	11	16	39	83	76
	82	45	65	48	34	22	6	29	92	66
	91	44	64	47	24	32	5	18	93	56
	90	33	63	36	23	43	4	28	94	46
	80	34	62	27	22	42	3	17	95	35
	81	25	51	16	11	31	2	7	86	26
	70	15	41	6	12	21	1	8	96	36
	61	5	30	7	13	20	0	9	97	37
	60	4	40	8	14	10	1	19	98	38
	50	3	41	9	24	11	2	29	99	49
	51	12	42	19	23	22	1	38	89	59
	52	13	32	29	33	31	0	49	79	69
	53	14	43	38	44	21	10	59	78	68
	54	25	42	49	45	20	11	69	77	67
	55	34	41	59	46	30	2	68	88	57
	65	45	40	69	47	31	3	58	87	48
	74	54	50	79	56	22	13	49	76	37
	84	53	61	89	66	11	14	39	75	28
	85	52	71	88	65	2	25	29	74	18
	94	63	72	87	64	3	34	19	73	17
	93	62	83	76	54	13	45	9	84	27
	92	51	82	75	44	14	35	8	85	26
	91	42	81	86	33	25	36	17	95	16
	90	31	80	96	24	34	46	7	94	6
	81	22	70	97	23	35	55	8	93	15
	71	12	60	98	32	26	56	18	92	5
	62	11	50	99	43	16	67	28	82	4
	51	1	41	89	53	6	77	38	81	3
	42	0	31	78	52	5	88	48	70	12
	32	10	22	68	63	4	87	57	80	23
	33	21	11	58	64	3	76	47	90	13
	44	20	2	59	65	12	66	37	91	14
	45	30	1	69	74	23	75	27	92	25
	46	40	0	79	73	33	85	26	83	34
	36	50	10	89	72	44	94	15	84	45
	47	61	20	98	71	54	95	5	93	46
	48	60	30	97	62	55	86	4	92	56
	37	70	40	87	51	66	96	3	82	57
	28	81	50	77	41	67	95	2	72	48
	18	82	60	78	42	57	85	1	71	37
	19	91	70	88	43	48	74	0	62	28
	29	90	81	89	44	37	64	10	51	18
	38	80	82	99	45	27	54	11	41	8
	39	70	83	98	34	17	55	12	42	9
	49	61	73	97	24	7	46	13	43	19
	58	62	63	87	14	8	35	23	33	18
	59	52	53	76	25	17	26	22	32	28
	69	43	44	75	15	16	36	31	42	38
	68	33	34	65	6	27	47	21	51	39
	67	24	25	64	5	36	48	20	50	49
	66	14	35	53	4	47	58	30	40	59
	65	13	36	43	3	56	68	41	50	69
	64	12	37	32	2	66	78	31	60	79
	53	11	27	23	1	65	88	22	70	89
	43	10	16	33	0	75	98	21	71	99
	52	20	6	44	1	76	97	30	72	89
	62	21	5	45	2	86	87	40	82	78
	72	31	4	54	3	96	77	50	92	68
	71	42	14	55	13	95	67	60	93	57
	81	52	15	56	23	94	66	70	84	48
	91	62	26	46	33	85	65	80	74	37
	92	71	25	35	44	75	64	90	73	28
	93	81	34	36	45	66	63	91	83	29
	94	82	24	47	54	67	62	92	72	19
	95	71	13	48	64	57	61	83	73	9
	86	70	12	38	53	58	51	84	74	8
	75	60	11	29	43	49	41	94	65	7
	76	50	21	18	32	38	30	95	55	6
	87	51	22	8	31	28	20	86	56	5
	88	41	23	7	42	17	10	96	47	4
	98	40	33	16	52	27	0	97	48	3
	99	30	44	6	63	37	1	87	38	2
	89	20	45	5	72	36	11	77	39	12
	79	10	55	4	83	26	22	78	29	23
	69	0	56	3	84	15	32	68	19	33
	58	1	47	12	94	6	43	57	9	44
	48	2	36	11	95	5	53	67	18	54
	37	3	27	21	86	4	52	66	8	55
	28	13	16	22	75	14	42	65	7	46
	17	23	6	32	85	25	31	64	8	36
	18	33	5	43	74	35	41	73	9	27
	29	34	4	44	84	46	50	63	19	16
	38	25	3	45	93	55	61	62	18	15
	49	35	2	54	92	66	71	51	28	26
	59	45	1	64	82	67	81	52	38	36
