	77	54	98	16	85	49	61	91	78	5
	67	44	88	7	74	38	50	81	68	6
	56	33	77	8	64	28	40	70	57	15
	46	23	67	9	53	17	30	60	47	14
	35	12	56	18	43	7	20	50	36	13
	25	2	46	17	32	6	10	40	26	3
	14	1	35	27	22	5	0	30	15	4
	24	11	25	26	12	6	10	20	16	13
	34	21	35	36	23	7	1	30	17	3
	45	31	46	37	33	8	2	41	28	4
	55	42	47	48	34	9	3	51	29	5
	66	52	57	58	45	19	4	62	39	6
	65	63	68	59	55	29	5	71	49	16
	75	72	69	58	54	39	6	82	38	27
	86	73	79	48	44	29	16	83	28	37
	87	84	89	38	53	18	17	92	27	36
	96	93	99	28	52	8	7	91	26	35
	95	94	98	18	42	9	6	90	15	25
	85	84	97	19	31	8	5	80	14	24
	74	83	87	29	41	17	4	81	13	33
	64	92	76	39	51	16	3	70	23	44
	54	91	66	49	61	15	12	60	33	53
	45	81	55	59	50	14	23	70	44	43
	46	71	56	69	40	24	33	80	34	32
	47	62	67	78	30	25	23	90	35	22
	57	63	77	79	20	26	13	91	46	11
	67	64	78	89	10	36	4	82	56	1
	77	74	88	99	0	46	5	71	66	2
	68	65	98	89	10	56	6	62	75	3
	58	54	97	79	21	67	7	63	86	4
	48	53	96	69	31	77	8	64	95	5
	37	52	87	68	42	78	9	73	94	6
	27	51	76	58	41	88	19	72	93	7
	36	61	67	48	50	97	29	83	84	8
	26	60	68	37	40	96	39	92	85	9
	16	70	58	27	30	86	49	91	74	19
	7	81	48	28	20	75	38	90	65	29
	6	80	37	18	10	76	39	91	55	19
	5	70	27	17	11	87	49	82	45	9
	4	71	36	7	2	77	59	72	44	8
	13	62	35	6	3	67	69	63	43	18
	12	52	45	15	2	57	79	53	32	29
	22	43	54	14	1	48	89	44	31	39
	23	32	55	24	0	37	88	33	21	49
	13	42	46	34	10	27	98	44	30	59
	4	41	47	25	21	16	99	45	40	69
	5	51	57	26	22	6	89	46	50	79
	15	61	56	16	23	7	78	47	60	69
	14	70	66	17	24	8	77	48	50	68
	13	81	76	28	33	18	87	49	41	57
	3	90	67	29	43	19	97	59	31	47
	2	91	57	39	42	9	96	69	22	46
	11	92	58	49	41	8	95	78	12	35
	1	93	48	38	51	7	94	77	23	25
	0	83	37	28	50	6	84	67	32	14
	10	73	36	27	60	5	85	66	43	4
	20	64	35	26	61	15	74	76	53	3
	30	65	34	16	70	25	75	86	63	2
	40	54	33	17	80	24	66	87	72	1
	50	55	43	18	81	23	56	88	82	0
	51	45	42	19	71	12	46	98	91	10
	62	35	52	29	61	11	36	99	90	20
	63	34	53	39	60	1	37	89	80	21
	73	33	54	49	70	0	28	79	81	11
	83	44	55	59	71	10	17	69	82	12
	92	43	65	58	72	20	7	68	91	13
	93	42	75	57	62	21	8	78	90	23
	94	51	86	56	52	22	9	77	80	24
	95	41	87	55	53	31	18	67	70	33
	86	30	77	45	64	32	19	56	61	34
	75	40	68	44	74	23	29	55	50	25
	85	41	67	54	84	13	38	45	60	14
	94	42	56	53	73	4	39	46	70	5
	93	32	47	52	63	3	49	36	81	6
	83	23	48	43	72	2	58	37	71	7
	82	13	57	32	62	1	69	27	61	8
	81	3	68	22	51	0	79	26	50	9
	90	4	69	31	42	10	89	15	41	18
	80	5	79	21	52	11	88	6	30	28
	70	14	89	20	53	12	97	16	40	17
	61	25	88	10	64	23	96	7	50	27
	60	35	97	1	65	24	95	8	51	36
	70	34	96	2	66	33	85	9	52	46
	71	44	95	12	76	43	74	19	53	55
	72	54	85	23	87	32	64	29	63	66
	73	65	74	13	88	22	53	38	62	76
	64	66	75	3	89	31	52	39	61	86
	65	76	85	4	78	41	62	49	50	87
	66	77	84	5	68	42	61	59	40	88
	76	67	94	15	58	51	50	69	30	98
	86	56	93	26	48	52	40	79	21	99
	96	47	92	16	37	43	30	89	11	98
	97	57	91	7	28	33	21	78	10	88
	87	68	82	8	18	24	20	77	0	89
	76	58	83	17	9	13	30	67	1	79
	75	49	72	27	19	3	31	66	2	69
	85	38	62	36	29	4	32	55	12	68
	84	39	61	35	28	5	33	45	23	57
	83	49	50	25	17	15	34	46	22	47
	82	59	41	14	27	6	44	56	11	48
	81	69	30	24	36	16	54	67	10	38
	80	79	20	13	35	26	53	77	21	29
	90	89	30	3	34	15	63	88	31	19
	91	99	40	2	44	14	72	98	42	9
	92	89	50	11	54	24	71	97	51	8
	93	78	60	22	53	23	70	96	52	7
	94	68	61	21	63	32	80	95	43	6
	85	58	62	10	64	33	81	86	44	5
	74	48	52	0	65	34	90	87	45	4
	73	37	43	1	66	25	91	76	46	3
	72	28	32	2	75	35	92	67	56	12
	71	18	23	11	85	46	93	68	55	13
	70	8	33	22	84	47	94	78	54	14
	60	7	34	31	73	37	95	69	53	25
	61	6	45	41	83	48	96	58	52	35
	62	5	55	30	82	38	97	57	42	46
	51	4	56	40	72	29	88	67	41	47
	50	3	66	30	62	18	78	77	31	36
	40	2	75	20	61	8	79	87	21	27
	30	1	85	10	50	7	89	86	11	17
	20	0	74	21	41	16	98	76	12	28
	10	1	73	22	31	26	99	67	13	37
	11	2	83	23	32	15	89	68	14	48
	12	3	82	13	43	25	88	69	24	49
	22	4	72	23	33	34	87	59	14	39
	21	5	71	32	44	45	86	49	15	38
	30	6	70	42	54	35	76	58	16	29
	40	7	60	52	64	46	66	57	27	19
	50	8	61	63	65	55	75	47	28	9
	51	18	62	64	74	66	85	46	37	19
	52	17	63	73	84	76	94	35	48	29
	43	27	53	83	93	75	95	26	49	28
	33	36	44	92	94	74	96	25	59	37
	24	47	34	91	95	84	97	14	69	48
	13	56	25	81	96	73	98	4	68	38
	3	55	26	80	97	63	99	5	77	39
	2	45	36	90	98	52	89	15	76	49
	1	34	37	91	88	42	78	6	66	59
	0	33	28	82	77	51	68	16	55	69
	10	43	18	72	67	61	58	7	45	79
	20	42	8	71	56	50	57	17	34	89
	21	41	9	70	66	40	47	27	33	99
	31	30	19	60	76	50	46	26	43	98
	22	20	29	61	87	51	45	35	32	97
	11	10	39	62	86	52	54	34	23	96
	12	1	38	63	75	53	55	33	24	95
	23	2	48	64	65	44	66	43	14	85
	24	12	49	54	74	45	67	42	13	75
	25	3	58	55	84	46	68	41	4	76
	15	2	59	56	83	36	78	40	5	77
	6	11	69	67	93	37	88	30	14	87
	16	21	78	68	92	48	89	20	24	97
	7	31	79	77	91	38	99	10	34	98
	8	22	69	88	81	29	89	0	44	97
	9	32	58	87	80	19	79	1	53	96
	18	33	57	86	90	29	69	2	54	95
	28	34	47	85	91	39	58	12	64	94
	17	25	36	84	82	49	57	22	63	93
	27	15	37	73	72	59	47	31	52	83
	26	5	48	63	71	69	46	32	51	92
	35	6	49	52	70	58	45	33	61	91
	34	7	38	42	60	68	44	43	50	81
	33	8	29	51	61	67	53	32	40	70
	23	9	19	62	71	66	64	22	30	80
	13	18	29	72	82	65	54	11	20	90
	14	28	39	73	83	74	55	21	10	91
	24	17	49	84	93	75	56	31	0	82
	25	16	59	85	94	76	57	41	1	72
	15	26	69	75	95	77	47	51	2	62
	5	36	68	76	96	78	37	52	3	63
	4	27	57	77	97	88	48	53	13	64
	14	28	58	87	98	89	38	54	12	65
	24	18	49	97	99	79	29	55	22	66
	34	8	38	98	89	69	19	56	31	67
	45	7	29	88	79	58	9	57	41	68
	55	6	19	78	69	48	8	47	51	77
	54	5	9	89	58	37	7	36	62	76
	53	4	8	99	57	28	6	27	72	86
	64	3	7	98	56	17	5	16	82	85
	65	2	6	97	47	18	4	15	81	74
	75	1	5	96	36	29	3	14	80	73
	66	0	4	86	26	39	2	13	70	83
	56	10	3	85	15	49	1	12	60	92
	46	11	2	74	5	59	0	22	50	91
	35	21	12	73	4	69	1	23	40	81
	36	20	13	83	3	78	11	32	30	70
	27	10	24	92	2	77	12	33	31	60
	17	0	34	82	1	87	22	43	32	50
	7	10	25	71	11	86	23	44	42	40
	6	21	35	61	22	75	24	34	52	30
	5	31	45	50	32	74	14	33	63	41
	15	42	46	51	43	64	4	44	53	40
	16	52	55	62	32	54	3	45	63	30
	26	53	66	72	23	65	13	35	73	20
	36	54	67	83	12	75	24	25	84	10
	37	45	68	93	2	76	34	14	94	1
	38	46	58	92	11	67	33	5	95	0
	48	47	57	91	21	68	43	6	96	10
	49	56	58	90	22	69	42	7	97	20
	39	55	59	80	31	79	41	8	88	30
