	97	88	69	69	88	65	35	13	23	72
	87	77	68	78	89	55	26	4	12	62
	76	67	57	79	99	45	15	5	2	51
	66	56	47	69	98	34	6	14	1	41
	55	46	36	58	97	24	7	25	0	30
	45	35	26	48	96	33	8	15	10	20
	34	25	16	37	86	32	9	6	11	21
	24	14	7	27	75	22	18	5	12	31
	13	4	8	16	65	23	17	15	3	42
	12	5	9	26	54	33	28	25	2	43
	11	15	19	36	44	34	29	35	1	53
	10	26	18	47	45	24	38	46	0	64
	20	27	8	57	55	23	39	56	1	73
	30	17	7	68	66	32	49	67	11	74
	40	16	6	77	76	31	59	57	21	84
	50	15	5	88	87	41	69	58	30	83
	60	25	14	78	97	51	79	48	20	82
	61	35	24	89	98	52	69	37	10	71
	70	36	33	99	88	53	68	27	11	81
	80	46	43	89	77	64	67	28	22	90
	81	45	44	88	76	73	56	29	23	91
	82	54	53	77	86	72	47	19	13	92
	83	64	52	67	85	62	48	9	14	93
	84	63	42	56	74	51	37	18	5	94
	73	52	32	47	65	41	27	8	6	95
	63	51	22	48	75	31	16	7	15	96
	62	41	23	37	66	21	26	17	25	87
	51	30	13	27	55	10	35	28	34	97
	42	20	3	26	54	0	45	38	33	98
	43	10	4	15	44	1	46	39	24	99
	33	11	5	6	53	2	36	49	23	89
	32	12	14	7	52	3	47	59	22	79
	31	13	25	8	63	4	57	58	21	78
	41	14	34	9	64	5	68	69	30	88
	40	15	35	19	65	6	78	79	20	77
	50	16	36	29	74	7	89	69	10	76
	60	17	46	38	85	8	98	59	11	86
	61	28	55	39	84	9	97	49	1	95
	71	38	65	29	83	19	96	48	0	94
	70	37	66	18	72	9	86	47	10	93
	80	27	75	17	71	8	76	56	21	92
	81	26	85	16	61	7	67	66	22	91
	82	25	74	15	50	6	57	65	23	90
	83	34	64	14	40	5	58	54	13	80
	72	35	53	24	30	4	68	45	3	70
	73	36	52	34	20	13	77	44	2	71
	84	46	63	33	10	24	87	53	11	72
	74	55	73	43	21	23	88	64	12	83
	65	56	63	52	31	32	78	54	22	93
	55	57	62	42	41	43	79	45	11	94
	46	58	51	52	50	44	89	35	1	95
	36	68	61	53	60	54	99	26	0	96
	47	77	70	64	50	55	98	27	10	87
	57	88	81	65	40	46	97	28	21	86
	68	78	91	55	30	36	96	29	20	75
	69	79	92	46	31	47	86	39	10	76
	59	89	93	56	22	57	85	49	11	66
	58	99	94	67	23	68	84	38	2	65
	48	98	95	77	13	78	74	37	3	54
	47	97	96	87	14	89	65	27	4	45
	36	88	86	76	15	99	66	17	5	35
	26	89	75	67	16	98	55	8	6	25
	27	79	65	57	7	97	45	9	15	34
	17	69	74	48	8	87	44	19	25	33
	18	59	73	37	9	76	43	29	34	24
	28	49	72	38	19	75	32	39	35	23
	27	58	71	48	29	65	42	49	46	12
	36	68	82	47	28	74	41	59	56	11
	46	77	83	57	38	73	51	69	66	21
	55	78	92	68	39	63	62	79	75	30
	65	88	91	67	49	52	61	89	85	41
	64	87	90	66	59	53	60	99	84	42
	54	96	80	65	69	44	70	98	73	51
	45	95	81	75	78	33	71	97	63	50
	34	85	82	86	77	23	72	96	52	40
	25	84	83	76	87	12	73	95	42	30
	14	93	92	67	88	11	74	94	31	20
	13	84	91	56	89	1	65	85	21	10
	12	74	90	47	79	0	55	75	22	11
	3	65	80	37	69	1	45	76	32	2
	4	55	70	27	58	10	44	77	43	11
	5	45	71	16	48	21	53	68	33	22
	6	44	62	26	37	30	64	58	24	32
	15	33	51	25	27	41	54	48	23	43
	14	34	61	24	16	50	65	37	13	53
	4	35	60	25	6	40	66	28	12	64
	3	36	70	26	5	30	76	17	11	54
	12	46	81	27	4	31	77	7	21	65
	11	56	82	17	3	42	68	6	20	66
	21	57	72	8	2	52	58	5	10	76
	22	48	63	9	1	53	49	4	0	77
	32	38	64	18	11	54	39	3	10	68
	42	28	65	19	22	55	29	2	21	57
	52	17	66	9	23	46	38	1	30	48
	53	8	76	18	32	36	37	0	41	47
	54	7	77	28	42	35	27	10	51	56
	64	16	68	29	52	45	26	11	62	67
	63	6	69	39	53	44	15	12	72	57
	73	5	59	49	43	33	14	13	82	58
	74	4	69	38	32	24	25	23	81	48
	65	3	78	37	31	34	35	22	71	47
	55	2	79	36	21	45	46	11	70	56
	66	1	89	27	20	54	35	10	60	67
	75	0	88	17	30	64	26	11	50	76
	85	10	87	18	40	53	27	12	61	86
	84	20	96	19	50	52	17	23	51	95
	83	30	97	9	41	42	18	33	62	94
	92	31	98	8	40	43	28	34	71	84
	91	42	99	7	50	44	29	35	72	83
	81	52	89	16	60	33	39	46	63	92
	70	43	78	6	61	23	49	56	73	91
	80	44	77	15	71	12	58	66	74	90
	81	33	68	5	62	11	69	65	64	91
	82	23	57	4	63	21	59	55	54	92
	71	12	48	3	72	22	49	45	44	93
	61	13	38	2	73	32	39	34	43	94
	51	14	37	11	74	31	29	24	53	85
	52	25	47	22	65	30	19	23	63	75
	42	26	46	32	55	40	9	33	73	66
	41	36	45	31	56	50	8	44	84	67
	51	37	35	30	57	60	7	54	93	76
	62	28	25	20	58	70	6	64	94	87
	71	29	26	10	69	80	5	65	85	88
	70	38	36	1	79	90	4	66	75	97
	60	39	27	0	89	81	3	76	86	96
	61	49	17	10	88	71	2	87	95	97
	50	48	18	11	98	82	1	77	94	96
	40	57	9	21	99	83	0	78	84	95
	30	58	19	22	89	92	10	68	74	94
	20	59	29	12	78	91	21	67	73	84
	30	69	28	13	77	90	22	56	72	93
	31	79	38	14	68	80	12	47	63	92
	22	89	48	15	67	70	13	46	53	91
	12	99	58	16	56	71	14	35	43	90
	13	98	57	17	47	72	15	34	52	80
	14	97	68	27	37	63	16	24	42	70
	15	96	69	26	36	53	7	25	32	71
	6	95	59	35	46	43	8	34	23	72
	7	94	49	45	55	52	18	33	12	63
	8	84	39	44	65	42	9	32	2	64
	17	73	29	33	54	41	19	23	1	74
	28	83	38	24	44	51	18	22	0	85
	27	82	48	13	33	62	8	11	10	75
	36	81	58	4	32	61	7	21	20	66
	46	91	57	5	42	60	16	30	10	76
	45	92	67	6	51	50	27	41	1	86
	44	93	66	7	52	40	36	31	2	87
	33	94	55	8	53	30	46	21	3	88
	32	85	45	9	43	20	35	11	4	78
	31	75	44	19	42	10	34	12	5	69
	21	76	33	29	41	11	24	3	6	59
	22	66	32	39	40	12	23	4	7	49
	31	65	43	38	30	3	13	5	8	48
	21	54	52	28	20	4	14	6	9	58
	11	44	63	18	10	5	15	7	19	68
	2	33	73	17	1	6	26	8	29	57
	3	23	74	27	0	7	25	9	39	47
	4	12	75	16	10	17	35	18	49	36
	5	2	76	26	21	28	46	29	58	37
	14	1	77	25	11	38	56	39	57	48
	24	0	68	35	22	49	67	29	47	58
	34	10	78	36	32	59	66	19	46	69
	45	20	79	27	43	49	65	9	55	58
	54	30	89	16	52	48	64	8	56	57
	53	41	98	15	62	47	63	7	67	68
	44	50	97	6	61	36	72	16	76	77
	33	60	96	5	51	26	71	17	86	87
	32	70	95	4	42	15	61	18	85	88
	23	80	94	13	31	14	51	28	84	78
	12	81	93	3	21	25	42	37	83	69
	11	82	92	2	22	35	31	38	72	59
	1	91	83	12	32	46	30	49	73	58
	0	90	84	22	43	56	40	39	74	48
	10	80	85	21	52	67	41	29	75	47
	20	70	86	30	63	76	50	19	66	36
	21	71	87	40	73	77	60	9	55	26
	11	62	88	41	83	78	70	8	45	25
	2	51	89	50	82	69	80	7	34	14
	3	52	99	60	81	59	90	6	24	4
	13	43	98	61	71	49	91	5	23	14
	12	53	97	62	72	38	92	15	33	25
	22	54	96	52	63	28	93	16	43	35
	32	65	95	53	64	18	84	27	44	46
	43	55	94	52	74	9	85	17	45	56
	42	66	93	51	75	8	86	18	35	57
	31	67	83	41	76	7	87	29	46	68
	21	77	72	30	66	6	88	39	56	69
	11	78	62	20	65	5	89	49	57	79
	1	68	61	10	54	4	99	58	48	69
	0	57	51	21	64	3	98	59	37	78
	1	48	42	22	73	12	97	49	47	88
	2	38	31	23	83	13	96	39	36	87
	3	28	21	24	82	14	95	29	26	86
	4	27	10	34	71	25	94	19	15	85
	5	36	0	35	70	24	93	9	16	84
	6	26	1	45	80	33	83	8	27	73
	7	15	2	54	90	44	82	17	37	72
	16	6	3	65	81	53	71	27	47	62
	26	5	4	64	91	63	61	37	46	51
	25	14	13	73	92	72	50	47	45	41
