	91	24	82	92	69	36	66	17	61	24
	81	14	71	93	59	27	55	7	50	13
	70	4	61	84	49	16	45	6	40	3
	60	5	50	73	38	15	34	7	30	2
	61	14	40	63	28	25	24	8	20	1
	51	13	30	52	17	35	23	9	10	0
	41	12	20	42	7	46	22	19	11	1
	30	3	10	31	6	47	21	29	2	0
	40	4	1	32	5	37	22	28	11	10
	50	14	2	43	15	38	23	18	12	20
	60	25	3	44	26	39	33	17	13	30
	70	35	4	53	36	49	34	27	24	40
	80	46	5	54	47	48	45	16	14	50
	90	56	6	64	57	58	55	7	15	60
	91	67	16	65	68	69	66	8	25	70
	82	76	17	74	77	78	75	9	26	80
	72	86	8	85	87	79	65	19	35	90
	62	95	9	94	88	89	54	29	45	91
	71	96	19	93	97	98	44	39	34	82
	81	86	29	83	87	99	43	49	33	92
	70	75	39	84	76	89	52	48	32	91
	61	65	49	73	66	78	62	57	42	81
	51	54	48	63	55	69	72	56	52	70
	41	44	57	53	45	59	82	47	43	61
	31	34	58	64	46	49	91	37	33	51
	21	24	68	74	36	38	90	28	23	52
	10	13	67	85	37	29	80	18	22	63
	0	12	77	94	28	19	81	17	31	73
	1	11	88	95	27	9	71	7	21	84
	2	10	97	96	16	8	70	6	20	74
	3	0	98	86	15	7	60	5	30	64
	4	1	99	87	14	6	50	15	40	53
	13	2	89	76	25	16	61	26	41	43
	23	3	79	75	35	17	62	36	42	32
	22	4	78	65	45	18	63	47	51	33
	31	5	69	66	54	29	64	56	62	44
	30	6	59	55	65	39	74	57	72	34
	40	7	49	46	75	38	85	48	83	24
	50	8	58	35	86	37	94	47	93	14
	60	9	68	34	95	28	84	46	92	5
	70	18	67	24	94	27	73	55	82	4
	71	17	77	14	93	16	63	54	91	3
	81	7	88	5	83	15	52	53	90	12
	80	6	97	4	72	25	43	44	91	22
	70	15	96	13	82	26	32	34	92	31
	61	14	95	12	71	36	23	24	93	21
	51	13	85	11	62	46	33	25	84	10
	52	12	74	1	63	45	43	35	73	20
	42	22	64	0	53	55	44	34	83	30
	41	11	54	10	43	56	33	24	72	40
	50	2	45	20	42	67	32	13	82	30
	60	3	34	21	41	68	22	4	81	31
	70	12	24	11	50	77	23	5	90	32
	81	13	14	1	60	76	33	6	80	43
	91	4	5	0	70	86	44	16	90	52
	92	3	6	10	81	87	53	27	80	51
	93	2	16	20	71	88	63	37	70	50
	94	1	27	30	61	78	72	38	60	40
	95	0	37	31	51	69	83	29	50	41
	86	10	38	42	62	58	82	39	61	30
	75	20	48	32	63	49	81	29	71	21
	65	10	47	22	73	59	91	18	70	11
	54	1	57	12	84	69	92	8	80	2
	45	0	56	23	94	79	93	7	90	3
	35	10	66	24	95	89	83	17	91	13
	25	21	65	34	86	98	72	28	92	14
	15	31	75	44	76	97	62	27	93	5
	6	41	85	53	67	96	52	26	84	4
	7	40	74	64	68	95	43	15	83	3
	8	50	73	63	77	85	33	25	72	2
	9	61	84	62	87	74	32	35	82	11
	18	60	94	51	96	65	31	36	71	21
	17	70	93	42	97	55	41	46	61	30
	16	81	92	52	98	54	40	47	51	20
	26	80	82	53	89	45	50	37	62	10
	27	90	71	54	79	34	60	38	63	1
	28	91	61	55	78	33	70	39	53	0
	29	92	62	46	88	43	81	49	54	10
	38	93	52	36	77	42	80	58	55	11
	37	94	53	26	76	32	90	68	46	22
	36	95	44	16	66	23	91	67	47	12
	35	96	54	6	56	13	92	57	48	3
	45	87	64	7	55	24	83	58	49	4
	34	77	73	8	65	14	72	59	39	5
	24	67	63	9	75	15	82	69	29	6
	13	56	62	18	86	16	71	79	19	7
	12	46	51	17	95	27	61	89	29	8
	22	35	41	28	94	26	50	99	38	9
	23	25	31	37	93	36	40	98	48	18
	33	34	22	47	83	46	30	97	57	28
	44	45	12	56	72	55	20	87	68	38
	53	54	2	66	73	65	10	86	69	37
	64	44	1	75	74	55	0	85	59	36
	63	43	11	76	84	46	10	95	49	35
	62	42	21	77	94	47	20	96	58	26
	51	31	22	78	95	48	30	97	57	15
	41	32	23	88	96	38	40	98	67	5
	50	33	24	89	97	39	30	99	76	4
	60	34	14	79	88	29	20	98	75	3
	70	35	4	69	87	19	10	89	74	2
	80	26	3	68	86	9	1	79	64	11
	81	15	13	58	75	8	0	69	63	12
	90	5	23	49	66	7	10	59	52	22
	91	4	32	39	67	6	21	58	42	31
	92	3	43	29	68	5	30	48	51	41
	82	13	53	18	58	4	40	38	61	50
	71	14	54	9	49	5	30	39	60	51
	61	25	45	8	59	15	20	29	70	62
	50	24	34	7	69	16	10	18	80	72
	41	33	44	17	78	27	1	8	81	83
	42	23	43	28	77	37	2	9	90	84
	52	12	32	38	76	36	3	19	91	85
	63	11	22	48	87	46	4	29	92	86
	72	21	31	47	96	45	13	28	83	95
	73	30	41	36	97	44	14	37	84	94
	74	40	51	46	98	43	5	27	93	85
	65	50	52	45	99	42	6	26	92	75
	55	51	63	44	89	32	16	35	82	66
	46	52	72	33	88	23	17	45	71	56
	47	63	62	34	78	13	18	54	61	57
	48	64	51	35	79	4	19	53	60	67
	58	73	41	26	69	5	29	44	70	68
	49	83	31	15	59	6	28	34	80	77
	39	84	32	14	58	7	27	25	81	76
	38	94	33	24	57	16	26	35	90	86
	29	95	43	23	56	17	36	46	91	87
	18	86	42	12	66	8	37	55	92	96
	9	85	52	2	76	7	38	65	83	97
	19	74	63	1	77	6	39	75	73	98
	29	64	72	0	87	5	49	76	84	99
	28	54	82	10	97	14	48	67	93	89
	37	45	71	20	98	24	47	68	94	88
	27	44	61	21	99	25	57	78	95	77
	16	43	50	11	89	34	67	79	96	76
	6	42	40	22	88	44	56	69	97	66
	5	31	30	32	87	53	46	59	98	55
	4	41	20	33	86	54	45	49	99	65
	3	51	10	34	85	64	35	38	89	74
	2	62	0	24	75	63	26	37	78	73
	1	52	10	13	76	72	15	47	69	83
	11	43	21	3	77	82	16	48	59	92
	12	33	22	4	68	81	27	58	49	91
	13	23	32	5	57	70	17	69	39	90
	14	24	42	15	67	80	8	79	29	81
	25	34	31	26	56	70	18	89	19	71
	35	44	30	36	66	60	9	88	29	61
	46	53	40	37	55	50	8	97	28	51
	45	54	41	38	65	61	7	96	27	62
	34	64	51	48	74	71	6	95	16	63
	33	73	62	57	84	72	5	94	17	52
	43	83	61	67	93	82	4	85	18	42
	32	92	70	56	84	91	3	86	19	31
	22	82	81	66	85	90	2	87	29	21
	11	71	80	55	86	91	1	76	38	20
	10	62	70	46	75	92	0	77	48	30
	20	51	60	45	66	83	1	78	57	40
	30	42	50	44	67	84	2	68	56	41
	31	52	61	53	76	85	12	58	47	51
	42	63	71	54	87	86	13	48	36	62
	51	64	72	65	88	96	23	37	26	52
	41	74	73	75	98	97	24	27	15	43
	40	85	84	76	99	87	14	16	5	33
	30	86	94	77	89	88	25	6	4	23
	21	76	95	78	79	97	35	5	3	12
	22	77	86	69	89	96	46	4	2	11
	32	68	75	58	98	87	55	3	1	10
	31	57	66	49	97	76	45	2	0	20
	42	47	55	39	96	67	44	1	10	30
	51	36	46	29	95	57	53	11	20	31
	50	26	35	28	94	47	54	21	30	32
	60	15	25	17	93	36	64	31	41	42
	70	5	14	7	92	26	63	22	50	51
	81	4	13	6	82	15	52	23	60	61
	90	3	24	5	91	14	42	33	70	62
	80	2	34	6	92	25	31	44	81	72
	70	1	45	16	83	35	21	53	71	73
	61	0	54	27	84	46	10	63	62	64
	51	1	53	37	85	56	11	52	72	65
	42	2	43	38	86	66	12	62	83	74
	32	3	33	48	75	65	22	72	73	84
	23	13	24	58	74	54	31	82	63	85
	12	4	14	59	64	53	30	91	52	95
	11	5	15	69	63	43	40	90	42	96
	21	6	16	78	52	32	41	80	31	87
	20	7	27	79	43	33	50	81	22	88
	30	8	37	89	44	34	60	70	23	77
	40	9	38	88	45	25	61	71	33	68
	41	18	48	77	55	26	51	62	34	58
	42	19	49	67	46	16	52	72	25	59
	43	29	39	56	47	27	63	83	26	69
	44	28	38	57	36	37	72	93	15	78
	34	17	48	68	35	27	83	94	6	79
	24	7	47	58	45	16	93	95	5	89
	13	6	57	49	54	15	94	96	4	98
	3	5	67	39	65	14	95	87	13	97
	2	4	76	29	66	25	96	86	12	88
	1	3	75	18	55	26	95	85	11	77
	0	2	74	8	46	36	94	84	10	67
	1	12	73	7	56	37	93	83	21	57
	2	13	64	6	47	28	92	82	31	68
