	32	66	13	44	53	68	89	75	35	96
	22	56	3	33	43	57	78	65	25	87
	11	46	2	23	32	47	68	64	14	76
	1	35	12	13	22	36	57	53	4	66
	0	25	3	24	21	26	47	43	5	55
	10	15	4	34	20	16	36	32	6	45
	11	14	5	44	30	7	26	22	16	54
	2	13	6	53	31	8	27	23	17	64
	3	12	7	52	41	9	28	33	18	65
	4	22	8	51	40	19	29	34	17	74
	14	31	9	41	50	18	38	45	16	73
	24	30	8	42	60	28	37	54	15	72
	34	40	7	43	61	27	48	55	25	62
	45	50	16	33	70	36	49	66	35	71
	54	60	15	24	80	46	58	67	26	81
	55	61	5	25	90	56	59	76	27	82
	66	62	6	35	91	67	69	77	17	83
	76	71	7	46	82	68	79	87	18	84
	86	72	17	56	83	58	89	88	29	85
	95	63	18	67	84	48	99	97	39	94
	96	53	29	77	93	49	98	87	38	85
	86	43	19	78	92	59	97	76	37	75
	95	33	9	68	91	69	96	66	47	65
	94	24	8	57	81	79	87	55	36	64
	93	25	7	47	70	89	88	45	35	63
	92	14	16	37	60	99	77	44	34	53
	91	13	15	28	50	98	67	54	33	52
	81	23	14	27	51	97	57	65	32	42
	70	12	13	16	41	96	47	74	22	31
	60	2	3	15	30	86	37	73	11	21
	50	1	4	14	20	85	28	83	10	22
	41	0	5	24	30	74	27	92	11	32
	40	10	6	25	31	64	16	93	12	43
	50	20	7	26	32	53	17	84	23	44
	61	30	8	36	43	54	18	94	24	45
	62	40	9	46	44	65	29	95	25	55
	71	50	19	56	54	75	39	96	26	66
	82	61	29	67	65	76	49	97	27	55
	72	62	39	77	74	87	58	98	28	45
	73	63	49	78	84	88	48	89	17	35
	83	64	38	68	94	97	57	79	18	34
	93	74	37	69	95	96	47	78	29	33
	94	75	28	59	86	87	36	77	38	24
	95	85	27	58	76	88	35	67	39	13
	96	84	16	48	66	98	34	56	49	3
	87	73	15	57	55	99	33	47	38	2
	76	72	14	68	45	89	23	36	37	1
	66	71	13	78	34	79	12	35	27	0
	56	81	3	69	33	89	2	25	16	10
	47	70	4	59	23	88	1	15	6	21
	37	80	5	58	13	97	0	14	7	20
	27	90	6	48	24	96	10	25	8	30
	16	91	7	37	34	95	11	26	9	40
	17	92	8	36	44	85	21	35	19	41
	18	82	9	46	53	84	20	45	29	31
	28	83	19	55	43	93	30	44	39	22
	38	73	29	54	32	94	31	33	49	11
	48	63	39	44	42	95	41	23	59	12
	58	52	49	43	51	86	40	13	69	2
	68	62	59	32	50	75	30	3	79	1
	78	61	69	22	60	65	21	2	89	0
	88	71	79	12	70	54	10	1	98	0
	97	72	89	2	81	44	20	11	99	10
	96	82	78	3	80	33	30	21	98	0
	86	81	77	4	90	23	31	22	97	1
	75	91	67	5	80	24	41	32	96	2
	65	92	57	15	70	14	50	42	86	3
	54	93	56	6	61	25	51	41	75	4
	44	94	46	7	62	26	52	40	65	5
	33	95	35	8	63	27	53	30	54	15
	23	86	34	9	64	17	43	20	45	14
	12	75	24	18	74	8	44	10	55	25
	2	66	13	19	85	7	34	0	56	26
	1	76	12	29	84	16	24	10	47	27
	11	87	22	28	83	6	14	21	36	37
	2	88	31	38	73	5	4	30	46	48
	3	89	32	39	72	15	13	41	35	49
	12	79	43	29	71	25	23	42	34	58
	22	69	52	18	82	26	32	51	33	59
	31	68	62	9	81	16	42	50	43	49
	41	78	71	8	90	17	51	60	52	48
	50	77	72	7	80	27	61	70	62	57
	60	67	73	6	81	36	71	61	63	68
	50	56	64	5	91	47	82	51	53	58
	40	55	65	14	92	37	83	42	54	69
	30	45	75	13	93	28	84	32	44	79
	20	46	86	12	94	38	74	23	34	89
	10	35	96	11	95	39	65	24	25	98
	0	26	97	1	85	29	54	33	15	99
	10	16	98	2	74	19	53	43	6	89
	21	17	88	3	73	18	52	42	7	78
	22	8	87	4	72	9	62	31	16	77
	32	17	76	5	71	19	61	41	27	67
	23	28	66	15	70	29	60	51	36	57
	13	37	56	25	80	38	50	62	47	48
	4	27	57	24	90	49	40	72	46	58
	3	26	68	34	81	59	30	71	55	69
	2	25	78	35	82	49	20	61	65	79
	12	14	89	45	91	39	10	50	74	69
	11	13	99	55	92	29	0	40	85	58
	1	12	98	66	83	18	10	30	84	48
	2	22	97	56	93	8	21	20	94	47
	3	31	96	46	92	7	11	30	95	36
	13	42	86	35	82	6	2	41	85	37
	14	43	75	34	72	5	3	51	74	28
	24	44	76	33	63	15	4	52	64	18
	23	54	77	32	53	25	5	43	73	8
	12	65	88	22	63	34	6	42	83	7
	11	55	87	21	73	35	16	31	84	17
	1	45	97	10	72	46	15	30	93	27
	0	44	98	20	62	56	26	40	94	36
	1	43	89	30	71	67	25	50	95	35
	2	32	78	40	70	77	24	60	96	34
	3	23	68	50	80	76	33	61	87	44
	4	12	57	41	90	66	43	51	86	53
	13	22	58	42	81	75	52	62	85	63
	14	21	59	31	91	74	53	72	84	64
	15	11	49	30	92	65	54	82	83	73
	16	2	38	20	93	55	45	71	84	63
	17	3	28	10	94	46	35	70	85	62
	27	13	29	0	95	47	36	60	86	71
	37	14	18	1	96	48	26	50	87	70
	38	4	8	2	97	57	25	40	88	60
	29	5	9	3	98	56	24	30	89	50
	19	6	18	13	99	67	34	21	79	40
	29	7	17	14	89	77	33	22	69	30
	39	16	28	4	79	88	32	12	58	21
	49	26	27	5	69	97	22	2	48	11
	59	25	36	6	58	98	12	1	57	10
	69	24	46	7	68	99	2	0	56	20
	78	34	45	8	67	89	1	10	66	30
	77	33	44	9	76	88	11	20	75	31
	87	32	43	18	86	97	21	30	74	41
	96	23	42	17	85	98	31	40	64	51
	95	12	52	16	74	99	41	50	63	61
	85	22	53	15	64	89	51	60	72	62
	74	21	54	25	73	79	52	70	82	71
	65	10	55	24	72	69	53	80	81	61
	66	0	46	23	82	58	54	90	91	50
	56	1	35	12	83	48	55	80	92	40
	47	2	26	11	84	37	46	70	93	30
	36	3	15	22	94	38	35	61	83	20
	26	13	14	31	95	29	25	50	73	10
	15	4	5	30	86	18	34	40	63	0
	6	3	14	20	75	8	45	41	52	1
	7	12	24	21	65	9	44	42	43	2
	8	22	34	10	54	19	33	32	53	11
	9	21	35	0	64	29	23	31	63	1
	19	20	46	10	74	28	13	30	62	2
	29	21	56	11	85	17	4	40	51	3
	28	22	57	12	84	7	5	50	61	13
	38	23	67	2	93	6	15	60	71	14
	39	13	68	1	92	16	26	70	72	25
	49	4	77	0	82	27	36	71	83	35
	59	5	76	10	81	37	47	72	73	46
	69	6	75	20	90	48	57	63	64	56
	68	7	85	30	91	49	67	52	65	66
	77	8	74	40	92	59	76	42	55	75
	78	9	84	50	93	69	87	41	45	86
	79	18	94	51	83	58	88	31	44	96
	89	17	95	62	82	48	78	32	43	97
	98	16	96	61	71	38	68	33	53	88
	99	27	87	60	70	29	58	24	54	77
	89	26	76	50	80	18	48	34	64	68
	79	15	66	40	81	8	38	25	74	58
	69	14	55	30	90	9	29	35	75	48
	58	13	45	31	91	19	18	36	76	38
	48	3	34	32	92	29	17	37	77	28
	38	12	24	23	93	39	7	47	78	27
	49	11	33	22	94	29	6	46	79	16
	59	21	44	31	95	18	5	56	89	26
	69	10	53	42	86	17	14	57	88	15
	78	1	54	52	87	7	13	67	97	25
	88	2	64	53	96	6	3	66	98	24
	77	12	73	63	95	5	4	65	99	13
	67	23	72	62	85	14	3	54	89	24
	56	33	83	51	84	15	2	53	79	34
	46	44	82	41	74	16	11	52	69	35
	47	53	71	50	65	27	22	42	68	36
	57	52	61	60	66	28	32	41	67	37
	58	42	70	50	55	38	43	30	76	48
	49	41	80	40	45	39	33	20	75	47
	59	30	81	50	44	29	24	10	86	56
	69	20	90	51	43	19	25	0	87	66
	78	21	91	62	32	9	35	1	97	65
	88	31	92	63	22	8	46	2	98	54
	77	42	93	64	12	18	47	3	99	44
	68	51	94	65	13	17	56	4	89	43
	57	62	95	55	14	7	66	5	79	32
	56	63	86	45	15	6	67	4	69	42
	46	64	75	54	26	16	76	3	68	41
	45	73	85	53	25	27	87	2	77	30
	54	72	84	52	24	36	96	11	78	20
	44	83	73	43	23	35	97	10	88	21
	34	82	74	33	32	25	98	0	89	22
	24	71	65	23	31	14	99	1	79	12
	13	61	55	22	42	4	89	2	69	3
	14	60	46	31	51	5	79	11	58	12
	15	70	36	42	61	6	69	21	48	22
	16	80	26	51	50	7	58	31	37	32
