	64	10	71	66	14	49	46	38	42	90
	54	0	61	55	4	58	35	28	31	81
	44	1	50	45	3	57	25	17	21	70
	33	2	40	34	12	56	14	7	10	60
	23	11	30	24	13	46	4	6	0	50
	22	21	20	25	3	35	5	15	1	40
	31	10	30	26	2	36	14	16	11	41
	32	0	20	27	12	37	4	17	22	42
	43	1	10	28	13	47	3	8	23	52
	53	2	21	18	24	48	12	9	33	63
	64	11	22	19	34	38	23	8	43	72
	65	1	31	29	44	39	33	7	52	73
	74	0	42	28	43	49	32	6	63	83
	73	10	52	17	53	59	23	5	72	82
	83	20	63	7	64	69	13	14	62	91
	82	30	73	6	65	68	4	15	51	92
	71	40	84	16	74	77	3	25	61	93
	81	50	85	26	75	76	2	35	70	94
	80	51	86	36	66	87	1	45	60	95
	90	52	96	46	67	88	0	54	50	85
	91	43	97	55	57	78	10	53	40	74
	92	33	88	65	58	79	20	63	30	64
	93	24	78	66	48	89	21	72	41	73
	84	34	69	67	37	98	11	71	31	83
	94	44	58	56	36	99	12	61	21	82
	95	45	57	47	46	89	22	60	11	71
	96	55	48	37	35	79	32	70	2	62
	97	56	38	27	25	69	33	80	3	61
	88	47	29	28	14	58	24	81	13	60
	78	57	18	17	5	48	23	90	4	50
	79	68	9	8	6	38	12	91	3	41
	89	77	19	7	15	29	11	82	2	31
	98	76	18	6	16	39	1	83	12	21
	99	75	28	5	26	49	0	92	22	11
	89	65	37	14	36	59	10	93	32	1
	88	64	27	25	46	69	20	84	42	2
	77	63	17	26	45	68	30	94	51	3
	76	62	8	36	54	67	40	95	52	13
	75	72	9	46	53	66	50	96	43	14
	86	73	19	55	44	65	51	87	33	15
	85	74	29	54	34	64	42	97	24	6
	84	75	39	53	35	63	43	98	25	7
	83	76	49	44	26	52	33	99	14	8
	82	77	59	34	27	43	24	89	13	9
	71	78	69	45	17	44	23	79	4	18
	70	88	58	35	16	54	12	89	3	29
	61	87	57	25	15	55	2	98	13	39
	60	96	56	14	5	46	11	97	24	49
	50	95	47	4	6	35	21	88	33	59
	40	94	48	3	7	25	31	77	32	58
	30	93	38	2	8	15	41	68	22	69
	20	83	28	11	9	6	51	67	23	78
	10	82	37	21	19	7	62	66	12	79
	0	71	36	22	29	16	72	65	3	89
	1	81	35	23	28	27	73	74	4	99
	2	80	25	12	37	36	64	85	13	98
	3	90	14	11	38	47	53	86	24	97
	13	91	15	21	48	57	63	75	34	87
	24	92	6	31	49	67	52	76	44	86
	34	93	7	42	39	56	43	77	53	96
	45	84	8	32	29	55	33	88	54	95
	46	73	9	22	18	66	23	78	65	94
	35	63	19	12	17	75	13	69	74	84
	26	52	29	3	16	85	4	59	73	93
	27	42	28	2	15	84	5	49	83	92
	36	43	37	1	25	93	14	39	82	91
	47	44	38	10	24	92	13	29	81	90
	48	34	49	20	33	91	23	18	70	80
	58	45	59	30	32	81	22	8	60	90
	68	55	69	40	31	71	11	7	50	91
	57	66	79	41	30	61	10	6	51	82
	67	65	89	42	21	62	20	5	52	71
	66	74	99	43	22	72	10	4	53	70
	65	85	98	44	12	63	0	3	64	80
	55	94	97	54	2	73	1	13	74	81
	56	95	96	45	11	84	10	14	75	90
	46	86	87	35	21	94	20	15	76	91
	36	85	77	26	31	95	30	16	67	92
	27	74	88	25	42	96	40	17	56	83
	28	64	78	24	51	97	50	18	46	72
	37	54	68	23	61	88	60	9	35	63
	38	44	58	33	62	77	70	19	26	53
	39	34	48	32	71	78	81	29	16	52
	49	45	37	31	72	68	82	18	6	51
	48	55	27	30	63	58	83	8	7	50
	47	66	16	40	52	59	73	17	6	60
	57	67	15	50	43	69	63	28	5	61
	56	76	25	41	44	79	52	38	4	71
	46	75	24	42	33	89	43	49	3	82
	35	65	23	32	34	99	53	59	2	81
	36	74	22	31	45	98	64	69	1	70
	26	84	12	21	54	97	73	79	0	80
	27	93	3	10	65	87	72	89	1	90
	28	94	4	11	75	76	62	99	2	91
	38	85	13	12	86	77	71	98	3	92
	29	95	14	23	96	88	70	97	4	93
	19	94	15	24	87	78	80	98	5	84
	9	85	26	34	88	68	90	89	6	83
	18	74	36	45	78	58	91	79	7	72
	8	64	47	55	68	48	92	69	17	62
	9	63	37	46	58	57	93	59	16	51
	19	62	27	35	49	67	94	69	26	50
	29	72	28	25	39	66	85	78	15	40
	38	83	18	14	49	55	86	77	5	30
	48	82	8	13	58	56	87	67	4	20
	47	71	7	12	68	46	77	76	3	10
	36	61	6	22	67	35	88	75	2	0
	37	50	15	32	66	25	97	74	1	10
	27	40	14	33	55	24	96	64	11	21
	17	30	13	43	46	23	95	63	22	31
	7	41	4	42	35	12	94	52	32	21
	6	51	5	43	25	3	84	53	33	20
	16	52	15	44	24	4	73	54	34	10
	26	53	25	45	14	5	63	65	35	0
	36	44	34	55	13	6	64	66	46	1
	47	45	33	56	23	7	54	76	35	2
	57	46	32	67	22	8	65	86	26	3
	58	56	31	77	21	9	75	95	27	4
	59	57	30	88	20	19	85	96	28	5
	69	58	40	89	10	29	86	97	18	6
	79	49	50	98	0	39	87	88	17	16
	89	38	60	99	1	29	76	78	7	15
	88	48	70	98	2	28	66	68	8	14
	77	37	80	97	11	17	55	67	9	13
	76	36	81	96	12	16	46	66	19	23
	75	35	82	95	22	15	45	55	29	24
	74	25	71	94	32	14	34	54	38	33
	84	24	61	93	42	13	44	53	39	43
	83	23	62	92	41	12	45	52	49	32
	72	22	51	82	40	2	46	63	48	31
	73	21	41	71	50	1	47	64	37	30
	74	20	42	61	60	0	56	65	27	31
	85	10	43	70	50	1	57	66	26	32
	86	11	33	80	40	2	58	56	16	23
	87	12	34	90	30	3	59	47	6	13
	88	22	35	91	21	4	69	57	5	14
	78	31	26	81	20	13	79	58	15	25
	89	41	36	82	10	24	69	59	16	34
	99	51	46	83	0	33	68	49	7	44
	98	52	56	73	1	43	67	38	8	54
	97	63	55	64	2	53	77	28	18	65
	96	62	45	74	11	54	76	17	9	75
	95	72	35	84	12	44	66	27	19	85
	94	71	26	93	23	34	56	36	29	86
	85	61	15	92	24	35	47	37	39	87
	86	60	6	91	14	26	48	38	49	88
	87	50	5	90	4	27	57	28	58	78
	88	40	15	80	3	16	68	18	69	79
	78	30	25	70	13	7	67	8	59	89
	77	20	34	71	12	17	76	9	49	99
	87	10	33	62	22	27	75	19	39	98
	97	0	32	72	21	36	65	29	38	88
	96	1	42	82	30	46	55	28	37	78
	95	2	31	81	40	45	54	17	36	69
	94	11	30	91	50	44	53	27	46	59
	84	12	40	92	60	33	43	36	55	49
	83	3	50	93	61	32	42	46	65	39
	73	4	41	94	62	22	31	55	64	29
	63	5	51	85	71	11	21	65	53	18
	52	6	62	74	70	10	20	64	43	8
	42	7	71	73	80	0	30	53	44	17
	32	16	70	63	81	1	40	54	34	28
	23	15	60	52	90	2	50	45	24	27
	13	14	61	42	91	3	41	35	25	16
	12	4	51	43	82	2	31	26	34	15
	22	3	42	44	72	11	32	36	33	5
	21	2	43	53	83	10	23	47	24	4
	20	1	52	64	84	0	13	48	25	3
	30	11	62	65	74	10	14	57	26	2
	40	12	72	66	75	20	25	56	27	3
	50	22	82	67	76	30	35	46	37	4
	61	31	91	68	77	40	45	55	47	14
	51	30	90	58	87	50	54	65	48	25
	62	20	80	69	86	60	44	64	38	35
	72	21	70	78	95	61	34	73	49	36
	71	10	81	79	96	62	33	63	59	37
	82	0	91	89	97	52	32	53	69	38
	92	1	90	88	98	42	31	44	78	39
	93	2	80	77	99	41	22	34	68	29
	94	11	70	67	89	30	12	33	57	18
	85	21	60	56	78	20	23	32	47	8
	86	10	50	46	68	30	24	43	36	7
	76	0	41	55	57	40	13	52	35	17
	67	1	51	45	56	50	4	62	34	27
	66	2	61	54	46	60	5	72	44	16
	75	3	71	53	36	70	6	83	33	15
	74	4	72	52	26	81	7	92	32	14
	84	13	83	42	15	82	8	93	22	25
	73	12	72	31	16	91	9	94	11	35
	64	23	63	21	7	90	19	95	10	45
	54	24	53	30	8	80	29	96	20	55
	65	25	44	40	9	70	28	87	10	56
	66	26	45	50	19	60	37	77	0	47
	76	36	35	41	29	61	48	88	1	57
	77	37	46	51	28	62	49	97	2	58
	87	48	47	52	38	63	59	98	3	69
	96	49	57	43	39	64	58	99	4	79
	97	38	68	44	29	65	69	89	5	78
	88	28	77	34	18	55	59	98	15	79
	87	17	67	25	8	46	49	99	26	78
