	25	8	78	73	13	4	64	14	33	17
	15	7	68	63	3	5	53	24	32	16
	6	8	57	52	2	4	43	23	22	26
	7	18	47	42	1	3	32	12	11	36
	8	19	37	31	0	2	22	13	10	46
	18	29	28	21	1	11	12	14	20	45
	9	38	27	30	10	22	13	25	21	34
	8	39	17	40	0	23	14	35	31	44
	7	49	16	41	1	33	25	26	42	43
	6	48	15	50	2	24	34	36	51	53
	5	58	14	60	3	13	45	47	61	54
	4	59	25	70	12	23	55	48	62	65
	3	69	35	71	11	32	56	38	72	66
	2	79	36	81	22	42	67	39	82	75
	1	89	47	80	32	41	76	49	83	74
	0	88	48	90	42	40	75	58	84	85
	10	87	57	91	41	50	86	59	93	94
	20	96	56	92	51	60	95	69	83	85
	21	97	55	82	61	70	86	79	73	74
	30	98	65	72	62	71	76	89	64	75
	31	99	54	73	63	81	77	78	53	66
	41	89	44	64	52	80	68	88	43	67
	40	79	33	53	42	90	58	87	32	57
	50	69	24	52	31	91	49	96	23	47
	51	68	34	43	21	92	38	95	13	37
	42	67	45	44	20	93	29	94	4	28
	32	66	46	54	10	84	18	85	3	27
	22	56	35	55	0	83	9	74	2	17
	11	46	26	65	1	73	8	64	12	18
	21	35	16	75	2	72	7	63	23	19
	30	26	6	86	12	82	17	62	33	29
	41	15	5	76	13	71	28	51	34	39
	40	14	4	77	23	61	37	50	25	49
	30	24	3	78	33	60	36	41	35	48
	31	34	2	88	43	70	47	42	45	58
	32	44	1	97	53	81	48	52	54	59
	33	43	0	98	64	80	58	63	55	69
	23	52	10	99	74	90	57	73	66	78
	22	63	11	89	75	91	68	84	76	77
	21	73	12	79	86	92	67	93	87	88
	20	84	13	69	96	83	76	94	97	98
	30	85	4	58	95	72	75	93	88	99
	40	74	5	48	86	62	65	92	89	98
	50	64	6	37	76	71	54	82	79	97
	60	53	16	27	67	61	45	81	69	87
	70	44	7	17	56	51	46	80	59	76
	71	45	8	18	47	41	36	90	49	67
	72	46	9	19	37	31	27	91	38	56
	63	36	18	29	28	42	16	92	39	47
	53	27	17	38	37	32	7	83	49	48
	54	26	8	29	36	33	6	73	58	57
	55	15	9	19	35	24	5	64	68	67
	46	14	18	29	25	13	4	65	78	66
	47	24	28	39	34	3	5	55	77	75
	36	23	27	49	44	2	6	54	88	85
	26	22	16	58	43	1	7	53	89	84
	15	11	17	57	52	0	8	63	99	94
	14	1	18	68	62	10	9	72	98	95
	24	2	19	78	71	21	8	82	97	96
	23	12	29	77	61	20	7	81	87	86
	32	13	39	76	50	30	6	70	88	75
	43	4	49	67	40	41	15	60	89	74
	52	5	58	56	50	51	25	61	79	73
	42	6	57	55	41	62	34	71	69	63
	31	7	68	54	30	72	44	82	59	64
	22	17	69	45	21	83	43	91	49	65
	11	8	78	35	10	93	52	90	38	66
	1	9	77	46	0	92	51	80	28	75
	2	19	67	47	10	91	41	81	27	85
	3	29	56	37	20	82	30	70	16	84
	4	38	66	48	21	71	40	60	6	83
	5	28	65	49	31	70	50	61	7	92
	6	27	54	59	32	80	51	62	8	91
	7	36	44	69	33	90	42	63	9	82
	8	26	45	79	24	91	32	64	18	72
	17	16	35	89	13	92	33	65	19	73
	28	15	26	88	3	83	24	66	29	74
	37	14	25	98	4	84	13	75	39	64
	47	5	24	99	3	85	12	86	49	53
	57	6	23	89	2	94	22	95	58	43
	68	7	32	78	11	93	21	96	69	33
	77	8	31	79	1	92	10	87	59	34
	67	9	41	89	0	82	20	76	49	44
	56	19	30	88	10	72	21	66	38	54
	55	29	40	77	11	73	22	65	48	45
	46	39	50	67	12	74	23	54	37	35
	36	49	60	56	13	64	24	44	27	26
	47	58	70	55	4	53	34	33	16	15
	57	59	80	45	5	43	35	32	6	14
	58	69	81	46	15	52	36	42	7	25
	68	79	90	47	26	62	27	51	8	34
	78	89	91	48	16	71	17	50	9	33
	88	98	92	38	7	61	8	60	18	43
	97	99	83	28	6	70	9	50	19	52
	96	89	82	27	5	80	18	40	29	42
	86	79	71	16	4	81	28	41	39	51
	75	69	72	6	3	90	38	31	49	62
	74	59	63	5	2	91	48	21	58	61
	64	49	73	4	1	92	37	20	57	60
	65	48	84	14	0	93	47	10	67	50
	66	57	85	15	1	94	56	11	76	40
	55	67	95	25	2	84	46	22	87	30
	54	76	96	26	12	83	45	23	77	31
	44	86	87	35	13	82	34	24	68	21
	53	75	88	36	14	71	33	25	78	10
	43	74	98	27	5	61	32	15	89	0
	52	64	97	17	6	60	42	16	99	1
	51	54	96	7	5	50	41	26	98	2
	62	44	95	8	4	40	30	35	97	3
	72	45	85	9	13	41	31	46	96	12
	63	55	75	19	23	42	21	47	95	11
	64	65	74	18	32	43	20	37	85	22
	73	66	84	29	33	44	10	28	94	12
	83	56	93	39	34	54	0	38	95	2
	92	47	94	49	45	64	1	48	86	3
	91	57	95	58	46	63	2	37	76	4
	81	67	86	69	47	62	3	36	66	14
	70	77	76	79	57	72	4	27	55	24
	80	68	87	78	58	73	14	16	54	34
	90	69	88	89	59	74	24	15	53	45
	91	79	98	99	49	65	23	14	43	46
	82	89	97	98	38	66	22	24	33	47
	71	78	96	88	28	55	32	25	23	37
	61	77	95	87	27	45	31	26	12	48
	60	67	85	96	17	34	30	35	13	57
	50	56	75	95	7	44	40	36	3	58
	51	55	65	85	6	54	41	46	2	68
	52	66	64	75	5	53	42	47	11	69
	63	76	73	86	4	43	32	37	21	59
	62	77	84	87	13	33	22	38	30	49
	72	68	83	97	23	24	11	29	31	39
	82	58	93	98	12	14	21	19	41	38
	92	59	94	99	11	15	20	9	40	28
	93	69	95	89	10	16	30	8	50	17
	94	79	86	78	20	26	31	18	51	27
	95	89	76	88	21	25	41	29	42	36
	86	98	66	77	22	34	40	39	52	35
	76	97	67	87	31	45	50	49	62	46
	75	96	68	88	30	44	61	48	63	56
	74	95	58	78	40	54	62	57	72	66
	65	85	69	68	50	55	71	56	73	76
	64	74	59	77	61	66	70	47	83	86
	53	73	49	87	60	67	80	37	82	96
	52	63	38	97	50	77	81	28	71	95
	51	62	29	98	41	78	90	17	72	85
	42	61	19	99	31	69	91	7	83	74
	32	60	9	89	21	59	92	6	84	65
	43	50	8	79	11	49	93	5	94	54
	33	41	7	78	1	38	83	4	95	44
	23	42	6	88	2	37	73	3	86	34
	13	32	5	77	12	47	74	4	87	24
	14	23	15	67	22	36	75	3	76	25
	24	33	16	56	31	26	66	2	86	35
	34	43	27	47	30	36	55	11	85	45
	44	53	28	46	20	37	65	10	84	54
	33	64	18	45	21	48	74	0	93	55
	32	63	29	35	22	57	85	1	92	56
	42	52	39	25	12	58	84	2	82	67
	51	62	49	15	13	68	93	3	71	77
	61	72	48	6	4	69	92	12	70	78
	60	83	57	7	5	59	82	23	80	89
	50	73	58	17	6	49	81	24	90	98
	40	74	68	18	7	38	91	14	80	97
	41	75	67	28	17	37	92	5	70	96
	31	76	66	27	8	36	93	6	60	95
	30	87	65	16	9	26	94	7	50	85
	20	96	54	15	19	35	84	8	40	75
	10	97	44	25	29	34	73	9	41	76
	0	98	43	24	39	33	74	19	31	87
	1	89	53	13	38	32	75	29	30	88
	2	79	64	3	48	31	76	18	20	77
	11	78	63	12	47	41	86	17	10	68
	21	69	52	22	46	40	95	28	0	57
	31	59	42	32	55	50	94	37	1	47
	41	49	51	23	66	60	93	48	2	46
	50	58	62	24	65	61	83	38	3	45
	40	68	71	14	54	70	72	39	4	34
	30	67	82	5	44	81	73	29	13	33
	20	56	91	6	43	90	84	19	12	32
	10	46	92	7	42	80	85	9	11	22
	21	35	93	8	31	70	74	18	1	23
	22	25	84	17	41	60	65	28	0	24
	23	26	85	27	51	50	55	37	10	14
	24	36	74	16	52	61	45	47	21	5
	25	46	65	15	53	62	35	57	31	6
	14	56	55	26	64	63	34	48	42	7
	4	57	66	36	73	72	44	49	52	8
	3	48	75	47	84	83	53	59	62	9
	2	49	76	37	85	92	64	69	71	19
	1	59	87	38	74	93	63	79	70	29
	0	69	88	49	75	94	52	89	80	39
	10	79	97	59	76	85	51	98	81	29
	20	78	96	69	67	74	41	99	82	18
	30	77	86	58	56	75	50	89	72	17
	41	76	95	68	47	65	60	78	63	28
	51	66	94	77	36	54	61	88	53	27
	62	75	84	67	35	44	70	87	43	16
	71	86	73	56	34	33	80	96	32	15
	70	95	64	46	24	23	81	97	22	14
	60	94	54	45	13	12	82	98	11	4
