	51	80	61	87	69	15	30	66	51	22
	41	81	62	76	58	5	20	55	52	11
	30	71	63	66	48	4	10	45	43	1
	20	61	53	55	37	3	0	34	32	2
	10	50	43	45	27	12	1	24	22	11
	21	40	32	34	16	13	2	14	31	12
	30	41	33	24	6	23	3	25	42	22
	20	51	44	34	5	32	4	26	52	11
	10	62	54	35	15	42	14	16	63	1
	0	72	64	26	6	51	25	7	73	2
	1	82	65	36	5	50	24	8	74	3
	2	83	75	46	4	40	13	9	84	12
	11	92	85	47	3	41	23	18	93	22
	21	91	84	57	2	30	32	17	94	31
	20	90	73	67	1	40	43	28	95	42
	10	80	63	68	0	50	52	29	86	51
	11	70	53	78	1	60	62	38	96	61
	12	81	44	79	2	50	71	39	97	51
	13	82	45	89	3	41	72	49	88	42
	14	83	46	98	4	30	73	59	77	32
	15	92	36	99	5	20	64	69	87	33
	16	93	47	89	6	10	53	68	76	44
	17	94	56	78	7	0	54	57	66	45
	8	95	55	69	16	1	65	48	75	46
	9	86	45	58	27	2	74	37	85	35
	18	96	34	48	26	3	84	28	94	25
	19	97	24	37	15	4	73	29	93	14
	9	98	23	27	5	13	63	38	83	25
	8	99	22	16	4	12	52	39	82	35
	7	89	21	6	13	11	43	49	91	36
	17	78	31	15	23	10	42	58	90	47
	28	79	41	25	22	20	51	59	80	57
	38	69	40	24	21	30	61	49	70	58
	48	59	50	23	11	31	60	39	71	68
	47	49	51	22	1	32	61	29	62	67
	46	38	52	12	0	33	70	18	72	77
	35	28	53	2	10	44	81	19	73	88
	25	18	64	1	20	54	82	9	74	87
	24	8	65	0	21	55	72	19	75	76
	13	7	66	10	31	56	73	29	85	86
	3	16	67	11	32	47	64	39	95	96
	2	26	77	21	33	36	53	49	94	97
	1	27	76	20	44	46	54	48	84	98
	0	37	87	30	45	35	55	47	93	99
	10	38	88	41	34	25	65	46	92	89
	11	28	78	50	24	14	74	45	83	79
	12	17	69	60	13	5	84	34	82	89
	23	18	59	61	4	6	85	35	81	98
	22	9	49	62	5	15	86	25	91	97
	21	8	39	52	14	16	76	26	90	96
	30	7	29	43	25	17	67	36	80	86
	41	6	18	33	26	27	68	47	70	75
	42	5	8	34	36	37	57	56	60	74
	43	14	7	24	47	48	58	66	50	84
	52	13	6	23	57	49	59	75	40	83
	51	3	5	22	58	39	69	65	30	82
	50	2	4	31	68	29	78	64	20	71
	60	1	3	42	77	19	79	63	10	61
	70	0	2	51	87	18	89	52	21	62
	80	10	1	41	88	28	98	53	22	72
	81	21	11	40	97	38	99	44	31	73
	90	30	22	50	96	37	89	54	32	74
	91	41	12	60	95	27	78	55	42	85
	92	51	23	70	94	16	69	46	52	86
	93	61	33	80	84	6	59	45	53	76
	83	71	44	81	73	5	49	35	54	67
	82	72	45	91	64	4	38	25	55	56
	92	63	46	90	53	3	28	15	66	47
	93	62	35	80	44	2	18	16	75	36
	94	52	25	70	45	1	9	27	65	26
	85	43	15	60	35	0	19	28	64	16
	86	44	14	50	25	10	29	38	63	17
	76	45	24	40	34	11	39	37	62	18
	67	54	13	30	33	12	49	48	71	8
	56	65	23	20	32	22	58	57	70	9
	66	75	24	10	31	21	68	47	80	19
	55	74	14	1	41	11	77	46	81	29
	45	84	5	2	42	12	87	36	82	28
	35	73	6	3	51	13	88	27	83	37
	36	72	7	4	61	14	98	26	92	38
	47	63	8	5	71	15	97	16	91	39
	48	53	9	6	81	25	96	7	90	49
	57	52	18	15	70	34	95	17	80	59
	68	42	19	25	60	44	94	28	81	69
	77	31	29	34	50	53	84	38	82	78
	87	21	39	44	40	64	74	49	72	79
	88	10	38	53	30	73	85	59	63	89
	97	0	48	52	20	83	86	69	62	98
	96	1	57	43	10	93	76	68	51	99
	95	2	67	33	11	92	66	77	50	89
	94	3	56	24	12	91	65	78	60	79
	84	4	47	23	13	90	54	88	61	69
	73	5	46	22	14	80	55	87	71	58
	63	6	45	32	15	70	66	96	81	49
	52	16	35	42	26	60	75	95	82	39
	51	17	36	41	27	50	74	94	72	29
	62	8	37	31	28	40	73	93	63	18
	61	9	38	21	17	30	64	83	53	19
	71	8	29	20	7	41	65	72	44	18
	81	17	39	10	6	42	54	73	45	28
	91	16	49	0	5	43	55	64	35	27
	92	15	59	1	4	44	56	54	26	36
	82	25	69	2	3	45	57	55	35	47
	83	34	68	11	12	46	48	56	36	37
	84	33	57	22	23	47	58	67	27	38
	74	43	68	32	24	48	49	76	28	39
	64	42	77	31	13	38	59	86	29	49
	53	52	76	41	14	37	69	85	19	58
	63	51	86	50	5	36	78	84	9	68
	62	61	85	60	6	26	77	74	8	67
	71	70	75	50	7	16	76	65	18	66
	72	80	86	40	8	17	87	64	28	55
	73	90	96	30	9	27	88	63	29	54
	83	81	97	21	19	37	89	53	39	64
	93	91	88	20	18	47	98	44	49	74
	94	92	78	10	28	56	99	45	59	84
	95	93	79	0	27	66	89	35	69	85
	96	94	78	1	37	67	88	26	58	86
	87	85	68	2	47	76	77	16	57	75
	97	74	69	3	46	66	67	7	48	65
	98	73	59	13	45	55	57	8	38	54
	99	72	49	14	44	56	48	9	29	53
	89	82	38	4	34	47	37	18	19	43
	79	71	28	5	25	36	27	17	29	33
	69	62	37	6	15	35	26	16	39	34
	58	52	36	7	14	46	25	17	49	24
	68	43	47	8	13	55	35	18	59	23
	78	32	57	9	12	65	46	29	69	22
	88	31	58	19	11	64	55	39	79	21
	87	41	68	29	10	63	65	49	89	30
	86	42	78	39	20	52	64	58	88	40
	95	51	77	49	30	53	63	68	87	50
	94	61	76	58	40	54	73	67	86	60
	84	70	75	68	41	45	83	66	95	50
	93	80	85	78	31	44	92	65	94	51
	84	81	74	89	32	33	91	64	95	62
	73	90	75	98	23	34	82	54	96	72
	64	80	86	97	24	25	71	45	87	63
	54	70	76	88	14	15	61	44	77	52
	55	60	67	78	4	5	50	33	68	43
	56	61	57	69	3	6	40	34	58	32
	47	51	48	59	2	7	30	25	49	23
	37	42	38	69	1	8	21	15	39	24
	27	43	28	79	0	9	22	5	29	34
	16	33	17	89	10	18	23	4	19	25
	6	34	7	99	11	8	24	3	9	15
	5	25	16	98	12	17	14	2	18	26
	4	35	27	97	13	28	15	1	29	36
	3	46	37	96	23	38	26	0	39	47
	2	45	48	95	32	49	35	10	29	56
	1	44	57	85	31	58	34	21	19	66
	0	53	67	94	41	68	33	20	9	65
	10	64	66	93	50	77	32	30	8	74
	20	73	65	83	60	87	31	41	7	85
	30	84	74	92	70	96	42	50	6	94
	31	93	75	91	81	95	52	60	15	85
	41	92	86	82	90	96	62	70	14	74
	50	83	76	72	80	97	63	81	13	64
	60	73	67	71	70	88	53	82	3	54
	61	63	56	62	81	78	43	91	2	55
	51	53	46	52	90	69	44	92	1	45
	42	64	36	43	80	59	34	93	0	35
	32	65	27	44	70	49	24	94	10	25
	22	55	16	54	61	38	14	95	11	15
	12	46	6	45	51	29	5	86	21	26
	23	36	7	35	42	19	4	75	20	27
	24	37	8	25	43	9	13	76	30	17
	33	28	18	26	44	19	3	77	40	16
	34	38	29	15	53	9	2	78	41	6
	45	39	28	14	63	8	1	69	31	5
	55	49	27	4	72	7	0	59	42	6
	66	48	16	13	83	17	10	58	51	15
	75	47	26	3	84	18	21	57	50	25
	85	56	36	2	94	19	20	68	60	34
	95	66	47	1	93	29	30	67	70	33
	86	65	48	0	92	39	40	76	81	43
	87	74	57	10	82	49	41	77	91	52
	96	84	58	20	71	48	31	88	90	62
	97	83	68	21	61	37	42	89	80	63
	88	72	67	30	51	38	52	98	70	73
	78	82	56	31	50	28	53	99	71	64
	79	92	66	41	60	27	54	89	61	65
	69	93	76	40	70	17	44	88	62	55
	59	94	87	50	81	8	45	77	63	46
	49	95	86	51	91	9	35	68	64	36
	38	85	75	42	92	18	25	69	54	37
	28	74	65	32	93	19	24	59	44	27
	17	84	54	22	94	29	13	49	53	16
	8	83	45	11	95	39	3	38	43	6
	9	72	35	12	96	49	2	48	32	5
	18	62	46	23	97	58	1	47	22	4
	19	63	55	33	98	57	0	36	21	3
	29	52	56	34	99	47	10	26	20	2
	39	43	67	45	89	36	11	15	30	1
	49	32	66	55	78	26	12	5	31	0
	48	33	76	65	69	15	13	4	41	10
	47	34	87	64	59	5	14	3	40	21
	57	45	96	73	49	6	25	2	50	30
	58	55	97	84	38	7	34	11	61	31
	68	56	98	83	28	8	33	22	71	41
