	54	18	10	91	24	56	61	57	13	53
	45	8	1	81	14	46	50	48	3	43
	34	7	2	70	4	35	40	37	12	32
	24	6	11	60	3	25	30	27	22	23
	13	5	21	50	2	14	20	16	31	33
	3	4	10	40	1	15	30	6	41	44
	2	5	0	50	11	26	31	7	42	53
	12	15	1	51	22	36	32	17	52	63
	23	16	11	62	21	47	33	28	43	64
	24	17	10	63	20	56	34	29	44	65
	25	27	0	64	30	55	45	38	54	66
	15	26	1	65	41	46	35	39	53	67
	6	36	2	55	51	47	34	49	52	68
	7	37	3	66	61	57	33	59	42	69
	8	28	13	67	71	68	32	58	31	78
	9	29	23	76	72	77	22	48	21	79
	19	38	12	75	73	87	11	37	10	89
	29	39	2	74	83	86	1	27	20	88
	18	49	3	73	84	75	0	16	30	77
	17	59	4	63	85	74	10	6	40	76
	16	69	14	62	94	64	20	7	50	75
	15	78	5	51	93	63	30	8	61	74
	25	77	4	41	92	62	40	9	70	73
	24	76	13	42	82	51	50	19	80	72
	34	75	23	43	81	52	60	29	90	62
	44	74	33	53	91	63	70	28	80	71
	45	73	43	54	92	64	61	37	81	82
	46	83	53	65	93	74	50	47	90	72
	56	84	63	55	94	85	41	36	80	62
	57	73	52	66	95	86	31	26	70	61
	67	63	42	76	96	87	32	35	60	50
	68	62	51	77	97	88	22	25	61	41
	58	71	52	78	98	89	21	14	70	30
	48	81	43	79	99	88	11	5	80	20
	38	91	33	69	89	87	12	6	90	10
	39	82	24	58	79	86	2	16	81	11
	49	92	14	48	69	75	1	27	71	22
	59	83	15	37	58	65	0	17	72	23
	69	93	26	27	57	54	10	18	73	13
	68	94	35	36	47	44	21	8	64	3
	57	95	25	46	56	34	31	7	54	4
	67	86	24	45	55	33	32	6	44	14
	66	87	23	34	54	43	42	15	53	5
	75	77	32	25	65	52	41	16	63	4
	74	67	31	24	64	51	40	17	62	13
	84	56	42	23	63	50	30	28	61	12
	93	46	41	32	62	40	20	29	60	2
	94	35	30	31	51	50	10	19	70	1
	85	25	20	22	52	60	11	9	80	0
	95	14	10	21	43	70	12	18	90	1
	96	4	11	31	33	80	3	8	91	2
	97	5	12	42	34	90	13	7	81	1
	98	6	23	43	35	91	24	16	82	0
	88	15	33	44	26	92	34	27	71	10
	77	25	32	45	36	93	35	37	72	20
	76	14	22	55	47	84	46	38	83	30
	86	4	21	66	48	85	56	39	73	41
	87	3	30	76	38	75	57	49	74	51
	96	2	41	67	28	65	48	58	64	52
	95	1	51	68	17	54	37	59	53	43
	94	0	52	58	18	44	28	69	63	32
	93	10	62	57	29	43	27	78	72	22
	92	20	61	47	19	32	16	79	82	21
	91	30	50	37	9	22	7	89	81	11
	90	40	60	28	8	31	6	99	70	12
	80	50	61	17	7	42	5	98	71	13
	70	41	51	16	6	52	14	97	72	23
	61	31	62	15	5	53	4	96	83	24
	60	42	63	14	6	64	3	95	84	33
	50	43	73	4	7	74	2	94	85	34
	40	33	83	3	8	75	1	93	86	25
	30	23	82	2	18	66	0	92	87	15
	20	12	81	1	29	55	10	91	88	5
	21	13	90	11	39	45	0	82	77	6
	22	24	80	12	38	34	10	71	76	7
	23	25	70	13	49	35	21	72	66	8
	24	14	60	4	48	26	11	62	55	9
	33	15	50	5	58	16	12	52	45	18
	44	6	40	4	68	27	13	43	34	17
	54	7	30	3	67	36	23	32	25	28
	65	8	20	2	56	46	22	31	26	38
	64	18	10	1	57	47	21	41	36	39
	53	29	0	11	48	37	30	51	35	49
	63	38	1	22	58	28	41	61	45	59
	73	39	11	32	69	17	51	70	54	49
	84	29	12	31	78	16	61	80	65	48
	85	19	13	41	79	15	71	90	64	57
	95	9	24	51	89	14	81	91	53	68
	96	8	33	52	98	5	82	92	63	69
	97	17	43	42	99	4	83	93	73	78
	98	16	44	32	89	3	84	94	74	79
	88	15	34	23	78	2	85	95	75	69
	87	14	25	22	77	1	86	96	76	58
	97	5	26	21	67	10	75	95	66	59
	98	4	27	30	56	20	65	94	55	49
	99	3	36	40	46	10	54	93	45	38
	89	2	47	50	35	0	64	92	44	29
	79	1	37	60	34	10	53	91	33	19
	69	11	28	61	24	21	52	90	23	9
	58	12	18	62	13	31	51	80	22	8
	59	3	17	72	14	41	42	70	32	7
	49	4	16	71	15	30	43	60	33	6
	38	14	26	70	25	20	44	50	34	5
	29	24	27	80	35	10	45	40	33	15
	18	23	36	90	46	0	55	30	32	26
	8	12	47	81	56	1	66	20	31	16
	7	2	48	91	57	11	76	10	30	17
	6	3	58	82	68	21	77	0	20	28
	5	13	69	92	78	22	88	1	30	37
	4	14	79	83	89	23	97	10	41	48
	3	25	69	73	99	13	98	21	51	57
	12	34	59	74	89	24	88	22	52	68
	2	44	49	84	78	33	87	32	63	77
	11	54	39	85	69	43	86	42	72	67
	1	55	38	94	59	53	95	52	71	66
	0	65	29	93	49	63	96	62	81	75
	10	74	19	92	39	72	97	71	82	85
	20	64	9	91	38	83	98	61	81	84
	30	53	18	90	29	73	99	60	70	94
	41	52	8	80	28	64	89	50	71	95
	40	51	7	70	27	54	79	61	62	96
	30	42	6	71	26	45	69	60	63	97
	31	32	5	62	25	35	59	50	73	98
	21	23	4	63	15	36	49	40	83	99
	22	13	3	73	16	46	38	30	84	89
	23	14	12	74	7	47	29	31	94	79
	24	15	2	75	8	56	18	21	95	69
	14	16	11	76	17	57	19	22	96	59
	15	27	1	87	28	58	9	32	97	49
	16	36	0	88	37	48	8	33	98	39
	17	46	10	89	38	47	7	24	99	29
	28	55	20	79	49	56	6	14	98	19
	37	66	30	69	59	67	5	15	97	9
	36	76	41	68	58	77	4	26	96	8
	46	86	51	78	57	87	3	27	95	7
	47	85	52	88	67	96	13	16	94	6
	48	84	43	87	66	95	12	17	93	15
	57	83	33	86	55	85	23	18	92	25
	56	72	34	75	65	84	22	29	82	35
	55	71	44	74	64	93	31	39	81	45
	65	61	53	73	54	92	42	49	80	46
	66	50	63	72	64	82	32	59	70	36
	76	40	62	71	74	81	43	69	60	37
	77	30	61	70	84	80	44	68	50	38
	78	20	51	60	83	90	34	58	40	49
	89	10	42	50	82	91	25	48	30	39
	98	0	31	40	92	81	26	47	21	29
	97	1	22	30	93	71	27	57	11	19
	88	2	32	21	94	72	28	67	12	9
	87	3	43	11	95	73	18	56	13	8
	96	4	52	1	86	63	17	55	24	7
	97	14	53	0	85	64	16	45	23	6
	98	24	44	10	75	65	15	34	32	5
	99	23	33	20	66	55	14	25	43	4
	89	22	24	30	67	46	13	35	42	3
	79	31	34	41	57	36	12	26	51	2
	69	42	35	50	47	37	11	27	62	1
	58	51	46	61	48	38	10	28	71	0
	59	62	36	70	49	39	20	29	82	1
	69	71	37	80	58	38	30	19	92	2
	68	70	47	90	57	28	41	9	93	3
	77	80	56	91	67	18	50	8	94	4
	76	90	55	92	66	17	60	7	85	5
	87	91	54	93	65	16	61	6	74	15
	88	92	64	84	75	26	70	5	73	14
	78	83	63	94	86	25	80	4	72	13
	89	82	52	95	87	14	90	3	62	23
	98	81	53	86	88	13	91	12	61	22
	97	71	44	87	77	23	92	11	60	21
	96	62	45	76	68	22	93	10	50	20
	95	52	34	67	69	21	94	0	40	30
	85	63	25	57	79	31	84	1	41	20
	74	53	15	48	78	32	73	2	42	10
	65	44	5	49	89	33	63	3	43	0
	55	45	4	39	99	24	52	13	42	1
	46	34	14	29	98	23	51	12	41	2
	35	24	25	18	88	22	61	11	50	3
	36	23	26	8	87	21	70	10	60	4
	27	12	16	7	96	30	80	20	61	14
	37	11	17	6	95	40	90	21	71	25
	38	1	28	15	85	50	81	31	72	35
	48	0	29	5	74	51	82	41	83	36
	47	10	19	4	65	61	91	42	92	27
	56	20	9	3	55	70	90	52	93	17
	66	30	18	12	54	80	81	62	94	7
	75	40	8	11	64	70	71	72	95	6
	86	50	7	22	63	60	82	73	96	16
	76	51	17	23	53	61	83	84	97	15
	77	62	28	32	43	71	93	94	98	5
	68	63	37	33	44	72	92	95	89	4
	58	64	47	34	45	73	91	86	79	13
	59	54	56	24	46	84	90	75	69	12
	49	53	57	13	35	85	80	66	78	11
	39	43	58	14	26	74	81	67	88	10
	29	32	49	25	15	65	70	57	87	20
	19	33	59	34	5	54	60	58	86	21
	9	23	69	44	4	45	50	68	85	22
	18	12	78	53	3	55	40	77	84	31
	8	2	79	52	13	66	30	76	73	41
	7	1	89	42	24	56	20	87	63	51
