	17	49	78	89	19	42	34	18	49	14
	7	38	68	79	9	31	24	8	39	5
	6	28	57	69	18	21	13	17	29	15
	16	27	47	58	19	10	3	7	38	25
	26	36	37	48	9	0	2	8	49	24
	25	35	38	57	18	1	11	17	59	13
	24	34	49	56	28	10	12	16	69	3
	13	33	59	46	37	20	22	26	78	4
	23	32	69	35	36	30	31	25	77	14
	22	43	78	34	27	40	41	15	67	5
	31	44	77	24	16	50	51	6	56	4
	30	45	67	13	7	60	61	5	46	3
	40	54	56	23	8	70	62	4	55	2
	41	53	66	22	9	71	63	3	65	11
	50	64	75	32	19	62	72	2	74	21
	51	73	76	33	29	52	82	11	84	20
	42	72	86	43	39	53	81	22	83	30
	31	71	85	44	38	64	80	23	82	40
	21	70	84	34	49	65	90	32	81	41
	10	80	73	25	59	66	91	33	82	50
	0	90	72	26	69	75	92	43	83	51
	1	91	63	27	78	74	93	42	84	52
	2	92	53	17	68	85	94	31	73	62
	12	93	43	7	67	95	84	21	63	61
	13	83	42	6	66	96	73	10	62	60
	14	82	32	16	55	87	63	0	61	70
	25	71	33	15	45	88	62	1	50	80
	35	61	34	5	44	89	51	2	40	81
	36	60	24	4	54	98	41	12	30	71
	37	50	23	3	65	97	31	13	21	82
	28	40	22	2	64	96	32	14	10	91
	18	30	11	1	74	86	43	15	0	90
	8	20	10	2	75	76	52	26	1	80
	9	21	11	12	85	77	53	36	0	70
	19	31	22	13	84	78	54	37	10	60
	29	42	23	14	73	79	64	28	21	50
	39	52	33	15	72	69	63	38	31	40
	49	62	43	26	83	58	53	48	42	30
	59	72	44	36	92	57	54	47	51	20
	69	83	45	46	91	56	55	37	62	10
	68	92	34	35	81	67	66	27	71	0
	77	91	25	26	80	76	65	17	70	1
	87	81	24	27	90	86	74	7	61	2
	88	82	13	17	91	95	75	6	60	3
	89	72	4	7	92	94	86	16	50	12
	99	73	5	8	93	85	95	15	41	11
	98	74	14	18	94	84	96	25	40	22
	97	64	24	9	95	83	87	34	30	32
	88	63	23	19	96	82	77	33	20	31
	78	52	32	29	97	71	68	43	10	41
	79	42	22	28	88	61	58	53	1	51
	69	32	11	38	89	60	48	44	2	50
	58	22	12	39	98	70	49	54	3	40
	57	21	13	29	99	80	59	45	4	30
	47	20	14	18	89	81	69	46	5	31
	36	10	15	17	78	90	68	55	6	41
	37	0	26	27	77	91	57	56	7	51
	28	1	35	16	67	92	48	66	8	62
	38	2	25	7	76	93	37	65	9	72
	39	3	24	8	75	84	47	74	18	73
	49	13	34	17	86	85	46	64	19	83
	58	4	33	28	95	94	35	63	29	82
	59	5	23	38	96	93	26	52	39	71
	69	6	32	48	87	83	16	43	49	61
	79	7	42	58	97	82	15	53	59	50
	89	8	31	68	88	71	14	44	69	60
	98	9	22	67	78	61	25	54	79	70
	99	19	11	56	77	51	24	45	89	80
	98	29	10	55	67	52	34	46	88	81
	97	39	0	66	56	63	33	47	77	90
	96	49	1	65	57	64	43	36	67	91
	86	58	2	75	48	73	42	26	76	92
	85	59	3	74	37	72	31	15	87	93
	84	69	12	73	36	62	22	5	88	94
	83	68	13	72	27	71	21	4	78	95
	82	77	23	63	17	61	20	14	79	96
	71	67	32	53	18	50	30	25	89	87
	62	56	33	43	28	40	41	35	99	88
	61	46	44	52	38	50	51	45	98	78
	60	55	54	42	29	41	62	34	97	68
	70	66	65	31	19	30	72	24	96	58
	80	75	64	22	9	21	73	13	95	48
	81	86	74	11	8	10	84	3	85	37
	90	76	65	1	7	0	93	2	94	27
	91	87	54	11	6	10	92	12	95	16
	82	88	53	21	5	20	83	23	96	15
	71	78	63	31	4	30	72	32	87	14
	61	69	52	41	3	40	62	43	76	13
	51	58	42	50	2	30	71	33	77	12
	61	49	41	60	1	21	70	44	88	11
	62	38	40	50	0	22	80	45	78	10
	63	28	30	51	1	23	81	35	69	20
	64	17	31	52	2	33	90	26	58	21
	73	7	22	53	3	43	91	15	48	11
	74	6	23	44	4	32	92	5	37	12
	75	16	24	45	14	42	93	15	27	13
	76	26	25	35	4	41	84	6	36	3
	67	27	34	46	5	50	73	7	47	2
	56	28	33	55	6	61	64	8	57	1
	66	18	43	65	7	62	74	9	68	0
	75	29	42	54	8	63	85	19	77	10
	86	39	41	53	18	64	94	9	87	20
	95	49	50	52	17	73	93	8	97	30
	94	59	61	51	16	83	92	7	98	41
	93	69	71	62	15	82	91	6	89	40
	83	68	72	63	14	81	90	5	79	50
	84	57	73	53	24	70	80	4	78	60
	74	47	64	44	34	61	81	13	88	50
	65	46	54	45	35	51	71	12	77	41
	55	36	53	34	25	42	72	2	76	31
	45	37	43	33	26	32	63	1	67	21
	44	38	52	23	36	22	53	0	57	11
	34	48	62	12	37	31	64	10	58	2
	24	49	61	13	27	30	73	20	59	3
	14	39	60	4	28	40	83	21	69	2
	15	29	70	5	18	50	92	11	79	1
	26	19	80	6	9	60	93	22	89	0
	36	18	90	16	8	70	94	32	99	10
	27	17	91	26	7	71	85	42	98	20
	37	16	92	35	6	62	75	52	97	30
	47	15	93	46	5	61	66	51	96	40
	56	25	94	55	14	50	67	41	86	30
	57	35	85	66	24	40	68	31	75	21
	58	46	95	65	33	30	69	22	74	11
	48	56	96	64	43	31	79	23	73	12
	38	66	87	54	52	21	89	33	83	13
	49	75	88	45	62	10	98	43	82	14
	59	85	78	44	61	0	99	53	81	4
	69	74	77	34	50	1	89	63	71	5
	78	64	76	25	40	2	79	72	62	6
	77	54	66	24	30	12	69	73	52	7
	76	45	65	13	20	23	68	84	42	8
	66	44	54	3	10	32	77	93	51	9
	65	33	53	4	0	42	76	92	61	18
	54	23	43	14	1	52	66	91	60	17
	44	12	33	5	2	63	65	90	70	16
	34	3	24	15	11	72	54	80	81	26
	35	4	14	25	21	82	44	70	71	36
	46	5	13	26	22	83	33	61	62	27
	47	6	23	16	31	73	24	50	51	28
	37	7	22	17	32	74	34	41	42	29
	27	8	12	28	43	75	45	40	52	39
	36	9	2	29	53	86	55	30	63	38
	35	19	1	18	64	95	46	20	73	48
	25	9	10	17	74	94	56	21	83	57
	15	8	0	16	75	85	67	11	84	58
	14	7	1	26	76	86	68	22	93	49
	4	6	11	27	67	87	58	23	92	59
	3	15	22	37	56	88	69	33	91	49
	2	14	23	48	46	89	78	43	90	39
	11	13	33	49	36	98	79	53	80	29
	21	23	43	58	27	97	69	64	81	19
	20	22	53	57	28	96	68	73	70	9
	30	11	64	47	29	95	77	74	60	8
	31	10	65	36	18	94	67	75	61	17
	22	0	55	35	19	93	66	76	71	16
	32	1	54	34	9	92	56	86	72	15
	42	2	44	33	8	91	47	96	82	14
	41	3	45	24	7	90	36	97	83	4
	40	12	46	13	6	80	35	98	73	5
	50	23	55	14	16	81	25	99	63	15
	51	32	65	24	26	70	34	89	62	5
	52	31	64	23	27	60	33	88	61	4
	43	30	63	32	37	50	44	87	71	3
	53	40	52	31	38	41	54	77	72	2
	64	30	42	21	39	51	45	78	82	11
	74	20	32	10	49	62	35	79	92	22
	84	21	23	0	59	71	26	69	93	12
	85	22	13	1	58	72	27	68	94	3
	86	12	14	2	48	82	37	57	95	4
	87	13	15	3	47	92	28	67	96	5
	88	14	26	4	56	93	29	66	97	6
	78	15	27	5	46	84	18	75	98	7
	68	26	28	6	36	85	17	74	89	8
	57	16	38	7	35	95	18	73	78	9
	48	17	39	8	25	94	19	83	68	18
	37	27	49	9	24	93	29	72	57	28
	38	26	59	19	34	83	39	63	48	17
	49	25	69	29	33	73	38	64	58	16
	59	24	79	18	23	84	37	65	68	15
	69	13	89	8	32	85	47	55	77	25
	79	12	99	7	43	86	56	46	76	24
	89	11	98	6	44	87	67	45	66	34
	88	10	97	15	53	96	57	54	75	35
	77	20	87	25	52	95	48	64	74	36
	67	30	76	24	42	94	38	63	73	27
	56	31	66	33	41	93	28	52	72	17
	55	21	65	32	40	92	18	42	62	7
	45	22	54	31	50	91	8	41	51	6
	34	23	44	30	60	81	7	42	61	5
	24	13	33	40	70	71	6	43	62	4
	14	3	32	50	80	82	5	53	63	13
	15	2	22	51	90	83	4	64	73	12
	26	1	11	61	91	84	3	74	72	23
	16	0	10	60	82	85	2	75	62	24
	27	1	20	70	83	86	12	76	52	25
	37	2	30	71	84	96	11	77	51	26
	47	3	21	62	85	97	22	78	41	16
	46	13	31	72	86	98	23	68	30	15
	35	24	42	82	76	99	33	57	40	6
