	74	66	33	25	88	84	10	49	22	74
	65	55	23	14	77	83	0	38	11	85
	54	45	12	4	67	72	1	28	2	86
	44	34	3	5	56	62	10	17	11	76
	33	24	4	6	46	51	20	7	21	66
	23	13	5	15	35	41	30	8	31	55
	12	3	14	16	25	40	21	9	42	45
	2	4	13	27	24	50	22	18	43	34
	1	5	23	36	33	60	32	19	52	44
	0	6	12	35	43	61	42	29	53	54
	10	16	2	34	52	70	51	39	63	64
	11	27	1	24	62	71	50	49	73	74
	21	36	0	13	72	81	60	48	84	75
	20	37	10	23	82	80	61	47	93	85
	30	38	11	32	81	90	70	57	92	94
	40	28	22	31	91	80	71	58	82	93
	50	17	12	42	92	70	62	68	83	84
	60	7	3	43	93	61	51	69	73	74
	50	8	4	52	94	71	41	78	64	65
	40	9	5	53	95	72	31	79	54	66
	30	18	6	44	96	83	22	89	55	67
	31	19	7	45	87	73	23	88	56	57
	22	29	8	46	97	64	13	98	47	48
	23	39	9	36	96	65	14	99	37	38
	13	49	18	26	86	75	15	89	27	28
	14	58	17	25	76	66	6	78	16	29
	4	59	7	35	67	55	5	77	15	19
	3	69	6	34	56	45	14	68	26	9
	2	79	5	33	46	54	24	57	35	8
	1	89	4	32	55	53	23	56	34	17
	0	88	3	42	54	63	12	47	33	16
	10	87	2	51	53	62	11	48	24	6
	21	97	1	61	63	71	22	38	23	5
	20	98	0	70	62	81	31	29	13	4
	30	99	10	80	51	90	42	19	14	3
	41	89	20	81	61	91	43	9	25	12
	42	78	21	82	70	92	52	8	15	2
	32	77	30	72	80	93	53	7	26	1
	33	76	41	83	81	84	44	16	36	0
	34	75	42	73	71	74	45	27	47	10
	25	85	43	64	72	65	46	36	57	20
	15	94	44	54	82	66	35	37	58	30
	16	95	45	55	83	56	25	28	49	31
	27	96	46	65	73	47	15	18	59	41
	36	86	35	74	64	37	14	17	69	40
	26	87	34	85	53	28	13	8	79	50
	25	88	24	86	52	17	4	9	78	51
	14	97	13	95	63	7	5	19	68	62
	15	98	4	96	72	8	6	29	67	61
	16	99	5	87	71	9	7	39	56	60
	17	89	6	88	61	18	8	49	46	70
	27	79	7	77	50	29	9	58	35	80
	37	69	8	67	41	39	19	48	34	90
	38	68	9	76	42	49	29	57	24	91
	28	67	18	75	32	59	19	56	13	92
	17	77	8	66	22	69	9	55	3	93
	16	76	7	65	11	68	18	54	2	94
	26	75	6	64	12	57	29	53	1	85
	35	66	15	63	23	67	39	52	0	84
	45	55	26	62	33	56	49	51	10	83
	44	54	35	61	43	46	59	41	21	82
	53	65	36	50	52	47	69	30	20	81
	64	74	27	40	51	37	68	31	10	71
	73	84	28	30	62	48	57	42	11	72
	63	83	29	20	61	58	67	43	12	82
	62	92	39	10	60	49	77	33	23	91
	51	93	38	0	70	59	78	44	24	90
	61	94	37	1	80	69	88	45	25	81
	60	95	36	2	70	78	97	46	14	71
	50	86	26	3	61	88	96	55	4	72
	40	87	25	13	62	97	95	65	5	73
	30	76	14	12	52	98	85	74	6	64
	20	75	4	22	42	89	84	65	7	54
	10	66	5	32	31	79	73	55	8	53
	0	56	6	43	41	69	63	45	9	52
	1	47	7	33	40	68	72	34	18	51
	2	57	8	23	30	67	82	35	17	41
	3	48	9	24	21	77	83	26	16	50
	4	58	19	25	11	78	92	15	27	60
	5	49	29	14	10	88	91	6	28	70
	4	39	38	13	20	87	90	7	37	81
	3	49	48	12	30	86	80	17	36	71
	2	59	47	11	31	96	70	27	46	61
	1	69	56	21	22	95	60	28	55	62
	10	78	66	20	32	94	50	29	54	63
	0	77	76	30	42	84	51	19	44	64
	1	88	86	40	43	83	62	9	53	74
	2	87	96	50	52	82	63	18	64	85
	12	97	95	60	42	81	73	8	74	94
	23	98	86	70	41	71	84	7	85	93
	32	99	75	80	40	61	83	16	94	92
	42	89	65	90	30	62	72	26	93	82
	43	79	55	91	20	51	63	36	83	81
	44	69	45	92	10	41	53	37	72	70
	33	68	34	93	0	31	54	38	82	60
	24	57	35	94	1	22	64	39	92	50
	25	67	26	95	2	23	73	49	91	41
	15	56	16	96	12	33	74	48	81	31
	6	46	7	97	23	24	84	47	90	22
	5	35	8	98	13	25	94	36	80	11
	14	34	9	89	4	15	95	27	70	21
	24	45	18	79	3	26	96	17	71	30
	34	55	28	69	2	27	97	16	61	40
	44	65	29	58	11	37	98	6	60	50
	54	75	19	48	21	38	89	7	70	51
	64	66	9	57	30	29	78	8	81	52
	73	76	18	68	40	19	69	17	82	43
	74	77	28	67	50	29	59	27	83	44
	84	87	37	56	61	39	49	36	73	34
	85	88	47	46	71	38	58	35	63	25
	86	97	48	45	62	37	57	26	52	24
	75	96	49	44	51	27	68	15	42	33
	65	86	59	53	41	26	78	5	32	23
	55	85	69	63	31	25	88	4	22	12
	66	74	79	62	21	24	87	3	11	13
	76	64	89	72	10	14	86	2	1	23
	67	53	88	82	20	5	95	12	0	33
	77	43	87	83	30	4	94	23	10	34
	68	32	96	73	40	3	93	33	20	35
	58	42	95	64	50	2	92	34	30	36
	57	52	94	74	60	1	91	35	40	46
	56	63	93	84	70	0	90	45	50	55
	47	72	92	85	80	10	81	54	60	65
	37	82	91	75	70	20	71	44	61	74
	28	83	90	66	60	21	62	53	51	73
	17	84	80	76	50	11	52	63	41	64
	7	94	70	86	40	12	43	72	31	65
	6	95	60	87	30	23	32	71	22	66
	16	86	50	97	31	24	33	81	21	76
	15	87	40	98	42	25	34	90	10	67
	26	97	30	99	51	14	35	80	1	77
	27	98	20	89	61	13	36	70	2	78
	37	88	21	79	60	4	46	71	3	69
	38	78	31	89	50	5	55	82	12	59
	29	68	41	99	40	6	66	92	11	49
	18	58	42	98	30	7	75	93	22	38
	8	48	52	97	20	17	76	94	32	28
	9	37	53	96	10	16	86	95	42	27
	19	47	54	87	1	15	85	94	51	26
	29	46	55	77	2	25	74	84	61	35
	39	56	45	68	3	24	73	83	70	34
	49	57	44	58	4	23	64	72	80	33
	48	67	43	69	5	12	54	62	90	32
	47	66	42	79	6	11	45	52	81	22
	56	65	51	78	7	10	44	63	71	21
	57	74	61	88	8	0	53	64	62	30
	67	75	60	89	9	1	54	73	63	20
	66	76	50	99	18	2	55	84	72	10
	56	86	40	98	17	3	46	93	82	0
	47	96	30	97	16	13	36	92	91	1
	37	95	20	87	15	14	27	83	90	2
	38	94	10	77	26	25	17	73	80	3
	28	93	0	68	36	35	7	74	70	13
	18	92	1	58	37	46	6	75	60	4
	8	82	2	59	38	56	5	76	50	14
	7	71	3	49	29	57	15	86	40	25
	6	61	4	38	39	58	16	96	30	26
	5	50	13	28	29	48	27	97	20	35
	4	40	12	17	19	37	36	88	10	34
	3	30	11	18	9	47	35	78	0	24
	12	20	21	8	19	46	34	69	1	23
	22	10	31	7	29	45	24	68	2	33
	32	0	41	6	38	34	13	57	3	43
	42	1	51	5	48	24	14	47	4	52
	31	2	62	15	37	25	13	46	3	63
	30	11	72	16	36	26	12	45	4	73
	40	22	83	27	35	25	23	34	5	64
	50	31	84	28	46	24	32	44	15	53
	60	41	74	38	55	23	42	54	25	43
	70	51	64	49	65	22	52	45	26	33
	80	61	63	59	66	11	62	34	16	24
	81	70	72	69	67	21	71	25	27	14
	90	60	82	78	77	31	61	15	28	5
	91	50	92	79	87	32	51	6	38	4
	81	40	93	89	76	42	41	7	49	3
	80	30	94	98	75	43	31	17	59	2
	70	20	85	99	86	33	22	27	69	1
	60	10	95	89	96	34	12	28	58	0
	50	11	94	88	97	45	2	18	48	1
	40	21	84	77	87	35	3	9	37	10
	30	31	73	68	76	26	13	19	36	20
	41	32	83	58	66	15	23	29	47	21
	51	43	72	57	56	6	33	39	46	22
	52	44	63	47	55	7	34	38	45	23
	53	54	64	48	65	8	24	49	35	13
	43	45	74	37	75	9	14	59	25	4
	42	35	85	36	86	18	5	69	15	3
	31	25	95	27	96	19	6	78	16	12
	22	24	94	17	97	29	7	79	26	2
	12	14	93	8	98	39	16	89	25	1
	2	13	92	18	99	38	26	88	34	0
	1	12	82	28	89	49	25	77	33	10
	11	2	71	29	88	59	34	67	32	20
	21	3	61	19	77	69	33	76	42	30
	31	4	62	9	87	68	32	66	41	40
	22	5	51	8	86	57	23	56	50	30
	12	15	52	7	75	58	24	46	60	20
	3	6	63	16	66	48	14	35	70	10
	4	5	73	27	56	37	15	25	80	0
	14	6	84	36	46	47	26	34	81	1
