	23	25	57	87	32	23	66	71	43	91
	12	14	47	76	31	24	55	61	33	82
	2	4	36	66	21	34	45	50	44	71
	1	3	26	55	10	35	46	40	53	61
	11	2	16	54	20	25	56	30	52	50
	22	12	6	53	21	15	67	41	42	40
	23	13	5	52	31	14	77	51	32	50
	24	4	6	62	30	25	78	61	43	60
	33	5	7	63	40	34	69	70	44	50
	23	6	8	64	41	45	58	80	54	51
	12	7	9	65	42	46	48	90	55	52
	3	8	18	74	43	56	37	81	66	63
	4	17	19	73	33	67	27	91	75	64
	5	28	29	83	24	77	36	92	74	53
	6	38	39	84	25	78	47	93	73	43
	7	49	29	85	26	69	57	94	72	32
	8	59	18	86	16	58	68	95	82	22
	9	69	17	96	6	48	67	85	71	11
	19	79	16	97	7	37	76	75	61	1
	29	89	15	88	8	27	87	65	60	0
	28	98	14	77	9	26	86	54	50	10
	37	99	13	78	19	35	95	53	40	20
	47	89	23	68	29	25	94	43	30	21
	57	78	22	58	28	15	84	32	31	11
	48	68	12	49	37	16	83	42	41	2
	38	57	3	39	27	6	72	51	50	1
	29	47	4	49	36	5	71	62	61	0
	18	46	14	59	35	15	70	52	60	10
	17	45	24	69	34	26	80	63	50	20
	27	44	33	79	25	36	90	64	40	30
	28	54	43	89	26	46	81	74	41	21
	37	55	42	98	16	45	91	73	31	22
	47	56	52	99	17	35	92	84	32	23
	48	66	63	89	18	25	93	85	33	13
	58	67	64	88	8	14	94	75	24	12
	59	76	73	97	7	13	85	66	34	11
	69	87	74	96	6	12	75	65	44	2
	79	86	84	95	5	3	76	54	53	1
	89	85	83	94	4	13	77	45	43	0
	88	84	82	93	14	23	78	46	42	10
	98	83	72	92	15	22	68	36	51	20
	99	73	62	91	26	21	57	27	61	30
	89	63	71	90	16	31	47	28	70	40
	79	53	81	80	17	41	36	38	60	50
	69	44	82	70	28	51	35	48	61	40
	68	34	72	71	38	52	25	49	62	30
	57	24	63	81	39	53	14	58	51	20
	47	13	64	91	29	44	4	59	42	10
	37	3	73	92	19	45	5	69	32	11
	36	2	74	93	9	46	6	78	33	12
	35	1	65	94	18	55	7	77	24	23
	25	0	66	95	8	56	16	67	34	22
	15	10	75	96	7	57	17	76	44	21
	6	20	86	97	16	48	27	87	54	31
	5	30	96	88	26	38	28	77	55	41
	14	40	97	98	36	49	29	68	56	50
	4	41	87	99	47	58	39	57	66	60
	13	51	76	89	48	59	49	56	65	70
	3	61	67	79	58	69	38	46	64	81
	2	60	68	78	57	59	37	45	74	91
	1	70	77	88	56	49	27	54	75	92
	0	81	87	97	46	38	17	53	76	83
	10	91	86	96	45	37	18	43	66	73
	21	92	85	95	54	27	19	52	55	63
	22	83	84	94	53	17	9	62	65	72
	31	82	73	93	43	18	8	71	64	63
	30	81	74	92	52	28	7	61	53	62
	40	80	75	82	42	29	6	50	44	51
	41	90	76	71	32	39	5	60	33	61
	42	91	67	70	23	49	4	50	24	62
	32	92	57	80	12	48	3	41	13	72
	23	93	47	90	2	58	4	31	14	83
	12	84	36	81	1	69	5	32	25	73
	11	74	35	91	0	79	15	23	34	64
	2	75	26	92	10	89	25	12	45	54
	3	76	16	83	11	98	24	13	46	55
	4	67	27	84	21	99	33	14	56	66
	5	68	37	74	20	89	43	15	57	65
	6	58	38	85	30	78	53	16	48	64
	7	69	28	86	31	68	63	27	49	73
	17	59	18	87	41	77	52	36	39	72
	8	49	19	88	40	76	51	47	29	82
	9	38	18	97	50	75	61	46	28	71
	8	37	17	96	60	66	70	35	27	62
	7	47	16	95	61	55	80	34	36	63
	6	46	26	94	62	54	90	44	35	53
	15	45	25	93	63	65	81	33	34	43
	14	44	24	92	53	74	91	32	35	42
	13	54	33	83	43	84	82	22	36	31
	23	55	32	73	42	85	72	12	37	21
	24	66	22	64	31	86	71	2	48	10
	25	75	12	63	21	87	61	1	57	0
	26	85	2	52	10	77	51	11	56	1
	27	86	3	42	20	67	41	22	66	0
	28	87	4	32	30	68	31	23	76	10
	29	88	5	33	40	78	22	24	75	20
	39	98	6	34	50	79	23	25	65	30
	49	99	7	35	60	89	24	26	64	41
	48	98	8	36	70	78	25	27	73	51
	57	97	9	37	80	69	26	28	72	52
	56	96	19	48	90	58	27	29	82	62
	67	95	18	49	81	59	28	39	71	72
	68	94	17	38	91	69	37	29	61	83
	77	93	16	48	92	79	47	19	50	84
	87	94	15	57	83	89	46	9	40	74
	96	85	14	56	84	88	45	8	30	75
	95	86	13	46	74	97	44	17	21	66
	94	76	12	45	75	96	53	16	22	55
	93	66	2	44	65	95	54	15	11	56
	92	67	1	43	64	94	53	14	10	47
	82	68	0	42	63	84	52	13	20	36
	71	78	10	31	73	74	51	12	30	35
	61	88	20	32	72	85	50	11	41	34
	60	89	30	33	62	86	40	1	42	44
	70	79	21	23	61	87	50	0	32	45
	80	69	22	24	71	77	51	10	43	46
	90	58	32	25	81	78	42	20	53	55
	91	49	23	26	82	68	43	21	54	56
	92	39	24	27	83	58	33	22	45	67
	93	29	25	28	84	49	34	23	46	68
	94	19	26	18	85	39	35	24	55	78
	95	9	27	8	86	29	36	25	56	79
	96	18	28	7	87	19	37	26	67	89
	97	17	38	6	77	29	48	27	68	88
	98	7	49	5	76	39	57	37	58	78
	99	6	59	4	75	29	47	38	69	79
	89	5	49	14	65	18	46	28	68	78
	88	15	48	13	66	8	45	17	67	77
	87	16	47	3	55	7	44	27	56	76
	86	26	46	2	54	6	53	36	57	75
	85	35	45	12	64	5	63	37	58	74
	84	34	44	11	73	4	52	38	59	65
	83	33	53	1	72	3	62	39	69	66
	82	32	52	0	71	2	61	29	79	67
	81	31	62	10	70	1	60	19	89	57
	80	30	61	20	71	11	50	9	98	58
	90	40	51	21	72	22	41	18	97	59
	91	50	42	31	63	23	30	28	87	69
	92	51	43	32	64	24	20	17	86	79
	93	42	44	23	65	25	10	8	85	89
	94	43	54	24	66	14	0	7	74	98
	95	44	65	13	67	15	1	6	64	97
	96	54	66	12	57	16	2	5	63	88
	97	65	67	3	58	27	11	4	73	78
	98	66	68	13	59	36	21	14	84	77
	99	67	57	23	69	47	22	25	93	76
	89	56	48	33	79	46	31	26	92	75
	78	55	49	44	69	45	41	16	91	86
	68	54	38	34	58	35	50	27	90	95
	77	53	37	25	48	26	60	36	80	94
	76	63	28	24	47	15	70	46	81	93
	75	73	29	14	57	6	71	56	82	92
	74	84	39	15	67	7	72	66	83	91
	85	94	49	6	77	17	62	75	93	90
	86	95	59	7	87	18	52	65	92	80
	96	85	69	17	88	19	51	64	91	70
	97	74	79	18	98	29	61	54	90	60
	87	64	89	9	99	39	50	44	80	70
	76	65	78	8	98	49	40	43	81	71
	66	55	68	7	88	59	30	52	82	72
	56	45	58	16	78	69	20	42	83	63
	46	44	48	27	77	79	10	51	73	64
	45	43	38	28	76	89	0	61	74	65
	44	32	37	17	66	99	1	62	75	55
	43	42	36	18	56	98	2	72	85	45
	52	51	35	19	46	97	3	63	84	44
	53	61	45	29	47	87	4	73	93	43
	54	62	44	39	57	76	5	83	94	33
	64	63	34	49	67	66	6	82	95	23
	73	72	25	59	68	65	7	91	86	12
	84	71	26	58	69	54	8	90	87	2
	93	70	15	48	78	44	9	80	96	1
	94	60	5	38	88	33	18	81	97	0
	95	50	4	28	77	23	17	82	98	10
	86	40	3	27	76	12	16	92	89	11
	75	30	2	26	66	13	15	93	79	21
	65	31	1	25	55	14	5	84	69	22
	74	41	0	24	56	4	6	85	68	32
	64	42	10	34	46	3	7	94	77	43
	53	51	11	35	36	2	8	95	76	52
	63	61	21	45	37	12	9	96	75	62
	72	71	20	54	47	22	19	87	65	51
	83	70	30	53	57	21	29	88	74	50
	73	80	31	52	67	10	39	89	85	60
	84	90	41	42	68	1	49	99	94	70
	93	91	40	32	69	0	59	98	95	71
	92	81	50	43	79	10	58	97	96	72
	91	82	51	44	89	11	48	87	86	83
	90	71	61	33	98	2	38	77	76	73
	80	62	60	23	99	3	28	67	66	64
	70	63	50	13	89	4	18	57	55	53
	60	52	41	14	78	5	17	47	56	44
	50	43	30	15	88	6	16	37	46	33
	40	32	20	26	87	7	27	38	36	23
	30	22	10	25	96	8	37	28	35	13
	20	11	1	24	86	9	48	29	34	14
	10	2	0	33	75	19	49	39	45	4
	21	3	1	44	65	29	59	38	54	5
	31	4	2	53	74	18	69	28	64	6
	42	5	3	63	85	17	78	27	73	7
