	36	54	81	82	38	15	6	93	67	61
	26	44	70	71	28	5	7	84	56	50
	15	33	60	61	17	4	8	73	46	40
	5	23	50	51	18	3	9	63	35	30
	4	12	40	41	19	2	8	52	25	20
	3	11	30	31	29	1	7	42	14	10
	2	21	20	22	39	0	16	32	4	1
	12	10	30	23	49	0	26	43	3	11
	13	20	41	24	48	1	25	53	4	21
	14	30	42	34	37	11	15	64	5	31
	24	40	43	45	36	12	6	65	4	32
	34	50	53	55	26	13	7	66	3	33
	45	61	64	54	25	23	17	75	2	44
	46	62	74	65	14	33	27	76	1	43
	47	72	75	66	4	32	37	77	10	52
	48	83	76	67	3	22	38	78	20	62
	49	92	77	57	2	21	39	69	30	72
	58	91	78	47	1	31	29	59	40	83
	57	90	69	37	0	41	19	49	50	92
	68	80	58	48	10	51	18	38	61	91
	67	81	49	47	11	62	28	29	70	90
	56	82	38	36	12	72	17	39	71	91
	55	83	37	35	13	73	8	49	61	92
	45	84	36	26	23	74	9	59	60	93
	35	85	46	16	22	75	19	69	50	94
	25	86	47	15	21	76	18	79	40	95
	14	87	57	5	20	67	28	89	30	96
	4	77	68	6	10	66	27	88	31	97
	3	78	69	7	1	65	16	98	42	87
	2	79	58	17	0	64	26	99	43	76
	1	89	48	8	10	63	36	98	53	66
	11	88	38	9	21	52	47	97	44	65
	12	87	28	19	31	51	57	96	34	54
	13	76	17	29	42	41	68	86	24	44
	23	66	7	38	32	50	77	75	33	34
	22	65	6	48	43	61	87	74	44	45
	21	54	5	57	53	70	76	64	34	55
	30	45	4	68	63	80	66	73	35	56
	40	46	3	77	62	81	67	72	26	47
	50	36	2	78	71	90	57	82	27	48
	61	37	1	69	70	91	58	81	17	49
	60	48	0	59	80	92	68	82	8	39
	50	38	10	49	90	83	77	72	9	29
	51	28	11	39	91	84	88	73	19	18
	52	17	12	29	92	93	89	74	9	8
	42	16	13	18	82	94	99	85	19	7
	31	15	14	28	71	95	98	86	29	6
	41	25	24	27	62	96	97	87	38	5
	30	34	23	16	52	86	88	76	37	4
	20	33	22	6	51	75	78	66	47	3
	10	23	21	5	41	65	79	55	56	2
	1	22	11	4	31	54	69	45	46	12
	2	32	10	3	42	44	59	34	35	13
	12	43	0	4	52	33	49	25	26	14
	13	53	1	5	63	24	39	15	16	25
	14	64	2	6	72	23	29	26	17	35
	15	73	3	7	83	22	18	36	8	46
	26	84	13	16	92	21	9	27	17	47
	25	93	14	6	91	30	19	28	8	57
	34	92	4	5	81	40	29	38	9	67
	45	91	3	15	70	50	39	48	19	68
	55	81	12	26	61	60	49	57	29	58
	66	70	23	35	71	50	48	56	28	69
	76	80	22	45	82	51	37	46	38	78
	77	90	21	54	72	62	36	47	39	89
	87	91	30	53	63	52	27	57	49	99
	96	82	40	44	64	42	16	67	59	98
	95	72	50	33	74	41	7	77	69	97
	85	62	60	32	75	31	17	87	78	96
	94	51	61	43	86	22	18	76	77	95
	84	52	70	53	87	11	8	66	88	85
	73	63	81	64	97	10	9	65	89	74
	83	72	71	54	98	20	19	55	79	75
	93	82	62	45	89	21	29	56	69	76
	92	91	51	34	79	30	39	46	68	67
	83	90	42	24	69	40	49	35	58	56
	84	80	41	13	59	50	48	25	57	55
	94	70	31	14	49	60	37	24	56	45
	95	61	32	5	48	50	28	23	55	34
	96	71	33	6	37	51	38	12	45	24
	97	81	44	7	36	52	29	2	34	13
	88	82	43	8	26	53	18	1	35	3
	78	83	42	17	15	63	9	0	46	2
	68	84	41	27	5	73	19	10	47	1
	58	94	30	26	4	74	29	11	57	2
	69	95	20	36	3	85	39	22	67	12
	79	96	10	47	13	86	49	21	77	23
	89	87	0	56	14	75	58	31	76	32
	99	97	1	66	25	65	68	42	67	33
	98	88	2	55	24	64	69	51	57	44
	89	78	11	54	33	53	79	62	48	45
	99	77	22	65	43	52	69	63	37	34
	98	76	31	74	42	51	59	72	28	25
	97	86	32	73	41	50	49	71	38	14
	96	85	23	72	40	60	39	70	29	24
	95	84	12	62	30	61	49	80	18	13
	94	93	3	63	20	51	58	90	8	4
	85	92	2	64	10	52	68	91	7	5
	74	82	1	53	21	43	77	81	16	6
	64	83	10	44	11	32	76	71	17	15
	54	73	0	34	22	23	86	61	27	26
	44	74	1	35	31	33	85	62	36	25
	45	75	2	46	42	34	95	63	47	14
	55	66	12	56	41	24	96	73	57	13
	65	67	22	47	50	23	87	83	48	3
	64	57	31	37	60	32	88	72	38	4
	63	48	42	28	70	43	78	82	29	5
	72	37	41	18	80	52	79	91	19	6
	71	28	50	9	81	62	89	90	29	7
	61	17	60	8	82	51	99	91	39	16
	70	27	50	7	92	42	98	81	49	15
	80	26	40	6	93	31	97	71	59	25
	90	35	30	5	84	21	96	72	69	34
	91	36	20	14	94	10	86	73	78	33
	92	46	21	24	95	11	75	84	79	43
	93	45	22	13	96	1	65	94	89	42
	83	54	12	3	87	0	55	95	88	31
	82	53	2	4	97	10	66	96	98	30
	81	52	1	5	87	20	76	86	99	40
	70	42	0	15	77	30	67	85	89	41
	60	51	10	16	68	21	56	74	78	50
	61	62	11	26	58	22	47	64	69	40
	71	63	12	25	57	23	48	53	59	30
	72	73	13	34	67	32	38	44	49	21
	83	84	4	35	66	33	37	43	39	22
	92	93	5	36	75	24	28	52	29	12
	91	94	15	47	74	14	18	42	19	2
	90	95	6	48	64	25	9	31	29	3
	80	96	7	37	53	35	8	30	38	4
	81	97	17	27	43	36	18	40	49	5
	82	88	16	26	32	46	28	41	58	6
	71	77	15	25	22	45	29	50	68	7
	70	76	14	34	11	54	39	60	67	8
	61	75	13	45	1	65	49	50	66	9
	51	86	23	46	0	55	58	40	56	19
	62	87	32	47	10	54	68	30	57	29
	63	96	31	48	20	64	78	21	67	39
	53	95	22	38	30	74	79	11	77	49
	44	85	12	28	41	73	89	2	87	59
	33	74	3	37	51	72	98	1	86	69
	23	64	4	36	62	83	99	0	85	79
	32	53	5	35	63	84	89	10	74	78
	22	44	6	26	72	93	88	20	75	77
	11	34	7	27	73	92	87	30	76	67
	1	33	8	17	83	91	96	41	66	56
	0	24	18	16	84	90	95	51	65	46
	10	25	9	15	93	80	94	52	55	35
	20	14	19	5	92	81	85	62	45	36
	21	13	29	4	91	82	86	63	44	47
	30	23	39	3	90	71	75	53	33	57
	31	32	49	2	80	70	65	43	34	58
	42	22	48	1	81	60	66	52	24	68
	41	12	38	0	82	50	55	51	25	69
	40	2	28	10	72	61	45	62	26	59
	30	3	37	20	73	71	34	63	36	49
	21	13	27	10	64	70	24	53	46	48
	22	14	17	11	54	80	25	44	56	38
	12	15	7	2	65	90	26	34	67	28
	13	6	8	3	74	91	36	24	68	37
	14	7	18	4	85	92	27	25	69	47
	15	8	9	5	86	83	17	26	59	56
	6	7	19	4	75	73	16	36	49	67
	5	17	29	13	76	64	27	37	39	77
	4	28	38	23	87	74	26	47	49	78
	13	37	48	33	88	75	35	56	58	79
	23	47	57	32	78	66	46	67	68	89
	22	56	58	31	69	76	55	77	78	98
	21	66	59	42	79	86	65	87	88	97
	30	76	49	43	89	95	74	96	98	87
	41	75	39	52	99	94	84	86	97	77
	42	85	29	51	89	93	83	95	96	67
	32	84	18	50	78	92	82	94	87	57
	33	93	8	60	68	91	81	85	77	48
	44	92	9	70	57	90	71	74	67	49
	45	82	19	61	48	80	62	73	56	59
	35	71	29	51	49	70	63	72	46	69
	34	61	28	41	59	60	53	83	36	79
	24	50	27	40	58	70	44	84	26	89
	14	51	16	30	69	81	34	94	25	99
	15	52	6	20	79	91	33	95	35	98
	5	53	7	10	89	92	23	86	45	88
	4	44	17	0	78	83	12	76	54	97
	3	43	18	1	77	84	2	67	64	96
	13	42	8	11	87	94	12	56	65	86
	24	31	9	22	88	95	23	46	55	75
	34	21	19	32	98	86	33	47	66	65
	25	30	29	43	99	76	44	37	67	74
	26	41	38	52	89	77	45	48	68	85
	36	50	39	62	79	88	55	57	58	84
	37	61	49	63	69	98	65	56	59	93
	38	62	48	64	78	99	66	46	58	92
	28	63	47	65	88	89	75	36	68	91
	27	64	57	74	97	79	76	35	78	81
	16	73	67	84	96	69	77	45	88	90
	15	83	68	85	87	59	76	44	97	80
	14	82	78	86	96	49	66	53	98	70
	5	71	88	95	97	39	55	63	99	61
	6	72	98	94	87	29	54	62	89	60
	7	73	88	93	77	28	53	51	79	50
	17	64	78	92	67	27	43	42	69	40
