	9	66	87	55	5	81	6	49	78	68
	8	56	86	45	4	70	16	39	69	57
	7	46	75	34	3	60	17	29	58	47
	6	35	65	24	2	50	18	19	48	36
	15	25	54	13	1	40	28	9	37	26
	14	24	44	3	0	30	27	8	36	16
	4	13	33	2	10	20	17	7	26	6
	3	12	23	1	11	21	18	8	25	5
	2	22	32	0	10	31	29	9	14	4
	1	21	42	0	20	41	38	19	13	3
	11	30	43	10	21	51	49	29	12	2
	22	41	52	1	31	61	59	38	23	3
	32	42	51	2	30	62	69	49	24	4
	43	52	50	3	40	63	79	59	34	5
	53	62	60	4	41	64	89	69	45	15
	54	71	70	5	31	73	98	79	55	16
	65	72	80	6	21	74	97	89	66	27
	75	73	90	16	20	84	87	98	67	28
	85	83	91	27	10	93	86	97	76	38
	84	82	92	28	0	94	95	87	77	49
	74	81	93	18	1	85	96	88	78	59
	64	70	94	9	2	75	97	89	68	69
	63	61	85	19	3	66	88	99	57	58
	52	51	75	29	4	56	77	98	47	48
	42	41	66	38	5	46	68	97	37	49
	31	30	56	39	15	35	57	96	36	59
	21	20	46	29	16	26	47	95	27	69
	10	30	35	28	7	25	36	94	17	79
	0	40	34	18	8	14	37	84	16	89
	1	50	33	9	7	13	28	83	6	99
	2	60	44	19	17	12	18	72	5	98
	11	70	43	29	27	22	8	71	14	97
	21	80	32	38	26	23	7	62	13	96
	31	90	42	48	15	24	16	63	3	86
	41	91	51	58	14	25	6	53	4	76
	40	92	50	59	5	35	7	43	13	67
	30	93	60	69	6	45	17	32	12	77
	20	94	70	79	7	54	28	22	2	87
	10	85	71	89	17	55	38	11	1	88
	0	75	62	78	28	65	48	21	2	98
	10	76	72	68	38	74	58	31	3	99
	21	86	73	57	48	64	49	42	4	89
	31	87	63	56	47	53	39	52	5	78
	42	88	62	55	46	44	29	51	6	68
	41	77	61	45	35	34	18	50	7	57
	40	67	60	54	36	33	9	51	17	56
	30	66	70	65	37	23	19	52	28	46
	20	75	81	74	27	24	29	43	18	47
	10	85	82	84	26	25	38	33	8	36
	11	95	83	93	15	14	49	34	7	35
	12	96	92	94	16	13	59	44	6	45
	22	97	91	95	17	3	69	54	5	55
	32	98	90	96	28	2	79	65	4	66
	43	99	80	97	38	1	89	75	13	76
	53	98	70	87	49	0	78	85	12	86
	54	88	71	77	59	10	68	74	22	95
	65	78	72	67	69	21	58	73	32	94
	66	68	63	57	79	22	48	64	43	84
	75	58	53	56	89	32	37	54	42	73
	85	48	52	46	99	31	47	45	51	72
	84	38	62	36	98	41	57	34	61	71
	83	39	63	27	97	51	67	24	50	81
	72	29	64	26	96	42	66	13	40	82
	63	19	65	25	95	43	55	3	30	92
	64	9	75	24	85	33	45	2	20	93
	74	18	76	23	86	34	35	1	10	94
	65	8	87	13	96	44	46	11	0	95
	55	7	77	14	97	53	56	12	1	85
	54	6	88	15	98	52	47	23	11	74
	44	16	78	5	89	62	37	33	12	73
	53	17	69	4	79	72	28	32	23	84
	52	27	59	3	78	82	38	22	13	83
	62	36	49	2	68	91	48	21	24	92
	61	26	58	1	57	90	47	31	25	93
	60	35	69	10	67	80	36	41	34	94
	70	45	79	21	66	81	46	50	44	95
	71	55	89	22	75	82	56	60	53	86
	72	66	99	31	76	83	67	70	52	87
	63	65	98	41	77	93	68	80	62	96
	64	54	97	50	88	94	69	90	51	95
	74	44	96	40	78	85	79	91	42	86
	73	43	87	30	89	84	69	92	32	75
	83	33	76	20	99	93	59	82	23	66
	72	24	67	10	98	92	49	81	12	56
	71	14	57	0	97	91	39	70	11	47
	61	15	48	1	96	90	29	60	2	37
	51	6	38	10	95	80	18	50	3	28
	42	7	29	21	85	70	8	40	4	17
	43	16	18	22	74	61	9	30	14	27
	33	26	19	31	64	50	8	20	15	36
	23	25	29	41	53	40	7	10	5	35
	12	34	39	51	43	30	16	0	6	45
	2	44	49	52	32	20	17	1	15	46
	3	53	58	62	22	10	28	11	25	55
	4	52	68	71	21	0	37	12	34	65
	5	62	77	81	31	1	36	3	35	64
	6	61	88	82	41	2	46	4	45	73
	7	60	89	72	51	3	55	5	54	84
	8	70	99	63	52	4	65	6	53	83
	9	71	98	73	42	5	64	7	44	72
	18	81	97	74	43	6	54	8	33	62
	17	80	96	75	32	7	44	9	24	61
	16	90	86	76	23	6	33	19	13	50
	15	91	87	66	12	5	24	29	3	40
	14	82	77	56	2	4	13	28	12	30
	25	92	67	47	1	3	23	17	11	20
	26	93	56	48	10	12	22	16	21	30
	27	94	47	57	20	11	31	7	10	41
	37	85	36	58	21	2	42	8	0	51
	38	74	35	59	31	1	52	18	10	62
	39	75	34	69	41	11	53	9	21	63
	49	66	45	78	51	22	64	19	31	73
	59	56	46	79	52	32	74	29	41	84
	69	55	47	89	53	42	75	38	51	85
	78	65	48	88	63	52	66	39	62	86
	68	54	38	98	64	43	76	49	71	87
	77	44	28	99	73	33	67	58	81	88
	78	34	17	89	83	24	57	59	80	98
	79	25	16	88	72	14	48	69	90	97
	78	15	6	87	71	5	47	68	91	96
	88	26	7	86	70	4	37	57	82	95
	97	27	8	85	60	13	28	56	72	94
	96	36	18	84	61	3	29	46	73	93
	95	35	9	83	50	12	19	45	64	92
	94	34	8	82	40	23	29	55	54	91
	93	33	17	71	30	22	39	65	53	81
	83	23	16	61	20	21	49	74	52	70
	72	12	15	50	10	11	58	75	51	60
	71	2	14	40	0	1	59	66	41	61
	62	3	4	30	10	11	69	76	31	70
	63	13	5	20	21	22	79	67	32	80
	73	24	6	10	31	23	89	77	42	90
	74	25	7	0	41	33	98	88	43	91
	75	26	8	1	51	44	99	97	53	92
	65	27	18	2	62	45	89	87	63	82
	66	37	28	3	72	46	78	96	73	81
	76	38	29	4	83	47	68	86	74	71
	67	39	19	14	84	48	57	85	65	62
	56	49	9	24	94	38	58	95	66	63
	47	59	8	25	93	37	69	96	55	73
	36	58	17	15	92	27	79	97	46	74
	35	68	16	5	91	26	89	88	45	65
	34	77	15	6	90	25	98	87	54	66
	24	78	14	7	80	26	99	76	64	56
	13	69	4	8	81	27	89	75	53	46
	12	59	3	18	82	28	78	74	52	35
	11	49	2	29	71	38	77	64	42	25
	21	39	1	19	70	48	87	54	32	14
	30	29	10	9	60	57	76	55	22	4
	40	19	20	8	50	67	75	56	12	3
	41	9	30	17	61	66	74	47	2	13
	31	8	21	16	51	65	64	37	1	24
	22	17	11	15	42	54	53	36	0	23
	32	16	12	14	31	44	43	46	10	33
	42	15	23	13	30	45	52	35	11	34
	41	14	32	24	20	55	62	26	21	25
	50	5	33	13	10	56	72	27	22	15
	60	6	43	4	1	57	83	28	12	16
	70	7	42	5	2	58	84	18	3	27
	80	8	51	6	11	68	85	29	4	28
	90	18	52	7	21	69	86	38	5	37
	91	28	53	8	31	79	95	49	6	48
	92	27	44	18	41	89	94	58	7	57
	83	37	34	28	50	88	93	68	8	67
	73	38	24	29	60	97	84	69	9	77
	63	49	25	39	70	96	74	79	18	88
	64	58	26	38	80	86	75	78	17	89
	74	59	27	48	81	87	76	68	16	98
	75	69	28	58	71	77	67	57	15	97
	76	68	29	49	62	78	66	47	14	87
	86	57	38	39	52	79	65	36	13	96
	85	47	37	29	43	89	54	46	23	95
	94	56	36	19	33	98	53	45	32	86
	93	66	46	9	44	99	43	54	22	75
	92	65	45	8	34	89	42	55	12	74
	82	64	35	7	24	88	51	56	2	73
	71	63	25	6	14	97	61	67	1	72
	70	62	26	15	4	96	50	77	0	83
	60	52	16	5	3	95	40	88	10	84
	50	53	17	4	2	85	30	89	20	94
	40	44	18	3	1	86	21	99	10	93
	30	34	28	2	11	76	31	98	0	92
	41	35	27	12	21	67	32	97	1	91
	42	25	37	13	31	77	23	87	11	90
	52	24	48	14	32	68	33	96	22	80
	63	34	58	15	43	69	44	95	21	70
	62	45	59	16	52	78	54	85	20	60
	51	46	49	17	53	79	55	75	10	50
	61	47	38	18	54	89	56	66	0	40
	71	48	39	28	55	88	57	65	1	30
	81	49	29	27	45	98	58	74	2	20
	82	38	19	37	35	99	59	64	3	10
	72	29	9	36	26	89	69	73	4	0
	83	19	8	46	25	78	68	84	5	1
	93	9	7	56	14	77	67	94	6	2
	92	8	16	66	5	76	57	95	15	3
	91	7	26	75	4	86	47	96	25	12
	90	6	27	74	13	87	48	97	24	11
	80	5	17	64	12	88	49	98	23	21
	70	4	18	73	11	89	39	99	22	31
