	0.185500
	0.275500
	0.360500
	0.423000
	0.465500
	0.490000
	0.493000
	0.511000
	0.526000
	0.533000
	0.546500
	0.569000
	0.598500
	0.633000
	0.660000
	0.661500
	0.656000
	0.665000
	0.672000
	0.667000
	0.663500
	0.673500
	0.671500
	0.676500
	0.691000
	0.690500
	0.681500
	0.677000
	0.668500
	0.663500
	0.662000
	0.642500
	0.628000
	0.621000
	0.617500
	0.604000
	0.608000
	0.611000
	0.606500
	0.590000
	0.587000
	0.597000
	0.596500
	0.595500
	0.599000
	0.610500
	0.620500
	0.633000
	0.625500
	0.633500
	0.630500
	0.622500
	0.617000
	0.615500
	0.616000
	0.618000
	0.614500
	0.616500
	0.621500
	0.621500
	0.630500
	0.633000
	0.622000
	0.622500
	0.611500
	0.606500
	0.610000
	0.621500
	0.622000
	0.617000
	0.612000
	0.609000
	0.599000
	0.598500
	0.602000
	0.611000
	0.613000
	0.619000
	0.619500
	0.618500
	0.614500
	0.608000
	0.613000
	0.616500
	0.611500
	0.610500
	0.613500
	0.621000
	0.631500
	0.627000
	0.627000
	0.621000
	0.612500
	0.607500
	0.597500
	0.592000
	0.588000
	0.598500
	0.610000
	0.603000
	0.597000
	0.588000
	0.568000
	0.564000
	0.562000
	0.565000
	0.563500
	0.552500
	0.548500
	0.547000
	0.549500
	0.535500
	0.546500
	0.555500
	0.560500
	0.565000
	0.574500
	0.576500
	0.574500
	0.586000
	0.585000
	0.602000
	0.604000
	0.602000
	0.591500
	0.599500
	0.610500
	0.616000
	0.622500
	0.631000
	0.625500
	0.614500
	0.608500
	0.611000
	0.617000
	0.630000
	0.633500
	0.637500
	0.646000
	0.648000
	0.656500
	0.645000
	0.638000
	0.637000
	0.637500
	0.636000
	0.644000
	0.632000
	0.628000
	0.622000
	0.611000
	0.595500
	0.584000
	0.574500
	0.569500
	0.583000
	0.588500
	0.593500
	0.604000
	0.610000
	0.610000
	0.606000
	0.599000
	0.590500
	0.580500
	0.592000
	0.599000
	0.600000
	0.609500
	0.605500
	0.599500
	0.581500
	0.566500
	0.558000
	0.562000
	0.554500
	0.548000
	0.550000
	0.548000
	0.540500
	0.538000
	0.542500
	0.554000
	0.562000
	0.564000
	0.570500
	0.586000
	0.594000
	0.612000
	0.617500
	0.618500
	0.626000
	0.632500
	0.649500
	0.643500
	0.638500
	0.630000
	0.627500
	0.619000
	0.617000
