	0.166000
	0.247000
	0.324000
	0.371000
	0.418500
	0.441000
	0.459500
	0.481500
	0.506000
	0.535000
	0.552000
	0.571500
	0.584000
	0.584000
	0.592000
	0.609000
	0.620000
	0.625500
	0.641000
	0.647000
	0.654000
	0.646500
	0.645000
	0.640000
	0.638000
	0.625000
	0.632500
	0.637000
	0.637000
	0.625500
	0.605500
	0.603500
	0.594500
	0.598000
	0.601000
	0.588000
	0.578000
	0.575500
	0.588500
	0.614500
	0.611500
	0.621500
	0.618000
	0.615500
	0.619500
	0.613500
	0.616000
	0.610500
	0.607000
	0.609000
	0.621500
	0.614000
	0.628000
	0.629000
	0.618000
	0.616500
	0.628000
	0.624000
	0.621000
	0.621000
	0.627500
	0.623000
	0.629500
	0.616000
	0.621500
	0.621000
	0.619000
	0.613500
	0.619000
	0.619500
	0.622500
	0.631500
	0.631500
	0.638000
	0.648000
	0.640500
	0.637000
	0.630500
	0.631000
	0.630000
	0.639000
	0.639000
	0.623500
	0.616500
	0.618500
	0.613000
	0.604000
	0.594500
	0.594000
	0.602500
	0.593500
	0.586000
	0.585000
	0.576000
	0.560500
	0.563500
	0.556500
	0.552000
	0.556500
	0.569500
	0.579500
	0.579500
	0.577500
	0.579000
	0.587500
	0.597500
	0.599500
	0.594500
	0.599500
	0.617500
	0.640000
	0.658000
	0.659000
	0.667000
	0.652000
	0.646500
	0.652500
	0.646000
	0.645500
	0.643000
	0.636000
	0.635000
	0.623000
	0.601000
	0.587500
	0.569500
	0.546000
	0.545000
	0.548500
	0.560500
	0.559000
	0.563500
	0.571500
	0.566000
	0.566500
	0.554500
	0.561000
	0.563500
	0.564000
	0.563500
	0.565500
	0.575000
	0.588500
	0.596000
	0.607500
	0.617000
	0.629000
	0.646000
	0.640500
	0.639500
	0.633500
	0.626500
	0.628500
	0.633000
	0.630000
	0.626000
	0.626000
	0.635500
	0.625000
	0.621000
	0.609500
	0.612000
	0.609500
	0.613000
	0.615000
	0.618000
	0.614000
	0.607500
	0.598000
	0.596000
	0.598000
	0.591500
	0.603500
	0.612000
	0.608000
	0.604500
	0.615500
	0.611000
	0.608000
	0.603500
	0.590500
	0.575000
	0.576500
	0.578000
	0.588000
	0.584500
	0.589000
	0.588500
	0.602000
	0.610500
	0.627500
	0.613000
	0.615000
	0.605000
	0.596500
	0.598000
	0.601000
	0.607000
	0.615500
	0.621000
