	0.195000
	0.285000
	0.369500
	0.441000
	0.499500
	0.546000
	0.578500
	0.568500
	0.569500
	0.576000
	0.574000
	0.578000
	0.579000
	0.583500
	0.591000
	0.603500
	0.616000
	0.624500
	0.614500
	0.623500
	0.632000
	0.640500
	0.636000
	0.635000
	0.632500
	0.626000
	0.630000
	0.644000
	0.648500
	0.661500
	0.661000
	0.647000
	0.648000
	0.646500
	0.655500
	0.666500
	0.673500
	0.672000
	0.667500
	0.668000
	0.676500
	0.689000
	0.694000
	0.677000
	0.661000
	0.657500
	0.652000
	0.658500
	0.663500
	0.683500
	0.690000
	0.694500
	0.697500
	0.701500
	0.696000
	0.698500
	0.703500
	0.706500
	0.709000
	0.710000
	0.712000
	0.709000
	0.692000
	0.683500
	0.691000
	0.699000
	0.703500
	0.701000
	0.693000
	0.680000
	0.669500
	0.673500
	0.674500
	0.684000
	0.681500
	0.672000
	0.663000
	0.649000
	0.647500
	0.646000
	0.647500
	0.663000
	0.670500
	0.680000
	0.678000
	0.668500
	0.644000
	0.632500
	0.628000
	0.627500
	0.633500
	0.615000
	0.619500
	0.621000
	0.628000
	0.629500
	0.630000
	0.636000
	0.658500
	0.662000
	0.669500
	0.672000
	0.671000
	0.671500
	0.665500
	0.669500
	0.669500
	0.674500
	0.672500
	0.678500
	0.680500
	0.671000
	0.672000
	0.666000
	0.668500
	0.650500
	0.644500
	0.637000
	0.643500
	0.632000
	0.631000
	0.639500
	0.645000
	0.672500
	0.678500
	0.684000
	0.688000
	0.690000
	0.687000
	0.679000
	0.679500
	0.680000
	0.682500
	0.672500
	0.681000
	0.678000
	0.677500
	0.686500
	0.703500
	0.699000
	0.681500
	0.670500
	0.669500
	0.670500
	0.673500
	0.668500
	0.652500
	0.653000
	0.653000
	0.661000
	0.676500
	0.683000
	0.673500
	0.674500
	0.682000
	0.674500
	0.668000
	0.664000
	0.658000
	0.662000
	0.664000
	0.656500
	0.653000
	0.633000
	0.624000
	0.618500
	0.622500
	0.640500
	0.642500
	0.655500
	0.653500
	0.655000
	0.661500
	0.668000
	0.685500
	0.695500
	0.685000
	0.680500
	0.677500
	0.673000
	0.664500
	0.649500
	0.656000
	0.660000
	0.664500
	0.671000
	0.670500
	0.672000
	0.662500
	0.671500
	0.676500
	0.686000
	0.694500
	0.692500
	0.681500
	0.672500
	0.655000
	0.648500
	0.658000
	0.655000
