	0.175500
	0.266000
	0.333000
	0.388000
	0.434000
	0.452000
	0.463500
	0.481000
	0.495000
	0.495000
	0.494000
	0.503500
	0.523000
	0.541500
	0.551000
	0.578500
	0.601500
	0.621500
	0.631500
	0.637500
	0.651000
	0.678000
	0.695500
	0.688500
	0.684500
	0.684000
	0.681000
	0.681500
	0.688000
	0.701500
	0.698500
	0.702500
	0.706500
	0.705000
	0.706500
	0.698500
	0.694000
	0.692000
	0.691000
	0.678000
	0.661000
	0.655000
	0.669500
	0.679000
	0.688000
	0.691000
	0.689000
	0.689500
	0.690000
	0.698500
	0.699500
	0.699000
	0.695000
	0.701500
	0.697500
	0.704500
	0.697000
	0.683500
	0.690000
	0.692500
	0.694500
	0.687500
	0.681000
	0.680000
	0.663500
	0.648500
	0.627000
	0.608000
	0.602000
	0.607500
	0.599500
	0.609500
	0.611500
	0.617500
	0.604500
	0.596000
	0.599000
	0.591500
	0.590000
	0.594500
	0.608000
	0.609500
	0.610500
	0.607500
	0.605500
	0.592500
	0.582500
	0.609000
	0.625000
	0.628000
	0.637500
	0.646000
	0.652000
	0.650500
	0.639500
	0.652500
	0.660000
	0.674000
	0.686000
	0.671500
	0.668500
	0.660000
	0.659500
	0.659500
	0.656000
	0.648000
	0.653500
	0.659000
	0.665000
	0.667500
	0.664500
	0.658500
	0.638000
	0.617500
	0.604500
	0.613000
	0.624500
	0.646500
	0.662000
	0.661500
	0.666500
	0.666500
	0.665500
	0.666000
	0.679000
	0.686000
	0.685000
	0.678500
	0.678000
	0.671500
	0.670500
	0.653000
	0.652500
	0.652000
	0.654000
	0.655500
	0.650500
	0.654500
	0.661000
	0.662500
	0.656000
	0.664000
	0.675500
	0.684500
	0.687500
	0.676500
	0.662000
	0.668000
	0.672000
	0.665000
	0.667500
	0.671500
	0.679000
	0.692000
	0.696000
	0.689000
	0.686500
	0.674500
	0.663000
	0.663500
	0.659000
	0.655500
	0.650000
	0.650500
	0.660500
	0.664000
	0.663500
	0.672500
	0.663000
	0.657500
	0.671500
	0.684500
	0.688000
	0.682000
	0.675500
	0.680000
	0.691500
	0.702500
	0.709500
	0.716000
	0.714500
	0.719000
	0.710000
	0.704500
	0.693500
	0.682000
	0.672000
	0.656500
	0.650000
	0.663000
	0.670000
	0.682000
	0.676000
	0.674000
	0.677000
	0.675000
	0.675000
	0.684500
	0.689000
	0.678000
