	0.166000
	0.256500
	0.333000
	0.388000
	0.412500
	0.430000
	0.448000
	0.457500
	0.483000
	0.513000
	0.530000
	0.571000
	0.610500
	0.654500
	0.683500
	0.679500
	0.666000
	0.666500
	0.647000
	0.639500
	0.642000
	0.642500
	0.646500
	0.639000
	0.646000
	0.639500
	0.638000
	0.636000
	0.634000
	0.620000
	0.623000
	0.617500
	0.616000
	0.622000
	0.634500
	0.634500
	0.634000
	0.631500
	0.629000
	0.625500
	0.632000
	0.624500
	0.617000
	0.619000
	0.622500
	0.645000
	0.644000
	0.643500
	0.630000
	0.622000
	0.612500
	0.609000
	0.601500
	0.591500
	0.585000
	0.584000
	0.590000
	0.611000
	0.609500
	0.596500
	0.591000
	0.596000
	0.610500
	0.622000
	0.634500
	0.640500
	0.647500
	0.655000
	0.650500
	0.642500
	0.634500
	0.631000
	0.613500
	0.599000
	0.597000
	0.609000
	0.610500
	0.618500
	0.619500
	0.635500
	0.634500
	0.625500
	0.612000
	0.611000
	0.611500
	0.629500
	0.651000
	0.657000
	0.638000
	0.622500
	0.615500
	0.610500
	0.603500
	0.604000
	0.594000
	0.588500
	0.584500
	0.590000
	0.583500
	0.573500
	0.579000
	0.598500
	0.615500
	0.616500
	0.620000
	0.615000
	0.615000
	0.611500
	0.623000
	0.624000
	0.633000
	0.634000
	0.623500
	0.611500
	0.615000
	0.605500
	0.593500
	0.577500
	0.589000
	0.586000
	0.583500
	0.583000
	0.584500
	0.595500
	0.617500
	0.629500
	0.631500
	0.605000
	0.589000
	0.583000
	0.567000
	0.561000
	0.568000
	0.566500
	0.578500
	0.605500
	0.603000
	0.607000
	0.605500
	0.613000
	0.626000
	0.634000
	0.634500
	0.635000
	0.642000
	0.634500
	0.628000
	0.632000
	0.640500
	0.631000
	0.635000
	0.626500
	0.612000
	0.603000
	0.601500
	0.619000
	0.607500
	0.594000
	0.593500
	0.589500
	0.599500
	0.616000
	0.634000
	0.662000
	0.674500
	0.675500
	0.661500
	0.648500
	0.644000
	0.641000
	0.641000
	0.632000
	0.631500
	0.638000
	0.640500
	0.638000
	0.635500
	0.625500
	0.629500
	0.633500
	0.626000
	0.605000
	0.587500
	0.579500
	0.561000
	0.561500
	0.570000
	0.579500
	0.587500
	0.589500
	0.598500
	0.610500
	0.611000
	0.598500
	0.595000
	0.583500
	0.591000
	0.596000
	0.601000
	0.599000
