	0.195000
	0.285000
	0.344000
	0.374000
	0.397000
	0.424500
	0.449000
	0.466000
	0.464000
	0.475000
	0.494000
	0.509000
	0.508000
	0.514500
	0.525000
	0.527000
	0.532500
	0.544500
	0.548000
	0.551500
	0.557500
	0.577000
	0.592000
	0.597500
	0.601500
	0.603500
	0.598500
	0.594000
	0.576500
	0.560500
	0.553500
	0.558500
	0.574000
	0.601500
	0.608500
	0.619500
	0.621000
	0.621500
	0.622000
	0.624000
	0.634500
	0.625500
	0.626500
	0.638500
	0.664000
	0.670500
	0.669000
	0.667000
	0.668000
	0.656500
	0.651000
	0.654500
	0.653000
	0.646500
	0.643000
	0.635000
	0.627000
	0.624500
	0.623500
	0.629500
	0.626000
	0.630500
	0.641000
	0.632000
	0.626000
	0.622500
	0.630000
	0.629500
	0.633000
	0.618500
	0.613500
	0.619500
	0.628000
	0.618000
	0.609500
	0.604500
	0.608500
	0.630500
	0.632500
	0.629000
	0.623500
	0.635000
	0.643000
	0.640500
	0.630000
	0.645000
	0.656500
	0.643000
	0.636000
	0.642000
	0.646500
	0.630500
	0.615000
	0.621500
	0.634000
	0.653000
	0.655500
	0.650500
	0.658000
	0.672500
	0.679000
	0.682500
	0.688500
	0.691000
	0.682000
	0.682500
	0.680500
	0.678000
	0.672000
	0.677000
	0.680000
	0.676500
	0.668000
	0.666000
	0.676000
	0.680000
	0.674500
	0.660000
	0.652000
	0.650000
	0.643000
	0.639000
	0.627000
	0.617500
	0.621500
	0.634000
	0.635000
	0.639000
	0.641500
	0.644500
	0.635500
	0.634000
	0.636000
	0.639000
	0.644500
	0.642500
	0.647000
	0.654000
	0.644000
	0.645000
	0.653000
	0.666500
	0.662500
	0.665500
	0.654500
	0.649000
	0.644500
	0.642000
	0.638000
	0.632500
	0.649500
	0.670500
	0.682500
	0.696500
	0.702000
	0.705500
	0.694500
	0.690500
	0.689500
	0.688000
	0.678500
	0.676000
	0.676000
	0.665500
	0.670500
	0.692000
	0.691000
	0.682500
	0.679500
	0.665500
	0.652500
	0.645500
	0.647500
	0.640000
	0.649000
	0.628500
	0.623500
	0.628000
	0.633500
	0.649500
	0.648500
	0.646500
	0.648000
	0.652000
	0.655000
	0.649500
	0.659000
	0.648000
	0.636000
	0.628500
	0.627500
	0.635000
	0.639000
	0.640000
	0.639500
	0.623500
	0.630500
	0.647000
	0.656500
	0.655000
