	0.185000
	0.274500
	0.359000
	0.430500
	0.453500
	0.460500
	0.463000
	0.464000
	0.467000
	0.471000
	0.482500
	0.517000
	0.554500
	0.580500
	0.605500
	0.633000
	0.656000
	0.669500
	0.684500
	0.694000
	0.705000
	0.708000
	0.707500
	0.710500
	0.700000
	0.688500
	0.668500
	0.666000
	0.658500
	0.643500
	0.638000
	0.642500
	0.638000
	0.622500
	0.615500
	0.620500
	0.633500
	0.638000
	0.627500
	0.624500
	0.628500
	0.617000
	0.608000
	0.610500
	0.612000
	0.614500
	0.613000
	0.612000
	0.609000
	0.608000
	0.615000
	0.613000
	0.614500
	0.616000
	0.620000
	0.626500
	0.632000
	0.637500
	0.633000
	0.623000
	0.634000
	0.649500
	0.653000
	0.668500
	0.676500
	0.679500
	0.674000
	0.656500
	0.647000
	0.634000
	0.617000
	0.607000
	0.605500
	0.602000
	0.591500
	0.593500
	0.593500
	0.599500
	0.596500
	0.603000
	0.611500
	0.615000
	0.617000
	0.603000
	0.594500
	0.601000
	0.610000
	0.617500
	0.604500
	0.606500
	0.607000
	0.603500
	0.601500
	0.601500
	0.595500
	0.597000
	0.598500
	0.601500
	0.608500
	0.627500
	0.643500
	0.662000
	0.655500
	0.648000
	0.634000
	0.622500
	0.611500
	0.594500
	0.583500
	0.575500
	0.567000
	0.568000
	0.578000
	0.582500
	0.589500
	0.587500
	0.589000
	0.575500
	0.578500
	0.585500
	0.591000
	0.578500
	0.569500
	0.565500
	0.566500
	0.585000
	0.574500
	0.569500
	0.562500
	0.557500
	0.549500
	0.549500
	0.558000
	0.560500
	0.563500
	0.575000
	0.580500
	0.575500
	0.561500
	0.566500
	0.566000
	0.560000
	0.554500
	0.546500
	0.550500
	0.550000
	0.547000
	0.541500
	0.546000
	0.541000
	0.540500
	0.539000
	0.542000
	0.548500
	0.555500
	0.556500
	0.543000
	0.535000
	0.524500
	0.526000
	0.529500
	0.534000
	0.541500
	0.544000
	0.540000
	0.531500
	0.545500
	0.545000
	0.547000
	0.545500
	0.543500
	0.548000
	0.557500
	0.561500
	0.565000
	0.565000
	0.564000
	0.569000
	0.587500
	0.581500
	0.573000
	0.564000
	0.556000
	0.550500
	0.538000
	0.544000
	0.555500
	0.570000
	0.581000
	0.589500
	0.596500
	0.592000
	0.586000
	0.594500
	0.577500
	0.577000
	0.574000
	0.574500
	0.568500
	0.568500
