	0.185000
	0.275000
	0.350000
	0.386000
	0.414000
	0.432000
	0.447500
	0.463000
	0.477000
	0.479000
	0.484000
	0.492000
	0.515000
	0.545500
	0.569500
	0.591500
	0.610000
	0.640000
	0.642000
	0.648500
	0.660000
	0.677500
	0.691000
	0.695500
	0.678000
	0.662500
	0.655500
	0.640000
	0.633000
	0.632500
	0.640000
	0.643500
	0.643500
	0.651500
	0.659000
	0.666500
	0.670000
	0.674500
	0.677000
	0.677500
	0.691500
	0.698500
	0.703000
	0.696500
	0.690000
	0.686500
	0.685500
	0.679500
	0.686000
	0.690000
	0.693500
	0.698500
	0.695000
	0.691000
	0.686000
	0.693500
	0.680000
	0.670500
	0.654500
	0.642500
	0.626000
	0.617000
	0.612000
	0.610000
	0.609500
	0.615000
	0.628000
	0.634000
	0.652500
	0.669000
	0.686500
	0.698500
	0.696500
	0.699000
	0.697000
	0.695000
	0.695500
	0.688500
	0.688000
	0.690500
	0.687500
	0.687500
	0.703500
	0.710000
	0.707500
	0.708500
	0.710500
	0.713500
	0.726500
	0.718000
	0.706500
	0.712000
	0.711000
	0.707500
	0.712500
	0.717000
	0.706000
	0.700000
	0.703500
	0.707000
	0.708500
	0.720500
	0.734000
	0.722000
	0.710500
	0.701000
	0.687000
	0.693000
	0.693000
	0.687500
	0.684500
	0.681000
	0.673000
	0.662000
	0.667500
	0.675000
	0.677500
	0.694500
	0.698500
	0.703500
	0.705500
	0.699000
	0.699000
	0.688500
	0.678500
	0.683000
	0.684500
	0.691000
	0.684000
	0.695500
	0.699500
	0.693000
	0.684000
	0.659000
	0.643000
	0.626500
	0.619000
	0.611500
	0.617500
	0.616000
	0.628500
	0.631500
	0.636000
	0.639500
	0.639000
	0.634500
	0.627500
	0.626000
	0.621500
	0.618000
	0.620000
	0.621500
	0.625500
	0.633000
	0.637000
	0.636500
	0.657500
	0.665000
	0.656500
	0.666500
	0.652500
	0.648500
	0.639000
	0.639000
	0.621500
	0.617500
	0.624000
	0.643000
	0.666000
	0.666000
	0.669000
	0.671000
	0.676500
	0.685500
	0.692500
	0.682000
	0.679500
	0.682000
	0.686000
	0.692000
	0.694000
	0.686000
	0.679000
	0.671000
	0.662500
	0.670500
	0.668500
	0.659500
	0.657000
	0.643500
	0.634000
	0.632500
	0.637000
	0.648000
	0.670500
	0.682000
	0.698500
	0.693500
	0.695000
	0.694000
