	0.185500
	0.276000
	0.343875
	0.389750
	0.434125
	0.464500
	0.496750
	0.507000
	0.529250
	0.552375
	0.584500
	0.609125
	0.624750
	0.636375
	0.637500
	0.645375
	0.654000
	0.659375
	0.661875
	0.669250
	0.662625
	0.661250
	0.653875
	0.662750
	0.676875
	0.688250
	0.684875
	0.687750
	0.683625
	0.677000
	0.671625
	0.681500
	0.677375
	0.687750
	0.709125
	0.698500
	0.692750
	0.688875
	0.693250
	0.702625
	0.705000
	0.691375
	0.685250
	0.690125
	0.686500
	0.680625
	0.680000
	0.684500
	0.702875
	0.701750
	0.704125
	0.707000
	0.708375
	0.700875
	0.699750
	0.702125
	0.696500
	0.695375
	0.682000
	0.689875
	0.678375
	0.674750
	0.671625
	0.665750
	0.660500
	0.670375
	0.662500
	0.665750
	0.676125
	0.691625
	0.698375
	0.703000
	0.711375
	0.711250
	0.709625
	0.702000
	0.700625
	0.693500
	0.693875
	0.692500
	0.694875
	0.693250
	0.693625
	0.699500
	0.716375
	0.717500
	0.719375
	0.719875
	0.725750
	0.725125
	0.719750
	0.707875
	0.693625
	0.686500
	0.689375
	0.688250
	0.678750
	0.678875
	0.688250
	0.682625
	0.678000
	0.681125
	0.687500
	0.684250
	0.684000
	0.670500
	0.657375
	0.660500
	0.672375
	0.677500
	0.674500
	0.674375
	0.688000
	0.672875
	0.667250
	0.674125
	0.687500
	0.692500
	0.697375
	0.690250
	0.676000
	0.668125
	0.669125
	0.663000
	0.677375
	0.681750
	0.691000
	0.690250
	0.691125
	0.684875
	0.696750
	0.695750
	0.711500
	0.725375
	0.721625
	0.711000
	0.706000
	0.707375
	0.710250
	0.713250
	0.720625
	0.707250
	0.701125
	0.696250
	0.683375
	0.675750
	0.666375
	0.671250
	0.680125
	0.671750
	0.658625
	0.663000
	0.652500
	0.664375
	0.681500
	0.680375
	0.673875
	0.675750
	0.690125
	0.686250
	0.681625
	0.691000
	0.698375
	0.699750
	0.699000
	0.700875
	0.702125
	0.697625
	0.698500
	0.693000
	0.694375
	0.694250
	0.693625
	0.699000
	0.694750
	0.685125
	0.669875
	0.669750
	0.667375
	0.665625
	0.666000
	0.667375
	0.657750
	0.643000
	0.647000
	0.654875
	0.669125
	0.682625
	0.687500
	0.686750
	0.678500
	0.681250
	0.675125
	0.682000
	0.684375
	0.678625
	0.682750
	0.676125
	0.669375
	0.666250
