	0.195000
	0.284625
	0.360250
	0.431125
	0.475000
	0.523375
	0.569750
	0.588750
	0.599875
	0.620250
	0.639625
	0.649750
	0.667625
	0.678500
	0.676750
	0.669625
	0.666000
	0.656000
	0.657875
	0.650500
	0.653000
	0.645125
	0.656500
	0.666875
	0.658375
	0.652250
	0.653375
	0.660750
	0.670625
	0.662875
	0.652375
	0.640375
	0.637750
	0.641875
	0.649750
	0.645125
	0.633250
	0.638125
	0.642000
	0.642375
	0.643250
	0.641500
	0.637125
	0.628500
	0.626375
	0.622250
	0.622000
	0.634875
	0.630750
	0.645375
	0.654750
	0.662625
	0.659250
	0.655625
	0.653250
	0.658250
	0.666125
	0.680500
	0.692875
	0.696500
	0.695125
	0.697625
	0.689250
	0.674625
	0.661625
	0.651500
	0.649875
	0.640250
	0.642875
	0.634500
	0.630875
	0.623875
	0.621375
	0.611625
	0.618500
	0.625625
	0.634500
	0.661500
	0.669375
	0.689750
	0.699125
	0.704000
	0.707875
	0.692250
	0.682625
	0.688250
	0.695625
	0.681625
	0.676500
	0.670500
	0.662625
	0.668125
	0.670500
	0.681625
	0.678500
	0.679875
	0.674125
	0.671000
	0.667250
	0.662000
	0.649875
	0.636250
	0.623250
	0.624875
	0.632750
	0.639875
	0.638250
	0.640125
	0.644375
	0.653750
	0.652500
	0.647375
	0.649250
	0.654125
	0.658000
	0.666250
	0.682125
	0.686500
	0.683000
	0.693125
	0.683875
	0.687750
	0.677500
	0.688875
	0.687875
	0.688000
	0.679375
	0.682875
	0.674250
	0.667625
	0.659500
	0.650250
	0.649625
	0.645375
	0.648250
	0.650125
	0.653375
	0.646875
	0.647750
	0.665125
	0.682000
	0.697625
	0.700000
	0.703625
	0.700000
	0.708000
	0.709000
	0.701875
	0.694500
	0.690375
	0.685500
	0.688875
	0.685875
	0.684250
	0.668625
	0.671375
	0.672250
	0.670625
	0.663125
	0.651125
	0.648125
	0.646875
	0.657750
	0.661625
	0.661000
	0.652250
	0.661125
	0.677125
	0.681500
	0.682375
	0.681500
	0.673500
	0.672875
	0.678000
	0.682375
	0.685750
	0.688250
	0.680875
	0.676250
	0.670875
	0.656750
	0.650625
	0.656000
	0.640625
	0.627500
	0.618375
	0.620250
	0.619750
	0.623625
	0.644750
	0.656125
	0.651750
	0.652625
	0.660250
	0.661500
	0.665375
	0.666250
	0.673125
	0.678000
	0.671875
