	0.185500
	0.275875
	0.335000
	0.382250
	0.417625
	0.459250
	0.488875
	0.500000
	0.510125
	0.520250
	0.530875
	0.532250
	0.535750
	0.532000
	0.535625
	0.543500
	0.556375
	0.572125
	0.585000
	0.585875
	0.580750
	0.574375
	0.575125
	0.573500
	0.567875
	0.555250
	0.545000
	0.543250
	0.553375
	0.563750
	0.562625
	0.563750
	0.566125
	0.575375
	0.582125
	0.590750
	0.604375
	0.599250
	0.594875
	0.601250
	0.623125
	0.631125
	0.639000
	0.641500
	0.637500
	0.640375
	0.646625
	0.663250
	0.681000
	0.684375
	0.700750
	0.707625
	0.697000
	0.687875
	0.688250
	0.687625
	0.685625
	0.688625
	0.690000
	0.700375
	0.702750
	0.699375
	0.700500
	0.702875
	0.708000
	0.704875
	0.702625
	0.691000
	0.677875
	0.669125
	0.655750
	0.643625
	0.639750
	0.627625
	0.617625
	0.630500
	0.632125
	0.626875
	0.621500
	0.614125
	0.613500
	0.617375
	0.636250
	0.658500
	0.666125
	0.676000
	0.668250
	0.660750
	0.663125
	0.670000
	0.657875
	0.651875
	0.655625
	0.656750
	0.665125
	0.668750
	0.670750
	0.662375
	0.663250
	0.665625
	0.656625
	0.662000
	0.670875
	0.661000
	0.666250
	0.679625
	0.679500
	0.685625
	0.690000
	0.699875
	0.702875
	0.705250
	0.693625
	0.691250
	0.687125
	0.679500
	0.672750
	0.677375
	0.678500
	0.676000
	0.677375
	0.674625
	0.674500
	0.684375
	0.670625
	0.663375
	0.659250
	0.647625
	0.641875
	0.646250
	0.639375
	0.635750
	0.632125
	0.629500
	0.639000
	0.638125
	0.630250
	0.631625
	0.639500
	0.644000
	0.637375
	0.621875
	0.613750
	0.617125
	0.617000
	0.627375
	0.633375
	0.642250
	0.658875
	0.656250
	0.662250
	0.678750
	0.690625
	0.679875
	0.672750
	0.677625
	0.672750
	0.671000
	0.669375
	0.681250
	0.668125
	0.663000
	0.666875
	0.663625
	0.669500
	0.678375
	0.669500
	0.651500
	0.650875
	0.671500
	0.673375
	0.690750
	0.697125
	0.699000
	0.695875
	0.693500
	0.694125
	0.698875
	0.688625
	0.683000
	0.687125
	0.689500
	0.689875
	0.684625
	0.684000
	0.682375
	0.679500
	0.677875
	0.675000
	0.675250
	0.676875
	0.675250
	0.665750
	0.667875
	0.681500
	0.669875
	0.661750
	0.656625
	0.653000
	0.643625
