	0.184500
	0.274500
	0.359500
	0.421000
	0.436500
	0.471000
	0.504000
	0.534000
	0.562000
	0.586000
	0.610000
	0.628000
	0.639500
	0.648000
	0.653000
	0.662000
	0.674500
	0.680500
	0.682000
	0.671000
	0.660000
	0.659000
	0.662000
	0.661000
	0.654000
	0.651000
	0.655000
	0.654500
	0.659000
	0.643500
	0.650000
	0.654000
	0.652000
	0.636000
	0.635000
	0.637500
	0.662500
	0.673000
	0.678000
	0.682000
	0.679000
	0.676000
	0.672000
	0.668500
	0.663500
	0.668500
	0.659500
	0.661500
	0.660000
	0.656000
	0.650500
	0.655500
	0.645500
	0.646000
	0.645000
	0.651000
	0.657500
	0.652000
	0.657000
	0.650500
	0.640500
	0.643000
	0.644500
	0.645500
	0.644000
	0.646000
	0.635000
	0.637000
	0.645000
	0.640500
	0.640500
	0.646500
	0.660500
	0.662500
	0.653000
	0.648000
	0.647500
	0.656500
	0.664500
	0.661500
	0.665500
	0.666500
	0.654000
	0.635000
	0.626500
	0.625000
	0.638000
	0.635000
	0.651000
	0.666000
	0.665500
	0.669000
	0.679000
	0.681000
	0.685000
	0.689500
	0.674500
	0.673500
	0.662500
	0.654000
	0.650500
	0.647500
	0.643500
	0.646000
	0.648000
	0.648000
	0.636500
	0.634500
	0.637000
	0.647000
	0.667000
	0.672000
	0.674000
	0.672000
	0.659000
	0.643000
	0.633500
	0.629000
	0.637500
	0.639000
	0.633000
	0.626000
	0.623500
	0.626500
	0.633500
	0.645500
	0.638000
	0.622000
	0.600500
	0.611500
	0.621500
	0.615000
	0.610000
	0.604000
	0.601500
	0.606000
	0.614000
	0.622000
	0.635500
	0.653500
	0.676000
	0.671500
	0.673000
	0.673500
	0.672500
	0.670000
	0.669000
	0.681500
	0.690000
	0.699000
	0.691500
	0.685500
	0.675000
	0.665000
	0.651500
	0.637500
	0.622500
	0.620500
	0.602000
	0.588000
	0.584500
	0.609000
	0.619000
	0.628000
	0.633000
	0.645500
	0.655000
	0.650000
	0.647000
	0.644500
	0.636500
	0.631500
	0.622500
	0.608000
	0.594500
	0.600500
	0.617500
	0.620500
	0.625000
	0.614000
	0.625000
	0.626000
	0.629500
	0.628000
	0.620500
	0.622500
	0.640500
	0.650500
	0.644500
	0.643000
	0.647500
	0.638500
	0.629000
	0.632000
	0.633500
	0.628000
	0.642000
	0.643500
	0.646500
	0.657500
