	0.156875
	0.239250
	0.318125
	0.355875
	0.402125
	0.428750
	0.437875
	0.464500
	0.492125
	0.508250
	0.531750
	0.552750
	0.557750
	0.557000
	0.568250
	0.586250
	0.587500
	0.605500
	0.608500
	0.619750
	0.632125
	0.637500
	0.644750
	0.656750
	0.669750
	0.676250
	0.679125
	0.679625
	0.678625
	0.689750
	0.694750
	0.693375
	0.694250
	0.694500
	0.692250
	0.695375
	0.687000
	0.679375
	0.673625
	0.664750
	0.665625
	0.664000
	0.665375
	0.660250
	0.666875
	0.662750
	0.661000
	0.663375
	0.673250
	0.673125
	0.677250
	0.685500
	0.688875
	0.688625
	0.687500
	0.682500
	0.682625
	0.690375
	0.706250
	0.701375
	0.690250
	0.698625
	0.705125
	0.706875
	0.714250
	0.717375
	0.711250
	0.710625
	0.706625
	0.709250
	0.726125
	0.729125
	0.723375
	0.717250
	0.710125
	0.704000
	0.698375
	0.675875
	0.661250
	0.648125
	0.648500
	0.653625
	0.669500
	0.674875
	0.674125
	0.664500
	0.672625
	0.680375
	0.682750
	0.695750
	0.695250
	0.699125
	0.691500
	0.687375
	0.692375
	0.679750
	0.681875
	0.680000
	0.673375
	0.680250
	0.661125
	0.654500
	0.646375
	0.640250
	0.636125
	0.629875
	0.632500
	0.630625
	0.631375
	0.617750
	0.615375
	0.618750
	0.631625
	0.638500
	0.629625
	0.631500
	0.632875
	0.641500
	0.656875
	0.666750
	0.676875
	0.695250
	0.705750
	0.703625
	0.693500
	0.688375
	0.677750
	0.678000
	0.678875
	0.675375
	0.682750
	0.697625
	0.705250
	0.712625
	0.705375
	0.698125
	0.700875
	0.710750
	0.713125
	0.709000
	0.693375
	0.706125
	0.705875
	0.707375
	0.706250
	0.697250
	0.682125
	0.678500
	0.667875
	0.662750
	0.653125
	0.646375
	0.656125
	0.663500
	0.672500
	0.661250
	0.653625
	0.650250
	0.636125
	0.637500
	0.640250
	0.643875
	0.647750
	0.639375
	0.652500
	0.664375
	0.678375
	0.686250
	0.693375
	0.698250
	0.703750
	0.705875
	0.713875
	0.714625
	0.709000
	0.698875
	0.696250
	0.699250
	0.696375
	0.686625
	0.672500
	0.675875
	0.677750
	0.671375
	0.685250
	0.694125
	0.692500
	0.677000
	0.667250
	0.657375
	0.650250
	0.655375
	0.652250
	0.658125
	0.660875
	0.668250
	0.663125
	0.658000
	0.649500
	0.650125
