	0.185000
	0.275000
	0.342000
	0.404500
	0.455500
	0.485000
	0.504000
	0.516500
	0.523000
	0.540000
	0.564500
	0.574500
	0.586000
	0.598500
	0.616000
	0.632000
	0.639000
	0.632500
	0.634000
	0.636000
	0.653000
	0.662500
	0.656000
	0.667000
	0.677000
	0.678500
	0.680000
	0.674000
	0.667500
	0.680000
	0.671500
	0.661000
	0.672000
	0.682000
	0.686000
	0.688000
	0.682000
	0.682500
	0.677000
	0.679500
	0.681000
	0.686000
	0.683000
	0.685000
	0.694000
	0.686500
	0.688000
	0.685500
	0.689000
	0.698500
	0.688000
	0.691500
	0.695000
	0.699500
	0.690000
	0.678500
	0.668500
	0.665500
	0.667500
	0.674000
	0.685000
	0.692000
	0.699000
	0.697500
	0.696000
	0.683500
	0.677000
	0.668500
	0.673000
	0.666000
	0.663000
	0.659000
	0.656000
	0.655500
	0.656000
	0.663500
	0.670000
	0.668500
	0.664000
	0.663000
	0.669500
	0.682500
	0.680000
	0.685000
	0.659500
	0.638000
	0.630000
	0.646000
	0.657500
	0.648500
	0.649500
	0.651000
	0.651000
	0.645500
	0.643500
	0.629500
	0.627500
	0.624500
	0.631000
	0.634000
	0.642000
	0.650500
	0.664000
	0.667500
	0.667000
	0.662000
	0.650000
	0.645000
	0.634000
	0.628500
	0.612500
	0.615000
	0.606000
	0.596500
	0.588500
	0.584500
	0.590500
	0.603000
	0.626000
	0.629000
	0.640000
	0.645500
	0.651000
	0.658500
	0.670000
	0.667000
	0.663000
	0.661000
	0.646000
	0.631000
	0.624000
	0.627500
	0.615500
	0.615500
	0.617000
	0.613500
	0.615000
	0.620000
	0.625500
	0.631500
	0.639000
	0.650000
	0.659000
	0.662500
	0.664000
	0.658000
	0.652500
	0.650000
	0.662000
	0.666000
	0.662000
	0.672000
	0.679500
	0.674500
	0.666000
	0.675500
	0.656000
	0.645500
	0.644500
	0.650500
	0.640000
	0.653000
	0.661000
	0.670000
	0.677500
	0.686000
	0.686500
	0.686000
	0.692000
	0.700500
	0.700000
	0.694500
	0.687500
	0.686500
	0.695000
	0.681500
	0.677500
	0.673500
	0.666000
	0.664000
	0.655500
	0.654500
	0.669500
	0.680000
	0.687000
	0.691500
	0.683000
	0.679000
	0.664500
	0.654500
	0.656500
	0.654500
	0.650500
	0.645000
	0.653500
	0.645500
	0.647500
	0.649000
	0.664500
	0.669500
