	0.175500
	0.257375
	0.325500
	0.373125
	0.408000
	0.434500
	0.461750
	0.496125
	0.520250
	0.538250
	0.551875
	0.575875
	0.595625
	0.616125
	0.634000
	0.636000
	0.629375
	0.636250
	0.660125
	0.655500
	0.656875
	0.663000
	0.663875
	0.664375
	0.643125
	0.639500
	0.636875
	0.633000
	0.627250
	0.628375
	0.647250
	0.664375
	0.674375
	0.674875
	0.668250
	0.672500
	0.659375
	0.659250
	0.649500
	0.644375
	0.642750
	0.640375
	0.643500
	0.651625
	0.661000
	0.664750
	0.681625
	0.693500
	0.700875
	0.705750
	0.709125
	0.701500
	0.701625
	0.697500
	0.694000
	0.680750
	0.680125
	0.683500
	0.682875
	0.684125
	0.681000
	0.696125
	0.702625
	0.698125
	0.691500
	0.693375
	0.690000
	0.691875
	0.691625
	0.695500
	0.700375
	0.689500
	0.676875
	0.685375
	0.693250
	0.689000
	0.670875
	0.666750
	0.665625
	0.661500
	0.657250
	0.654125
	0.663625
	0.671250
	0.682125
	0.678500
	0.678375
	0.666750
	0.666625
	0.672000
	0.678250
	0.679750
	0.673125
	0.685000
	0.700375
	0.686250
	0.679875
	0.679250
	0.682500
	0.675625
	0.679125
	0.689500
	0.680375
	0.694625
	0.701500
	0.699875
	0.689875
	0.677250
	0.664125
	0.671000
	0.667250
	0.659625
	0.657250
	0.655625
	0.656250
	0.658125
	0.670500
	0.667375
	0.660875
	0.661875
	0.649250
	0.658625
	0.668125
	0.684000
	0.690875
	0.697750
	0.695125
	0.698500
	0.692875
	0.690250
	0.684625
	0.693125
	0.698500
	0.674625
	0.671500
	0.660250
	0.654625
	0.666750
	0.664125
	0.673250
	0.669625
	0.671000
	0.674375
	0.696250
	0.713125
	0.707625
	0.702125
	0.696500
	0.681125
	0.682750
	0.693375
	0.697000
	0.697000
	0.685875
	0.672250
	0.665625
	0.671500
	0.670000
	0.668500
	0.679875
	0.685000
	0.677375
	0.693125
	0.711000
	0.714875
	0.701750
	0.692250
	0.690750
	0.684125
	0.684500
	0.674875
	0.665000
	0.656000
	0.654375
	0.642125
	0.641125
	0.633500
	0.650875
	0.657750
	0.674500
	0.678375
	0.666250
	0.647625
	0.651000
	0.664500
	0.667375
	0.675750
	0.671125
	0.660000
	0.664625
	0.661000
	0.670125
	0.657625
	0.651000
	0.642875
	0.635625
	0.638750
	0.640125
	0.645375
	0.644125
