	0.156500
	0.248500
	0.326500
	0.383500
	0.428000
	0.478000
	0.492500
	0.513000
	0.515500
	0.516500
	0.532000
	0.548500
	0.564000
	0.585000
	0.592500
	0.597500
	0.605500
	0.608000
	0.627000
	0.639000
	0.623500
	0.615500
	0.625500
	0.640000
	0.658500
	0.661000
	0.664500
	0.658500
	0.664500
	0.659500
	0.649500
	0.652500
	0.668000
	0.671500
	0.671500
	0.673500
	0.674500
	0.690500
	0.688500
	0.697500
	0.677000
	0.661500
	0.654000
	0.647500
	0.659000
	0.666500
	0.667000
	0.654500
	0.640500
	0.647500
	0.634500
	0.634500
	0.624500
	0.617500
	0.612500
	0.608500
	0.620000
	0.620500
	0.633000
	0.622500
	0.622000
	0.627500
	0.638500
	0.645500
	0.647000
	0.637500
	0.616000
	0.603000
	0.601500
	0.605500
	0.611000
	0.624500
	0.635500
	0.641000
	0.641000
	0.651000
	0.641000
	0.638500
	0.627000
	0.626000
	0.614000
	0.606500
	0.609500
	0.607000
	0.608000
	0.601500
	0.607000
	0.609500
	0.619500
	0.630500
	0.637000
	0.634500
	0.632000
	0.643500
	0.651500
	0.659500
	0.670000
	0.676500
	0.671000
	0.659500
	0.659000
	0.650500
	0.645000
	0.643500
	0.627500
	0.627000
	0.620500
	0.617000
	0.609500
	0.612000
	0.603500
	0.598000
	0.603500
	0.597500
	0.585000
	0.594000
	0.603500
	0.610500
	0.619000
	0.600500
	0.595000
	0.586500
	0.578500
	0.575000
	0.574000
	0.581500
	0.601500
	0.604000
	0.620000
	0.622500
	0.612000
	0.601000
	0.584000
	0.571500
	0.562500
	0.564000
	0.568000
	0.577000
	0.585500
	0.602500
	0.617500
	0.624000
	0.625500
	0.618000
	0.601000
	0.591500
	0.587000
	0.583500
	0.593500
	0.604000
	0.592500
	0.613500
	0.614000
	0.617500
	0.616000
	0.612500
	0.606000
	0.606500
	0.612500
	0.615500
	0.625500
	0.612000
	0.608500
	0.614500
	0.614000
	0.612000
	0.616500
	0.615000
	0.614500
	0.605500
	0.590500
	0.582500
	0.582000
	0.577500
	0.586000
	0.597500
	0.596500
	0.607500
	0.618000
	0.621500
	0.618500
	0.615000
	0.619500
	0.622500
	0.623000
	0.632000
	0.645500
	0.654000
	0.649500
	0.646500
	0.639500
	0.640500
	0.646000
	0.655000
	0.649500
	0.649500
	0.644500
	0.637500
	0.643000
	0.642000
