	0.175250
	0.257000
	0.291250
	0.359500
	0.396625
	0.432750
	0.454875
	0.479500
	0.507250
	0.535125
	0.549250
	0.563750
	0.591375
	0.616500
	0.629875
	0.646250
	0.639500
	0.642000
	0.646375
	0.638250
	0.629500
	0.625750
	0.627625
	0.635250
	0.629500
	0.642500
	0.660875
	0.672750
	0.684000
	0.684375
	0.680500
	0.685375
	0.688250
	0.693625
	0.691750
	0.697750
	0.694625
	0.698500
	0.699750
	0.700750
	0.705625
	0.713000
	0.714250
	0.716625
	0.720250
	0.712250
	0.718125
	0.718250
	0.728375
	0.723250
	0.719000
	0.707375
	0.713250
	0.698750
	0.690625
	0.674375
	0.671250
	0.671250
	0.675000
	0.680375
	0.688750
	0.671125
	0.681625
	0.687500
	0.693000
	0.709125
	0.710500
	0.724875
	0.730750
	0.726500
	0.721625
	0.728625
	0.725875
	0.717750
	0.713125
	0.706500
	0.695500
	0.701875
	0.689250
	0.687125
	0.684750
	0.683250
	0.669625
	0.669875
	0.679625
	0.690000
	0.710625
	0.697750
	0.686625
	0.673125
	0.666000
	0.668625
	0.670000
	0.666750
	0.667625
	0.678000
	0.683500
	0.689375
	0.688625
	0.693500
	0.694625
	0.703250
	0.700125
	0.702125
	0.709000
	0.714875
	0.718750
	0.719875
	0.711750
	0.706125
	0.708000
	0.708750
	0.717250
	0.719125
	0.710500
	0.708500
	0.714375
	0.709250
	0.705625
	0.707625
	0.712750
	0.710625
	0.705500
	0.690375
	0.688375
	0.682000
	0.673375
	0.666000
	0.665375
	0.675250
	0.690875
	0.707250
	0.715125
	0.721250
	0.705875
	0.697250
	0.695500
	0.697000
	0.685625
	0.682500
	0.675625
	0.664375
	0.657750
	0.651500
	0.649375
	0.657750
	0.659125
	0.654125
	0.646000
	0.642375
	0.648875
	0.650750
	0.645375
	0.643000
	0.644625
	0.656875
	0.661750
	0.667125
	0.660500
	0.674875
	0.684750
	0.692500
	0.693500
	0.706500
	0.700375
	0.695250
	0.690625
	0.699500
	0.684750
	0.678625
	0.674500
	0.677625
	0.683125
	0.693000
	0.692250
	0.684625
	0.686500
	0.685375
	0.684875
	0.686250
	0.692625
	0.696125
	0.726000
	0.735875
	0.721875
	0.717125
	0.724375
	0.717500
	0.700875
	0.692875
	0.683000
	0.674875
	0.658750
	0.645625
	0.647375
	0.646125
	0.638750
	0.642625
	0.655625
	0.661000
