	0.185500
	0.266500
	0.335000
	0.415500
	0.482000
	0.535000
	0.567500
	0.554500
	0.550000
	0.548500
	0.545000
	0.545000
	0.560000
	0.578500
	0.603500
	0.610000
	0.628000
	0.639500
	0.642500
	0.636000
	0.646500
	0.660500
	0.655500
	0.654000
	0.659500
	0.678500
	0.685500
	0.681500
	0.683500
	0.675500
	0.672000
	0.676500
	0.693500
	0.710000
	0.700500
	0.683000
	0.666500
	0.653000
	0.643500
	0.642500
	0.651500
	0.656000
	0.662500
	0.662000
	0.665500
	0.663000
	0.660000
	0.654000
	0.648500
	0.651500
	0.651500
	0.648000
	0.641000
	0.648000
	0.655500
	0.662000
	0.657500
	0.663000
	0.672000
	0.673500
	0.674000
	0.680000
	0.689500
	0.683500
	0.676000
	0.678500
	0.661000
	0.659000
	0.656500
	0.656000
	0.648500
	0.646500
	0.651000
	0.657500
	0.661000
	0.663500
	0.656000
	0.646500
	0.654000
	0.661500
	0.676500
	0.670500
	0.660500
	0.650000
	0.645000
	0.669000
	0.681500
	0.674000
	0.657000
	0.651000
	0.644000
	0.649500
	0.664000
	0.677000
	0.678000
	0.662500
	0.652500
	0.647500
	0.650000
	0.652500
	0.658500
	0.672500
	0.679500
	0.678000
	0.683000
	0.678000
	0.671500
	0.673500
	0.671500
	0.666000
	0.666500
	0.676000
	0.685000
	0.684000
	0.682500
	0.675000
	0.670500
	0.663000
	0.643500
	0.635000
	0.641000
	0.636500
	0.643500
	0.649500
	0.654000
	0.665000
	0.661000
	0.672500
	0.685000
	0.683000
	0.676500
	0.679000
	0.683000
	0.681000
	0.679000
	0.691500
	0.691000
	0.685000
	0.684000
	0.682000
	0.684000
	0.685000
	0.682000
	0.676500
	0.671000
	0.666500
	0.664500
	0.662000
	0.654000
	0.636000
	0.632000
	0.623000
	0.627500
	0.626000
	0.632500
	0.644000
	0.644000
	0.638000
	0.628000
	0.623500
	0.629000
	0.637500
	0.665500
	0.676500
	0.687000
	0.690500
	0.684500
	0.679000
	0.676500
	0.690000
	0.680500
	0.673000
	0.674500
	0.668500
	0.676500
	0.678500
	0.665000
	0.664500
	0.652000
	0.651500
	0.655500
	0.653000
	0.647000
	0.643500
	0.649000
	0.652000
	0.652500
	0.660000
	0.654000
	0.647500
	0.640500
	0.639000
	0.647000
	0.654000
	0.659500
	0.652500
	0.654500
	0.651000
	0.643000
	0.636500
