	0.194500
	0.284000
	0.316000
	0.357500
	0.394000
	0.430000
	0.453500
	0.486000
	0.516500
	0.543500
	0.564500
	0.569500
	0.566000
	0.570500
	0.586500
	0.593500
	0.614500
	0.626500
	0.649000
	0.671500
	0.680000
	0.688000
	0.707000
	0.706500
	0.715000
	0.709500
	0.704000
	0.712500
	0.724500
	0.719000
	0.713000
	0.704500
	0.696000
	0.696000
	0.680000
	0.673000
	0.654500
	0.647000
	0.631500
	0.619000
	0.616000
	0.611000
	0.608000
	0.621500
	0.628000
	0.624500
	0.628500
	0.626500
	0.632000
	0.647500
	0.648500
	0.651000
	0.653000
	0.651500
	0.647000
	0.647500
	0.652500
	0.650500
	0.657500
	0.664000
	0.674000
	0.681500
	0.671000
	0.681500
	0.668500
	0.661000
	0.648000
	0.633000
	0.622000
	0.620500
	0.619000
	0.619500
	0.630500
	0.634000
	0.646000
	0.655500
	0.647000
	0.646500
	0.644500
	0.638500
	0.633500
	0.630500
	0.627500
	0.633000
	0.626000
	0.635000
	0.631500
	0.621500
	0.623500
	0.629500
	0.643500
	0.642500
	0.661500
	0.659500
	0.665000
	0.668000
	0.661500
	0.660500
	0.659000
	0.654500
	0.660000
	0.663500
	0.666000
	0.671000
	0.678500
	0.668500
	0.650500
	0.635500
	0.637500
	0.625500
	0.627500
	0.617500
	0.625000
	0.635000
	0.633000
	0.640000
	0.638500
	0.633000
	0.642500
	0.653500
	0.651000
	0.653500
	0.654000
	0.644500
	0.645500
	0.656000
	0.664000
	0.667000
	0.676000
	0.679500
	0.673000
	0.671500
	0.676500
	0.651000
	0.638500
	0.641500
	0.646500
	0.645500
	0.643000
	0.640000
	0.652000
	0.660500
	0.663500
	0.668500
	0.673500
	0.666000
	0.658000
	0.670500
	0.676000
	0.673000
	0.667000
	0.659500
	0.652000
	0.652000
	0.655500
	0.666000
	0.666000
	0.671000
	0.666500
	0.657000
	0.651500
	0.647500
	0.638000
	0.633500
	0.633500
	0.641500
	0.646000
	0.647500
	0.647000
	0.649500
	0.653500
	0.653500
	0.645000
	0.635500
	0.634500
	0.622500
	0.611500
	0.612500
	0.617000
	0.605500
	0.616000
	0.619000
	0.624500
	0.637500
	0.643500
	0.651500
	0.652500
	0.653500
	0.652000
	0.652000
	0.652000
	0.668000
	0.663000
	0.657500
	0.652000
	0.658500
	0.655000
	0.645000
	0.642500
	0.640500
