	0.185000
	0.265500
	0.333000
	0.364000
	0.401000
	0.437000
	0.458500
	0.482500
	0.494500
	0.524000
	0.547000
	0.569500
	0.586500
	0.612500
	0.639500
	0.668000
	0.682500
	0.690000
	0.691500
	0.684500
	0.684500
	0.687500
	0.693000
	0.683000
	0.667500
	0.672000
	0.663500
	0.660500
	0.652500
	0.651000
	0.647000
	0.650500
	0.648500
	0.648000
	0.657000
	0.666500
	0.679500
	0.689500
	0.694000
	0.693000
	0.685000
	0.689500
	0.695500
	0.698000
	0.690000
	0.691500
	0.683500
	0.678000
	0.686500
	0.676500
	0.668000
	0.673000
	0.685500
	0.697000
	0.702500
	0.700500
	0.687000
	0.694500
	0.697500
	0.699000
	0.697500
	0.684500
	0.674500
	0.664500
	0.650500
	0.645000
	0.642500
	0.633500
	0.634500
	0.640000
	0.651500
	0.676000
	0.676500
	0.680500
	0.674500
	0.666000
	0.661500
	0.652000
	0.650000
	0.653500
	0.667500
	0.684000
	0.688000
	0.684000
	0.687500
	0.687500
	0.697500
	0.705000
	0.702500
	0.697000
	0.678500
	0.660000
	0.650000
	0.636000
	0.622500
	0.616000
	0.614000
	0.599500
	0.595500
	0.601500
	0.617000
	0.631000
	0.632000
	0.638500
	0.630500
	0.632500
	0.633500
	0.620500
	0.606500
	0.598000
	0.597500
	0.599000
	0.601500
	0.604500
	0.607500
	0.617000
	0.631000
	0.630500
	0.635000
	0.661500
	0.646500
	0.644500
	0.636500
	0.631000
	0.637000
	0.652000
	0.656000
	0.664500
	0.665500
	0.672500
	0.678000
	0.694000
	0.711000
	0.705000
	0.701500
	0.699000
	0.701000
	0.706500
	0.702000
	0.699500
	0.681000
	0.681000
	0.677500
	0.702000
	0.700500
	0.703500
	0.710000
	0.716000
	0.724500
	0.730000
	0.719500
	0.713500
	0.711000
	0.698500
	0.699500
	0.686500
	0.674000
	0.673000
	0.657500
	0.653000
	0.656000
	0.673500
	0.674500
	0.686000
	0.696000
	0.701500
	0.688500
	0.677000
	0.665000
	0.661500
	0.658000
	0.662000
	0.665500
	0.668500
	0.676000
	0.681000
	0.681000
	0.682500
	0.685000
	0.686500
	0.690000
	0.695000
	0.693000
	0.699500
	0.695000
	0.685000
	0.679000
	0.668000
	0.661000
	0.669500
	0.666000
	0.651500
	0.642000
	0.644500
	0.655000
	0.668500
	0.693000
	0.719500
	0.720500
	0.713500
