	0.156000
	0.248000
	0.335000
	0.408000
	0.467000
	0.525000
	0.530500
	0.543000
	0.551500
	0.565500
	0.580500
	0.596500
	0.609000
	0.627500
	0.633000
	0.640000
	0.656500
	0.654500
	0.661000
	0.659000
	0.661500
	0.674500
	0.679000
	0.671500
	0.667500
	0.660000
	0.654500
	0.648000
	0.643500
	0.631500
	0.629000
	0.634500
	0.628500
	0.627000
	0.633500
	0.643500
	0.648000
	0.653000
	0.651000
	0.650500
	0.650500
	0.669500
	0.678000
	0.677500
	0.682000
	0.682000
	0.681000
	0.686000
	0.686500
	0.676000
	0.681500
	0.693500
	0.707500
	0.691000
	0.669500
	0.651500
	0.638500
	0.622000
	0.621000
	0.624000
	0.631000
	0.639500
	0.644500
	0.651000
	0.660500
	0.661000
	0.650000
	0.653000
	0.657000
	0.667000
	0.663000
	0.666500
	0.669000
	0.661500
	0.668000
	0.662500
	0.665000
	0.662500
	0.658500
	0.651500
	0.645500
	0.652000
	0.656500
	0.673000
	0.688500
	0.702500
	0.702000
	0.708000
	0.716500
	0.715000
	0.720000
	0.713500
	0.712500
	0.704000
	0.705500
	0.694500
	0.687500
	0.689000
	0.681000
	0.681000
	0.684000
	0.686000
	0.679500
	0.676000
	0.686500
	0.695500
	0.686500
	0.684500
	0.674000
	0.672500
	0.650500
	0.638500
	0.639000
	0.640000
	0.646000
	0.661000
	0.671000
	0.671000
	0.670000
	0.669000
	0.674500
	0.673500
	0.684000
	0.689000
	0.697500
	0.688500
	0.682000
	0.664500
	0.644500
	0.634000
	0.635500
	0.643000
	0.651500
	0.644000
	0.639500
	0.648500
	0.658500
	0.652500
	0.646000
	0.642000
	0.637000
	0.634500
	0.625000
	0.629000
	0.636500
	0.655500
	0.674500
	0.692500
	0.703000
	0.702000
	0.701000
	0.686500
	0.682000
	0.676500
	0.687500
	0.691000
	0.689500
	0.682500
	0.685000
	0.689500
	0.670500
	0.672500
	0.674000
	0.680500
	0.667500
	0.660500
	0.655000
	0.655000
	0.654500
	0.652000
	0.657000
	0.664500
	0.680000
	0.683500
	0.686500
	0.676000
	0.667500
	0.661000
	0.658000
	0.652000
	0.661500
	0.657500
	0.669000
	0.666500
	0.664000
	0.665500
	0.679000
	0.682000
	0.683000
	0.695000
	0.686000
	0.674000
	0.664000
	0.655000
	0.654500
	0.659500
	0.674000
	0.692000
	0.705000
	0.687000
