	0.195000
	0.285000
	0.361000
	0.398500
	0.409500
	0.435000
	0.445500
	0.470000
	0.483500
	0.497500
	0.514000
	0.533000
	0.555500
	0.569500
	0.574000
	0.600500
	0.625500
	0.625000
	0.616500
	0.604500
	0.594000
	0.586500
	0.586500
	0.593000
	0.592000
	0.593500
	0.592500
	0.583500
	0.590500
	0.600000
	0.602000
	0.597500
	0.607500
	0.627000
	0.647500
	0.657500
	0.666000
	0.677500
	0.674000
	0.680500
	0.674000
	0.663000
	0.665500
	0.670000
	0.678500
	0.672000
	0.683500
	0.690000
	0.687000
	0.672000
	0.666500
	0.659000
	0.657500
	0.663000
	0.665000
	0.659500
	0.662500
	0.650000
	0.631500
	0.623000
	0.636000
	0.627000
	0.627000
	0.633000
	0.636000
	0.637000
	0.651000
	0.659500
	0.668500
	0.674500
	0.673000
	0.680500
	0.686500
	0.688000
	0.689500
	0.697000
	0.702000
	0.692000
	0.690500
	0.682500
	0.678500
	0.667000
	0.652500
	0.654500
	0.670000
	0.669500
	0.665000
	0.676000
	0.669500
	0.662500
	0.654000
	0.653500
	0.645500
	0.648500
	0.647000
	0.650000
	0.634500
	0.626500
	0.617000
	0.611500
	0.614500
	0.620000
	0.620500
	0.614500
	0.622000
	0.639500
	0.645000
	0.639500
	0.633500
	0.626000
	0.626000
	0.627500
	0.619000
	0.630500
	0.646000
	0.650500
	0.651000
	0.660500
	0.668500
	0.670500
	0.667500
	0.662000
	0.662000
	0.660000
	0.647000
	0.638000
	0.640500
	0.644500
	0.643000
	0.638500
	0.630500
	0.627500
	0.618500
	0.608000
	0.610000
	0.607500
	0.617000
	0.618000
	0.629500
	0.626500
	0.618500
	0.624500
	0.627000
	0.631000
	0.638000
	0.651500
	0.658000
	0.660000
	0.676000
	0.688000
	0.682000
	0.666500
	0.666000
	0.679000
	0.692000
	0.698500
	0.707500
	0.712500
	0.710500
	0.704500
	0.707000
	0.707000
	0.714500
	0.713500
	0.707500
	0.691000
	0.678500
	0.674500
	0.657000
	0.648500
	0.650000
	0.653500
	0.651000
	0.649000
	0.642500
	0.637000
	0.643500
	0.658500
	0.667500
	0.651000
	0.629500
	0.636000
	0.645500
	0.647500
	0.652500
	0.666000
	0.669000
	0.664500
	0.669000
	0.683000
	0.693000
	0.695000
	0.693000
	0.690500
	0.700500
	0.697000
	0.681500
	0.684000
	0.675000
	0.660000
