	0.176000
	0.266500
	0.343500
	0.399000
	0.449500
	0.479500
	0.512000
	0.536500
	0.545500
	0.556000
	0.559000
	0.568500
	0.584000
	0.601500
	0.630000
	0.644000
	0.652000
	0.654500
	0.678000
	0.682500
	0.675500
	0.668000
	0.677000
	0.687000
	0.679500
	0.687500
	0.689000
	0.701000
	0.700000
	0.694500
	0.688500
	0.676500
	0.679000
	0.671500
	0.682000
	0.689000
	0.693000
	0.700000
	0.702000
	0.688000
	0.681000
	0.678500
	0.684500
	0.692000
	0.691500
	0.696500
	0.694500
	0.707500
	0.710000
	0.702500
	0.701000
	0.694000
	0.673000
	0.668000
	0.648000
	0.642000
	0.640500
	0.642500
	0.634500
	0.640000
	0.638500
	0.644500
	0.650000
	0.651500
	0.645000
	0.647000
	0.649000
	0.655500
	0.664500
	0.678500
	0.689500
	0.700000
	0.705500
	0.706000
	0.695000
	0.675000
	0.666500
	0.659500
	0.661500
	0.667000
	0.660500
	0.659000
	0.653500
	0.652000
	0.654500
	0.660500
	0.665500
	0.660000
	0.661500
	0.660000
	0.654500
	0.637000
	0.627000
	0.621500
	0.628500
	0.629500
	0.635000
	0.648000
	0.651500
	0.646000
	0.639000
	0.639000
	0.636500
	0.626500
	0.615500
	0.611000
	0.622000
	0.624500
	0.628000
	0.623000
	0.626000
	0.621500
	0.609000
	0.605500
	0.586000
	0.577500
	0.575000
	0.572000
	0.579000
	0.587000
	0.598500
	0.607500
	0.616500
	0.611000
	0.603500
	0.597000
	0.622000
	0.629500
	0.650500
	0.637500
	0.649500
	0.662500
	0.659500
	0.658000
	0.659500
	0.655000
	0.648000
	0.661000
	0.664500
	0.663000
	0.651000
	0.642000
	0.644500
	0.636000
	0.641500
	0.650500
	0.657500
	0.653500
	0.652500
	0.649000
	0.642000
	0.630000
	0.624000
	0.631500
	0.633500
	0.652500
	0.668500
	0.669000
	0.678000
	0.673500
	0.661000
	0.652500
	0.646500
	0.627000
	0.618000
	0.618000
	0.629000
	0.638500
	0.658500
	0.675500
	0.692500
	0.689500
	0.678500
	0.671000
	0.669500
	0.671500
	0.680500
	0.682000
	0.679500
	0.682500
	0.674000
	0.671500
	0.675000
	0.672000
	0.653500
	0.651500
	0.648500
	0.661000
	0.667500
	0.673000
	0.672000
	0.668000
	0.650500
	0.634000
	0.635000
	0.649000
	0.657000
	0.668500
	0.678000
	0.691500
