	0.175500
	0.266000
	0.333500
	0.389500
	0.433000
	0.453000
	0.456000
	0.460000
	0.468000
	0.480500
	0.499500
	0.522000
	0.553500
	0.586500
	0.587000
	0.580000
	0.571500
	0.574500
	0.565000
	0.566000
	0.570000
	0.578000
	0.599500
	0.639500
	0.668000
	0.684000
	0.696500
	0.704500
	0.707000
	0.704000
	0.698500
	0.683500
	0.676500
	0.672500
	0.677000
	0.676500
	0.676500
	0.692000
	0.690500
	0.686500
	0.700000
	0.705500
	0.705000
	0.698000
	0.696000
	0.689000
	0.677000
	0.664000
	0.661000
	0.659500
	0.666000
	0.657000
	0.670000
	0.681500
	0.697500
	0.705500
	0.706000
	0.697500
	0.706500
	0.707500
	0.715000
	0.713000
	0.706500
	0.701000
	0.706500
	0.715000
	0.712500
	0.717000
	0.723500
	0.718000
	0.714500
	0.701000
	0.688500
	0.673000
	0.661500
	0.658000
	0.651500
	0.645000
	0.647000
	0.637000
	0.629000
	0.630500
	0.627000
	0.638500
	0.642000
	0.656500
	0.678500
	0.676500
	0.689000
	0.686500
	0.681500
	0.686000
	0.683500
	0.668500
	0.659500
	0.653500
	0.653500
	0.662500
	0.657500
	0.661000
	0.666000
	0.677500
	0.689500
	0.696500
	0.692500
	0.691500
	0.689000
	0.685000
	0.680000
	0.681000
	0.696500
	0.708500
	0.716500
	0.714500
	0.704000
	0.701500
	0.685500
	0.674500
	0.678500
	0.680000
	0.692500
	0.695000
	0.711000
	0.710000
	0.718000
	0.718500
	0.715000
	0.717000
	0.706500
	0.704500
	0.708500
	0.697000
	0.688500
	0.681000
	0.673000
	0.678500
	0.679500
	0.684000
	0.683500
	0.682500
	0.682500
	0.668000
	0.666000
	0.671000
	0.678000
	0.673500
	0.661000
	0.656000
	0.647500
	0.665500
	0.661000
	0.672500
	0.684000
	0.683000
	0.695500
	0.691000
	0.675000
	0.668500
	0.668000
	0.666000
	0.666000
	0.679000
	0.703500
	0.704500
	0.692500
	0.687000
	0.682000
	0.681500
	0.683500
	0.680500
	0.675500
	0.666000
	0.667000
	0.678000
	0.677000
	0.655500
	0.650000
	0.659500
	0.664000
	0.657000
	0.662500
	0.677000
	0.679000
	0.685500
	0.678000
	0.681500
	0.675500
	0.673000
	0.670500
	0.667500
	0.661500
	0.668500
	0.673000
	0.682500
	0.687000
	0.691500
	0.694000
	0.694500
	0.702000
	0.709500
