	0.185500
	0.276000
	0.344500
	0.417000
	0.468375
	0.524250
	0.560000
	0.569125
	0.575125
	0.586750
	0.589500
	0.594375
	0.594500
	0.596125
	0.608250
	0.614250
	0.616750
	0.622500
	0.634375
	0.648250
	0.651125
	0.673750
	0.702625
	0.705000
	0.702625
	0.705375
	0.713875
	0.706000
	0.702875
	0.712750
	0.719250
	0.712875
	0.712250
	0.706875
	0.705125
	0.707125
	0.699000
	0.694625
	0.676500
	0.674250
	0.668125
	0.661750
	0.667500
	0.653125
	0.654250
	0.653125
	0.659000
	0.660125
	0.672625
	0.679250
	0.688625
	0.696250
	0.694625
	0.703000
	0.700375
	0.694250
	0.696250
	0.699375
	0.704500
	0.710375
	0.715250
	0.722250
	0.727625
	0.717000
	0.718750
	0.725125
	0.709500
	0.703375
	0.701375
	0.700750
	0.696125
	0.698750
	0.697625
	0.690375
	0.688125
	0.697000
	0.693500
	0.691375
	0.682750
	0.682125
	0.685000
	0.679375
	0.672500
	0.682125
	0.697000
	0.702375
	0.708625
	0.702500
	0.704875
	0.704000
	0.706750
	0.716125
	0.712750
	0.715625
	0.704125
	0.694250
	0.695000
	0.697375
	0.698250
	0.699125
	0.698000
	0.693625
	0.696000
	0.690375
	0.689750
	0.692750
	0.704125
	0.697875
	0.705500
	0.707375
	0.705875
	0.695250
	0.691750
	0.685125
	0.692625
	0.703375
	0.703375
	0.712250
	0.701375
	0.689875
	0.686250
	0.682500
	0.689250
	0.687125
	0.688500
	0.680875
	0.673750
	0.680500
	0.681875
	0.692750
	0.701125
	0.701000
	0.701125
	0.700750
	0.702375
	0.715625
	0.716000
	0.714625
	0.703500
	0.693250
	0.687750
	0.677125
	0.676875
	0.671750
	0.667875
	0.664375
	0.661250
	0.652625
	0.670500
	0.683875
	0.701750
	0.688125
	0.687500
	0.682500
	0.681875
	0.673750
	0.674875
	0.679125
	0.683500
	0.684875
	0.691750
	0.695125
	0.706000
	0.699750
	0.695000
	0.675250
	0.661250
	0.668375
	0.655750
	0.648125
	0.647375
	0.645250
	0.643125
	0.638000
	0.637375
	0.634125
	0.635000
	0.651875
	0.653250
	0.660250
	0.658125
	0.663000
	0.658250
	0.655875
	0.663750
	0.662375
	0.666750
	0.668125
	0.674000
	0.679375
	0.694750
	0.713625
	0.709500
	0.703250
	0.703625
	0.701500
	0.702875
	0.707750
	0.705000
	0.709375
