	0.185500
	0.267000
	0.344000
	0.400000
	0.445000
	0.467250
	0.487000
	0.506250
	0.510375
	0.515125
	0.519625
	0.525000
	0.534000
	0.539625
	0.531625
	0.548500
	0.557000
	0.596000
	0.623125
	0.633125
	0.646125
	0.651625
	0.653625
	0.652250
	0.656625
	0.659875
	0.659375
	0.663875
	0.672500
	0.676875
	0.680250
	0.678375
	0.679750
	0.675125
	0.667500
	0.663875
	0.657250
	0.650125
	0.640750
	0.635625
	0.643500
	0.651250
	0.662125
	0.664000
	0.668500
	0.672375
	0.669250
	0.663000
	0.665375
	0.671000
	0.676125
	0.683625
	0.671000
	0.664875
	0.657625
	0.654125
	0.637250
	0.642125
	0.646250
	0.636125
	0.630875
	0.639750
	0.656625
	0.669500
	0.669375
	0.675250
	0.673500
	0.663875
	0.669250
	0.661125
	0.668000
	0.664750
	0.641875
	0.637625
	0.629250
	0.630625
	0.636125
	0.650000
	0.676125
	0.692500
	0.701000
	0.692875
	0.686250
	0.681625
	0.674750
	0.665500
	0.670875
	0.684250
	0.695125
	0.702500
	0.700375
	0.712750
	0.710875
	0.698250
	0.678875
	0.672625
	0.675500
	0.683375
	0.689250
	0.688000
	0.677375
	0.687750
	0.693250
	0.710625
	0.721250
	0.709500
	0.698875
	0.685250
	0.673500
	0.669875
	0.654375
	0.650875
	0.649250
	0.665750
	0.676250
	0.672750
	0.674875
	0.681375
	0.684750
	0.686125
	0.702000
	0.701125
	0.699125
	0.690750
	0.686500
	0.687375
	0.692250
	0.694625
	0.700500
	0.701875
	0.690250
	0.685750
	0.685375
	0.691500
	0.702375
	0.709250
	0.710625
	0.708500
	0.704375
	0.710875
	0.708250
	0.708625
	0.715125
	0.706500
	0.709250
	0.699375
	0.692250
	0.705000
	0.702125
	0.694500
	0.688375
	0.684125
	0.689000
	0.697625
	0.701125
	0.706500
	0.700375
	0.720000
	0.729875
	0.735750
	0.724500
	0.716125
	0.724500
	0.713875
	0.704500
	0.704375
	0.702250
	0.703625
	0.701875
	0.701250
	0.710625
	0.708500
	0.710250
	0.701750
	0.703750
	0.699000
	0.679250
	0.657625
	0.658500
	0.664875
	0.660250
	0.650750
	0.641500
	0.644000
	0.645875
	0.649125
	0.661625
	0.675125
	0.685000
	0.683250
	0.674625
	0.678000
	0.672625
	0.679500
	0.676875
	0.671750
	0.664625
	0.670000
	0.669625
	0.664375
