	0.185000
	0.275500
	0.343500
	0.408500
	0.451375
	0.492625
	0.486500
	0.487250
	0.501875
	0.510125
	0.525625
	0.543125
	0.560125
	0.573625
	0.587625
	0.571625
	0.567125
	0.575875
	0.584375
	0.611000
	0.626750
	0.637750
	0.647750
	0.666750
	0.667875
	0.659875
	0.656375
	0.646750
	0.642125
	0.645500
	0.656875
	0.660250
	0.666875
	0.653750
	0.646625
	0.649125
	0.642000
	0.645500
	0.657875
	0.668250
	0.684125
	0.688500
	0.685250
	0.689750
	0.688625
	0.679625
	0.679000
	0.692375
	0.690125
	0.689250
	0.693125
	0.695250
	0.691125
	0.681625
	0.680000
	0.678875
	0.683250
	0.681625
	0.682500
	0.681125
	0.685000
	0.688375
	0.696125
	0.699750
	0.699125
	0.696000
	0.708875
	0.704250
	0.707125
	0.725125
	0.715500
	0.720375
	0.722875
	0.723750
	0.716125
	0.705125
	0.704375
	0.706250
	0.696125
	0.688750
	0.680625
	0.675250
	0.675375
	0.682750
	0.678875
	0.684250
	0.687125
	0.686000
	0.692000
	0.684625
	0.684625
	0.694375
	0.711750
	0.714125
	0.700000
	0.688750
	0.680875
	0.680625
	0.689625
	0.697000
	0.711875
	0.715750
	0.710625
	0.711500
	0.705375
	0.702000
	0.703500
	0.706125
	0.710500
	0.703375
	0.695250
	0.687500
	0.681875
	0.673250
	0.673625
	0.667500
	0.671375
	0.670750
	0.665125
	0.665000
	0.666875
	0.664875
	0.668000
	0.688875
	0.703250
	0.713125
	0.697875
	0.691750
	0.682625
	0.677500
	0.668000
	0.661375
	0.645500
	0.648875
	0.658250
	0.664125
	0.657625
	0.651500
	0.640000
	0.637375
	0.634000
	0.640500
	0.650375
	0.658750
	0.648125
	0.636500
	0.638875
	0.639500
	0.630750
	0.632125
	0.628500
	0.628375
	0.618625
	0.621375
	0.632250
	0.646000
	0.649375
	0.650875
	0.647125
	0.648625
	0.642500
	0.666625
	0.698625
	0.707000
	0.709875
	0.718750
	0.717500
	0.697500
	0.683875
	0.687250
	0.677625
	0.680125
	0.679375
	0.675250
	0.673125
	0.669625
	0.678000
	0.695625
	0.683000
	0.681375
	0.674250
	0.675125
	0.691500
	0.684750
	0.687625
	0.678250
	0.665250
	0.673125
	0.671250
	0.672625
	0.670500
	0.675000
	0.669875
	0.674250
	0.664625
	0.664250
	0.670625
	0.677625
	0.679125
	0.673000
