	0.165000
	0.255500
	0.332500
	0.395500
	0.437500
	0.435500
	0.434500
	0.441500
	0.456000
	0.472500
	0.492000
	0.515500
	0.541000
	0.558000
	0.577500
	0.587000
	0.599500
	0.609000
	0.618500
	0.628500
	0.635500
	0.656500
	0.673000
	0.670500
	0.670000
	0.672500
	0.671500
	0.668000
	0.661000
	0.652000
	0.655000
	0.655500
	0.654000
	0.658500
	0.660000
	0.654500
	0.666500
	0.664500
	0.654000
	0.653500
	0.645500
	0.647500
	0.636000
	0.634000
	0.635000
	0.643000
	0.646000
	0.658500
	0.664500
	0.684000
	0.704500
	0.704500
	0.681500
	0.653500
	0.641500
	0.626500
	0.624500
	0.622000
	0.623000
	0.627500
	0.640000
	0.629000
	0.641000
	0.655500
	0.660500
	0.674500
	0.671500
	0.680500
	0.695000
	0.704500
	0.718500
	0.722000
	0.728000
	0.720500
	0.703500
	0.697000
	0.697500
	0.686500
	0.670000
	0.666500
	0.654000
	0.650500
	0.656000
	0.643500
	0.639500
	0.643000
	0.650000
	0.647500
	0.653500
	0.654000
	0.649500
	0.660500
	0.668500
	0.682000
	0.694000
	0.695000
	0.687500
	0.684500
	0.683500
	0.681000
	0.677000
	0.674500
	0.686500
	0.673500
	0.670000
	0.673000
	0.670000
	0.670500
	0.673500
	0.667500
	0.660500
	0.656500
	0.655000
	0.660000
	0.673500
	0.682000
	0.693500
	0.699000
	0.710500
	0.704500
	0.695500
	0.690000
	0.683500
	0.679000
	0.687000
	0.692500
	0.693000
	0.689000
	0.683000
	0.682500
	0.688000
	0.683000
	0.678500
	0.692500
	0.693000
	0.697000
	0.700500
	0.710500
	0.714500
	0.698500
	0.676500
	0.676000
	0.656000
	0.654500
	0.666500
	0.660500
	0.659500
	0.662500
	0.668000
	0.672500
	0.661500
	0.652500
	0.650500
	0.650000
	0.653000
	0.659500
	0.654000
	0.660000
	0.655000
	0.660000
	0.669000
	0.661500
	0.665500
	0.668000
	0.671500
	0.681000
	0.674500
	0.666500
	0.664500
	0.662500
	0.665000
	0.659000
	0.645000
	0.645500
	0.647000
	0.654000
	0.660500
	0.656000
	0.665500
	0.660000
	0.666500
	0.665000
	0.683500
	0.677000
	0.676500
	0.682500
	0.690000
	0.693000
	0.694500
	0.698500
	0.697500
	0.691000
	0.689000
	0.687500
	0.694000
	0.684500
	0.676000
	0.669500
	0.663000
	0.656000
