	0.165500
	0.238500
	0.317000
	0.399500
	0.445000
	0.485500
	0.524000
	0.550500
	0.561000
	0.569500
	0.578500
	0.589500
	0.595000
	0.604000
	0.608500
	0.615500
	0.621500
	0.629000
	0.639500
	0.646500
	0.657000
	0.673000
	0.678500
	0.676000
	0.671500
	0.671500
	0.661500
	0.651000
	0.652000
	0.653500
	0.656000
	0.656500
	0.659000
	0.650000
	0.657000
	0.665000
	0.687000
	0.685500
	0.670000
	0.668000
	0.658000
	0.657000
	0.649500
	0.635000
	0.636500
	0.632000
	0.632500
	0.630500
	0.626500
	0.642500
	0.662000
	0.672500
	0.680000
	0.687500
	0.685500
	0.686500
	0.689000
	0.678000
	0.674500
	0.665000
	0.666500
	0.666000
	0.662500
	0.661500
	0.670000
	0.668000
	0.659500
	0.666500
	0.662500
	0.662000
	0.653000
	0.647000
	0.640000
	0.631000
	0.633500
	0.646000
	0.646500
	0.645500
	0.659000
	0.653500
	0.646000
	0.635000
	0.638000
	0.640500
	0.639500
	0.636000
	0.641000
	0.656000
	0.671000
	0.678500
	0.679000
	0.681000
	0.680500
	0.678000
	0.682000
	0.671500
	0.663500
	0.660500
	0.657500
	0.647500
	0.649000
	0.649500
	0.657500
	0.659500
	0.654500
	0.679000
	0.684000
	0.687000
	0.669000
	0.657000
	0.639000
	0.627000
	0.623500
	0.619500
	0.629000
	0.640000
	0.647500
	0.652500
	0.661500
	0.667000
	0.680500
	0.675500
	0.694500
	0.694000
	0.704500
	0.703500
	0.711500
	0.718000
	0.711000
	0.708000
	0.722500
	0.720000
	0.704000
	0.690000
	0.680000
	0.668500
	0.662500
	0.666500
	0.667000
	0.676000
	0.679000
	0.675000
	0.686000
	0.683000
	0.673000
	0.664000
	0.661000
	0.656000
	0.658000
	0.646000
	0.637000
	0.623000
	0.614000
	0.610000
	0.606000
	0.610500
	0.629000
	0.642500
	0.648000
	0.655500
	0.666500
	0.670500
	0.672500
	0.654000
	0.643500
	0.626500
	0.613500
	0.607500
	0.599500
	0.603500
	0.611000
	0.604000
	0.607000
	0.608000
	0.615000
	0.631500
	0.626000
	0.626500
	0.638500
	0.648500
	0.653000
	0.651000
	0.652500
	0.661500
	0.675500
	0.681000
	0.677000
	0.689000
	0.692500
	0.686000
	0.682500
	0.669000
	0.678000
	0.676500
	0.660500
	0.652500
	0.663000
	0.668500
	0.667000
	0.671000
