	0.185500
	0.276000
	0.334000
	0.370500
	0.423000
	0.453500
	0.476000
	0.505000
	0.508000
	0.530500
	0.537000
	0.550500
	0.570000
	0.590500
	0.604500
	0.608500
	0.596500
	0.590000
	0.582500
	0.581000
	0.574000
	0.571500
	0.578500
	0.597500
	0.615000
	0.636000
	0.639500
	0.625000
	0.641000
	0.655500
	0.665500
	0.672500
	0.689500
	0.679000
	0.670500
	0.665000
	0.665000
	0.668500
	0.667500
	0.673500
	0.663000
	0.654500
	0.641500
	0.649000
	0.651000
	0.643500
	0.644000
	0.653500
	0.657500
	0.662500
	0.656500
	0.667500
	0.673000
	0.669000
	0.669500
	0.671500
	0.661000
	0.663000
	0.648500
	0.640500
	0.638000
	0.642500
	0.641000
	0.639000
	0.639000
	0.644500
	0.655000
	0.675000
	0.676500
	0.668000
	0.669000
	0.662000
	0.651000
	0.651000
	0.650000
	0.655500
	0.653500
	0.639000
	0.629000
	0.626500
	0.620000
	0.618500
	0.621000
	0.623000
	0.621000
	0.627000
	0.637500
	0.647000
	0.654500
	0.656000
	0.662000
	0.665000
	0.666500
	0.676500
	0.672500
	0.669000
	0.667000
	0.657500
	0.648000
	0.631500
	0.620500
	0.626000
	0.615500
	0.613500
	0.608500
	0.632000
	0.633000
	0.646500
	0.656000
	0.660000
	0.669500
	0.670000
	0.667500
	0.662500
	0.666500
	0.672500
	0.672000
	0.668000
	0.653000
	0.650000
	0.671000
	0.684000
	0.675500
	0.677500
	0.680000
	0.677500
	0.689000
	0.688000
	0.692500
	0.693000
	0.685500
	0.675500
	0.673500
	0.677500
	0.675000
	0.667000
	0.663000
	0.645000
	0.637500
	0.637000
	0.645500
	0.649500
	0.669500
	0.688000
	0.690500
	0.676500
	0.674000
	0.673500
	0.670000
	0.667500
	0.670500
	0.674500
	0.683500
	0.686000
	0.682500
	0.677500
	0.679500
	0.682500
	0.671000
	0.669000
	0.665500
	0.659000
	0.660500
	0.642000
	0.636500
	0.643000
	0.654000
	0.648000
	0.646500
	0.640500
	0.640000
	0.644000
	0.647000
	0.628000
	0.610000
	0.611500
	0.616500
	0.619500
	0.628000
	0.638500
	0.652000
	0.659500
	0.666500
	0.664000
	0.678500
	0.691000
	0.703000
	0.700500
	0.695000
	0.681500
	0.684500
	0.687000
	0.699500
	0.698500
	0.703500
	0.700500
	0.700500
	0.694000
	0.695000
	0.696500
