	0.184500
	0.274000
	0.341000
	0.379500
	0.400000
	0.420000
	0.461000
	0.491500
	0.522500
	0.553000
	0.572500
	0.593000
	0.625500
	0.647500
	0.644000
	0.638000
	0.643500
	0.633000
	0.617000
	0.610000
	0.611500
	0.631000
	0.645500
	0.659500
	0.676500
	0.688500
	0.690000
	0.682000
	0.663000
	0.649000
	0.643500
	0.630500
	0.624500
	0.623500
	0.628000
	0.631500
	0.639000
	0.632500
	0.626500
	0.622500
	0.624500
	0.630500
	0.635000
	0.646000
	0.646000
	0.633500
	0.643000
	0.652000
	0.650000
	0.642500
	0.650500
	0.657000
	0.667500
	0.660000
	0.674000
	0.686500
	0.691500
	0.700500
	0.701000
	0.707500
	0.710000
	0.694500
	0.694500
	0.697000
	0.692000
	0.693000
	0.696500
	0.690500
	0.696000
	0.685500
	0.689000
	0.687000
	0.711000
	0.711500
	0.706500
	0.693500
	0.675500
	0.674000
	0.667500
	0.678500
	0.681000
	0.688000
	0.683000
	0.684500
	0.674000
	0.673500
	0.677000
	0.683500
	0.703000
	0.705000
	0.688500
	0.682500
	0.684000
	0.692500
	0.687000
	0.690000
	0.688500
	0.682500
	0.674000
	0.686500
	0.683000
	0.678500
	0.674500
	0.675500
	0.681500
	0.674000
	0.672500
	0.676500
	0.677000
	0.684000
	0.698000
	0.703500
	0.704500
	0.700000
	0.698500
	0.694000
	0.689500
	0.678500
	0.665000
	0.658000
	0.655000
	0.654000
	0.667500
	0.690500
	0.702000
	0.705500
	0.708500
	0.719000
	0.722500
	0.713500
	0.713000
	0.707000
	0.711000
	0.713000
	0.709500
	0.698000
	0.700000
	0.699000
	0.689000
	0.681500
	0.671500
	0.661500
	0.647500
	0.636500
	0.633000
	0.618000
	0.614000
	0.618500
	0.615500
	0.605500
	0.598000
	0.598500
	0.604000
	0.621000
	0.641000
	0.642500
	0.657500
	0.662000
	0.661000
	0.667500
	0.647500
	0.638500
	0.632000
	0.642000
	0.639000
	0.631500
	0.630500
	0.629500
	0.635500
	0.631500
	0.633500
	0.628500
	0.609500
	0.595500
	0.597500
	0.588500
	0.598500
	0.616500
	0.624000
	0.642500
	0.653500
	0.652500
	0.663000
	0.662000
	0.668500
	0.677000
	0.684000
	0.698000
	0.694000
	0.698000
	0.706000
	0.712000
	0.705500
	0.698500
	0.697500
	0.703500
	0.708500
	0.708500
	0.696000
	0.687000
