	0.175500
	0.266000
	0.342000
	0.413500
	0.471500
	0.527000
	0.556000
	0.562500
	0.553000
	0.554500
	0.558500
	0.571000
	0.573500
	0.591500
	0.616000
	0.630500
	0.652500
	0.655000
	0.658000
	0.645000
	0.640000
	0.646500
	0.653500
	0.671000
	0.685500
	0.695000
	0.707500
	0.693000
	0.686500
	0.696000
	0.700000
	0.697000
	0.700500
	0.701000
	0.694500
	0.695500
	0.687000
	0.680000
	0.679500
	0.683000
	0.683000
	0.689500
	0.691500
	0.684000
	0.691500
	0.681000
	0.674500
	0.668500
	0.673500
	0.661000
	0.653500
	0.639500
	0.636000
	0.643500
	0.640000
	0.630500
	0.633000
	0.639500
	0.646500
	0.650000
	0.654500
	0.660000
	0.651000
	0.646500
	0.658000
	0.654000
	0.653500
	0.636000
	0.635000
	0.654500
	0.641500
	0.641000
	0.649000
	0.648500
	0.647000
	0.655000
	0.665000
	0.679000
	0.691500
	0.687500
	0.671500
	0.663000
	0.659000
	0.655000
	0.652500
	0.652500
	0.648000
	0.651500
	0.660500
	0.656500
	0.651000
	0.634000
	0.627500
	0.636000
	0.629000
	0.623000
	0.610500
	0.608500
	0.608000
	0.617500
	0.611500
	0.608500
	0.606500
	0.601500
	0.598000
	0.601000
	0.601500
	0.608000
	0.599500
	0.608500
	0.616000
	0.628500
	0.627000
	0.624000
	0.616000
	0.607500
	0.613500
	0.613000
	0.615500
	0.611000
	0.609000
	0.612000
	0.611500
	0.630000
	0.636000
	0.634000
	0.621000
	0.615000
	0.605000
	0.609500
	0.618000
	0.615000
	0.607500
	0.616000
	0.613500
	0.614500
	0.617000
	0.613500
	0.609500
	0.605500
	0.593000
	0.599500
	0.607000
	0.598500
	0.597000
	0.597000
	0.599000
	0.606000
	0.602000
	0.593000
	0.589000
	0.576000
	0.572500
	0.570500
	0.575000
	0.570000
	0.562500
	0.566500
	0.572000
	0.561500
	0.563500
	0.562000
	0.560500
	0.561000
	0.560500
	0.571000
	0.580000
	0.587000
	0.588500
	0.599000
	0.601000
	0.605500
	0.581500
	0.582000
	0.607000
	0.632000
	0.627000
	0.627000
	0.633000
	0.617500
	0.608000
	0.619500
	0.613000
	0.589000
	0.581000
	0.575000
	0.568500
	0.573500
	0.577500
	0.575500
	0.572500
	0.564500
	0.552500
	0.571000
	0.586500
	0.588500
	0.598000
	0.607000
	0.598500
	0.606500
