	0.185500
	0.276000
	0.344000
	0.392000
	0.421000
	0.447500
	0.469000
	0.490500
	0.501000
	0.517500
	0.519000
	0.529500
	0.544000
	0.553500
	0.564000
	0.581000
	0.597500
	0.615000
	0.634500
	0.625500
	0.638500
	0.653000
	0.661500
	0.658500
	0.652000
	0.649500
	0.648000
	0.654000
	0.648500
	0.662500
	0.678500
	0.680500
	0.677000
	0.674000
	0.675500
	0.673000
	0.660500
	0.650500
	0.639500
	0.632000
	0.614500
	0.608000
	0.612000
	0.617000
	0.618500
	0.619500
	0.618000
	0.628000
	0.642000
	0.642000
	0.640500
	0.646000
	0.644500
	0.654000
	0.645500
	0.641000
	0.641000
	0.641000
	0.636500
	0.627500
	0.625000
	0.621500
	0.628500
	0.631000
	0.631500
	0.640000
	0.652500
	0.667500
	0.676500
	0.656000
	0.649000
	0.646500
	0.652500
	0.648000
	0.639500
	0.647000
	0.647000
	0.650000
	0.657500
	0.668000
	0.691000
	0.689500
	0.680000
	0.675500
	0.677500
	0.686000
	0.681500
	0.677000
	0.677500
	0.681000
	0.678000
	0.666000
	0.678500
	0.671000
	0.660500
	0.652500
	0.649500
	0.663000
	0.663000
	0.670500
	0.680000
	0.687500
	0.688500
	0.688500
	0.679000
	0.667000
	0.658500
	0.654500
	0.649000
	0.647500
	0.642500
	0.652500
	0.647500
	0.638500
	0.625500
	0.623000
	0.625500
	0.638000
	0.650500
	0.659000
	0.668000
	0.640000
	0.629000
	0.632500
	0.629000
	0.619000
	0.617500
	0.609500
	0.611000
	0.624000
	0.625500
	0.639500
	0.637500
	0.639500
	0.635500
	0.636500
	0.635500
	0.639000
	0.652000
	0.664500
	0.676500
	0.693500
	0.705500
	0.707000
	0.703000
	0.693500
	0.698500
	0.692500
	0.696000
	0.696500
	0.691000
	0.697500
	0.688500
	0.684000
	0.687500
	0.695000
	0.691500
	0.702000
	0.707500
	0.712000
	0.724500
	0.732500
	0.733500
	0.730500
	0.738000
	0.729500
	0.708000
	0.706500
	0.716000
	0.720500
	0.716500
	0.714500
	0.723500
	0.718000
	0.711000
	0.702500
	0.689000
	0.691000
	0.684500
	0.701000
	0.711000
	0.720000
	0.713500
	0.697500
	0.697500
	0.697000
	0.684500
	0.686500
	0.699500
	0.692000
	0.687000
	0.689000
	0.679000
	0.675500
	0.671500
	0.664500
	0.657500
	0.655500
	0.659000
	0.668000
