	0.175375
	0.266250
	0.334625
	0.399000
	0.450375
	0.489125
	0.504750
	0.527375
	0.543500
	0.559375
	0.577875
	0.579125
	0.589500
	0.608375
	0.629750
	0.641000
	0.648500
	0.661750
	0.677250
	0.689125
	0.696125
	0.704625
	0.709250
	0.702750
	0.698750
	0.695125
	0.691000
	0.684000
	0.691500
	0.692625
	0.687000
	0.693250
	0.692000
	0.682375
	0.682000
	0.666875
	0.645750
	0.633125
	0.632000
	0.624875
	0.604000
	0.596750
	0.599500
	0.614875
	0.628250
	0.638125
	0.643625
	0.655500
	0.663625
	0.656500
	0.665375
	0.666500
	0.662625
	0.665000
	0.672375
	0.663125
	0.668000
	0.666500
	0.672750
	0.672500
	0.669625
	0.663500
	0.652750
	0.647750
	0.645125
	0.642750
	0.644375
	0.646750
	0.656125
	0.664250
	0.681125
	0.679500
	0.679875
	0.679125
	0.672500
	0.673500
	0.678125
	0.676500
	0.677000
	0.687500
	0.691375
	0.682750
	0.662625
	0.663500
	0.663250
	0.660375
	0.664000
	0.663375
	0.674875
	0.674250
	0.678625
	0.680000
	0.695875
	0.703875
	0.711750
	0.721750
	0.713625
	0.712625
	0.719625
	0.713000
	0.714750
	0.709500
	0.700875
	0.696750
	0.686125
	0.691250
	0.696625
	0.709750
	0.711625
	0.708000
	0.699375
	0.688750
	0.690125
	0.682000
	0.678375
	0.674500
	0.681375
	0.690750
	0.690125
	0.688625
	0.692750
	0.683625
	0.676875
	0.666750
	0.650250
	0.659625
	0.666000
	0.669125
	0.671500
	0.679875
	0.674000
	0.676750
	0.668625
	0.665875
	0.655250
	0.655375
	0.649250
	0.643750
	0.640500
	0.661375
	0.678625
	0.689500
	0.695375
	0.696375
	0.686250
	0.699125
	0.687250
	0.682875
	0.674000
	0.670375
	0.673250
	0.681500
	0.690000
	0.682875
	0.679500
	0.688875
	0.689250
	0.679375
	0.675500
	0.662375
	0.653000
	0.657875
	0.667250
	0.677625
	0.685125
	0.689250
	0.687125
	0.710375
	0.719250
	0.711250
	0.704875
	0.690250
	0.688625
	0.690000
	0.687375
	0.689500
	0.693625
	0.699375
	0.696250
	0.698625
	0.711500
	0.709875
	0.698750
	0.688125
	0.673000
	0.662125
	0.663625
	0.671500
	0.664375
	0.656250
	0.647375
	0.666625
	0.679000
	0.672375
	0.670250
	0.663125
	0.657000
	0.659750
	0.659875
	0.656750
