	0.185375
	0.275500
	0.360625
	0.432250
	0.455750
	0.464750
	0.489250
	0.500750
	0.516250
	0.531250
	0.545750
	0.563000
	0.585875
	0.597500
	0.607250
	0.614875
	0.633750
	0.645500
	0.654375
	0.659375
	0.650500
	0.653875
	0.675625
	0.679000
	0.687250
	0.685125
	0.674375
	0.665250
	0.664625
	0.667500
	0.673875
	0.668875
	0.660500
	0.659875
	0.666500
	0.661000
	0.657375
	0.656125
	0.655000
	0.658875
	0.644875
	0.640250
	0.642625
	0.641875
	0.643875
	0.644250
	0.645125
	0.650500
	0.647625
	0.647000
	0.648250
	0.628125
	0.619500
	0.616500
	0.621375
	0.610250
	0.602625
	0.603125
	0.601375
	0.601750
	0.612375
	0.607750
	0.620625
	0.629000
	0.622250
	0.603125
	0.593000
	0.576875
	0.579750
	0.580375
	0.593250
	0.611125
	0.620500
	0.627375
	0.640875
	0.649750
	0.648375
	0.643750
	0.643500
	0.649250
	0.648625
	0.643375
	0.644250
	0.637125
	0.632875
	0.631250
	0.638500
	0.639875
	0.628875
	0.627125
	0.642500
	0.662875
	0.677750
	0.687750
	0.709125
	0.698000
	0.697875
	0.687250
	0.685625
	0.687500
	0.685375
	0.674750
	0.673000
	0.681375
	0.682750
	0.689625
	0.697000
	0.692375
	0.707750
	0.713875
	0.706750
	0.698125
	0.698500
	0.703875
	0.698250
	0.692625
	0.696000
	0.707375
	0.709500
	0.716875
	0.718500
	0.718875
	0.716250
	0.715750
	0.715875
	0.715250
	0.720625
	0.734500
	0.736875
	0.729250
	0.716125
	0.705875
	0.692750
	0.698750
	0.696000
	0.688625
	0.685750
	0.679625
	0.674875
	0.666750
	0.660375
	0.642250
	0.643125
	0.645875
	0.651875
	0.668500
	0.665625
	0.656000
	0.648875
	0.659875
	0.656750
	0.667125
	0.680125
	0.694000
	0.689500
	0.693500
	0.692375
	0.688875
	0.680500
	0.684875
	0.681750
	0.696125
	0.705000
	0.708000
	0.706625
	0.697875
	0.689625
	0.690500
	0.695750
	0.703125
	0.695375
	0.682250
	0.677750
	0.674625
	0.683250
	0.690625
	0.684000
	0.681375
	0.682750
	0.679125
	0.680750
	0.694750
	0.706125
	0.711750
	0.708750
	0.692125
	0.675125
	0.666375
	0.668250
	0.678875
	0.690750
	0.703125
	0.700500
	0.688875
	0.689250
	0.671125
	0.670125
	0.664750
	0.668875
	0.676000
