	0.175500
	0.266000
	0.324500
	0.362000
	0.398000
	0.423500
	0.440500
	0.454000
	0.476000
	0.501500
	0.523000
	0.544500
	0.563500
	0.581500
	0.599500
	0.613000
	0.627500
	0.651000
	0.665000
	0.677000
	0.671500
	0.672000
	0.671500
	0.687000
	0.693500
	0.691000
	0.679000
	0.663500
	0.654000
	0.653500
	0.645000
	0.635500
	0.629000
	0.624000
	0.623000
	0.633500
	0.632000
	0.629000
	0.633500
	0.645000
	0.659500
	0.669500
	0.685000
	0.685500
	0.683500
	0.687000
	0.703000
	0.702500
	0.702000
	0.722500
	0.718500
	0.714500
	0.696000
	0.685500
	0.677500
	0.678000
	0.683500
	0.686000
	0.683500
	0.683500
	0.676000
	0.674000
	0.684500
	0.691000
	0.700000
	0.674500
	0.674000
	0.674000
	0.666500
	0.667500
	0.672500
	0.675500
	0.675500
	0.683000
	0.676500
	0.679500
	0.684000
	0.687500
	0.689500
	0.674000
	0.671000
	0.666000
	0.652000
	0.642000
	0.641500
	0.661000
	0.669000
	0.679500
	0.684000
	0.681500
	0.673000
	0.676500
	0.674500
	0.674000
	0.667000
	0.666000
	0.659500
	0.673000
	0.698000
	0.696500
	0.686000
	0.682500
	0.683500
	0.695000
	0.698500
	0.693500
	0.689500
	0.686000
	0.689500
	0.689500
	0.682000
	0.679500
	0.677500
	0.678000
	0.685500
	0.688000
	0.690000
	0.696000
	0.703500
	0.719000
	0.723500
	0.724000
	0.719000
	0.714000
	0.715500
	0.701000
	0.690500
	0.678000
	0.666500
	0.666000
	0.679000
	0.679500
	0.671000
	0.658500
	0.664000
	0.680500
	0.687000
	0.689500
	0.691500
	0.698000
	0.696000
	0.687500
	0.686000
	0.687000
	0.694000
	0.703000
	0.707500
	0.700500
	0.692500
	0.693000
	0.698000
	0.714500
	0.707000
	0.707000
	0.702000
	0.699000
	0.697000
	0.702000
	0.710000
	0.708000
	0.708500
	0.697000
	0.706500
	0.725000
	0.720500
	0.709000
	0.715000
	0.702500
	0.688500
	0.677500
	0.667000
	0.656000
	0.644500
	0.642000
	0.650000
	0.655500
	0.663000
	0.673500
	0.682000
	0.680000
	0.687500
	0.698500
	0.685000
	0.687000
	0.681000
	0.699000
	0.699000
	0.702500
	0.697500
	0.694500
	0.686000
	0.673500
	0.670500
	0.662000
	0.668500
	0.675500
	0.688000
	0.710500
	0.708000
	0.697000
