	0.185000
	0.275000
	0.333500
	0.406000
	0.448500
	0.482000
	0.509500
	0.553000
	0.570000
	0.581500
	0.611000
	0.639000
	0.651000
	0.668500
	0.677500
	0.686500
	0.698500
	0.712000
	0.705000
	0.699500
	0.690000
	0.697000
	0.701500
	0.705500
	0.724000
	0.717000
	0.705500
	0.707000
	0.706000
	0.705000
	0.704000
	0.690000
	0.668000
	0.649000
	0.643000
	0.629000
	0.624000
	0.627500
	0.625500
	0.637500
	0.652000
	0.661000
	0.662500
	0.677500
	0.683000
	0.676500
	0.669000
	0.657500
	0.666500
	0.664000
	0.666000
	0.652000
	0.639500
	0.631000
	0.632500
	0.631500
	0.645500
	0.659500
	0.671000
	0.680500
	0.670000
	0.672500
	0.675500
	0.671500
	0.673000
	0.677000
	0.676000
	0.676000
	0.667000
	0.659000
	0.641500
	0.645000
	0.645500
	0.656500
	0.654500
	0.657000
	0.653000
	0.645500
	0.640000
	0.633500
	0.625500
	0.632500
	0.644000
	0.643500
	0.626000
	0.623000
	0.629000
	0.651000
	0.660000
	0.667000
	0.670500
	0.682500
	0.681000
	0.672500
	0.678500
	0.675000
	0.673000
	0.668000
	0.678500
	0.686000
	0.697000
	0.690000
	0.692500
	0.697500
	0.712500
	0.715500
	0.732500
	0.721500
	0.714000
	0.714000
	0.706000
	0.706000
	0.708000
	0.703000
	0.693000
	0.681500
	0.683000
	0.693000
	0.697500
	0.694500
	0.699000
	0.710500
	0.691000
	0.667500
	0.653500
	0.644000
	0.628000
	0.623500
	0.621500
	0.624000
	0.626000
	0.638500
	0.652000
	0.662500
	0.678500
	0.700500
	0.709500
	0.709500
	0.710000
	0.711000
	0.714500
	0.711000
	0.702500
	0.707000
	0.713000
	0.724500
	0.722500
	0.718000
	0.713500
	0.714000
	0.717500
	0.725000
	0.730500
	0.719000
	0.705000
	0.698500
	0.696500
	0.689500
	0.690500
	0.693000
	0.702000
	0.700500
	0.686500
	0.673500
	0.659500
	0.653000
	0.661000
	0.675500
	0.680000
	0.675500
	0.680000
	0.674000
	0.676000
	0.679500
	0.682500
	0.681500
	0.677500
	0.670000
	0.665000
	0.658500
	0.668500
	0.673500
	0.676000
	0.668500
	0.672500
	0.671500
	0.673000
	0.682000
	0.694000
	0.694000
	0.680500
	0.680000
	0.677000
	0.673500
	0.668500
	0.659500
	0.650500
	0.637000
	0.632000
	0.648000
