	0.185500
	0.276000
	0.361375
	0.433750
	0.485000
	0.533250
	0.541375
	0.548625
	0.549250
	0.559375
	0.555375
	0.569500
	0.574250
	0.580750
	0.600750
	0.614750
	0.622750
	0.619125
	0.617000
	0.626000
	0.642375
	0.650250
	0.654625
	0.658000
	0.654375
	0.640750
	0.631000
	0.624500
	0.615375
	0.619125
	0.627375
	0.626750
	0.629625
	0.628000
	0.633375
	0.633875
	0.628250
	0.619125
	0.633000
	0.632500
	0.624625
	0.632375
	0.653750
	0.677125
	0.689625
	0.692000
	0.687875
	0.681750
	0.671625
	0.677000
	0.690875
	0.708250
	0.705625
	0.700750
	0.703125
	0.705500
	0.688375
	0.677250
	0.669875
	0.664625
	0.658500
	0.645750
	0.634375
	0.638500
	0.646500
	0.648375
	0.657750
	0.661000
	0.669875
	0.686750
	0.683125
	0.670500
	0.653125
	0.651500
	0.649750
	0.649000
	0.669375
	0.676750
	0.677375
	0.683250
	0.697125
	0.695500
	0.692875
	0.694750
	0.688625
	0.685500
	0.690375
	0.682750
	0.681625
	0.677500
	0.684375
	0.698250
	0.711125
	0.711500
	0.701375
	0.702625
	0.688000
	0.672875
	0.664875
	0.658250
	0.657625
	0.657375
	0.661250
	0.669625
	0.675500
	0.657375
	0.641250
	0.644125
	0.647750
	0.645625
	0.650625
	0.663875
	0.668250
	0.668625
	0.652750
	0.653125
	0.648250
	0.641125
	0.629875
	0.621375
	0.615875
	0.628250
	0.641625
	0.646000
	0.655375
	0.658125
	0.663750
	0.678125
	0.682500
	0.674625
	0.664000
	0.659625
	0.648750
	0.645625
	0.645000
	0.636000
	0.624375
	0.622750
	0.630125
	0.650000
	0.670750
	0.673500
	0.682875
	0.683750
	0.675500
	0.681875
	0.687125
	0.685875
	0.687750
	0.679125
	0.661625
	0.650750
	0.656125
	0.653000
	0.656375
	0.660750
	0.650750
	0.662625
	0.670250
	0.682000
	0.682875
	0.683875
	0.675750
	0.670750
	0.665625
	0.659125
	0.663625
	0.657250
	0.646625
	0.648500
	0.651250
	0.653000
	0.652000
	0.649625
	0.650625
	0.642750
	0.642125
	0.643250
	0.645000
	0.640375
	0.618625
	0.616000
	0.622875
	0.628250
	0.632625
	0.646000
	0.655875
	0.668750
	0.675125
	0.670250
	0.660125
	0.646500
	0.640375
	0.646250
	0.650250
	0.669125
	0.677375
	0.683750
	0.681000
	0.687875
