	0.175000
	0.265500
	0.342000
	0.413500
	0.472000
	0.487500
	0.509000
	0.513500
	0.520000
	0.536500
	0.554500
	0.573500
	0.597500
	0.595500
	0.602000
	0.618000
	0.626500
	0.645000
	0.658000
	0.658500
	0.660000
	0.662500
	0.656000
	0.663000
	0.680000
	0.678500
	0.675000
	0.669500
	0.662500
	0.653000
	0.653000
	0.643500
	0.629000
	0.623500
	0.606500
	0.592500
	0.588500
	0.587000
	0.588500
	0.585000
	0.581500
	0.588000
	0.607000
	0.610000
	0.618500
	0.609500
	0.601000
	0.604500
	0.613500
	0.618000
	0.622500
	0.622500
	0.619500
	0.635000
	0.625000
	0.617000
	0.626500
	0.640500
	0.646500
	0.656500
	0.659500
	0.660000
	0.658500
	0.655000
	0.664000
	0.669000
	0.654000
	0.661000
	0.663500
	0.660500
	0.667500
	0.662000
	0.668500
	0.674000
	0.670500
	0.653500
	0.650500
	0.639000
	0.644500
	0.657000
	0.671000
	0.662000
	0.655500
	0.650000
	0.640500
	0.638500
	0.639500
	0.637500
	0.646000
	0.639500
	0.634000
	0.631500
	0.629500
	0.625000
	0.617500
	0.627000
	0.629000
	0.634500
	0.632000
	0.634000
	0.638500
	0.635500
	0.649000
	0.632500
	0.643500
	0.655000
	0.661000
	0.670500
	0.689000
	0.677500
	0.665000
	0.650000
	0.638500
	0.627500
	0.631500
	0.640000
	0.636000
	0.627000
	0.630000
	0.618000
	0.616000
	0.611500
	0.602000
	0.624000
	0.650000
	0.677000
	0.690500
	0.686500
	0.678000
	0.671000
	0.666500
	0.669000
	0.669000
	0.666500
	0.663500
	0.675500
	0.670500
	0.661000
	0.655500
	0.654000
	0.665000
	0.672000
	0.673500
	0.671000
	0.668500
	0.654000
	0.662000
	0.665500
	0.658500
	0.666000
	0.668000
	0.678500
	0.681000
	0.685500
	0.685000
	0.694000
	0.694500
	0.692000
	0.677500
	0.677500
	0.675000
	0.657000
	0.641500
	0.636500
	0.626000
	0.618000
	0.606000
	0.592000
	0.580500
	0.577000
	0.578500
	0.587500
	0.602000
	0.618500
	0.633500
	0.640500
	0.640000
	0.642500
	0.635000
	0.637500
	0.644000
	0.651000
	0.658000
	0.656500
	0.652500
	0.661000
	0.674500
	0.681500
	0.697000
	0.717500
	0.727000
	0.721500
	0.705000
	0.696500
	0.693500
	0.701500
	0.690500
	0.688000
	0.682500
	0.672500
