	0.175000
	0.256000
	0.333000
	0.397500
	0.458000
	0.514000
	0.525500
	0.538000
	0.548500
	0.566500
	0.582500
	0.601500
	0.630000
	0.653500
	0.680500
	0.691500
	0.703500
	0.689000
	0.683000
	0.678500
	0.674500
	0.677000
	0.676000
	0.665000
	0.673000
	0.682000
	0.688000
	0.684500
	0.684500
	0.669000
	0.657000
	0.653500
	0.650000
	0.642500
	0.645500
	0.652500
	0.652500
	0.655000
	0.656000
	0.657500
	0.669500
	0.682500
	0.698500
	0.701000
	0.690000
	0.688500
	0.673000
	0.662500
	0.664500
	0.661000
	0.659000
	0.647000
	0.632500
	0.639000
	0.634000
	0.632000
	0.625000
	0.618500
	0.618500
	0.614000
	0.605000
	0.606000
	0.605500
	0.590500
	0.602000
	0.620000
	0.615500
	0.628000
	0.631500
	0.633500
	0.641000
	0.650500
	0.661000
	0.656000
	0.651500
	0.662000
	0.652500
	0.635000
	0.619000
	0.632500
	0.635000
	0.623500
	0.629000
	0.627500
	0.634000
	0.633000
	0.634500
	0.630000
	0.626000
	0.629000
	0.625000
	0.618500
	0.629500
	0.623000
	0.621500
	0.617000
	0.612500
	0.601500
	0.604500
	0.615500
	0.626000
	0.627500
	0.627000
	0.615500
	0.609000
	0.594000
	0.598000
	0.600000
	0.612500
	0.626000
	0.637000
	0.632500
	0.632500
	0.647000
	0.652500
	0.661500
	0.680000
	0.683500
	0.685500
	0.680000
	0.673000
	0.671000
	0.674000
	0.685000
	0.683500
	0.681500
	0.681500
	0.693000
	0.704500
	0.704500
	0.695000
	0.690000
	0.685000
	0.673500
	0.665500
	0.660500
	0.652500
	0.644500
	0.637500
	0.632000
	0.626500
	0.622000
	0.621000
	0.624500
	0.635000
	0.612500
	0.607000
	0.602000
	0.612500
	0.617000
	0.611500
	0.607500
	0.601000
	0.597000
	0.596000
	0.610000
	0.629500
	0.634500
	0.643500
	0.643000
	0.632500
	0.628000
	0.600000
	0.586500
	0.575000
	0.574500
	0.578000
	0.585000
	0.587500
	0.612500
	0.633000
	0.653000
	0.650500
	0.651500
	0.653500
	0.650500
	0.648500
	0.650000
	0.655000
	0.651000
	0.652000
	0.650000
	0.643000
	0.638000
	0.622500
	0.621000
	0.641500
	0.642500
	0.649000
	0.655000
	0.657000
	0.658000
	0.641000
	0.628500
	0.624500
	0.629000
	0.640500
	0.647000
	0.649500
	0.656000
