	0.184500
	0.265500
	0.324500
	0.397000
	0.465000
	0.527500
	0.579000
	0.602000
	0.611000
	0.632000
	0.648500
	0.661500
	0.663500
	0.667000
	0.674500
	0.688000
	0.695000
	0.688500
	0.681500
	0.673500
	0.668500
	0.649500
	0.651500
	0.655500
	0.656500
	0.661000
	0.662500
	0.667000
	0.669500
	0.682000
	0.692500
	0.700000
	0.699500
	0.711000
	0.709000
	0.688500
	0.687500
	0.683000
	0.681000
	0.680500
	0.669500
	0.654000
	0.652500
	0.653000
	0.651500
	0.630500
	0.617500
	0.613500
	0.611500
	0.613500
	0.628500
	0.637500
	0.651000
	0.649500
	0.644000
	0.628500
	0.617000
	0.608500
	0.589500
	0.573000
	0.571500
	0.593000
	0.607500
	0.612000
	0.628500
	0.650500
	0.665500
	0.651500
	0.650500
	0.654500
	0.658500
	0.671000
	0.671500
	0.666500
	0.666000
	0.675000
	0.669000
	0.645500
	0.636000
	0.618500
	0.611500
	0.609500
	0.621000
	0.643500
	0.666500
	0.683000
	0.700500
	0.700500
	0.703000
	0.704500
	0.709000
	0.703500
	0.698000
	0.689500
	0.685000
	0.684500
	0.683000
	0.675500
	0.662000
	0.642000
	0.631500
	0.634500
	0.642500
	0.644000
	0.631000
	0.624500
	0.631000
	0.634000
	0.630500
	0.634500
	0.636500
	0.641500
	0.652500
	0.649000
	0.647000
	0.632500
	0.629000
	0.646500
	0.643500
	0.655000
	0.657500
	0.661000
	0.652500
	0.630500
	0.620000
	0.615000
	0.613500
	0.613000
	0.616500
	0.621500
	0.631000
	0.631000
	0.634000
	0.638000
	0.636500
	0.648500
	0.663500
	0.676000
	0.675000
	0.680500
	0.678000
	0.675000
	0.684000
	0.672000
	0.662500
	0.643500
	0.626500
	0.632000
	0.648500
	0.656000
	0.661500
	0.655000
	0.651500
	0.643000
	0.636500
	0.628500
	0.628500
	0.627000
	0.643000
	0.655000
	0.649500
	0.640000
	0.635500
	0.651000
	0.652000
	0.646000
	0.636500
	0.621500
	0.622500
	0.630000
	0.638000
	0.632500
	0.627000
	0.624000
	0.631500
	0.643000
	0.660000
	0.668000
	0.667500
	0.665000
	0.665000
	0.669000
	0.655500
	0.643500
	0.642500
	0.654000
	0.655500
	0.655000
	0.651000
	0.645500
	0.649500
	0.644000
	0.643500
	0.655500
	0.671000
	0.685500
	0.691500
	0.678500
	0.662500
	0.665000
