	0.184500
	0.256000
	0.316000
	0.363000
	0.408000
	0.455500
	0.487500
	0.517500
	0.547500
	0.573000
	0.610000
	0.645000
	0.658000
	0.676000
	0.689000
	0.700000
	0.696500
	0.713500
	0.712000
	0.704000
	0.699500
	0.705500
	0.705500
	0.704000
	0.695500
	0.682500
	0.668000
	0.649000
	0.641000
	0.621500
	0.602000
	0.598500
	0.607500
	0.615500
	0.631000
	0.633500
	0.627000
	0.622500
	0.613500
	0.611000
	0.616000
	0.621500
	0.625000
	0.625000
	0.630500
	0.643500
	0.656000
	0.659000
	0.658000
	0.658500
	0.659500
	0.651000
	0.642500
	0.634000
	0.648000
	0.654000
	0.660500
	0.647000
	0.634000
	0.621000
	0.621000
	0.624000
	0.633000
	0.644000
	0.646000
	0.646500
	0.641000
	0.636000
	0.630500
	0.630500
	0.627500
	0.632000
	0.639500
	0.645500
	0.639000
	0.626000
	0.617000
	0.617500
	0.626000
	0.631500
	0.635000
	0.638000
	0.650000
	0.660500
	0.671000
	0.660500
	0.662000
	0.657500
	0.659000
	0.672000
	0.679500
	0.683000
	0.689500
	0.691500
	0.688500
	0.681500
	0.681000
	0.681500
	0.675500
	0.658500
	0.657500
	0.646500
	0.638000
	0.625500
	0.614000
	0.597000
	0.594500
	0.593000
	0.603500
	0.617000
	0.616000
	0.610000
	0.620000
	0.611000
	0.617500
	0.625500
	0.627000
	0.634000
	0.657500
	0.657000
	0.650500
	0.651500
	0.658500
	0.668000
	0.654500
	0.651000
	0.655500
	0.663000
	0.640000
	0.637000
	0.616000
	0.601000
	0.589500
	0.583000
	0.600500
	0.603000
	0.609000
	0.608500
	0.611500
	0.606500
	0.589000
	0.585000
	0.592500
	0.588500
	0.590500
	0.605000
	0.625500
	0.650500
	0.676000
	0.681500
	0.680500
	0.685000
	0.689000
	0.681500
	0.680000
	0.669500
	0.661500
	0.666500
	0.670000
	0.650500
	0.632000
	0.628000
	0.630500
	0.632000
	0.633500
	0.634500
	0.633500
	0.631000
	0.625000
	0.621000
	0.617500
	0.613000
	0.611000
	0.610000
	0.625000
	0.625500
	0.628500
	0.634000
	0.644500
	0.634000
	0.626000
	0.630000
	0.630000
	0.638500
	0.642000
	0.641500
	0.636000
	0.636500
	0.636000
	0.632500
	0.629000
	0.618000
	0.619500
	0.618000
	0.607000
	0.595000
	0.593500
	0.593500
	0.603500
	0.611000
