	0.194500
	0.274000
	0.349500
	0.395000
	0.440500
	0.479500
	0.479500
	0.499000
	0.519500
	0.541000
	0.565500
	0.582000
	0.591500
	0.604500
	0.611000
	0.626000
	0.637000
	0.629000
	0.628500
	0.633000
	0.642500
	0.645000
	0.652000
	0.664500
	0.677000
	0.683500
	0.685500
	0.687000
	0.680000
	0.677500
	0.682000
	0.689500
	0.676000
	0.668000
	0.663500
	0.666000
	0.671500
	0.659500
	0.642000
	0.644500
	0.652500
	0.664000
	0.652000
	0.660500
	0.670000
	0.668500
	0.675000
	0.670000
	0.662000
	0.667500
	0.669500
	0.666000
	0.665000
	0.674000
	0.668500
	0.656500
	0.652000
	0.641000
	0.632500
	0.632500
	0.637000
	0.654000
	0.663000
	0.673500
	0.674000
	0.667000
	0.664500
	0.660500
	0.665500
	0.668000
	0.668500
	0.671000
	0.673000
	0.661000
	0.653500
	0.649000
	0.656500
	0.652000
	0.656500
	0.656000
	0.653000
	0.645000
	0.651500
	0.645500
	0.658500
	0.663000
	0.664500
	0.664000
	0.667000
	0.676500
	0.675000
	0.663500
	0.655500
	0.659000
	0.657500
	0.655500
	0.660000
	0.661500
	0.664000
	0.654500
	0.645500
	0.644000
	0.650000
	0.644000
	0.641000
	0.641000
	0.637000
	0.643000
	0.641500
	0.648500
	0.662000
	0.654000
	0.648500
	0.628500
	0.638000
	0.626500
	0.620500
	0.625500
	0.624500
	0.636500
	0.657000
	0.662000
	0.659000
	0.664000
	0.662000
	0.650500
	0.657000
	0.649000
	0.657000
	0.659000
	0.655500
	0.653000
	0.648500
	0.659000
	0.661500
	0.657000
	0.663500
	0.665500
	0.666000
	0.670500
	0.675500
	0.674500
	0.661000
	0.653000
	0.654500
	0.652000
	0.637000
	0.633500
	0.641500
	0.654000
	0.652500
	0.659500
	0.657500
	0.657500
	0.661500
	0.658500
	0.639500
	0.623000
	0.618500
	0.624500
	0.620000
	0.630000
	0.631500
	0.640500
	0.631500
	0.634500
	0.654000
	0.672000
	0.686000
	0.680000
	0.673000
	0.650500
	0.649000
	0.638000
	0.640000
	0.644000
	0.652000
	0.642000
	0.636000
	0.637000
	0.633500
	0.635500
	0.642000
	0.645500
	0.647000
	0.641000
	0.650500
	0.641500
	0.637000
	0.641500
	0.636500
	0.637000
	0.630000
	0.638500
	0.645500
	0.647000
	0.653500
	0.663500
	0.664500
	0.675000
