	0.176000
	0.267000
	0.344000
	0.425500
	0.476375
	0.517250
	0.557625
	0.574375
	0.606125
	0.619375
	0.628625
	0.627875
	0.638125
	0.647875
	0.647500
	0.658125
	0.671125
	0.674375
	0.682625
	0.677375
	0.678875
	0.679750
	0.675125
	0.666875
	0.657625
	0.652750
	0.647625
	0.650250
	0.651625
	0.651500
	0.639375
	0.634625
	0.636500
	0.633375
	0.638250
	0.635125
	0.646000
	0.658375
	0.685625
	0.703500
	0.703125
	0.710375
	0.714250
	0.714750
	0.719500
	0.726875
	0.724750
	0.717125
	0.709000
	0.695125
	0.688500
	0.682250
	0.677875
	0.672375
	0.675000
	0.661500
	0.653875
	0.652250
	0.647625
	0.637000
	0.635000
	0.621625
	0.633000
	0.636375
	0.642250
	0.653125
	0.675500
	0.684875
	0.673250
	0.672125
	0.661750
	0.659125
	0.655000
	0.657625
	0.664500
	0.671875
	0.675875
	0.681250
	0.672625
	0.663875
	0.657250
	0.654625
	0.657625
	0.662500
	0.668625
	0.683500
	0.691875
	0.698250
	0.690000
	0.689875
	0.690500
	0.694125
	0.687000
	0.681375
	0.674250
	0.671875
	0.674125
	0.675250
	0.670500
	0.684375
	0.694750
	0.697000
	0.694375
	0.687250
	0.681375
	0.694250
	0.698250
	0.694875
	0.701000
	0.704375
	0.692750
	0.683000
	0.685000
	0.674375
	0.669250
	0.654875
	0.645250
	0.649125
	0.636750
	0.615125
	0.604500
	0.599875
	0.600125
	0.604500
	0.609625
	0.599875
	0.601625
	0.592750
	0.582125
	0.574125
	0.574875
	0.578250
	0.595000
	0.605875
	0.616250
	0.625125
	0.641000
	0.655875
	0.663500
	0.659375
	0.654750
	0.646750
	0.644375
	0.649750
	0.659875
	0.654750
	0.649250
	0.657000
	0.661375
	0.661250
	0.655625
	0.655750
	0.644500
	0.639375
	0.640750
	0.640125
	0.641000
	0.662875
	0.654125
	0.650625
	0.650125
	0.652500
	0.666625
	0.674625
	0.664000
	0.651875
	0.641750
	0.643500
	0.654375
	0.663750
	0.660125
	0.655000
	0.660375
	0.660750
	0.658500
	0.662375
	0.665250
	0.670000
	0.672375
	0.678750
	0.684125
	0.695250
	0.697125
	0.688375
	0.689750
	0.683000
	0.676375
	0.676750
	0.685000
	0.691375
	0.694750
	0.690375
	0.688125
	0.690000
	0.686500
	0.679250
	0.674125
	0.669750
	0.669375
	0.670250
