	0.175000
	0.248000
	0.317500
	0.383000
	0.444500
	0.468500
	0.491500
	0.497000
	0.498000
	0.514000
	0.526500
	0.552500
	0.573500
	0.597000
	0.610000
	0.615500
	0.619000
	0.620000
	0.611500
	0.611000
	0.619500
	0.622000
	0.633000
	0.650000
	0.660000
	0.671000
	0.668000
	0.667500
	0.656000
	0.657500
	0.655500
	0.658000
	0.659000
	0.658000
	0.669000
	0.659000
	0.655000
	0.648500
	0.645500
	0.642500
	0.654500
	0.660500
	0.662500
	0.653000
	0.649500
	0.646000
	0.633500
	0.627000
	0.629000
	0.623500
	0.627000
	0.636000
	0.639000
	0.640000
	0.643500
	0.629000
	0.629500
	0.632000
	0.636500
	0.642000
	0.633500
	0.626000
	0.609000
	0.605000
	0.602500
	0.592000
	0.584000
	0.580500
	0.579500
	0.572000
	0.562500
	0.560500
	0.565500
	0.563500
	0.556000
	0.570000
	0.584500
	0.602500
	0.603000
	0.609500
	0.604500
	0.608000
	0.628000
	0.626000
	0.623000
	0.630500
	0.638500
	0.636000
	0.634500
	0.627000
	0.613500
	0.599500
	0.593000
	0.587500
	0.594500
	0.608500
	0.623500
	0.620000
	0.621500
	0.629000
	0.631500
	0.631000
	0.644500
	0.649000
	0.654000
	0.656500
	0.646500
	0.647500
	0.642000
	0.635000
	0.629000
	0.617000
	0.607000
	0.609500
	0.616000
	0.626500
	0.622500
	0.624500
	0.637500
	0.644000
	0.638500
	0.633500
	0.624000
	0.606500
	0.604500
	0.599000
	0.593000
	0.587500
	0.594000
	0.600500
	0.617000
	0.620500
	0.616500
	0.614000
	0.603500
	0.599500
	0.588000
	0.581000
	0.586500
	0.588000
	0.585500
	0.593000
	0.600000
	0.610500
	0.615500
	0.611500
	0.620500
	0.618500
	0.619000
	0.635500
	0.631000
	0.622500
	0.612000
	0.608500
	0.607500
	0.604000
	0.608500
	0.604500
	0.596500
	0.604500
	0.620500
	0.624000
	0.631500
	0.646000
	0.657500
	0.657000
	0.650000
	0.641000
	0.634500
	0.626000
	0.618500
	0.621500
	0.616500
	0.629000
	0.624500
	0.615500
	0.610000
	0.612500
	0.613500
	0.627000
	0.623000
	0.623000
	0.629500
	0.632000
	0.635000
	0.638500
	0.641000
	0.630500
	0.640500
	0.644500
	0.657500
	0.652500
	0.653000
	0.658500
	0.642500
	0.637000
	0.637000
	0.622500
	0.619500
	0.622000
