	0.175000
	0.247500
	0.334000
	0.398000
	0.440000
	0.463500
	0.479500
	0.511000
	0.525500
	0.524500
	0.538500
	0.546500
	0.555500
	0.571000
	0.586000
	0.594500
	0.609000
	0.627000
	0.637500
	0.641000
	0.639000
	0.649500
	0.648500
	0.649000
	0.650000
	0.643000
	0.648000
	0.651000
	0.664000
	0.669000
	0.678000
	0.679000
	0.673000
	0.659500
	0.657500
	0.659500
	0.660000
	0.653000
	0.656500
	0.644000
	0.629000
	0.611000
	0.612000
	0.625000
	0.624000
	0.632500
	0.644500
	0.649500
	0.665500
	0.661500
	0.674000
	0.678500
	0.681000
	0.689500
	0.673500
	0.672000
	0.671000
	0.679500
	0.692000
	0.682500
	0.669500
	0.658000
	0.649500
	0.658500
	0.656500
	0.664000
	0.654500
	0.649500
	0.651500
	0.665000
	0.680500
	0.680500
	0.672500
	0.671500
	0.681000
	0.680000
	0.672000
	0.688500
	0.703000
	0.695500
	0.678500
	0.684000
	0.682500
	0.676000
	0.669000
	0.666000
	0.648000
	0.630500
	0.617000
	0.606500
	0.611500
	0.629000
	0.637500
	0.657500
	0.662000
	0.671000
	0.692500
	0.701000
	0.682000
	0.683500
	0.688500
	0.689500
	0.690000
	0.679500
	0.681500
	0.675000
	0.669000
	0.683500
	0.687500
	0.694000
	0.700500
	0.702500
	0.703500
	0.693000
	0.689000
	0.690500
	0.701500
	0.708000
	0.704000
	0.714500
	0.712000
	0.701000
	0.690500
	0.681000
	0.683000
	0.678000
	0.658500
	0.656500
	0.646500
	0.649500
	0.639500
	0.643000
	0.644000
	0.646500
	0.642000
	0.632000
	0.629500
	0.629500
	0.636000
	0.640500
	0.630500
	0.629000
	0.628000
	0.614500
	0.600000
	0.609500
	0.611000
	0.603000
	0.604000
	0.606500
	0.616000
	0.622500
	0.624500
	0.638000
	0.648500
	0.653000
	0.657000
	0.668000
	0.670500
	0.672500
	0.675500
	0.664500
	0.650000
	0.635500
	0.621500
	0.607000
	0.603000
	0.605500
	0.601500
	0.607500
	0.621500
	0.628000
	0.638000
	0.627500
	0.639000
	0.636000
	0.658500
	0.674500
	0.684500
	0.692000
	0.701000
	0.692000
	0.690500
	0.686000
	0.676000
	0.670500
	0.667500
	0.660000
	0.658500
	0.664000
	0.660000
	0.653500
	0.649000
	0.639000
	0.634000
	0.631500
	0.630000
	0.632000
	0.626000
	0.619500
