	0.176000
	0.267000
	0.352500
	0.425000
	0.466000
	0.513000
	0.544000
	0.560000
	0.550000
	0.538500
	0.529500
	0.531500
	0.546000
	0.557500
	0.580500
	0.594500
	0.602000
	0.603500
	0.602500
	0.613000
	0.626500
	0.662500
	0.673500
	0.689500
	0.685500
	0.684000
	0.686000
	0.691000
	0.693500
	0.700500
	0.691000
	0.684000
	0.681000
	0.672500
	0.659500
	0.651000
	0.646500
	0.648000
	0.642000
	0.632000
	0.629500
	0.639500
	0.628000
	0.626500
	0.620500
	0.626000
	0.637000
	0.634000
	0.630500
	0.636000
	0.632000
	0.619000
	0.626000
	0.632500
	0.645000
	0.657000
	0.652000
	0.656000
	0.662000
	0.658500
	0.666000
	0.657500
	0.649500
	0.657000
	0.649000
	0.649500
	0.651000
	0.657500
	0.663500
	0.662000
	0.677000
	0.668500
	0.671000
	0.685500
	0.680500
	0.672500
	0.677000
	0.676000
	0.664000
	0.671000
	0.668500
	0.679500
	0.694500
	0.692000
	0.694500
	0.699000
	0.695500
	0.681000
	0.675000
	0.676500
	0.680000
	0.677500
	0.678000
	0.684000
	0.672500
	0.665500
	0.672500
	0.673500
	0.674500
	0.673500
	0.686500
	0.698500
	0.705500
	0.707000
	0.710000
	0.710500
	0.704500
	0.701500
	0.697500
	0.676000
	0.666500
	0.653500
	0.643000
	0.633500
	0.638500
	0.642500
	0.649000
	0.647000
	0.659500
	0.688000
	0.692000
	0.679000
	0.680500
	0.680500
	0.666000
	0.656500
	0.650000
	0.650000
	0.645000
	0.642500
	0.642000
	0.651500
	0.654000
	0.671500
	0.679500
	0.687000
	0.690500
	0.682500
	0.677500
	0.669000
	0.662000
	0.643000
	0.625000
	0.613000
	0.607500
	0.600000
	0.588000
	0.581500
	0.580500
	0.586500
	0.585500
	0.587500
	0.604500
	0.623500
	0.634500
	0.642000
	0.652000
	0.649500
	0.655500
	0.662000
	0.675000
	0.685000
	0.674000
	0.666000
	0.651000
	0.637000
	0.636000
	0.621000
	0.618000
	0.619500
	0.621000
	0.625500
	0.615500
	0.627000
	0.632500
	0.641000
	0.642000
	0.639500
	0.634000
	0.637500
	0.636500
	0.644000
	0.644000
	0.645000
	0.637500
	0.631000
	0.629000
	0.625000
	0.633000
	0.634000
	0.633500
	0.644000
	0.654000
	0.661500
	0.663500
	0.674000
	0.676500
	0.672500
	0.673500
	0.679500
