	0.185000
	0.275000
	0.360000
	0.423000
	0.474000
	0.528500
	0.543500
	0.550500
	0.572000
	0.593000
	0.611000
	0.623500
	0.626500
	0.628500
	0.617000
	0.596000
	0.586000
	0.579500
	0.568500
	0.590500
	0.613500
	0.629000
	0.643500
	0.642500
	0.641000
	0.649000
	0.663500
	0.681000
	0.687500
	0.684000
	0.688500
	0.687500
	0.686500
	0.671000
	0.655500
	0.640000
	0.631000
	0.637500
	0.639500
	0.637000
	0.628500
	0.615000
	0.609500
	0.620500
	0.638500
	0.638500
	0.642000
	0.637000
	0.654500
	0.668500
	0.675000
	0.680500
	0.685000
	0.678000
	0.670500
	0.655500
	0.648000
	0.634500
	0.641500
	0.663000
	0.669000
	0.662000
	0.666000
	0.658500
	0.656000
	0.664500
	0.683500
	0.704000
	0.704500
	0.695500
	0.684000
	0.682000
	0.679500
	0.670500
	0.671500
	0.669000
	0.663000
	0.656500
	0.656000
	0.644500
	0.641000
	0.626500
	0.625000
	0.625000
	0.618500
	0.620500
	0.647500
	0.661500
	0.655000
	0.645500
	0.647000
	0.641000
	0.647500
	0.652500
	0.661000
	0.640000
	0.630500
	0.641000
	0.644000
	0.641000
	0.642000
	0.643000
	0.639000
	0.647000
	0.655500
	0.666000
	0.675000
	0.681000
	0.677500
	0.677000
	0.684500
	0.692500
	0.695000
	0.695000
	0.697500
	0.695500
	0.692000
	0.695500
	0.684500
	0.676000
	0.660000
	0.648500
	0.649000
	0.650000
	0.659000
	0.676000
	0.689500
	0.693500
	0.695500
	0.687500
	0.677000
	0.685000
	0.685500
	0.684000
	0.687000
	0.682000
	0.683000
	0.688000
	0.662000
	0.644500
	0.649500
	0.651000
	0.654500
	0.646500
	0.645500
	0.643500
	0.647000
	0.657000
	0.654500
	0.663000
	0.671000
	0.668500
	0.666500
	0.683500
	0.667000
	0.660500
	0.658500
	0.655000
	0.650000
	0.646000
	0.649000
	0.644000
	0.636500
	0.633500
	0.644000
	0.660000
	0.676500
	0.660000
	0.649000
	0.641500
	0.648000
	0.654500
	0.649500
	0.645500
	0.655500
	0.665500
	0.671500
	0.678500
	0.689000
	0.678500
	0.667000
	0.654000
	0.646000
	0.636000
	0.633000
	0.636000
	0.631000
	0.630000
	0.621000
	0.614000
	0.604500
	0.608000
	0.617500
	0.621000
	0.630000
	0.624500
	0.621500
	0.621000
	0.617000
	0.609500
