	0.175500
	0.266500
	0.334000
	0.398000
	0.448000
	0.485500
	0.492500
	0.488500
	0.501000
	0.518000
	0.547000
	0.559000
	0.567500
	0.579500
	0.607000
	0.630500
	0.653000
	0.669500
	0.663500
	0.668500
	0.671000
	0.675000
	0.691000
	0.695500
	0.701000
	0.706000
	0.714000
	0.707000
	0.699000
	0.702000
	0.696500
	0.688500
	0.708000
	0.714500
	0.709500
	0.703000
	0.691000
	0.686000
	0.681000
	0.669500
	0.667000
	0.672000
	0.671500
	0.682500
	0.684500
	0.686000
	0.677000
	0.654000
	0.641500
	0.636000
	0.627500
	0.621000
	0.623500
	0.631000
	0.634000
	0.638500
	0.637500
	0.629000
	0.622500
	0.637000
	0.631500
	0.639500
	0.638000
	0.652500
	0.659500
	0.658500
	0.655500
	0.650000
	0.649000
	0.646000
	0.645000
	0.644000
	0.632000
	0.635000
	0.613500
	0.603500
	0.609000
	0.604000
	0.602500
	0.598000
	0.603500
	0.616000
	0.640000
	0.642500
	0.644500
	0.667000
	0.671500
	0.665000
	0.661500
	0.662000
	0.670000
	0.664000
	0.650500
	0.657000
	0.667500
	0.677500
	0.680500
	0.686500
	0.681000
	0.674500
	0.687000
	0.683500
	0.667000
	0.655000
	0.643500
	0.643000
	0.644000
	0.625500
	0.612000
	0.600500
	0.595500
	0.596000
	0.587000
	0.586000
	0.582500
	0.582500
	0.599500
	0.613500
	0.617500
	0.629500
	0.640500
	0.643500
	0.637500
	0.643500
	0.648500
	0.667500
	0.671000
	0.674500
	0.667500
	0.662000
	0.655500
	0.652000
	0.648500
	0.636500
	0.634500
	0.624500
	0.622500
	0.618000
	0.620000
	0.628500
	0.616000
	0.607500
	0.604500
	0.593000
	0.583500
	0.571000
	0.561000
	0.559500
	0.563000
	0.565000
	0.578000
	0.598000
	0.598000
	0.598000
	0.602500
	0.602500
	0.607500
	0.607000
	0.607500
	0.593000
	0.592500
	0.595000
	0.587000
	0.576000
	0.570000
	0.569500
	0.578500
	0.594000
	0.604500
	0.613500
	0.625000
	0.633000
	0.636500
	0.642000
	0.641000
	0.641000
	0.641000
	0.640500
	0.639000
	0.647000
	0.656500
	0.661000
	0.661500
	0.657000
	0.658500
	0.648000
	0.643000
	0.646000
	0.639000
	0.639000
	0.651500
	0.658000
	0.661000
	0.666500
	0.660500
	0.654000
	0.655500
	0.656000
	0.660000
	0.667500
