	0.176000
	0.266500
	0.317500
	0.364000
	0.399500
	0.424500
	0.450000
	0.481000
	0.516500
	0.546500
	0.574500
	0.591000
	0.608500
	0.622500
	0.627500
	0.632000
	0.634000
	0.628000
	0.621500
	0.625000
	0.636000
	0.649500
	0.652000
	0.657000
	0.674000
	0.674000
	0.675000
	0.690500
	0.697500
	0.691000
	0.692000
	0.693000
	0.692500
	0.699500
	0.690000
	0.679500
	0.677500
	0.669500
	0.661000
	0.664000
	0.660000
	0.652500
	0.667500
	0.660500
	0.663000
	0.662000
	0.662500
	0.671500
	0.689500
	0.695500
	0.706500
	0.711000
	0.715000
	0.718500
	0.712500
	0.712000
	0.700500
	0.692000
	0.696000
	0.700000
	0.712500
	0.717500
	0.719500
	0.719500
	0.700500
	0.691000
	0.684500
	0.687000
	0.689500
	0.688500
	0.692000
	0.680500
	0.676500
	0.677000
	0.679000
	0.679000
	0.690000
	0.707000
	0.712000
	0.709500
	0.703000
	0.701000
	0.685500
	0.676000
	0.665500
	0.658000
	0.660500
	0.663000
	0.658500
	0.635500
	0.626500
	0.643000
	0.640000
	0.632500
	0.638000
	0.633500
	0.624000
	0.612500
	0.593500
	0.580000
	0.570500
	0.576000
	0.595000
	0.609500
	0.614500
	0.642500
	0.666000
	0.668000
	0.674000
	0.673000
	0.660500
	0.645500
	0.638000
	0.624500
	0.613000
	0.631000
	0.629000
	0.635500
	0.645000
	0.655000
	0.645500
	0.643500
	0.644000
	0.640000
	0.635500
	0.629000
	0.614000
	0.605500
	0.593000
	0.583000
	0.575500
	0.560500
	0.561500
	0.573500
	0.595000
	0.622500
	0.644000
	0.667500
	0.660500
	0.655000
	0.645000
	0.658500
	0.656000
	0.652500
	0.656500
	0.653000
	0.651000
	0.660000
	0.646500
	0.634000
	0.629500
	0.626000
	0.633000
	0.634000
	0.625000
	0.653000
	0.660000
	0.657000
	0.664000
	0.667000
	0.672500
	0.682500
	0.694500
	0.697500
	0.692000
	0.675500
	0.664000
	0.647000
	0.644500
	0.645500
	0.646500
	0.653500
	0.653000
	0.654000
	0.656500
	0.662500
	0.674500
	0.683500
	0.697500
	0.686500
	0.693000
	0.690500
	0.692000
	0.690500
	0.703500
	0.705500
	0.719000
	0.726000
	0.719500
	0.724000
	0.706500
	0.692500
	0.683500
	0.667500
	0.650000
	0.641500
	0.623500
	0.609500
	0.594500
	0.580000
