	0.156500
	0.239000
	0.307000
	0.346000
	0.385500
	0.429000
	0.444500
	0.450000
	0.455000
	0.445000
	0.453000
	0.453000
	0.461000
	0.475500
	0.484500
	0.492500
	0.500000
	0.510000
	0.528500
	0.536500
	0.547000
	0.580000
	0.596500
	0.619500
	0.637000
	0.639500
	0.642000
	0.647500
	0.656500
	0.662500
	0.665000
	0.679500
	0.669500
	0.671000
	0.658000
	0.650500
	0.641500
	0.649000
	0.665000
	0.664500
	0.652500
	0.642000
	0.636500
	0.627000
	0.626500
	0.622500
	0.622500
	0.618500
	0.620000
	0.633500
	0.651000
	0.649000
	0.662500
	0.670000
	0.681500
	0.672500
	0.663500
	0.662000
	0.662000
	0.675500
	0.671500
	0.676500
	0.669000
	0.656500
	0.654000
	0.648000
	0.644500
	0.645500
	0.638500
	0.629000
	0.630500
	0.622500
	0.623500
	0.642500
	0.668000
	0.679500
	0.679500
	0.675500
	0.667500
	0.661500
	0.669000
	0.670000
	0.668500
	0.661500
	0.657500
	0.656000
	0.647500
	0.636500
	0.623000
	0.615000
	0.618000
	0.613500
	0.599000
	0.603500
	0.604000
	0.597500
	0.597000
	0.615500
	0.624500
	0.643500
	0.657500
	0.674500
	0.677000
	0.681000
	0.682000
	0.681500
	0.662000
	0.650500
	0.652500
	0.651500
	0.641000
	0.641000
	0.632000
	0.638000
	0.630500
	0.633000
	0.628500
	0.624000
	0.626500
	0.642500
	0.646500
	0.651500
	0.657000
	0.659000
	0.655500
	0.664500
	0.659000
	0.658000
	0.653000
	0.646000
	0.635500
	0.637000
	0.644500
	0.641500
	0.643000
	0.651500
	0.660500
	0.688500
	0.691500
	0.697000
	0.701000
	0.700500
	0.706000
	0.706500
	0.705000
	0.695500
	0.707000
	0.712000
	0.706000
	0.698500
	0.690000
	0.693000
	0.693500
	0.683500
	0.682000
	0.683500
	0.671500
	0.674500
	0.664000
	0.663500
	0.666000
	0.666000
	0.645000
	0.641000
	0.650000
	0.661000
	0.661000
	0.654500
	0.654500
	0.662000
	0.661000
	0.666000
	0.676000
	0.687500
	0.684000
	0.680500
	0.677000
	0.669000
	0.652000
	0.645000
	0.650500
	0.664000
	0.671500
	0.676000
	0.671500
	0.661500
	0.657500
	0.652500
	0.666500
	0.668000
	0.667500
	0.664500
	0.667000
	0.666500
	0.666500
	0.671000
	0.669500
	0.667000
	0.671500
	0.674500
