	0.194500
	0.284000
	0.350500
	0.406500
	0.441500
	0.464500
	0.464000
	0.495000
	0.526000
	0.561000
	0.586500
	0.594500
	0.604500
	0.612500
	0.628000
	0.640000
	0.660500
	0.660000
	0.656500
	0.652000
	0.646500
	0.647000
	0.634500
	0.622500
	0.615500
	0.610500
	0.604500
	0.599000
	0.588500
	0.584500
	0.594000
	0.611000
	0.617000
	0.613000
	0.622500
	0.629500
	0.622500
	0.625500
	0.634500
	0.637500
	0.631500
	0.625000
	0.624000
	0.622500
	0.622500
	0.628000
	0.627000
	0.623000
	0.632000
	0.633500
	0.639000
	0.646000
	0.657500
	0.659000
	0.657000
	0.650500
	0.652000
	0.661000
	0.681500
	0.674500
	0.673000
	0.678000
	0.682500
	0.688500
	0.692500
	0.693500
	0.688000
	0.682000
	0.666500
	0.663500
	0.656000
	0.651000
	0.653500
	0.645500
	0.646000
	0.649500
	0.637500
	0.630000
	0.627500
	0.631000
	0.645500
	0.650500
	0.642000
	0.661500
	0.677500
	0.695000
	0.691500
	0.691500
	0.688500
	0.682000
	0.674000
	0.671500
	0.667000
	0.667000
	0.673000
	0.672000
	0.662000
	0.668000
	0.675000
	0.676000
	0.686500
	0.688500
	0.685500
	0.683500
	0.676500
	0.674500
	0.659500
	0.659500
	0.647000
	0.651000
	0.661500
	0.657000
	0.660500
	0.672500
	0.673000
	0.678500
	0.674500
	0.672500
	0.666000
	0.662000
	0.659000
	0.662000
	0.669000
	0.682000
	0.688000
	0.689000
	0.683000
	0.693000
	0.697000
	0.684000
	0.676500
	0.664500
	0.653000
	0.648000
	0.640500
	0.647500
	0.650000
	0.658500
	0.671000
	0.681000
	0.690500
	0.696000
	0.700500
	0.692000
	0.691500
	0.695000
	0.708000
	0.705500
	0.704000
	0.689500
	0.684500
	0.667000
	0.652000
	0.644500
	0.650000
	0.657500
	0.664000
	0.660500
	0.655000
	0.648500
	0.654000
	0.653500
	0.653000
	0.649000
	0.661000
	0.668000
	0.672500
	0.665000
	0.658500
	0.663000
	0.663000
	0.670000
	0.671500
	0.665000
	0.663000
	0.661500
	0.664500
	0.656000
	0.651500
	0.660000
	0.667000
	0.672000
	0.688500
	0.688000
	0.690000
	0.678500
	0.670500
	0.643000
	0.630000
	0.613500
	0.615500
	0.613500
	0.608000
	0.591000
	0.585000
	0.589500
	0.604500
	0.624500
	0.648500
	0.663500
