	0.176000
	0.257000
	0.334000
	0.373000
	0.391000
	0.400000
	0.404500
	0.416500
	0.445000
	0.478500
	0.499500
	0.514500
	0.542000
	0.558000
	0.587500
	0.610500
	0.621000
	0.635500
	0.645500
	0.659500
	0.670500
	0.680000
	0.695000
	0.709000
	0.725000
	0.715500
	0.713500
	0.717500
	0.703500
	0.697000
	0.690500
	0.682500
	0.676000
	0.663000
	0.652500
	0.654000
	0.643500
	0.635500
	0.647500
	0.657500
	0.668000
	0.671000
	0.672000
	0.665500
	0.663500
	0.659000
	0.653500
	0.659000
	0.665500
	0.664500
	0.666500
	0.674000
	0.670000
	0.679000
	0.672500
	0.660500
	0.637500
	0.632000
	0.629000
	0.639000
	0.655000
	0.665500
	0.669000
	0.666000
	0.655000
	0.641000
	0.633500
	0.621000
	0.609500
	0.606000
	0.623500
	0.633000
	0.623000
	0.621500
	0.617500
	0.619500
	0.613500
	0.600500
	0.583000
	0.579000
	0.584000
	0.576500
	0.573500
	0.567000
	0.570500
	0.579500
	0.586500
	0.589000
	0.605000
	0.601500
	0.600000
	0.611500
	0.600000
	0.608500
	0.592000
	0.585000
	0.583000
	0.577000
	0.576000
	0.583000
	0.598500
	0.610500
	0.631000
	0.631000
	0.646500
	0.661500
	0.661500
	0.647000
	0.638500
	0.632000
	0.640500
	0.660000
	0.669000
	0.662500
	0.677500
	0.686000
	0.691500
	0.701000
	0.688500
	0.675500
	0.674000
	0.672000
	0.685000
	0.674000
	0.661500
	0.654000
	0.638000
	0.625000
	0.613000
	0.600500
	0.588500
	0.582000
	0.592000
	0.584500
	0.590500
	0.595500
	0.590000
	0.593000
	0.585000
	0.586500
	0.596500
	0.618000
	0.627500
	0.640000
	0.654500
	0.664000
	0.658500
	0.643000
	0.637500
	0.644000
	0.648500
	0.635000
	0.629500
	0.642000
	0.653500
	0.650500
	0.657000
	0.656000
	0.651500
	0.664500
	0.650000
	0.636000
	0.635500
	0.624000
	0.605500
	0.607000
	0.615500
	0.618000
	0.637500
	0.643500
	0.640500
	0.638000
	0.644500
	0.653500
	0.655500
	0.652500
	0.644500
	0.630000
	0.639000
	0.651500
	0.645500
	0.645000
	0.641500
	0.643000
	0.635000
	0.622500
	0.614000
	0.604000
	0.600500
	0.607000
	0.620500
	0.632000
	0.655500
	0.656500
	0.664000
	0.649000
	0.639000
	0.638000
	0.628500
	0.636500
