	0.185000
	0.275500
	0.351000
	0.397000
	0.431500
	0.457500
	0.478000
	0.499000
	0.522000
	0.537500
	0.556500
	0.572000
	0.593500
	0.617500
	0.642000
	0.653500
	0.671000
	0.677500
	0.670000
	0.661000
	0.659500
	0.665000
	0.671500
	0.676500
	0.668500
	0.663500
	0.674500
	0.681000
	0.690500
	0.693000
	0.703500
	0.700500
	0.698000
	0.701500
	0.712000
	0.716500
	0.719500
	0.704500
	0.702500
	0.711000
	0.712500
	0.713000
	0.704000
	0.699500
	0.694000
	0.687500
	0.686500
	0.685500
	0.686000
	0.695000
	0.686500
	0.685000
	0.685500
	0.677000
	0.675000
	0.663000
	0.654000
	0.650000
	0.646000
	0.641000
	0.636500
	0.655500
	0.663500
	0.667500
	0.671500
	0.670500
	0.662000
	0.663000
	0.653500
	0.663000
	0.663500
	0.664500
	0.673500
	0.686500
	0.697000
	0.699000
	0.680500
	0.678500
	0.676000
	0.692500
	0.690000
	0.693000
	0.691500
	0.694000
	0.695500
	0.693500
	0.684000
	0.683000
	0.684000
	0.684500
	0.682000
	0.680000
	0.686500
	0.675500
	0.673500
	0.681000
	0.685500
	0.695000
	0.708000
	0.701000
	0.699500
	0.691500
	0.688500
	0.682000
	0.685500
	0.697000
	0.692000
	0.696000
	0.694500
	0.688000
	0.684500
	0.681000
	0.673500
	0.668000
	0.664000
	0.675000
	0.674000
	0.677500
	0.685000
	0.701000
	0.710500
	0.703500
	0.702000
	0.701000
	0.695000
	0.691000
	0.693000
	0.693500
	0.698500
	0.699500
	0.712000
	0.708000
	0.693000
	0.667000
	0.652500
	0.651500
	0.661000
	0.666500
	0.667500
	0.675500
	0.683000
	0.693000
	0.684500
	0.680000
	0.681500
	0.661000
	0.645500
	0.646000
	0.646500
	0.651000
	0.656000
	0.659000
	0.648500
	0.652500
	0.655000
	0.655000
	0.667500
	0.674000
	0.660000
	0.654000
	0.643000
	0.634500
	0.638000
	0.653500
	0.644500
	0.647000
	0.643000
	0.659500
	0.669500
	0.673000
	0.670500
	0.676000
	0.664000
	0.668000
	0.677000
	0.687000
	0.701000
	0.702500
	0.700500
	0.695500
	0.691500
	0.690000
	0.673500
	0.661500
	0.651000
	0.655000
	0.652500
	0.642500
	0.631000
	0.635500
	0.617000
	0.631000
	0.641000
	0.649000
	0.642000
	0.649500
	0.666000
	0.659500
	0.676500
	0.694000
