	0.175875
	0.266625
	0.352250
	0.424125
	0.484000
	0.531750
	0.563250
	0.577125
	0.587000
	0.587500
	0.583625
	0.590750
	0.599125
	0.603500
	0.615750
	0.622625
	0.618750
	0.615500
	0.626375
	0.628750
	0.632625
	0.620625
	0.616000
	0.623000
	0.634750
	0.643625
	0.654000
	0.654875
	0.663625
	0.677000
	0.683375
	0.682750
	0.681625
	0.689000
	0.684250
	0.690500
	0.691625
	0.691500
	0.696875
	0.697750
	0.705125
	0.695875
	0.680500
	0.676875
	0.666750
	0.667625
	0.677625
	0.684000
	0.683875
	0.694375
	0.699250
	0.700250
	0.699125
	0.698000
	0.694125
	0.700500
	0.697875
	0.709750
	0.712625
	0.710500
	0.699875
	0.708625
	0.699000
	0.699500
	0.690125
	0.681250
	0.674000
	0.678375
	0.682500
	0.678375
	0.685375
	0.690750
	0.695125
	0.695000
	0.685000
	0.683250
	0.682625
	0.676500
	0.663500
	0.650000
	0.653875
	0.648625
	0.653500
	0.661000
	0.667375
	0.660000
	0.666375
	0.661000
	0.661875
	0.643500
	0.634875
	0.631625
	0.636000
	0.630375
	0.637750
	0.633125
	0.637000
	0.632375
	0.628875
	0.622250
	0.636750
	0.642000
	0.657375
	0.659750
	0.663875
	0.675625
	0.686000
	0.689625
	0.691500
	0.705375
	0.702875
	0.712250
	0.714000
	0.718375
	0.714500
	0.711250
	0.703125
	0.696125
	0.693875
	0.683375
	0.688250
	0.685000
	0.683875
	0.689750
	0.679375
	0.675875
	0.664500
	0.669375
	0.676250
	0.690125
	0.701625
	0.713500
	0.732375
	0.725375
	0.720250
	0.716125
	0.713375
	0.718750
	0.725125
	0.724750
	0.728500
	0.727000
	0.726875
	0.714000
	0.703375
	0.702625
	0.708375
	0.698250
	0.690250
	0.691625
	0.686500
	0.686875
	0.693375
	0.696750
	0.693125
	0.677625
	0.674000
	0.678875
	0.685250
	0.693625
	0.706000
	0.725875
	0.731625
	0.736375
	0.726875
	0.711750
	0.697875
	0.684375
	0.678250
	0.682625
	0.681500
	0.674375
	0.670250
	0.666500
	0.657875
	0.649375
	0.647500
	0.635000
	0.626875
	0.627250
	0.636500
	0.653875
	0.684750
	0.704625
	0.712375
	0.709750
	0.703500
	0.693625
	0.688500
	0.689375
	0.681875
	0.661250
	0.653125
	0.645750
	0.651125
	0.650250
	0.668625
	0.661500
	0.659375
	0.663875
