	0.185500
	0.275875
	0.352250
	0.415000
	0.458250
	0.492500
	0.532250
	0.558500
	0.579125
	0.597750
	0.613750
	0.629125
	0.638500
	0.644375
	0.641875
	0.633375
	0.629750
	0.637625
	0.645000
	0.646875
	0.644250
	0.645375
	0.643250
	0.643125
	0.642625
	0.651000
	0.648500
	0.642625
	0.654750
	0.658125
	0.649500
	0.641125
	0.637375
	0.622750
	0.620125
	0.616875
	0.620750
	0.621500
	0.617125
	0.613000
	0.609250
	0.610625
	0.602875
	0.603250
	0.606500
	0.601875
	0.589000
	0.587875
	0.578250
	0.567750
	0.571625
	0.570875
	0.569750
	0.573625
	0.579000
	0.571875
	0.583750
	0.587250
	0.587750
	0.585625
	0.585500
	0.585375
	0.574250
	0.567875
	0.573875
	0.577625
	0.583000
	0.588250
	0.591125
	0.585625
	0.578625
	0.579000
	0.579000
	0.597000
	0.600875
	0.613250
	0.617750
	0.623625
	0.620000
	0.619625
	0.615500
	0.616750
	0.625125
	0.617250
	0.613250
	0.617625
	0.621500
	0.625375
	0.635750
	0.639625
	0.643625
	0.643500
	0.639875
	0.636750
	0.635875
	0.644750
	0.647875
	0.643250
	0.646125
	0.647500
	0.650250
	0.650625
	0.651375
	0.648000
	0.635375
	0.618875
	0.620375
	0.637250
	0.638125
	0.630250
	0.628625
	0.634500
	0.636250
	0.635625
	0.619500
	0.616250
	0.605125
	0.604375
	0.594625
	0.585250
	0.578125
	0.581750
	0.591125
	0.593250
	0.598250
	0.597625
	0.602250
	0.611750
	0.619500
	0.619125
	0.621000
	0.622875
	0.617750
	0.607375
	0.599375
	0.606750
	0.603125
	0.608125
	0.621500
	0.616375
	0.630375
	0.642750
	0.664125
	0.663500
	0.666000
	0.658375
	0.652250
	0.644125
	0.645500
	0.646875
	0.655000
	0.652125
	0.653000
	0.657875
	0.669250
	0.672625
	0.671875
	0.666250
	0.661750
	0.651875
	0.643500
	0.655125
	0.668000
	0.673250
	0.679625
	0.674500
	0.672500
	0.664875
	0.669750
	0.671625
	0.679500
	0.671375
	0.673000
	0.667500
	0.659875
	0.658625
	0.651375
	0.655750
	0.668000
	0.663750
	0.658625
	0.661750
	0.653500
	0.656250
	0.651125
	0.645125
	0.643875
	0.660250
	0.653250
	0.650125
	0.653500
	0.661000
	0.655125
	0.664250
	0.669625
	0.669500
	0.669250
	0.669125
	0.667750
	0.671750
