	0.175500
	0.248500
	0.307500
	0.363000
	0.415000
	0.463500
	0.509000
	0.555500
	0.566500
	0.558000
	0.562000
	0.570500
	0.583500
	0.596500
	0.611000
	0.619500
	0.632500
	0.638500
	0.644500
	0.661000
	0.689500
	0.670500
	0.662500
	0.656000
	0.654000
	0.651500
	0.662000
	0.675500
	0.684500
	0.692500
	0.681000
	0.683000
	0.688000
	0.675500
	0.661500
	0.646000
	0.643000
	0.647000
	0.650500
	0.664000
	0.671500
	0.680000
	0.688500
	0.684000
	0.670000
	0.671000
	0.678500
	0.688000
	0.697500
	0.703500
	0.698500
	0.680500
	0.665000
	0.668500
	0.670000
	0.665500
	0.661000
	0.665000
	0.667500
	0.676000
	0.691500
	0.694500
	0.692000
	0.680500
	0.700000
	0.685500
	0.678000
	0.661500
	0.672500
	0.669500
	0.672000
	0.680000
	0.684000
	0.673000
	0.669000
	0.672000
	0.663000
	0.650500
	0.640000
	0.640000
	0.651500
	0.672000
	0.686500
	0.689000
	0.704500
	0.717000
	0.714000
	0.710500
	0.703500
	0.701500
	0.684000
	0.688500
	0.684000
	0.674500
	0.667000
	0.668500
	0.686000
	0.690500
	0.690000
	0.689500
	0.687500
	0.674000
	0.657000
	0.643000
	0.636500
	0.656500
	0.670000
	0.672500
	0.674000
	0.667000
	0.655500
	0.652500
	0.658500
	0.669500
	0.675500
	0.671000
	0.668000
	0.660500
	0.656500
	0.658000
	0.644000
	0.638000
	0.639500
	0.643500
	0.656000
	0.661500
	0.671500
	0.668000
	0.659000
	0.662500
	0.659000
	0.645500
	0.638000
	0.640000
	0.629500
	0.628000
	0.635000
	0.636500
	0.642500
	0.648500
	0.657000
	0.667500
	0.666000
	0.672000
	0.679000
	0.694000
	0.696500
	0.685000
	0.670000
	0.666000
	0.657500
	0.653000
	0.636000
	0.637000
	0.644000
	0.652500
	0.663500
	0.664500
	0.663000
	0.656500
	0.650500
	0.651000
	0.650500
	0.654500
	0.656000
	0.655000
	0.665000
	0.681000
	0.684500
	0.700500
	0.702000
	0.691000
	0.685000
	0.673500
	0.685000
	0.689000
	0.698500
	0.698500
	0.702500
	0.697500
	0.685500
	0.676000
	0.673000
	0.674000
	0.684500
	0.684000
	0.694000
	0.682000
	0.687500
	0.689500
	0.692000
	0.692500
	0.688000
	0.696500
	0.706500
	0.720000
	0.720000
	0.720500
	0.707500
	0.707500
