	0.185000
	0.265500
	0.324000
	0.371000
	0.415500
	0.431000
	0.453000
	0.485500
	0.504000
	0.518500
	0.531000
	0.534500
	0.549500
	0.556500
	0.562500
	0.571000
	0.574500
	0.581500
	0.579500
	0.570000
	0.566000
	0.589500
	0.611000
	0.634500
	0.655000
	0.671500
	0.691000
	0.708000
	0.707500
	0.703000
	0.703000
	0.700000
	0.694500
	0.691000
	0.676500
	0.671500
	0.666500
	0.670500
	0.671500
	0.673000
	0.674500
	0.674000
	0.692500
	0.689500
	0.696000
	0.702000
	0.711000
	0.707500
	0.702500
	0.702000
	0.704000
	0.701000
	0.700500
	0.706000
	0.692500
	0.679500
	0.670000
	0.667000
	0.664500
	0.666500
	0.662500
	0.667000
	0.668000
	0.660500
	0.663000
	0.666500
	0.663500
	0.655500
	0.641500
	0.634500
	0.630500
	0.627500
	0.620500
	0.613000
	0.608500
	0.620500
	0.625500
	0.637000
	0.634500
	0.625500
	0.630000
	0.625000
	0.623000
	0.629000
	0.637000
	0.640500
	0.647000
	0.664500
	0.678000
	0.692500
	0.705500
	0.702000
	0.702000
	0.711500
	0.709500
	0.719000
	0.721500
	0.718000
	0.710000
	0.698000
	0.698500
	0.684000
	0.657000
	0.631500
	0.617000
	0.605500
	0.595500
	0.595500
	0.592000
	0.589500
	0.589000
	0.590000
	0.591500
	0.594500
	0.616000
	0.623500
	0.623500
	0.623500
	0.612000
	0.614500
	0.622000
	0.625500
	0.635500
	0.649000
	0.657500
	0.662500
	0.656500
	0.653000
	0.659500
	0.662500
	0.677000
	0.684500
	0.681000
	0.673000
	0.669500
	0.661000
	0.643000
	0.644500
	0.647500
	0.655000
	0.653500
	0.652500
	0.660500
	0.662000
	0.697500
	0.693000
	0.689500
	0.691500
	0.687500
	0.678000
	0.675000
	0.680500
	0.680000
	0.683500
	0.673000
	0.669500
	0.666500
	0.658500
	0.660000
	0.653000
	0.653500
	0.660000
	0.657500
	0.662000
	0.661500
	0.668500
	0.670000
	0.681500
	0.694500
	0.695000
	0.677000
	0.668500
	0.660500
	0.664000
	0.660500
	0.664000
	0.665500
	0.678500
	0.673500
	0.678500
	0.694000
	0.702000
	0.707500
	0.699500
	0.697000
	0.681000
	0.677500
	0.683000
	0.677000
	0.666000
	0.671500
	0.668500
	0.661000
	0.652000
	0.655500
	0.646500
	0.641000
	0.652000
	0.652000
	0.661500
