	0.185000
	0.257375
	0.343625
	0.398750
	0.444375
	0.481125
	0.499750
	0.522375
	0.543875
	0.562375
	0.592375
	0.605250
	0.618500
	0.639375
	0.659250
	0.678625
	0.690375
	0.687750
	0.702625
	0.708500
	0.710375
	0.707250
	0.706625
	0.689000
	0.686625
	0.676875
	0.666500
	0.659875
	0.654750
	0.642750
	0.647250
	0.643750
	0.646875
	0.635875
	0.629875
	0.635750
	0.634125
	0.628875
	0.637250
	0.634625
	0.644000
	0.642375
	0.637625
	0.640750
	0.647875
	0.655750
	0.659625
	0.659500
	0.673875
	0.679750
	0.686125
	0.691500
	0.699875
	0.702625
	0.704500
	0.697875
	0.698250
	0.685625
	0.679625
	0.680000
	0.684375
	0.684250
	0.695625
	0.702000
	0.710375
	0.697125
	0.691875
	0.682625
	0.678250
	0.677625
	0.675875
	0.676750
	0.677625
	0.682500
	0.674375
	0.680750
	0.673625
	0.658875
	0.643625
	0.647625
	0.656375
	0.659250
	0.670125
	0.672000
	0.670000
	0.658875
	0.643750
	0.638500
	0.617875
	0.610125
	0.599625
	0.594250
	0.587750
	0.588500
	0.593500
	0.596875
	0.605250
	0.608250
	0.623250
	0.641875
	0.645500
	0.637750
	0.632125
	0.631875
	0.630125
	0.626375
	0.630750
	0.639625
	0.644125
	0.646500
	0.638500
	0.624875
	0.611750
	0.612125
	0.605250
	0.609750
	0.608875
	0.596250
	0.590625
	0.595750
	0.607125
	0.628500
	0.626000
	0.623375
	0.628500
	0.633000
	0.643250
	0.647125
	0.649250
	0.646000
	0.656375
	0.665625
	0.671000
	0.679375
	0.679000
	0.676875
	0.682375
	0.677375
	0.662000
	0.653125
	0.653000
	0.657375
	0.644250
	0.632875
	0.619250
	0.612375
	0.602375
	0.603000
	0.616875
	0.623500
	0.625000
	0.628875
	0.640750
	0.631000
	0.625750
	0.628250
	0.628625
	0.621500
	0.621375
	0.616750
	0.623250
	0.626125
	0.629250
	0.619625
	0.618375
	0.633750
	0.644500
	0.635875
	0.624750
	0.610125
	0.599750
	0.597500
	0.590625
	0.602625
	0.617000
	0.621375
	0.635250
	0.648250
	0.664625
	0.672625
	0.678500
	0.685000
	0.691750
	0.685375
	0.680250
	0.681625
	0.683500
	0.680875
	0.680250
	0.686125
	0.675875
	0.661250
	0.646000
	0.641750
	0.646750
	0.645625
	0.661500
	0.677500
	0.676875
	0.659750
