	0.175500
	0.257375
	0.334625
	0.407750
	0.467875
	0.498000
	0.510125
	0.534250
	0.538250
	0.553750
	0.572375
	0.580375
	0.589875
	0.598875
	0.591375
	0.581875
	0.583875
	0.590000
	0.597000
	0.611500
	0.621125
	0.639000
	0.651625
	0.661625
	0.674375
	0.676250
	0.680125
	0.683375
	0.672375
	0.673750
	0.677500
	0.669875
	0.671375
	0.667250
	0.682000
	0.673750
	0.661375
	0.650375
	0.631750
	0.611875
	0.606875
	0.606125
	0.604875
	0.609625
	0.632500
	0.654875
	0.652750
	0.654625
	0.659000
	0.657750
	0.663250
	0.673250
	0.688625
	0.692000
	0.692375
	0.675250
	0.673875
	0.663750
	0.659750
	0.662625
	0.665250
	0.677625
	0.684250
	0.688875
	0.688250
	0.689625
	0.697250
	0.700750
	0.695750
	0.689000
	0.686625
	0.682750
	0.680625
	0.676875
	0.666250
	0.657125
	0.654375
	0.650750
	0.657125
	0.660625
	0.663125
	0.673000
	0.682375
	0.682625
	0.694500
	0.690125
	0.680875
	0.674625
	0.672000
	0.664375
	0.662250
	0.650875
	0.639250
	0.631250
	0.626125
	0.621750
	0.628375
	0.642250
	0.659625
	0.663500
	0.664375
	0.667125
	0.661125
	0.643000
	0.638875
	0.633375
	0.640750
	0.642125
	0.638250
	0.646625
	0.656750
	0.668125
	0.669000
	0.681250
	0.682125
	0.673500
	0.682625
	0.688500
	0.695125
	0.696500
	0.690500
	0.693875
	0.679500
	0.668375
	0.651500
	0.643875
	0.643250
	0.649625
	0.658250
	0.677875
	0.682000
	0.669500
	0.674875
	0.671750
	0.661875
	0.657750
	0.650625
	0.641375
	0.648750
	0.646500
	0.647375
	0.638750
	0.631625
	0.637250
	0.649125
	0.658750
	0.651250
	0.651625
	0.655625
	0.674500
	0.687875
	0.691000
	0.693375
	0.696875
	0.700375
	0.692750
	0.694750
	0.689125
	0.685875
	0.682750
	0.669500
	0.656375
	0.654000
	0.648250
	0.649375
	0.646750
	0.636625
	0.630125
	0.620000
	0.634000
	0.650000
	0.657500
	0.672875
	0.681375
	0.689625
	0.695000
	0.685125
	0.682500
	0.677875
	0.678750
	0.688625
	0.690250
	0.695125
	0.697500
	0.710750
	0.709625
	0.693750
	0.684000
	0.674750
	0.665625
	0.664625
	0.673500
	0.686875
	0.680375
	0.673250
	0.667625
	0.657375
	0.639875
	0.633250
	0.624625
