	0.185000
	0.274500
	0.332500
	0.378500
	0.430000
	0.470500
	0.501500
	0.530500
	0.555000
	0.572000
	0.578000
	0.588500
	0.595000
	0.601500
	0.607500
	0.622000
	0.649500
	0.668500
	0.674000
	0.685000
	0.691500
	0.690000
	0.701000
	0.707500
	0.693500
	0.681500
	0.680500
	0.676000
	0.675500
	0.670500
	0.679000
	0.685500
	0.695500
	0.695000
	0.678000
	0.674000
	0.670500
	0.671000
	0.677500
	0.680500
	0.690500
	0.695000
	0.686000
	0.665000
	0.664500
	0.667500
	0.662500
	0.668000
	0.681000
	0.683500
	0.698500
	0.690500
	0.687000
	0.680500
	0.681500
	0.680000
	0.671500
	0.676500
	0.677000
	0.680500
	0.680000
	0.669000
	0.652500
	0.646000
	0.653500
	0.649000
	0.647500
	0.638000
	0.640000
	0.643000
	0.627000
	0.618500
	0.628500
	0.625500
	0.628000
	0.627000
	0.634000
	0.631500
	0.630000
	0.628500
	0.627000
	0.630000
	0.633500
	0.624000
	0.627500
	0.644500
	0.646500
	0.662500
	0.675500
	0.687500
	0.690500
	0.698000
	0.691000
	0.688000
	0.682500
	0.683000
	0.679000
	0.678500
	0.683500
	0.682000
	0.682500
	0.677500
	0.675000
	0.664500
	0.657000
	0.653000
	0.662500
	0.672500
	0.670000
	0.664000
	0.673500
	0.677500
	0.671000
	0.672000
	0.670500
	0.672500
	0.655000
	0.647500
	0.646500
	0.642500
	0.635500
	0.630000
	0.639000
	0.648500
	0.661000
	0.672000
	0.673500
	0.681000
	0.683500
	0.681000
	0.667000
	0.652500
	0.646000
	0.636000
	0.630000
	0.622000
	0.622000
	0.629500
	0.623000
	0.625500
	0.621000
	0.616000
	0.619500
	0.636500
	0.631000
	0.626500
	0.624000
	0.623500
	0.610000
	0.606500
	0.612000
	0.611500
	0.623000
	0.624000
	0.632500
	0.633500
	0.635000
	0.630500
	0.624500
	0.620000
	0.613500
	0.599500
	0.608500
	0.620000
	0.636000
	0.643500
	0.667500
	0.674500
	0.685000
	0.668000
	0.656500
	0.658000
	0.664000
	0.660500
	0.658500
	0.661000
	0.662000
	0.663000
	0.645500
	0.643500
	0.639500
	0.644000
	0.647500
	0.652500
	0.660500
	0.682500
	0.686000
	0.704000
	0.703500
	0.693500
	0.682000
	0.673500
	0.671500
	0.665500
	0.651000
	0.656000
	0.659000
	0.664000
	0.656500
	0.660500
