	0.166000
	0.239500
	0.318500
	0.366500
	0.405000
	0.418500
	0.444500
	0.464500
	0.486500
	0.505000
	0.520500
	0.536000
	0.552500
	0.559500
	0.574500
	0.580500
	0.595000
	0.598000
	0.594000
	0.586000
	0.585500
	0.585000
	0.601000
	0.619500
	0.648500
	0.673000
	0.681500
	0.707000
	0.713000
	0.719000
	0.722500
	0.703500
	0.691000
	0.684000
	0.682500
	0.682500
	0.688000
	0.690500
	0.688500
	0.695000
	0.703500
	0.695000
	0.699000
	0.707500
	0.720000
	0.732500
	0.734000
	0.731500
	0.734000
	0.730500
	0.722500
	0.720500
	0.719000
	0.718000
	0.704500
	0.698500
	0.699500
	0.690000
	0.687000
	0.680000
	0.674500
	0.666500
	0.660000
	0.632500
	0.623000
	0.624000
	0.622500
	0.608500
	0.610000
	0.611500
	0.612500
	0.618500
	0.640500
	0.649500
	0.651000
	0.648000
	0.647000
	0.657500
	0.671500
	0.686000
	0.685000
	0.671000
	0.669000
	0.671000
	0.673500
	0.680000
	0.675500
	0.684500
	0.679500
	0.677000
	0.669000
	0.671000
	0.666000
	0.659000
	0.659000
	0.662500
	0.664000
	0.664500
	0.672500
	0.674500
	0.675500
	0.659000
	0.644000
	0.651000
	0.661500
	0.674000
	0.681500
	0.687000
	0.693500
	0.696000
	0.705000
	0.694500
	0.696500
	0.699500
	0.699000
	0.690000
	0.686000
	0.698500
	0.692500
	0.676000
	0.673500
	0.679000
	0.678000
	0.671000
	0.672500
	0.671500
	0.683000
	0.683000
	0.691000
	0.681500
	0.675500
	0.669000
	0.671500
	0.674000
	0.683500
	0.684000
	0.682500
	0.683500
	0.683500
	0.683000
	0.684000
	0.677500
	0.678500
	0.692500
	0.699000
	0.696000
	0.688500
	0.691500
	0.688500
	0.687500
	0.685000
	0.675000
	0.669000
	0.674500
	0.684500
	0.687500
	0.682500
	0.683500
	0.666500
	0.656000
	0.646000
	0.625500
	0.605500
	0.598500
	0.589000
	0.589500
	0.593500
	0.586500
	0.596500
	0.617500
	0.618000
	0.631500
	0.652500
	0.677500
	0.698000
	0.694500
	0.682000
	0.676500
	0.674500
	0.665000
	0.663500
	0.668500
	0.666500
	0.659000
	0.646500
	0.643000
	0.652000
	0.664000
	0.671000
	0.682000
	0.692000
	0.704000
	0.698000
	0.696500
	0.694500
	0.690000
	0.697000
	0.686000
	0.690000
	0.686000
