	0.194000
	0.283000
	0.341000
	0.388500
	0.414500
	0.426500
	0.443500
	0.473000
	0.495000
	0.502000
	0.520500
	0.535000
	0.543000
	0.542000
	0.554000
	0.563500
	0.563000
	0.564000
	0.578000
	0.596500
	0.623500
	0.650000
	0.652500
	0.645500
	0.658500
	0.663500
	0.671500
	0.675500
	0.690500
	0.703500
	0.698000
	0.699500
	0.703000
	0.697000
	0.686000
	0.663500
	0.647000
	0.631500
	0.617000
	0.607500
	0.593000
	0.591500
	0.603000
	0.606500
	0.605500
	0.620500
	0.609500
	0.598000
	0.601500
	0.604500
	0.608000
	0.621500
	0.632500
	0.634500
	0.633500
	0.628000
	0.641000
	0.637500
	0.624500
	0.617500
	0.623500
	0.638000
	0.652000
	0.659500
	0.647500
	0.646500
	0.646500
	0.633500
	0.626000
	0.638000
	0.653000
	0.655000
	0.650000
	0.649500
	0.646000
	0.650500
	0.655500
	0.656000
	0.656000
	0.665500
	0.659500
	0.661000
	0.663000
	0.661000
	0.662000
	0.668000
	0.681500
	0.701000
	0.711500
	0.715000
	0.707000
	0.699500
	0.694000
	0.698500
	0.695500
	0.687500
	0.685000
	0.680500
	0.669000
	0.666000
	0.660500
	0.661000
	0.671000
	0.672500
	0.665000
	0.666000
	0.669000
	0.680500
	0.677000
	0.685500
	0.678000
	0.677500
	0.671000
	0.669500
	0.667500
	0.666500
	0.660000
	0.656500
	0.651000
	0.646000
	0.639500
	0.645000
	0.642000
	0.644500
	0.640000
	0.645500
	0.643500
	0.639000
	0.633500
	0.627000
	0.638500
	0.656000
	0.674000
	0.677000
	0.670500
	0.670500
	0.654000
	0.638000
	0.640500
	0.640500
	0.637000
	0.637000
	0.635500
	0.635000
	0.631000
	0.638500
	0.642500
	0.631500
	0.633000
	0.639000
	0.637500
	0.642000
	0.632500
	0.628500
	0.634000
	0.621000
	0.618500
	0.621000
	0.626500
	0.643000
	0.638000
	0.629500
	0.628000
	0.625500
	0.635000
	0.642500
	0.639000
	0.637000
	0.633500
	0.629500
	0.637000
	0.627500
	0.637000
	0.635500
	0.629500
	0.624000
	0.616000
	0.628500
	0.638000
	0.637000
	0.638000
	0.643000
	0.634500
	0.631500
	0.624500
	0.624000
	0.621000
	0.628000
	0.638000
	0.635000
	0.626000
	0.628000
	0.616500
	0.613000
	0.613500
	0.624000
	0.625000
	0.627500
	0.625000
	0.611000
