	0.165500
	0.238500
	0.324500
	0.405500
	0.481500
	0.518000
	0.523500
	0.519500
	0.513000
	0.520000
	0.535000
	0.557000
	0.583000
	0.601500
	0.611000
	0.621000
	0.633500
	0.638500
	0.627000
	0.616000
	0.624000
	0.639000
	0.648500
	0.664000
	0.663500
	0.664000
	0.656500
	0.655000
	0.641500
	0.634500
	0.631000
	0.615500
	0.617500
	0.632500
	0.636500
	0.635000
	0.638000
	0.640500
	0.641000
	0.651500
	0.662000
	0.663500
	0.667500
	0.670000
	0.674500
	0.667000
	0.674000
	0.676000
	0.680500
	0.683000
	0.686000
	0.675000
	0.670500
	0.669500
	0.685000
	0.674500
	0.662500
	0.669500
	0.659500
	0.649500
	0.644000
	0.641500
	0.627500
	0.616000
	0.613500
	0.628500
	0.634000
	0.644000
	0.627000
	0.623500
	0.628500
	0.645000
	0.645500
	0.655000
	0.648500
	0.650500
	0.646000
	0.657500
	0.663000
	0.663500
	0.659500
	0.664500
	0.675500
	0.672000
	0.671500
	0.672000
	0.674500
	0.680500
	0.670500
	0.664000
	0.668500
	0.662000
	0.662000
	0.661500
	0.665500
	0.657500
	0.641500
	0.634000
	0.631500
	0.634000
	0.627500
	0.620000
	0.602000
	0.590000
	0.588000
	0.582500
	0.588000
	0.597500
	0.605500
	0.605500
	0.614500
	0.627500
	0.613500
	0.610000
	0.607500
	0.608000
	0.610500
	0.608500
	0.604500
	0.607500
	0.608500
	0.599500
	0.594000
	0.591500
	0.594000
	0.612500
	0.623500
	0.632000
	0.640000
	0.635500
	0.648500
	0.660000
	0.670500
	0.669500
	0.670000
	0.675500
	0.668500
	0.664500
	0.652500
	0.643500
	0.646500
	0.651000
	0.646000
	0.647500
	0.636000
	0.611500
	0.590500
	0.573500
	0.570500
	0.566000
	0.578000
	0.594000
	0.602500
	0.597000
	0.600000
	0.609500
	0.607000
	0.598500
	0.606000
	0.602000
	0.600500
	0.616500
	0.634000
	0.648000
	0.652500
	0.657000
	0.650500
	0.637500
	0.630500
	0.621000
	0.626500
	0.626000
	0.628000
	0.614000
	0.605000
	0.600000
	0.605000
	0.620000
	0.620000
	0.625000
	0.630500
	0.636500
	0.633000
	0.635000
	0.641500
	0.651500
	0.645000
	0.641500
	0.625000
	0.617500
	0.615500
	0.609000
	0.613000
	0.621000
	0.619500
	0.617000
	0.602500
	0.593000
	0.590000
	0.595000
