	0.194875
	0.284750
	0.360625
	0.416500
	0.475750
	0.491250
	0.514000
	0.533750
	0.542000
	0.560500
	0.574000
	0.585000
	0.594500
	0.608500
	0.624625
	0.631875
	0.627250
	0.639750
	0.640625
	0.645625
	0.652125
	0.643750
	0.641750
	0.643375
	0.640375
	0.627375
	0.612750
	0.619250
	0.627375
	0.619375
	0.626375
	0.637125
	0.643125
	0.651625
	0.650125
	0.652625
	0.659500
	0.670500
	0.679750
	0.671250
	0.669250
	0.677250
	0.683250
	0.680125
	0.676625
	0.678250
	0.689500
	0.686125
	0.695000
	0.702375
	0.697625
	0.698500
	0.695250
	0.695500
	0.698875
	0.708750
	0.711750
	0.706000
	0.702375
	0.705625
	0.713000
	0.712375
	0.704250
	0.702875
	0.702875
	0.693750
	0.685750
	0.686625
	0.668625
	0.658625
	0.652000
	0.649375
	0.656250
	0.657250
	0.662500
	0.660375
	0.677750
	0.670125
	0.679500
	0.684125
	0.672500
	0.661875
	0.655250
	0.654500
	0.655875
	0.672250
	0.688750
	0.698625
	0.694000
	0.684875
	0.680125
	0.682000
	0.691875
	0.683250
	0.667500
	0.655875
	0.652750
	0.645625
	0.648500
	0.651250
	0.651875
	0.664250
	0.649000
	0.657375
	0.668625
	0.676500
	0.677625
	0.678500
	0.680625
	0.683500
	0.684875
	0.683750
	0.678125
	0.679500
	0.664625
	0.669375
	0.677250
	0.682375
	0.696250
	0.686125
	0.671625
	0.666500
	0.669125
	0.668000
	0.667375
	0.684750
	0.693625
	0.700375
	0.702750
	0.701625
	0.702125
	0.704750
	0.693625
	0.691750
	0.689000
	0.694375
	0.701500
	0.715750
	0.706375
	0.702375
	0.691375
	0.679750
	0.683125
	0.683250
	0.696125
	0.702500
	0.693875
	0.689250
	0.695125
	0.698000
	0.706000
	0.689375
	0.686000
	0.675625
	0.663000
	0.662875
	0.665500
	0.664875
	0.670250
	0.682625
	0.681500
	0.673875
	0.670750
	0.680125
	0.675000
	0.671125
	0.677625
	0.690500
	0.689875
	0.685000
	0.691250
	0.692875
	0.685250
	0.667375
	0.650250
	0.657750
	0.660625
	0.661875
	0.664750
	0.671875
	0.681125
	0.690000
	0.700500
	0.712875
	0.711750
	0.708750
	0.697500
	0.701875
	0.693500
	0.697000
	0.699500
	0.704125
	0.706500
	0.712875
	0.706750
	0.710625
	0.701500
	0.699875
	0.703250
	0.709875
