	0.175500
	0.257000
	0.334500
	0.398500
	0.453000
	0.485000
	0.525500
	0.553000
	0.558000
	0.547500
	0.548500
	0.555500
	0.570000
	0.597500
	0.607500
	0.597500
	0.592500
	0.594500
	0.600500
	0.611500
	0.635000
	0.650500
	0.652000
	0.668500
	0.692000
	0.704500
	0.700500
	0.684000
	0.668500
	0.658000
	0.650000
	0.637000
	0.646500
	0.640500
	0.639500
	0.646500
	0.655000
	0.661500
	0.672000
	0.665500
	0.672000
	0.679000
	0.666500
	0.657500
	0.651500
	0.651000
	0.661000
	0.662500
	0.655000
	0.655500
	0.646000
	0.639500
	0.643000
	0.652500
	0.655000
	0.645500
	0.630000
	0.632500
	0.629500
	0.640000
	0.637000
	0.633500
	0.635500
	0.644000
	0.650500
	0.655500
	0.652000
	0.657500
	0.663500
	0.662000
	0.657500
	0.671500
	0.687000
	0.678500
	0.678000
	0.687000
	0.688000
	0.676500
	0.670000
	0.650000
	0.646500
	0.655500
	0.658500
	0.673500
	0.699500
	0.689000
	0.692500
	0.707500
	0.709000
	0.699000
	0.687500
	0.673500
	0.674000
	0.666500
	0.656000
	0.648000
	0.636000
	0.620500
	0.625500
	0.615500
	0.618000
	0.615000
	0.625500
	0.609000
	0.606000
	0.599000
	0.608000
	0.624500
	0.658000
	0.681500
	0.680500
	0.677500
	0.659500
	0.648000
	0.643500
	0.640500
	0.629000
	0.633500
	0.643500
	0.651000
	0.655000
	0.644500
	0.636000
	0.630500
	0.620000
	0.619500
	0.627000
	0.628000
	0.629500
	0.639000
	0.641000
	0.637500
	0.633500
	0.621500
	0.613000
	0.615000
	0.614500
	0.602500
	0.610500
	0.621500
	0.620500
	0.611500
	0.622000
	0.622000
	0.641500
	0.643000
	0.648500
	0.646000
	0.660500
	0.668000
	0.670000
	0.677500
	0.673000
	0.663500
	0.657500
	0.652500
	0.649000
	0.646500
	0.646000
	0.649500
	0.662000
	0.658000
	0.654500
	0.667500
	0.660000
	0.660500
	0.657000
	0.649500
	0.639000
	0.639000
	0.630000
	0.629000
	0.626500
	0.632000
	0.635000
	0.641500
	0.648500
	0.639000
	0.631000
	0.634500
	0.635500
	0.637000
	0.642000
	0.655000
	0.667500
	0.683500
	0.673000
	0.680500
	0.676500
	0.678000
	0.678500
	0.676500
	0.663000
	0.658500
	0.663000
	0.663000
	0.663500
	0.667500
	0.664000
	0.676500
