	0.194750
	0.284375
	0.351875
	0.399500
	0.426125
	0.470250
	0.500375
	0.524500
	0.537500
	0.567500
	0.598250
	0.629750
	0.661375
	0.683750
	0.694000
	0.704000
	0.709875
	0.708500
	0.702375
	0.689250
	0.684625
	0.689875
	0.691250
	0.708625
	0.705750
	0.696875
	0.692375
	0.701625
	0.703000
	0.701375
	0.703250
	0.698125
	0.690250
	0.680125
	0.675500
	0.672125
	0.661375
	0.653750
	0.651375
	0.644250
	0.634625
	0.629250
	0.623625
	0.624000
	0.626625
	0.632000
	0.640375
	0.650250
	0.645125
	0.647625
	0.657125
	0.659000
	0.662875
	0.674750
	0.680500
	0.688500
	0.700375
	0.684000
	0.669375
	0.655250
	0.651000
	0.651625
	0.661500
	0.671375
	0.686125
	0.701500
	0.702875
	0.689250
	0.685000
	0.670875
	0.661375
	0.662750
	0.658500
	0.670500
	0.667125
	0.693000
	0.681875
	0.683250
	0.674500
	0.667375
	0.663250
	0.672125
	0.679000
	0.671750
	0.669375
	0.671250
	0.686875
	0.691250
	0.682875
	0.678375
	0.677250
	0.666625
	0.656500
	0.657125
	0.654625
	0.648625
	0.660250
	0.670625
	0.668125
	0.664500
	0.668875
	0.664625
	0.662000
	0.649875
	0.645375
	0.641500
	0.629500
	0.628375
	0.607500
	0.597375
	0.578250
	0.569125
	0.564000
	0.563375
	0.562250
	0.562500
	0.563875
	0.571000
	0.581375
	0.598375
	0.606250
	0.613625
	0.626875
	0.629875
	0.629500
	0.631125
	0.629250
	0.629625
	0.627000
	0.615125
	0.609000
	0.608125
	0.615625
	0.622000
	0.631375
	0.630125
	0.621500
	0.614125
	0.611000
	0.612750
	0.636875
	0.645875
	0.649125
	0.648000
	0.647750
	0.661875
	0.653750
	0.660625
	0.672000
	0.676875
	0.667250
	0.650625
	0.648500
	0.644375
	0.640375
	0.637875
	0.637125
	0.647000
	0.656375
	0.649375
	0.652875
	0.647125
	0.653000
	0.634250
	0.626125
	0.626125
	0.617500
	0.610375
	0.605625
	0.590250
	0.587000
	0.590250
	0.619000
	0.639375
	0.652750
	0.669625
	0.667750
	0.671125
	0.683000
	0.693875
	0.707000
	0.726500
	0.733375
	0.738250
	0.725625
	0.713375
	0.700875
	0.698250
	0.690875
	0.673750
	0.676625
	0.673375
	0.671625
	0.680000
	0.670750
	0.661750
	0.644625
	0.642250
	0.639500
	0.651125
