	0.185000
	0.266500
	0.308500
	0.366000
	0.402500
	0.421500
	0.443000
	0.451000
	0.467000
	0.481000
	0.489500
	0.503500
	0.518500
	0.539500
	0.558500
	0.590000
	0.611500
	0.635500
	0.653000
	0.671500
	0.683000
	0.687500
	0.691500
	0.691000
	0.691500
	0.694000
	0.699000
	0.703000
	0.695500
	0.691500
	0.690500
	0.694500
	0.695000
	0.698000
	0.686500
	0.679500
	0.671000
	0.665500
	0.681000
	0.667000
	0.649500
	0.636000
	0.625000
	0.616500
	0.619500
	0.627500
	0.635000
	0.642000
	0.645500
	0.659500
	0.675500
	0.692000
	0.687500
	0.680500
	0.680000
	0.675000
	0.670000
	0.669000
	0.674500
	0.675000
	0.676500
	0.681000
	0.696000
	0.693000
	0.694500
	0.692000
	0.681500
	0.663000
	0.648500
	0.649000
	0.652500
	0.660000
	0.666000
	0.674500
	0.683500
	0.687500
	0.686000
	0.682000
	0.697000
	0.680500
	0.665000
	0.653000
	0.635500
	0.621500
	0.620500
	0.619500
	0.619000
	0.623500
	0.641000
	0.652500
	0.646000
	0.647500
	0.648500
	0.655000
	0.659000
	0.657500
	0.658000
	0.652500
	0.646500
	0.652000
	0.671000
	0.675000
	0.680500
	0.673000
	0.656000
	0.652000
	0.650000
	0.660000
	0.665000
	0.661500
	0.656000
	0.658000
	0.655500
	0.660000
	0.645500
	0.637500
	0.633000
	0.635500
	0.649000
	0.643000
	0.657500
	0.679000
	0.678500
	0.678500
	0.679000
	0.676000
	0.662000
	0.656500
	0.656500
	0.661000
	0.663000
	0.673500
	0.679500
	0.680500
	0.681000
	0.681500
	0.687000
	0.687500
	0.691000
	0.699000
	0.704000
	0.696500
	0.689000
	0.690500
	0.683500
	0.677500
	0.674000
	0.671500
	0.670000
	0.669500
	0.669500
	0.678500
	0.691500
	0.696000
	0.702500
	0.707500
	0.711000
	0.711000
	0.705500
	0.696000
	0.675000
	0.668000
	0.658000
	0.649000
	0.646000
	0.635000
	0.623000
	0.622000
	0.628000
	0.638500
	0.650500
	0.655500
	0.658500
	0.667500
	0.668000
	0.674000
	0.676000
	0.677000
	0.679000
	0.676000
	0.659500
	0.662000
	0.658500
	0.655000
	0.663500
	0.665000
	0.663000
	0.663500
	0.651500
	0.641000
	0.635500
	0.623000
	0.622000
	0.627000
	0.618000
	0.617500
	0.616000
	0.617500
	0.636000
	0.639500
