	0.194500
	0.283500
	0.367000
	0.431000
	0.464000
	0.490000
	0.520500
	0.524000
	0.528500
	0.543000
	0.555500
	0.562000
	0.578000
	0.589000
	0.615000
	0.645000
	0.664500
	0.664500
	0.665500
	0.661500
	0.676500
	0.678500
	0.657500
	0.647500
	0.632000
	0.629000
	0.631000
	0.650500
	0.657500
	0.671500
	0.672500
	0.673500
	0.686500
	0.671500
	0.664500
	0.658500
	0.655500
	0.666000
	0.667000
	0.656000
	0.660000
	0.652000
	0.639500
	0.629500
	0.620000
	0.618000
	0.629000
	0.627500
	0.631000
	0.641000
	0.648000
	0.664500
	0.673500
	0.676500
	0.688500
	0.694500
	0.695000
	0.696000
	0.693500
	0.688500
	0.676000
	0.684000
	0.691000
	0.686000
	0.693500
	0.686000
	0.685500
	0.687000
	0.677000
	0.681500
	0.689000
	0.689500
	0.681500
	0.682000
	0.680000
	0.672000
	0.682000
	0.683500
	0.677000
	0.679500
	0.681500
	0.664500
	0.668000
	0.655000
	0.641000
	0.627000
	0.636000
	0.642500
	0.653000
	0.654500
	0.654500
	0.665500
	0.663000
	0.660000
	0.652000
	0.658000
	0.669500
	0.683500
	0.680000
	0.678500
	0.675500
	0.675000
	0.664500
	0.658000
	0.651500
	0.658500
	0.662500
	0.674000
	0.691500
	0.687500
	0.686500
	0.687500
	0.690000
	0.692000
	0.700500
	0.694000
	0.682000
	0.683500
	0.686000
	0.689500
	0.693000
	0.702500
	0.695000
	0.678500
	0.679000
	0.683000
	0.683500
	0.678500
	0.674000
	0.666000
	0.668500
	0.671500
	0.675500
	0.676500
	0.677000
	0.682000
	0.694500
	0.682500
	0.668500
	0.662500
	0.654000
	0.663000
	0.666000
	0.671500
	0.670500
	0.665000
	0.647000
	0.633000
	0.639500
	0.628000
	0.618000
	0.620000
	0.616500
	0.617500
	0.615000
	0.613500
	0.616000
	0.616500
	0.619500
	0.632000
	0.661000
	0.678000
	0.689000
	0.694000
	0.688500
	0.689500
	0.681500
	0.685500
	0.688000
	0.685500
	0.680000
	0.680500
	0.673500
	0.666000
	0.653000
	0.647000
	0.649500
	0.658500
	0.661000
	0.675000
	0.682500
	0.682000
	0.671500
	0.677000
	0.688500
	0.692500
	0.693500
	0.689000
	0.691000
	0.697500
	0.686000
	0.692000
	0.692500
	0.695000
	0.703000
	0.711000
	0.698000
	0.682500
	0.672500
	0.659500
