	0.175500
	0.257500
	0.327000
	0.383375
	0.420750
	0.457625
	0.498500
	0.521625
	0.538250
	0.542750
	0.546875
	0.561875
	0.583750
	0.599250
	0.616500
	0.643000
	0.664500
	0.671500
	0.672000
	0.674875
	0.664125
	0.665625
	0.648500
	0.633875
	0.630875
	0.632250
	0.627625
	0.622000
	0.609750
	0.589125
	0.581750
	0.577125
	0.585500
	0.605375
	0.624375
	0.638750
	0.653875
	0.652625
	0.664375
	0.669250
	0.677125
	0.677625
	0.677000
	0.674875
	0.680125
	0.681875
	0.664250
	0.671125
	0.665500
	0.660875
	0.656875
	0.664500
	0.666875
	0.660750
	0.669250
	0.662375
	0.677750
	0.674000
	0.678375
	0.680750
	0.668000
	0.670875
	0.671125
	0.671000
	0.673250
	0.661125
	0.662250
	0.663500
	0.660125
	0.657000
	0.657125
	0.674125
	0.685000
	0.689875
	0.695125
	0.698875
	0.705750
	0.706625
	0.702875
	0.709500
	0.709875
	0.708250
	0.714500
	0.716250
	0.712750
	0.695625
	0.679750
	0.675625
	0.680500
	0.671250
	0.668375
	0.675750
	0.664125
	0.670500
	0.662375
	0.662875
	0.666250
	0.678125
	0.677625
	0.683000
	0.689875
	0.700750
	0.716125
	0.724500
	0.723625
	0.726125
	0.722000
	0.718875
	0.712500
	0.712625
	0.712250
	0.710125
	0.715875
	0.720750
	0.721875
	0.723750
	0.723125
	0.730000
	0.712000
	0.700875
	0.701250
	0.701750
	0.700375
	0.713500
	0.712875
	0.718125
	0.719500
	0.715625
	0.720000
	0.712250
	0.702125
	0.700000
	0.694875
	0.679500
	0.676375
	0.661000
	0.660125
	0.655250
	0.644625
	0.630000
	0.615250
	0.603375
	0.601500
	0.604375
	0.604250
	0.619500
	0.641375
	0.648250
	0.657625
	0.668500
	0.671875
	0.674750
	0.680125
	0.675250
	0.663125
	0.669750
	0.676125
	0.694000
	0.707250
	0.714375
	0.716750
	0.709000
	0.694500
	0.686375
	0.687750
	0.689625
	0.689500
	0.670875
	0.668250
	0.663125
	0.666000
	0.677625
	0.686875
	0.697500
	0.708875
	0.705250
	0.686250
	0.673125
	0.667500
	0.654875
	0.654125
	0.647000
	0.649000
	0.666875
	0.685750
	0.691125
	0.705500
	0.715375
	0.711250
	0.706625
	0.704500
	0.697500
	0.698875
	0.710625
	0.725000
	0.724875
	0.716750
	0.703375
	0.688375
	0.672750
