	0.157000
	0.247500
	0.324500
	0.396500
	0.455000
	0.511500
	0.541500
	0.549500
	0.557000
	0.567000
	0.571500
	0.577000
	0.600000
	0.613500
	0.651000
	0.659500
	0.670500
	0.668000
	0.656000
	0.658500
	0.669000
	0.680000
	0.682000
	0.671000
	0.669000
	0.671500
	0.674000
	0.676000
	0.666500
	0.662500
	0.657000
	0.664500
	0.661000
	0.668000
	0.677500
	0.668500
	0.664500
	0.649500
	0.646500
	0.636500
	0.635000
	0.635500
	0.631000
	0.625000
	0.623500
	0.630000
	0.645500
	0.646000
	0.651000
	0.654500
	0.648500
	0.654000
	0.651500
	0.658000
	0.665000
	0.671000
	0.659000
	0.677000
	0.681000
	0.672500
	0.671500
	0.660500
	0.659500
	0.654500
	0.658000
	0.659000
	0.652000
	0.650500
	0.647000
	0.653500
	0.664500
	0.649000
	0.643000
	0.636500
	0.638500
	0.641000
	0.646000
	0.624500
	0.613500
	0.610500
	0.619000
	0.631000
	0.638000
	0.640000
	0.644500
	0.643000
	0.643500
	0.642500
	0.646000
	0.647500
	0.657500
	0.650500
	0.654500
	0.652500
	0.665500
	0.675000
	0.659500
	0.657000
	0.654000
	0.649500
	0.651000
	0.649500
	0.662500
	0.674500
	0.682500
	0.679000
	0.685000
	0.677500
	0.680500
	0.680500
	0.678000
	0.686000
	0.689000
	0.702500
	0.700500
	0.705000
	0.702000
	0.705500
	0.694000
	0.696000
	0.691500
	0.678000
	0.666000
	0.659000
	0.653500
	0.663500
	0.672000
	0.673000
	0.661500
	0.660000
	0.666000
	0.671000
	0.672000
	0.667000
	0.673500
	0.675500
	0.688000
	0.693500
	0.700500
	0.690500
	0.692000
	0.693500
	0.697000
	0.682500
	0.669000
	0.671500
	0.677000
	0.682000
	0.689000
	0.692500
	0.681000
	0.680000
	0.677500
	0.674500
	0.673500
	0.671500
	0.668500
	0.667500
	0.668000
	0.662500
	0.675000
	0.683500
	0.688500
	0.690000
	0.688000
	0.686500
	0.696500
	0.697000
	0.698000
	0.699500
	0.712000
	0.700500
	0.696500
	0.673500
	0.660000
	0.659500
	0.664500
	0.669000
	0.665500
	0.654000
	0.648500
	0.655500
	0.661500
	0.668500
	0.664500
	0.671000
	0.661000
	0.658500
	0.656000
	0.657500
	0.669000
	0.666500
	0.674500
	0.685000
	0.681000
	0.681500
	0.679500
	0.664500
	0.662500
	0.665500
