	0.195000
	0.284500
	0.351000
	0.406000
	0.432500
	0.456000
	0.466000
	0.483000
	0.502500
	0.531500
	0.551500
	0.578500
	0.614500
	0.624000
	0.624000
	0.629500
	0.631000
	0.637000
	0.642000
	0.651500
	0.656500
	0.665000
	0.660500
	0.661500
	0.659500
	0.656000
	0.654000
	0.662000
	0.645500
	0.643500
	0.656000
	0.669000
	0.676500
	0.672500
	0.660500
	0.655000
	0.648500
	0.650000
	0.649000
	0.648500
	0.636500
	0.635500
	0.635000
	0.645500
	0.650000
	0.653500
	0.652000
	0.663500
	0.683500
	0.676000
	0.683500
	0.664500
	0.660500
	0.656500
	0.657000
	0.648500
	0.651000
	0.662000
	0.665500
	0.657000
	0.667000
	0.662000
	0.664000
	0.664500
	0.668000
	0.663000
	0.672500
	0.686500
	0.689500
	0.685000
	0.685000
	0.688500
	0.688500
	0.683000
	0.675500
	0.676500
	0.677500
	0.679500
	0.681000
	0.677000
	0.674500
	0.669000
	0.664500
	0.670500
	0.666500
	0.666500
	0.664500
	0.655500
	0.655000
	0.663500
	0.655000
	0.644500
	0.640000
	0.643500
	0.636500
	0.643500
	0.655500
	0.669000
	0.679500
	0.672000
	0.661500
	0.642000
	0.639500
	0.642500
	0.644500
	0.658500
	0.670000
	0.656500
	0.638500
	0.637000
	0.629000
	0.616500
	0.617500
	0.623000
	0.617500
	0.624500
	0.642500
	0.656000
	0.664500
	0.661000
	0.660000
	0.647500
	0.654500
	0.646500
	0.642500
	0.657500
	0.657500
	0.660500
	0.673000
	0.670000
	0.673000
	0.684000
	0.680500
	0.678000
	0.682000
	0.672500
	0.660500
	0.662500
	0.672000
	0.691500
	0.692000
	0.696500
	0.702500
	0.698500
	0.683500
	0.666500
	0.652500
	0.648500
	0.645000
	0.643000
	0.658000
	0.673000
	0.656000
	0.655500
	0.658500
	0.654000
	0.648000
	0.650500
	0.658000
	0.658000
	0.671000
	0.665000
	0.653500
	0.650000
	0.639000
	0.634000
	0.630000
	0.627500
	0.638500
	0.633500
	0.641500
	0.652000
	0.657000
	0.661500
	0.668000
	0.657500
	0.647500
	0.636000
	0.634500
	0.629500
	0.631500
	0.621000
	0.612500
	0.605500
	0.601000
	0.596000
	0.594500
	0.604500
	0.605500
	0.598500
	0.612500
	0.623500
	0.623500
	0.629500
	0.636500
	0.642000
	0.639500
	0.636500
	0.631500
	0.619000
