	0.194750
	0.284500
	0.343125
	0.407250
	0.475875
	0.513375
	0.537250
	0.553625
	0.575125
	0.577125
	0.597250
	0.593250
	0.595375
	0.612375
	0.620875
	0.623375
	0.631625
	0.636625
	0.646625
	0.639625
	0.628375
	0.618375
	0.612625
	0.613500
	0.621125
	0.625375
	0.625375
	0.636875
	0.650875
	0.679875
	0.697375
	0.704875
	0.704375
	0.710250
	0.719125
	0.719125
	0.718625
	0.715625
	0.718125
	0.716625
	0.717000
	0.714500
	0.719000
	0.709375
	0.714250
	0.723125
	0.711000
	0.705625
	0.701875
	0.705875
	0.708250
	0.715625
	0.724000
	0.719375
	0.708250
	0.705500
	0.705125
	0.714250
	0.706625
	0.716750
	0.704125
	0.690875
	0.682250
	0.684125
	0.674000
	0.673500
	0.666875
	0.662500
	0.657875
	0.668750
	0.669625
	0.666500
	0.678875
	0.687750
	0.683500
	0.701250
	0.691625
	0.690500
	0.680875
	0.670125
	0.670500
	0.662000
	0.657875
	0.674375
	0.675750
	0.681250
	0.678625
	0.671000
	0.680375
	0.679250
	0.678625
	0.680500
	0.688500
	0.700875
	0.694250
	0.690875
	0.693875
	0.699000
	0.692875
	0.700375
	0.701750
	0.692625
	0.685875
	0.681250
	0.672250
	0.666625
	0.663625
	0.669500
	0.671875
	0.681375
	0.686250
	0.686375
	0.685250
	0.672125
	0.670875
	0.672375
	0.675375
	0.669750
	0.674625
	0.678500
	0.679625
	0.683750
	0.689625
	0.685500
	0.688125
	0.692500
	0.688375
	0.682250
	0.678125
	0.671250
	0.675750
	0.679875
	0.684750
	0.682250
	0.681375
	0.690250
	0.690250
	0.687000
	0.677875
	0.669500
	0.677250
	0.696125
	0.705000
	0.716000
	0.720875
	0.715375
	0.708875
	0.700625
	0.697000
	0.687375
	0.681125
	0.687500
	0.692500
	0.700875
	0.712125
	0.717000
	0.712625
	0.707000
	0.709625
	0.701500
	0.687500
	0.677875
	0.678750
	0.673625
	0.669750
	0.671125
	0.664000
	0.651875
	0.648500
	0.658875
	0.669250
	0.687000
	0.691375
	0.691625
	0.702500
	0.698625
	0.694000
	0.683875
	0.672125
	0.655625
	0.653000
	0.657875
	0.658750
	0.651125
	0.648125
	0.642250
	0.655625
	0.665500
	0.668375
	0.666500
	0.681125
	0.678500
	0.669875
	0.666250
	0.667625
	0.677125
	0.665500
	0.670375
	0.680375
	0.695750
