	0.176000
	0.239875
	0.300500
	0.339250
	0.353750
	0.378875
	0.411500
	0.450625
	0.485750
	0.519500
	0.542250
	0.564125
	0.585250
	0.596875
	0.608625
	0.620250
	0.634875
	0.647500
	0.658125
	0.670750
	0.671375
	0.682625
	0.684625
	0.686250
	0.687750
	0.685750
	0.686375
	0.678625
	0.672125
	0.671375
	0.675750
	0.674500
	0.673250
	0.674250
	0.682250
	0.688875
	0.691000
	0.684500
	0.694875
	0.702125
	0.711125
	0.715125
	0.711875
	0.703875
	0.686125
	0.681875
	0.681625
	0.680125
	0.684125
	0.693500
	0.678250
	0.677750
	0.679625
	0.689875
	0.712750
	0.710625
	0.696500
	0.697375
	0.697250
	0.695500
	0.690875
	0.696875
	0.696750
	0.697125
	0.704000
	0.689875
	0.673250
	0.681375
	0.673875
	0.673750
	0.668625
	0.672000
	0.678250
	0.679375
	0.684250
	0.692125
	0.700500
	0.709875
	0.704750
	0.696500
	0.692875
	0.700375
	0.714750
	0.710625
	0.719625
	0.711500
	0.697000
	0.686500
	0.673500
	0.666875
	0.661250
	0.663625
	0.653500
	0.655750
	0.657500
	0.653625
	0.653000
	0.653625
	0.641500
	0.639875
	0.635500
	0.624625
	0.624375
	0.613625
	0.618000
	0.641375
	0.659250
	0.666375
	0.673250
	0.685125
	0.702125
	0.711625
	0.706500
	0.703000
	0.697875
	0.687125
	0.680125
	0.677500
	0.670750
	0.679250
	0.697625
	0.703500
	0.704875
	0.712000
	0.710000
	0.711000
	0.705375
	0.695875
	0.685250
	0.690125
	0.693500
	0.688875
	0.680250
	0.676625
	0.672750
	0.680125
	0.678125
	0.686250
	0.688875
	0.681750
	0.686625
	0.696375
	0.684000
	0.681250
	0.678125
	0.686000
	0.691375
	0.693250
	0.688375
	0.684750
	0.685875
	0.688750
	0.680875
	0.675000
	0.664875
	0.655875
	0.656000
	0.645125
	0.649250
	0.645500
	0.653875
	0.673750
	0.677750
	0.674625
	0.694500
	0.697375
	0.707250
	0.712500
	0.712000
	0.722375
	0.718625
	0.718000
	0.708125
	0.690000
	0.677375
	0.674250
	0.683625
	0.689750
	0.677875
	0.673750
	0.673625
	0.670000
	0.669500
	0.663625
	0.668750
	0.671875
	0.662750
	0.654500
	0.650375
	0.648125
	0.646500
	0.671250
	0.659625
	0.641000
	0.640375
	0.651125
	0.655500
	0.654875
	0.663250
	0.672625
