	0.185500
	0.275625
	0.343500
	0.373625
	0.425750
	0.456875
	0.495000
	0.500500
	0.512250
	0.515250
	0.533500
	0.551500
	0.566000
	0.590500
	0.614000
	0.635000
	0.651375
	0.668375
	0.670250
	0.686125
	0.703500
	0.703625
	0.705000
	0.696375
	0.694250
	0.694625
	0.684500
	0.679125
	0.690000
	0.688250
	0.686000
	0.690375
	0.684625
	0.683000
	0.679125
	0.677000
	0.671625
	0.659500
	0.656875
	0.663500
	0.669875
	0.680000
	0.689375
	0.702250
	0.707375
	0.700375
	0.699250
	0.694375
	0.688750
	0.675625
	0.656000
	0.649000
	0.647250
	0.662125
	0.672375
	0.680750
	0.684125
	0.682500
	0.684875
	0.680750
	0.685125
	0.673500
	0.664375
	0.677250
	0.700125
	0.716000
	0.724375
	0.711375
	0.699250
	0.698125
	0.686375
	0.686750
	0.689125
	0.694500
	0.694125
	0.701875
	0.697875
	0.705125
	0.705500
	0.700750
	0.695500
	0.685625
	0.677000
	0.683250
	0.683125
	0.680000
	0.681875
	0.676500
	0.673125
	0.675625
	0.663875
	0.658125
	0.666000
	0.664875
	0.655750
	0.656625
	0.661000
	0.669375
	0.668250
	0.663000
	0.671375
	0.664500
	0.657875
	0.649750
	0.641125
	0.633500
	0.632875
	0.635625
	0.633375
	0.631875
	0.631750
	0.635625
	0.638875
	0.652125
	0.646500
	0.647375
	0.639250
	0.648125
	0.661125
	0.672000
	0.680875
	0.688250
	0.681875
	0.664875
	0.647375
	0.648000
	0.648500
	0.647875
	0.647750
	0.646125
	0.645250
	0.639625
	0.642875
	0.638500
	0.637875
	0.646250
	0.648625
	0.654500
	0.654250
	0.676750
	0.671125
	0.679125
	0.670000
	0.663125
	0.642500
	0.618125
	0.610500
	0.609750
	0.613750
	0.619625
	0.617500
	0.611625
	0.609000
	0.602500
	0.604125
	0.594875
	0.589250
	0.610125
	0.619000
	0.631375
	0.637125
	0.628500
	0.625375
	0.621875
	0.622375
	0.636875
	0.645000
	0.655875
	0.664750
	0.672125
	0.684750
	0.697125
	0.697750
	0.692000
	0.685000
	0.689375
	0.692500
	0.692375
	0.694250
	0.700625
	0.697500
	0.702625
	0.702000
	0.714250
	0.730125
	0.723000
	0.708500
	0.688375
	0.682375
	0.670250
	0.674000
	0.665750
	0.650875
	0.645000
	0.641125
	0.643000
	0.638125
	0.634125
	0.639000
	0.661375
