	0.166000
	0.248375
	0.335250
	0.391125
	0.428500
	0.454750
	0.461250
	0.472500
	0.487250
	0.514875
	0.538500
	0.553500
	0.575000
	0.589625
	0.598625
	0.590625
	0.581500
	0.579750
	0.577250
	0.589250
	0.607250
	0.616500
	0.625500
	0.634500
	0.647625
	0.649500
	0.648000
	0.645500
	0.639125
	0.637500
	0.629875
	0.619125
	0.610500
	0.617375
	0.611000
	0.620500
	0.642875
	0.664250
	0.649125
	0.654875
	0.645750
	0.638125
	0.632000
	0.635000
	0.629625
	0.633000
	0.650750
	0.661125
	0.675625
	0.672000
	0.670750
	0.673500
	0.670875
	0.669750
	0.681125
	0.687375
	0.706250
	0.704375
	0.706250
	0.703500
	0.700875
	0.707000
	0.702375
	0.697750
	0.690375
	0.682250
	0.682000
	0.670875
	0.669250
	0.667375
	0.668750
	0.678500
	0.670875
	0.670750
	0.677125
	0.686000
	0.695625
	0.689750
	0.684625
	0.682125
	0.673875
	0.669375
	0.664750
	0.662625
	0.656125
	0.652500
	0.659375
	0.662625
	0.670500
	0.680375
	0.664750
	0.665125
	0.667875
	0.670750
	0.663125
	0.658375
	0.660250
	0.657625
	0.651250
	0.656125
	0.665000
	0.656250
	0.653500
	0.645625
	0.646250
	0.650625
	0.645500
	0.653375
	0.666750
	0.667750
	0.669375
	0.663750
	0.661750
	0.675625
	0.684500
	0.686375
	0.682250
	0.677125
	0.664500
	0.666875
	0.680750
	0.676875
	0.685125
	0.679500
	0.682625
	0.679000
	0.687875
	0.678750
	0.681125
	0.690000
	0.685875
	0.670250
	0.667875
	0.660750
	0.656125
	0.659500
	0.664750
	0.660250
	0.650000
	0.640375
	0.617750
	0.617125
	0.617000
	0.616750
	0.627125
	0.631625
	0.645000
	0.641875
	0.646500
	0.643875
	0.651750
	0.661125
	0.654500
	0.649125
	0.650125
	0.650000
	0.658875
	0.658750
	0.673125
	0.671500
	0.653250
	0.648125
	0.647500
	0.631875
	0.632625
	0.636375
	0.633750
	0.635500
	0.641375
	0.642750
	0.658875
	0.679250
	0.675750
	0.684875
	0.700750
	0.712250
	0.719625
	0.710375
	0.704000
	0.715375
	0.725750
	0.717625
	0.717375
	0.712750
	0.702500
	0.696875
	0.700625
	0.699125
	0.692250
	0.694125
	0.697000
	0.707125
	0.716000
	0.708625
	0.714000
	0.711250
	0.708375
	0.699500
	0.703125
	0.691000
