	0.176000
	0.267000
	0.344000
	0.399000
	0.418875
	0.447375
	0.481000
	0.519125
	0.546625
	0.566750
	0.587250
	0.596500
	0.600375
	0.592875
	0.599875
	0.602375
	0.625375
	0.648125
	0.660625
	0.658250
	0.666125
	0.664750
	0.657000
	0.653875
	0.654500
	0.652875
	0.652000
	0.650000
	0.653625
	0.665000
	0.670625
	0.688000
	0.696875
	0.697625
	0.694375
	0.681625
	0.681500
	0.688875
	0.691250
	0.690625
	0.695500
	0.688875
	0.686250
	0.688250
	0.683250
	0.670125
	0.661750
	0.662000
	0.655625
	0.654750
	0.630625
	0.619500
	0.625875
	0.625500
	0.633125
	0.628750
	0.619625
	0.616125
	0.612500
	0.616375
	0.619125
	0.609000
	0.602375
	0.605125
	0.595000
	0.598625
	0.609125
	0.628500
	0.636875
	0.651750
	0.658250
	0.659125
	0.669375
	0.661625
	0.668625
	0.663000
	0.664375
	0.671625
	0.668500
	0.674750
	0.691875
	0.688750
	0.682250
	0.689500
	0.682375
	0.676875
	0.673750
	0.669625
	0.668250
	0.677625
	0.667000
	0.665375
	0.663750
	0.662625
	0.662500
	0.669750
	0.684125
	0.692500
	0.690750
	0.692625
	0.700250
	0.701000
	0.705500
	0.719000
	0.727375
	0.712250
	0.706000
	0.696875
	0.688000
	0.679375
	0.659750
	0.646125
	0.640500
	0.645000
	0.644000
	0.657875
	0.655250
	0.654625
	0.655250
	0.658625
	0.656000
	0.653875
	0.654000
	0.653125
	0.661500
	0.665875
	0.677000
	0.675875
	0.684000
	0.675875
	0.673625
	0.681000
	0.678750
	0.688125
	0.684000
	0.683875
	0.686500
	0.687500
	0.684875
	0.688375
	0.682750
	0.684750
	0.683625
	0.684500
	0.699000
	0.713375
	0.719000
	0.723500
	0.721875
	0.723000
	0.713875
	0.712250
	0.715625
	0.714250
	0.713500
	0.712375
	0.720125
	0.715000
	0.712375
	0.708250
	0.702125
	0.702000
	0.691875
	0.675375
	0.674250
	0.683125
	0.686875
	0.684750
	0.699750
	0.706625
	0.704000
	0.706375
	0.694750
	0.693500
	0.698875
	0.702750
	0.702125
	0.702625
	0.704125
	0.705000
	0.696375
	0.691750
	0.692125
	0.699750
	0.702875
	0.714125
	0.704125
	0.694375
	0.694125
	0.680375
	0.672625
	0.672000
	0.668875
	0.651375
	0.649750
	0.656625
	0.650000
	0.656750
	0.660875
	0.670750
