	0.175500
	0.265500
	0.341500
	0.388000
	0.406500
	0.407500
	0.432500
	0.451500
	0.484000
	0.513000
	0.534000
	0.527000
	0.536000
	0.536500
	0.546500
	0.552500
	0.561500
	0.570500
	0.565000
	0.557000
	0.553000
	0.552000
	0.568000
	0.585000
	0.601500
	0.606500
	0.605000
	0.627000
	0.654000
	0.658000
	0.661500
	0.660500
	0.663500
	0.662500
	0.674000
	0.684000
	0.674500
	0.668500
	0.659000
	0.650500
	0.649000
	0.646500
	0.640500
	0.621000
	0.595000
	0.581500
	0.581000
	0.579500
	0.576000
	0.575000
	0.592500
	0.609500
	0.624500
	0.630000
	0.634000
	0.628000
	0.640500
	0.649000
	0.655000
	0.675000
	0.688000
	0.694000
	0.698000
	0.696500
	0.699000
	0.698500
	0.693000
	0.682500
	0.673500
	0.658500
	0.643500
	0.654500
	0.661500
	0.662500
	0.671000
	0.694500
	0.709000
	0.705500
	0.705500
	0.702000
	0.706500
	0.694000
	0.683500
	0.668000
	0.651000
	0.650000
	0.652000
	0.660500
	0.663000
	0.672500
	0.681000
	0.681500
	0.678000
	0.664000
	0.653500
	0.653500
	0.673500
	0.688500
	0.686500
	0.687000
	0.690500
	0.683500
	0.705500
	0.710500
	0.721500
	0.719500
	0.714000
	0.705000
	0.696500
	0.690500
	0.690000
	0.695000
	0.693000
	0.688500
	0.680000
	0.686000
	0.680000
	0.668000
	0.662500
	0.661500
	0.664500
	0.662500
	0.669000
	0.667000
	0.656500
	0.642000
	0.631500
	0.617000
	0.607000
	0.600000
	0.608500
	0.618000
	0.631000
	0.648000
	0.657500
	0.668000
	0.671000
	0.663000
	0.653000
	0.663500
	0.670500
	0.686000
	0.688000
	0.678000
	0.674000
	0.671500
	0.675000
	0.678000
	0.680000
	0.690500
	0.707500
	0.707000
	0.696000
	0.678500
	0.662500
	0.647500
	0.637000
	0.627500
	0.628500
	0.628000
	0.609000
	0.601500
	0.599000
	0.603000
	0.606000
	0.604500
	0.602500
	0.595500
	0.590000
	0.580000
	0.566000
	0.587000
	0.612500
	0.635000
	0.653500
	0.666500
	0.678500
	0.677500
	0.681000
	0.677000
	0.670500
	0.660000
	0.647000
	0.648500
	0.643000
	0.644000
	0.655500
	0.658000
	0.656000
	0.658500
	0.656000
	0.662500
	0.655500
	0.651500
	0.655500
	0.679500
	0.694500
	0.709500
	0.715000
	0.713500
