	0.194000
	0.282500
	0.357000
	0.418500
	0.462500
	0.510000
	0.546500
	0.568000
	0.579000
	0.587000
	0.600000
	0.609000
	0.608500
	0.610000
	0.621000
	0.638000
	0.639000
	0.645000
	0.650500
	0.651500
	0.650500
	0.652000
	0.654500
	0.658500
	0.657000
	0.658000
	0.656000
	0.665500
	0.670500
	0.669000
	0.669500
	0.670000
	0.681500
	0.667500
	0.672500
	0.679000
	0.688000
	0.684000
	0.699000
	0.694500
	0.692000
	0.688000
	0.677500
	0.672500
	0.669500
	0.677500
	0.675500
	0.668000
	0.654500
	0.652500
	0.660500
	0.652000
	0.647000
	0.628000
	0.619000
	0.621500
	0.612500
	0.602500
	0.611000
	0.621000
	0.625000
	0.614500
	0.601000
	0.602500
	0.602000
	0.608000
	0.614500
	0.623500
	0.624000
	0.630000
	0.631500
	0.630500
	0.632500
	0.627000
	0.626500
	0.630000
	0.626000
	0.626500
	0.617500
	0.609500
	0.613500
	0.600000
	0.594000
	0.590000
	0.590000
	0.594500
	0.604500
	0.624500
	0.640500
	0.647000
	0.645500
	0.631000
	0.613000
	0.607500
	0.629500
	0.628000
	0.626000
	0.641000
	0.652000
	0.654000
	0.661000
	0.667500
	0.662000
	0.649000
	0.640500
	0.642500
	0.641500
	0.647500
	0.641000
	0.627500
	0.617000
	0.616000
	0.607000
	0.596000
	0.592500
	0.588000
	0.591000
	0.589500
	0.587000
	0.591500
	0.591500
	0.616000
	0.637000
	0.658500
	0.649000
	0.649000
	0.648500
	0.652500
	0.664500
	0.672500
	0.667000
	0.680000
	0.672500
	0.671000
	0.664500
	0.646500
	0.640000
	0.627000
	0.627500
	0.634500
	0.646500
	0.645500
	0.646000
	0.638000
	0.630000
	0.633500
	0.625000
	0.619500
	0.605500
	0.614000
	0.626000
	0.630500
	0.635500
	0.637500
	0.656500
	0.662000
	0.668500
	0.675000
	0.663500
	0.665000
	0.664500
	0.675500
	0.679500
	0.668000
	0.646500
	0.644000
	0.637000
	0.637500
	0.624500
	0.625500
	0.616500
	0.621500
	0.624500
	0.632500
	0.636000
	0.640000
	0.658500
	0.662500
	0.662500
	0.674000
	0.676500
	0.673500
	0.682500
	0.682500
	0.676500
	0.670000
	0.661500
	0.666000
	0.667500
	0.675500
	0.675000
	0.672500
	0.659500
	0.656500
	0.644500
	0.646500
	0.651500
	0.667500
	0.661000
	0.656500
