	0.193500
	0.282000
	0.358500
	0.419500
	0.470000
	0.496500
	0.512000
	0.522000
	0.524500
	0.539500
	0.559000
	0.570500
	0.587500
	0.597500
	0.593000
	0.600500
	0.607500
	0.624500
	0.623500
	0.634000
	0.644500
	0.655500
	0.666500
	0.675000
	0.672000
	0.670000
	0.669000
	0.665500
	0.667000
	0.674500
	0.675500
	0.687000
	0.676000
	0.670000
	0.674500
	0.668000
	0.668500
	0.686500
	0.699000
	0.693000
	0.686500
	0.677500
	0.673500
	0.669000
	0.662000
	0.652000
	0.640500
	0.643000
	0.644000
	0.654500
	0.669000
	0.666000
	0.660000
	0.667000
	0.679500
	0.688000
	0.694500
	0.684000
	0.667000
	0.674500
	0.669500
	0.669500
	0.656500
	0.638500
	0.640500
	0.644500
	0.642000
	0.631000
	0.629000
	0.632000
	0.628000
	0.620000
	0.624500
	0.634500
	0.642000
	0.649000
	0.659500
	0.678500
	0.676500
	0.665500
	0.653500
	0.650000
	0.633500
	0.646000
	0.663500
	0.661500
	0.660500
	0.658500
	0.656500
	0.651500
	0.643000
	0.634500
	0.650500
	0.662000
	0.685500
	0.685500
	0.697000
	0.713500
	0.705500
	0.699500
	0.692500
	0.682500
	0.678500
	0.665500
	0.649000
	0.639500
	0.627500
	0.619500
	0.622000
	0.627500
	0.641500
	0.641500
	0.632000
	0.638000
	0.642500
	0.631500
	0.631500
	0.629000
	0.621500
	0.620000
	0.622000
	0.628000
	0.634000
	0.641000
	0.642500
	0.633500
	0.617500
	0.619500
	0.618500
	0.624000
	0.627500
	0.634000
	0.651000
	0.650000
	0.654000
	0.665500
	0.661000
	0.656500
	0.658000
	0.667500
	0.673000
	0.681500
	0.679500
	0.686500
	0.691500
	0.698000
	0.697500
	0.703000
	0.699000
	0.698000
	0.690500
	0.688000
	0.678500
	0.672000
	0.674000
	0.671500
	0.654500
	0.659500
	0.640500
	0.634500
	0.634500
	0.633500
	0.631000
	0.635500
	0.629500
	0.643500
	0.629500
	0.623500
	0.617500
	0.617500
	0.619500
	0.629500
	0.624500
	0.620000
	0.606500
	0.599500
	0.588500
	0.587000
	0.592000
	0.606500
	0.611000
	0.612000
	0.605000
	0.604000
	0.606500
	0.615000
	0.610000
	0.614500
	0.605000
	0.600000
	0.593500
	0.595500
	0.597500
	0.604000
	0.607500
	0.609000
	0.613000
	0.614500
	0.620500
	0.609500
