	0.194750
	0.284500
	0.342750
	0.389000
	0.431250
	0.457875
	0.476500
	0.507625
	0.527625
	0.555125
	0.580625
	0.597000
	0.611375
	0.619500
	0.627750
	0.626375
	0.634125
	0.639625
	0.643125
	0.635125
	0.629625
	0.633625
	0.647125
	0.663125
	0.683000
	0.679750
	0.682125
	0.679000
	0.664750
	0.661625
	0.685125
	0.675500
	0.668750
	0.664125
	0.653625
	0.637000
	0.627500
	0.620750
	0.613875
	0.613750
	0.612625
	0.611500
	0.634875
	0.659750
	0.668125
	0.660375
	0.649250
	0.637625
	0.636250
	0.641625
	0.653250
	0.644000
	0.639375
	0.639625
	0.642625
	0.647250
	0.667000
	0.653750
	0.656125
	0.648750
	0.647875
	0.645250
	0.657625
	0.663250
	0.675625
	0.677000
	0.673375
	0.667625
	0.676500
	0.675625
	0.680000
	0.679125
	0.685000
	0.694375
	0.699625
	0.703500
	0.708625
	0.698625
	0.694500
	0.693875
	0.690750
	0.680125
	0.662500
	0.654875
	0.654250
	0.643125
	0.636000
	0.633125
	0.644250
	0.657375
	0.667125
	0.682500
	0.689375
	0.683750
	0.699125
	0.695250
	0.686250
	0.689625
	0.697875
	0.692750
	0.693500
	0.704375
	0.708500
	0.702375
	0.698250
	0.682625
	0.672750
	0.658875
	0.662000
	0.666000
	0.672875
	0.692250
	0.697125
	0.690500
	0.673875
	0.659250
	0.654125
	0.659750
	0.664000
	0.669375
	0.669000
	0.672000
	0.681375
	0.673250
	0.688875
	0.683000
	0.691875
	0.697625
	0.699500
	0.706375
	0.709750
	0.711000
	0.713375
	0.703500
	0.707875
	0.700500
	0.703375
	0.702000
	0.705875
	0.696250
	0.689875
	0.685000
	0.695875
	0.687875
	0.674750
	0.671625
	0.672000
	0.667250
	0.661375
	0.663750
	0.661125
	0.657000
	0.657250
	0.671125
	0.674500
	0.681375
	0.671750
	0.678125
	0.674500
	0.672250
	0.668125
	0.662250
	0.657625
	0.659500
	0.656375
	0.654750
	0.653000
	0.654875
	0.648250
	0.642625
	0.643625
	0.652000
	0.655875
	0.652000
	0.649875
	0.655625
	0.668500
	0.676000
	0.668375
	0.661250
	0.666125
	0.674250
	0.678250
	0.677375
	0.681125
	0.683500
	0.694375
	0.701750
	0.691625
	0.680500
	0.674750
	0.673625
	0.681250
	0.678750
	0.676625
	0.679500
	0.682375
	0.676125
	0.672000
	0.659375
