	0.176000
	0.258000
	0.318375
	0.367250
	0.412625
	0.447000
	0.462375
	0.468750
	0.485500
	0.498875
	0.529750
	0.550125
	0.570500
	0.593375
	0.609250
	0.634000
	0.644125
	0.646500
	0.647625
	0.645000
	0.664375
	0.675250
	0.676500
	0.678750
	0.677625
	0.679375
	0.669250
	0.668125
	0.662000
	0.662250
	0.655625
	0.666000
	0.677750
	0.688125
	0.691500
	0.688000
	0.686375
	0.690750
	0.691125
	0.693500
	0.692250
	0.681375
	0.673500
	0.672375
	0.677875
	0.685000
	0.686250
	0.679250
	0.676125
	0.667000
	0.663250
	0.671500
	0.670750
	0.675125
	0.671500
	0.681375
	0.675250
	0.673750
	0.664625
	0.660000
	0.672625
	0.682750
	0.692625
	0.689500
	0.687250
	0.698625
	0.696250
	0.680625
	0.673375
	0.678000
	0.678250
	0.676125
	0.678750
	0.667625
	0.660000
	0.653875
	0.650750
	0.653500
	0.649500
	0.641625
	0.642000
	0.632375
	0.632250
	0.637250
	0.648500
	0.662500
	0.655375
	0.670250
	0.681875
	0.678750
	0.681000
	0.678375
	0.677875
	0.674750
	0.665625
	0.658875
	0.662125
	0.662625
	0.656500
	0.656000
	0.682500
	0.678125
	0.672000
	0.669875
	0.670750
	0.677625
	0.673125
	0.671750
	0.671625
	0.680500
	0.669625
	0.668250
	0.667125
	0.670250
	0.678125
	0.706500
	0.722375
	0.722625
	0.724000
	0.717250
	0.716250
	0.723125
	0.720625
	0.712125
	0.712500
	0.713125
	0.718000
	0.713375
	0.721875
	0.714375
	0.716750
	0.715125
	0.718500
	0.712125
	0.702000
	0.693875
	0.699750
	0.694750
	0.686125
	0.678500
	0.673875
	0.660750
	0.651375
	0.636750
	0.630375
	0.625750
	0.626625
	0.639875
	0.655000
	0.666875
	0.662750
	0.669250
	0.684125
	0.686625
	0.680000
	0.684750
	0.678625
	0.673000
	0.670875
	0.676750
	0.677125
	0.691000
	0.685875
	0.675750
	0.685125
	0.670500
	0.655125
	0.652750
	0.647125
	0.648000
	0.649875
	0.647250
	0.643125
	0.634500
	0.629250
	0.625625
	0.632000
	0.646875
	0.652750
	0.661000
	0.668875
	0.677250
	0.686125
	0.679250
	0.679625
	0.667000
	0.665375
	0.671875
	0.675875
	0.676500
	0.670875
	0.675500
	0.677875
	0.693750
	0.691000
	0.687750
	0.680625
	0.672625
	0.674500
	0.678375
