	0.185000
	0.266500
	0.342500
	0.405000
	0.466500
	0.488500
	0.496000
	0.505000
	0.507000
	0.535500
	0.555000
	0.566000
	0.584500
	0.590500
	0.587000
	0.591000
	0.596500
	0.589500
	0.581500
	0.578000
	0.593000
	0.594500
	0.592500
	0.597000
	0.604000
	0.605000
	0.609500
	0.615500
	0.637500
	0.651500
	0.665500
	0.667000
	0.658000
	0.660000
	0.661000
	0.664500
	0.663000
	0.657500
	0.653500
	0.648000
	0.645000
	0.635000
	0.630000
	0.629500
	0.641000
	0.637000
	0.634500
	0.610500
	0.596500
	0.593500
	0.584500
	0.581000
	0.584000
	0.574500
	0.574000
	0.582000
	0.587500
	0.609000
	0.642000
	0.655000
	0.673000
	0.665000
	0.665500
	0.658000
	0.660000
	0.658000
	0.653500
	0.635000
	0.625000
	0.615000
	0.608500
	0.608000
	0.616500
	0.629000
	0.640500
	0.646000
	0.637000
	0.632000
	0.624500
	0.622500
	0.628500
	0.626000
	0.622500
	0.619500
	0.613000
	0.614000
	0.620500
	0.622500
	0.627500
	0.622000
	0.607500
	0.597500
	0.599500
	0.596000
	0.602000
	0.596000
	0.591000
	0.580500
	0.573000
	0.583000
	0.591500
	0.584000
	0.580500
	0.591000
	0.597500
	0.598500
	0.607000
	0.603000
	0.609000
	0.608000
	0.614000
	0.617000
	0.613000
	0.612500
	0.621500
	0.624000
	0.627000
	0.635500
	0.638000
	0.636500
	0.639500
	0.623000
	0.605000
	0.603500
	0.598500
	0.592500
	0.589500
	0.593500
	0.601500
	0.598500
	0.606500
	0.602500
	0.610000
	0.614500
	0.628500
	0.635500
	0.623500
	0.606000
	0.604500
	0.594500
	0.590500
	0.589500
	0.599000
	0.586000
	0.588000
	0.599000
	0.612500
	0.612000
	0.626500
	0.623000
	0.622500
	0.617000
	0.606000
	0.610000
	0.614500
	0.615000
	0.622500
	0.627000
	0.632000
	0.641500
	0.643500
	0.643000
	0.651000
	0.659000
	0.661000
	0.669500
	0.666000
	0.675000
	0.668000
	0.670000
	0.669000
	0.678000
	0.675000
	0.661500
	0.663000
	0.671500
	0.673500
	0.675000
	0.681000
	0.679500
	0.684000
	0.683500
	0.690000
	0.686000
	0.674000
	0.667000
	0.657500
	0.662000
	0.663500
	0.648000
	0.630500
	0.633500
	0.616000
	0.611500
	0.614500
	0.626000
	0.634000
	0.646500
	0.645000
	0.643500
