	0.175000
	0.265500
	0.333500
	0.389000
	0.449000
	0.496000
	0.521000
	0.525000
	0.526500
	0.524000
	0.541500
	0.553000
	0.574000
	0.597000
	0.613000
	0.628000
	0.634500
	0.629000
	0.632000
	0.646000
	0.647000
	0.659000
	0.665000
	0.679000
	0.688000
	0.682000
	0.679000
	0.673000
	0.673000
	0.676500
	0.682500
	0.687500
	0.687000
	0.677500
	0.680500
	0.674500
	0.671000
	0.664000
	0.662000
	0.661500
	0.660000
	0.659000
	0.658500
	0.661500
	0.676000
	0.684500
	0.701000
	0.698500
	0.693500
	0.689000
	0.685500
	0.676000
	0.662500
	0.648500
	0.642000
	0.645000
	0.642000
	0.644000
	0.635500
	0.624500
	0.612500
	0.606000
	0.600000
	0.604500
	0.611000
	0.625000
	0.644500
	0.668500
	0.672500
	0.669000
	0.675500
	0.681500
	0.679000
	0.667500
	0.654000
	0.642000
	0.641000
	0.643500
	0.647000
	0.628500
	0.621000
	0.622500
	0.618000
	0.623000
	0.628000
	0.632000
	0.627000
	0.633000
	0.632000
	0.643500
	0.656500
	0.650000
	0.638500
	0.631000
	0.622500
	0.631500
	0.626000
	0.629000
	0.633500
	0.650500
	0.654500
	0.647500
	0.649000
	0.646000
	0.648500
	0.656500
	0.642000
	0.640500
	0.624000
	0.615500
	0.601000
	0.598500
	0.604000
	0.603000
	0.596000
	0.589500
	0.577500
	0.576500
	0.579500
	0.571500
	0.569000
	0.581500
	0.588000
	0.593500
	0.589500
	0.584000
	0.587000
	0.607000
	0.619500
	0.620000
	0.623500
	0.625000
	0.628500
	0.628500
	0.622000
	0.626000
	0.620000
	0.613500
	0.606500
	0.592500
	0.604000
	0.606000
	0.593500
	0.585500
	0.573500
	0.572500
	0.569000
	0.570000
	0.564000
	0.569000
	0.576000
	0.583500
	0.580500
	0.583500
	0.585500
	0.595000
	0.598500
	0.609000
	0.625000
	0.627000
	0.612000
	0.596000
	0.573500
	0.566000
	0.565000
	0.561500
	0.565500
	0.578500
	0.593500
	0.606500
	0.616000
	0.612000
	0.609000
	0.619000
	0.621500
	0.628000
	0.643500
	0.641500
	0.633000
	0.619500
	0.621000
	0.618000
	0.612500
	0.612500
	0.612000
	0.602500
	0.612000
	0.630500
	0.635000
	0.638500
	0.631000
	0.626500
	0.626500
	0.605500
	0.605000
	0.613500
	0.616000
	0.606000
	0.599000
	0.603500
