	0.194500
	0.284000
	0.350500
	0.395000
	0.415000
	0.446500
	0.480500
	0.485000
	0.512500
	0.523500
	0.540500
	0.549500
	0.566500
	0.579000
	0.595000
	0.608500
	0.623000
	0.634500
	0.633500
	0.633500
	0.635000
	0.655000
	0.645000
	0.652500
	0.667500
	0.681500
	0.677500
	0.672000
	0.664500
	0.668000
	0.658500
	0.659000
	0.666500
	0.674500
	0.665000
	0.663500
	0.664500
	0.673500
	0.672000
	0.679500
	0.680000
	0.679500
	0.679000
	0.688000
	0.676500
	0.678000
	0.680500
	0.687000
	0.687000
	0.677000
	0.665000
	0.656500
	0.658000
	0.659000
	0.650500
	0.650500
	0.654500
	0.640500
	0.644500
	0.651500
	0.662500
	0.664500
	0.677000
	0.688000
	0.677500
	0.675000
	0.676000
	0.669000
	0.658500
	0.666000
	0.661000
	0.648000
	0.659500
	0.663500
	0.673000
	0.680000
	0.693000
	0.698500
	0.693500
	0.698500
	0.702500
	0.700000
	0.692500
	0.689500
	0.691500
	0.687000
	0.695000
	0.683500
	0.664500
	0.659500
	0.649500
	0.659500
	0.668500
	0.678000
	0.694000
	0.704500
	0.705500
	0.701500
	0.693500
	0.696500
	0.697000
	0.694000
	0.694500
	0.700000
	0.704000
	0.705500
	0.711000
	0.696500
	0.699000
	0.689000
	0.691500
	0.695500
	0.702500
	0.705500
	0.705500
	0.711000
	0.699000
	0.696500
	0.708000
	0.707000
	0.697500
	0.693500
	0.684000
	0.687000
	0.689500
	0.689500
	0.694000
	0.703500
	0.698000
	0.695000
	0.696500
	0.697000
	0.695500
	0.692500
	0.689000
	0.687500
	0.683000
	0.684500
	0.678000
	0.682000
	0.689500
	0.700500
	0.697500
	0.703000
	0.695000
	0.674500
	0.667500
	0.658000
	0.651500
	0.653000
	0.658500
	0.660500
	0.663500
	0.671000
	0.676500
	0.678000
	0.679000
	0.683500
	0.696500
	0.695500
	0.707500
	0.702500
	0.694000
	0.693000
	0.693500
	0.697500
	0.695000
	0.697000
	0.694000
	0.689500
	0.684500
	0.678500
	0.681500
	0.680000
	0.679500
	0.670000
	0.675500
	0.688000
	0.682500
	0.681500
	0.670500
	0.662500
	0.659500
	0.656000
	0.650500
	0.644500
	0.651000
	0.648500
	0.666500
	0.669500
	0.692500
	0.680500
	0.674000
	0.670500
	0.664500
	0.654500
	0.665000
	0.668000
	0.667500
	0.660500
