	0.185000
	0.275000
	0.360000
	0.422500
	0.448500
	0.470000
	0.475500
	0.482500
	0.492000
	0.505000
	0.524500
	0.545000
	0.567000
	0.578000
	0.591500
	0.618000
	0.643000
	0.649500
	0.651500
	0.650500
	0.669000
	0.672500
	0.675000
	0.673500
	0.678000
	0.675500
	0.668500
	0.666500
	0.661500
	0.643000
	0.623500
	0.617500
	0.618500
	0.610000
	0.603500
	0.597500
	0.604000
	0.605500
	0.605500
	0.610500
	0.622000
	0.629000
	0.639000
	0.665500
	0.672000
	0.658000
	0.662000
	0.659500
	0.665000
	0.675000
	0.669000
	0.663000
	0.659500
	0.658000
	0.660500
	0.653500
	0.665000
	0.667500
	0.690500
	0.698500
	0.721500
	0.721500
	0.717000
	0.707500
	0.698500
	0.694500
	0.677000
	0.686000
	0.679000
	0.674500
	0.671000
	0.657000
	0.657000
	0.644000
	0.637000
	0.637000
	0.632000
	0.619500
	0.602000
	0.597500
	0.598500
	0.596000
	0.611000
	0.628000
	0.625000
	0.627000
	0.635500
	0.642500
	0.641500
	0.630000
	0.619000
	0.616500
	0.622500
	0.628000
	0.621500
	0.622000
	0.617000
	0.611000
	0.623000
	0.637500
	0.641500
	0.646000
	0.646000
	0.639500
	0.637000
	0.643000
	0.649000
	0.653500
	0.657500
	0.650000
	0.658000
	0.649000
	0.652500
	0.662000
	0.668500
	0.673500
	0.679000
	0.681500
	0.694000
	0.701500
	0.702500
	0.694000
	0.674500
	0.662000
	0.654000
	0.645500
	0.649000
	0.649000
	0.649000
	0.639500
	0.648000
	0.669000
	0.683500
	0.676500
	0.687500
	0.682500
	0.675000
	0.666000
	0.652500
	0.650000
	0.649500
	0.643000
	0.657000
	0.663500
	0.673000
	0.677000
	0.678000
	0.680000
	0.683000
	0.680000
	0.678000
	0.675500
	0.670500
	0.646500
	0.640500
	0.637500
	0.633000
	0.629000
	0.632000
	0.625000
	0.614500
	0.605000
	0.604000
	0.609500
	0.612000
	0.621000
	0.651500
	0.691000
	0.693500
	0.681500
	0.668000
	0.661500
	0.666500
	0.671000
	0.674500
	0.664000
	0.660000
	0.663000
	0.667500
	0.669500
	0.657000
	0.644500
	0.630000
	0.628500
	0.619000
	0.633000
	0.648000
	0.668000
	0.687500
	0.690000
	0.690500
	0.692000
	0.685500
	0.674500
	0.669500
	0.665500
	0.654000
	0.634500
	0.630000
	0.639500
