	0.185125
	0.266250
	0.334375
	0.390000
	0.442500
	0.493000
	0.500875
	0.506375
	0.537000
	0.551500
	0.578750
	0.592750
	0.603750
	0.611625
	0.621000
	0.624875
	0.624375
	0.622750
	0.617125
	0.613875
	0.604375
	0.601125
	0.594125
	0.597125
	0.590125
	0.591000
	0.588250
	0.599250
	0.607625
	0.602125
	0.600375
	0.594875
	0.595375
	0.589375
	0.602000
	0.612375
	0.611625
	0.622125
	0.618875
	0.629375
	0.630375
	0.646500
	0.642875
	0.648875
	0.644875
	0.633375
	0.628875
	0.639875
	0.652500
	0.667875
	0.679125
	0.685625
	0.680250
	0.678125
	0.672500
	0.667375
	0.655750
	0.660625
	0.659375
	0.660375
	0.654000
	0.638625
	0.631250
	0.637375
	0.639250
	0.651625
	0.652500
	0.657000
	0.657875
	0.673500
	0.687875
	0.695250
	0.687125
	0.683000
	0.684625
	0.691250
	0.698625
	0.711750
	0.716000
	0.703875
	0.701750
	0.704125
	0.699250
	0.706625
	0.711500
	0.714500
	0.700875
	0.687625
	0.678000
	0.676250
	0.691625
	0.703500
	0.708250
	0.709625
	0.712500
	0.715875
	0.722250
	0.724750
	0.716625
	0.711500
	0.711375
	0.711875
	0.708625
	0.698500
	0.698375
	0.699625
	0.690125
	0.685500
	0.677000
	0.677875
	0.673875
	0.676250
	0.675625
	0.681000
	0.683375
	0.675500
	0.683375
	0.682500
	0.671375
	0.666875
	0.673250
	0.677125
	0.678500
	0.683000
	0.685375
	0.681125
	0.662000
	0.660375
	0.669000
	0.675375
	0.689750
	0.699625
	0.702125
	0.696500
	0.692375
	0.692250
	0.694125
	0.698500
	0.691125
	0.696000
	0.698375
	0.693250
	0.688500
	0.688750
	0.678750
	0.681625
	0.680875
	0.682625
	0.678000
	0.667750
	0.666625
	0.657500
	0.661000
	0.667875
	0.665750
	0.652125
	0.645750
	0.644125
	0.643625
	0.645500
	0.647875
	0.644875
	0.653375
	0.670125
	0.692500
	0.693375
	0.681000
	0.677000
	0.664375
	0.663875
	0.670250
	0.673125
	0.680250
	0.677625
	0.678000
	0.683875
	0.702875
	0.699875
	0.687125
	0.686000
	0.680875
	0.696750
	0.708000
	0.708500
	0.706125
	0.706375
	0.712750
	0.719500
	0.716375
	0.716750
	0.715625
	0.702125
	0.712125
	0.707250
	0.712625
	0.719500
	0.723125
	0.714500
	0.714125
	0.706500
