	0.194500
	0.284000
	0.352000
	0.413500
	0.455000
	0.488500
	0.516500
	0.543000
	0.560000
	0.575000
	0.581000
	0.587000
	0.597000
	0.611500
	0.625000
	0.628000
	0.635500
	0.636500
	0.644000
	0.639500
	0.644000
	0.650500
	0.656500
	0.641500
	0.642500
	0.642000
	0.627000
	0.623500
	0.627000
	0.635000
	0.659000
	0.658500
	0.656000
	0.643500
	0.636500
	0.636000
	0.651000
	0.675500
	0.669000
	0.668500
	0.676000
	0.687000
	0.680500
	0.686500
	0.690000
	0.685500
	0.676000
	0.676000
	0.675000
	0.670000
	0.664000
	0.671500
	0.672500
	0.671500
	0.685500
	0.687500
	0.683000
	0.677000
	0.668000
	0.667000
	0.677000
	0.683500
	0.682500
	0.673000
	0.668000
	0.654500
	0.645000
	0.635000
	0.624500
	0.621000
	0.622000
	0.634000
	0.646500
	0.656500
	0.662500
	0.659000
	0.646000
	0.642500
	0.649500
	0.669000
	0.677000
	0.662500
	0.646000
	0.650000
	0.663500
	0.647500
	0.643000
	0.633500
	0.641000
	0.634000
	0.636500
	0.641500
	0.652500
	0.648500
	0.644000
	0.639500
	0.636000
	0.623000
	0.627500
	0.636500
	0.641500
	0.649500
	0.653000
	0.655000
	0.659500
	0.662500
	0.682000
	0.696000
	0.698500
	0.685500
	0.681500
	0.679500
	0.675500
	0.681500
	0.687000
	0.681000
	0.658500
	0.663000
	0.664000
	0.674000
	0.675500
	0.674500
	0.679000
	0.693000
	0.697000
	0.703000
	0.696000
	0.693000
	0.697000
	0.699000
	0.694500
	0.703000
	0.714500
	0.725500
	0.721500
	0.721000
	0.715500
	0.712000
	0.725500
	0.722000
	0.724000
	0.706000
	0.694500
	0.692500
	0.689000
	0.690500
	0.687000
	0.687000
	0.683000
	0.675000
	0.675500
	0.675000
	0.673000
	0.671500
	0.672500
	0.657500
	0.665000
	0.670500
	0.667500
	0.656000
	0.642000
	0.649000
	0.658000
	0.647000
	0.648500
	0.654500
	0.656000
	0.662000
	0.665000
	0.666500
	0.651000
	0.652500
	0.636500
	0.639500
	0.655500
	0.677500
	0.681500
	0.691000
	0.673500
	0.661500
	0.663500
	0.667000
	0.667500
	0.669000
	0.663500
	0.659500
	0.662000
	0.656500
	0.649500
	0.641000
	0.619000
	0.602500
	0.609000
	0.618000
	0.615500
	0.619000
	0.631000
	0.625000
	0.621000
	0.627500
