	0.194000
	0.282500
	0.366000
	0.436500
	0.503000
	0.564500
	0.574000
	0.579500
	0.577000
	0.603000
	0.631000
	0.643500
	0.660000
	0.675500
	0.683500
	0.685000
	0.698000
	0.689000
	0.687500
	0.687500
	0.682500
	0.669000
	0.659000
	0.650000
	0.648500
	0.650500
	0.651000
	0.647500
	0.642500
	0.657500
	0.668500
	0.662000
	0.655000
	0.652000
	0.638000
	0.627000
	0.627000
	0.618000
	0.629000
	0.633500
	0.622000
	0.612500
	0.614000
	0.612000
	0.626000
	0.635000
	0.644500
	0.650500
	0.643500
	0.638500
	0.638000
	0.639500
	0.641000
	0.638500
	0.659000
	0.654500
	0.648000
	0.640500
	0.641000
	0.641500
	0.643000
	0.641500
	0.634000
	0.627000
	0.630500
	0.646500
	0.642000
	0.650500
	0.646000
	0.646000
	0.647500
	0.660000
	0.661500
	0.652000
	0.638000
	0.626500
	0.629000
	0.624500
	0.629500
	0.641000
	0.647000
	0.663000
	0.668500
	0.660000
	0.649500
	0.644000
	0.645000
	0.648000
	0.641500
	0.637500
	0.636500
	0.646000
	0.646500
	0.654000
	0.646500
	0.638500
	0.643500
	0.655000
	0.661500
	0.671000
	0.680500
	0.687000
	0.678500
	0.674500
	0.671000
	0.665000
	0.663000
	0.671000
	0.665500
	0.651500
	0.650000
	0.660500
	0.669000
	0.691000
	0.695500
	0.692000
	0.677500
	0.669500
	0.668000
	0.661000
	0.662000
	0.656500
	0.660500
	0.657000
	0.661500
	0.652000
	0.644000
	0.634500
	0.638500
	0.641000
	0.636500
	0.641500
	0.640500
	0.652000
	0.666500
	0.667000
	0.678000
	0.695500
	0.693000
	0.684000
	0.676500
	0.664000
	0.669500
	0.660000
	0.658000
	0.659500
	0.668500
	0.670500
	0.671000
	0.669500
	0.652000
	0.639500
	0.623500
	0.609500
	0.590500
	0.589000
	0.598000
	0.606500
	0.603000
	0.599000
	0.591000
	0.595000
	0.585000
	0.576000
	0.596000
	0.608500
	0.611000
	0.616000
	0.607500
	0.614000
	0.611000
	0.611500
	0.612000
	0.609000
	0.619500
	0.630500
	0.627500
	0.632000
	0.634000
	0.637500
	0.643500
	0.647500
	0.653000
	0.643500
	0.639000
	0.642000
	0.646000
	0.655000
	0.656000
	0.648500
	0.635500
	0.613500
	0.612500
	0.618500
	0.616500
	0.613500
	0.618500
	0.615000
	0.618500
	0.627500
