	0.184875
	0.266250
	0.343625
	0.416000
	0.450125
	0.467000
	0.484875
	0.506500
	0.526375
	0.559250
	0.576000
	0.600875
	0.615750
	0.627000
	0.634625
	0.648250
	0.646125
	0.653000
	0.668375
	0.674250
	0.671625
	0.665500
	0.669000
	0.674375
	0.665625
	0.650375
	0.648750
	0.645625
	0.651500
	0.665750
	0.671500
	0.673375
	0.661750
	0.658125
	0.650375
	0.665500
	0.660625
	0.656875
	0.664500
	0.662500
	0.664875
	0.665625
	0.669375
	0.667875
	0.671750
	0.664625
	0.666125
	0.665500
	0.663000
	0.668375
	0.656250
	0.649750
	0.653625
	0.659875
	0.667250
	0.664625
	0.659000
	0.658875
	0.665000
	0.659875
	0.657000
	0.653000
	0.645125
	0.638500
	0.639500
	0.633375
	0.629250
	0.618500
	0.615875
	0.617750
	0.620125
	0.632000
	0.659875
	0.673750
	0.676625
	0.683500
	0.683000
	0.679750
	0.686750
	0.683125
	0.676500
	0.667875
	0.673875
	0.671375
	0.667625
	0.662250
	0.657125
	0.665125
	0.669500
	0.665125
	0.658000
	0.649875
	0.649250
	0.649625
	0.647000
	0.653125
	0.668500
	0.678375
	0.685000
	0.664875
	0.664250
	0.667750
	0.676375
	0.688250
	0.700875
	0.713625
	0.710125
	0.712375
	0.695500
	0.692750
	0.690625
	0.684875
	0.677875
	0.680750
	0.679875
	0.676750
	0.684375
	0.680000
	0.685500
	0.681375
	0.672875
	0.673500
	0.665000
	0.665625
	0.661750
	0.659500
	0.655375
	0.656250
	0.660625
	0.663625
	0.668000
	0.659500
	0.657500
	0.656375
	0.655750
	0.638000
	0.622125
	0.618000
	0.617875
	0.615625
	0.614500
	0.609875
	0.604125
	0.600625
	0.592500
	0.592500
	0.582250
	0.585625
	0.597500
	0.598375
	0.588625
	0.591625
	0.594250
	0.588125
	0.592000
	0.595750
	0.600625
	0.608625
	0.606000
	0.619375
	0.639250
	0.652125
	0.664000
	0.653375
	0.646500
	0.647250
	0.647625
	0.633625
	0.639875
	0.645250
	0.651625
	0.658750
	0.674125
	0.674500
	0.664750
	0.658625
	0.646500
	0.644375
	0.656500
	0.656375
	0.647250
	0.645375
	0.650250
	0.641375
	0.643250
	0.655500
	0.663375
	0.658250
	0.652625
	0.640625
	0.635000
	0.635875
	0.635250
	0.643625
	0.620000
	0.616750
	0.610000
	0.609625
	0.615375
	0.610625
