	0.175250
	0.256875
	0.342875
	0.406250
	0.441125
	0.474000
	0.487375
	0.504375
	0.517750
	0.525625
	0.538250
	0.569375
	0.593875
	0.616250
	0.634125
	0.637000
	0.631625
	0.618250
	0.617625
	0.628750
	0.638250
	0.639125
	0.645625
	0.658125
	0.671625
	0.677125
	0.677000
	0.676375
	0.682875
	0.688625
	0.685000
	0.681375
	0.672250
	0.680750
	0.692750
	0.699125
	0.709500
	0.706875
	0.703500
	0.679875
	0.663500
	0.650750
	0.647125
	0.646250
	0.635625
	0.635000
	0.646750
	0.657750
	0.654375
	0.647875
	0.647750
	0.652625
	0.663000
	0.678500
	0.690875
	0.686375
	0.681125
	0.689750
	0.684625
	0.668500
	0.656375
	0.644125
	0.642000
	0.643750
	0.647125
	0.646500
	0.649875
	0.643625
	0.663500
	0.675375
	0.689000
	0.691125
	0.684500
	0.676625
	0.680500
	0.684000
	0.684875
	0.684750
	0.681125
	0.670500
	0.668750
	0.666125
	0.667125
	0.676500
	0.673375
	0.674250
	0.665500
	0.659375
	0.673750
	0.681000
	0.677375
	0.673000
	0.687375
	0.701750
	0.701125
	0.683500
	0.679875
	0.671750
	0.670500
	0.673375
	0.679750
	0.679625
	0.678000
	0.668625
	0.657000
	0.657000
	0.665250
	0.662625
	0.674375
	0.669750
	0.643625
	0.628500
	0.637875
	0.651750
	0.658375
	0.654000
	0.649125
	0.648625
	0.655375
	0.662250
	0.659625
	0.655000
	0.648750
	0.646500
	0.635000
	0.632000
	0.634375
	0.642125
	0.636000
	0.643875
	0.647750
	0.656125
	0.661000
	0.654375
	0.644125
	0.641500
	0.642375
	0.641250
	0.649875
	0.645875
	0.651250
	0.654625
	0.649500
	0.659875
	0.659500
	0.664250
	0.652625
	0.642000
	0.631375
	0.621750
	0.620375
	0.627375
	0.642250
	0.656250
	0.660125
	0.666000
	0.680875
	0.686750
	0.695625
	0.707000
	0.713375
	0.711750
	0.700875
	0.692375
	0.689000
	0.676375
	0.672250
	0.665125
	0.665500
	0.662500
	0.665000
	0.659875
	0.655750
	0.657875
	0.640375
	0.642125
	0.647500
	0.648000
	0.639875
	0.648625
	0.649500
	0.649125
	0.646000
	0.639125
	0.641750
	0.648625
	0.668500
	0.667125
	0.661000
	0.665375
	0.675250
	0.680125
	0.692500
	0.698875
	0.698250
	0.697125
	0.687500
	0.689875
	0.693250
	0.686875
