	0.194500
	0.283000
	0.357500
	0.410500
	0.444500
	0.483500
	0.508500
	0.522500
	0.530000
	0.536000
	0.545500
	0.564500
	0.566500
	0.573000
	0.580000
	0.601000
	0.620000
	0.638000
	0.649000
	0.670500
	0.675000
	0.676500
	0.686000
	0.686500
	0.680500
	0.685000
	0.679500
	0.674000
	0.681500
	0.679000
	0.671000
	0.664000
	0.668500
	0.665000
	0.664000
	0.666000
	0.670000
	0.659000
	0.660000
	0.677500
	0.686000
	0.690500
	0.693500
	0.696000
	0.693000
	0.686500
	0.676500
	0.683000
	0.681000
	0.678000
	0.662500
	0.657500
	0.650000
	0.633000
	0.627500
	0.629500
	0.615500
	0.598500
	0.589000
	0.584000
	0.589000
	0.591500
	0.598500
	0.621000
	0.634500
	0.634500
	0.637500
	0.646500
	0.640500
	0.640500
	0.643000
	0.646500
	0.647500
	0.647000
	0.653500
	0.655000
	0.657500
	0.651500
	0.652000
	0.648000
	0.655000
	0.654500
	0.645500
	0.629500
	0.632500
	0.632500
	0.619000
	0.613000
	0.619500
	0.617500
	0.606000
	0.604000
	0.606000
	0.601500
	0.614000
	0.624000
	0.624500
	0.641500
	0.648000
	0.653500
	0.645000
	0.650500
	0.664000
	0.682000
	0.671000
	0.674000
	0.668000
	0.666500
	0.673500
	0.675500
	0.678500
	0.681000
	0.673500
	0.667500
	0.667500
	0.664000
	0.678500
	0.670000
	0.661500
	0.651000
	0.646000
	0.631500
	0.613500
	0.611000
	0.618500
	0.617500
	0.618500
	0.605000
	0.601000
	0.604000
	0.605500
	0.612500
	0.617000
	0.642500
	0.664000
	0.667500
	0.657500
	0.661000
	0.656500
	0.648000
	0.633500
	0.628500
	0.620500
	0.610500
	0.599500
	0.597500
	0.595000
	0.597500
	0.597000
	0.608000
	0.621500
	0.625000
	0.645000
	0.653500
	0.658000
	0.664500
	0.672000
	0.674000
	0.687500
	0.687000
	0.676500
	0.676000
	0.678500
	0.665000
	0.664500
	0.675500
	0.685500
	0.679000
	0.672000
	0.668000
	0.668000
	0.666500
	0.669000
	0.661000
	0.650000
	0.657000
	0.650000
	0.643000
	0.622500
	0.629000
	0.619500
	0.610500
	0.603000
	0.614000
	0.609000
	0.605500
	0.610500
	0.618500
	0.630000
	0.641500
	0.652500
	0.648000
	0.643500
	0.638000
	0.630500
	0.630000
	0.629500
	0.626000
	0.620500
	0.605000
