	0.185000
	0.256500
	0.315500
	0.381000
	0.424500
	0.449500
	0.456500
	0.479500
	0.495000
	0.526500
	0.554500
	0.580000
	0.604000
	0.619000
	0.633000
	0.651000
	0.666500
	0.660500
	0.646000
	0.651500
	0.676500
	0.691000
	0.692500
	0.695500
	0.684500
	0.682000
	0.686000
	0.685500
	0.687500
	0.690500
	0.695000
	0.700500
	0.703500
	0.701000
	0.697000
	0.686500
	0.683500
	0.681000
	0.673500
	0.669500
	0.680500
	0.681500
	0.674500
	0.664000
	0.666000
	0.661500
	0.659500
	0.662000
	0.673000
	0.673000
	0.680500
	0.675500
	0.678000
	0.677000
	0.673500
	0.669500
	0.671500
	0.667000
	0.654500
	0.648000
	0.644500
	0.642500
	0.659500
	0.648500
	0.654000
	0.660500
	0.658000
	0.651000
	0.648500
	0.633000
	0.623000
	0.603000
	0.590000
	0.584000
	0.578000
	0.575500
	0.573000
	0.590500
	0.604500
	0.631000
	0.657500
	0.658500
	0.666500
	0.685000
	0.695000
	0.695500
	0.711500
	0.721500
	0.717000
	0.717000
	0.707000
	0.693500
	0.687500
	0.677500
	0.670000
	0.668000
	0.658500
	0.656000
	0.653000
	0.647500
	0.630500
	0.609000
	0.588000
	0.569500
	0.553500
	0.539500
	0.545500
	0.561500
	0.572000
	0.587500
	0.608500
	0.621000
	0.631500
	0.640000
	0.649500
	0.668500
	0.671000
	0.680000
	0.688000
	0.682000
	0.682000
	0.687500
	0.667500
	0.666500
	0.667000
	0.657000
	0.654500
	0.656000
	0.648500
	0.653000
	0.661500
	0.652000
	0.640000
	0.642000
	0.639500
	0.635000
	0.644000
	0.644500
	0.644000
	0.648500
	0.644000
	0.664500
	0.665000
	0.663500
	0.657500
	0.656000
	0.654000
	0.663000
	0.672000
	0.687000
	0.693000
	0.693500
	0.704000
	0.709000
	0.709500
	0.710000
	0.703500
	0.701500
	0.693500
	0.687000
	0.680500
	0.680000
	0.675500
	0.669500
	0.667500
	0.674000
	0.680000
	0.668000
	0.660000
	0.639500
	0.634000
	0.627000
	0.633500
	0.644000
	0.652000
	0.662500
	0.662500
	0.663000
	0.664500
	0.671000
	0.685000
	0.681000
	0.681000
	0.677500
	0.682500
	0.676500
	0.675000
	0.676000
	0.682000
	0.681000
	0.679500
	0.682000
	0.685000
	0.676000
	0.682500
	0.678000
	0.676500
	0.686500
	0.690500
	0.694000
