	0.185500
	0.267000
	0.352875
	0.398375
	0.435125
	0.484875
	0.547625
	0.554875
	0.557625
	0.566375
	0.580000
	0.587250
	0.591125
	0.599250
	0.608875
	0.624000
	0.634125
	0.640625
	0.651625
	0.661125
	0.669375
	0.682500
	0.686375
	0.687750
	0.687625
	0.689000
	0.688750
	0.696875
	0.714250
	0.728625
	0.716000
	0.707375
	0.697250
	0.690125
	0.681375
	0.663250
	0.659125
	0.656125
	0.655500
	0.660500
	0.665750
	0.664875
	0.660125
	0.660125
	0.656250
	0.661625
	0.673000
	0.670375
	0.665750
	0.663125
	0.668750
	0.663625
	0.653500
	0.642250
	0.660875
	0.676875
	0.685500
	0.697875
	0.697250
	0.696875
	0.691500
	0.680875
	0.678250
	0.687625
	0.689000
	0.704875
	0.709125
	0.686375
	0.686750
	0.692250
	0.700500
	0.703625
	0.703500
	0.705375
	0.690625
	0.680000
	0.672375
	0.660750
	0.668125
	0.665375
	0.669250
	0.672875
	0.671750
	0.689625
	0.701500
	0.703625
	0.701000
	0.706375
	0.694500
	0.687250
	0.678875
	0.676750
	0.667625
	0.653500
	0.633875
	0.637250
	0.638125
	0.631125
	0.631500
	0.635625
	0.642000
	0.646375
	0.651750
	0.657625
	0.655750
	0.659125
	0.653000
	0.651750
	0.664125
	0.669000
	0.668375
	0.661250
	0.656750
	0.653625
	0.643375
	0.636375
	0.636000
	0.633375
	0.622000
	0.610750
	0.605125
	0.601375
	0.596875
	0.610375
	0.620250
	0.631000
	0.639375
	0.651750
	0.663125
	0.669000
	0.670375
	0.667750
	0.670500
	0.666625
	0.670375
	0.671250
	0.665125
	0.665125
	0.672500
	0.670875
	0.673000
	0.670375
	0.678375
	0.681125
	0.683000
	0.676875
	0.674875
	0.674500
	0.673375
	0.665000
	0.669375
	0.682875
	0.702750
	0.708125
	0.705125
	0.701000
	0.709000
	0.708875
	0.702625
	0.697000
	0.699875
	0.705250
	0.709750
	0.710125
	0.695750
	0.681750
	0.670625
	0.674500
	0.662625
	0.657500
	0.673500
	0.667875
	0.674250
	0.681000
	0.677125
	0.670000
	0.664375
	0.657250
	0.643500
	0.641875
	0.639625
	0.653500
	0.649875
	0.650875
	0.657500
	0.657875
	0.661625
	0.653000
	0.647000
	0.652875
	0.656750
	0.648625
	0.645750
	0.652250
	0.639625
	0.636625
	0.656500
	0.676500
	0.670750
	0.673125
