	0.166000
	0.257000
	0.325000
	0.381500
	0.417000
	0.476500
	0.497500
	0.518000
	0.525500
	0.542000
	0.561500
	0.572500
	0.594500
	0.617500
	0.624000
	0.638000
	0.653000
	0.657000
	0.663500
	0.672000
	0.662500
	0.659000
	0.659000
	0.662500
	0.665500
	0.663500
	0.673500
	0.681500
	0.678500
	0.669000
	0.663500
	0.657500
	0.658000
	0.663500
	0.660000
	0.659500
	0.661000
	0.667000
	0.678000
	0.683000
	0.687500
	0.703000
	0.702500
	0.703000
	0.693500
	0.679000
	0.655500
	0.639500
	0.640000
	0.648500
	0.646000
	0.642500
	0.634500
	0.628000
	0.620000
	0.623000
	0.624000
	0.616000
	0.608500
	0.595000
	0.588500
	0.576500
	0.583000
	0.590000
	0.592000
	0.604000
	0.634500
	0.665500
	0.677000
	0.680500
	0.688000
	0.703500
	0.715000
	0.718000
	0.717500
	0.714000
	0.709500
	0.699000
	0.688000
	0.693500
	0.694000
	0.683500
	0.678500
	0.677500
	0.675500
	0.666500
	0.648000
	0.648500
	0.656500
	0.655000
	0.670000
	0.677000
	0.682500
	0.694500
	0.702000
	0.705000
	0.707500
	0.711000
	0.713500
	0.712500
	0.704000
	0.705000
	0.704500
	0.696000
	0.691000
	0.683000
	0.680000
	0.677500
	0.680000
	0.681000
	0.683500
	0.681500
	0.676000
	0.667000
	0.657500
	0.650000
	0.652000
	0.661500
	0.666000
	0.660000
	0.654000
	0.644000
	0.644500
	0.656000
	0.662500
	0.660500
	0.651000
	0.652500
	0.655500
	0.650000
	0.650500
	0.653500
	0.650000
	0.648500
	0.651500
	0.645000
	0.647000
	0.650500
	0.645000
	0.634500
	0.637000
	0.641500
	0.653500
	0.668000
	0.687000
	0.689000
	0.691500
	0.681500
	0.682500
	0.677500
	0.687000
	0.691500
	0.695500
	0.699000
	0.697000
	0.698000
	0.701000
	0.695000
	0.695500
	0.685500
	0.677000
	0.671500
	0.673000
	0.660500
	0.652000
	0.655000
	0.664500
	0.654500
	0.665000
	0.660500
	0.646500
	0.643000
	0.646000
	0.649500
	0.658000
	0.662500
	0.669000
	0.682000
	0.677000
	0.675000
	0.672000
	0.670000
	0.674500
	0.674500
	0.668500
	0.663000
	0.660000
	0.659500
	0.670000
	0.674500
	0.663000
	0.651000
	0.654000
	0.660500
	0.670500
	0.669000
	0.655000
	0.652000
	0.652500
	0.642500
