	0.176000
	0.258000
	0.327000
	0.382500
	0.399000
	0.417000
	0.453000
	0.487000
	0.524500
	0.542500
	0.565000
	0.582500
	0.592500
	0.595000
	0.594500
	0.598500
	0.605500
	0.623000
	0.630000
	0.634000
	0.634000
	0.651000
	0.654000
	0.665000
	0.674000
	0.673500
	0.678000
	0.665500
	0.658500
	0.658500
	0.671500
	0.671500
	0.669000
	0.663500
	0.662500
	0.668500
	0.665500
	0.659500
	0.656500
	0.651000
	0.645500
	0.645000
	0.647000
	0.666000
	0.677500
	0.692000
	0.710500
	0.703500
	0.689500
	0.683000
	0.681500
	0.680500
	0.686500
	0.689000
	0.678500
	0.668000
	0.668500
	0.658500
	0.656000
	0.643000
	0.624500
	0.613500
	0.613000
	0.620500
	0.623000
	0.617500
	0.620500
	0.631000
	0.635000
	0.636500
	0.637500
	0.639500
	0.641500
	0.637000
	0.639000
	0.633000
	0.644000
	0.646000
	0.645500
	0.655000
	0.657000
	0.647000
	0.638000
	0.629000
	0.635000
	0.639500
	0.642000
	0.631000
	0.634000
	0.627500
	0.621500
	0.628000
	0.644000
	0.647500
	0.647500
	0.670000
	0.667500
	0.653500
	0.640000
	0.633000
	0.628500
	0.621500
	0.611000
	0.602500
	0.600500
	0.608000
	0.627000
	0.622500
	0.620500
	0.625500
	0.627500
	0.626000
	0.627000
	0.639500
	0.653000
	0.657500
	0.663000
	0.665500
	0.663500
	0.660000
	0.653500
	0.648000
	0.651500
	0.645000
	0.655500
	0.668000
	0.678000
	0.660000
	0.639000
	0.623500
	0.616000
	0.611500
	0.605500
	0.601500
	0.602000
	0.595000
	0.591000
	0.593000
	0.594000
	0.597000
	0.599000
	0.618500
	0.640000
	0.652000
	0.648500
	0.643000
	0.641000
	0.636000
	0.643500
	0.634500
	0.647500
	0.653000
	0.661500
	0.667000
	0.663500
	0.659500
	0.677000
	0.680000
	0.679500
	0.675000
	0.670500
	0.670500
	0.660500
	0.657500
	0.661500
	0.666500
	0.662000
	0.662500
	0.663000
	0.658000
	0.659000
	0.658000
	0.662000
	0.658000
	0.661500
	0.661500
	0.661000
	0.645500
	0.639000
	0.647000
	0.651500
	0.652000
	0.645000
	0.653500
	0.655500
	0.644500
	0.634000
	0.646500
	0.650000
	0.643500
	0.641000
	0.649000
	0.656500
	0.663500
	0.667500
	0.665000
	0.667500
	0.670500
	0.686000
	0.698500
