	0.185500
	0.267000
	0.326500
	0.385000
	0.423500
	0.459500
	0.494000
	0.514000
	0.520000
	0.546000
	0.572000
	0.574500
	0.593500
	0.605000
	0.612500
	0.621500
	0.641500
	0.652000
	0.657500
	0.672500
	0.669500
	0.663000
	0.654500
	0.643000
	0.639500
	0.640000
	0.654000
	0.659500
	0.661000
	0.662000
	0.665000
	0.674000
	0.682000
	0.691500
	0.697500
	0.697000
	0.696500
	0.693500
	0.685500
	0.683500
	0.687000
	0.679500
	0.689000
	0.698500
	0.691500
	0.689500
	0.688000
	0.688500
	0.686500
	0.693500
	0.696000
	0.695500
	0.693000
	0.692500
	0.676000
	0.669500
	0.656500
	0.648000
	0.636000
	0.623500
	0.621000
	0.622500
	0.615000
	0.621500
	0.636500
	0.639500
	0.636500
	0.644000
	0.649500
	0.660500
	0.652000
	0.652500
	0.653000
	0.654000
	0.665500
	0.666500
	0.665500
	0.657000
	0.655500
	0.665000
	0.679500
	0.688500
	0.698000
	0.699500
	0.701000
	0.693000
	0.699500
	0.693500
	0.693000
	0.684000
	0.676000
	0.671000
	0.659500
	0.652500
	0.660500
	0.668000
	0.679500
	0.672000
	0.677000
	0.676000
	0.662500
	0.656500
	0.648000
	0.659500
	0.666000
	0.676500
	0.683500
	0.674000
	0.674500
	0.680500
	0.689500
	0.686000
	0.684500
	0.684500
	0.686500
	0.690500
	0.683000
	0.685000
	0.688000
	0.689500
	0.683500
	0.681500
	0.685000
	0.675500
	0.665500
	0.667000
	0.660000
	0.670000
	0.686000
	0.688500
	0.702000
	0.709000
	0.717500
	0.721000
	0.713500
	0.700500
	0.700000
	0.695500
	0.687500
	0.663000
	0.651000
	0.626000
	0.614000
	0.601500
	0.607000
	0.616500
	0.622500
	0.645500
	0.646500
	0.656500
	0.662500
	0.680000
	0.682500
	0.693500
	0.675000
	0.668000
	0.665500
	0.669500
	0.670500
	0.664500
	0.667000
	0.678500
	0.693000
	0.699000
	0.690000
	0.689000
	0.689500
	0.694000
	0.704000
	0.712000
	0.713500
	0.713000
	0.706000
	0.692000
	0.681000
	0.684000
	0.681500
	0.684500
	0.690000
	0.683500
	0.690500
	0.692500
	0.691500
	0.692500
	0.691500
	0.699000
	0.691000
	0.677500
	0.661000
	0.645000
	0.648000
	0.653500
	0.653500
	0.650000
	0.651500
	0.655000
	0.667500
	0.684000
	0.685000
	0.686500
