	0.194875
	0.275750
	0.334125
	0.382875
	0.444125
	0.485875
	0.525125
	0.552875
	0.563875
	0.564125
	0.571375
	0.578625
	0.590250
	0.600750
	0.613750
	0.624250
	0.636875
	0.654625
	0.658125
	0.646750
	0.650875
	0.663500
	0.668625
	0.675250
	0.676750
	0.692750
	0.704250
	0.690625
	0.695000
	0.688000
	0.689875
	0.707625
	0.719000
	0.715375
	0.714875
	0.725250
	0.718875
	0.709750
	0.697875
	0.699250
	0.699875
	0.707500
	0.710875
	0.708750
	0.696125
	0.689500
	0.686875
	0.678875
	0.670250
	0.683000
	0.683875
	0.691250
	0.703125
	0.685500
	0.675250
	0.668625
	0.678000
	0.684875
	0.700625
	0.715500
	0.718375
	0.707250
	0.707125
	0.683125
	0.679000
	0.665875
	0.663125
	0.654250
	0.640625
	0.640000
	0.643875
	0.640250
	0.628875
	0.628000
	0.628875
	0.618750
	0.621375
	0.620000
	0.626875
	0.635750
	0.650625
	0.666500
	0.669375
	0.672250
	0.685125
	0.693000
	0.697875
	0.702750
	0.690250
	0.686625
	0.702125
	0.706500
	0.704375
	0.702875
	0.705250
	0.721375
	0.705250
	0.710500
	0.708875
	0.709500
	0.711375
	0.697250
	0.684625
	0.678000
	0.684250
	0.682625
	0.679625
	0.673000
	0.662000
	0.665375
	0.673375
	0.671250
	0.678625
	0.695875
	0.701750
	0.705625
	0.701125
	0.700250
	0.692125
	0.691875
	0.696250
	0.704125
	0.700500
	0.698625
	0.698875
	0.681500
	0.679375
	0.675750
	0.680625
	0.697125
	0.709500
	0.712875
	0.706250
	0.701750
	0.698250
	0.706125
	0.706375
	0.717750
	0.712125
	0.716375
	0.715375
	0.722875
	0.724375
	0.726750
	0.731625
	0.731000
	0.725125
	0.707000
	0.692875
	0.682500
	0.677375
	0.660625
	0.655000
	0.656875
	0.653875
	0.643750
	0.639125
	0.641500
	0.636750
	0.636625
	0.634500
	0.643875
	0.643250
	0.649000
	0.652875
	0.672750
	0.685625
	0.692000
	0.703375
	0.704750
	0.698875
	0.690250
	0.683750
	0.683500
	0.677875
	0.671250
	0.679125
	0.671000
	0.674375
	0.674250
	0.665625
	0.677625
	0.691625
	0.704000
	0.694875
	0.682250
	0.684625
	0.681500
	0.684250
	0.677000
	0.685000
	0.684750
	0.700125
	0.714000
	0.719875
	0.733250
	0.723750
	0.711750
	0.702125
	0.698375
