	0.194875
	0.284625
	0.360625
	0.431750
	0.439000
	0.457250
	0.474125
	0.484125
	0.511625
	0.536000
	0.563750
	0.566500
	0.566250
	0.580375
	0.598375
	0.598625
	0.606625
	0.626125
	0.632125
	0.626875
	0.632625
	0.634000
	0.633125
	0.633000
	0.630250
	0.621500
	0.617875
	0.624750
	0.641625
	0.651500
	0.652250
	0.658625
	0.658000
	0.645625
	0.633000
	0.628375
	0.625250
	0.623875
	0.627250
	0.639000
	0.641875
	0.641750
	0.646125
	0.655500
	0.662375
	0.664750
	0.660125
	0.662750
	0.664625
	0.668750
	0.684000
	0.679125
	0.665000
	0.656250
	0.666000
	0.675875
	0.690250
	0.714250
	0.733625
	0.718000
	0.695125
	0.694500
	0.704500
	0.700750
	0.699750
	0.702625
	0.701625
	0.701000
	0.703875
	0.710125
	0.719000
	0.721875
	0.718750
	0.711125
	0.709500
	0.707750
	0.711125
	0.709500
	0.700375
	0.679250
	0.664125
	0.662625
	0.670500
	0.675250
	0.668625
	0.674000
	0.677500
	0.681375
	0.685250
	0.690375
	0.693250
	0.682625
	0.674625
	0.665125
	0.656875
	0.667750
	0.670125
	0.679000
	0.680875
	0.676750
	0.666125
	0.663625
	0.664125
	0.670000
	0.659125
	0.651500
	0.649375
	0.644250
	0.636500
	0.635875
	0.631750
	0.635625
	0.639625
	0.637000
	0.627625
	0.620500
	0.623125
	0.634500
	0.644750
	0.646625
	0.636500
	0.643000
	0.650875
	0.659625
	0.653375
	0.664250
	0.674250
	0.665625
	0.669000
	0.659375
	0.653750
	0.647625
	0.657000
	0.661750
	0.668125
	0.672625
	0.671875
	0.665750
	0.666250
	0.653875
	0.646500
	0.637375
	0.640875
	0.659875
	0.676750
	0.670000
	0.665375
	0.662250
	0.652125
	0.657000
	0.662625
	0.651500
	0.634250
	0.639000
	0.645375
	0.644750
	0.644625
	0.645000
	0.651125
	0.669000
	0.678375
	0.683125
	0.672000
	0.671875
	0.676125
	0.688375
	0.686250
	0.694375
	0.692250
	0.683625
	0.667250
	0.667250
	0.659000
	0.662375
	0.665500
	0.664250
	0.660125
	0.662125
	0.660125
	0.658500
	0.657750
	0.656625
	0.654500
	0.648375
	0.644750
	0.647125
	0.642000
	0.640250
	0.648500
	0.659250
	0.681125
	0.691000
	0.693125
	0.692500
	0.685750
	0.674625
	0.675375
	0.675750
	0.686250
	0.699625
