	0.195000
	0.275750
	0.316875
	0.356875
	0.377875
	0.409000
	0.448375
	0.482000
	0.511625
	0.537250
	0.550875
	0.557875
	0.559500
	0.563625
	0.561000
	0.570000
	0.583875
	0.603625
	0.608000
	0.603875
	0.613625
	0.634750
	0.656625
	0.675500
	0.677875
	0.690125
	0.708500
	0.707375
	0.703250
	0.685625
	0.692000
	0.697375
	0.706875
	0.710250
	0.708000
	0.706875
	0.718250
	0.729625
	0.726625
	0.728500
	0.726250
	0.719625
	0.712500
	0.720500
	0.714875
	0.701250
	0.692125
	0.687875
	0.692500
	0.692375
	0.690250
	0.690875
	0.690250
	0.689875
	0.693750
	0.694625
	0.695000
	0.693500
	0.698500
	0.690625
	0.679500
	0.673875
	0.672250
	0.667625
	0.666000
	0.675250
	0.680750
	0.681375
	0.669750
	0.672625
	0.661625
	0.661000
	0.651000
	0.644375
	0.647750
	0.640500
	0.651625
	0.656250
	0.657750
	0.653875
	0.652750
	0.648625
	0.655000
	0.660875
	0.662750
	0.655625
	0.647500
	0.667750
	0.676625
	0.680750
	0.682000
	0.683875
	0.677250
	0.667625
	0.656000
	0.659375
	0.658375
	0.655000
	0.651875
	0.647500
	0.640375
	0.640750
	0.645125
	0.661875
	0.657000
	0.653375
	0.645250
	0.641125
	0.645750
	0.642625
	0.639000
	0.643250
	0.645375
	0.639250
	0.650250
	0.653625
	0.659875
	0.658250
	0.653625
	0.649000
	0.648875
	0.655250
	0.662625
	0.666500
	0.669375
	0.678125
	0.690250
	0.705625
	0.717000
	0.725000
	0.724125
	0.710500
	0.707250
	0.707625
	0.688500
	0.687125
	0.692250
	0.680125
	0.675625
	0.674000
	0.676625
	0.674500
	0.671875
	0.663125
	0.664625
	0.676000
	0.671375
	0.674000
	0.673375
	0.676250
	0.675250
	0.665625
	0.665250
	0.665375
	0.659750
	0.651000
	0.642125
	0.646750
	0.655625
	0.664625
	0.662500
	0.657375
	0.665875
	0.673250
	0.687000
	0.680375
	0.684000
	0.682375
	0.674750
	0.674000
	0.672375
	0.667250
	0.655625
	0.661000
	0.680375
	0.681750
	0.674375
	0.675250
	0.676750
	0.674625
	0.687000
	0.696875
	0.693250
	0.697250
	0.700625
	0.710000
	0.704875
	0.693000
	0.677750
	0.656375
	0.637250
	0.620875
	0.608625
	0.618500
	0.632125
	0.636500
	0.640750
	0.647500
	0.651000
	0.647625
