	0.152225
	0.186640
	0.195992
	0.201148
	0.200275
	0.200441
	0.198093
	0.189742
	0.177473
	0.168497
	0.159507
	0.152852
	0.145669
	0.140128
	0.133895
	0.131609
	0.130370
	0.125376
	0.122417
	0.118424
	0.119213
	0.109077
	0.096380
	0.084728
	0.080846
	0.076335
	0.063515
	0.062303
	0.059008
	0.065739
	0.063674
	0.060363
	0.055882
	0.055348
	0.057308
	0.060920
	0.054545
	0.043152
	0.046474
	0.047325
	0.045980
	0.050323
	0.055656
	0.049899
	0.048580
	0.052973
	0.055352
	0.063683
	0.064441
	0.066618
	0.061855
	0.059400
	0.060636
	0.060362
	0.061273
	0.061123
	0.060681
	0.061033
	0.061117
	0.063395
	0.066280
	0.069400
	0.069174
	0.069285
	0.072307
	0.070794
	0.071361
	0.070755
	0.075397
	0.075952
	0.080507
	0.081513
	0.084821
	0.089523
	0.091348
	0.094538
	0.091565
	0.085802
	0.086368
	0.090924
	0.093592
	0.094850
	0.090469
	0.085033
	0.080637
	0.079957
	0.084763
	0.077341
	0.076099
	0.078173
	0.079382
	0.074379
	0.074570
	0.078678
	0.085420
	0.087976
	0.089591
	0.089091
	0.087820
	0.089734
	0.092156
	0.095386
	0.095512
	0.089448
	0.092485
	0.092031
	0.094856
	0.099201
	0.100148
	0.101513
	0.103163
	0.100508
	0.097040
	0.096031
	0.092478
	0.090242
	0.085979
	0.083194
	0.083526
	0.088755
	0.090913
	0.087997
	0.083967
	0.080447
	0.080926
	0.078457
	0.073639
	0.062942
	0.052814
	0.046491
	0.046423
	0.050887
	0.052538
	0.052109
	0.060427
	0.060370
	0.057199
	0.062891
	0.069520
	0.071693
	0.068861
	0.070587
	0.071942
	0.077582
	0.077519
	0.076724
	0.071051
	0.070490
	0.069727
	0.070008
	0.071241
	0.074686
	0.077758
	0.075800
	0.077189
	0.083183
	0.086261
	0.085524
	0.082654
	0.082663
	0.083850
	0.083410
	0.077784
	0.073256
	0.066778
	0.068707
	0.069982
	0.068997
	0.070081
	0.068518
	0.067763
	0.067952
	0.075420
	0.078432
	0.070701
	0.071626
	0.075411
	0.076741
	0.075650
	0.072861
	0.070165
	0.068520
	0.066595
	0.059689
	0.055686
	0.051038
	0.052059
	0.059614
	0.070174
	0.079211
	0.087237
	0.097235
	0.105155
	0.104955
	0.099041
	0.095508
	0.095861
	0.097034
	0.092158
	0.092830
