	0.152225
	0.190025
	0.200035
	0.202371
	0.200069
	0.195825
	0.187533
	0.179441
	0.164206
	0.149200
	0.135185
	0.123396
	0.107621
	0.095399
	0.088619
	0.077023
	0.069723
	0.068600
	0.068639
	0.074669
	0.078004
	0.073205
	0.072124
	0.080004
	0.080719
	0.081305
	0.071421
	0.069766
	0.072475
	0.072445
	0.071189
	0.068756
	0.070065
	0.063391
	0.058941
	0.055391
	0.060869
	0.061235
	0.062061
	0.067843
	0.079085
	0.081103
	0.089185
	0.096794
	0.103333
	0.106569
	0.111169
	0.108875
	0.102019
	0.096655
	0.085195
	0.075913
	0.067793
	0.057169
	0.051869
	0.049936
	0.053453
	0.056875
	0.059126
	0.063505
	0.070103
	0.075854
	0.083446
	0.087449
	0.091541
	0.087351
	0.082039
	0.070464
	0.059543
	0.051816
	0.041055
	0.042881
	0.048241
	0.056653
	0.063750
	0.072155
	0.075615
	0.071026
	0.066013
	0.071683
	0.064873
	0.056465
	0.059765
	0.065003
	0.069166
	0.072555
	0.080214
	0.083184
	0.089835
	0.091395
	0.092500
	0.091923
	0.091323
	0.089836
	0.085311
	0.082121
	0.073215
	0.076325
	0.081169
	0.071554
	0.066356
	0.052875
	0.046944
	0.044945
	0.050733
	0.051001
	0.056723
	0.059499
	0.058875
	0.057399
	0.059019
	0.062776
	0.068069
	0.069021
	0.065711
	0.061985
	0.054203
	0.049900
	0.044971
	0.039455
	0.036189
	0.035405
	0.035521
	0.039393
	0.043814
	0.048186
	0.054375
	0.060889
	0.058904
	0.054419
	0.056375
	0.061283
	0.060723
	0.062763
	0.063243
	0.064519
	0.062800
	0.068866
	0.069019
	0.065355
	0.070505
	0.067875
	0.061085
	0.055445
	0.054505
	0.051741
	0.051775
	0.052434
	0.055019
	0.056469
	0.065533
	0.071673
	0.076409
	0.076569
	0.076669
	0.074959
	0.072175
	0.067885
	0.071661
	0.066154
	0.062685
	0.060125
	0.063853
	0.070575
	0.076085
	0.075285
	0.075519
	0.072175
	0.066859
	0.072419
	0.074423
	0.074309
	0.081619
	0.077606
	0.079269
	0.082001
	0.081706
	0.077369
	0.067353
	0.066419
	0.068854
	0.075513
	0.069319
	0.066445
	0.061769
	0.056975
	0.057825
	0.063104
	0.062335
	0.064815
	0.065115
	0.071213
	0.077769
	0.082265
	0.083765
	0.074463
	0.074500
	0.072013
	0.061550
	0.066294
