	0.141224
	0.183761
	0.202614
	0.204849
	0.201258
	0.197195
	0.188798
	0.175098
	0.160843
	0.149001
	0.137131
	0.128075
	0.126017
	0.122676
	0.120911
	0.115827
	0.110148
	0.098904
	0.090348
	0.087354
	0.082713
	0.086042
	0.088717
	0.087933
	0.086795
	0.084140
	0.084612
	0.086259
	0.084395
	0.075150
	0.071076
	0.062750
	0.058754
	0.056655
	0.054320
	0.061823
	0.064911
	0.062162
	0.063670
	0.065386
	0.062395
	0.065100
	0.064583
	0.061334
	0.060479
	0.068056
	0.074984
	0.078572
	0.081998
	0.080481
	0.088167
	0.096392
	0.098335
	0.099847
	0.100239
	0.102033
	0.108601
	0.111879
	0.112213
	0.113033
	0.110989
	0.113778
	0.117324
	0.114138
	0.117131
	0.120731
	0.119253
	0.109303
	0.100126
	0.090694
	0.086535
	0.081021
	0.077120
	0.077495
	0.073561
	0.075381
	0.075776
	0.074062
	0.071480
	0.071116
	0.064070
	0.067545
	0.071944
	0.069862
	0.076082
	0.080773
	0.084217
	0.084623
	0.083095
	0.076017
	0.074645
	0.073381
	0.072302
	0.070133
	0.073453
	0.077576
	0.072078
	0.067953
	0.068205
	0.066200
	0.061278
	0.058515
	0.057617
	0.048967
	0.043562
	0.049509
	0.052530
	0.056651
	0.060134
	0.064786
	0.073314
	0.081658
	0.087038
	0.090003
	0.091598
	0.086368
	0.085451
	0.086333
	0.084438
	0.083593
	0.086873
	0.085852
	0.086143
	0.090014
	0.085758
	0.081496
	0.075037
	0.069966
	0.059710
	0.062591
	0.065900
	0.067339
	0.068342
	0.064442
	0.066932
	0.065998
	0.068355
	0.069100
	0.068873
	0.072288
	0.075749
	0.078089
	0.076868
	0.077700
	0.070777
	0.059245
	0.050592
	0.044438
	0.044245
	0.044824
	0.048806
	0.051809
	0.051067
	0.052719
	0.051640
	0.052073
	0.047168
	0.050878
	0.051970
	0.050191
	0.051681
	0.053699
	0.060445
	0.068164
	0.071843
	0.069248
	0.066707
	0.067483
	0.060341
	0.060473
	0.060393
	0.057539
	0.060713
	0.060011
	0.054235
	0.052314
	0.050369
	0.052995
	0.051888
	0.046947
	0.049242
	0.053360
	0.056855
	0.057966
	0.057203
	0.048971
	0.053581
	0.054295
	0.052839
	0.059366
	0.063512
	0.067719
	0.071164
	0.079465
	0.083691
	0.085086
	0.088534
	0.086083
	0.084693
	0.081491
