	0.151495
	0.188894
	0.203869
	0.205586
	0.199623
	0.189371
	0.178219
	0.171969
	0.168275
	0.165635
	0.160021
	0.148936
	0.144765
	0.135925
	0.129451
	0.121769
	0.114959
	0.104365
	0.100255
	0.091755
	0.086384
	0.083655
	0.072923
	0.075355
	0.077885
	0.071795
	0.063303
	0.058169
	0.060719
	0.062575
	0.064975
	0.070450
	0.073399
	0.075875
	0.073406
	0.065863
	0.075791
	0.083695
	0.088043
	0.088133
	0.083369
	0.080111
	0.080489
	0.070629
	0.064885
	0.063304
	0.061315
	0.065489
	0.061266
	0.060609
	0.059013
	0.052305
	0.053023
	0.055495
	0.063033
	0.068894
	0.075021
	0.078813
	0.082719
	0.081700
	0.083283
	0.078304
	0.083553
	0.084469
	0.091675
	0.090905
	0.097693
	0.093546
	0.089101
	0.090375
	0.092050
	0.097919
	0.104871
	0.109335
	0.115296
	0.117969
	0.122425
	0.125469
	0.128269
	0.133405
	0.133004
	0.134326
	0.132121
	0.132559
	0.130025
	0.128325
	0.119663
	0.114219
	0.097406
	0.089975
	0.088205
	0.096243
	0.102144
	0.103775
	0.099831
	0.094249
	0.084054
	0.077709
	0.071106
	0.068715
	0.069619
	0.070511
	0.077695
	0.085114
	0.085215
	0.088343
	0.085150
	0.082800
	0.078726
	0.073123
	0.070374
	0.066845
	0.067976
	0.070809
	0.074655
	0.083569
	0.088384
	0.091749
	0.090386
	0.090586
	0.085209
	0.082055
	0.073353
	0.068953
	0.067169
	0.062399
	0.059734
	0.061619
	0.067219
	0.071639
	0.080239
	0.066464
	0.060164
	0.055339
	0.054581
	0.044124
	0.044273
	0.034815
	0.038325
	0.037773
	0.038375
	0.039413
	0.041235
	0.046645
	0.051775
	0.053565
	0.054753
	0.055719
	0.059331
	0.058123
	0.051485
	0.043575
	0.038281
	0.036785
	0.038183
	0.041275
	0.041483
	0.045593
	0.049569
	0.056279
	0.061866
	0.068526
	0.074833
	0.078725
	0.085275
	0.090393
	0.089285
	0.083034
	0.075961
	0.064861
	0.058843
	0.055083
	0.057353
	0.056363
	0.051855
	0.056313
	0.058734
	0.061483
	0.060796
	0.063141
	0.066023
	0.063950
	0.060564
	0.056250
	0.055693
	0.051853
	0.049204
	0.044216
	0.045893
	0.052325
	0.049350
	0.047694
	0.043124
	0.038744
	0.041124
	0.037075
	0.037973
	0.040824
	0.044164
	0.045200
