	0.146815
	0.186974
	0.204441
	0.206361
	0.198713
	0.184169
	0.170575
	0.152106
	0.140849
	0.137149
	0.132153
	0.128503
	0.127950
	0.125156
	0.121995
	0.119549
	0.118769
	0.118619
	0.121343
	0.122733
	0.114969
	0.104925
	0.100050
	0.099986
	0.093784
	0.097473
	0.094683
	0.087595
	0.081569
	0.081311
	0.084156
	0.081715
	0.084025
	0.084773
	0.091819
	0.098611
	0.097635
	0.089884
	0.086903
	0.080135
	0.077776
	0.073255
	0.068674
	0.069321
	0.063374
	0.063225
	0.062875
	0.066125
	0.061639
	0.058453
	0.058693
	0.058811
	0.061469
	0.065575
	0.067459
	0.070469
	0.064221
	0.061759
	0.058961
	0.064165
	0.064469
	0.072065
	0.077235
	0.082105
	0.090463
	0.093413
	0.088683
	0.085783
	0.082969
	0.070305
	0.067426
	0.068343
	0.064925
	0.063275
	0.066274
	0.072345
	0.073025
	0.071203
	0.070194
	0.066086
	0.071011
	0.066000
	0.066693
	0.067493
	0.069669
	0.064599
	0.053506
	0.045025
	0.038581
	0.040969
	0.044221
	0.042513
	0.040269
	0.039316
	0.039050
	0.041045
	0.047833
	0.053979
	0.060125
	0.066695
	0.071253
	0.065196
	0.056803
	0.048925
	0.048753
	0.048283
	0.044926
	0.046831
	0.046994
	0.047385
	0.047644
	0.045025
	0.042145
	0.043569
	0.045739
	0.050704
	0.054600
	0.053714
	0.056686
	0.063309
	0.066295
	0.064450
	0.064619
	0.066200
	0.056663
	0.051219
	0.048479
	0.049951
	0.049946
	0.047925
	0.050225
	0.053725
	0.060033
	0.066925
	0.066805
	0.064004
	0.067063
	0.072553
	0.077679
	0.066883
	0.064269
	0.062835
	0.059615
	0.051291
	0.048745
	0.047885
	0.051055
	0.056884
	0.060329
	0.061246
	0.056273
	0.057123
	0.057525
	0.056725
	0.062575
	0.067416
	0.069971
	0.073005
	0.077565
	0.080741
	0.086931
	0.089269
	0.093419
	0.092785
	0.092069
	0.090551
	0.087691
	0.086173
	0.082369
	0.074469
	0.070989
	0.069109
	0.066285
	0.052703
	0.053425
	0.057055
	0.064669
	0.073100
	0.076059
	0.071669
	0.065619
	0.058713
	0.059856
	0.059743
	0.062325
	0.066963
	0.073503
	0.078599
	0.085564
	0.083713
	0.088951
	0.091425
	0.090346
	0.087950
	0.089099
	0.091614
	0.092323
	0.086765
	0.084373
	0.073036
