	0.140425
	0.181785
	0.200053
	0.202063
	0.197569
	0.191325
	0.181425
	0.167006
	0.153239
	0.144861
	0.129500
	0.113383
	0.104975
	0.097986
	0.092895
	0.093634
	0.091245
	0.092623
	0.088729
	0.087033
	0.090319
	0.093146
	0.091191
	0.085600
	0.082944
	0.078133
	0.073043
	0.067379
	0.076234
	0.086613
	0.092683
	0.091286
	0.098755
	0.102204
	0.098759
	0.094225
	0.089279
	0.090581
	0.097763
	0.097731
	0.096941
	0.094596
	0.095149
	0.096223
	0.087854
	0.086469
	0.080773
	0.079466
	0.077919
	0.079750
	0.080125
	0.077175
	0.067103
	0.056064
	0.048531
	0.055300
	0.059753
	0.064150
	0.069576
	0.070381
	0.076305
	0.079955
	0.081696
	0.078243
	0.075093
	0.072705
	0.072504
	0.072285
	0.074251
	0.077164
	0.077864
	0.083269
	0.084641
	0.084669
	0.088149
	0.087950
	0.078725
	0.076843
	0.076869
	0.080619
	0.081623
	0.085256
	0.088465
	0.085665
	0.088983
	0.087015
	0.090564
	0.094219
	0.093019
	0.095493
	0.092385
	0.092814
	0.093803
	0.100243
	0.102131
	0.104186
	0.098963
	0.094315
	0.086675
	0.080571
	0.084993
	0.088075
	0.086929
	0.089424
	0.090350
	0.097604
	0.104769
	0.107955
	0.108543
	0.108525
	0.102639
	0.096069
	0.088275
	0.084151
	0.080766
	0.084026
	0.084200
	0.080713
	0.084396
	0.083145
	0.090316
	0.092875
	0.093973
	0.092723
	0.095569
	0.097133
	0.101569
	0.101405
	0.105475
	0.105941
	0.109655
	0.107193
	0.104811
	0.100595
	0.100944
	0.104695
	0.106916
	0.109204
	0.104303
	0.096169
	0.091213
	0.082591
	0.077443
	0.079103
	0.078031
	0.077534
	0.077935
	0.082386
	0.089323
	0.091619
	0.094295
	0.098701
	0.098301
	0.089349
	0.081906
	0.077306
	0.076775
	0.080399
	0.074004
	0.070419
	0.072421
	0.072161
	0.072353
	0.071693
	0.076413
	0.083446
	0.082999
	0.088564
	0.091225
	0.092295
	0.095545
	0.091535
	0.084325
	0.087519
	0.087053
	0.085619
	0.084685
	0.081563
	0.066295
	0.073975
	0.079126
	0.082904
	0.085334
	0.087545
	0.089619
	0.088819
	0.087999
	0.084849
	0.088415
	0.096221
	0.095985
	0.092199
	0.086043
	0.080366
	0.081571
	0.085319
	0.091463
	0.093646
	0.090986
	0.092633
