	0.146075
	0.183103
	0.201019
	0.203225
	0.197203
	0.186343
	0.179484
	0.174175
	0.171001
	0.159315
	0.148275
	0.144544
	0.137235
	0.133285
	0.132081
	0.131419
	0.127963
	0.126565
	0.127133
	0.127416
	0.122951
	0.121695
	0.122019
	0.122841
	0.121484
	0.123975
	0.121785
	0.118585
	0.107919
	0.099823
	0.090885
	0.089161
	0.089086
	0.089050
	0.083179
	0.081565
	0.082881
	0.083869
	0.085513
	0.086646
	0.083625
	0.084225
	0.081850
	0.080905
	0.079369
	0.083531
	0.088335
	0.094565
	0.101113
	0.104383
	0.112985
	0.119789
	0.122994
	0.125875
	0.125224
	0.124276
	0.123169
	0.113869
	0.101636
	0.095425
	0.085971
	0.085825
	0.081385
	0.085286
	0.087050
	0.089586
	0.086413
	0.090275
	0.093675
	0.097075
	0.103503
	0.105586
	0.105603
	0.104209
	0.103385
	0.101334
	0.104181
	0.100376
	0.103375
	0.101669
	0.096863
	0.101824
	0.106769
	0.107495
	0.108331
	0.108404
	0.108655
	0.106619
	0.103769
	0.102916
	0.107069
	0.115419
	0.115075
	0.116984
	0.117296
	0.119734
	0.123269
	0.127645
	0.130621
	0.134261
	0.134703
	0.132894
	0.134295
	0.128519
	0.125669
	0.125973
	0.123751
	0.126191
	0.125269
	0.122786
	0.119554
	0.115961
	0.112431
	0.110869
	0.106213
	0.107374
	0.107621
	0.105765
	0.102306
	0.097693
	0.098815
	0.104071
	0.109075
	0.113413
	0.117523
	0.121519
	0.122965
	0.125433
	0.124473
	0.124623
	0.120783
	0.122319
	0.116900
	0.111715
	0.106613
	0.106565
	0.103423
	0.107714
	0.112355
	0.117945
	0.115535
	0.117215
	0.114199
	0.115504
	0.117006
	0.113849
	0.109069
	0.103156
	0.098423
	0.100921
	0.107119
	0.111211
	0.117064
	0.114400
	0.113415
	0.116375
	0.108469
	0.110071
	0.108126
	0.101103
	0.093983
	0.092551
	0.090599
	0.091669
	0.086579
	0.080845
	0.079694
	0.077275
	0.076726
	0.079150
	0.079489
	0.077016
	0.076575
	0.078793
	0.075881
	0.071913
	0.069923
	0.072125
	0.069389
	0.072505
	0.073594
	0.075703
	0.073150
	0.070304
	0.073674
	0.074361
	0.078819
	0.082906
	0.080443
	0.086796
	0.093695
	0.097753
	0.105594
	0.113993
	0.114915
	0.113374
	0.112094
	0.103863
	0.099325
	0.101933
