	0.152225
	0.190025
	0.206600
	0.205953
	0.196225
	0.182715
	0.168725
	0.155375
	0.144375
	0.131419
	0.132246
	0.129583
	0.116509
	0.102249
	0.091181
	0.079939
	0.073654
	0.070215
	0.067569
	0.068513
	0.065893
	0.061901
	0.065411
	0.068023
	0.067971
	0.069825
	0.075739
	0.077781
	0.078475
	0.078065
	0.079719
	0.078469
	0.073175
	0.066575
	0.061833
	0.059815
	0.060319
	0.059025
	0.056626
	0.059659
	0.063669
	0.067261
	0.063173
	0.064823
	0.065374
	0.073241
	0.078575
	0.084113
	0.083373
	0.078895
	0.078275
	0.086085
	0.095255
	0.099223
	0.095631
	0.094619
	0.092149
	0.085773
	0.083575
	0.082006
	0.074513
	0.077019
	0.082623
	0.089119
	0.081186
	0.081065
	0.074271
	0.075439
	0.072255
	0.067956
	0.066379
	0.066913
	0.063603
	0.070166
	0.075989
	0.076133
	0.071269
	0.068825
	0.069450
	0.070173
	0.070774
	0.077619
	0.077543
	0.083995
	0.088015
	0.092585
	0.093289
	0.094453
	0.094101
	0.094995
	0.095513
	0.089495
	0.086775
	0.085114
	0.086900
	0.090050
	0.085673
	0.079986
	0.081036
	0.075134
	0.068954
	0.075565
	0.084095
	0.088213
	0.093451
	0.091134
	0.093219
	0.087755
	0.080950
	0.065011
	0.056329
	0.051591
	0.051484
	0.051413
	0.049646
	0.050136
	0.059013
	0.066915
	0.071856
	0.080141
	0.083744
	0.092315
	0.099296
	0.104493
	0.108385
	0.107985
	0.107523
	0.108943
	0.114619
	0.114964
	0.121825
	0.127969
	0.126963
	0.120169
	0.120961
	0.120711
	0.115571
	0.112709
	0.108525
	0.103863
	0.092985
	0.083166
	0.076293
	0.073204
	0.071469
	0.076750
	0.075119
	0.072974
	0.073445
	0.070166
	0.066785
	0.056113
	0.059626
	0.066895
	0.077200
	0.084750
	0.081195
	0.085621
	0.094019
	0.096245
	0.089441
	0.081004
	0.082375
	0.085515
	0.089063
	0.091269
	0.090873
	0.094181
	0.096143
	0.096913
	0.093923
	0.090186
	0.086475
	0.082019
	0.079450
	0.084045
	0.088945
	0.091019
	0.093735
	0.095255
	0.100503
	0.099695
	0.098099
	0.095319
	0.094495
	0.087669
	0.084531
	0.085093
	0.086669
	0.083259
	0.081595
	0.084024
	0.088531
	0.087493
	0.082786
	0.084934
	0.088086
	0.090806
	0.088815
	0.086063
