	0.146075
	0.184524
	0.199819
	0.203084
	0.196955
	0.188273
	0.177925
	0.170901
	0.163895
	0.150525
	0.137951
	0.121824
	0.110039
	0.099275
	0.087944
	0.074075
	0.068103
	0.064306
	0.067324
	0.076035
	0.080619
	0.075625
	0.070239
	0.062919
	0.063171
	0.065174
	0.066500
	0.067313
	0.067545
	0.069000
	0.069411
	0.071029
	0.080701
	0.088853
	0.093533
	0.099676
	0.098715
	0.094426
	0.092161
	0.092331
	0.085995
	0.082043
	0.078306
	0.075779
	0.071400
	0.073443
	0.072093
	0.079141
	0.072465
	0.068025
	0.067621
	0.064261
	0.068923
	0.067683
	0.069176
	0.066339
	0.073253
	0.081496
	0.082136
	0.083115
	0.078125
	0.075125
	0.081131
	0.079365
	0.078825
	0.086649
	0.088853
	0.088949
	0.086773
	0.083219
	0.086563
	0.091150
	0.090186
	0.081309
	0.075689
	0.080433
	0.078753
	0.077379
	0.076751
	0.081396
	0.079455
	0.075379
	0.067955
	0.068005
	0.066315
	0.063476
	0.065676
	0.069879
	0.074183
	0.078663
	0.080149
	0.080725
	0.085375
	0.088873
	0.087034
	0.081475
	0.076625
	0.079024
	0.073224
	0.074161
	0.079253
	0.080919
	0.089096
	0.092719
	0.095836
	0.089705
	0.086265
	0.077524
	0.072245
	0.065343
	0.070923
	0.070625
	0.071900
	0.076094
	0.080665
	0.087253
	0.091456
	0.094656
	0.099263
	0.103593
	0.109054
	0.108169
	0.105583
	0.104485
	0.098269
	0.095175
	0.090125
	0.077576
	0.073145
	0.065861
	0.066319
	0.063663
	0.067065
	0.070316
	0.073519
	0.071383
	0.076514
	0.082229
	0.089969
	0.087900
	0.092200
	0.098943
	0.097635
	0.103104
	0.100275
	0.093554
	0.099550
	0.100129
	0.098105
	0.100704
	0.101535
	0.101861
	0.097073
	0.089379
	0.075919
	0.075273
	0.073609
	0.078541
	0.083643
	0.087625
	0.090809
	0.088616
	0.093159
	0.091093
	0.087063
	0.083284
	0.086655
	0.095605
	0.104569
	0.112834
	0.116369
	0.111369
	0.102503
	0.095675
	0.087405
	0.079469
	0.068726
	0.065975
	0.063676
	0.066939
	0.065669
	0.065813
	0.060781
	0.057400
	0.057765
	0.059813
	0.056643
	0.053219
	0.059721
	0.069193
	0.072433
	0.076473
	0.074469
	0.078455
	0.078925
	0.085314
	0.088655
	0.086563
	0.092903
	0.096569
