	0.140425
	0.179719
	0.202033
	0.205903
	0.195353
	0.179776
	0.166569
	0.155993
	0.147855
	0.138569
	0.126515
	0.119569
	0.110093
	0.101191
	0.090353
	0.082373
	0.070065
	0.066393
	0.071869
	0.071869
	0.071819
	0.074475
	0.071664
	0.066929
	0.064994
	0.062825
	0.054765
	0.052735
	0.048349
	0.053615
	0.050249
	0.050173
	0.055101
	0.059179
	0.062619
	0.063619
	0.067969
	0.068900
	0.074819
	0.073626
	0.075965
	0.075013
	0.071475
	0.060453
	0.060203
	0.057105
	0.053683
	0.056619
	0.062469
	0.067054
	0.065806
	0.066669
	0.062915
	0.058943
	0.058969
	0.054213
	0.050986
	0.051153
	0.053313
	0.059564
	0.060784
	0.068419
	0.073363
	0.079843
	0.084769
	0.084513
	0.087646
	0.091869
	0.086601
	0.086855
	0.091006
	0.092175
	0.093561
	0.097775
	0.100003
	0.101163
	0.106250
	0.107586
	0.108285
	0.106265
	0.103525
	0.093469
	0.092055
	0.091514
	0.088019
	0.084183
	0.089150
	0.090075
	0.091043
	0.091919
	0.084915
	0.081861
	0.083735
	0.082553
	0.084419
	0.088764
	0.088583
	0.089034
	0.078825
	0.070504
	0.067819
	0.068129
	0.069989
	0.067075
	0.065545
	0.063825
	0.070893
	0.071779
	0.071919
	0.077705
	0.086550
	0.094643
	0.100104
	0.104325
	0.099419
	0.094323
	0.094173
	0.098534
	0.099419
	0.104844
	0.107621
	0.111815
	0.115655
	0.118605
	0.117884
	0.116165
	0.110875
	0.106483
	0.110475
	0.111269
	0.114174
	0.116021
	0.111013
	0.105315
	0.097133
	0.089153
	0.088451
	0.089323
	0.093719
	0.098669
	0.101233
	0.106593
	0.107719
	0.109685
	0.106909
	0.109294
	0.109054
	0.110491
	0.111496
	0.114136
	0.117023
	0.111253
	0.109169
	0.107611
	0.113633
	0.121300
	0.124666
	0.126523
	0.130103
	0.121250
	0.114075
	0.104569
	0.106731
	0.104894
	0.107233
	0.108709
	0.108416
	0.110861
	0.113105
	0.117891
	0.119323
	0.119796
	0.120753
	0.115091
	0.110246
	0.106884
	0.110979
	0.117609
	0.123804
	0.129369
	0.130891
	0.124903
	0.118271
	0.112289
	0.110969
	0.111175
	0.111955
	0.107669
	0.109726
	0.110843
	0.111835
	0.112519
	0.114525
	0.116615
	0.114846
	0.117603
	0.120903
	0.122939
	0.126869
	0.130626
