	0.146815
	0.185675
	0.200053
	0.202963
	0.197463
	0.192306
	0.187663
	0.183013
	0.176325
	0.172781
	0.171950
	0.167150
	0.162269
	0.152504
	0.144550
	0.139003
	0.130099
	0.120504
	0.111655
	0.106055
	0.102425
	0.089550
	0.088023
	0.083641
	0.082095
	0.079304
	0.080525
	0.078686
	0.080719
	0.080500
	0.079853
	0.077313
	0.068949
	0.060079
	0.052159
	0.046989
	0.045076
	0.049415
	0.051283
	0.055875
	0.065831
	0.072364
	0.075619
	0.082264
	0.086713
	0.089150
	0.090583
	0.089775
	0.095436
	0.090355
	0.084725
	0.071616
	0.057013
	0.048811
	0.044974
	0.045473
	0.053351
	0.060495
	0.062685
	0.070289
	0.076899
	0.084929
	0.087031
	0.091219
	0.097026
	0.099539
	0.095923
	0.095073
	0.102419
	0.107375
	0.108475
	0.113203
	0.114811
	0.116825
	0.122085
	0.120599
	0.119814
	0.115694
	0.107445
	0.103750
	0.098415
	0.095179
	0.085306
	0.075759
	0.068393
	0.069233
	0.067265
	0.067769
	0.073666
	0.078273
	0.083095
	0.086369
	0.087261
	0.084003
	0.090083
	0.090269
	0.089936
	0.085285
	0.081486
	0.078275
	0.070266
	0.068263
	0.072855
	0.075219
	0.079073
	0.078569
	0.079475
	0.083500
	0.081884
	0.079094
	0.067045
	0.062189
	0.063374
	0.066393
	0.068199
	0.065150
	0.070915
	0.079381
	0.085915
	0.093585
	0.097054
	0.088115
	0.073035
	0.066825
	0.062354
	0.059154
	0.057819
	0.051436
	0.051179
	0.055249
	0.057901
	0.059265
	0.069569
	0.079833
	0.081904
	0.082763
	0.081575
	0.075153
	0.066703
	0.062215
	0.059029
	0.062285
	0.065513
	0.059536
	0.055741
	0.053773
	0.055601
	0.051956
	0.049115
	0.051643
	0.050615
	0.051906
	0.053876
	0.059323
	0.063869
	0.067950
	0.072789
	0.074439
	0.076469
	0.078294
	0.078593
	0.080350
	0.075033
	0.068719
	0.062533
	0.064856
	0.065269
	0.075499
	0.078249
	0.085565
	0.085305
	0.085091
	0.091031
	0.100213
	0.100155
	0.102025
	0.102573
	0.100494
	0.098883
	0.096669
	0.097575
	0.100319
	0.100355
	0.097033
	0.098765
	0.093045
	0.091843
	0.089931
	0.088086
	0.087814
	0.094985
	0.091225
	0.084945
	0.084096
	0.081265
	0.083193
	0.087391
	0.084525
	0.085333
	0.087865
