	0.146815
	0.186974
	0.202614
	0.203205
	0.201328
	0.193917
	0.185035
	0.177735
	0.173054
	0.173690
	0.165618
	0.157763
	0.147396
	0.134997
	0.128570
	0.113766
	0.102307
	0.099248
	0.096001
	0.091152
	0.085543
	0.080999
	0.080738
	0.076051
	0.067288
	0.062563
	0.060791
	0.062327
	0.065391
	0.067957
	0.073057
	0.076309
	0.079620
	0.082354
	0.087244
	0.094032
	0.099543
	0.099944
	0.098808
	0.096734
	0.092673
	0.083111
	0.077662
	0.072147
	0.067473
	0.064850
	0.070621
	0.065327
	0.063648
	0.061609
	0.063376
	0.061243
	0.057068
	0.053109
	0.056172
	0.061910
	0.061465
	0.063590
	0.064454
	0.069221
	0.069510
	0.075212
	0.077639
	0.078962
	0.085688
	0.093831
	0.098851
	0.103937
	0.097408
	0.090438
	0.077829
	0.068512
	0.061536
	0.059392
	0.063400
	0.064776
	0.065950
	0.064625
	0.068143
	0.067986
	0.067702
	0.074968
	0.074361
	0.078204
	0.079152
	0.081961
	0.085694
	0.089592
	0.092603
	0.093407
	0.088858
	0.075625
	0.068633
	0.067158
	0.058990
	0.057143
	0.054777
	0.052582
	0.050909
	0.048920
	0.048306
	0.054025
	0.063783
	0.070408
	0.073779
	0.081774
	0.085211
	0.087063
	0.086084
	0.086208
	0.082564
	0.080308
	0.082807
	0.083186
	0.081575
	0.082070
	0.080245
	0.079643
	0.077108
	0.074498
	0.069653
	0.070314
	0.071161
	0.070792
	0.074114
	0.074550
	0.082615
	0.086752
	0.096249
	0.095063
	0.092789
	0.087691
	0.082154
	0.078623
	0.069814
	0.071858
	0.070828
	0.074708
	0.068292
	0.069153
	0.068496
	0.068340
	0.074784
	0.078861
	0.086191
	0.085951
	0.082305
	0.080488
	0.081643
	0.083220
	0.085359
	0.089500
	0.090232
	0.091885
	0.095143
	0.092451
	0.084996
	0.083716
	0.074148
	0.064593
	0.065203
	0.064475
	0.059516
	0.061736
	0.059637
	0.057734
	0.062369
	0.067091
	0.067875
	0.062621
	0.066796
	0.059867
	0.055937
	0.052461
	0.054605
	0.057336
	0.063318
	0.068456
	0.066829
	0.070604
	0.070157
	0.069090
	0.072238
	0.070357
	0.074965
	0.076263
	0.076545
	0.069098
	0.067566
	0.060780
	0.060639
	0.059090
	0.059682
	0.062999
	0.059050
	0.061639
	0.068004
	0.062173
	0.067786
	0.066889
