	0.146075
	0.185175
	0.199185
	0.202693
	0.197416
	0.189516
	0.182400
	0.178750
	0.173283
	0.168721
	0.156955
	0.144426
	0.129475
	0.115019
	0.096575
	0.087276
	0.081425
	0.075500
	0.072145
	0.072066
	0.071909
	0.068535
	0.062354
	0.058803
	0.057791
	0.062529
	0.067713
	0.064444
	0.063765
	0.058469
	0.059915
	0.050384
	0.044333
	0.047069
	0.049469
	0.051769
	0.059331
	0.062019
	0.060203
	0.061941
	0.064291
	0.063525
	0.071169
	0.077753
	0.077825
	0.086153
	0.093469
	0.100593
	0.100803
	0.097266
	0.096374
	0.100179
	0.097863
	0.095153
	0.096474
	0.092553
	0.095069
	0.101199
	0.107431
	0.106500
	0.106633
	0.102873
	0.099825
	0.100375
	0.101134
	0.092625
	0.084736
	0.082903
	0.082941
	0.077915
	0.081161
	0.086935
	0.085379
	0.083381
	0.082339
	0.079466
	0.074016
	0.071805
	0.060900
	0.067576
	0.075079
	0.076445
	0.078285
	0.077943
	0.077556
	0.074855
	0.074361
	0.078775
	0.078963
	0.072215
	0.070431
	0.066669
	0.069283
	0.073016
	0.072345
	0.061564
	0.059801
	0.068745
	0.068103
	0.072521
	0.072774
	0.077021
	0.068513
	0.068759
	0.063681
	0.064615
	0.065201
	0.063805
	0.056573
	0.054619
	0.052291
	0.054599
	0.057900
	0.059481
	0.063376
	0.068063
	0.071945
	0.078151
	0.083719
	0.087219
	0.081000
	0.087034
	0.078150
	0.075661
	0.069466
	0.068974
	0.068175
	0.065909
	0.068821
	0.071911
	0.071916
	0.080055
	0.090556
	0.090475
	0.084584
	0.084323
	0.081455
	0.082084
	0.078225
	0.080104
	0.081985
	0.088934
	0.089225
	0.086253
	0.080175
	0.079075
	0.067064
	0.059601
	0.056651
	0.054375
	0.056849
	0.056501
	0.055885
	0.051381
	0.052350
	0.054563
	0.055149
	0.058369
	0.062976
	0.067723
	0.069375
	0.068705
	0.071156
	0.074495
	0.077575
	0.078455
	0.081086
	0.083429
	0.083950
	0.080053
	0.071861
	0.070193
	0.067603
	0.061734
	0.058869
	0.055250
	0.055123
	0.053375
	0.058251
	0.060515
	0.060285
	0.063983
	0.063989
	0.060481
	0.058669
	0.065259
	0.065744
	0.064063
	0.058400
	0.058950
	0.060153
	0.060355
	0.066469
	0.074585
	0.081619
	0.090919
	0.091863
	0.089754
	0.088413
	0.093404
