	0.146075
	0.185825
	0.203785
	0.204304
	0.197064
	0.188569
	0.176119
	0.168800
	0.162069
	0.156825
	0.148965
	0.143555
	0.137719
	0.132793
	0.125741
	0.121601
	0.119015
	0.114021
	0.104555
	0.097325
	0.090405
	0.083269
	0.083746
	0.085834
	0.073454
	0.077335
	0.076835
	0.074905
	0.075645
	0.073350
	0.078915
	0.075221
	0.079125
	0.071521
	0.072981
	0.060685
	0.063375
	0.066345
	0.072854
	0.075331
	0.073975
	0.071466
	0.073403
	0.073559
	0.067925
	0.062686
	0.058663
	0.059751
	0.060213
	0.058599
	0.052729
	0.054650
	0.054269
	0.057989
	0.062059
	0.065919
	0.069616
	0.064305
	0.060805
	0.062025
	0.065569
	0.069353
	0.074685
	0.072325
	0.072723
	0.074569
	0.071845
	0.066929
	0.072859
	0.072813
	0.073433
	0.069300
	0.067066
	0.065969
	0.069021
	0.074654
	0.081183
	0.087973
	0.089893
	0.091125
	0.088175
	0.090486
	0.080915
	0.070609
	0.068963
	0.070369
	0.069204
	0.071194
	0.068981
	0.064519
	0.063919
	0.058113
	0.058046
	0.058925
	0.063119
	0.056505
	0.058584
	0.057619
	0.056769
	0.057179
	0.058203
	0.061955
	0.065521
	0.068985
	0.073804
	0.072125
	0.072359
	0.074563
	0.079823
	0.081274
	0.073666
	0.075605
	0.076059
	0.074595
	0.073975
	0.074185
	0.081825
	0.087300
	0.089053
	0.089234
	0.082165
	0.086551
	0.089651
	0.095873
	0.096433
	0.099225
	0.089699
	0.078075
	0.073375
	0.066639
	0.063394
	0.065074
	0.069893
	0.074573
	0.080325
	0.075081
	0.074539
	0.077119
	0.075066
	0.073774
	0.066023
	0.064225
	0.069969
	0.079535
	0.090425
	0.097729
	0.105769
	0.105994
	0.104723
	0.101611
	0.100136
	0.089851
	0.081303
	0.067665
	0.064911
	0.062535
	0.060515
	0.058893
	0.065224
	0.073576
	0.071023
	0.068995
	0.068615
	0.063235
	0.059075
	0.059911
	0.065621
	0.063455
	0.065525
	0.068725
	0.069569
	0.067544
	0.060214
	0.058169
	0.058369
	0.054896
	0.056901
	0.060783
	0.067526
	0.069733
	0.072443
	0.070473
	0.070323
	0.067705
	0.062654
	0.059535
	0.059929
	0.058665
	0.062576
	0.062306
	0.067125
	0.064885
	0.061119
	0.052493
	0.053441
	0.054923
	0.057351
	0.061544
	0.065616
	0.058353
