	0.152225
	0.186974
	0.202614
	0.203850
	0.200983
	0.195525
	0.186925
	0.179484
	0.172051
	0.166349
	0.161091
	0.160413
	0.163961
	0.165269
	0.156385
	0.151309
	0.146053
	0.143319
	0.141426
	0.140749
	0.135625
	0.126356
	0.124225
	0.125933
	0.124356
	0.122819
	0.120593
	0.111971
	0.100641
	0.094934
	0.096056
	0.091334
	0.085269
	0.085149
	0.088783
	0.092053
	0.100705
	0.104655
	0.103224
	0.106244
	0.110215
	0.109893
	0.115150
	0.123314
	0.126991
	0.125656
	0.127445
	0.124933
	0.117876
	0.115126
	0.110916
	0.111783
	0.113405
	0.114219
	0.104355
	0.088436
	0.071421
	0.057503
	0.055844
	0.060095
	0.065543
	0.071850
	0.076673
	0.088113
	0.101944
	0.104619
	0.102956
	0.097605
	0.092719
	0.083174
	0.074531
	0.061119
	0.061434
	0.067245
	0.068095
	0.069500
	0.069411
	0.074551
	0.077669
	0.080083
	0.077454
	0.076845
	0.072573
	0.067935
	0.055784
	0.041071
	0.043293
	0.046073
	0.049281
	0.054873
	0.060785
	0.061731
	0.067019
	0.071956
	0.074883
	0.075939
	0.081715
	0.088675
	0.093941
	0.094075
	0.096513
	0.092500
	0.089119
	0.086673
	0.084019
	0.084619
	0.083314
	0.086163
	0.082821
	0.090581
	0.091156
	0.088406
	0.087293
	0.090143
	0.092145
	0.094983
	0.096121
	0.095269
	0.096156
	0.095814
	0.090796
	0.079563
	0.083163
	0.087341
	0.088445
	0.089291
	0.088050
	0.092164
	0.092075
	0.100566
	0.104319
	0.106155
	0.106069
	0.103535
	0.088506
	0.074126
	0.061895
	0.058213
	0.056196
	0.057653
	0.059135
	0.059669
	0.062221
	0.068803
	0.069495
	0.068675
	0.071275
	0.074523
	0.075624
	0.078575
	0.077903
	0.075293
	0.075206
	0.069463
	0.068591
	0.071426
	0.076113
	0.073753
	0.075250
	0.079816
	0.073105
	0.070153
	0.075174
	0.075263
	0.070559
	0.070375
	0.065843
	0.060375
	0.057345
	0.060483
	0.063285
	0.059681
	0.061253
	0.063344
	0.061026
	0.069575
	0.077995
	0.080195
	0.083101
	0.088549
	0.095619
	0.098736
	0.102183
	0.110653
	0.116674
	0.114173
	0.117300
	0.111545
	0.103400
	0.090463
	0.074450
	0.060753
	0.055935
	0.054395
	0.055005
	0.058693
	0.057550
	0.054386
	0.057044
	0.057519
