	0.152225
	0.189860
	0.204174
	0.205991
	0.196564
	0.180631
	0.167042
	0.156614
	0.144386
	0.137445
	0.127626
	0.111036
	0.097626
	0.082871
	0.080179
	0.074330
	0.075376
	0.078111
	0.085541
	0.090206
	0.091389
	0.086822
	0.084434
	0.079338
	0.077793
	0.080120
	0.078634
	0.077500
	0.080368
	0.089876
	0.090824
	0.086853
	0.084597
	0.083355
	0.086504
	0.092963
	0.090802
	0.089492
	0.087380
	0.078537
	0.064839
	0.058471
	0.054803
	0.053550
	0.050698
	0.044000
	0.038462
	0.037815
	0.041166
	0.045730
	0.049825
	0.055499
	0.061630
	0.064620
	0.061692
	0.059431
	0.056035
	0.057860
	0.057825
	0.059181
	0.059914
	0.063826
	0.070523
	0.074266
	0.073813
	0.076688
	0.078633
	0.079851
	0.079156
	0.078284
	0.069970
	0.074823
	0.079868
	0.074836
	0.074826
	0.061175
	0.060301
	0.065714
	0.066808
	0.064463
	0.060792
	0.062458
	0.054914
	0.050620
	0.053818
	0.058454
	0.060275
	0.064638
	0.067336
	0.064801
	0.063845
	0.058217
	0.053668
	0.047485
	0.045844
	0.051925
	0.057720
	0.060576
	0.067232
	0.066547
	0.064845
	0.062375
	0.064927
	0.068583
	0.067302
	0.056155
	0.055232
	0.053435
	0.056739
	0.059478
	0.054827
	0.054124
	0.051447
	0.042158
	0.035813
	0.030584
	0.033563
	0.038299
	0.042689
	0.049643
	0.053838
	0.055360
	0.050311
	0.045963
	0.043205
	0.046713
	0.053933
	0.061566
	0.067678
	0.072842
	0.072162
	0.072571
	0.068972
	0.068953
	0.060287
	0.062033
	0.066282
	0.076837
	0.088430
	0.088896
	0.084756
	0.081854
	0.083153
	0.082059
	0.077974
	0.076263
	0.071422
	0.073559
	0.078428
	0.083563
	0.082955
	0.084526
	0.080238
	0.073571
	0.068128
	0.064408
	0.053502
	0.053356
	0.055379
	0.061603
	0.066182
	0.070980
	0.078997
	0.083370
	0.080621
	0.076136
	0.078797
	0.082383
	0.084689
	0.079948
	0.074020
	0.068003
	0.063291
	0.060488
	0.057975
	0.050155
	0.046832
	0.051477
	0.049628
	0.054927
	0.057633
	0.058853
	0.059650
	0.060905
	0.069327
	0.074265
	0.074791
	0.071956
	0.071195
	0.070472
	0.075142
	0.075698
	0.072662
	0.060087
	0.058907
	0.051754
	0.052761
	0.048679
	0.045133
	0.043598
