	0.146815
	0.186974
	0.205447
	0.206117
	0.196291
	0.180376
	0.173165
	0.166006
	0.156106
	0.146104
	0.142635
	0.135223
	0.130890
	0.128245
	0.122115
	0.117611
	0.112786
	0.114467
	0.117395
	0.115765
	0.111253
	0.105672
	0.104415
	0.098464
	0.099479
	0.101524
	0.105261
	0.104928
	0.107900
	0.112198
	0.107305
	0.109013
	0.106940
	0.105988
	0.103888
	0.104013
	0.104449
	0.110283
	0.102952
	0.095716
	0.098405
	0.099578
	0.093998
	0.083491
	0.074722
	0.072533
	0.075533
	0.076520
	0.082487
	0.077893
	0.069684
	0.060460
	0.060598
	0.064878
	0.063345
	0.060192
	0.065270
	0.067048
	0.070457
	0.071022
	0.076293
	0.084604
	0.092198
	0.095865
	0.097191
	0.094446
	0.090799
	0.085626
	0.078394
	0.066499
	0.065929
	0.070399
	0.077486
	0.079035
	0.083044
	0.087180
	0.077889
	0.071297
	0.074421
	0.070038
	0.062487
	0.059992
	0.060770
	0.059891
	0.062903
	0.067127
	0.065840
	0.066696
	0.070545
	0.071406
	0.069089
	0.061716
	0.053297
	0.053993
	0.059543
	0.062010
	0.067753
	0.073831
	0.080899
	0.083626
	0.085400
	0.086582
	0.083633
	0.077763
	0.078453
	0.085394
	0.092358
	0.092826
	0.091029
	0.092679
	0.087532
	0.081550
	0.075033
	0.074383
	0.081496
	0.085120
	0.089363
	0.090901
	0.096303
	0.099960
	0.103675
	0.098264
	0.097806
	0.092565
	0.086548
	0.082970
	0.078545
	0.072220
	0.066297
	0.068061
	0.075626
	0.078343
	0.081495
	0.083717
	0.084716
	0.094432
	0.100142
	0.102654
	0.097741
	0.085866
	0.074885
	0.070032
	0.065499
	0.064502
	0.068453
	0.063970
	0.059842
	0.060986
	0.062322
	0.068513
	0.075410
	0.082718
	0.083458
	0.087454
	0.089155
	0.087978
	0.091581
	0.083298
	0.076409
	0.064757
	0.063008
	0.065388
	0.070659
	0.074316
	0.078267
	0.082850
	0.083588
	0.083669
	0.088725
	0.091363
	0.088695
	0.089038
	0.089912
	0.088867
	0.092507
	0.097344
	0.099986
	0.097689
	0.097472
	0.096137
	0.101042
	0.100713
	0.099741
	0.100977
	0.097450
	0.093028
	0.087492
	0.082648
	0.080408
	0.083393
	0.084902
	0.087160
	0.088462
	0.089064
	0.089953
	0.076826
	0.067571
	0.063830
	0.065839
	0.063611
