	0.152038
	0.189724
	0.204726
	0.203183
	0.200545
	0.194412
	0.184299
	0.172504
	0.165629
	0.158250
	0.152695
	0.144752
	0.139123
	0.127748
	0.116003
	0.102652
	0.092477
	0.093166
	0.096526
	0.101549
	0.103411
	0.101942
	0.103903
	0.100150
	0.091011
	0.086418
	0.084593
	0.086988
	0.089633
	0.085916
	0.081285
	0.067145
	0.050483
	0.056998
	0.060591
	0.066268
	0.071855
	0.079134
	0.080616
	0.081962
	0.080467
	0.076459
	0.075215
	0.074951
	0.078993
	0.074772
	0.071561
	0.069413
	0.072333
	0.074891
	0.072671
	0.069844
	0.070611
	0.074548
	0.077356
	0.078542
	0.076732
	0.083707
	0.089473
	0.089120
	0.086637
	0.085295
	0.086242
	0.086588
	0.083297
	0.086478
	0.076723
	0.080811
	0.081379
	0.083856
	0.082654
	0.081765
	0.076528
	0.074116
	0.069427
	0.070784
	0.068989
	0.074680
	0.082807
	0.090022
	0.092579
	0.090303
	0.084487
	0.077175
	0.075720
	0.077453
	0.076688
	0.080617
	0.076053
	0.076421
	0.075667
	0.072855
	0.066582
	0.062130
	0.055175
	0.047964
	0.046704
	0.048399
	0.052072
	0.047885
	0.051095
	0.050386
	0.054023
	0.060628
	0.066814
	0.072569
	0.074258
	0.075513
	0.079445
	0.088714
	0.083547
	0.082671
	0.073688
	0.077525
	0.078164
	0.068953
	0.062246
	0.064557
	0.064137
	0.064867
	0.070983
	0.078030
	0.082925
	0.084485
	0.086516
	0.089668
	0.088598
	0.083886
	0.078479
	0.072126
	0.070577
	0.074617
	0.075645
	0.081741
	0.082214
	0.076070
	0.080902
	0.082836
	0.075723
	0.066426
	0.059405
	0.056366
	0.052648
	0.048470
	0.053124
	0.054087
	0.049475
	0.049980
	0.049829
	0.050031
	0.055533
	0.059532
	0.054688
	0.054407
	0.050482
	0.044407
	0.049299
	0.055909
	0.064982
	0.075891
	0.079267
	0.077400
	0.079011
	0.081459
	0.083331
	0.084404
	0.087636
	0.089358
	0.089598
	0.090093
	0.091223
	0.088988
	0.085745
	0.081191
	0.073006
	0.058351
	0.059438
	0.056265
	0.053305
	0.053200
	0.056668
	0.056565
	0.049285
	0.049511
	0.049659
	0.055552
	0.054418
	0.055703
	0.056262
	0.059628
	0.061513
	0.065794
	0.068189
	0.065481
	0.070700
	0.071113
	0.073250
	0.077896
	0.082176
	0.083517
