	0.140475
	0.182594
	0.198711
	0.202606
	0.200794
	0.195446
	0.192093
	0.186139
	0.178875
	0.176525
	0.172864
	0.168913
	0.159621
	0.154203
	0.149299
	0.136863
	0.126523
	0.114363
	0.107283
	0.101069
	0.094999
	0.080616
	0.064405
	0.067043
	0.066135
	0.063894
	0.064939
	0.065283
	0.063156
	0.058823
	0.061623
	0.059619
	0.056483
	0.057825
	0.057533
	0.063423
	0.066814
	0.066686
	0.066369
	0.070466
	0.077129
	0.081375
	0.078495
	0.075509
	0.071056
	0.068169
	0.068679
	0.065865
	0.065150
	0.059423
	0.061475
	0.059599
	0.061475
	0.053523
	0.052119
	0.050005
	0.055841
	0.060053
	0.058150
	0.056419
	0.057045
	0.061869
	0.068839
	0.066800
	0.071393
	0.075273
	0.080771
	0.086136
	0.094696
	0.099319
	0.106325
	0.103485
	0.100543
	0.094869
	0.097005
	0.103734
	0.104499
	0.109603
	0.115700
	0.114445
	0.109236
	0.109585
	0.107715
	0.107069
	0.107795
	0.106069
	0.108119
	0.098369
	0.095925
	0.099366
	0.098919
	0.102984
	0.099546
	0.098275
	0.100415
	0.090219
	0.087450
	0.077874
	0.064704
	0.066263
	0.067783
	0.072800
	0.075985
	0.074885
	0.078064
	0.086496
	0.088463
	0.086869
	0.082275
	0.077819
	0.073415
	0.073003
	0.078056
	0.087069
	0.098055
	0.100431
	0.098375
	0.090213
	0.088006
	0.088043
	0.084603
	0.082853
	0.086585
	0.085944
	0.075559
	0.069004
	0.062975
	0.064913
	0.066616
	0.068863
	0.074605
	0.083691
	0.088069
	0.092896
	0.095284
	0.091795
	0.090325
	0.088205
	0.081579
	0.082519
	0.085014
	0.079404
	0.073325
	0.064435
	0.060019
	0.062023
	0.064306
	0.063376
	0.062516
	0.066275
	0.069619
	0.074463
	0.075159
	0.069236
	0.060034
	0.059179
	0.056643
	0.063025
	0.064631
	0.066893
	0.069719
	0.071745
	0.079700
	0.081475
	0.084265
	0.084904
	0.082443
	0.074569
	0.077681
	0.081769
	0.077413
	0.072335
	0.067956
	0.067626
	0.070575
	0.069900
	0.065553
	0.060119
	0.054985
	0.050244
	0.047915
	0.043639
	0.047000
	0.050405
	0.054883
	0.061576
	0.068666
	0.076983
	0.080250
	0.074981
	0.072350
	0.064776
	0.067424
	0.067774
	0.068121
	0.066625
	0.070025
	0.066685
	0.064279
	0.067766
