	0.123369
	0.173150
	0.194153
	0.202744
	0.202200
	0.193955
	0.183869
	0.178256
	0.167953
	0.160719
	0.150269
	0.138716
	0.129141
	0.124225
	0.118119
	0.112353
	0.109623
	0.104525
	0.099400
	0.087621
	0.080644
	0.073819
	0.079655
	0.083355
	0.092651
	0.095365
	0.099523
	0.106593
	0.107393
	0.110406
	0.106721
	0.105475
	0.106250
	0.098623
	0.090654
	0.083671
	0.080825
	0.073115
	0.060575
	0.061019
	0.052086
	0.054141
	0.059303
	0.064389
	0.069855
	0.072303
	0.075569
	0.078253
	0.077179
	0.076856
	0.074719
	0.072069
	0.064925
	0.063556
	0.063100
	0.064614
	0.058275
	0.051019
	0.047361
	0.049293
	0.053025
	0.054523
	0.053651
	0.049019
	0.042645
	0.044753
	0.049481
	0.050843
	0.050954
	0.056263
	0.063319
	0.060184
	0.053319
	0.048481
	0.042025
	0.041666
	0.047206
	0.051525
	0.054973
	0.058669
	0.063671
	0.069023
	0.073361
	0.067105
	0.066324
	0.066605
	0.063304
	0.059736
	0.062350
	0.063385
	0.062454
	0.063703
	0.057555
	0.052444
	0.047073
	0.042639
	0.048081
	0.048293
	0.052745
	0.050183
	0.052041
	0.056239
	0.060619
	0.063124
	0.062433
	0.066023
	0.070524
	0.070766
	0.064906
	0.060484
	0.067523
	0.072719
	0.078823
	0.079035
	0.084734
	0.086825
	0.092436
	0.096785
	0.098119
	0.098839
	0.096144
	0.099695
	0.108025
	0.110973
	0.111844
	0.108205
	0.097625
	0.088326
	0.070863
	0.053259
	0.051661
	0.050643
	0.057096
	0.060175
	0.058569
	0.058619
	0.062719
	0.065250
	0.066175
	0.062669
	0.067969
	0.062301
	0.061534
	0.061463
	0.058435
	0.059243
	0.061916
	0.061025
	0.062019
	0.053849
	0.045383
	0.048475
	0.048605
	0.050283
	0.053186
	0.053983
	0.054575
	0.052619
	0.053695
	0.057919
	0.061733
	0.063553
	0.062319
	0.057625
	0.056546
	0.059196
	0.052481
	0.051215
	0.051029
	0.053145
	0.058275
	0.059056
	0.061729
	0.060053
	0.059025
	0.061693
	0.061845
	0.061754
	0.068459
	0.076141
	0.082175
	0.089944
	0.092263
	0.098124
	0.098803
	0.094065
	0.090283
	0.087100
	0.085114
	0.073213
	0.076294
	0.075233
	0.076213
	0.077123
	0.069876
	0.061825
	0.059450
	0.059625
	0.058369
	0.055999
