	0.133835
	0.171093
	0.196775
	0.203695
	0.194783
	0.179576
	0.171423
	0.164745
	0.158881
	0.153050
	0.147675
	0.139651
	0.130511
	0.119373
	0.114979
	0.108059
	0.098853
	0.096443
	0.098221
	0.102494
	0.102074
	0.098379
	0.092123
	0.084204
	0.080493
	0.079354
	0.083933
	0.086375
	0.088753
	0.093285
	0.094989
	0.099835
	0.103969
	0.105569
	0.105143
	0.104875
	0.100756
	0.096835
	0.094569
	0.088373
	0.083606
	0.083143
	0.085219
	0.082150
	0.079025
	0.074511
	0.066974
	0.071424
	0.071895
	0.071761
	0.071754
	0.074875
	0.072605
	0.073995
	0.061675
	0.063875
	0.070019
	0.068845
	0.077585
	0.084275
	0.089514
	0.093903
	0.097069
	0.099894
	0.107243
	0.104763
	0.104094
	0.097464
	0.098421
	0.098073
	0.101263
	0.096025
	0.095705
	0.094175
	0.094873
	0.092575
	0.094584
	0.092169
	0.086131
	0.085593
	0.086285
	0.084215
	0.076425
	0.078516
	0.079613
	0.079816
	0.078675
	0.074695
	0.078655
	0.080904
	0.077283
	0.083206
	0.082356
	0.083643
	0.081085
	0.083769
	0.091153
	0.099094
	0.101233
	0.101994
	0.105169
	0.106500
	0.108446
	0.112900
	0.110056
	0.109019
	0.110306
	0.108319
	0.110395
	0.115795
	0.115465
	0.111569
	0.113143
	0.114100
	0.114219
	0.114236
	0.111115
	0.111153
	0.113905
	0.114469
	0.115103
	0.117075
	0.120214
	0.120803
	0.121564
	0.113019
	0.107873
	0.102626
	0.098300
	0.097415
	0.092073
	0.088300
	0.085005
	0.087295
	0.087000
	0.080025
	0.079583
	0.080115
	0.081769
	0.084483
	0.086313
	0.087149
	0.091234
	0.092369
	0.099654
	0.105643
	0.110835
	0.116323
	0.123205
	0.130794
	0.128366
	0.123664
	0.124069
	0.124491
	0.122350
	0.119535
	0.121701
	0.123273
	0.122514
	0.120696
	0.120575
	0.115953
	0.110344
	0.102846
	0.102919
	0.101351
	0.103725
	0.105169
	0.108295
	0.112859
	0.114623
	0.111324
	0.108766
	0.107954
	0.108975
	0.111350
	0.114875
	0.113400
	0.115550
	0.112975
	0.105795
	0.098443
	0.100111
	0.100725
	0.100503
	0.097623
	0.099325
	0.101303
	0.104575
	0.108469
	0.110185
	0.114819
	0.114681
	0.110159
	0.108345
	0.106511
	0.109819
	0.110251
	0.117100
	0.119725
