	0.140425
	0.182444
	0.201775
	0.203163
	0.192895
	0.180019
	0.169513
	0.165169
	0.159819
	0.148201
	0.134673
	0.122099
	0.117000
	0.109135
	0.102524
	0.098553
	0.091605
	0.083305
	0.071526
	0.064706
	0.054499
	0.057454
	0.068126
	0.072706
	0.080133
	0.085114
	0.084363
	0.080369
	0.081681
	0.084506
	0.086819
	0.093063
	0.095023
	0.094473
	0.096085
	0.101319
	0.108499
	0.113264
	0.116303
	0.110750
	0.106674
	0.104375
	0.102073
	0.095103
	0.082766
	0.067484
	0.062669
	0.059069
	0.059954
	0.066275
	0.073461
	0.071155
	0.064853
	0.070321
	0.070769
	0.068265
	0.061673
	0.059596
	0.054436
	0.052651
	0.050591
	0.056011
	0.060071
	0.065224
	0.068400
	0.073089
	0.077185
	0.081253
	0.087875
	0.085991
	0.091423
	0.089303
	0.085005
	0.079350
	0.072375
	0.066169
	0.056485
	0.053556
	0.047783
	0.042694
	0.048569
	0.053866
	0.060465
	0.068055
	0.077271
	0.082995
	0.094559
	0.096889
	0.094296
	0.093891
	0.087764
	0.081593
	0.070769
	0.066219
	0.063625
	0.071265
	0.074825
	0.074984
	0.081063
	0.084286
	0.087201
	0.086541
	0.077233
	0.080156
	0.072555
	0.069523
	0.062300
	0.060325
	0.071039
	0.072866
	0.067656
	0.059246
	0.061545
	0.057655
	0.063776
	0.066389
	0.070816
	0.074324
	0.071895
	0.064603
	0.064075
	0.064824
	0.065059
	0.068116
	0.071975
	0.071483
	0.066869
	0.066423
	0.061605
	0.057825
	0.064181
	0.066211
	0.073309
	0.073595
	0.073806
	0.074300
	0.073454
	0.070255
	0.078000
	0.084755
	0.088305
	0.089373
	0.084836
	0.090419
	0.091043
	0.090581
	0.092303
	0.089079
	0.086333
	0.087169
	0.084653
	0.083235
	0.080736
	0.075319
	0.066745
	0.060545
	0.059055
	0.056450
	0.049150
	0.051155
	0.052775
	0.054851
	0.055795
	0.057556
	0.058415
	0.064050
	0.072045
	0.075899
	0.078425
	0.080384
	0.081619
	0.085119
	0.085825
	0.086955
	0.087696
	0.087895
	0.084685
	0.081500
	0.077474
	0.071903
	0.069953
	0.067569
	0.066336
	0.065851
	0.058569
	0.056985
	0.060745
	0.064423
	0.063375
	0.068600
	0.072115
	0.067521
	0.062804
	0.063923
	0.066500
	0.069964
	0.069869
	0.076949
	0.082686
	0.091245
