	0.146025
	0.186325
	0.202823
	0.204215
	0.196683
	0.181756
	0.172269
	0.160054
	0.145073
	0.132606
	0.123063
	0.114513
	0.111686
	0.104973
	0.099281
	0.091225
	0.081504
	0.071566
	0.066703
	0.071023
	0.078765
	0.079100
	0.078943
	0.075533
	0.073755
	0.072645
	0.068373
	0.064945
	0.063019
	0.063119
	0.064985
	0.065715
	0.064585
	0.066726
	0.066619
	0.054969
	0.054864
	0.051913
	0.055501
	0.063863
	0.071005
	0.080143
	0.091703
	0.102825
	0.112993
	0.125423
	0.128005
	0.127903
	0.128875
	0.125433
	0.116896
	0.107555
	0.103553
	0.100091
	0.099791
	0.096013
	0.094405
	0.089923
	0.079219
	0.078013
	0.083535
	0.086765
	0.087634
	0.088569
	0.086636
	0.084119
	0.080119
	0.081055
	0.081069
	0.080049
	0.080773
	0.077991
	0.085969
	0.094819
	0.102396
	0.107655
	0.113104
	0.112995
	0.116171
	0.117376
	0.119335
	0.118084
	0.118601
	0.118191
	0.118475
	0.116486
	0.110965
	0.104800
	0.088573
	0.087463
	0.090215
	0.095274
	0.094325
	0.100753
	0.102491
	0.105649
	0.108384
	0.109863
	0.110301
	0.102071
	0.103900
	0.104039
	0.106503
	0.108519
	0.108603
	0.108165
	0.103076
	0.103400
	0.099869
	0.092849
	0.098005
	0.102209
	0.104244
	0.104706
	0.104979
	0.108249
	0.108583
	0.104389
	0.106800
	0.105124
	0.104755
	0.103121
	0.098089
	0.096523
	0.092934
	0.089050
	0.086231
	0.084815
	0.078325
	0.075721
	0.077400
	0.079535
	0.079553
	0.081133
	0.088285
	0.094500
	0.094235
	0.094319
	0.080961
	0.075800
	0.077209
	0.081315
	0.083141
	0.090083
	0.095064
	0.100856
	0.100781
	0.101200
	0.102511
	0.105675
	0.105971
	0.104673
	0.104919
	0.108639
	0.110293
	0.112235
	0.109995
	0.106924
	0.104776
	0.099850
	0.100011
	0.098550
	0.098225
	0.103266
	0.104215
	0.101219
	0.103485
	0.101119
	0.104825
	0.106783
	0.104474
	0.106075
	0.106475
	0.110405
	0.112384
	0.114549
	0.119895
	0.122295
	0.122975
	0.124579
	0.123695
	0.123646
	0.122825
	0.124943
	0.125861
	0.121831
	0.116334
	0.110811
	0.105305
	0.108315
	0.108243
	0.105371
	0.102366
	0.105609
	0.100305
	0.093113
	0.080665
	0.080503
	0.081863
	0.087443
