	0.152225
	0.190025
	0.202773
	0.202991
	0.197589
	0.193749
	0.191819
	0.186771
	0.175786
	0.163331
	0.151525
	0.141975
	0.128264
	0.117569
	0.106643
	0.096369
	0.087983
	0.086111
	0.084331
	0.092684
	0.096391
	0.093233
	0.082824
	0.075900
	0.066375
	0.042365
	0.043789
	0.041083
	0.039126
	0.046693
	0.046961
	0.046555
	0.047333
	0.053396
	0.052269
	0.058205
	0.068626
	0.070535
	0.072594
	0.075675
	0.079400
	0.074861
	0.059946
	0.062534
	0.063354
	0.065676
	0.066966
	0.065024
	0.059936
	0.047175
	0.047586
	0.048269
	0.049150
	0.051585
	0.053875
	0.058099
	0.061303
	0.066733
	0.068155
	0.072069
	0.067615
	0.057891
	0.045255
	0.042755
	0.045569
	0.049064
	0.052846
	0.057275
	0.049806
	0.056873
	0.058983
	0.058996
	0.059005
	0.062693
	0.069105
	0.074075
	0.075569
	0.075963
	0.076619
	0.079005
	0.081945
	0.088019
	0.088865
	0.088329
	0.085669
	0.076784
	0.077149
	0.081995
	0.085944
	0.083631
	0.088269
	0.094061
	0.096925
	0.099363
	0.099575
	0.086219
	0.067431
	0.061523
	0.061084
	0.055873
	0.054099
	0.056583
	0.055625
	0.053713
	0.051773
	0.055831
	0.061424
	0.068939
	0.071945
	0.068200
	0.065229
	0.062255
	0.061349
	0.066936
	0.068079
	0.069915
	0.069939
	0.072925
	0.071763
	0.077175
	0.071254
	0.073403
	0.064753
	0.062183
	0.057941
	0.061269
	0.058585
	0.056919
	0.054233
	0.057075
	0.061719
	0.062063
	0.061025
	0.063024
	0.057943
	0.057231
	0.060104
	0.067921
	0.073876
	0.070825
	0.061019
	0.055834
	0.051013
	0.052473
	0.056453
	0.058015
	0.061859
	0.068423
	0.075986
	0.079845
	0.081323
	0.085619
	0.091726
	0.092631
	0.085441
	0.091005
	0.090591
	0.085169
	0.075275
	0.073024
	0.073583
	0.080019
	0.084469
	0.083464
	0.079691
	0.073945
	0.065325
	0.068169
	0.070850
	0.069665
	0.065714
	0.064813
	0.070365
	0.069650
	0.071255
	0.071624
	0.065056
	0.067839
	0.073863
	0.067469
	0.062219
	0.061665
	0.058614
	0.059103
	0.055363
	0.058869
	0.061976
	0.067575
	0.070724
	0.074173
	0.079050
	0.085323
	0.083706
	0.084950
	0.086206
	0.093496
	0.094729
	0.093953
	0.094819
	0.093955
