	0.141224
	0.172974
	0.192775
	0.197713
	0.198367
	0.201418
	0.202502
	0.199901
	0.192125
	0.181595
	0.169981
	0.157233
	0.144817
	0.136848
	0.129752
	0.123556
	0.117223
	0.109291
	0.100911
	0.088860
	0.082257
	0.073737
	0.070731
	0.070380
	0.070544
	0.070853
	0.072569
	0.076513
	0.081359
	0.083813
	0.083515
	0.081697
	0.081506
	0.081671
	0.078144
	0.074134
	0.070772
	0.072307
	0.066825
	0.057075
	0.049397
	0.049270
	0.050167
	0.050940
	0.058590
	0.062101
	0.065008
	0.068303
	0.067337
	0.061761
	0.065143
	0.066708
	0.069249
	0.065852
	0.052116
	0.046629
	0.050485
	0.053985
	0.054208
	0.055289
	0.058221
	0.057517
	0.054139
	0.055931
	0.052515
	0.057162
	0.064097
	0.061123
	0.065022
	0.065852
	0.067533
	0.068525
	0.068868
	0.069848
	0.069974
	0.063549
	0.060490
	0.055488
	0.054574
	0.061385
	0.066204
	0.061526
	0.053407
	0.052576
	0.046345
	0.046090
	0.051619
	0.059608
	0.067982
	0.074657
	0.081564
	0.088594
	0.092510
	0.092270
	0.090784
	0.093145
	0.093241
	0.095938
	0.100018
	0.097996
	0.096005
	0.098939
	0.101817
	0.106547
	0.105889
	0.097471
	0.089308
	0.081483
	0.080244
	0.073202
	0.065110
	0.060532
	0.058605
	0.053432
	0.054106
	0.060417
	0.065528
	0.068184
	0.073179
	0.073541
	0.062655
	0.056353
	0.055212
	0.054922
	0.056347
	0.053645
	0.053932
	0.059866
	0.066236
	0.065195
	0.061855
	0.064818
	0.073438
	0.077908
	0.075898
	0.067972
	0.069517
	0.068655
	0.065253
	0.068154
	0.065110
	0.057792
	0.063741
	0.066977
	0.069914
	0.064751
	0.062293
	0.057958
	0.056788
	0.059252
	0.060921
	0.061167
	0.064886
	0.067819
	0.072918
	0.080951
	0.081780
	0.087056
	0.086978
	0.089633
	0.086708
	0.078333
	0.075027
	0.072880
	0.063135
	0.061742
	0.055319
	0.054891
	0.055340
	0.046804
	0.042942
	0.039807
	0.041567
	0.048725
	0.055121
	0.063328
	0.063674
	0.062948
	0.066884
	0.071370
	0.074640
	0.076978
	0.073310
	0.077007
	0.078289
	0.078007
	0.080034
	0.078483
	0.078198
	0.080254
	0.080200
	0.069605
	0.073262
	0.083016
	0.089737
	0.089938
	0.093289
	0.093165
	0.086874
	0.081590
