	0.146075
	0.185825
	0.204350
	0.204871
	0.196524
	0.179213
	0.163533
	0.152175
	0.143616
	0.135851
	0.126429
	0.116673
	0.111223
	0.107263
	0.107561
	0.109834
	0.114904
	0.119555
	0.123583
	0.118085
	0.112793
	0.104859
	0.094783
	0.093469
	0.096769
	0.095849
	0.087943
	0.074189
	0.066919
	0.063294
	0.060643
	0.063019
	0.061093
	0.065659
	0.068545
	0.075350
	0.081989
	0.083769
	0.084515
	0.087981
	0.088563
	0.096725
	0.101835
	0.102805
	0.102543
	0.103793
	0.104236
	0.103481
	0.092755
	0.087133
	0.082425
	0.077045
	0.074025
	0.077516
	0.075655
	0.080645
	0.086696
	0.093885
	0.095053
	0.083531
	0.077289
	0.078656
	0.078794
	0.083153
	0.085914
	0.081815
	0.071653
	0.055434
	0.052205
	0.054455
	0.060494
	0.061876
	0.063755
	0.067655
	0.067563
	0.067739
	0.069731
	0.075233
	0.074114
	0.078195
	0.080169
	0.084573
	0.084475
	0.085925
	0.091133
	0.091255
	0.085069
	0.080193
	0.081675
	0.081905
	0.083641
	0.088169
	0.090419
	0.085669
	0.079829
	0.083400
	0.088095
	0.085769
	0.087964
	0.091719
	0.093836
	0.096601
	0.099529
	0.097941
	0.090195
	0.084744
	0.078475
	0.074739
	0.072719
	0.074271
	0.070785
	0.066719
	0.064325
	0.063025
	0.061519
	0.057655
	0.060236
	0.059855
	0.066835
	0.067724
	0.071650
	0.081423
	0.084899
	0.085150
	0.081219
	0.072124
	0.065665
	0.060033
	0.057955
	0.057919
	0.062571
	0.063125
	0.063065
	0.062144
	0.061231
	0.060226
	0.060761
	0.062356
	0.071206
	0.077895
	0.081925
	0.082999
	0.084405
	0.091013
	0.095605
	0.097333
	0.099691
	0.089851
	0.084655
	0.079381
	0.072509
	0.075483
	0.076303
	0.068953
	0.077411
	0.084565
	0.088403
	0.086475
	0.088600
	0.089584
	0.087649
	0.087464
	0.090393
	0.090953
	0.085714
	0.075000
	0.064473
	0.069650
	0.077549
	0.083103
	0.084346
	0.086305
	0.088325
	0.092355
	0.081545
	0.072835
	0.066063
	0.061563
	0.058579
	0.065963
	0.073811
	0.080084
	0.085434
	0.091554
	0.095311
	0.097004
	0.102789
	0.101250
	0.101909
	0.101054
	0.100955
	0.096336
	0.093919
	0.095659
	0.093400
	0.094625
	0.099763
	0.101509
	0.104511
	0.106035
