	0.146075
	0.182594
	0.200736
	0.203525
	0.197583
	0.186691
	0.178494
	0.163469
	0.149400
	0.131384
	0.111326
	0.091536
	0.071254
	0.063335
	0.058695
	0.062313
	0.067985
	0.068935
	0.070350
	0.072203
	0.070525
	0.072325
	0.066554
	0.061954
	0.057006
	0.060819
	0.067919
	0.072193
	0.077016
	0.086419
	0.090334
	0.098175
	0.104863
	0.107944
	0.108625
	0.104586
	0.099119
	0.093533
	0.080016
	0.071100
	0.067211
	0.059135
	0.054855
	0.054841
	0.059711
	0.066573
	0.073450
	0.076459
	0.078661
	0.077715
	0.074381
	0.067074
	0.065413
	0.062609
	0.059250
	0.053913
	0.048289
	0.045813
	0.045559
	0.048503
	0.046319
	0.046419
	0.050053
	0.054399
	0.062803
	0.067993
	0.071931
	0.068300
	0.068436
	0.060164
	0.051753
	0.051535
	0.051019
	0.056829
	0.058095
	0.059949
	0.066414
	0.068325
	0.060313
	0.056425
	0.053525
	0.048953
	0.044703
	0.047869
	0.047914
	0.049319
	0.056375
	0.063269
	0.069985
	0.061983
	0.053350
	0.036881
	0.031065
	0.034826
	0.041155
	0.049156
	0.054061
	0.062721
	0.065655
	0.072311
	0.077225
	0.081954
	0.082919
	0.085550
	0.084845
	0.085469
	0.081155
	0.076055
	0.070085
	0.078735
	0.085783
	0.089283
	0.090153
	0.091119
	0.090795
	0.085000
	0.080213
	0.074553
	0.071593
	0.072169
	0.067934
	0.064684
	0.058846
	0.058075
	0.059701
	0.061744
	0.065463
	0.069593
	0.067619
	0.067519
	0.067803
	0.069165
	0.070043
	0.072204
	0.071183
	0.071634
	0.073834
	0.074684
	0.082894
	0.084993
	0.084175
	0.087864
	0.090286
	0.091969
	0.085243
	0.085643
	0.087819
	0.085486
	0.080716
	0.078209
	0.077145
	0.072050
	0.062273
	0.057299
	0.058564
	0.058575
	0.059329
	0.068313
	0.079125
	0.089193
	0.095200
	0.098476
	0.095001
	0.091525
	0.091655
	0.093223
	0.089429
	0.084863
	0.081045
	0.069851
	0.062001
	0.050775
	0.055600
	0.054635
	0.052175
	0.056475
	0.051519
	0.048665
	0.042319
	0.041375
	0.046819
	0.053519
	0.062793
	0.073196
	0.086016
	0.091733
	0.095256
	0.095419
	0.090825
	0.089349
	0.087649
	0.083143
	0.082725
	0.081869
	0.082535
	0.080439
	0.078916
	0.075200
	0.069675
	0.065549
