	0.146025
	0.182444
	0.199053
	0.204100
	0.199275
	0.187905
	0.177150
	0.168323
	0.163251
	0.159131
	0.151826
	0.143205
	0.134789
	0.118294
	0.103269
	0.093549
	0.083919
	0.075524
	0.074773
	0.075423
	0.075374
	0.078745
	0.074404
	0.071563
	0.070975
	0.072073
	0.072523
	0.078636
	0.083523
	0.090269
	0.094750
	0.100289
	0.096039
	0.093550
	0.088019
	0.081373
	0.080613
	0.079750
	0.069525
	0.072209
	0.077900
	0.079283
	0.076019
	0.082473
	0.083519
	0.088341
	0.090684
	0.087883
	0.085700
	0.080225
	0.082749
	0.081025
	0.078625
	0.082346
	0.078786
	0.075056
	0.082963
	0.088673
	0.092286
	0.092469
	0.093939
	0.096873
	0.096276
	0.088646
	0.083736
	0.069031
	0.060081
	0.061126
	0.061895
	0.065566
	0.073495
	0.079314
	0.084055
	0.090963
	0.092850
	0.091965
	0.093739
	0.093225
	0.089445
	0.085151
	0.087434
	0.082851
	0.085813
	0.086723
	0.086173
	0.083601
	0.085286
	0.082719
	0.085255
	0.091664
	0.095454
	0.096781
	0.097743
	0.091383
	0.086764
	0.088301
	0.092385
	0.096703
	0.098761
	0.102225
	0.099539
	0.097269
	0.097516
	0.102533
	0.101266
	0.098066
	0.092334
	0.091473
	0.088241
	0.088615
	0.095574
	0.097981
	0.095933
	0.103515
	0.103419
	0.108463
	0.116813
	0.118633
	0.116200
	0.112139
	0.109969
	0.100719
	0.096215
	0.089254
	0.094263
	0.097886
	0.098023
	0.091979
	0.091713
	0.094775
	0.091885
	0.094150
	0.086124
	0.087419
	0.090686
	0.094549
	0.095995
	0.098143
	0.102619
	0.102916
	0.104723
	0.104726
	0.101545
	0.103725
	0.100515
	0.095394
	0.099041
	0.100793
	0.101565
	0.094041
	0.089603
	0.088350
	0.091399
	0.094395
	0.096744
	0.098850
	0.100563
	0.097395
	0.092985
	0.093106
	0.086519
	0.079855
	0.076975
	0.076693
	0.082719
	0.088050
	0.094633
	0.101829
	0.107345
	0.114244
	0.120135
	0.119943
	0.114375
	0.112533
	0.111809
	0.115189
	0.115619
	0.113956
	0.111951
	0.113219
	0.115936
	0.106713
	0.094075
	0.085495
	0.085205
	0.087325
	0.086123
	0.087561
	0.094159
	0.096995
	0.099465
	0.091449
	0.075639
	0.065619
	0.066983
	0.062619
	0.072196
	0.077485
	0.087276
	0.095375
