	0.140425
	0.181785
	0.196374
	0.198734
	0.195363
	0.189593
	0.187050
	0.181325
	0.180119
	0.180469
	0.176951
	0.169981
	0.162851
	0.154169
	0.145251
	0.136745
	0.130705
	0.127043
	0.118715
	0.116261
	0.105515
	0.092603
	0.086269
	0.079145
	0.074973
	0.070819
	0.070625
	0.062439
	0.071005
	0.081863
	0.080993
	0.071766
	0.068995
	0.070725
	0.069305
	0.063629
	0.068063
	0.069513
	0.076250
	0.079950
	0.086149
	0.090769
	0.088019
	0.080915
	0.081745
	0.087455
	0.090069
	0.092709
	0.097023
	0.104425
	0.107063
	0.107573
	0.109425
	0.103776
	0.097925
	0.088969
	0.095206
	0.099300
	0.101923
	0.104519
	0.107293
	0.097173
	0.088065
	0.074500
	0.078746
	0.077269
	0.082051
	0.086650
	0.091915
	0.089453
	0.090589
	0.091473
	0.094969
	0.101621
	0.100155
	0.105713
	0.103143
	0.101719
	0.102936
	0.104954
	0.101269
	0.101313
	0.101449
	0.102605
	0.107394
	0.110424
	0.109669
	0.103854
	0.106073
	0.104881
	0.107115
	0.107029
	0.109741
	0.112046
	0.112933
	0.110125
	0.103214
	0.102600
	0.104043
	0.096725
	0.094150
	0.091563
	0.094850
	0.092729
	0.089936
	0.095816
	0.101506
	0.100921
	0.105259
	0.102613
	0.098075
	0.095606
	0.093119
	0.091196
	0.085419
	0.084169
	0.079554
	0.075255
	0.075925
	0.072931
	0.071676
	0.074903
	0.074956
	0.068413
	0.062526
	0.066975
	0.068256
	0.071523
	0.076335
	0.079775
	0.079329
	0.084343
	0.086533
	0.094209
	0.097459
	0.093956
	0.088033
	0.080166
	0.073071
	0.065035
	0.053463
	0.057934
	0.052273
	0.058093
	0.059923
	0.059853
	0.061444
	0.057143
	0.057511
	0.060416
	0.062075
	0.066983
	0.077233
	0.085689
	0.097269
	0.099600
	0.098661
	0.095069
	0.082223
	0.076069
	0.071519
	0.063925
	0.062735
	0.062593
	0.062369
	0.066704
	0.068489
	0.076255
	0.079785
	0.078375
	0.075009
	0.072073
	0.066121
	0.062183
	0.063605
	0.055703
	0.053763
	0.048753
	0.045744
	0.053113
	0.054669
	0.050806
	0.058146
	0.066969
	0.072639
	0.076385
	0.075769
	0.081219
	0.078215
	0.075783
	0.070805
	0.070600
	0.074871
	0.080653
	0.075319
	0.078450
	0.081964
	0.080583
	0.079383
	0.077236
