	0.146815
	0.186974
	0.202614
	0.205686
	0.202859
	0.197119
	0.187139
	0.177685
	0.167549
	0.156769
	0.151339
	0.151505
	0.148814
	0.146063
	0.141454
	0.134639
	0.127719
	0.119475
	0.107785
	0.104375
	0.094993
	0.087591
	0.081043
	0.080653
	0.080396
	0.078775
	0.080396
	0.080384
	0.082973
	0.079769
	0.077613
	0.075895
	0.074221
	0.072224
	0.071125
	0.072771
	0.074865
	0.078275
	0.086715
	0.096276
	0.104715
	0.110086
	0.117006
	0.118261
	0.118033
	0.120695
	0.121726
	0.112316
	0.103036
	0.099786
	0.103535
	0.102434
	0.102995
	0.101084
	0.102805
	0.100819
	0.098919
	0.097919
	0.097293
	0.098619
	0.100025
	0.102413
	0.099163
	0.098539
	0.097033
	0.088750
	0.076919
	0.065419
	0.059873
	0.067764
	0.072499
	0.075513
	0.074919
	0.079496
	0.086815
	0.089091
	0.088341
	0.089900
	0.090319
	0.086126
	0.074119
	0.068465
	0.071250
	0.067325
	0.063619
	0.059054
	0.064983
	0.069171
	0.070569
	0.068189
	0.069716
	0.069994
	0.062863
	0.065409
	0.068965
	0.074119
	0.078175
	0.074781
	0.074331
	0.070005
	0.064250
	0.056469
	0.058643
	0.057293
	0.062759
	0.071311
	0.077703
	0.083255
	0.084699
	0.082819
	0.086319
	0.080119
	0.083269
	0.085793
	0.090875
	0.095021
	0.095675
	0.091556
	0.083925
	0.073269
	0.062676
	0.067350
	0.071809
	0.076869
	0.084609
	0.091889
	0.096919
	0.099835
	0.102529
	0.098724
	0.099225
	0.091865
	0.093269
	0.096265
	0.101715
	0.102793
	0.101065
	0.102729
	0.096646
	0.088765
	0.080873
	0.067883
	0.059395
	0.055301
	0.054491
	0.058833
	0.057173
	0.063019
	0.064934
	0.066113
	0.067069
	0.064219
	0.066093
	0.067694
	0.065919
	0.060475
	0.058503
	0.055446
	0.054869
	0.052256
	0.041875
	0.035319
	0.035553
	0.036795
	0.032706
	0.034155
	0.039986
	0.042933
	0.040844
	0.039955
	0.040503
	0.042765
	0.040773
	0.042276
	0.049979
	0.056419
	0.063729
	0.062169
	0.069185
	0.061999
	0.057229
	0.051150
	0.051243
	0.056719
	0.056119
	0.051991
	0.056135
	0.057393
	0.052275
	0.055036
	0.057731
	0.055779
	0.061859
	0.068075
	0.072563
	0.080315
	0.083269
	0.083795
	0.081719
	0.074926
