	0.133885
	0.178533
	0.199303
	0.202016
	0.199349
	0.194875
	0.187606
	0.183375
	0.180265
	0.176489
	0.167531
	0.159265
	0.150293
	0.139654
	0.126053
	0.112050
	0.099185
	0.085375
	0.074600
	0.069363
	0.066745
	0.067523
	0.072483
	0.075636
	0.069183
	0.069824
	0.066825
	0.066879
	0.064823
	0.059813
	0.057225
	0.055399
	0.058365
	0.060026
	0.066983
	0.074600
	0.076869
	0.072423
	0.073715
	0.085195
	0.088276
	0.096363
	0.107035
	0.115275
	0.125119
	0.126323
	0.127066
	0.127800
	0.125656
	0.118745
	0.118951
	0.116694
	0.111826
	0.097205
	0.090136
	0.071869
	0.058199
	0.054641
	0.047901
	0.057356
	0.059206
	0.062106
	0.063869
	0.061935
	0.065203
	0.069775
	0.076643
	0.084363
	0.080769
	0.082119
	0.086025
	0.086719
	0.087919
	0.089129
	0.090795
	0.092281
	0.093785
	0.096154
	0.099873
	0.097294
	0.095963
	0.084675
	0.077719
	0.078391
	0.073456
	0.070544
	0.072015
	0.073375
	0.074569
	0.074199
	0.081291
	0.083896
	0.082765
	0.080263
	0.073889
	0.076274
	0.080669
	0.083675
	0.086114
	0.084714
	0.080153
	0.088375
	0.093725
	0.101519
	0.108900
	0.113015
	0.121173
	0.126971
	0.129243
	0.128834
	0.125646
	0.116985
	0.114365
	0.109483
	0.102413
	0.097369
	0.095911
	0.096311
	0.097893
	0.097254
	0.094975
	0.094793
	0.095389
	0.098845
	0.102819
	0.106734
	0.106845
	0.109819
	0.108695
	0.109113
	0.111669
	0.111826
	0.108521
	0.108133
	0.110216
	0.109994
	0.105175
	0.102025
	0.093989
	0.089533
	0.087793
	0.090363
	0.093269
	0.095955
	0.094841
	0.100156
	0.102744
	0.103319
	0.104335
	0.107076
	0.108319
	0.109635
	0.111934
	0.114769
	0.120144
	0.120485
	0.119615
	0.118069
	0.115843
	0.116369
	0.117274
	0.114105
	0.106154
	0.096425
	0.086716
	0.073053
	0.067445
	0.071006
	0.076355
	0.080119
	0.082259
	0.085300
	0.086025
	0.080106
	0.072416
	0.075750
	0.077406
	0.083901
	0.090623
	0.089813
	0.091743
	0.091519
	0.091154
	0.092369
	0.093359
	0.100899
	0.100150
	0.099245
	0.101389
	0.107419
	0.108144
	0.105293
	0.103133
	0.101525
	0.103873
	0.105023
	0.104200
	0.103194
	0.105475
	0.106719
