	0.139675
	0.174969
	0.199253
	0.204514
	0.197241
	0.183919
	0.170595
	0.160419
	0.152279
	0.144974
	0.138095
	0.123759
	0.111525
	0.102705
	0.093195
	0.081769
	0.076769
	0.073673
	0.069625
	0.066256
	0.072833
	0.069819
	0.066349
	0.054619
	0.059385
	0.057344
	0.043139
	0.039875
	0.040289
	0.037611
	0.044069
	0.051919
	0.058543
	0.063869
	0.068216
	0.069223
	0.065776
	0.066150
	0.058583
	0.053475
	0.053914
	0.054019
	0.062124
	0.064909
	0.063926
	0.065366
	0.064089
	0.061993
	0.060656
	0.063076
	0.067561
	0.074245
	0.079534
	0.083005
	0.093039
	0.096025
	0.088581
	0.093139
	0.092119
	0.091169
	0.090083
	0.090341
	0.086300
	0.088264
	0.088964
	0.090055
	0.089441
	0.080123
	0.071244
	0.065185
	0.066719
	0.067195
	0.065989
	0.067319
	0.068016
	0.065223
	0.063924
	0.070219
	0.074954
	0.078854
	0.079154
	0.075625
	0.066519
	0.065469
	0.068293
	0.070883
	0.069043
	0.070105
	0.068036
	0.066464
	0.071023
	0.072734
	0.075279
	0.080773
	0.083624
	0.087300
	0.089513
	0.088259
	0.087719
	0.079625
	0.078025
	0.082119
	0.086435
	0.082953
	0.081349
	0.079250
	0.076435
	0.075244
	0.070109
	0.063333
	0.061785
	0.069119
	0.075233
	0.081186
	0.081244
	0.076725
	0.070283
	0.069369
	0.071371
	0.078454
	0.077511
	0.078626
	0.073575
	0.066295
	0.060093
	0.062093
	0.067595
	0.072166
	0.073774
	0.074324
	0.070169
	0.068025
	0.064803
	0.059543
	0.056143
	0.055545
	0.058669
	0.056036
	0.054914
	0.054613
	0.050834
	0.050019
	0.049350
	0.050025
	0.051419
	0.058841
	0.063783
	0.069305
	0.074281
	0.071026
	0.073354
	0.082184
	0.089075
	0.088546
	0.093851
	0.098215
	0.098654
	0.096203
	0.096079
	0.089296
	0.088784
	0.086183
	0.082475
	0.078271
	0.069969
	0.071224
	0.078841
	0.085385
	0.093776
	0.098954
	0.103769
	0.107325
	0.108163
	0.104123
	0.102735
	0.099843
	0.095703
	0.088215
	0.082264
	0.077045
	0.068703
	0.065071
	0.061445
	0.060393
	0.063325
	0.066013
	0.065374
	0.067819
	0.066050
	0.063585
	0.064063
	0.063426
	0.065825
	0.068715
	0.074875
	0.079364
	0.080275
	0.089519
	0.087400
	0.088625
