	0.141032
	0.183281
	0.203667
	0.205279
	0.195810
	0.179901
	0.165409
	0.154088
	0.142409
	0.139059
	0.134387
	0.125043
	0.117079
	0.113960
	0.110305
	0.105280
	0.106967
	0.111066
	0.110531
	0.109986
	0.110800
	0.115154
	0.112441
	0.112712
	0.105764
	0.103717
	0.104522
	0.103859
	0.095794
	0.086268
	0.079916
	0.073331
	0.072351
	0.070698
	0.068796
	0.064154
	0.061125
	0.061190
	0.061636
	0.061589
	0.055069
	0.059619
	0.065623
	0.070801
	0.077016
	0.080025
	0.075263
	0.069825
	0.068804
	0.065317
	0.062659
	0.063984
	0.059435
	0.058974
	0.062720
	0.059409
	0.059800
	0.051871
	0.052780
	0.055221
	0.058364
	0.051674
	0.054665
	0.056009
	0.061226
	0.066058
	0.072196
	0.069800
	0.071116
	0.075112
	0.074450
	0.069677
	0.064728
	0.062131
	0.065863
	0.066401
	0.063731
	0.059298
	0.064693
	0.070569
	0.070962
	0.079059
	0.082278
	0.083813
	0.081365
	0.081634
	0.076612
	0.077688
	0.079239
	0.082542
	0.086076
	0.088520
	0.089063
	0.090420
	0.086741
	0.090182
	0.091090
	0.094607
	0.098937
	0.103261
	0.097943
	0.099517
	0.094735
	0.092192
	0.090003
	0.083598
	0.071913
	0.066828
	0.065668
	0.058707
	0.055831
	0.050587
	0.052192
	0.050033
	0.051677
	0.052855
	0.053498
	0.054146
	0.054852
	0.058135
	0.057571
	0.062222
	0.060857
	0.059723
	0.065023
	0.069307
	0.074284
	0.074639
	0.073436
	0.068567
	0.060477
	0.054890
	0.041957
	0.044189
	0.044496
	0.047298
	0.048045
	0.044720
	0.041280
	0.042734
	0.041935
	0.043149
	0.043614
	0.048732
	0.052850
	0.054263
	0.051166
	0.054481
	0.061664
	0.063516
	0.065746
	0.064286
	0.062523
	0.064218
	0.064557
	0.071001
	0.073230
	0.073830
	0.071045
	0.067748
	0.060320
	0.046945
	0.039298
	0.032091
	0.037001
	0.041921
	0.048278
	0.054236
	0.060030
	0.061790
	0.065183
	0.067614
	0.068871
	0.068859
	0.075565
	0.083761
	0.088372
	0.094828
	0.098314
	0.104451
	0.104874
	0.102149
	0.085430
	0.068368
	0.057039
	0.051733
	0.048753
	0.054764
	0.059002
	0.059542
	0.065179
	0.070067
	0.074048
	0.080013
	0.080732
	0.083047
	0.076577
	0.078296
	0.076886
	0.074203
