	0.152225
	0.189385
	0.205639
	0.204089
	0.195704
	0.186723
	0.175705
	0.165689
	0.155591
	0.148489
	0.143019
	0.136624
	0.127623
	0.122304
	0.119485
	0.110871
	0.097755
	0.085935
	0.079271
	0.076389
	0.074826
	0.072011
	0.056191
	0.056246
	0.058236
	0.052725
	0.052049
	0.054151
	0.060533
	0.059529
	0.064616
	0.066971
	0.071544
	0.070969
	0.068895
	0.068869
	0.066825
	0.064009
	0.068393
	0.066761
	0.061455
	0.063871
	0.066593
	0.068353
	0.072825
	0.078885
	0.086079
	0.086275
	0.084736
	0.082200
	0.072911
	0.064169
	0.062325
	0.062685
	0.065513
	0.070594
	0.075505
	0.080451
	0.077775
	0.072104
	0.065116
	0.069583
	0.068819
	0.065069
	0.064576
	0.058463
	0.062145
	0.068915
	0.073893
	0.071545
	0.068474
	0.067600
	0.062406
	0.059155
	0.055334
	0.051085
	0.048985
	0.049604
	0.051714
	0.050665
	0.048494
	0.051456
	0.053563
	0.054223
	0.050849
	0.053775
	0.056246
	0.059084
	0.063981
	0.065269
	0.067600
	0.068481
	0.071823
	0.074816
	0.074821
	0.068901
	0.068075
	0.060154
	0.053119
	0.050176
	0.045225
	0.043595
	0.046323
	0.044825
	0.044273
	0.039955
	0.042750
	0.045393
	0.049336
	0.054196
	0.054723
	0.057225
	0.059051
	0.064461
	0.068663
	0.075065
	0.077425
	0.080031
	0.077853
	0.076793
	0.064093
	0.061291
	0.059064
	0.059619
	0.057964
	0.055195
	0.056766
	0.058455
	0.059915
	0.063769
	0.069649
	0.076149
	0.077483
	0.082995
	0.084619
	0.093663
	0.101894
	0.107756
	0.109515
	0.103124
	0.091900
	0.082269
	0.072083
	0.066713
	0.059600
	0.056495
	0.055769
	0.059235
	0.062616
	0.067153
	0.069801
	0.073019
	0.078134
	0.077349
	0.081853
	0.084093
	0.091269
	0.096676
	0.097361
	0.098100
	0.100563
	0.101876
	0.103369
	0.098559
	0.096395
	0.099733
	0.098259
	0.095319
	0.085236
	0.084119
	0.082473
	0.080049
	0.080453
	0.078464
	0.081779
	0.077869
	0.072344
	0.075039
	0.078236
	0.082119
	0.072689
	0.071715
	0.068843
	0.061500
	0.057373
	0.061276
	0.063775
	0.069831
	0.063855
	0.063811
	0.064909
	0.067613
	0.074315
	0.079375
	0.082264
	0.086819
	0.090251
	0.090784
	0.089223
	0.084041
