	0.146815
	0.186974
	0.205593
	0.205315
	0.195731
	0.181865
	0.164443
	0.154079
	0.140834
	0.129823
	0.119675
	0.106218
	0.099720
	0.093426
	0.093614
	0.088882
	0.081982
	0.078567
	0.076950
	0.075677
	0.072756
	0.062886
	0.058720
	0.060657
	0.060898
	0.056818
	0.057795
	0.057153
	0.054466
	0.056781
	0.065465
	0.074667
	0.076563
	0.077789
	0.079701
	0.078248
	0.076112
	0.065926
	0.055575
	0.057512
	0.056637
	0.063923
	0.070851
	0.072498
	0.073238
	0.077900
	0.079214
	0.077514
	0.074095
	0.073529
	0.074301
	0.075014
	0.077459
	0.074318
	0.071711
	0.070763
	0.074207
	0.073042
	0.070059
	0.065295
	0.063139
	0.060575
	0.066123
	0.068835
	0.070093
	0.073959
	0.072752
	0.071975
	0.070790
	0.062700
	0.064645
	0.060323
	0.063464
	0.062802
	0.067715
	0.072650
	0.070694
	0.070444
	0.069269
	0.070889
	0.071861
	0.078238
	0.080597
	0.083177
	0.084920
	0.083223
	0.085591
	0.079041
	0.080356
	0.083797
	0.084145
	0.087080
	0.085903
	0.075048
	0.063326
	0.044136
	0.048041
	0.053833
	0.058975
	0.062156
	0.063386
	0.061441
	0.057704
	0.058413
	0.057939
	0.061095
	0.063603
	0.068252
	0.072826
	0.069581
	0.070557
	0.072695
	0.075459
	0.081568
	0.090713
	0.095008
	0.096947
	0.096545
	0.099846
	0.097028
	0.093073
	0.088201
	0.088360
	0.084073
	0.087142
	0.087817
	0.087624
	0.085007
	0.086689
	0.086086
	0.088626
	0.088934
	0.091500
	0.094584
	0.096416
	0.094382
	0.090254
	0.082165
	0.077202
	0.074259
	0.071876
	0.068201
	0.059129
	0.064489
	0.063471
	0.066268
	0.071799
	0.069407
	0.064273
	0.057458
	0.053468
	0.056451
	0.052219
	0.054445
	0.060151
	0.065316
	0.070932
	0.073441
	0.070546
	0.072083
	0.071068
	0.064467
	0.059252
	0.058728
	0.059001
	0.058416
	0.061328
	0.066210
	0.070828
	0.075770
	0.079005
	0.079640
	0.078369
	0.075084
	0.071251
	0.068201
	0.065804
	0.066452
	0.063541
	0.070768
	0.078998
	0.079883
	0.085992
	0.088946
	0.089996
	0.086516
	0.087675
	0.081577
	0.077113
	0.074387
	0.078022
	0.083628
	0.086184
	0.078256
	0.066083
	0.069810
	0.070602
	0.065839
	0.064367
	0.060031
