	0.151495
	0.181935
	0.198811
	0.204295
	0.196271
	0.187093
	0.176891
	0.170444
	0.163963
	0.151975
	0.141269
	0.128856
	0.118601
	0.113953
	0.109125
	0.104069
	0.096750
	0.098483
	0.095769
	0.091815
	0.087815
	0.078071
	0.075644
	0.073611
	0.074555
	0.076059
	0.076150
	0.067819
	0.065445
	0.057369
	0.056969
	0.058650
	0.062550
	0.067021
	0.068019
	0.066083
	0.061793
	0.058186
	0.056519
	0.059063
	0.059625
	0.059566
	0.065225
	0.065959
	0.059014
	0.056223
	0.052034
	0.053419
	0.056786
	0.060019
	0.063769
	0.066176
	0.067563
	0.069694
	0.077319
	0.081175
	0.077135
	0.076550
	0.083334
	0.080041
	0.083569
	0.086205
	0.089055
	0.083606
	0.079195
	0.075716
	0.076421
	0.076966
	0.074605
	0.066769
	0.064919
	0.055819
	0.050365
	0.047515
	0.045669
	0.052625
	0.058315
	0.056283
	0.061761
	0.067313
	0.070809
	0.079313
	0.082056
	0.082865
	0.086159
	0.089175
	0.094733
	0.100894
	0.104111
	0.104831
	0.101193
	0.101891
	0.102149
	0.104934
	0.112679
	0.115364
	0.116831
	0.119255
	0.121150
	0.119536
	0.120769
	0.111695
	0.104365
	0.098536
	0.096129
	0.087985
	0.080399
	0.072285
	0.066425
	0.064955
	0.065719
	0.070769
	0.068325
	0.072684
	0.080795
	0.086003
	0.086423
	0.082936
	0.084229
	0.085193
	0.085719
	0.084455
	0.088439
	0.081489
	0.071325
	0.061603
	0.054669
	0.052135
	0.052784
	0.058153
	0.062611
	0.068769
	0.069913
	0.069133
	0.062865
	0.059346
	0.067609
	0.067771
	0.071133
	0.068495
	0.068743
	0.076619
	0.074193
	0.076603
	0.080851
	0.085149
	0.087791
	0.090546
	0.084414
	0.080206
	0.074500
	0.075351
	0.079925
	0.080034
	0.081005
	0.078300
	0.062835
	0.067725
	0.062953
	0.065789
	0.065975
	0.060763
	0.068363
	0.079459
	0.085385
	0.095819
	0.104455
	0.113033
	0.114449
	0.115414
	0.112943
	0.103624
	0.097685
	0.090586
	0.090569
	0.093489
	0.092011
	0.095945
	0.097009
	0.099953
	0.103125
	0.107775
	0.109889
	0.112883
	0.114926
	0.119965
	0.122261
	0.121300
	0.120344
	0.121881
	0.113475
	0.106539
	0.094175
	0.085859
	0.081761
	0.077065
	0.065313
	0.060100
	0.052419
	0.050983
