	0.152225
	0.183592
	0.202192
	0.203519
	0.198806
	0.195951
	0.192534
	0.185747
	0.176189
	0.168517
	0.160319
	0.154311
	0.151980
	0.146241
	0.146086
	0.143515
	0.139648
	0.136642
	0.134745
	0.132935
	0.122132
	0.115178
	0.109972
	0.102957
	0.096545
	0.091437
	0.087665
	0.079635
	0.074438
	0.070928
	0.067630
	0.064582
	0.054903
	0.052183
	0.050353
	0.047152
	0.046526
	0.051333
	0.049914
	0.052704
	0.053832
	0.051114
	0.047598
	0.049753
	0.054307
	0.055832
	0.057040
	0.059804
	0.053592
	0.047901
	0.046275
	0.046982
	0.050722
	0.058539
	0.063217
	0.068872
	0.077466
	0.077866
	0.077994
	0.076465
	0.074542
	0.069680
	0.064625
	0.058268
	0.061838
	0.066892
	0.066802
	0.068339
	0.070873
	0.072889
	0.071467
	0.078767
	0.086232
	0.092822
	0.098326
	0.098165
	0.098234
	0.097264
	0.096269
	0.092707
	0.096606
	0.095233
	0.092790
	0.089833
	0.084345
	0.087831
	0.086328
	0.086080
	0.080378
	0.074756
	0.072218
	0.067029
	0.059916
	0.057407
	0.060434
	0.064974
	0.071565
	0.070389
	0.070436
	0.068905
	0.063946
	0.064271
	0.060730
	0.054552
	0.060173
	0.065568
	0.070311
	0.071442
	0.073753
	0.067610
	0.059312
	0.056721
	0.059428
	0.054254
	0.050421
	0.047454
	0.052385
	0.054825
	0.060241
	0.063358
	0.067681
	0.073329
	0.077475
	0.072048
	0.067978
	0.061127
	0.056432
	0.053926
	0.058512
	0.063984
	0.062464
	0.062731
	0.059852
	0.058423
	0.056364
	0.055710
	0.062517
	0.068423
	0.073487
	0.066134
	0.061554
	0.057146
	0.055789
	0.054381
	0.054268
	0.059130
	0.057070
	0.050465
	0.054987
	0.061432
	0.066311
	0.071430
	0.068965
	0.072408
	0.072034
	0.072836
	0.071296
	0.066300
	0.059759
	0.060839
	0.058057
	0.055164
	0.054884
	0.055594
	0.048716
	0.048978
	0.049433
	0.048643
	0.051839
	0.050917
	0.054810
	0.060375
	0.067826
	0.072217
	0.072490
	0.073717
	0.078541
	0.085032
	0.086321
	0.086798
	0.084307
	0.079682
	0.068292
	0.070813
	0.065204
	0.057014
	0.052384
	0.050874
	0.053560
	0.054509
	0.053508
	0.058569
	0.064690
	0.064709
	0.064993
	0.068433
	0.066734
	0.060888
	0.059621
	0.062869
