	0.146815
	0.186640
	0.200349
	0.202588
	0.199851
	0.193605
	0.183898
	0.177814
	0.171489
	0.166832
	0.164548
	0.160263
	0.146598
	0.132127
	0.115876
	0.102862
	0.090417
	0.073984
	0.063845
	0.053918
	0.051659
	0.055011
	0.055823
	0.056582
	0.050217
	0.052432
	0.057082
	0.058477
	0.061714
	0.064809
	0.070815
	0.066873
	0.066990
	0.068979
	0.063981
	0.061861
	0.065295
	0.067919
	0.070867
	0.073618
	0.081585
	0.090754
	0.095903
	0.097541
	0.097332
	0.091493
	0.085176
	0.079970
	0.081020
	0.074178
	0.068708
	0.062403
	0.054468
	0.048142
	0.050345
	0.056038
	0.063544
	0.067402
	0.075031
	0.082198
	0.086423
	0.085863
	0.085154
	0.088943
	0.082902
	0.073758
	0.074532
	0.078595
	0.080664
	0.082269
	0.087268
	0.086645
	0.081832
	0.071562
	0.068253
	0.066301
	0.057277
	0.052365
	0.047908
	0.045992
	0.044694
	0.049771
	0.054291
	0.061313
	0.068085
	0.071899
	0.071046
	0.070790
	0.063459
	0.057707
	0.062533
	0.065612
	0.066240
	0.063904
	0.063197
	0.062822
	0.063363
	0.066978
	0.062101
	0.061214
	0.058041
	0.055408
	0.057893
	0.061247
	0.061458
	0.062639
	0.065576
	0.063814
	0.061315
	0.055282
	0.049342
	0.054095
	0.045295
	0.043817
	0.046095
	0.048653
	0.052803
	0.058935
	0.065564
	0.071301
	0.071678
	0.067703
	0.067371
	0.071298
	0.076107
	0.082273
	0.081468
	0.079098
	0.074368
	0.071811
	0.078116
	0.075516
	0.079019
	0.083660
	0.087519
	0.086752
	0.082298
	0.084384
	0.081001
	0.080400
	0.077844
	0.076867
	0.078441
	0.079182
	0.073740
	0.076491
	0.078385
	0.078676
	0.075298
	0.075783
	0.076617
	0.073956
	0.077071
	0.072863
	0.065722
	0.057161
	0.049589
	0.053796
	0.059586
	0.055098
	0.053172
	0.058550
	0.060058
	0.058902
	0.058575
	0.061828
	0.066158
	0.071814
	0.077749
	0.078041
	0.074615
	0.082332
	0.089786
	0.090329
	0.090151
	0.091022
	0.087929
	0.083696
	0.082928
	0.084692
	0.079177
	0.068271
	0.065113
	0.060901
	0.060779
	0.056855
	0.058802
	0.062203
	0.059813
	0.062278
	0.067978
	0.068240
	0.067130
	0.073717
	0.073438
	0.071544
	0.074878
	0.075973
	0.073134
	0.069400
