	0.133835
	0.175148
	0.198307
	0.203988
	0.200845
	0.194016
	0.190903
	0.183956
	0.176499
	0.172514
	0.164289
	0.154694
	0.147287
	0.141680
	0.129722
	0.118926
	0.109413
	0.098021
	0.088870
	0.083641
	0.078914
	0.076464
	0.073788
	0.072755
	0.070849
	0.074152
	0.073650
	0.077549
	0.081312
	0.080686
	0.079820
	0.081390
	0.085912
	0.084592
	0.082435
	0.082835
	0.080801
	0.085888
	0.088289
	0.092632
	0.095936
	0.094989
	0.093618
	0.093797
	0.093414
	0.092652
	0.090029
	0.089322
	0.085751
	0.078575
	0.078573
	0.080803
	0.076922
	0.074792
	0.079739
	0.077342
	0.076320
	0.075734
	0.067759
	0.067157
	0.064186
	0.069287
	0.054575
	0.051003
	0.048717
	0.051581
	0.057002
	0.066070
	0.071589
	0.073345
	0.074139
	0.077914
	0.080720
	0.078820
	0.075436
	0.072628
	0.074320
	0.079378
	0.074381
	0.070185
	0.063976
	0.060444
	0.059688
	0.063829
	0.070152
	0.067886
	0.067330
	0.069179
	0.069092
	0.069511
	0.062673
	0.054513
	0.050208
	0.055235
	0.058540
	0.061136
	0.063413
	0.060764
	0.060562
	0.058388
	0.058334
	0.060771
	0.065428
	0.075978
	0.083570
	0.085542
	0.086214
	0.084308
	0.078045
	0.073634
	0.077297
	0.078647
	0.076373
	0.073584
	0.077892
	0.079929
	0.083058
	0.080382
	0.085500
	0.089848
	0.095515
	0.096320
	0.086688
	0.079001
	0.076845
	0.063968
	0.062045
	0.060019
	0.060752
	0.056854
	0.059210
	0.060664
	0.055592
	0.060675
	0.058816
	0.052998
	0.050981
	0.055835
	0.060098
	0.062024
	0.061084
	0.060948
	0.064795
	0.070125
	0.074802
	0.077397
	0.078125
	0.079416
	0.080804
	0.080640
	0.079676
	0.073797
	0.066376
	0.061339
	0.056683
	0.053997
	0.058757
	0.064061
	0.072300
	0.075113
	0.073538
	0.070426
	0.070669
	0.066380
	0.064265
	0.063827
	0.062282
	0.061701
	0.060505
	0.063366
	0.064852
	0.064698
	0.061984
	0.059631
	0.054494
	0.051692
	0.058183
	0.064974
	0.063400
	0.063995
	0.068165
	0.057627
	0.066159
	0.069968
	0.074520
	0.073264
	0.073454
	0.072608
	0.070589
	0.065101
	0.058500
	0.055216
	0.057702
	0.060988
	0.065937
	0.071713
	0.062028
	0.063810
	0.059482
	0.057697
