	0.152225
	0.190025
	0.205029
	0.205124
	0.193335
	0.172063
	0.147301
	0.130134
	0.126961
	0.126435
	0.126350
	0.128515
	0.126619
	0.120629
	0.109785
	0.097885
	0.084346
	0.071273
	0.067616
	0.076696
	0.086515
	0.088329
	0.091211
	0.094889
	0.093019
	0.087904
	0.082849
	0.075261
	0.071593
	0.071469
	0.067721
	0.060404
	0.052573
	0.056899
	0.055875
	0.056234
	0.063965
	0.071019
	0.075163
	0.077559
	0.080100
	0.083951
	0.086153
	0.083855
	0.081916
	0.072415
	0.065449
	0.053779
	0.052905
	0.055883
	0.061825
	0.059819
	0.059451
	0.060885
	0.060265
	0.062661
	0.060119
	0.059723
	0.060413
	0.064973
	0.064173
	0.062686
	0.061034
	0.056319
	0.055891
	0.061893
	0.068421
	0.071559
	0.073909
	0.072944
	0.072225
	0.073413
	0.065656
	0.064653
	0.062456
	0.066159
	0.068419
	0.070305
	0.070791
	0.074465
	0.078083
	0.080256
	0.079913
	0.078849
	0.083755
	0.085849
	0.077216
	0.077173
	0.074619
	0.063441
	0.063696
	0.061283
	0.054991
	0.055831
	0.053219
	0.059850
	0.061971
	0.064044
	0.061695
	0.066125
	0.065769
	0.056795
	0.055550
	0.047233
	0.049794
	0.048235
	0.048956
	0.048525
	0.053425
	0.052563
	0.056131
	0.054454
	0.051456
	0.057263
	0.058689
	0.066945
	0.068454
	0.072365
	0.074614
	0.081923
	0.081253
	0.077633
	0.078693
	0.081975
	0.083569
	0.086594
	0.091700
	0.098316
	0.098925
	0.095001
	0.088865
	0.081155
	0.071301
	0.066501
	0.064304
	0.063276
	0.059553
	0.056250
	0.057183
	0.058055
	0.060125
	0.057995
	0.051011
	0.054903
	0.054886
	0.053965
	0.052153
	0.053213
	0.050634
	0.053169
	0.058035
	0.062115
	0.066453
	0.068695
	0.071015
	0.075923
	0.071019
	0.065936
	0.064275
	0.056175
	0.057425
	0.052864
	0.047954
	0.049904
	0.048869
	0.047873
	0.047125
	0.047563
	0.044669
	0.043361
	0.045656
	0.051275
	0.053233
	0.059850
	0.060619
	0.063344
	0.064103
	0.070424
	0.070923
	0.080079
	0.080266
	0.076359
	0.075325
	0.078753
	0.082641
	0.087394
	0.091323
	0.092689
	0.098735
	0.100641
	0.106441
	0.113801
	0.119981
	0.121275
	0.116896
	0.115695
	0.110983
	0.112669
	0.116245
	0.121299
