	0.146025
	0.183103
	0.203919
	0.206361
	0.198713
	0.188641
	0.174226
	0.167043
	0.158945
	0.147676
	0.127565
	0.117716
	0.104219
	0.085575
	0.065275
	0.050859
	0.045503
	0.048205
	0.054601
	0.059545
	0.060069
	0.060535
	0.062293
	0.069055
	0.074719
	0.069459
	0.070804
	0.072319
	0.078063
	0.081955
	0.089753
	0.100523
	0.105719
	0.110664
	0.113519
	0.115954
	0.122919
	0.123850
	0.119841
	0.120219
	0.120653
	0.114769
	0.110309
	0.107774
	0.101725
	0.099064
	0.097754
	0.099569
	0.103504
	0.100425
	0.095069
	0.095345
	0.091219
	0.089393
	0.085894
	0.084141
	0.074543
	0.072345
	0.066500
	0.067605
	0.061206
	0.059819
	0.063036
	0.067695
	0.070513
	0.070359
	0.067763
	0.066750
	0.076975
	0.086950
	0.096293
	0.107535
	0.113555
	0.120193
	0.120975
	0.119083
	0.105509
	0.090095
	0.078750
	0.072619
	0.073561
	0.081023
	0.087169
	0.094756
	0.100246
	0.105065
	0.101246
	0.098086
	0.097216
	0.089205
	0.082626
	0.084616
	0.086619
	0.095231
	0.099494
	0.104026
	0.112125
	0.107863
	0.099501
	0.096923
	0.095175
	0.100165
	0.108474
	0.106769
	0.108709
	0.105095
	0.100303
	0.093996
	0.084929
	0.082565
	0.087823
	0.095294
	0.099525
	0.094655
	0.093203
	0.090969
	0.093251
	0.099419
	0.098400
	0.101044
	0.102866
	0.109194
	0.112036
	0.114923
	0.113845
	0.110975
	0.106225
	0.102945
	0.098719
	0.099411
	0.101211
	0.101311
	0.102659
	0.103635
	0.105150
	0.096945
	0.088993
	0.083089
	0.077800
	0.070511
	0.077115
	0.081475
	0.087065
	0.091479
	0.092945
	0.100019
	0.103845
	0.105669
	0.105696
	0.109064
	0.101746
	0.099669
	0.099474
	0.097066
	0.095069
	0.089525
	0.079650
	0.079223
	0.083619
	0.081069
	0.080073
	0.084669
	0.086719
	0.084450
	0.084600
	0.083503
	0.086050
	0.089264
	0.089275
	0.095725
	0.097465
	0.099615
	0.093923
	0.095650
	0.092005
	0.089150
	0.085343
	0.081754
	0.076213
	0.073595
	0.070319
	0.073969
	0.075119
	0.075755
	0.075519
	0.076813
	0.077395
	0.078983
	0.082619
	0.088475
	0.090155
	0.091541
	0.090634
	0.079939
	0.074519
	0.073261
	0.080785
	0.080886
	0.084225
	0.079866
