	0.152038
	0.186668
	0.203560
	0.202790
	0.200540
	0.194717
	0.190160
	0.183005
	0.174357
	0.170337
	0.164372
	0.156366
	0.148001
	0.137219
	0.132056
	0.131246
	0.125830
	0.120098
	0.121661
	0.122012
	0.117806
	0.115492
	0.108621
	0.107323
	0.100292
	0.098966
	0.101463
	0.103030
	0.105723
	0.103822
	0.102574
	0.101832
	0.096597
	0.094146
	0.091801
	0.084645
	0.080611
	0.075624
	0.073947
	0.073236
	0.071652
	0.071011
	0.066810
	0.070348
	0.073946
	0.075873
	0.081007
	0.081310
	0.083901
	0.082566
	0.085952
	0.091834
	0.093263
	0.095820
	0.094770
	0.087778
	0.089059
	0.088161
	0.092304
	0.095460
	0.096345
	0.089426
	0.074314
	0.067372
	0.066376
	0.063097
	0.059926
	0.056097
	0.056278
	0.058019
	0.058184
	0.062022
	0.064272
	0.066394
	0.064765
	0.064818
	0.064697
	0.062536
	0.063121
	0.060098
	0.052504
	0.046630
	0.044078
	0.042893
	0.046603
	0.050904
	0.052804
	0.058793
	0.063551
	0.056235
	0.055574
	0.055827
	0.057556
	0.063184
	0.069855
	0.070944
	0.070561
	0.069266
	0.064595
	0.055181
	0.049975
	0.049076
	0.054575
	0.057730
	0.060597
	0.061322
	0.063647
	0.066346
	0.071217
	0.073110
	0.069546
	0.065413
	0.070311
	0.070383
	0.074083
	0.078029
	0.085407
	0.087823
	0.080504
	0.079684
	0.084569
	0.088086
	0.090697
	0.098304
	0.106119
	0.109827
	0.103398
	0.087720
	0.077985
	0.066558
	0.059688
	0.048635
	0.049670
	0.050649
	0.052823
	0.057134
	0.055936
	0.059743
	0.065295
	0.068181
	0.063889
	0.068250
	0.070250
	0.078928
	0.084073
	0.081485
	0.080664
	0.081029
	0.077392
	0.068168
	0.059242
	0.052947
	0.052707
	0.055056
	0.057012
	0.057459
	0.063710
	0.069406
	0.075137
	0.078831
	0.085550
	0.086452
	0.073078
	0.068063
	0.059918
	0.060834
	0.062528
	0.064446
	0.066178
	0.071687
	0.071273
	0.067298
	0.064163
	0.065847
	0.067375
	0.070203
	0.075045
	0.076448
	0.078190
	0.081710
	0.086745
	0.090651
	0.096942
	0.100370
	0.101882
	0.108158
	0.108385
	0.104164
	0.103038
	0.104989
	0.105958
	0.105913
	0.102154
	0.098957
	0.095711
	0.090112
	0.076185
	0.062317
	0.051287
	0.050943
