	0.140475
	0.182594
	0.199521
	0.204135
	0.198825
	0.188626
	0.178244
	0.163683
	0.154301
	0.154431
	0.149551
	0.145164
	0.136753
	0.135785
	0.132211
	0.123519
	0.110819
	0.100651
	0.096675
	0.095375
	0.089596
	0.087225
	0.086534
	0.080546
	0.081945
	0.076863
	0.080335
	0.082055
	0.089439
	0.090221
	0.090175
	0.092469
	0.097373
	0.098066
	0.096269
	0.099400
	0.101700
	0.103823
	0.107809
	0.105479
	0.097846
	0.090995
	0.085575
	0.083413
	0.083469
	0.089600
	0.096325
	0.101073
	0.104415
	0.100033
	0.101806
	0.103865
	0.107600
	0.112743
	0.112343
	0.115459
	0.119495
	0.125215
	0.128633
	0.131463
	0.129075
	0.128113
	0.123145
	0.116855
	0.109929
	0.101815
	0.097253
	0.093399
	0.089303
	0.086711
	0.083815
	0.084455
	0.076839
	0.066143
	0.065050
	0.064250
	0.063281
	0.054641
	0.059543
	0.066419
	0.068755
	0.073753
	0.082775
	0.093735
	0.095941
	0.097614
	0.103750
	0.101754
	0.099905
	0.088993
	0.086965
	0.087156
	0.086265
	0.088491
	0.092419
	0.091153
	0.095369
	0.100771
	0.102916
	0.104665
	0.102975
	0.103065
	0.107649
	0.113053
	0.116294
	0.119163
	0.122869
	0.125723
	0.124843
	0.125853
	0.127634
	0.121743
	0.119575
	0.116616
	0.113025
	0.105053
	0.095500
	0.094293
	0.091205
	0.091164
	0.089319
	0.089653
	0.089200
	0.083861
	0.084915
	0.089899
	0.093169
	0.091586
	0.096469
	0.094569
	0.098645
	0.100759
	0.105493
	0.108786
	0.115019
	0.113556
	0.110395
	0.110059
	0.111376
	0.113579
	0.117696
	0.125593
	0.124919
	0.121945
	0.123985
	0.121229
	0.121325
	0.124905
	0.125091
	0.121145
	0.120575
	0.118805
	0.116029
	0.112374
	0.110774
	0.107909
	0.102515
	0.101579
	0.103285
	0.096554
	0.092950
	0.089831
	0.088943
	0.089485
	0.088001
	0.092703
	0.095703
	0.095909
	0.098175
	0.102803
	0.099693
	0.105671
	0.111231
	0.111235
	0.109685
	0.111901
	0.117663
	0.119495
	0.121454
	0.126250
	0.120531
	0.119615
	0.117925
	0.113984
	0.113436
	0.114701
	0.109309
	0.099064
	0.089843
	0.081619
	0.081813
	0.082815
	0.079653
	0.075794
	0.068574
	0.067575
	0.070445
	0.074643
	0.078593
	0.082634
