	0.140041
	0.178917
	0.201460
	0.204258
	0.198695
	0.190240
	0.181177
	0.174951
	0.166766
	0.161751
	0.158431
	0.146301
	0.136111
	0.124070
	0.110771
	0.105659
	0.102608
	0.103239
	0.104153
	0.099202
	0.097328
	0.095858
	0.093661
	0.087929
	0.079256
	0.074378
	0.073240
	0.075543
	0.074493
	0.071816
	0.070288
	0.070373
	0.074661
	0.071686
	0.065604
	0.060232
	0.054497
	0.056136
	0.055591
	0.062181
	0.068171
	0.075821
	0.081528
	0.086170
	0.091267
	0.091578
	0.088574
	0.085549
	0.084948
	0.092185
	0.092179
	0.093617
	0.085534
	0.078422
	0.066734
	0.066103
	0.068317
	0.063679
	0.066375
	0.074036
	0.083155
	0.092083
	0.092570
	0.094764
	0.092384
	0.095110
	0.090967
	0.093161
	0.081124
	0.073508
	0.064285
	0.060917
	0.063935
	0.068668
	0.072060
	0.067353
	0.065576
	0.062008
	0.063936
	0.069952
	0.072145
	0.075413
	0.078621
	0.076054
	0.078168
	0.078224
	0.080372
	0.085229
	0.077802
	0.072686
	0.073968
	0.076268
	0.069020
	0.057413
	0.055891
	0.063237
	0.064247
	0.068289
	0.071280
	0.075261
	0.073646
	0.070293
	0.070191
	0.075420
	0.080785
	0.077742
	0.073689
	0.073539
	0.067501
	0.070791
	0.080092
	0.089235
	0.090883
	0.087325
	0.087091
	0.086137
	0.086366
	0.090018
	0.090432
	0.091872
	0.096356
	0.098641
	0.100870
	0.102260
	0.106578
	0.106535
	0.107495
	0.102736
	0.105407
	0.102061
	0.100079
	0.098298
	0.096070
	0.099467
	0.099148
	0.102678
	0.101625
	0.100330
	0.097289
	0.098219
	0.098295
	0.095327
	0.094840
	0.094026
	0.095097
	0.092278
	0.095538
	0.097811
	0.102298
	0.104758
	0.106624
	0.101612
	0.095121
	0.089692
	0.088768
	0.086369
	0.077217
	0.072806
	0.066551
	0.058776
	0.052691
	0.052018
	0.054926
	0.057765
	0.057745
	0.061340
	0.061677
	0.065670
	0.068288
	0.072041
	0.076703
	0.079226
	0.083326
	0.086643
	0.094971
	0.099586
	0.096722
	0.092374
	0.096208
	0.091093
	0.091550
	0.091338
	0.093103
	0.098852
	0.101079
	0.100672
	0.091898
	0.087874
	0.086476
	0.081806
	0.075344
	0.075575
	0.070394
	0.063238
	0.060859
	0.059643
	0.063550
	0.061999
	0.063442
	0.068361
