	0.145646
	0.179404
	0.193188
	0.202145
	0.202630
	0.196557
	0.188733
	0.179301
	0.171891
	0.168595
	0.163873
	0.160619
	0.156394
	0.150547
	0.148064
	0.141488
	0.133702
	0.134718
	0.137212
	0.134235
	0.125108
	0.119216
	0.116567
	0.114116
	0.109464
	0.109063
	0.105652
	0.102375
	0.101195
	0.096930
	0.094076
	0.090884
	0.089957
	0.086694
	0.088271
	0.083939
	0.076881
	0.060706
	0.056070
	0.060561
	0.064629
	0.065722
	0.072285
	0.072648
	0.071437
	0.077283
	0.080934
	0.081772
	0.078305
	0.075535
	0.079876
	0.087014
	0.086548
	0.084702
	0.083154
	0.087588
	0.091914
	0.097108
	0.101210
	0.103747
	0.104450
	0.095758
	0.091622
	0.084167
	0.082125
	0.077001
	0.074995
	0.069828
	0.064895
	0.065143
	0.064126
	0.069965
	0.073006
	0.072558
	0.069680
	0.068850
	0.065686
	0.062166
	0.060089
	0.063240
	0.063072
	0.066547
	0.065020
	0.060585
	0.058190
	0.051256
	0.050557
	0.052987
	0.050579
	0.054015
	0.053472
	0.049942
	0.048103
	0.045642
	0.050776
	0.056279
	0.062748
	0.060786
	0.058665
	0.059141
	0.063391
	0.070309
	0.069920
	0.072207
	0.068307
	0.065495
	0.066082
	0.060793
	0.063702
	0.070561
	0.074590
	0.070476
	0.063810
	0.064920
	0.073116
	0.079289
	0.085339
	0.093894
	0.104152
	0.108384
	0.116504
	0.124024
	0.124570
	0.120603
	0.115231
	0.118866
	0.116708
	0.111909
	0.100739
	0.095834
	0.096582
	0.093456
	0.088332
	0.086997
	0.080523
	0.076616
	0.077986
	0.079186
	0.084176
	0.084698
	0.088979
	0.081757
	0.077958
	0.073734
	0.069365
	0.060514
	0.057447
	0.055725
	0.055017
	0.057802
	0.058201
	0.058108
	0.062632
	0.065623
	0.069768
	0.069184
	0.069404
	0.072967
	0.071045
	0.066332
	0.069307
	0.071972
	0.071977
	0.072889
	0.075153
	0.079154
	0.080300
	0.073112
	0.070775
	0.067912
	0.060960
	0.058042
	0.060812
	0.061149
	0.061434
	0.056940
	0.060476
	0.064259
	0.066957
	0.058232
	0.055539
	0.055312
	0.056698
	0.059823
	0.058457
	0.057655
	0.056097
	0.057010
	0.055602
	0.060789
	0.066272
	0.069589
	0.065899
	0.061897
	0.060709
	0.065967
	0.071613
	0.076067
	0.081092
	0.081839
