	0.146815
	0.183103
	0.202133
	0.205369
	0.200456
	0.187573
	0.178344
	0.170913
	0.163093
	0.150819
	0.136215
	0.121306
	0.108125
	0.096015
	0.089250
	0.087351
	0.085419
	0.084743
	0.075739
	0.061850
	0.064743
	0.069475
	0.070653
	0.069359
	0.070139
	0.069935
	0.062219
	0.056691
	0.057725
	0.062409
	0.066955
	0.070304
	0.077051
	0.075221
	0.084419
	0.090619
	0.091096
	0.086886
	0.080019
	0.082069
	0.075574
	0.075550
	0.078875
	0.077524
	0.079033
	0.080206
	0.085025
	0.090525
	0.091025
	0.087343
	0.093149
	0.095405
	0.092491
	0.089701
	0.085781
	0.081019
	0.080903
	0.078443
	0.080525
	0.082050
	0.086651
	0.083463
	0.077195
	0.077014
	0.080146
	0.081969
	0.083841
	0.081785
	0.075400
	0.064269
	0.060489
	0.062033
	0.065700
	0.071350
	0.078835
	0.082435
	0.086265
	0.087169
	0.089925
	0.095119
	0.097619
	0.100675
	0.100424
	0.106115
	0.113700
	0.118223
	0.120125
	0.123249
	0.123365
	0.115575
	0.106933
	0.103975
	0.100073
	0.097525
	0.101664
	0.098883
	0.092150
	0.086405
	0.087919
	0.087269
	0.088534
	0.089893
	0.093229
	0.088869
	0.085583
	0.082775
	0.087783
	0.089595
	0.094156
	0.094801
	0.097384
	0.094723
	0.085853
	0.084061
	0.085069
	0.084089
	0.076939
	0.070851
	0.063991
	0.067403
	0.068509
	0.063153
	0.068163
	0.075775
	0.082856
	0.087079
	0.091895
	0.093474
	0.097989
	0.100626
	0.104719
	0.107693
	0.110879
	0.113093
	0.117050
	0.114814
	0.110050
	0.107231
	0.101523
	0.098839
	0.098185
	0.096256
	0.092801
	0.094514
	0.095346
	0.091645
	0.091299
	0.096985
	0.101974
	0.109093
	0.112419
	0.110156
	0.112195
	0.109669
	0.106965
	0.099035
	0.101519
	0.098936
	0.086769
	0.082125
	0.077621
	0.076671
	0.074245
	0.077025
	0.081461
	0.085850
	0.090034
	0.090585
	0.089713
	0.087096
	0.075400
	0.078869
	0.079215
	0.083149
	0.087469
	0.088271
	0.088876
	0.090583
	0.085334
	0.085093
	0.085614
	0.085673
	0.090406
	0.093493
	0.097304
	0.099805
	0.099469
	0.102085
	0.105909
	0.111293
	0.111773
	0.116800
	0.115845
	0.110831
	0.105405
	0.099133
	0.092256
	0.094824
	0.099943
	0.098995
