	0.140425
	0.179547
	0.197884
	0.202467
	0.199102
	0.194307
	0.189121
	0.180580
	0.171224
	0.163634
	0.154592
	0.143448
	0.131214
	0.120238
	0.111957
	0.109435
	0.111039
	0.109498
	0.094899
	0.093539
	0.091929
	0.089990
	0.090087
	0.090482
	0.093926
	0.094818
	0.093701
	0.094539
	0.096923
	0.099831
	0.094014
	0.085448
	0.079207
	0.077805
	0.080251
	0.076516
	0.081692
	0.083143
	0.088997
	0.094073
	0.096426
	0.096868
	0.098786
	0.095752
	0.090876
	0.091848
	0.085730
	0.076192
	0.068379
	0.061483
	0.054284
	0.054907
	0.054636
	0.059375
	0.065039
	0.072561
	0.077375
	0.076590
	0.077102
	0.077653
	0.077986
	0.066008
	0.054963
	0.053670
	0.058256
	0.060355
	0.065628
	0.069570
	0.072000
	0.070342
	0.064995
	0.067743
	0.076364
	0.073100
	0.070692
	0.071017
	0.078047
	0.082101
	0.081076
	0.080168
	0.079929
	0.082416
	0.082313
	0.080020
	0.072529
	0.073753
	0.072865
	0.080688
	0.084256
	0.080688
	0.077830
	0.077406
	0.076557
	0.068534
	0.059642
	0.062539
	0.066393
	0.068391
	0.068316
	0.075604
	0.080485
	0.077052
	0.076485
	0.062901
	0.055970
	0.054230
	0.060393
	0.065264
	0.071708
	0.068534
	0.072346
	0.076565
	0.079379
	0.081623
	0.081602
	0.081264
	0.079914
	0.080878
	0.084421
	0.086382
	0.090821
	0.086549
	0.080248
	0.069688
	0.064131
	0.060957
	0.061703
	0.059851
	0.061998
	0.062839
	0.067075
	0.067367
	0.066767
	0.073389
	0.070275
	0.072439
	0.079174
	0.078501
	0.080033
	0.078078
	0.081282
	0.079268
	0.077123
	0.068152
	0.054920
	0.051525
	0.055706
	0.061128
	0.066648
	0.065606
	0.058342
	0.059844
	0.058157
	0.061661
	0.067089
	0.071117
	0.072328
	0.074684
	0.075998
	0.067543
	0.067691
	0.072887
	0.066186
	0.058004
	0.053587
	0.056828
	0.063546
	0.064458
	0.065631
	0.065344
	0.065073
	0.065447
	0.070111
	0.075698
	0.084915
	0.089676
	0.095275
	0.091879
	0.088868
	0.077940
	0.073068
	0.078045
	0.082755
	0.087687
	0.086896
	0.087287
	0.083790
	0.087808
	0.092522
	0.088735
	0.086482
	0.079790
	0.084190
	0.085690
	0.089798
	0.094801
	0.096689
	0.096970
	0.098261
	0.102770
