	0.151495
	0.188894
	0.203835
	0.203550
	0.191881
	0.178074
	0.170433
	0.160019
	0.152664
	0.145259
	0.140050
	0.131295
	0.127529
	0.128624
	0.128369
	0.126513
	0.122819
	0.116064
	0.111354
	0.097679
	0.077754
	0.064569
	0.061869
	0.065821
	0.071474
	0.070725
	0.074171
	0.066085
	0.063223
	0.063286
	0.060769
	0.060234
	0.058883
	0.057923
	0.051995
	0.052234
	0.047019
	0.047243
	0.050319
	0.050185
	0.051201
	0.054235
	0.053343
	0.055825
	0.059369
	0.065819
	0.063854
	0.057635
	0.051391
	0.054836
	0.054219
	0.052396
	0.058986
	0.063669
	0.062469
	0.067725
	0.073085
	0.072215
	0.069969
	0.062729
	0.061345
	0.064245
	0.070719
	0.077221
	0.078575
	0.077654
	0.078750
	0.083679
	0.087649
	0.085219
	0.083635
	0.085125
	0.083083
	0.083635
	0.076775
	0.076619
	0.078515
	0.083325
	0.082514
	0.085675
	0.078201
	0.074253
	0.072873
	0.070424
	0.066259
	0.063226
	0.062713
	0.068969
	0.074935
	0.080125
	0.081823
	0.078115
	0.072605
	0.071195
	0.063194
	0.059743
	0.054769
	0.055150
	0.064189
	0.071581
	0.077636
	0.084750
	0.090575
	0.095053
	0.098715
	0.101054
	0.103643
	0.102765
	0.094525
	0.080705
	0.077953
	0.066915
	0.067985
	0.064679
	0.066950
	0.063409
	0.059765
	0.054701
	0.058281
	0.055981
	0.057035
	0.056055
	0.058981
	0.066000
	0.073135
	0.077393
	0.077616
	0.071944
	0.065500
	0.058569
	0.054656
	0.048059
	0.045816
	0.046919
	0.047925
	0.051346
	0.053246
	0.060669
	0.067800
	0.072613
	0.073809
	0.074976
	0.070213
	0.068545
	0.069115
	0.070034
	0.066481
	0.064325
	0.057285
	0.054103
	0.058294
	0.061871
	0.062359
	0.065971
	0.067675
	0.074266
	0.079209
	0.080904
	0.075103
	0.065379
	0.055746
	0.055284
	0.056499
	0.058023
	0.055875
	0.059085
	0.062724
	0.069143
	0.073595
	0.077425
	0.081845
	0.086850
	0.093013
	0.096069
	0.094266
	0.090705
	0.094075
	0.098885
	0.102414
	0.104036
	0.105675
	0.103939
	0.104323
	0.102866
	0.098093
	0.088395
	0.077445
	0.074993
	0.078205
	0.077746
	0.077573
	0.077373
	0.080583
	0.085393
	0.088835
	0.093744
	0.096244
	0.098673
	0.100163
	0.095865
