	0.152225
	0.190025
	0.200035
	0.203676
	0.200650
	0.195666
	0.188369
	0.181831
	0.176686
	0.162525
	0.145513
	0.132925
	0.119393
	0.103619
	0.086764
	0.074285
	0.071503
	0.075319
	0.080099
	0.079314
	0.079669
	0.084075
	0.080619
	0.079204
	0.075019
	0.074775
	0.074226
	0.071079
	0.068285
	0.059896
	0.055214
	0.057263
	0.059099
	0.060049
	0.066465
	0.069350
	0.066854
	0.071321
	0.068254
	0.064214
	0.065053
	0.070423
	0.070763
	0.067494
	0.066033
	0.062093
	0.058763
	0.066619
	0.072016
	0.073353
	0.073175
	0.081541
	0.084836
	0.093025
	0.091486
	0.093284
	0.099345
	0.098400
	0.091896
	0.089636
	0.086306
	0.074453
	0.073645
	0.073875
	0.072605
	0.076201
	0.085965
	0.087829
	0.086819
	0.085023
	0.078481
	0.075044
	0.073505
	0.074485
	0.076326
	0.080643
	0.085469
	0.091306
	0.099626
	0.102759
	0.103124
	0.100119
	0.098463
	0.092503
	0.087885
	0.086313
	0.081593
	0.079665
	0.074733
	0.073675
	0.075075
	0.076625
	0.078609
	0.078350
	0.080053
	0.076773
	0.076039
	0.064225
	0.059599
	0.056993
	0.062571
	0.065415
	0.073473
	0.076746
	0.078145
	0.075104
	0.068845
	0.063603
	0.055001
	0.053449
	0.047493
	0.046911
	0.047903
	0.049104
	0.050865
	0.053283
	0.056573
	0.058714
	0.057949
	0.056225
	0.059355
	0.065781
	0.068761
	0.067965
	0.069065
	0.066669
	0.064136
	0.066003
	0.072871
	0.074650
	0.074019
	0.075275
	0.078875
	0.076261
	0.070563
	0.069435
	0.062494
	0.060015
	0.063383
	0.062300
	0.066276
	0.069026
	0.072415
	0.077001
	0.076135
	0.079349
	0.083484
	0.089869
	0.086819
	0.076913
	0.059814
	0.051861
	0.054443
	0.049043
	0.050614
	0.052775
	0.060526
	0.061111
	0.063924
	0.069904
	0.073465
	0.077581
	0.081701
	0.085569
	0.084269
	0.084255
	0.082964
	0.080056
	0.071255
	0.062475
	0.057851
	0.057933
	0.059405
	0.047763
	0.047705
	0.051715
	0.052879
	0.053329
	0.056699
	0.059855
	0.061983
	0.056399
	0.055605
	0.051969
	0.043323
	0.041433
	0.037343
	0.040495
	0.037583
	0.042675
	0.046850
	0.053663
	0.057691
	0.065394
	0.071821
	0.080553
	0.089084
	0.095685
	0.094751
	0.087969
