	0.139625
	0.174819
	0.199594
	0.204196
	0.197900
	0.189893
	0.183105
	0.173129
	0.165375
	0.162525
	0.156143
	0.152213
	0.148145
	0.143159
	0.138254
	0.132995
	0.123769
	0.113371
	0.105769
	0.101469
	0.100529
	0.095275
	0.092473
	0.091299
	0.092500
	0.098051
	0.098446
	0.098899
	0.089904
	0.081939
	0.078616
	0.076709
	0.076621
	0.078435
	0.077219
	0.074885
	0.073050
	0.076791
	0.075833
	0.079864
	0.081609
	0.086979
	0.088256
	0.088825
	0.091874
	0.089219
	0.088795
	0.091675
	0.086085
	0.085793
	0.081474
	0.076113
	0.071039
	0.059665
	0.065423
	0.067716
	0.072109
	0.070955
	0.064386
	0.069969
	0.076245
	0.083836
	0.084325
	0.082603
	0.081683
	0.071654
	0.068155
	0.074575
	0.079823
	0.073025
	0.069195
	0.068845
	0.070119
	0.071413
	0.070789
	0.069450
	0.068966
	0.063193
	0.054641
	0.050605
	0.057163
	0.059544
	0.059869
	0.060424
	0.066439
	0.067844
	0.073896
	0.084545
	0.095861
	0.104083
	0.106193
	0.101059
	0.095369
	0.086419
	0.085206
	0.077159
	0.061019
	0.054599
	0.060476
	0.056603
	0.056093
	0.056915
	0.060900
	0.064355
	0.066933
	0.074075
	0.082089
	0.078453
	0.075169
	0.070914
	0.065825
	0.062369
	0.059513
	0.061451
	0.060179
	0.060185
	0.056073
	0.053536
	0.055434
	0.048965
	0.051356
	0.054749
	0.060985
	0.063489
	0.067811
	0.068316
	0.076553
	0.080933
	0.089413
	0.090425
	0.092565
	0.090801
	0.088914
	0.086763
	0.087686
	0.093076
	0.090605
	0.090455
	0.088804
	0.090285
	0.091195
	0.092309
	0.093566
	0.098015
	0.103850
	0.104285
	0.103529
	0.107591
	0.110334
	0.106433
	0.103244
	0.097769
	0.094725
	0.088506
	0.081423
	0.076191
	0.072301
	0.070526
	0.068605
	0.069719
	0.066525
	0.072015
	0.077350
	0.083665
	0.088113
	0.089651
	0.093041
	0.094445
	0.099323
	0.101369
	0.100013
	0.098716
	0.096256
	0.101919
	0.100179
	0.095004
	0.086903
	0.075825
	0.069235
	0.062236
	0.054049
	0.053486
	0.060085
	0.062354
	0.066224
	0.068605
	0.069269
	0.067500
	0.071353
	0.068554
	0.072650
	0.077213
	0.080449
	0.085279
	0.084944
	0.086483
	0.091850
	0.096326
	0.100224
	0.108345
