	0.146815
	0.186974
	0.205447
	0.206534
	0.198618
	0.190979
	0.185063
	0.180874
	0.177304
	0.172677
	0.160742
	0.148224
	0.136897
	0.125071
	0.115035
	0.105434
	0.103042
	0.101335
	0.101164
	0.093023
	0.077632
	0.075490
	0.075482
	0.071515
	0.075825
	0.078083
	0.077037
	0.066477
	0.066162
	0.070080
	0.067433
	0.073099
	0.074442
	0.070942
	0.063317
	0.059496
	0.061512
	0.064475
	0.071402
	0.074291
	0.077788
	0.078911
	0.074459
	0.068860
	0.066975
	0.070275
	0.068115
	0.068484
	0.065204
	0.067678
	0.065238
	0.070758
	0.072935
	0.073001
	0.067257
	0.064575
	0.060089
	0.054207
	0.048842
	0.052489
	0.054413
	0.053243
	0.051331
	0.053181
	0.057992
	0.063051
	0.066776
	0.063892
	0.056812
	0.057714
	0.056822
	0.056990
	0.061081
	0.055680
	0.060335
	0.063877
	0.064107
	0.058339
	0.050208
	0.053815
	0.058667
	0.060362
	0.062948
	0.066468
	0.069385
	0.069556
	0.070776
	0.070283
	0.074853
	0.074398
	0.069409
	0.064740
	0.063531
	0.059708
	0.051933
	0.050717
	0.056727
	0.061526
	0.060056
	0.056395
	0.051175
	0.056839
	0.057689
	0.060786
	0.064434
	0.061878
	0.060716
	0.062494
	0.061089
	0.062159
	0.060224
	0.059312
	0.059201
	0.054170
	0.062136
	0.067672
	0.069659
	0.072585
	0.074380
	0.079777
	0.079921
	0.085877
	0.082489
	0.077977
	0.076678
	0.073681
	0.072298
	0.070049
	0.070908
	0.069852
	0.074854
	0.082036
	0.088333
	0.085925
	0.090997
	0.088195
	0.084398
	0.081397
	0.080059
	0.078655
	0.075842
	0.072595
	0.064873
	0.062611
	0.064668
	0.061466
	0.057355
	0.052356
	0.050027
	0.049878
	0.052217
	0.059495
	0.063821
	0.064286
	0.058909
	0.051170
	0.051966
	0.053784
	0.051287
	0.049735
	0.049259
	0.049626
	0.050897
	0.050101
	0.053428
	0.057852
	0.062378
	0.062525
	0.066057
	0.060329
	0.055851
	0.045250
	0.042147
	0.044114
	0.047009
	0.050558
	0.056014
	0.059001
	0.057012
	0.051748
	0.047685
	0.049230
	0.047498
	0.049107
	0.042120
	0.045816
	0.050755
	0.060225
	0.061601
	0.063364
	0.063730
	0.064736
	0.062919
	0.061541
	0.057600
	0.056547
	0.053885
	0.056722
	0.061685
	0.065508
