	0.134644
	0.174141
	0.196324
	0.200809
	0.201583
	0.199169
	0.193585
	0.184383
	0.177214
	0.173125
	0.164046
	0.154913
	0.142794
	0.138544
	0.132486
	0.119569
	0.110250
	0.102425
	0.092669
	0.090991
	0.091634
	0.096163
	0.097475
	0.093150
	0.089006
	0.088625
	0.088469
	0.090381
	0.093281
	0.098475
	0.104645
	0.106513
	0.109445
	0.113246
	0.113399
	0.118656
	0.122416
	0.124275
	0.121093
	0.114665
	0.112743
	0.107613
	0.108926
	0.109185
	0.111395
	0.113743
	0.112094
	0.115615
	0.115351
	0.117919
	0.117313
	0.113954
	0.105966
	0.101959
	0.101776
	0.104203
	0.105366
	0.105224
	0.104359
	0.105559
	0.103719
	0.105621
	0.105055
	0.105844
	0.103463
	0.102959
	0.102939
	0.105143
	0.109439
	0.112795
	0.113519
	0.112383
	0.110633
	0.104656
	0.097896
	0.097435
	0.097931
	0.102295
	0.102689
	0.100700
	0.099429
	0.096879
	0.101223
	0.103853
	0.103733
	0.105531
	0.110734
	0.111845
	0.112764
	0.116569
	0.120433
	0.123504
	0.129875
	0.133474
	0.136165
	0.142893
	0.143183
	0.143146
	0.140583
	0.137195
	0.132855
	0.130755
	0.130119
	0.126709
	0.128569
	0.126469
	0.124425
	0.121645
	0.117925
	0.110119
	0.102200
	0.090636
	0.084669
	0.078711
	0.081896
	0.085563
	0.085919
	0.088584
	0.090905
	0.091301
	0.098754
	0.096725
	0.099021
	0.104449
	0.105669
	0.108195
	0.110984
	0.113225
	0.116673
	0.121915
	0.125119
	0.128493
	0.126613
	0.128594
	0.128703
	0.131855
	0.133279
	0.138293
	0.142854
	0.145643
	0.145085
	0.142975
	0.135443
	0.132334
	0.128419
	0.121911
	0.117559
	0.108284
	0.103985
	0.099265
	0.102603
	0.102073
	0.103463
	0.101861
	0.103450
	0.102674
	0.106224
	0.105065
	0.109875
	0.109809
	0.111335
	0.111956
	0.114235
	0.112231
	0.110925
	0.111826
	0.115604
	0.119719
	0.118896
	0.121534
	0.121296
	0.122953
	0.118663
	0.115956
	0.120936
	0.119405
	0.115835
	0.114129
	0.114936
	0.116863
	0.116735
	0.116925
	0.116373
	0.121366
	0.118506
	0.118935
	0.122629
	0.125143
	0.120646
	0.116215
	0.109669
	0.113081
	0.113975
	0.117975
	0.121063
	0.123796
	0.126549
	0.123851
	0.121085
	0.118309
