	0.152038
	0.186668
	0.200253
	0.204731
	0.198589
	0.194326
	0.186443
	0.177414
	0.165051
	0.156505
	0.147328
	0.136114
	0.126458
	0.112735
	0.102478
	0.100565
	0.102656
	0.104686
	0.110713
	0.108792
	0.105037
	0.107896
	0.109415
	0.109683
	0.111413
	0.114054
	0.113508
	0.116551
	0.120046
	0.124716
	0.124199
	0.116367
	0.106501
	0.093106
	0.088198
	0.086681
	0.084922
	0.079399
	0.082425
	0.080958
	0.078554
	0.081087
	0.084073
	0.081332
	0.075499
	0.072318
	0.074119
	0.071964
	0.072266
	0.070943
	0.069855
	0.076772
	0.075741
	0.063882
	0.059841
	0.058549
	0.059353
	0.063142
	0.068224
	0.070661
	0.077510
	0.076096
	0.076028
	0.078931
	0.082007
	0.082276
	0.084673
	0.082170
	0.083509
	0.086644
	0.084946
	0.083541
	0.090860
	0.091962
	0.092006
	0.089808
	0.084401
	0.083533
	0.080316
	0.081762
	0.080001
	0.069155
	0.062745
	0.064015
	0.068690
	0.069620
	0.069093
	0.070408
	0.076385
	0.079480
	0.081223
	0.076833
	0.073723
	0.067667
	0.073804
	0.080501
	0.085407
	0.089935
	0.092738
	0.097989
	0.099306
	0.095290
	0.095864
	0.093086
	0.086612
	0.083223
	0.085291
	0.083429
	0.085148
	0.081616
	0.075655
	0.078607
	0.080493
	0.081317
	0.077774
	0.075070
	0.075690
	0.078227
	0.076248
	0.075438
	0.080168
	0.079011
	0.076149
	0.065353
	0.071318
	0.072839
	0.072659
	0.073589
	0.074069
	0.077904
	0.072050
	0.063496
	0.063828
	0.059695
	0.062598
	0.058861
	0.061504
	0.061422
	0.057102
	0.061051
	0.064577
	0.071721
	0.071307
	0.069339
	0.072853
	0.079559
	0.085063
	0.089662
	0.089014
	0.088858
	0.084891
	0.078453
	0.073343
	0.065579
	0.061820
	0.063967
	0.062254
	0.058913
	0.064704
	0.066384
	0.060410
	0.057027
	0.058146
	0.060316
	0.063315
	0.066892
	0.073720
	0.077270
	0.078536
	0.077856
	0.074888
	0.077687
	0.082442
	0.081438
	0.083405
	0.086975
	0.080135
	0.074413
	0.063843
	0.056743
	0.047262
	0.047458
	0.051265
	0.053375
	0.056383
	0.054892
	0.056135
	0.056349
	0.060622
	0.060017
	0.063537
	0.062172
	0.059553
	0.063997
	0.070914
	0.077528
	0.076869
	0.074851
	0.067726
	0.063029
