	0.141224
	0.183592
	0.202873
	0.206704
	0.204189
	0.199856
	0.191289
	0.183760
	0.179781
	0.176569
	0.168998
	0.158300
	0.145663
	0.129407
	0.110543
	0.098107
	0.092095
	0.083870
	0.073280
	0.064106
	0.060843
	0.055293
	0.049216
	0.047139
	0.050560
	0.054413
	0.054130
	0.051995
	0.052313
	0.048620
	0.053502
	0.058954
	0.061999
	0.063770
	0.064396
	0.068373
	0.072685
	0.077293
	0.082003
	0.085839
	0.088033
	0.092039
	0.085860
	0.081706
	0.078470
	0.080072
	0.078548
	0.079955
	0.077492
	0.070175
	0.068433
	0.062742
	0.060786
	0.065032
	0.070605
	0.071622
	0.070335
	0.068211
	0.070124
	0.063079
	0.057804
	0.057998
	0.057273
	0.054273
	0.056192
	0.057091
	0.053386
	0.061405
	0.066870
	0.060137
	0.061371
	0.058723
	0.057667
	0.055002
	0.060419
	0.061866
	0.067071
	0.074393
	0.080685
	0.090335
	0.100646
	0.104886
	0.101787
	0.105734
	0.107443
	0.109795
	0.104995
	0.098464
	0.089490
	0.080245
	0.073977
	0.075275
	0.079040
	0.082138
	0.082732
	0.088816
	0.094220
	0.097511
	0.091478
	0.081170
	0.077388
	0.067271
	0.057707
	0.059596
	0.060286
	0.063954
	0.067794
	0.071130
	0.066777
	0.065264
	0.061560
	0.066219
	0.066851
	0.071739
	0.076002
	0.082113
	0.081033
	0.081543
	0.081277
	0.080568
	0.070751
	0.062428
	0.058717
	0.064615
	0.068953
	0.069648
	0.072027
	0.070691
	0.069325
	0.063358
	0.067366
	0.067487
	0.072315
	0.076422
	0.076885
	0.078718
	0.078595
	0.077179
	0.079313
	0.080265
	0.080693
	0.070465
	0.074027
	0.075266
	0.080861
	0.083551
	0.086598
	0.077209
	0.068448
	0.061578
	0.054615
	0.051939
	0.045746
	0.040609
	0.040028
	0.044317
	0.050060
	0.055324
	0.061300
	0.066005
	0.069287
	0.072497
	0.077801
	0.079327
	0.085814
	0.089187
	0.079902
	0.072164
	0.066992
	0.068979
	0.069890
	0.072376
	0.070953
	0.070692
	0.070389
	0.073633
	0.077606
	0.074603
	0.076589
	0.079175
	0.080221
	0.085650
	0.088158
	0.091334
	0.092095
	0.098258
	0.105355
	0.102980
	0.099764
	0.091968
	0.087138
	0.087127
	0.088128
	0.086712
	0.089991
	0.087024
	0.085681
	0.074262
	0.076886
	0.075861
