	0.151495
	0.188894
	0.203296
	0.203143
	0.195675
	0.186943
	0.173953
	0.160051
	0.148100
	0.136375
	0.131189
	0.127331
	0.120391
	0.110043
	0.105375
	0.098666
	0.096115
	0.098543
	0.098014
	0.100315
	0.099714
	0.097325
	0.087783
	0.089703
	0.086069
	0.083986
	0.082271
	0.088323
	0.092721
	0.090925
	0.077019
	0.074703
	0.077014
	0.086233
	0.090243
	0.095054
	0.092649
	0.081325
	0.078939
	0.074033
	0.068724
	0.061831
	0.063795
	0.065243
	0.062450
	0.068565
	0.073124
	0.071024
	0.076225
	0.080250
	0.085004
	0.080063
	0.074619
	0.072163
	0.061615
	0.060769
	0.065961
	0.072971
	0.077926
	0.081311
	0.077271
	0.072403
	0.068769
	0.073821
	0.075426
	0.081905
	0.089425
	0.093375
	0.096925
	0.099909
	0.103516
	0.101294
	0.098063
	0.092283
	0.084669
	0.082619
	0.088984
	0.095319
	0.092925
	0.082189
	0.075921
	0.079019
	0.089084
	0.091750
	0.085743
	0.088619
	0.091951
	0.092253
	0.088969
	0.091294
	0.093393
	0.089353
	0.083419
	0.085523
	0.093214
	0.094515
	0.089704
	0.094471
	0.091919
	0.089643
	0.086053
	0.080975
	0.078741
	0.078725
	0.076335
	0.079219
	0.072026
	0.059084
	0.058973
	0.063165
	0.062883
	0.062155
	0.065825
	0.066033
	0.065131
	0.071589
	0.080753
	0.078331
	0.079254
	0.072924
	0.072575
	0.073375
	0.069509
	0.062751
	0.058591
	0.048841
	0.052834
	0.056051
	0.056991
	0.057049
	0.062195
	0.059591
	0.052015
	0.041175
	0.045763
	0.046309
	0.049885
	0.053806
	0.042525
	0.042616
	0.036574
	0.042064
	0.047995
	0.052119
	0.056279
	0.058735
	0.063081
	0.066731
	0.070411
	0.071625
	0.071725
	0.073875
	0.071921
	0.072013
	0.073319
	0.080769
	0.078325
	0.075805
	0.077269
	0.081764
	0.087536
	0.088649
	0.084486
	0.083291
	0.078223
	0.074605
	0.072114
	0.068656
	0.070325
	0.072903
	0.080799
	0.082169
	0.090343
	0.091915
	0.085895
	0.074569
	0.070283
	0.069269
	0.074573
	0.083043
	0.078243
	0.069461
	0.069069
	0.072439
	0.073843
	0.075985
	0.075706
	0.075083
	0.072375
	0.074569
	0.083839
	0.089619
	0.093119
	0.095976
	0.100585
	0.100889
	0.100139
	0.098575
	0.097359
	0.097019
