	0.129304
	0.172141
	0.197448
	0.200117
	0.201053
	0.196470
	0.191211
	0.185043
	0.179333
	0.172379
	0.167989
	0.161227
	0.153499
	0.149992
	0.144108
	0.138039
	0.134716
	0.128260
	0.121950
	0.116769
	0.111588
	0.110091
	0.106869
	0.099851
	0.093919
	0.090320
	0.087872
	0.087421
	0.086345
	0.083011
	0.082551
	0.078270
	0.072954
	0.068432
	0.066134
	0.065005
	0.064912
	0.069851
	0.071940
	0.074554
	0.076614
	0.077842
	0.076071
	0.078489
	0.076304
	0.079575
	0.082592
	0.083691
	0.080653
	0.080373
	0.080089
	0.072134
	0.067565
	0.066457
	0.067034
	0.071066
	0.072147
	0.065784
	0.056173
	0.057931
	0.062124
	0.056018
	0.055872
	0.058492
	0.055209
	0.051193
	0.051317
	0.050595
	0.054930
	0.055924
	0.045603
	0.043541
	0.043983
	0.047706
	0.051365
	0.054856
	0.056274
	0.063954
	0.069445
	0.079932
	0.084213
	0.081942
	0.076204
	0.073111
	0.077907
	0.079709
	0.081171
	0.076026
	0.074962
	0.068304
	0.060624
	0.051698
	0.054543
	0.059739
	0.059862
	0.063359
	0.063898
	0.066769
	0.068943
	0.062410
	0.072428
	0.078974
	0.086376
	0.091017
	0.093834
	0.097387
	0.099241
	0.101336
	0.103567
	0.106560
	0.109896
	0.109055
	0.100533
	0.098568
	0.105049
	0.106214
	0.107408
	0.105722
	0.097067
	0.088119
	0.079223
	0.067959
	0.062611
	0.063192
	0.067742
	0.069170
	0.072146
	0.073332
	0.068840
	0.070351
	0.067384
	0.061590
	0.055482
	0.051027
	0.052835
	0.055770
	0.056751
	0.052872
	0.048967
	0.047875
	0.052995
	0.048648
	0.054155
	0.055269
	0.055395
	0.056596
	0.063535
	0.064860
	0.070098
	0.078266
	0.088120
	0.090326
	0.090098
	0.086296
	0.080478
	0.082014
	0.084004
	0.087453
	0.092187
	0.093166
	0.096427
	0.095842
	0.091148
	0.092376
	0.087988
	0.079132
	0.071518
	0.066883
	0.061898
	0.060800
	0.062020
	0.060070
	0.057434
	0.051710
	0.048547
	0.052347
	0.056020
	0.051471
	0.051967
	0.057141
	0.060856
	0.060651
	0.060424
	0.064495
	0.059882
	0.054692
	0.053913
	0.060459
	0.063021
	0.070110
	0.077200
	0.076366
	0.081776
	0.082592
	0.083843
	0.081101
	0.081801
	0.083589
	0.090878
	0.090317
