	0.150764
	0.187761
	0.204161
	0.204974
	0.194343
	0.185419
	0.177869
	0.172165
	0.159950
	0.145404
	0.129241
	0.119169
	0.101696
	0.097025
	0.091673
	0.085229
	0.080359
	0.076225
	0.068861
	0.061034
	0.059769
	0.066121
	0.075184
	0.085543
	0.087494
	0.088644
	0.091669
	0.090099
	0.083176
	0.076669
	0.070844
	0.066064
	0.057649
	0.063361
	0.069803
	0.079051
	0.079276
	0.088675
	0.094113
	0.090019
	0.092500
	0.086200
	0.072995
	0.055145
	0.045659
	0.042665
	0.044506
	0.044015
	0.049575
	0.054675
	0.061665
	0.067075
	0.071225
	0.071876
	0.073815
	0.074564
	0.081905
	0.083619
	0.083155
	0.084225
	0.080823
	0.070303
	0.065205
	0.064071
	0.060269
	0.059250
	0.057349
	0.057575
	0.057246
	0.056175
	0.056443
	0.064573
	0.071693
	0.075369
	0.084304
	0.089956
	0.086445
	0.080600
	0.078745
	0.081981
	0.076113
	0.074121
	0.070775
	0.073453
	0.069325
	0.072869
	0.073163
	0.067805
	0.067625
	0.069525
	0.069959
	0.069385
	0.071331
	0.069065
	0.075255
	0.075519
	0.077224
	0.078050
	0.074350
	0.065823
	0.068269
	0.071319
	0.076965
	0.078306
	0.080769
	0.085375
	0.088753
	0.086256
	0.084669
	0.080200
	0.074100
	0.062895
	0.066194
	0.071369
	0.078093
	0.082794
	0.089561
	0.097101
	0.098829
	0.105915
	0.110205
	0.109374
	0.107515
	0.103996
	0.098864
	0.084269
	0.065123
	0.055953
	0.044750
	0.045425
	0.047531
	0.045685
	0.049036
	0.052949
	0.052505
	0.056596
	0.056063
	0.062969
	0.063231
	0.058084
	0.056455
	0.058619
	0.060933
	0.061075
	0.061783
	0.066419
	0.068043
	0.069226
	0.071906
	0.067265
	0.070650
	0.070985
	0.068793
	0.069475
	0.074191
	0.078091
	0.072931
	0.070350
	0.070359
	0.072089
	0.068869
	0.065785
	0.059333
	0.060594
	0.068924
	0.073825
	0.073645
	0.062853
	0.064519
	0.065813
	0.060293
	0.056665
	0.057119
	0.061875
	0.063454
	0.066150
	0.062035
	0.059963
	0.067403
	0.072823
	0.067111
	0.059875
	0.060069
	0.060501
	0.061581
	0.057184
	0.053769
	0.051575
	0.057515
	0.061076
	0.062503
	0.059295
	0.060300
	0.067583
	0.067794
	0.066439
	0.064855
	0.059739
	0.057871
	0.059221
