	0.129501
	0.174819
	0.196975
	0.203163
	0.196775
	0.183543
	0.169753
	0.158625
	0.149051
	0.141611
	0.139363
	0.138421
	0.127300
	0.117793
	0.095299
	0.086035
	0.073805
	0.069926
	0.071664
	0.072453
	0.068989
	0.063000
	0.062326
	0.065559
	0.069089
	0.070763
	0.070724
	0.073824
	0.080753
	0.082569
	0.084501
	0.080715
	0.079779
	0.075676
	0.065469
	0.065933
	0.069765
	0.076675
	0.077763
	0.084593
	0.088975
	0.089115
	0.094039
	0.095575
	0.099173
	0.091100
	0.086905
	0.089034
	0.089449
	0.090755
	0.094623
	0.093434
	0.088823
	0.085786
	0.080475
	0.076759
	0.077769
	0.069921
	0.066839
	0.071619
	0.075313
	0.077615
	0.078435
	0.076155
	0.075836
	0.077369
	0.080896
	0.082175
	0.087291
	0.084763
	0.075265
	0.079599
	0.084851
	0.090793
	0.089693
	0.089219
	0.083734
	0.091525
	0.093143
	0.092615
	0.090739
	0.089439
	0.091156
	0.095950
	0.096445
	0.095951
	0.090083
	0.087569
	0.088034
	0.083769
	0.082769
	0.084525
	0.084555
	0.085619
	0.078135
	0.076425
	0.081135
	0.085201
	0.085284
	0.084175
	0.079449
	0.080075
	0.076919
	0.071925
	0.066719
	0.064809
	0.063675
	0.067569
	0.067245
	0.068995
	0.069366
	0.063754
	0.062329
	0.051569
	0.052175
	0.049175
	0.049596
	0.046345
	0.050164
	0.049184
	0.051603
	0.056716
	0.063294
	0.069119
	0.073413
	0.070543
	0.071616
	0.069571
	0.075743
	0.073850
	0.072194
	0.070959
	0.070416
	0.074361
	0.072123
	0.068225
	0.063306
	0.059633
	0.052975
	0.055435
	0.055436
	0.056483
	0.055041
	0.063019
	0.071389
	0.074313
	0.069571
	0.067476
	0.064379
	0.057919
	0.060839
	0.061750
	0.063569
	0.066525
	0.071473
	0.077363
	0.076583
	0.075719
	0.073076
	0.071769
	0.065425
	0.062353
	0.062043
	0.061100
	0.061606
	0.064043
	0.058913
	0.056741
	0.057696
	0.058275
	0.049106
	0.054325
	0.054163
	0.064123
	0.071700
	0.077235
	0.077715
	0.079789
	0.080385
	0.083684
	0.087823
	0.085895
	0.080893
	0.078233
	0.080165
	0.077259
	0.081279
	0.086053
	0.087564
	0.090619
	0.081839
	0.079753
	0.075725
	0.069425
	0.070139
	0.068983
	0.069905
	0.078065
	0.075719
	0.074185
