	0.152038
	0.189559
	0.198363
	0.204054
	0.199438
	0.190489
	0.179311
	0.165228
	0.147895
	0.133983
	0.122957
	0.103823
	0.084461
	0.078174
	0.072963
	0.076137
	0.080553
	0.082318
	0.080137
	0.078243
	0.076936
	0.073240
	0.071891
	0.074124
	0.078864
	0.082928
	0.083453
	0.084558
	0.083210
	0.072792
	0.057455
	0.051572
	0.043181
	0.043117
	0.043864
	0.046018
	0.049953
	0.053927
	0.053763
	0.055854
	0.060185
	0.064277
	0.064736
	0.065976
	0.068791
	0.069449
	0.070285
	0.070142
	0.075704
	0.077531
	0.071880
	0.067836
	0.065442
	0.066689
	0.062608
	0.056953
	0.057214
	0.061451
	0.056153
	0.055392
	0.061077
	0.060959
	0.061914
	0.061207
	0.058610
	0.056471
	0.059054
	0.049211
	0.045482
	0.051109
	0.053960
	0.055025
	0.058605
	0.061765
	0.061917
	0.056191
	0.055828
	0.053331
	0.050045
	0.046595
	0.048248
	0.049452
	0.054230
	0.057491
	0.060595
	0.063105
	0.066365
	0.069328
	0.072234
	0.075852
	0.077778
	0.080344
	0.081417
	0.079596
	0.082525
	0.083494
	0.089026
	0.093870
	0.095395
	0.093580
	0.092191
	0.088343
	0.088658
	0.083023
	0.082083
	0.081444
	0.087148
	0.087603
	0.079594
	0.072737
	0.063634
	0.057575
	0.056691
	0.051916
	0.057766
	0.060161
	0.061146
	0.060866
	0.067315
	0.069191
	0.071996
	0.071204
	0.070029
	0.073005
	0.077048
	0.078966
	0.082208
	0.086379
	0.083738
	0.083185
	0.079893
	0.075457
	0.076676
	0.067579
	0.060519
	0.056088
	0.060831
	0.064652
	0.075333
	0.086505
	0.088848
	0.085623
	0.079614
	0.081364
	0.088658
	0.094583
	0.098254
	0.101220
	0.099845
	0.096741
	0.094283
	0.088041
	0.083893
	0.082043
	0.077822
	0.074215
	0.074402
	0.072228
	0.073694
	0.075690
	0.073360
	0.069602
	0.069355
	0.069503
	0.068874
	0.069161
	0.066184
	0.063035
	0.065058
	0.062438
	0.066966
	0.070745
	0.073833
	0.071289
	0.069936
	0.066672
	0.065003
	0.069389
	0.073202
	0.079132
	0.072600
	0.070545
	0.075477
	0.080061
	0.085769
	0.093043
	0.098713
	0.100236
	0.099636
	0.100844
	0.103304
	0.099788
	0.092270
	0.089220
	0.079841
	0.076104
	0.058683
	0.052122
	0.055363
	0.053313
