	0.146815
	0.186325
	0.204615
	0.204271
	0.196635
	0.187250
	0.177751
	0.166329
	0.154224
	0.150561
	0.148563
	0.144389
	0.132023
	0.116411
	0.094850
	0.082693
	0.083064
	0.076875
	0.072666
	0.074311
	0.075993
	0.073223
	0.071163
	0.065523
	0.058169
	0.056335
	0.056483
	0.055971
	0.060783
	0.068343
	0.076756
	0.082969
	0.089866
	0.101059
	0.107019
	0.110184
	0.117236
	0.121079
	0.125333
	0.129750
	0.131181
	0.128391
	0.126763
	0.126305
	0.122649
	0.114365
	0.111505
	0.106761
	0.105075
	0.105203
	0.108495
	0.111569
	0.112211
	0.112335
	0.112394
	0.113826
	0.115265
	0.117603
	0.114513
	0.110713
	0.108145
	0.106711
	0.110466
	0.115169
	0.119993
	0.126583
	0.121350
	0.114413
	0.108566
	0.108411
	0.109706
	0.103719
	0.105599
	0.106973
	0.107396
	0.108729
	0.110681
	0.109889
	0.109045
	0.111583
	0.115165
	0.114436
	0.108181
	0.105003
	0.106693
	0.110115
	0.107093
	0.107309
	0.108083
	0.108921
	0.109521
	0.112209
	0.113519
	0.118469
	0.118169
	0.123536
	0.127806
	0.125173
	0.123800
	0.120891
	0.124391
	0.124656
	0.127176
	0.128254
	0.125906
	0.129475
	0.132843
	0.133519
	0.132573
	0.134991
	0.136425
	0.139415
	0.139163
	0.136295
	0.136265
	0.136525
	0.132025
	0.128323
	0.126175
	0.125954
	0.131125
	0.132446
	0.131934
	0.135396
	0.135003
	0.132375
	0.126465
	0.122044
	0.117219
	0.110239
	0.109325
	0.110315
	0.110903
	0.110829
	0.105511
	0.106950
	0.107403
	0.106869
	0.102484
	0.097446
	0.097233
	0.095775
	0.100806
	0.101281
	0.102969
	0.105304
	0.103214
	0.107426
	0.108416
	0.110066
	0.110679
	0.112405
	0.118194
	0.123375
	0.124945
	0.122411
	0.123693
	0.122683
	0.118934
	0.115400
	0.114250
	0.112914
	0.115249
	0.115535
	0.118495
	0.115886
	0.113949
	0.114450
	0.105435
	0.107145
	0.106925
	0.109983
	0.115003
	0.118786
	0.120006
	0.123205
	0.129296
	0.133550
	0.136246
	0.139335
	0.144606
	0.146669
	0.143034
	0.139156
	0.137454
	0.134855
	0.128054
	0.127014
	0.120006
	0.112469
	0.114833
	0.110824
	0.109319
	0.103575
	0.104283
	0.101393
	0.104550
	0.107569
	0.110039
	0.112461
