	0.146075
	0.184524
	0.201175
	0.202750
	0.192254
	0.183729
	0.174506
	0.162754
	0.149611
	0.137213
	0.127200
	0.111965
	0.097279
	0.087266
	0.078769
	0.069884
	0.057143
	0.056885
	0.056900
	0.057755
	0.056191
	0.055233
	0.056529
	0.056814
	0.061015
	0.063235
	0.066053
	0.068605
	0.066663
	0.074576
	0.080461
	0.085684
	0.096325
	0.102974
	0.103859
	0.098075
	0.094525
	0.096445
	0.096473
	0.096421
	0.092775
	0.082364
	0.084864
	0.083335
	0.076839
	0.072919
	0.067376
	0.061143
	0.063965
	0.057513
	0.053836
	0.053883
	0.056414
	0.063323
	0.063175
	0.064874
	0.073136
	0.079323
	0.082203
	0.083015
	0.083911
	0.085206
	0.085656
	0.085569
	0.085514
	0.085993
	0.088683
	0.085349
	0.084819
	0.082396
	0.087269
	0.084805
	0.085300
	0.077383
	0.074465
	0.078679
	0.083704
	0.086004
	0.092536
	0.100096
	0.105704
	0.106876
	0.102965
	0.098443
	0.087864
	0.081693
	0.079793
	0.079675
	0.073925
	0.069726
	0.068516
	0.068469
	0.071553
	0.069505
	0.065413
	0.063553
	0.063950
	0.066869
	0.060693
	0.065219
	0.067509
	0.066895
	0.072911
	0.074069
	0.071769
	0.073169
	0.073925
	0.076111
	0.079229
	0.089269
	0.096274
	0.099154
	0.100485
	0.099175
	0.096425
	0.095519
	0.089664
	0.087603
	0.086606
	0.084269
	0.081675
	0.075621
	0.080333
	0.082644
	0.083661
	0.075623
	0.077769
	0.075365
	0.078633
	0.082863
	0.080941
	0.082246
	0.084263
	0.087813
	0.086350
	0.089163
	0.089523
	0.087805
	0.094795
	0.096405
	0.100639
	0.096513
	0.096966
	0.097550
	0.100253
	0.101669
	0.101126
	0.099169
	0.089186
	0.085894
	0.083711
	0.085425
	0.085833
	0.087291
	0.090675
	0.089651
	0.089323
	0.091800
	0.084699
	0.086713
	0.090651
	0.085925
	0.078885
	0.083691
	0.086104
	0.091495
	0.097869
	0.107125
	0.114499
	0.113069
	0.115805
	0.109885
	0.104325
	0.101085
	0.089243
	0.086769
	0.088414
	0.086519
	0.087319
	0.090084
	0.089595
	0.080551
	0.081665
	0.079953
	0.083113
	0.083150
	0.087519
	0.074875
	0.066261
	0.066245
	0.067419
	0.065766
	0.065255
	0.069374
	0.077565
	0.082483
	0.091365
	0.097526
	0.098633
	0.104155
