	0.145285
	0.177864
	0.195344
	0.200431
	0.200136
	0.196445
	0.186169
	0.174019
	0.161119
	0.145321
	0.126450
	0.105725
	0.092136
	0.081624
	0.072479
	0.062200
	0.061663
	0.053293
	0.051656
	0.053884
	0.053525
	0.052345
	0.053895
	0.055884
	0.059855
	0.062569
	0.068726
	0.074949
	0.079619
	0.089813
	0.096696
	0.100923
	0.101419
	0.099985
	0.101489
	0.101103
	0.101521
	0.099469
	0.101843
	0.103579
	0.102694
	0.101913
	0.102125
	0.096375
	0.096595
	0.092433
	0.083614
	0.080169
	0.078736
	0.073653
	0.077285
	0.082649
	0.084069
	0.086294
	0.083746
	0.078684
	0.075065
	0.080341
	0.085394
	0.095109
	0.103459
	0.107324
	0.107261
	0.104564
	0.099284
	0.095963
	0.092319
	0.093804
	0.097395
	0.098145
	0.102369
	0.099876
	0.100015
	0.098055
	0.097729
	0.100524
	0.101661
	0.106819
	0.105774
	0.105433
	0.105325
	0.105906
	0.100200
	0.094415
	0.089559
	0.088165
	0.085306
	0.083219
	0.083519
	0.080666
	0.076805
	0.074611
	0.072565
	0.068353
	0.067993
	0.070783
	0.068239
	0.067583
	0.070225
	0.074703
	0.079669
	0.085213
	0.090506
	0.096575
	0.102904
	0.110091
	0.110895
	0.115801
	0.112213
	0.108561
	0.108694
	0.114400
	0.109450
	0.109629
	0.106819
	0.104325
	0.099321
	0.091494
	0.081469
	0.081401
	0.084075
	0.086723
	0.083203
	0.075876
	0.082705
	0.085649
	0.086645
	0.082881
	0.090600
	0.093531
	0.096544
	0.101699
	0.109015
	0.115661
	0.112425
	0.112341
	0.111519
	0.111403
	0.111343
	0.111983
	0.119079
	0.125325
	0.131669
	0.131893
	0.133085
	0.124125
	0.115025
	0.098325
	0.080224
	0.071633
	0.067345
	0.063575
	0.061829
	0.064983
	0.064050
	0.064795
	0.068293
	0.068903
	0.070400
	0.075825
	0.084376
	0.091766
	0.096495
	0.099326
	0.097903
	0.094585
	0.092353
	0.095589
	0.099575
	0.103309
	0.108069
	0.108931
	0.107129
	0.109400
	0.106925
	0.109075
	0.109913
	0.104844
	0.100395
	0.102344
	0.103924
	0.100500
	0.097100
	0.093093
	0.087586
	0.091003
	0.095404
	0.101943
	0.103454
	0.103069
	0.104359
	0.104226
	0.104495
	0.106226
	0.107701
	0.114325
	0.117433
	0.116483
	0.114213
	0.112279
