	0.140475
	0.182594
	0.200736
	0.203893
	0.194913
	0.178721
	0.161964
	0.149119
	0.142641
	0.137505
	0.138703
	0.132859
	0.131873
	0.126053
	0.111944
	0.105695
	0.095469
	0.087375
	0.084136
	0.089525
	0.089600
	0.090063
	0.092013
	0.087009
	0.080565
	0.070325
	0.059519
	0.062051
	0.063193
	0.057234
	0.051200
	0.050391
	0.048375
	0.046599
	0.053995
	0.056005
	0.060131
	0.066250
	0.070205
	0.072561
	0.076211
	0.069315
	0.067103
	0.066544
	0.057503
	0.060139
	0.062925
	0.069383
	0.072223
	0.077079
	0.079863
	0.082565
	0.088654
	0.087833
	0.093250
	0.097245
	0.097461
	0.096465
	0.091313
	0.086900
	0.084455
	0.082400
	0.084699
	0.089413
	0.088536
	0.088934
	0.090613
	0.097254
	0.094325
	0.088055
	0.086553
	0.088119
	0.080649
	0.081673
	0.084641
	0.085225
	0.083375
	0.076709
	0.067003
	0.068419
	0.073813
	0.079881
	0.081919
	0.084025
	0.079669
	0.076619
	0.083146
	0.082023
	0.077765
	0.079383
	0.085899
	0.094644
	0.099469
	0.099504
	0.101709
	0.102921
	0.104965
	0.109103
	0.112386
	0.108319
	0.107643
	0.108553
	0.111983
	0.113823
	0.112896
	0.110149
	0.110573
	0.107336
	0.105325
	0.103103
	0.097494
	0.091663
	0.092671
	0.094774
	0.098044
	0.101069
	0.104793
	0.108681
	0.105885
	0.106029
	0.102519
	0.099906
	0.102293
	0.099850
	0.093904
	0.092944
	0.095009
	0.095125
	0.100425
	0.107735
	0.111976
	0.115375
	0.119769
	0.120594
	0.118743
	0.113515
	0.110111
	0.111643
	0.116585
	0.118895
	0.120151
	0.121275
	0.120151
	0.118423
	0.118341
	0.117641
	0.113549
	0.111014
	0.114796
	0.120651
	0.127529
	0.127274
	0.132919
	0.135605
	0.137325
	0.139450
	0.140469
	0.137803
	0.137766
	0.140293
	0.138843
	0.139106
	0.144915
	0.148779
	0.150215
	0.147859
	0.143750
	0.139381
	0.133093
	0.123349
	0.118399
	0.113095
	0.114383
	0.117876
	0.113501
	0.103776
	0.104871
	0.103971
	0.102511
	0.105669
	0.107136
	0.105845
	0.110181
	0.114779
	0.117289
	0.119525
	0.124333
	0.126523
	0.128869
	0.135025
	0.139369
	0.142415
	0.143069
	0.140759
	0.130193
	0.129393
	0.126996
	0.126151
	0.127523
	0.122133
