	0.146815
	0.183761
	0.204293
	0.204236
	0.200562
	0.190254
	0.169883
	0.156140
	0.148012
	0.138215
	0.131100
	0.126516
	0.121467
	0.113896
	0.106729
	0.099752
	0.095668
	0.091211
	0.085761
	0.085443
	0.082926
	0.076491
	0.071007
	0.069453
	0.069527
	0.067826
	0.067439
	0.064667
	0.056234
	0.044820
	0.048100
	0.051510
	0.055027
	0.058951
	0.064367
	0.071587
	0.077881
	0.081380
	0.081354
	0.080649
	0.077743
	0.078190
	0.081880
	0.083021
	0.090633
	0.090951
	0.084312
	0.085308
	0.090399
	0.092864
	0.091430
	0.094422
	0.093163
	0.096234
	0.088008
	0.074201
	0.067993
	0.060731
	0.059052
	0.059232
	0.061787
	0.067614
	0.072218
	0.068714
	0.067001
	0.059618
	0.058118
	0.065244
	0.059790
	0.054718
	0.047140
	0.051632
	0.053000
	0.053591
	0.057892
	0.063497
	0.068079
	0.077038
	0.075889
	0.080228
	0.080204
	0.079347
	0.079183
	0.068288
	0.056348
	0.053938
	0.056793
	0.055886
	0.062079
	0.066091
	0.068352
	0.065519
	0.067363
	0.071141
	0.079226
	0.081584
	0.086382
	0.091133
	0.093526
	0.093651
	0.092861
	0.092370
	0.089028
	0.087175
	0.086261
	0.083312
	0.082875
	0.079900
	0.073718
	0.069686
	0.072955
	0.075664
	0.080333
	0.082167
	0.091051
	0.096982
	0.099076
	0.098453
	0.103050
	0.108413
	0.116003
	0.120318
	0.124282
	0.120444
	0.117652
	0.113151
	0.106270
	0.098441
	0.088948
	0.081601
	0.076893
	0.072979
	0.071561
	0.074406
	0.072140
	0.072714
	0.080288
	0.084960
	0.082375
	0.084078
	0.081177
	0.080686
	0.076631
	0.068252
	0.064961
	0.065548
	0.064661
	0.068172
	0.074783
	0.081697
	0.081329
	0.075746
	0.065405
	0.059486
	0.059678
	0.060658
	0.058503
	0.053513
	0.054370
	0.060535
	0.061477
	0.061347
	0.060386
	0.056555
	0.057651
	0.060648
	0.067482
	0.066487
	0.069617
	0.074550
	0.071685
	0.075588
	0.074131
	0.067145
	0.068222
	0.072722
	0.071173
	0.069601
	0.076711
	0.079132
	0.083788
	0.075400
	0.076508
	0.078691
	0.076278
	0.077680
	0.076941
	0.082622
	0.089654
	0.089800
	0.086548
	0.089818
	0.091138
	0.090739
	0.094863
	0.095882
	0.088348
	0.080607
	0.082073
	0.076807
