	0.134694
	0.179201
	0.197675
	0.203783
	0.200661
	0.192823
	0.185669
	0.173676
	0.167575
	0.160186
	0.148243
	0.142619
	0.131345
	0.119669
	0.110274
	0.101406
	0.089791
	0.087051
	0.083593
	0.074016
	0.077269
	0.079669
	0.078819
	0.079619
	0.076985
	0.075593
	0.071723
	0.065033
	0.066463
	0.069489
	0.070243
	0.074319
	0.081336
	0.083793
	0.087250
	0.088785
	0.089879
	0.086911
	0.081566
	0.074511
	0.070669
	0.056691
	0.054269
	0.053041
	0.060433
	0.069209
	0.078395
	0.086465
	0.088300
	0.083223
	0.084134
	0.088819
	0.094085
	0.097666
	0.104400
	0.106421
	0.106024
	0.106794
	0.108503
	0.111825
	0.116993
	0.125973
	0.122261
	0.121450
	0.121686
	0.117434
	0.103285
	0.087835
	0.078071
	0.070545
	0.066306
	0.056863
	0.051325
	0.051976
	0.050419
	0.047754
	0.046735
	0.047799
	0.053956
	0.053983
	0.055564
	0.059303
	0.063463
	0.067669
	0.072775
	0.072853
	0.078096
	0.079523
	0.077583
	0.084025
	0.077350
	0.073971
	0.066319
	0.062595
	0.063246
	0.062175
	0.059569
	0.056529
	0.054543
	0.054069
	0.057834
	0.055575
	0.058955
	0.063034
	0.064269
	0.066011
	0.068150
	0.069069
	0.067300
	0.069539
	0.069853
	0.075383
	0.080574
	0.077411
	0.080469
	0.084150
	0.083146
	0.075793
	0.072094
	0.073850
	0.078434
	0.084764
	0.086345
	0.083114
	0.080969
	0.080715
	0.084749
	0.083419
	0.087145
	0.090050
	0.092825
	0.094213
	0.095200
	0.094323
	0.095923
	0.094775
	0.092491
	0.093075
	0.092975
	0.095635
	0.094631
	0.094153
	0.087863
	0.081076
	0.066031
	0.063179
	0.059853
	0.064783
	0.064619
	0.068419
	0.063781
	0.058003
	0.054055
	0.054399
	0.055141
	0.056896
	0.055199
	0.057925
	0.057655
	0.063015
	0.068021
	0.073163
	0.076171
	0.080615
	0.086846
	0.088275
	0.083265
	0.080505
	0.070725
	0.071315
	0.077813
	0.079001
	0.080184
	0.081375
	0.077936
	0.074919
	0.074539
	0.070226
	0.077421
	0.081275
	0.080166
	0.078950
	0.077025
	0.078325
	0.081533
	0.083681
	0.084500
	0.089385
	0.085250
	0.078725
	0.080031
	0.084099
	0.082134
	0.078465
	0.069405
	0.069539
	0.076475
	0.081096
	0.083969
	0.089169
