	0.141224
	0.180386
	0.197833
	0.201619
	0.201591
	0.196034
	0.188459
	0.180134
	0.168925
	0.162635
	0.153433
	0.146551
	0.140519
	0.134955
	0.128675
	0.124425
	0.119041
	0.118069
	0.111944
	0.106589
	0.101685
	0.093746
	0.086131
	0.082869
	0.086494
	0.081963
	0.080183
	0.073065
	0.072365
	0.074775
	0.074623
	0.076704
	0.081714
	0.087101
	0.089669
	0.094566
	0.096275
	0.097174
	0.099066
	0.102419
	0.103959
	0.104403
	0.100405
	0.105019
	0.107323
	0.112843
	0.118166
	0.118323
	0.122574
	0.124713
	0.127075
	0.123399
	0.118969
	0.113255
	0.102969
	0.094385
	0.082975
	0.079516
	0.073625
	0.073285
	0.066975
	0.066024
	0.067355
	0.068044
	0.070826
	0.072224
	0.077119
	0.075155
	0.070969
	0.066954
	0.063301
	0.065019
	0.057084
	0.055913
	0.046194
	0.050049
	0.056219
	0.065869
	0.071949
	0.077595
	0.079375
	0.079414
	0.076361
	0.074339
	0.075289
	0.077603
	0.078119
	0.079069
	0.067244
	0.062679
	0.063204
	0.063929
	0.060123
	0.057596
	0.065343
	0.063914
	0.058083
	0.055401
	0.059333
	0.057069
	0.053019
	0.053675
	0.055931
	0.058593
	0.062254
	0.068524
	0.071613
	0.075669
	0.083446
	0.088743
	0.091009
	0.091621
	0.088436
	0.089679
	0.076806
	0.062395
	0.066025
	0.066771
	0.070450
	0.072905
	0.072319
	0.070050
	0.069700
	0.068519
	0.069183
	0.075795
	0.078649
	0.084219
	0.091034
	0.090036
	0.089719
	0.089605
	0.089849
	0.079404
	0.074293
	0.075669
	0.073815
	0.077564
	0.076335
	0.075896
	0.078053
	0.079065
	0.084766
	0.079296
	0.076043
	0.070374
	0.070569
	0.071886
	0.072675
	0.084176
	0.083669
	0.092676
	0.091334
	0.090619
	0.088900
	0.085331
	0.087264
	0.089845
	0.090455
	0.089669
	0.084255
	0.077326
	0.062955
	0.056525
	0.055900
	0.046719
	0.049875
	0.054093
	0.058350
	0.062763
	0.064859
	0.067055
	0.075183
	0.078869
	0.076444
	0.077956
	0.078919
	0.073109
	0.075539
	0.074966
	0.075521
	0.073723
	0.077906
	0.080579
	0.082543
	0.083783
	0.085513
	0.086941
	0.080415
	0.064141
	0.052406
	0.049754
	0.044089
	0.046465
	0.047843
	0.050535
	0.051605
	0.050669
	0.051464
	0.053469
