	0.135453
	0.179719
	0.197375
	0.202844
	0.203543
	0.195554
	0.187109
	0.173883
	0.162825
	0.152675
	0.142056
	0.134705
	0.127103
	0.128225
	0.127674
	0.125469
	0.119796
	0.109226
	0.104574
	0.101906
	0.094636
	0.087016
	0.081183
	0.079505
	0.074256
	0.064749
	0.064491
	0.065519
	0.063513
	0.063709
	0.066211
	0.075019
	0.084536
	0.087526
	0.093959
	0.100669
	0.103400
	0.106771
	0.107226
	0.108853
	0.111731
	0.102213
	0.097865
	0.095543
	0.098411
	0.092631
	0.090754
	0.093421
	0.097319
	0.100533
	0.100074
	0.093793
	0.090154
	0.087850
	0.090959
	0.093839
	0.092984
	0.089396
	0.086569
	0.087769
	0.094289
	0.096723
	0.106111
	0.104693
	0.109296
	0.107234
	0.105403
	0.107183
	0.112101
	0.105839
	0.101709
	0.098936
	0.099244
	0.097453
	0.100424
	0.102075
	0.098659
	0.098669
	0.104024
	0.105766
	0.101029
	0.093496
	0.092101
	0.090869
	0.093463
	0.096509
	0.094515
	0.092065
	0.099433
	0.102625
	0.100033
	0.099161
	0.098606
	0.097369
	0.093386
	0.090283
	0.095725
	0.100569
	0.101094
	0.100775
	0.095219
	0.092773
	0.087213
	0.090173
	0.093401
	0.090799
	0.091019
	0.091434
	0.092079
	0.085073
	0.081463
	0.079295
	0.074931
	0.075825
	0.073813
	0.068100
	0.068823
	0.076293
	0.079356
	0.081169
	0.079743
	0.082505
	0.081183
	0.077700
	0.077219
	0.078396
	0.079599
	0.079496
	0.072779
	0.072426
	0.071704
	0.072779
	0.077595
	0.079415
	0.087300
	0.095600
	0.096609
	0.096805
	0.096273
	0.096423
	0.094375
	0.098859
	0.101975
	0.098125
	0.101766
	0.100133
	0.098350
	0.097003
	0.097761
	0.098974
	0.101634
	0.106443
	0.113983
	0.119885
	0.128295
	0.137656
	0.147489
	0.149855
	0.149169
	0.148169
	0.145119
	0.141324
	0.135184
	0.125113
	0.114550
	0.113885
	0.111729
	0.112511
	0.114415
	0.106625
	0.098345
	0.091469
	0.088225
	0.080775
	0.080923
	0.081069
	0.081605
	0.084981
	0.085473
	0.085723
	0.086096
	0.083654
	0.080365
	0.077343
	0.076543
	0.078600
	0.081685
	0.082065
	0.081336
	0.079356
	0.080646
	0.087351
	0.090825
	0.088014
	0.091533
	0.085269
	0.074485
	0.070443
	0.059636
	0.057419
