	0.135453
	0.180386
	0.201552
	0.205931
	0.201201
	0.194483
	0.182161
	0.167779
	0.153000
	0.137025
	0.120404
	0.106516
	0.096132
	0.091387
	0.090551
	0.089759
	0.095114
	0.097776
	0.104932
	0.113362
	0.119164
	0.115905
	0.112289
	0.104334
	0.102683
	0.102131
	0.103891
	0.107319
	0.110209
	0.112861
	0.113866
	0.118808
	0.118726
	0.115428
	0.109991
	0.106412
	0.108262
	0.110636
	0.111590
	0.117970
	0.115522
	0.114452
	0.103821
	0.099314
	0.096654
	0.095364
	0.098074
	0.096395
	0.087009
	0.078266
	0.070895
	0.069883
	0.061449
	0.054533
	0.056098
	0.059827
	0.061498
	0.052982
	0.051722
	0.048845
	0.050998
	0.050124
	0.048131
	0.048912
	0.056438
	0.057117
	0.055693
	0.053979
	0.060928
	0.065783
	0.065892
	0.069381
	0.078155
	0.077193
	0.076660
	0.073869
	0.073900
	0.068948
	0.066929
	0.066248
	0.064701
	0.069495
	0.077083
	0.083048
	0.080141
	0.081006
	0.079655
	0.071721
	0.063623
	0.066495
	0.070255
	0.073882
	0.077069
	0.077864
	0.073069
	0.065150
	0.065584
	0.065396
	0.069735
	0.076579
	0.081313
	0.082433
	0.077175
	0.074285
	0.071950
	0.074148
	0.077708
	0.077263
	0.069880
	0.068323
	0.073358
	0.078450
	0.078555
	0.073373
	0.069193
	0.068443
	0.064289
	0.062951
	0.069471
	0.074449
	0.066411
	0.059688
	0.056898
	0.052839
	0.052173
	0.045625
	0.045302
	0.048526
	0.053525
	0.056502
	0.058802
	0.060265
	0.067484
	0.070456
	0.077484
	0.081859
	0.081802
	0.085015
	0.079469
	0.078833
	0.082727
	0.088368
	0.090303
	0.087467
	0.083381
	0.084846
	0.086820
	0.092204
	0.095617
	0.098361
	0.100984
	0.105088
	0.104536
	0.105052
	0.103030
	0.092321
	0.085244
	0.085449
	0.087201
	0.077177
	0.073044
	0.069739
	0.066395
	0.066931
	0.066012
	0.063934
	0.060389
	0.056616
	0.051210
	0.053808
	0.058128
	0.057620
	0.059588
	0.062697
	0.059224
	0.060594
	0.056132
	0.053619
	0.055593
	0.058201
	0.062222
	0.066169
	0.062155
	0.060167
	0.055628
	0.053703
	0.048798
	0.048476
	0.047270
	0.049220
	0.052863
	0.058360
	0.062482
	0.066062
	0.063330
	0.063729
	0.059435
	0.057367
	0.063381
	0.060599
