	0.141224
	0.180386
	0.195385
	0.202236
	0.203922
	0.198206
	0.186926
	0.170085
	0.158445
	0.152975
	0.139523
	0.125713
	0.112528
	0.095517
	0.082538
	0.073308
	0.065157
	0.061195
	0.064188
	0.069021
	0.072208
	0.078465
	0.077991
	0.075729
	0.078961
	0.070107
	0.067613
	0.059563
	0.063186
	0.063301
	0.071706
	0.075078
	0.073307
	0.066047
	0.067657
	0.069775
	0.066527
	0.066105
	0.059932
	0.056832
	0.054532
	0.052482
	0.050995
	0.049970
	0.048938
	0.049811
	0.049850
	0.049882
	0.055464
	0.063586
	0.072144
	0.078836
	0.085621
	0.086322
	0.088390
	0.079632
	0.069984
	0.070928
	0.071758
	0.071558
	0.070532
	0.069942
	0.069071
	0.060890
	0.052382
	0.056550
	0.056778
	0.056732
	0.055650
	0.056561
	0.057030
	0.055856
	0.054025
	0.052928
	0.050865
	0.052459
	0.058397
	0.063306
	0.063259
	0.063620
	0.060393
	0.057802
	0.058677
	0.063199
	0.058753
	0.050561
	0.049532
	0.045982
	0.050314
	0.049164
	0.048090
	0.050827
	0.056152
	0.057884
	0.049091
	0.045293
	0.050936
	0.051977
	0.049612
	0.047541
	0.051430
	0.051973
	0.056316
	0.059500
	0.063304
	0.066119
	0.067674
	0.068467
	0.065017
	0.068078
	0.068570
	0.058803
	0.062297
	0.065271
	0.071075
	0.069620
	0.062920
	0.055202
	0.048258
	0.051738
	0.056292
	0.064839
	0.070773
	0.074657
	0.073179
	0.076917
	0.082355
	0.086148
	0.087230
	0.093665
	0.095809
	0.099497
	0.102576
	0.105003
	0.108739
	0.109629
	0.108201
	0.101270
	0.102972
	0.101789
	0.100439
	0.089214
	0.086615
	0.082646
	0.078020
	0.077310
	0.074514
	0.073376
	0.072605
	0.068263
	0.061272
	0.054812
	0.053878
	0.058623
	0.061218
	0.059039
	0.062092
	0.058666
	0.061326
	0.062376
	0.060875
	0.060059
	0.059394
	0.062322
	0.064351
	0.065636
	0.070565
	0.072687
	0.079212
	0.080523
	0.081241
	0.080834
	0.081140
	0.077390
	0.075509
	0.078396
	0.080621
	0.083741
	0.078705
	0.074520
	0.065703
	0.052720
	0.055526
	0.055386
	0.058812
	0.066605
	0.067036
	0.068286
	0.067175
	0.060041
	0.054739
	0.052570
	0.051021
	0.051641
	0.048492
	0.046861
	0.047628
	0.044005
	0.048632
	0.052987
