	0.152225
	0.186325
	0.202923
	0.206025
	0.196475
	0.183344
	0.172166
	0.162500
	0.160713
	0.152219
	0.138101
	0.125235
	0.115119
	0.103499
	0.093669
	0.084626
	0.074924
	0.068976
	0.061779
	0.062239
	0.062044
	0.059969
	0.059101
	0.060901
	0.063965
	0.073855
	0.077693
	0.079311
	0.082000
	0.089755
	0.089469
	0.089069
	0.085243
	0.084005
	0.081559
	0.076563
	0.070309
	0.071474
	0.067944
	0.064419
	0.065153
	0.068655
	0.075093
	0.078225
	0.084146
	0.085795
	0.090063
	0.089286
	0.088569
	0.086894
	0.090736
	0.089101
	0.087595
	0.084336
	0.086841
	0.086933
	0.082695
	0.076831
	0.073005
	0.071719
	0.073254
	0.077164
	0.076953
	0.071545
	0.070325
	0.071466
	0.073273
	0.076819
	0.074645
	0.072169
	0.074461
	0.080321
	0.083294
	0.085934
	0.087473
	0.089919
	0.096243
	0.098281
	0.096761
	0.104089
	0.107685
	0.105955
	0.103895
	0.103094
	0.096284
	0.090125
	0.080511
	0.073663
	0.076545
	0.073325
	0.072971
	0.070621
	0.071425
	0.072826
	0.071359
	0.074769
	0.079396
	0.081925
	0.091615
	0.099083
	0.110014
	0.109736
	0.106531
	0.102016
	0.093969
	0.089894
	0.090821
	0.086535
	0.087469
	0.091013
	0.099515
	0.101135
	0.097183
	0.088233
	0.082703
	0.078281
	0.082405
	0.089181
	0.092563
	0.097169
	0.104669
	0.107513
	0.102345
	0.096303
	0.092325
	0.092165
	0.090951
	0.084564
	0.080093
	0.081786
	0.074195
	0.066805
	0.071225
	0.070675
	0.065493
	0.066476
	0.068059
	0.070971
	0.073525
	0.069366
	0.068059
	0.070709
	0.071785
	0.069355
	0.068413
	0.072631
	0.078884
	0.075113
	0.078405
	0.082291
	0.087415
	0.086499
	0.086075
	0.078765
	0.082535
	0.078393
	0.084819
	0.084335
	0.082289
	0.079073
	0.074750
	0.071056
	0.064173
	0.059333
	0.054529
	0.058234
	0.059546
	0.061983
	0.068155
	0.066939
	0.066519
	0.070969
	0.070169
	0.070245
	0.072826
	0.067385
	0.068555
	0.069619
	0.075193
	0.076831
	0.077679
	0.081119
	0.089969
	0.095885
	0.095735
	0.097395
	0.094650
	0.091591
	0.086419
	0.085333
	0.090891
	0.095125
	0.100421
	0.099774
	0.098435
	0.095313
	0.088429
	0.085919
	0.084800
	0.078719
