	0.152225
	0.186974
	0.203919
	0.204286
	0.200007
	0.192278
	0.184962
	0.175854
	0.168691
	0.166448
	0.165500
	0.165050
	0.156703
	0.148003
	0.137668
	0.131331
	0.124041
	0.125242
	0.128808
	0.128494
	0.120383
	0.115256
	0.113127
	0.108530
	0.105077
	0.104462
	0.097995
	0.087666
	0.077755
	0.067496
	0.062372
	0.065582
	0.068950
	0.067863
	0.071680
	0.073643
	0.075280
	0.075032
	0.074982
	0.075151
	0.068023
	0.066338
	0.070712
	0.078092
	0.083805
	0.083844
	0.081716
	0.081047
	0.082080
	0.084432
	0.080559
	0.070516
	0.073753
	0.077261
	0.079808
	0.083897
	0.084988
	0.086965
	0.086586
	0.095273
	0.096901
	0.102939
	0.104757
	0.101057
	0.102088
	0.102897
	0.101631
	0.098653
	0.095501
	0.092812
	0.087825
	0.082517
	0.082741
	0.076760
	0.068039
	0.066528
	0.064118
	0.063520
	0.068878
	0.073416
	0.075620
	0.082632
	0.088520
	0.094717
	0.098831
	0.103901
	0.105094
	0.103868
	0.095263
	0.094368
	0.091862
	0.095144
	0.088178
	0.078439
	0.066785
	0.061804
	0.059914
	0.059856
	0.063474
	0.064031
	0.065951
	0.069887
	0.067403
	0.064719
	0.067883
	0.069571
	0.065862
	0.068040
	0.065922
	0.067213
	0.060127
	0.064792
	0.065707
	0.068089
	0.065276
	0.058348
	0.056772
	0.055699
	0.055432
	0.059469
	0.061945
	0.060784
	0.065335
	0.066977
	0.069003
	0.067305
	0.065917
	0.064862
	0.069509
	0.073202
	0.076618
	0.069932
	0.069157
	0.063263
	0.063593
	0.062801
	0.060239
	0.062704
	0.072401
	0.078667
	0.089476
	0.095976
	0.103444
	0.104861
	0.099794
	0.091051
	0.084262
	0.087184
	0.084031
	0.086897
	0.082642
	0.080643
	0.080361
	0.081081
	0.080077
	0.082712
	0.081154
	0.081500
	0.076308
	0.077497
	0.082168
	0.085401
	0.084539
	0.082447
	0.080743
	0.080573
	0.080500
	0.086520
	0.085732
	0.083053
	0.086778
	0.084608
	0.085458
	0.078243
	0.073387
	0.072606
	0.076574
	0.080842
	0.088078
	0.098569
	0.104240
	0.112248
	0.117357
	0.109423
	0.105945
	0.101157
	0.088396
	0.077979
	0.078158
	0.081148
	0.073678
	0.067716
	0.058567
	0.061095
	0.069270
	0.080202
	0.082811
	0.087836
	0.081261
	0.076993
