	0.151495
	0.185175
	0.198119
	0.201295
	0.197405
	0.189723
	0.183969
	0.176495
	0.167139
	0.161335
	0.155749
	0.148795
	0.139739
	0.134735
	0.126991
	0.116823
	0.107401
	0.106904
	0.106406
	0.099599
	0.090545
	0.088141
	0.085846
	0.090165
	0.094525
	0.100053
	0.098859
	0.096866
	0.094219
	0.093101
	0.094946
	0.094063
	0.096885
	0.096085
	0.095236
	0.089475
	0.088934
	0.080833
	0.076575
	0.076219
	0.076113
	0.079914
	0.083119
	0.086125
	0.089289
	0.089169
	0.087635
	0.082341
	0.081591
	0.082323
	0.089631
	0.092703
	0.098159
	0.097989
	0.100913
	0.104576
	0.108435
	0.107621
	0.098855
	0.085881
	0.072839
	0.066685
	0.060203
	0.056653
	0.060319
	0.062583
	0.066821
	0.066311
	0.065786
	0.054715
	0.049269
	0.052863
	0.049483
	0.047293
	0.051914
	0.052033
	0.051803
	0.051284
	0.049683
	0.050825
	0.053575
	0.056173
	0.062014
	0.068759
	0.071269
	0.069459
	0.070265
	0.074975
	0.067573
	0.061019
	0.057233
	0.049675
	0.046129
	0.042826
	0.046115
	0.050133
	0.049784
	0.056014
	0.061931
	0.067794
	0.075966
	0.076619
	0.074085
	0.073731
	0.063699
	0.054969
	0.058875
	0.059650
	0.060776
	0.065315
	0.068595
	0.072513
	0.075005
	0.074900
	0.082435
	0.091983
	0.099333
	0.105275
	0.106446
	0.103600
	0.106193
	0.099719
	0.096639
	0.089799
	0.085069
	0.084784
	0.087584
	0.083525
	0.072436
	0.073805
	0.075173
	0.081125
	0.090569
	0.100233
	0.106904
	0.104159
	0.095331
	0.095313
	0.083275
	0.084369
	0.071511
	0.071505
	0.069163
	0.067104
	0.064064
	0.058119
	0.057919
	0.056205
	0.057591
	0.056750
	0.054369
	0.052914
	0.059525
	0.065106
	0.065403
	0.063625
	0.072925
	0.078300
	0.078966
	0.075475
	0.069455
	0.066225
	0.063001
	0.060736
	0.058319
	0.057143
	0.056965
	0.058309
	0.061771
	0.064115
	0.070091
	0.078764
	0.084319
	0.084161
	0.089605
	0.091235
	0.088296
	0.088295
	0.083329
	0.085113
	0.077923
	0.071994
	0.060900
	0.059719
	0.052896
	0.054123
	0.050945
	0.050973
	0.055833
	0.054981
	0.058369
	0.056505
	0.058796
	0.060741
	0.060353
	0.067819
	0.067745
	0.071325
	0.071069
	0.069974
