	0.146025
	0.186158
	0.204816
	0.204180
	0.198550
	0.186850
	0.178347
	0.173400
	0.155959
	0.141197
	0.130184
	0.118942
	0.109277
	0.103955
	0.098822
	0.091602
	0.085402
	0.080088
	0.080514
	0.078138
	0.063378
	0.051908
	0.045354
	0.045319
	0.050534
	0.053872
	0.056961
	0.055404
	0.047209
	0.038437
	0.042723
	0.047792
	0.050376
	0.055864
	0.059163
	0.060740
	0.068843
	0.075548
	0.085626
	0.088725
	0.089373
	0.091526
	0.089903
	0.081823
	0.079782
	0.076627
	0.077966
	0.075323
	0.074404
	0.077767
	0.077210
	0.085404
	0.081374
	0.085589
	0.083840
	0.085631
	0.083485
	0.072458
	0.076054
	0.076807
	0.071354
	0.074858
	0.077675
	0.079723
	0.081469
	0.084018
	0.087754
	0.089235
	0.089539
	0.090067
	0.092421
	0.093175
	0.098882
	0.096106
	0.085798
	0.082804
	0.081670
	0.079917
	0.076860
	0.076872
	0.076892
	0.076545
	0.072127
	0.074155
	0.076288
	0.079946
	0.081671
	0.082078
	0.087475
	0.083423
	0.079911
	0.082710
	0.083352
	0.081484
	0.081981
	0.080258
	0.085745
	0.086798
	0.083992
	0.082081
	0.075373
	0.069046
	0.064310
	0.059988
	0.063757
	0.063988
	0.071631
	0.081461
	0.088896
	0.090278
	0.087013
	0.078796
	0.074148
	0.068938
	0.072425
	0.075731
	0.082384
	0.081295
	0.080982
	0.085332
	0.086716
	0.090010
	0.084898
	0.078195
	0.080096
	0.084466
	0.090803
	0.092114
	0.092816
	0.091880
	0.096763
	0.100014
	0.100091
	0.091078
	0.082236
	0.080681
	0.082367
	0.083434
	0.082446
	0.080454
	0.087795
	0.086126
	0.083529
	0.077220
	0.070149
	0.065420
	0.063258
	0.065533
	0.066799
	0.065934
	0.070312
	0.070069
	0.069503
	0.068333
	0.065953
	0.068251
	0.070628
	0.071136
	0.074305
	0.078064
	0.069677
	0.062995
	0.059359
	0.061510
	0.054941
	0.055406
	0.045617
	0.046965
	0.046138
	0.047945
	0.048647
	0.049945
	0.052167
	0.059843
	0.065763
	0.072379
	0.080516
	0.088804
	0.091031
	0.089949
	0.090381
	0.086947
	0.085714
	0.086436
	0.082448
	0.080610
	0.082804
	0.086063
	0.084014
	0.083175
	0.083004
	0.085441
	0.081794
	0.078955
	0.079616
	0.080100
	0.079805
	0.080912
	0.079295
	0.075086
