	0.151495
	0.188894
	0.195344
	0.201769
	0.200714
	0.197200
	0.189463
	0.180854
	0.170003
	0.156783
	0.146615
	0.140795
	0.139544
	0.136155
	0.128843
	0.124333
	0.112565
	0.104073
	0.091899
	0.076763
	0.068950
	0.064106
	0.052101
	0.053633
	0.052225
	0.053585
	0.056534
	0.048819
	0.040375
	0.044489
	0.044881
	0.047655
	0.049084
	0.046234
	0.051200
	0.055071
	0.062155
	0.067991
	0.075933
	0.083789
	0.089394
	0.095479
	0.096886
	0.091463
	0.086516
	0.091875
	0.096363
	0.102123
	0.101376
	0.095019
	0.092623
	0.094599
	0.093841
	0.095073
	0.097391
	0.095919
	0.093169
	0.096475
	0.092869
	0.085504
	0.078474
	0.075283
	0.081159
	0.073433
	0.077133
	0.078279
	0.081596
	0.085011
	0.089766
	0.091055
	0.090189
	0.092895
	0.095095
	0.098044
	0.093784
	0.091695
	0.092341
	0.095763
	0.098595
	0.100443
	0.102153
	0.102995
	0.100219
	0.096861
	0.095974
	0.092875
	0.095483
	0.099263
	0.096523
	0.095655
	0.094683
	0.096469
	0.087393
	0.090185
	0.086525
	0.083776
	0.085543
	0.084415
	0.084769
	0.083455
	0.080950
	0.079293
	0.074294
	0.074059
	0.068163
	0.072633
	0.081125
	0.085615
	0.088269
	0.096625
	0.100919
	0.104619
	0.099925
	0.096675
	0.095111
	0.090000
	0.088193
	0.091461
	0.089719
	0.088563
	0.085849
	0.083313
	0.081934
	0.081545
	0.080505
	0.074714
	0.069804
	0.070361
	0.070524
	0.070455
	0.074371
	0.072863
	0.066823
	0.069349
	0.072793
	0.076503
	0.080063
	0.082255
	0.089001
	0.094200
	0.087796
	0.083715
	0.083593
	0.084583
	0.077823
	0.075444
	0.078786
	0.070905
	0.067374
	0.062071
	0.064111
	0.069235
	0.073296
	0.075196
	0.073195
	0.070894
	0.069644
	0.067459
	0.070003
	0.073801
	0.079773
	0.084919
	0.092356
	0.097503
	0.095853
	0.092703
	0.088534
	0.087269
	0.090291
	0.088875
	0.089263
	0.086463
	0.092025
	0.095765
	0.097935
	0.101619
	0.100693
	0.104169
	0.107461
	0.109695
	0.107644
	0.105939
	0.099575
	0.093169
	0.089283
	0.081073
	0.077919
	0.078313
	0.078196
	0.083896
	0.084296
	0.079776
	0.081831
	0.084019
	0.088646
	0.083503
	0.082225
	0.085875
	0.085919
	0.088835
