	0.151495
	0.188253
	0.203861
	0.201993
	0.196255
	0.188159
	0.182023
	0.170764
	0.164746
	0.155935
	0.147625
	0.137715
	0.128946
	0.126583
	0.121851
	0.116454
	0.116725
	0.123264
	0.128125
	0.126763
	0.114515
	0.103576
	0.095905
	0.092536
	0.084804
	0.072769
	0.063841
	0.058375
	0.052763
	0.053749
	0.054055
	0.051619
	0.040416
	0.041755
	0.045803
	0.046865
	0.048803
	0.048915
	0.050719
	0.051495
	0.053863
	0.059591
	0.061893
	0.065855
	0.070325
	0.070271
	0.069669
	0.068945
	0.073933
	0.076093
	0.070516
	0.066411
	0.061646
	0.052215
	0.047669
	0.047093
	0.050925
	0.049301
	0.051519
	0.055906
	0.057986
	0.062553
	0.063433
	0.063869
	0.064450
	0.057869
	0.051956
	0.057023
	0.055669
	0.052736
	0.041324
	0.037385
	0.039723
	0.045744
	0.053441
	0.054555
	0.055323
	0.052736
	0.052504
	0.047026
	0.046704
	0.045389
	0.044800
	0.043813
	0.039945
	0.037775
	0.041969
	0.047651
	0.053851
	0.060195
	0.064900
	0.070464
	0.073675
	0.084469
	0.092669
	0.095864
	0.096363
	0.097319
	0.095384
	0.096764
	0.087286
	0.077525
	0.076825
	0.073811
	0.075269
	0.069735
	0.072875
	0.072613
	0.072324
	0.068955
	0.068389
	0.061575
	0.056663
	0.055775
	0.059646
	0.057555
	0.057141
	0.051825
	0.050306
	0.054099
	0.056151
	0.061915
	0.056434
	0.053275
	0.046900
	0.048325
	0.050199
	0.053306
	0.057339
	0.060123
	0.059025
	0.059756
	0.054525
	0.055196
	0.058625
	0.060145
	0.064961
	0.070021
	0.074974
	0.077925
	0.077539
	0.073719
	0.068685
	0.064036
	0.064895
	0.072494
	0.075433
	0.075585
	0.075865
	0.066539
	0.056591
	0.053875
	0.046319
	0.046065
	0.045259
	0.046089
	0.049581
	0.049963
	0.054075
	0.058314
	0.058314
	0.058565
	0.055179
	0.054195
	0.057093
	0.061913
	0.065974
	0.068025
	0.060169
	0.053499
	0.059679
	0.065044
	0.056496
	0.053469
	0.051996
	0.054219
	0.058124
	0.059219
	0.063693
	0.066813
	0.070214
	0.078369
	0.082205
	0.085731
	0.086265
	0.086601
	0.085950
	0.088869
	0.095900
	0.094403
	0.087719
	0.083019
	0.078550
	0.076116
	0.073474
	0.068994
	0.069771
	0.072121
	0.075175
	0.075969
