	0.140475
	0.181935
	0.198269
	0.202505
	0.196075
	0.186901
	0.182174
	0.171923
	0.160953
	0.147701
	0.140419
	0.135026
	0.132981
	0.126329
	0.125734
	0.118993
	0.110355
	0.101883
	0.095834
	0.090719
	0.088269
	0.085755
	0.088073
	0.085685
	0.089869
	0.089750
	0.091625
	0.093950
	0.088519
	0.089719
	0.087115
	0.084265
	0.079055
	0.080319
	0.085463
	0.092654
	0.094854
	0.091965
	0.086549
	0.084005
	0.087125
	0.087853
	0.082763
	0.079959
	0.084555
	0.086750
	0.090419
	0.093915
	0.092744
	0.092866
	0.099174
	0.105574
	0.105089
	0.097375
	0.089636
	0.081735
	0.082743
	0.084419
	0.085419
	0.082425
	0.081900
	0.079383
	0.076315
	0.069485
	0.065481
	0.071544
	0.077250
	0.083625
	0.076256
	0.072881
	0.072389
	0.074665
	0.073450
	0.076993
	0.083646
	0.085249
	0.085019
	0.090574
	0.096765
	0.105349
	0.107775
	0.109499
	0.110914
	0.110595
	0.110669
	0.110585
	0.107863
	0.101594
	0.101655
	0.097793
	0.094675
	0.094165
	0.096150
	0.100913
	0.101755
	0.103125
	0.105111
	0.108101
	0.111736
	0.114054
	0.111609
	0.110569
	0.106235
	0.104615
	0.102779
	0.101215
	0.099115
	0.103444
	0.106205
	0.105226
	0.104503
	0.105419
	0.103556
	0.096225
	0.088786
	0.090925
	0.087034
	0.083319
	0.082579
	0.085749
	0.086064
	0.094493
	0.094429
	0.096169
	0.099151
	0.095263
	0.094250
	0.090841
	0.089134
	0.086879
	0.088431
	0.088036
	0.088201
	0.084753
	0.085249
	0.088186
	0.092965
	0.096969
	0.094773
	0.089365
	0.093091
	0.090363
	0.095775
	0.097535
	0.099524
	0.103400
	0.107139
	0.107159
	0.101924
	0.103463
	0.107974
	0.105675
	0.109116
	0.110813
	0.111375
	0.111635
	0.113311
	0.117794
	0.118439
	0.114125
	0.106456
	0.101464
	0.100200
	0.095643
	0.088804
	0.089515
	0.091595
	0.091484
	0.095333
	0.098385
	0.102550
	0.107761
	0.108664
	0.109495
	0.112119
	0.111853
	0.110384
	0.110654
	0.104689
	0.105624
	0.097125
	0.094069
	0.097624
	0.101744
	0.097100
	0.089925
	0.082023
	0.083300
	0.084855
	0.091900
	0.099743
	0.105765
	0.104936
	0.109535
	0.109116
	0.108919
	0.111745
	0.115166
	0.116725
	0.115445
