	0.151495
	0.188894
	0.202649
	0.203105
	0.198783
	0.192041
	0.188986
	0.184044
	0.181144
	0.179669
	0.175923
	0.172479
	0.169950
	0.167115
	0.163489
	0.159135
	0.155393
	0.155036
	0.152834
	0.149985
	0.145275
	0.142539
	0.136283
	0.135765
	0.134001
	0.130973
	0.126445
	0.122835
	0.123043
	0.119906
	0.122946
	0.119725
	0.120463
	0.115150
	0.112435
	0.111633
	0.111405
	0.102369
	0.095605
	0.091646
	0.091015
	0.093336
	0.089525
	0.089084
	0.090049
	0.090075
	0.091756
	0.091393
	0.093261
	0.093959
	0.099485
	0.101741
	0.102775
	0.106855
	0.106834
	0.109513
	0.100265
	0.106064
	0.107713
	0.106899
	0.105825
	0.108124
	0.110113
	0.105131
	0.098400
	0.095523
	0.090791
	0.091123
	0.097615
	0.102875
	0.103600
	0.101029
	0.096750
	0.096711
	0.104289
	0.109815
	0.114423
	0.117885
	0.118739
	0.117275
	0.109869
	0.103369
	0.099895
	0.093769
	0.090433
	0.086555
	0.083861
	0.084819
	0.087425
	0.086346
	0.083369
	0.085679
	0.083585
	0.084369
	0.087306
	0.086391
	0.091001
	0.095829
	0.095419
	0.094669
	0.094514
	0.089925
	0.081663
	0.075385
	0.070856
	0.070276
	0.071921
	0.071595
	0.070365
	0.075463
	0.077975
	0.083003
	0.086950
	0.093166
	0.094109
	0.093085
	0.090306
	0.090350
	0.098433
	0.105011
	0.108814
	0.111791
	0.114806
	0.114571
	0.116055
	0.120403
	0.113905
	0.113839
	0.114376
	0.111803
	0.108969
	0.109225
	0.107454
	0.108703
	0.107400
	0.107316
	0.104529
	0.102355
	0.102869
	0.104471
	0.103963
	0.103100
	0.105169
	0.108100
	0.107121
	0.110059
	0.106969
	0.108325
	0.111475
	0.115639
	0.115625
	0.116839
	0.118419
	0.121063
	0.122949
	0.123800
	0.121359
	0.119119
	0.106606
	0.106329
	0.107719
	0.104266
	0.101300
	0.098195
	0.099133
	0.100539
	0.105169
	0.106119
	0.107559
	0.097150
	0.093246
	0.092523
	0.092114
	0.089305
	0.085825
	0.089854
	0.092865
	0.095635
	0.099529
	0.103235
	0.100105
	0.094275
	0.094125
	0.094895
	0.092569
	0.087923
	0.081395
	0.076869
	0.073159
	0.075316
	0.077873
	0.076163
	0.079623
	0.074544
	0.069950
	0.065595
	0.064919
	0.070216
	0.075123
	0.073669
