	0.146246
	0.182830
	0.200048
	0.204100
	0.199988
	0.189651
	0.182529
	0.175023
	0.163440
	0.155176
	0.141577
	0.133738
	0.127864
	0.123357
	0.119781
	0.119473
	0.116720
	0.114942
	0.120677
	0.122737
	0.123232
	0.126703
	0.128361
	0.130578
	0.131042
	0.129097
	0.127978
	0.122178
	0.117681
	0.117250
	0.116851
	0.119385
	0.120999
	0.121492
	0.120233
	0.119064
	0.117785
	0.113671
	0.112702
	0.108504
	0.103491
	0.094785
	0.096576
	0.095247
	0.094107
	0.096928
	0.100380
	0.095858
	0.088922
	0.079366
	0.073835
	0.073167
	0.074707
	0.075370
	0.076259
	0.074584
	0.078289
	0.076986
	0.079070
	0.080747
	0.081343
	0.082069
	0.087120
	0.084370
	0.081688
	0.076440
	0.077491
	0.074354
	0.077311
	0.072551
	0.065439
	0.058587
	0.060958
	0.064527
	0.067081
	0.067702
	0.066803
	0.062153
	0.057097
	0.061533
	0.062881
	0.064369
	0.065671
	0.057692
	0.055105
	0.053284
	0.058038
	0.062714
	0.068263
	0.071277
	0.067197
	0.058697
	0.058098
	0.060287
	0.058603
	0.059103
	0.053696
	0.046222
	0.047210
	0.047296
	0.044732
	0.047254
	0.049068
	0.051495
	0.054390
	0.056201
	0.061282
	0.063949
	0.065693
	0.065703
	0.070844
	0.070648
	0.073845
	0.070995
	0.069538
	0.070506
	0.068375
	0.066775
	0.065345
	0.071276
	0.070569
	0.068888
	0.071041
	0.070070
	0.067753
	0.069120
	0.073300
	0.073256
	0.074217
	0.072042
	0.066254
	0.062186
	0.062710
	0.062932
	0.063931
	0.066481
	0.064008
	0.061132
	0.064532
	0.065187
	0.065158
	0.067639
	0.067677
	0.064864
	0.069477
	0.063967
	0.062255
	0.059865
	0.060038
	0.068157
	0.071735
	0.077434
	0.079163
	0.079157
	0.080739
	0.085160
	0.090973
	0.095633
	0.096380
	0.096617
	0.093066
	0.093391
	0.086528
	0.078143
	0.066747
	0.062342
	0.066517
	0.066268
	0.072473
	0.072903
	0.072818
	0.071382
	0.070076
	0.073742
	0.074675
	0.072507
	0.058206
	0.054311
	0.059955
	0.058942
	0.060930
	0.058183
	0.051486
	0.052109
	0.055745
	0.057183
	0.052859
	0.047579
	0.047162
	0.046085
	0.048323
	0.049941
	0.049389
	0.051469
	0.051936
	0.049332
	0.043204
	0.045396
	0.047358
	0.051058
