	0.146025
	0.186325
	0.203950
	0.203889
	0.191973
	0.168850
	0.155695
	0.142006
	0.129001
	0.115773
	0.107765
	0.096699
	0.088150
	0.081423
	0.071203
	0.064141
	0.053503
	0.049233
	0.045755
	0.046353
	0.047351
	0.049346
	0.053069
	0.058909
	0.062411
	0.066883
	0.069223
	0.073241
	0.079676
	0.090953
	0.093209
	0.098319
	0.101263
	0.102739
	0.100539
	0.103073
	0.101863
	0.102044
	0.101503
	0.097809
	0.094685
	0.091473
	0.092491
	0.089519
	0.078535
	0.064336
	0.060079
	0.056143
	0.054993
	0.045573
	0.040889
	0.040869
	0.044666
	0.051836
	0.054863
	0.059114
	0.058653
	0.066663
	0.064409
	0.060500
	0.064269
	0.067445
	0.069919
	0.068445
	0.074223
	0.080025
	0.078369
	0.079943
	0.073005
	0.059419
	0.056334
	0.056303
	0.053233
	0.048149
	0.048151
	0.056533
	0.057665
	0.060400
	0.065494
	0.069354
	0.076431
	0.077044
	0.073371
	0.071209
	0.066911
	0.058075
	0.052649
	0.057965
	0.060600
	0.068855
	0.065453
	0.062436
	0.053069
	0.049200
	0.053999
	0.055234
	0.059335
	0.062793
	0.057025
	0.057950
	0.055764
	0.058419
	0.059719
	0.059351
	0.062726
	0.063813
	0.067069
	0.072729
	0.075693
	0.075654
	0.068313
	0.068895
	0.069605
	0.072709
	0.073223
	0.071295
	0.073819
	0.071511
	0.072953
	0.073144
	0.064355
	0.057369
	0.058419
	0.056219
	0.059503
	0.060261
	0.066769
	0.070683
	0.077025
	0.073969
	0.071839
	0.070305
	0.070439
	0.070354
	0.073459
	0.069353
	0.064369
	0.065251
	0.064744
	0.066673
	0.067209
	0.061389
	0.059906
	0.064021
	0.064919
	0.071274
	0.073873
	0.071350
	0.065965
	0.065513
	0.058209
	0.053815
	0.058623
	0.061073
	0.065609
	0.067469
	0.069569
	0.070575
	0.069126
	0.066119
	0.064175
	0.063534
	0.064145
	0.063869
	0.065029
	0.066215
	0.064479
	0.055950
	0.056691
	0.061096
	0.055556
	0.050856
	0.049469
	0.046135
	0.046785
	0.050773
	0.058019
	0.063711
	0.068375
	0.073424
	0.068655
	0.065569
	0.058203
	0.059594
	0.059189
	0.063516
	0.056589
	0.060319
	0.064563
	0.064625
	0.064531
	0.064269
	0.058531
	0.061750
	0.063075
	0.063419
	0.064915
	0.060744
	0.062571
	0.067321
