	0.152225
	0.189385
	0.205083
	0.203493
	0.195975
	0.184283
	0.173019
	0.163621
	0.155744
	0.141825
	0.130466
	0.120655
	0.107319
	0.088684
	0.072725
	0.065033
	0.065033
	0.058869
	0.060121
	0.062344
	0.066841
	0.075119
	0.074665
	0.077346
	0.079723
	0.082983
	0.081463
	0.082091
	0.083775
	0.084353
	0.089075
	0.087600
	0.087596
	0.086919
	0.090145
	0.091383
	0.098339
	0.101169
	0.101353
	0.099225
	0.099025
	0.100319
	0.094669
	0.088250
	0.086115
	0.079981
	0.077686
	0.073381
	0.078963
	0.082803
	0.087503
	0.087965
	0.093829
	0.098505
	0.105423
	0.109300
	0.107761
	0.105171
	0.105905
	0.107353
	0.100119
	0.092833
	0.088215
	0.091013
	0.092305
	0.091550
	0.088005
	0.088325
	0.091413
	0.093599
	0.090084
	0.084619
	0.088486
	0.085405
	0.079361
	0.074274
	0.074875
	0.077719
	0.083183
	0.085283
	0.086306
	0.084219
	0.090263
	0.098203
	0.097135
	0.102361
	0.096100
	0.090385
	0.085314
	0.082999
	0.081534
	0.081913
	0.082719
	0.084400
	0.076654
	0.072425
	0.068994
	0.064406
	0.069219
	0.070036
	0.073446
	0.080003
	0.081229
	0.078569
	0.080899
	0.073754
	0.071369
	0.066985
	0.071819
	0.073423
	0.077301
	0.083273
	0.088635
	0.093874
	0.096875
	0.096976
	0.095905
	0.091951
	0.086814
	0.081583
	0.077325
	0.073224
	0.072555
	0.074726
	0.078739
	0.076274
	0.071205
	0.065304
	0.060975
	0.064600
	0.064685
	0.070975
	0.073900
	0.078236
	0.079253
	0.082539
	0.085751
	0.085673
	0.091381
	0.098445
	0.105404
	0.110453
	0.107875
	0.110144
	0.104800
	0.093914
	0.079574
	0.082679
	0.072509
	0.070725
	0.062719
	0.060101
	0.063269
	0.059723
	0.069219
	0.075011
	0.080819
	0.085455
	0.090885
	0.091900
	0.097843
	0.097243
	0.099159
	0.096169
	0.095446
	0.093073
	0.092814
	0.094765
	0.096511
	0.095419
	0.099163
	0.094325
	0.083495
	0.077975
	0.071783
	0.067469
	0.071435
	0.070756
	0.073884
	0.077841
	0.082355
	0.076305
	0.079235
	0.082596
	0.082096
	0.079675
	0.079175
	0.077643
	0.082859
	0.086205
	0.087244
	0.088004
	0.089329
	0.078775
	0.078069
	0.083711
	0.078523
	0.077819
	0.070675
	0.074231
