	0.146075
	0.185825
	0.200736
	0.203105
	0.196945
	0.185675
	0.174434
	0.166603
	0.156671
	0.147950
	0.136215
	0.129775
	0.122554
	0.112873
	0.103994
	0.094026
	0.091779
	0.091369
	0.089894
	0.089904
	0.087191
	0.082769
	0.084314
	0.077461
	0.066921
	0.066463
	0.066700
	0.069374
	0.075719
	0.067800
	0.069213
	0.076079
	0.076866
	0.071176
	0.066704
	0.063156
	0.062376
	0.067319
	0.066271
	0.064555
	0.063789
	0.063204
	0.066211
	0.069225
	0.061964
	0.067543
	0.063906
	0.058715
	0.055229
	0.048973
	0.053756
	0.054553
	0.055425
	0.052825
	0.055700
	0.059263
	0.063233
	0.067635
	0.067219
	0.068774
	0.065125
	0.058936
	0.051999
	0.050819
	0.050234
	0.056553
	0.060371
	0.068183
	0.072521
	0.078294
	0.079681
	0.083819
	0.084014
	0.086195
	0.084764
	0.082243
	0.081300
	0.078583
	0.078504
	0.078681
	0.074395
	0.066519
	0.065250
	0.063775
	0.072235
	0.080106
	0.087100
	0.084134
	0.077719
	0.079573
	0.078025
	0.076149
	0.073649
	0.076555
	0.081683
	0.089305
	0.091119
	0.091025
	0.089739
	0.091044
	0.090336
	0.088725
	0.084704
	0.077019
	0.072811
	0.070106
	0.077450
	0.076575
	0.080744
	0.084713
	0.091769
	0.094675
	0.098314
	0.108863
	0.116493
	0.118935
	0.117235
	0.118141
	0.109774
	0.104859
	0.100350
	0.095005
	0.091799
	0.087353
	0.082250
	0.076161
	0.074181
	0.075879
	0.078484
	0.083739
	0.091624
	0.093569
	0.095235
	0.095185
	0.097411
	0.101293
	0.107225
	0.105150
	0.101325
	0.097133
	0.091879
	0.085000
	0.080519
	0.078219
	0.074954
	0.075536
	0.077769
	0.078150
	0.075206
	0.073594
	0.078506
	0.077666
	0.072555
	0.073875
	0.074544
	0.068575
	0.075314
	0.076405
	0.074695
	0.073875
	0.081150
	0.080291
	0.077879
	0.077100
	0.073769
	0.070154
	0.069843
	0.071804
	0.070686
	0.065925
	0.065750
	0.063845
	0.066069
	0.067193
	0.062175
	0.064083
	0.068719
	0.070323
	0.071794
	0.072704
	0.077595
	0.079755
	0.074645
	0.071650
	0.071281
	0.065853
	0.068861
	0.072809
	0.077415
	0.083905
	0.081433
	0.074605
	0.076225
	0.081575
	0.082713
	0.085255
	0.087969
	0.091149
	0.085565
	0.082195
