	0.151495
	0.184524
	0.201175
	0.202275
	0.199635
	0.189305
	0.178755
	0.170099
	0.162795
	0.155669
	0.146435
	0.134526
	0.129103
	0.120955
	0.117379
	0.112874
	0.106881
	0.104659
	0.102263
	0.099211
	0.090769
	0.090775
	0.086496
	0.079165
	0.072621
	0.071403
	0.071765
	0.071731
	0.072000
	0.065869
	0.061876
	0.057865
	0.060174
	0.061676
	0.066793
	0.070144
	0.072013
	0.076885
	0.086186
	0.086145
	0.083569
	0.077454
	0.081046
	0.076465
	0.073000
	0.074033
	0.073225
	0.075300
	0.082206
	0.074869
	0.077045
	0.075794
	0.075325
	0.073874
	0.074933
	0.082283
	0.083846
	0.089119
	0.094069
	0.099619
	0.099681
	0.089884
	0.085681
	0.079473
	0.073474
	0.076411
	0.075865
	0.078665
	0.078585
	0.072626
	0.067283
	0.067459
	0.065771
	0.073579
	0.079013
	0.085549
	0.084283
	0.085896
	0.086583
	0.090864
	0.090841
	0.090425
	0.085973
	0.089405
	0.085153
	0.082881
	0.081365
	0.081554
	0.081061
	0.076723
	0.076225
	0.079743
	0.084195
	0.081719
	0.084669
	0.085445
	0.087150
	0.084793
	0.081654
	0.084105
	0.085555
	0.084264
	0.081700
	0.082214
	0.086169
	0.087719
	0.090431
	0.086251
	0.085353
	0.084423
	0.077856
	0.080034
	0.080723
	0.088313
	0.082956
	0.089473
	0.089555
	0.087675
	0.091225
	0.086793
	0.078651
	0.076456
	0.083119
	0.083704
	0.088906
	0.091325
	0.090651
	0.096499
	0.093151
	0.090919
	0.090495
	0.088591
	0.092373
	0.089219
	0.086543
	0.086951
	0.083493
	0.080785
	0.078444
	0.073905
	0.073375
	0.075575
	0.078429
	0.081941
	0.084205
	0.087196
	0.090531
	0.092753
	0.087603
	0.081584
	0.081419
	0.080585
	0.082519
	0.081369
	0.077093
	0.081153
	0.087615
	0.093921
	0.094483
	0.096025
	0.097550
	0.093750
	0.094833
	0.093335
	0.100133
	0.102085
	0.095734
	0.086866
	0.076754
	0.077700
	0.079971
	0.085175
	0.086699
	0.092306
	0.091100
	0.089514
	0.086546
	0.091836
	0.095854
	0.096281
	0.099153
	0.101065
	0.098136
	0.097905
	0.097641
	0.099769
	0.093175
	0.094853
	0.094581
	0.093953
	0.099293
	0.097881
	0.099000
	0.098093
	0.093305
	0.090141
	0.084913
	0.075893
	0.073715
	0.069475
