	0.141224
	0.183103
	0.198524
	0.205686
	0.200219
	0.187953
	0.170293
	0.152013
	0.140889
	0.131183
	0.122551
	0.113413
	0.103919
	0.092550
	0.083593
	0.078476
	0.072309
	0.061849
	0.058549
	0.056325
	0.052299
	0.054029
	0.063595
	0.068325
	0.070639
	0.071366
	0.070369
	0.069081
	0.068903
	0.069763
	0.072395
	0.075331
	0.078751
	0.079365
	0.078983
	0.082941
	0.084073
	0.084169
	0.084964
	0.090505
	0.095115
	0.103489
	0.100911
	0.093291
	0.083969
	0.089625
	0.095179
	0.101725
	0.107153
	0.109203
	0.111125
	0.111603
	0.105950
	0.098769
	0.092319
	0.081743
	0.067619
	0.053764
	0.048869
	0.050084
	0.053234
	0.056743
	0.064209
	0.070169
	0.069175
	0.073269
	0.071723
	0.073516
	0.068795
	0.071809
	0.071413
	0.080036
	0.080769
	0.081786
	0.077065
	0.079283
	0.079191
	0.087136
	0.094971
	0.096611
	0.100783
	0.104719
	0.106704
	0.113275
	0.117475
	0.126969
	0.132419
	0.126319
	0.117713
	0.106199
	0.100803
	0.087825
	0.073500
	0.061569
	0.053435
	0.041955
	0.044694
	0.050586
	0.051315
	0.050105
	0.047671
	0.054353
	0.058573
	0.051546
	0.055986
	0.061373
	0.068353
	0.079653
	0.089171
	0.097555
	0.104704
	0.112054
	0.112965
	0.114793
	0.114004
	0.109394
	0.100575
	0.097624
	0.096975
	0.088643
	0.078546
	0.070984
	0.065319
	0.059219
	0.068753
	0.073519
	0.076806
	0.076793
	0.085175
	0.096243
	0.097351
	0.088815
	0.072711
	0.060836
	0.055365
	0.062975
	0.067369
	0.070139
	0.074026
	0.079019
	0.072259
	0.067753
	0.074774
	0.081475
	0.087451
	0.092646
	0.094534
	0.091685
	0.082225
	0.074465
	0.077366
	0.072269
	0.072269
	0.072073
	0.075419
	0.078305
	0.077084
	0.079749
	0.080445
	0.078233
	0.072344
	0.067995
	0.066556
	0.060133
	0.057325
	0.064153
	0.071141
	0.070943
	0.073955
	0.078263
	0.081419
	0.084754
	0.087145
	0.093973
	0.098366
	0.089641
	0.076575
	0.068995
	0.069071
	0.072259
	0.072825
	0.078253
	0.081529
	0.081883
	0.082955
	0.078429
	0.075500
	0.073554
	0.073769
	0.079136
	0.079119
	0.073505
	0.066521
	0.062183
	0.056343
	0.056765
	0.054295
	0.057566
	0.067233
	0.070875
