	0.146025
	0.183103
	0.194203
	0.202794
	0.201119
	0.197213
	0.195151
	0.189599
	0.183761
	0.177339
	0.173465
	0.168113
	0.162483
	0.153865
	0.142903
	0.127300
	0.116993
	0.106965
	0.096091
	0.083313
	0.071411
	0.066619
	0.062003
	0.057619
	0.057553
	0.059064
	0.057899
	0.055491
	0.055955
	0.059003
	0.059185
	0.056595
	0.058025
	0.055696
	0.059893
	0.062055
	0.065809
	0.068935
	0.061739
	0.066111
	0.074775
	0.080654
	0.090425
	0.098653
	0.101395
	0.100419
	0.102125
	0.099786
	0.096805
	0.087235
	0.075075
	0.063436
	0.059369
	0.056945
	0.055200
	0.056825
	0.062250
	0.068189
	0.070775
	0.075725
	0.073373
	0.069739
	0.058884
	0.061101
	0.060595
	0.058436
	0.062533
	0.070031
	0.074323
	0.076999
	0.076819
	0.073900
	0.074794
	0.070875
	0.067653
	0.067369
	0.066904
	0.068276
	0.059841
	0.069395
	0.081375
	0.092141
	0.099615
	0.103363
	0.102055
	0.104795
	0.105089
	0.103323
	0.096319
	0.090369
	0.089984
	0.088319
	0.085573
	0.081525
	0.080469
	0.081919
	0.084486
	0.087269
	0.090713
	0.087196
	0.075909
	0.068875
	0.062995
	0.065821
	0.069814
	0.072396
	0.076850
	0.075200
	0.075675
	0.076643
	0.081264
	0.082386
	0.091845
	0.089600
	0.096205
	0.101069
	0.102561
	0.101815
	0.093599
	0.094101
	0.084569
	0.075659
	0.074663
	0.073863
	0.072709
	0.070124
	0.078506
	0.084933
	0.087633
	0.086879
	0.088331
	0.082123
	0.075805
	0.075945
	0.074989
	0.078283
	0.076631
	0.075569
	0.075269
	0.067449
	0.055884
	0.058113
	0.061079
	0.058885
	0.061503
	0.063819
	0.066924
	0.069163
	0.074200
	0.077795
	0.080995
	0.078263
	0.073553
	0.071384
	0.065369
	0.060169
	0.056479
	0.053779
	0.052245
	0.057534
	0.066325
	0.074076
	0.081536
	0.087699
	0.091384
	0.093925
	0.096821
	0.096616
	0.092016
	0.088543
	0.082925
	0.079795
	0.074353
	0.068869
	0.070326
	0.068824
	0.070774
	0.071821
	0.072559
	0.068674
	0.075585
	0.074456
	0.070353
	0.074325
	0.072743
	0.071275
	0.069531
	0.068943
	0.076923
	0.082619
	0.087765
	0.093171
	0.097116
	0.098871
	0.101976
	0.102219
	0.103444
	0.107519
	0.102954
	0.103415
