	0.146625
	0.183451
	0.197276
	0.199247
	0.199464
	0.196385
	0.192976
	0.187362
	0.179725
	0.171300
	0.164112
	0.160793
	0.159063
	0.162810
	0.164561
	0.161533
	0.157874
	0.152016
	0.147713
	0.143708
	0.138745
	0.133297
	0.129170
	0.126442
	0.121149
	0.120827
	0.121122
	0.118513
	0.114108
	0.112173
	0.116771
	0.120349
	0.120211
	0.119462
	0.110417
	0.102494
	0.096014
	0.091858
	0.092351
	0.088933
	0.090758
	0.086972
	0.084709
	0.079498
	0.077623
	0.079537
	0.083808
	0.087071
	0.088307
	0.092623
	0.097202
	0.099291
	0.093849
	0.090204
	0.085465
	0.080032
	0.067386
	0.064423
	0.063963
	0.070990
	0.075917
	0.077127
	0.079319
	0.080443
	0.084967
	0.090812
	0.095248
	0.098055
	0.082117
	0.076350
	0.068929
	0.066557
	0.067788
	0.069009
	0.064227
	0.060463
	0.056228
	0.058224
	0.060279
	0.055436
	0.051545
	0.050812
	0.053110
	0.055552
	0.051377
	0.049575
	0.044085
	0.043675
	0.043795
	0.043100
	0.049394
	0.050761
	0.054678
	0.057645
	0.062779
	0.069255
	0.072818
	0.072874
	0.078653
	0.084308
	0.083414
	0.080956
	0.085595
	0.088470
	0.086448
	0.079503
	0.074207
	0.068334
	0.061810
	0.060473
	0.064216
	0.068972
	0.066201
	0.067066
	0.063110
	0.063826
	0.066570
	0.071607
	0.074766
	0.077708
	0.079072
	0.077983
	0.080904
	0.076621
	0.077114
	0.073909
	0.066325
	0.056880
	0.057992
	0.057695
	0.058248
	0.059368
	0.058605
	0.063839
	0.064934
	0.066644
	0.068015
	0.068632
	0.063915
	0.062372
	0.059135
	0.055520
	0.056427
	0.060301
	0.064172
	0.062578
	0.063476
	0.062884
	0.068189
	0.072480
	0.075326
	0.071368
	0.072653
	0.077196
	0.081177
	0.081260
	0.080879
	0.078812
	0.073513
	0.066472
	0.064825
	0.060226
	0.057833
	0.062777
	0.064790
	0.072025
	0.072514
	0.070484
	0.070904
	0.063429
	0.066610
	0.061766
	0.057740
	0.046451
	0.037567
	0.035018
	0.036140
	0.041408
	0.045620
	0.047662
	0.049966
	0.048981
	0.050873
	0.049174
	0.054693
	0.057790
	0.059451
	0.051262
	0.046226
	0.040039
	0.045157
	0.051167
	0.054465
	0.063530
	0.073589
	0.081643
	0.086738
	0.085708
	0.085950
	0.092198
