	0.150764
	0.187761
	0.203103
	0.203805
	0.195326
	0.177719
	0.161415
	0.141291
	0.135525
	0.126389
	0.119224
	0.108269
	0.098965
	0.094701
	0.090746
	0.085605
	0.085350
	0.089269
	0.092019
	0.094309
	0.099295
	0.096623
	0.096803
	0.095004
	0.093963
	0.090125
	0.089905
	0.092806
	0.091844
	0.095843
	0.091016
	0.081769
	0.078501
	0.082669
	0.086025
	0.088279
	0.075403
	0.074959
	0.077854
	0.082475
	0.087075
	0.090741
	0.091773
	0.093155
	0.095025
	0.090865
	0.088691
	0.079195
	0.071266
	0.068315
	0.064301
	0.060163
	0.059433
	0.066294
	0.067045
	0.076389
	0.070743
	0.065013
	0.065391
	0.063699
	0.063225
	0.063095
	0.060023
	0.062863
	0.061743
	0.068819
	0.076935
	0.077385
	0.078735
	0.077150
	0.083269
	0.091735
	0.096294
	0.096579
	0.087886
	0.084993
	0.080519
	0.076371
	0.079955
	0.076344
	0.072665
	0.075713
	0.077953
	0.080300
	0.083946
	0.085496
	0.086519
	0.085914
	0.089893
	0.091986
	0.095001
	0.092150
	0.086129
	0.086301
	0.085819
	0.085935
	0.081826
	0.085439
	0.080775
	0.084316
	0.082326
	0.085844
	0.083916
	0.087254
	0.085006
	0.081743
	0.078533
	0.079850
	0.078613
	0.083883
	0.091669
	0.094793
	0.092919
	0.097226
	0.099789
	0.099266
	0.098069
	0.092799
	0.087431
	0.083229
	0.077283
	0.081284
	0.085733
	0.091400
	0.097069
	0.095119
	0.094850
	0.093185
	0.091773
	0.087515
	0.081595
	0.081886
	0.082219
	0.087419
	0.091715
	0.091995
	0.094600
	0.097116
	0.099275
	0.094633
	0.092363
	0.093256
	0.095773
	0.099215
	0.103069
	0.106029
	0.109264
	0.107835
	0.105339
	0.103563
	0.101733
	0.100495
	0.090919
	0.089433
	0.089783
	0.087419
	0.084455
	0.085346
	0.089525
	0.091873
	0.095645
	0.099391
	0.098791
	0.093113
	0.091895
	0.085451
	0.085395
	0.090875
	0.097139
	0.098015
	0.096719
	0.098003
	0.099713
	0.101571
	0.096963
	0.102069
	0.105674
	0.108021
	0.107033
	0.103043
	0.102465
	0.101519
	0.102121
	0.102274
	0.102619
	0.104201
	0.108234
	0.110603
	0.114169
	0.115523
	0.118563
	0.121923
	0.125396
	0.125746
	0.122703
	0.123483
	0.121486
	0.117795
	0.111654
	0.109369
