	0.146075
	0.185825
	0.201269
	0.203163
	0.198415
	0.190066
	0.181869
	0.173221
	0.166123
	0.163424
	0.157745
	0.156633
	0.156435
	0.153986
	0.151815
	0.149011
	0.147096
	0.139450
	0.131949
	0.117145
	0.109275
	0.098955
	0.086975
	0.082016
	0.078145
	0.080614
	0.084073
	0.087563
	0.084034
	0.080261
	0.065401
	0.071745
	0.071859
	0.065525
	0.064213
	0.060295
	0.068825
	0.072679
	0.074263
	0.076371
	0.084695
	0.087916
	0.089989
	0.090976
	0.091050
	0.095573
	0.097275
	0.100319
	0.100445
	0.093775
	0.084184
	0.091900
	0.098524
	0.095574
	0.094871
	0.093873
	0.085736
	0.082849
	0.083350
	0.081663
	0.082850
	0.082151
	0.082519
	0.084443
	0.082250
	0.082593
	0.091024
	0.089869
	0.091259
	0.098324
	0.094185
	0.088803
	0.081775
	0.074844
	0.071081
	0.076625
	0.076021
	0.076516
	0.070274
	0.070893
	0.071054
	0.074719
	0.079079
	0.080215
	0.076729
	0.077905
	0.077269
	0.075075
	0.077119
	0.086465
	0.094969
	0.098619
	0.106825
	0.110384
	0.116469
	0.116225
	0.118741
	0.115535
	0.109755
	0.107500
	0.103505
	0.102791
	0.101933
	0.087375
	0.073013
	0.071923
	0.076685
	0.079845
	0.086203
	0.086619
	0.085049
	0.089084
	0.090651
	0.088399
	0.085945
	0.083665
	0.086965
	0.087754
	0.085906
	0.086695
	0.090219
	0.093925
	0.092346
	0.096004
	0.100105
	0.107253
	0.111603
	0.110585
	0.112191
	0.111791
	0.112984
	0.115501
	0.118149
	0.119156
	0.118345
	0.118655
	0.120155
	0.118485
	0.114925
	0.112141
	0.109353
	0.112051
	0.111726
	0.115585
	0.110671
	0.105313
	0.104771
	0.108621
	0.107374
	0.112003
	0.108454
	0.110500
	0.111735
	0.116135
	0.112509
	0.110779
	0.109223
	0.113351
	0.113819
	0.115414
	0.119714
	0.120775
	0.117636
	0.115800
	0.118174
	0.120971
	0.124019
	0.126556
	0.126954
	0.125369
	0.123613
	0.121363
	0.118094
	0.116594
	0.118815
	0.117696
	0.121285
	0.121201
	0.120841
	0.114925
	0.107589
	0.102894
	0.099819
	0.100843
	0.099401
	0.099483
	0.098436
	0.097915
	0.098594
	0.102321
	0.093453
	0.098159
	0.098123
	0.101093
	0.104101
	0.109419
	0.111925
	0.110026
	0.113573
	0.117953
