	0.140233
	0.182792
	0.200253
	0.204949
	0.198914
	0.186827
	0.178737
	0.168308
	0.155073
	0.142911
	0.132006
	0.127919
	0.128062
	0.124960
	0.116418
	0.107647
	0.104220
	0.095409
	0.086704
	0.076752
	0.068183
	0.058443
	0.053955
	0.054083
	0.056952
	0.058768
	0.063316
	0.068122
	0.063900
	0.063257
	0.066409
	0.062501
	0.060795
	0.065007
	0.066514
	0.073823
	0.083501
	0.090948
	0.098039
	0.106336
	0.111468
	0.119418
	0.116903
	0.114090
	0.106711
	0.099420
	0.093955
	0.083445
	0.077753
	0.078139
	0.074228
	0.075184
	0.077473
	0.078350
	0.076507
	0.075170
	0.071348
	0.074343
	0.074804
	0.077441
	0.079251
	0.082671
	0.085302
	0.088417
	0.092925
	0.095582
	0.096326
	0.093808
	0.089033
	0.084978
	0.078764
	0.077755
	0.075765
	0.074856
	0.076766
	0.076120
	0.077132
	0.079513
	0.078980
	0.076384
	0.073624
	0.076874
	0.082314
	0.088158
	0.089315
	0.090703
	0.085345
	0.085732
	0.082952
	0.085231
	0.083976
	0.081863
	0.068941
	0.058940
	0.051515
	0.046155
	0.047869
	0.046948
	0.041413
	0.043747
	0.044617
	0.045869
	0.051341
	0.055130
	0.060512
	0.062602
	0.062006
	0.057574
	0.058185
	0.060124
	0.065354
	0.067489
	0.061470
	0.065460
	0.070400
	0.071847
	0.071120
	0.066868
	0.066345
	0.065878
	0.063266
	0.064315
	0.065014
	0.070591
	0.078422
	0.079718
	0.080435
	0.081639
	0.077397
	0.071087
	0.072458
	0.071063
	0.075645
	0.077706
	0.082691
	0.084135
	0.089687
	0.091780
	0.091366
	0.082510
	0.075629
	0.069018
	0.061640
	0.057420
	0.062317
	0.055907
	0.061309
	0.063861
	0.067383
	0.067840
	0.066075
	0.065361
	0.064097
	0.067724
	0.069627
	0.066115
	0.068359
	0.074845
	0.077190
	0.085870
	0.093757
	0.092899
	0.089524
	0.083698
	0.076549
	0.071153
	0.073017
	0.058341
	0.052476
	0.052602
	0.054312
	0.061252
	0.061169
	0.058341
	0.061564
	0.063455
	0.062980
	0.059323
	0.060220
	0.056709
	0.050221
	0.048351
	0.052858
	0.059845
	0.069899
	0.077033
	0.080810
	0.081113
	0.086339
	0.091080
	0.095957
	0.087560
	0.078637
	0.079760
	0.079437
	0.080926
	0.085942
	0.085239
	0.089595
	0.091570
