	0.146075
	0.185825
	0.204350
	0.204369
	0.198273
	0.188650
	0.181975
	0.177219
	0.169136
	0.163975
	0.155725
	0.148075
	0.140811
	0.136216
	0.128203
	0.115726
	0.100101
	0.091375
	0.087673
	0.082475
	0.069339
	0.066169
	0.063825
	0.064223
	0.062916
	0.067275
	0.070633
	0.070003
	0.070493
	0.076401
	0.086623
	0.091719
	0.094033
	0.102000
	0.108413
	0.114169
	0.114634
	0.118445
	0.119695
	0.117765
	0.113216
	0.107459
	0.102629
	0.087635
	0.081116
	0.083936
	0.078906
	0.074135
	0.070675
	0.061875
	0.062739
	0.067731
	0.069035
	0.071736
	0.072465
	0.076413
	0.075275
	0.078219
	0.071285
	0.065673
	0.049713
	0.045613
	0.046261
	0.052369
	0.057823
	0.061395
	0.067171
	0.068204
	0.068859
	0.069875
	0.069809
	0.077101
	0.076551
	0.083164
	0.086731
	0.088631
	0.089976
	0.097195
	0.103596
	0.111019
	0.110373
	0.112884
	0.106479
	0.099166
	0.097625
	0.098371
	0.101415
	0.097769
	0.093903
	0.097100
	0.101789
	0.107403
	0.107619
	0.108816
	0.110313
	0.105866
	0.105261
	0.105329
	0.096771
	0.085069
	0.078503
	0.077034
	0.076284
	0.084315
	0.090031
	0.089651
	0.087849
	0.085113
	0.083719
	0.088400
	0.083436
	0.084549
	0.082169
	0.079506
	0.076183
	0.069273
	0.063009
	0.061383
	0.059364
	0.053973
	0.052069
	0.053314
	0.060275
	0.067456
	0.072084
	0.076205
	0.079099
	0.085899
	0.088299
	0.093115
	0.094296
	0.082439
	0.071403
	0.071673
	0.061119
	0.062669
	0.067575
	0.073794
	0.076919
	0.077600
	0.079975
	0.084151
	0.081051
	0.079893
	0.072271
	0.072521
	0.074566
	0.072950
	0.069811
	0.068500
	0.065716
	0.066175
	0.068305
	0.076463
	0.080385
	0.088519
	0.091561
	0.093659
	0.093226
	0.094925
	0.097015
	0.104625
	0.107934
	0.109285
	0.108556
	0.102909
	0.089273
	0.066219
	0.059933
	0.064883
	0.070826
	0.072693
	0.073003
	0.071659
	0.068775
	0.071354
	0.071250
	0.069431
	0.067219
	0.064795
	0.068401
	0.078295
	0.090000
	0.096463
	0.106589
	0.101561
	0.094646
	0.084126
	0.072319
	0.067550
	0.065835
	0.062636
	0.061815
	0.067575
	0.073545
	0.076435
	0.080184
	0.085585
	0.090950
	0.088565
