	0.152225
	0.189531
	0.204261
	0.203936
	0.196384
	0.181658
	0.162376
	0.147420
	0.136267
	0.122856
	0.108247
	0.101753
	0.087132
	0.080160
	0.076425
	0.077170
	0.079028
	0.084486
	0.086968
	0.090497
	0.093569
	0.096268
	0.092505
	0.091857
	0.091500
	0.088476
	0.087990
	0.086272
	0.079914
	0.081589
	0.084333
	0.086937
	0.088666
	0.091220
	0.093022
	0.096400
	0.100779
	0.102570
	0.104577
	0.105653
	0.104726
	0.103887
	0.104020
	0.105728
	0.107853
	0.108402
	0.113619
	0.110520
	0.112064
	0.106333
	0.098543
	0.090008
	0.088068
	0.085323
	0.086630
	0.081023
	0.078920
	0.069254
	0.065479
	0.064597
	0.065250
	0.066140
	0.064866
	0.064526
	0.065738
	0.068901
	0.071108
	0.076661
	0.077663
	0.078516
	0.083323
	0.088766
	0.097332
	0.103270
	0.104205
	0.104467
	0.100800
	0.090615
	0.082017
	0.071373
	0.065341
	0.059406
	0.055868
	0.062656
	0.065568
	0.063531
	0.058464
	0.064142
	0.065507
	0.068795
	0.071220
	0.070204
	0.071642
	0.071401
	0.074956
	0.076559
	0.077623
	0.076693
	0.079581
	0.081534
	0.085373
	0.091917
	0.097391
	0.099183
	0.095465
	0.096318
	0.094381
	0.094785
	0.094954
	0.094895
	0.094741
	0.098273
	0.095353
	0.092600
	0.087933
	0.081689
	0.076923
	0.074940
	0.078189
	0.070948
	0.074188
	0.073309
	0.072928
	0.067993
	0.067267
	0.067687
	0.071551
	0.070205
	0.073209
	0.075513
	0.082425
	0.088484
	0.090373
	0.091924
	0.095166
	0.094645
	0.092037
	0.095404
	0.095057
	0.087398
	0.078282
	0.068477
	0.065612
	0.057063
	0.055506
	0.051124
	0.050625
	0.055173
	0.060229
	0.061775
	0.062999
	0.062843
	0.061602
	0.058714
	0.065530
	0.064923
	0.066808
	0.068867
	0.073317
	0.079191
	0.087642
	0.092314
	0.089687
	0.088201
	0.088820
	0.091011
	0.086943
	0.079272
	0.074420
	0.072135
	0.074811
	0.077757
	0.077206
	0.072950
	0.067407
	0.061638
	0.061803
	0.066873
	0.070411
	0.071272
	0.077973
	0.081770
	0.081602
	0.084151
	0.094088
	0.099989
	0.106915
	0.111516
	0.110537
	0.100516
	0.089133
	0.086453
	0.085426
	0.082039
	0.083508
	0.084925
	0.086608
	0.080089
	0.076182
	0.074720
