	0.150764
	0.187761
	0.203044
	0.202004
	0.191375
	0.179725
	0.171013
	0.162771
	0.156715
	0.149625
	0.146211
	0.145411
	0.138586
	0.133223
	0.125783
	0.125503
	0.122365
	0.119623
	0.121500
	0.122554
	0.121125
	0.111900
	0.098083
	0.084169
	0.075243
	0.067185
	0.065219
	0.062169
	0.052175
	0.057031
	0.062024
	0.063875
	0.066569
	0.069881
	0.077419
	0.087300
	0.087219
	0.089919
	0.087045
	0.088541
	0.085351
	0.078305
	0.067319
	0.063213
	0.060169
	0.067354
	0.071776
	0.069343
	0.067033
	0.065933
	0.066275
	0.063443
	0.059614
	0.055999
	0.058255
	0.057775
	0.058203
	0.061354
	0.069109
	0.075515
	0.085305
	0.095474
	0.098419
	0.100769
	0.097344
	0.097536
	0.088463
	0.088361
	0.080469
	0.076269
	0.073103
	0.073766
	0.072421
	0.075125
	0.075209
	0.069065
	0.060775
	0.067454
	0.068181
	0.071031
	0.067969
	0.055015
	0.048713
	0.045473
	0.048993
	0.053223
	0.057416
	0.056639
	0.055269
	0.057794
	0.061071
	0.063403
	0.062285
	0.067439
	0.074923
	0.074826
	0.067384
	0.066219
	0.065791
	0.060419
	0.059593
	0.055136
	0.056750
	0.054919
	0.060674
	0.060371
	0.065223
	0.070571
	0.074225
	0.078600
	0.082519
	0.084381
	0.080419
	0.083754
	0.084103
	0.088919
	0.083825
	0.076703
	0.081496
	0.078993
	0.077271
	0.077309
	0.081363
	0.076775
	0.067756
	0.064244
	0.057281
	0.059971
	0.062111
	0.067019
	0.069603
	0.074885
	0.078243
	0.078455
	0.069144
	0.064219
	0.060669
	0.058075
	0.061679
	0.062904
	0.064750
	0.068725
	0.064761
	0.061450
	0.063053
	0.065916
	0.063069
	0.067126
	0.069965
	0.072831
	0.075165
	0.075219
	0.075903
	0.079273
	0.076873
	0.073469
	0.077713
	0.074943
	0.076769
	0.073721
	0.064953
	0.063755
	0.059423
	0.052169
	0.042309
	0.038100
	0.035575
	0.038643
	0.043605
	0.045383
	0.048236
	0.049250
	0.053064
	0.056534
	0.060033
	0.065959
	0.072839
	0.079319
	0.088219
	0.096995
	0.098131
	0.096493
	0.090369
	0.089603
	0.088686
	0.089085
	0.092275
	0.093725
	0.093024
	0.087536
	0.090135
	0.091519
	0.094045
	0.099425
	0.100366
	0.100709
	0.104800
	0.107613
	0.103755
	0.102650
