	0.146075
	0.185175
	0.198811
	0.203413
	0.197691
	0.187681
	0.176619
	0.164686
	0.151236
	0.141853
	0.138409
	0.130885
	0.119869
	0.106093
	0.095463
	0.089485
	0.081276
	0.079543
	0.081825
	0.084363
	0.079069
	0.079043
	0.081556
	0.079209
	0.075475
	0.069669
	0.062996
	0.064391
	0.065269
	0.064309
	0.064669
	0.065873
	0.064423
	0.060703
	0.058669
	0.060203
	0.062219
	0.061026
	0.063521
	0.069413
	0.074023
	0.069419
	0.066113
	0.059596
	0.059235
	0.058503
	0.055905
	0.059625
	0.058433
	0.053914
	0.052595
	0.059004
	0.066616
	0.072304
	0.078225
	0.081750
	0.083275
	0.088856
	0.093500
	0.090023
	0.082269
	0.082775
	0.088105
	0.090621
	0.091716
	0.094254
	0.100575
	0.104264
	0.107275
	0.115649
	0.115500
	0.109475
	0.101950
	0.091114
	0.084785
	0.068974
	0.060559
	0.063719
	0.066976
	0.071183
	0.074019
	0.081323
	0.083746
	0.082669
	0.083084
	0.080663
	0.080850
	0.079301
	0.072725
	0.072883
	0.066296
	0.068163
	0.078073
	0.087625
	0.096225
	0.097093
	0.094299
	0.087625
	0.077754
	0.072064
	0.071700
	0.063069
	0.064333
	0.064885
	0.071526
	0.077019
	0.081523
	0.085275
	0.086569
	0.088483
	0.093469
	0.098169
	0.098069
	0.104225
	0.105706
	0.101969
	0.097061
	0.092000
	0.081965
	0.084255
	0.083006
	0.087450
	0.084854
	0.078316
	0.072366
	0.073985
	0.071135
	0.072904
	0.074995
	0.078349
	0.081191
	0.081686
	0.073903
	0.071115
	0.077163
	0.076973
	0.077595
	0.075383
	0.063985
	0.064979
	0.069711
	0.070616
	0.069300
	0.070266
	0.079051
	0.086635
	0.095955
	0.104251
	0.113146
	0.118449
	0.124346
	0.126983
	0.127865
	0.129503
	0.124135
	0.118044
	0.106423
	0.090000
	0.079684
	0.072625
	0.070996
	0.073345
	0.081233
	0.080011
	0.081633
	0.091371
	0.095019
	0.097544
	0.093201
	0.092745
	0.086475
	0.090509
	0.088125
	0.095769
	0.107700
	0.109935
	0.110061
	0.097506
	0.086569
	0.076165
	0.068683
	0.060464
	0.053919
	0.055329
	0.060845
	0.067313
	0.074665
	0.072869
	0.076456
	0.079725
	0.078400
	0.076853
	0.078189
	0.082519
	0.074319
	0.072635
	0.069715
	0.067736
	0.060745
	0.057575
