	0.150764
	0.187119
	0.201601
	0.201783
	0.196119
	0.186300
	0.168913
	0.156076
	0.145559
	0.135331
	0.125600
	0.117319
	0.117053
	0.112750
	0.106509
	0.092606
	0.085279
	0.084925
	0.081025
	0.082723
	0.083825
	0.082096
	0.079655
	0.077553
	0.081101
	0.083136
	0.086914
	0.083485
	0.084805
	0.084739
	0.085545
	0.090000
	0.082033
	0.085219
	0.083669
	0.078309
	0.066906
	0.066144
	0.056699
	0.059145
	0.058986
	0.057556
	0.062819
	0.067669
	0.074295
	0.073019
	0.073675
	0.074026
	0.073055
	0.069119
	0.066615
	0.072296
	0.076191
	0.085516
	0.088789
	0.084663
	0.090119
	0.092719
	0.092979
	0.092509
	0.093325
	0.098915
	0.101799
	0.103619
	0.103646
	0.107186
	0.110715
	0.108723
	0.111724
	0.108200
	0.103183
	0.100795
	0.096519
	0.098871
	0.097373
	0.094650
	0.095074
	0.093823
	0.098269
	0.105085
	0.106793
	0.109500
	0.112664
	0.118650
	0.122150
	0.123095
	0.119755
	0.112225
	0.104835
	0.098341
	0.096655
	0.099189
	0.104481
	0.107319
	0.099205
	0.094616
	0.093124
	0.085419
	0.084646
	0.083584
	0.082379
	0.081319
	0.082806
	0.086899
	0.089135
	0.090819
	0.092353
	0.088519
	0.088919
	0.088369
	0.093761
	0.091294
	0.096451
	0.101784
	0.109219
	0.109556
	0.107669
	0.108965
	0.111981
	0.111203
	0.112503
	0.105194
	0.097931
	0.086403
	0.087549
	0.087149
	0.090273
	0.090169
	0.080015
	0.074769
	0.074261
	0.063500
	0.066169
	0.066959
	0.067015
	0.075263
	0.079250
	0.084421
	0.090769
	0.091485
	0.088163
	0.088905
	0.085284
	0.090806
	0.094600
	0.091553
	0.089175
	0.092845
	0.101195
	0.105704
	0.107324
	0.108445
	0.106715
	0.102119
	0.093883
	0.084456
	0.075733
	0.073875
	0.077393
	0.077475
	0.078665
	0.075875
	0.071355
	0.075576
	0.087063
	0.082764
	0.083781
	0.083769
	0.091025
	0.094525
	0.096353
	0.100113
	0.103975
	0.104369
	0.103404
	0.103450
	0.094703
	0.085619
	0.080619
	0.071874
	0.069323
	0.076273
	0.071919
	0.068969
	0.070223
	0.070200
	0.071643
	0.070494
	0.073219
	0.072775
	0.074025
	0.073569
	0.078385
	0.077833
	0.080045
	0.080313
	0.080923
	0.072469
	0.073779
	0.071683
