	0.127914
	0.174969
	0.199844
	0.203969
	0.200771
	0.191686
	0.185775
	0.181415
	0.173874
	0.165714
	0.156969
	0.152409
	0.144291
	0.136874
	0.132654
	0.124664
	0.118484
	0.108800
	0.103983
	0.100713
	0.096213
	0.088059
	0.069700
	0.066196
	0.061919
	0.052685
	0.046475
	0.043825
	0.045163
	0.047044
	0.051045
	0.052803
	0.056634
	0.055201
	0.058613
	0.057769
	0.056181
	0.048721
	0.045125
	0.050565
	0.054769
	0.050519
	0.053900
	0.055650
	0.064055
	0.067535
	0.071975
	0.079986
	0.080979
	0.078469
	0.074695
	0.077569
	0.081596
	0.083255
	0.079079
	0.071173
	0.063025
	0.066450
	0.065785
	0.065150
	0.060169
	0.063725
	0.067973
	0.077285
	0.079915
	0.083469
	0.087586
	0.085956
	0.086000
	0.081513
	0.089336
	0.088255
	0.084565
	0.080055
	0.070736
	0.070053
	0.064079
	0.059029
	0.062793
	0.070921
	0.069605
	0.068555
	0.067526
	0.069293
	0.074619
	0.074406
	0.077119
	0.071683
	0.068774
	0.069723
	0.066015
	0.066550
	0.071194
	0.070965
	0.069803
	0.072393
	0.074919
	0.075319
	0.075515
	0.068521
	0.067209
	0.069545
	0.069273
	0.068265
	0.065419
	0.060695
	0.056655
	0.054865
	0.045113
	0.042716
	0.044221
	0.044883
	0.050943
	0.059903
	0.062003
	0.061419
	0.059554
	0.054835
	0.052551
	0.055185
	0.060389
	0.059143
	0.060769
	0.050593
	0.047345
	0.044666
	0.045903
	0.051363
	0.058465
	0.064909
	0.068605
	0.070976
	0.070993
	0.062269
	0.057519
	0.061329
	0.062835
	0.060086
	0.059113
	0.055119
	0.056446
	0.062181
	0.060893
	0.059435
	0.067071
	0.072735
	0.078464
	0.082919
	0.084193
	0.078325
	0.074016
	0.063019
	0.061175
	0.064924
	0.072936
	0.073801
	0.067831
	0.067919
	0.070819
	0.073375
	0.079993
	0.088663
	0.091983
	0.092181
	0.088255
	0.085606
	0.083811
	0.080589
	0.079803
	0.069391
	0.060229
	0.066585
	0.064319
	0.066111
	0.070089
	0.072395
	0.077935
	0.080519
	0.070473
	0.061119
	0.057413
	0.061000
	0.066764
	0.069173
	0.077956
	0.083176
	0.093109
	0.099619
	0.098259
	0.104721
	0.111139
	0.105885
	0.088894
	0.085745
	0.081524
	0.084365
	0.083485
	0.082219
	0.080504
	0.082165
