	0.152225
	0.183103
	0.201601
	0.204825
	0.195965
	0.184475
	0.173964
	0.163924
	0.152883
	0.141324
	0.133669
	0.118066
	0.097550
	0.079875
	0.063436
	0.057643
	0.057104
	0.060189
	0.066000
	0.072333
	0.080719
	0.087234
	0.090193
	0.087314
	0.084823
	0.082019
	0.075681
	0.075064
	0.077573
	0.087139
	0.096839
	0.095575
	0.101384
	0.108513
	0.117019
	0.116964
	0.119686
	0.121564
	0.122164
	0.116835
	0.109119
	0.105274
	0.101595
	0.093575
	0.095019
	0.097676
	0.102124
	0.103713
	0.107553
	0.109219
	0.101446
	0.094995
	0.084683
	0.080405
	0.081783
	0.087643
	0.093400
	0.093050
	0.100015
	0.105589
	0.113400
	0.117133
	0.113396
	0.110629
	0.111229
	0.108615
	0.109915
	0.107963
	0.102089
	0.089549
	0.081325
	0.072244
	0.072193
	0.069431
	0.069833
	0.072396
	0.073469
	0.080219
	0.085186
	0.089803
	0.091286
	0.093675
	0.087635
	0.077674
	0.065919
	0.057819
	0.062425
	0.064096
	0.072325
	0.068751
	0.065825
	0.056141
	0.050541
	0.050915
	0.055816
	0.060100
	0.066381
	0.070736
	0.073225
	0.072099
	0.075599
	0.084793
	0.093271
	0.090579
	0.086519
	0.084200
	0.087453
	0.095075
	0.098600
	0.098925
	0.097894
	0.095369
	0.097129
	0.090641
	0.087185
	0.085756
	0.080983
	0.069743
	0.067656
	0.069604
	0.064753
	0.066050
	0.066275
	0.065371
	0.066915
	0.061973
	0.063415
	0.060485
	0.060925
	0.067975
	0.074369
	0.083743
	0.085863
	0.087155
	0.090363
	0.086263
	0.073604
	0.076300
	0.071814
	0.072629
	0.065716
	0.066661
	0.067966
	0.069875
	0.073656
	0.073253
	0.075969
	0.075093
	0.070809
	0.070409
	0.074039
	0.073476
	0.072833
	0.066583
	0.060495
	0.057396
	0.055499
	0.060965
	0.065339
	0.067926
	0.071275
	0.071319
	0.076073
	0.073466
	0.069615
	0.066935
	0.066176
	0.065189
	0.065609
	0.069305
	0.069455
	0.067609
	0.062953
	0.060169
	0.064971
	0.059265
	0.060419
	0.058953
	0.058414
	0.052405
	0.055485
	0.054150
	0.057069
	0.057493
	0.053635
	0.057145
	0.060773
	0.064419
	0.072475
	0.076985
	0.079719
	0.078181
	0.080503
	0.080201
	0.084664
	0.087065
	0.088600
	0.087950
	0.082561
	0.072113
