	0.146075
	0.181935
	0.199073
	0.203776
	0.200925
	0.192875
	0.187636
	0.186256
	0.178414
	0.172885
	0.163693
	0.150450
	0.135400
	0.129435
	0.123533
	0.120375
	0.115769
	0.110784
	0.102749
	0.096586
	0.092454
	0.093455
	0.097473
	0.098636
	0.101095
	0.100145
	0.092445
	0.087363
	0.084819
	0.085325
	0.081591
	0.079199
	0.073219
	0.073163
	0.066350
	0.063911
	0.065244
	0.067654
	0.074225
	0.085189
	0.093923
	0.097845
	0.101533
	0.106423
	0.109041
	0.111081
	0.113206
	0.111425
	0.104851
	0.100834
	0.091769
	0.078823
	0.062395
	0.053050
	0.058869
	0.064729
	0.058175
	0.060234
	0.063169
	0.069085
	0.076321
	0.076375
	0.081781
	0.083775
	0.085241
	0.088223
	0.085946
	0.089223
	0.086243
	0.086915
	0.083223
	0.073215
	0.069285
	0.073525
	0.060679
	0.060561
	0.058800
	0.065376
	0.069615
	0.070111
	0.071833
	0.067473
	0.064374
	0.057169
	0.060355
	0.063816
	0.064109
	0.062371
	0.059545
	0.064273
	0.061059
	0.059889
	0.063833
	0.068986
	0.070886
	0.073791
	0.075641
	0.074696
	0.082405
	0.088174
	0.091623
	0.083000
	0.082736
	0.077519
	0.077073
	0.078275
	0.084943
	0.089483
	0.094016
	0.094289
	0.095194
	0.092075
	0.090319
	0.089219
	0.085979
	0.087675
	0.090054
	0.088793
	0.087269
	0.087076
	0.076175
	0.074079
	0.070269
	0.068635
	0.062814
	0.063529
	0.059341
	0.057355
	0.061254
	0.065663
	0.068745
	0.076785
	0.075829
	0.079300
	0.078943
	0.078739
	0.078421
	0.079725
	0.076526
	0.077089
	0.067395
	0.064369
	0.066453
	0.067621
	0.065716
	0.062105
	0.067095
	0.072153
	0.074439
	0.077285
	0.077664
	0.076919
	0.076200
	0.080675
	0.091193
	0.102219
	0.105481
	0.106155
	0.103555
	0.096056
	0.094331
	0.096415
	0.101626
	0.108154
	0.112999
	0.119919
	0.122605
	0.117565
	0.110559
	0.105703
	0.097945
	0.090594
	0.080375
	0.078253
	0.078979
	0.072195
	0.062469
	0.064125
	0.069425
	0.075385
	0.082419
	0.077305
	0.072573
	0.070945
	0.069725
	0.070171
	0.067616
	0.053913
	0.059336
	0.067333
	0.067753
	0.066150
	0.065815
	0.066504
	0.066275
	0.064483
	0.057913
	0.060795
	0.060756
	0.061094
