	0.152225
	0.190025
	0.203145
	0.205835
	0.198558
	0.185095
	0.173398
	0.164589
	0.156834
	0.150526
	0.148223
	0.142990
	0.139022
	0.135947
	0.133383
	0.131538
	0.128330
	0.129075
	0.128101
	0.118743
	0.116691
	0.113097
	0.109494
	0.104320
	0.095239
	0.089898
	0.079405
	0.072625
	0.073214
	0.067488
	0.065946
	0.070239
	0.072023
	0.076855
	0.074921
	0.077008
	0.081738
	0.088320
	0.094186
	0.098412
	0.100314
	0.101793
	0.100319
	0.091289
	0.088938
	0.089289
	0.091023
	0.094512
	0.086544
	0.075595
	0.058449
	0.045816
	0.046821
	0.048995
	0.050599
	0.051677
	0.050848
	0.047938
	0.045788
	0.044898
	0.045205
	0.050792
	0.053521
	0.058622
	0.056602
	0.055286
	0.057227
	0.056825
	0.052857
	0.051807
	0.053959
	0.054002
	0.054544
	0.058428
	0.062295
	0.067053
	0.074097
	0.081601
	0.082841
	0.088041
	0.095509
	0.094757
	0.093909
	0.094062
	0.092809
	0.095587
	0.094084
	0.094477
	0.091478
	0.084905
	0.071388
	0.063017
	0.064234
	0.067049
	0.067795
	0.072180
	0.072544
	0.074776
	0.079442
	0.077548
	0.081576
	0.082268
	0.083137
	0.085241
	0.093740
	0.100167
	0.106889
	0.108683
	0.110229
	0.114412
	0.116932
	0.119808
	0.120757
	0.118088
	0.116157
	0.117549
	0.114391
	0.113347
	0.105438
	0.094942
	0.086034
	0.082337
	0.072520
	0.061523
	0.061663
	0.063295
	0.066288
	0.071030
	0.075478
	0.077442
	0.073345
	0.070214
	0.062543
	0.065208
	0.069058
	0.069622
	0.063231
	0.060285
	0.056995
	0.055094
	0.048880
	0.049145
	0.041777
	0.047764
	0.053317
	0.060077
	0.062601
	0.070807
	0.078444
	0.089355
	0.093057
	0.089629
	0.086282
	0.084314
	0.087304
	0.086642
	0.091637
	0.085677
	0.077456
	0.066972
	0.056289
	0.052601
	0.051937
	0.057032
	0.063936
	0.065730
	0.073239
	0.076000
	0.079202
	0.086242
	0.095795
	0.104126
	0.104351
	0.100648
	0.093916
	0.082310
	0.065697
	0.052077
	0.059112
	0.060036
	0.062683
	0.068177
	0.064432
	0.061630
	0.057821
	0.058975
	0.055498
	0.057860
	0.058670
	0.060009
	0.056409
	0.056974
	0.054755
	0.055218
	0.063072
	0.070092
	0.076581
	0.082231
	0.087766
	0.093298
