	0.152225
	0.189385
	0.201601
	0.204100
	0.199875
	0.194100
	0.184069
	0.172609
	0.162086
	0.153901
	0.143021
	0.130569
	0.120979
	0.108809
	0.096763
	0.085979
	0.077695
	0.071009
	0.077169
	0.076253
	0.073289
	0.071226
	0.081284
	0.087111
	0.094133
	0.092753
	0.094275
	0.093300
	0.083474
	0.081254
	0.077045
	0.070093
	0.063529
	0.066125
	0.065595
	0.070006
	0.068203
	0.064053
	0.062106
	0.062706
	0.067509
	0.073769
	0.075819
	0.071106
	0.072554
	0.062265
	0.059093
	0.056850
	0.062119
	0.063794
	0.067995
	0.072223
	0.067506
	0.069093
	0.069475
	0.069083
	0.062425
	0.062019
	0.059883
	0.062326
	0.059514
	0.059984
	0.058669
	0.058893
	0.056219
	0.055384
	0.054006
	0.057855
	0.060889
	0.062453
	0.062115
	0.063501
	0.058796
	0.052455
	0.053275
	0.057086
	0.061919
	0.061169
	0.064423
	0.071365
	0.078073
	0.084615
	0.087493
	0.089944
	0.086741
	0.078356
	0.070845
	0.069344
	0.072325
	0.077985
	0.075703
	0.066063
	0.067739
	0.063853
	0.067100
	0.069755
	0.076223
	0.083769
	0.087200
	0.090813
	0.084969
	0.086475
	0.083114
	0.080504
	0.077806
	0.064526
	0.065973
	0.073775
	0.078256
	0.081069
	0.071561
	0.063469
	0.064543
	0.061365
	0.062053
	0.063165
	0.064815
	0.066165
	0.068669
	0.065285
	0.068073
	0.077429
	0.086499
	0.085401
	0.080361
	0.079635
	0.083129
	0.086869
	0.093123
	0.099564
	0.104025
	0.103333
	0.102883
	0.091949
	0.085701
	0.083849
	0.082450
	0.081049
	0.082905
	0.087281
	0.088961
	0.083506
	0.082983
	0.087065
	0.090856
	0.093743
	0.095885
	0.091034
	0.081850
	0.072125
	0.067501
	0.073566
	0.073619
	0.071045
	0.074873
	0.074821
	0.074369
	0.070869
	0.062263
	0.055275
	0.058585
	0.053441
	0.051375
	0.049523
	0.057819
	0.064283
	0.069263
	0.072605
	0.074995
	0.074953
	0.071483
	0.072895
	0.075081
	0.074000
	0.072319
	0.065521
	0.063700
	0.068466
	0.071601
	0.070505
	0.070314
	0.077099
	0.077505
	0.082269
	0.090184
	0.095501
	0.074876
	0.065465
	0.059001
	0.056586
	0.059856
	0.057714
	0.063300
	0.064069
	0.063909
	0.061669
	0.060150
	0.064183
	0.063245
	0.060035
