	0.152225
	0.190025
	0.205079
	0.205074
	0.198026
	0.186199
	0.179333
	0.169633
	0.157843
	0.143650
	0.135659
	0.128325
	0.120555
	0.109350
	0.101294
	0.094775
	0.094645
	0.096869
	0.100394
	0.102925
	0.097753
	0.093681
	0.090519
	0.086419
	0.084135
	0.078761
	0.081875
	0.086719
	0.084355
	0.082375
	0.079469
	0.077876
	0.071553
	0.073674
	0.076050
	0.075019
	0.072669
	0.069274
	0.061136
	0.055799
	0.060219
	0.058815
	0.063489
	0.067195
	0.075273
	0.083254
	0.087303
	0.088239
	0.087945
	0.094905
	0.094725
	0.090113
	0.080894
	0.080685
	0.078204
	0.080735
	0.071500
	0.075584
	0.076769
	0.076963
	0.079699
	0.070935
	0.073845
	0.077355
	0.079319
	0.081804
	0.081283
	0.078669
	0.074124
	0.074089
	0.076594
	0.077456
	0.081545
	0.088044
	0.091069
	0.096931
	0.100481
	0.105814
	0.109499
	0.112864
	0.120775
	0.126325
	0.121685
	0.123191
	0.122919
	0.121575
	0.115575
	0.104535
	0.095096
	0.084706
	0.084319
	0.082453
	0.080154
	0.085541
	0.089550
	0.098656
	0.094619
	0.082859
	0.072100
	0.067855
	0.071323
	0.066879
	0.064250
	0.059969
	0.052186
	0.055123
	0.058741
	0.063304
	0.067103
	0.073175
	0.072413
	0.072839
	0.070995
	0.074925
	0.080985
	0.085569
	0.082174
	0.073055
	0.065363
	0.058665
	0.058083
	0.058850
	0.066094
	0.072066
	0.075769
	0.078291
	0.076219
	0.074343
	0.072019
	0.070189
	0.077623
	0.075509
	0.073205
	0.069639
	0.070975
	0.067294
	0.061069
	0.057269
	0.055869
	0.057800
	0.064959
	0.066000
	0.069875
	0.077525
	0.084269
	0.083595
	0.072023
	0.069161
	0.065269
	0.058945
	0.057284
	0.059986
	0.061865
	0.058800
	0.057869
	0.058765
	0.064983
	0.075146
	0.075713
	0.078146
	0.074441
	0.078951
	0.087533
	0.097375
	0.102174
	0.108425
	0.113343
	0.115555
	0.114664
	0.118119
	0.115585
	0.111569
	0.106533
	0.096369
	0.088344
	0.085654
	0.083793
	0.086479
	0.086895
	0.085269
	0.082616
	0.081071
	0.076515
	0.061413
	0.060445
	0.065363
	0.067755
	0.069069
	0.074033
	0.072853
	0.078825
	0.085091
	0.083819
	0.084985
	0.082103
	0.084029
	0.084085
	0.078121
	0.070964
	0.074569
