	0.141224
	0.183103
	0.199003
	0.202763
	0.197379
	0.186371
	0.175025
	0.171751
	0.167299
	0.163715
	0.159303
	0.147550
	0.136985
	0.118800
	0.099675
	0.088050
	0.084329
	0.083236
	0.083151
	0.088400
	0.091979
	0.096035
	0.094836
	0.093575
	0.091575
	0.091049
	0.086746
	0.076945
	0.073553
	0.076275
	0.074525
	0.074455
	0.075514
	0.078850
	0.081843
	0.093025
	0.100919
	0.108373
	0.112923
	0.113355
	0.107169
	0.098593
	0.090800
	0.086669
	0.079423
	0.077573
	0.068533
	0.065619
	0.058969
	0.054669
	0.055625
	0.059443
	0.065325
	0.071711
	0.073969
	0.074261
	0.077093
	0.071521
	0.062055
	0.055215
	0.051669
	0.054303
	0.058135
	0.063081
	0.064251
	0.057975
	0.055343
	0.048625
	0.049124
	0.051575
	0.052245
	0.055014
	0.059271
	0.067769
	0.074475
	0.082915
	0.091911
	0.099495
	0.100575
	0.099106
	0.094345
	0.085365
	0.078624
	0.070565
	0.064501
	0.060769
	0.057569
	0.051606
	0.052481
	0.049205
	0.049669
	0.050131
	0.052863
	0.055195
	0.056296
	0.050669
	0.053925
	0.057275
	0.055383
	0.055036
	0.050969
	0.051519
	0.054896
	0.054595
	0.051893
	0.054485
	0.057269
	0.059764
	0.063275
	0.062554
	0.066959
	0.067913
	0.068533
	0.068139
	0.072745
	0.075214
	0.081033
	0.082745
	0.087745
	0.091369
	0.096650
	0.102275
	0.108439
	0.108524
	0.102953
	0.098495
	0.101301
	0.099483
	0.097613
	0.090100
	0.078616
	0.072159
	0.064453
	0.053036
	0.055865
	0.064575
	0.069119
	0.074486
	0.073004
	0.078913
	0.080269
	0.078631
	0.081523
	0.083025
	0.086065
	0.083625
	0.085344
	0.082325
	0.084084
	0.091925
	0.091069
	0.085675
	0.076985
	0.071843
	0.063736
	0.069809
	0.073063
	0.071803
	0.064986
	0.065665
	0.070125
	0.074343
	0.079365
	0.084429
	0.079624
	0.080075
	0.080609
	0.082025
	0.078125
	0.074925
	0.076213
	0.069615
	0.065823
	0.065134
	0.061813
	0.053719
	0.046565
	0.045725
	0.047493
	0.047993
	0.053563
	0.060033
	0.064655
	0.061115
	0.063143
	0.066776
	0.067335
	0.065979
	0.060405
	0.062391
	0.062083
	0.060850
	0.056469
	0.052543
	0.056075
	0.058099
	0.058405
	0.060375
	0.056619
	0.057064
